[2026-04-08T12:37:49.543+0530] {processor.py:186} INFO - Started process (PID=12773) to work on /Users/navalyemul/Documents/uptime/airflow_venv/lib/python3.12/site-packages/airflow/example_dags/plugins/event_listener.py
[2026-04-08T12:37:49.545+0530] {processor.py:914} INFO - Processing file /Users/navalyemul/Documents/uptime/airflow_venv/lib/python3.12/site-packages/airflow/example_dags/plugins/event_listener.py for tasks to queue
[2026-04-08T12:37:49.547+0530] {logging_mixin.py:190} INFO - [2026-04-08T12:37:49.546+0530] {dagbag.py:588} INFO - Filling up the DagBag from /Users/navalyemul/Documents/uptime/airflow_venv/lib/python3.12/site-packages/airflow/example_dags/plugins/event_listener.py
[2026-04-08T12:37:49.548+0530] {processor.py:927} WARNING - No viable dags retrieved from /Users/navalyemul/Documents/uptime/airflow_venv/lib/python3.12/site-packages/airflow/example_dags/plugins/event_listener.py
[2026-04-08T12:37:49.660+0530] {processor.py:208} INFO - Processing /Users/navalyemul/Documents/uptime/airflow_venv/lib/python3.12/site-packages/airflow/example_dags/plugins/event_listener.py took 0.122 seconds
[2026-04-08T12:40:37.990+0530] {processor.py:186} INFO - Started process (PID=13777) to work on /Users/navalyemul/Documents/uptime/airflow_venv/lib/python3.12/site-packages/airflow/example_dags/plugins/event_listener.py
[2026-04-08T12:40:37.991+0530] {processor.py:914} INFO - Processing file /Users/navalyemul/Documents/uptime/airflow_venv/lib/python3.12/site-packages/airflow/example_dags/plugins/event_listener.py for tasks to queue
[2026-04-08T12:40:37.992+0530] {logging_mixin.py:190} INFO - [2026-04-08T12:40:37.991+0530] {dagbag.py:588} INFO - Filling up the DagBag from /Users/navalyemul/Documents/uptime/airflow_venv/lib/python3.12/site-packages/airflow/example_dags/plugins/event_listener.py
[2026-04-08T12:40:37.993+0530] {processor.py:927} WARNING - No viable dags retrieved from /Users/navalyemul/Documents/uptime/airflow_venv/lib/python3.12/site-packages/airflow/example_dags/plugins/event_listener.py
[2026-04-08T12:40:38.054+0530] {processor.py:208} INFO - Processing /Users/navalyemul/Documents/uptime/airflow_venv/lib/python3.12/site-packages/airflow/example_dags/plugins/event_listener.py took 0.068 seconds
[2026-04-08T12:43:36.509+0530] {processor.py:186} INFO - Started process (PID=15304) to work on /Users/navalyemul/Documents/uptime/airflow_venv/lib/python3.12/site-packages/airflow/example_dags/plugins/event_listener.py
[2026-04-08T12:43:36.513+0530] {processor.py:914} INFO - Processing file /Users/navalyemul/Documents/uptime/airflow_venv/lib/python3.12/site-packages/airflow/example_dags/plugins/event_listener.py for tasks to queue
[2026-04-08T12:43:36.513+0530] {logging_mixin.py:190} INFO - [2026-04-08T12:43:36.513+0530] {dagbag.py:588} INFO - Filling up the DagBag from /Users/navalyemul/Documents/uptime/airflow_venv/lib/python3.12/site-packages/airflow/example_dags/plugins/event_listener.py
[2026-04-08T12:43:36.514+0530] {processor.py:927} WARNING - No viable dags retrieved from /Users/navalyemul/Documents/uptime/airflow_venv/lib/python3.12/site-packages/airflow/example_dags/plugins/event_listener.py
[2026-04-08T12:43:36.570+0530] {processor.py:208} INFO - Processing /Users/navalyemul/Documents/uptime/airflow_venv/lib/python3.12/site-packages/airflow/example_dags/plugins/event_listener.py took 0.066 seconds
[2026-04-08T12:46:17.309+0530] {processor.py:186} INFO - Started process (PID=17002) to work on /Users/navalyemul/Documents/uptime/airflow_venv/lib/python3.12/site-packages/airflow/example_dags/plugins/event_listener.py
[2026-04-08T12:46:17.309+0530] {processor.py:914} INFO - Processing file /Users/navalyemul/Documents/uptime/airflow_venv/lib/python3.12/site-packages/airflow/example_dags/plugins/event_listener.py for tasks to queue
[2026-04-08T12:46:17.310+0530] {logging_mixin.py:190} INFO - [2026-04-08T12:46:17.310+0530] {dagbag.py:588} INFO - Filling up the DagBag from /Users/navalyemul/Documents/uptime/airflow_venv/lib/python3.12/site-packages/airflow/example_dags/plugins/event_listener.py
[2026-04-08T12:46:17.310+0530] {processor.py:927} WARNING - No viable dags retrieved from /Users/navalyemul/Documents/uptime/airflow_venv/lib/python3.12/site-packages/airflow/example_dags/plugins/event_listener.py
[2026-04-08T12:46:17.348+0530] {processor.py:208} INFO - Processing /Users/navalyemul/Documents/uptime/airflow_venv/lib/python3.12/site-packages/airflow/example_dags/plugins/event_listener.py took 0.042 seconds
[2026-04-08T12:48:14.605+0530] {processor.py:186} INFO - Started process (PID=18335) to work on /Users/navalyemul/Documents/uptime/airflow_venv/lib/python3.12/site-packages/airflow/example_dags/plugins/event_listener.py
[2026-04-08T12:48:14.606+0530] {processor.py:914} INFO - Processing file /Users/navalyemul/Documents/uptime/airflow_venv/lib/python3.12/site-packages/airflow/example_dags/plugins/event_listener.py for tasks to queue
[2026-04-08T12:48:14.606+0530] {logging_mixin.py:190} INFO - [2026-04-08T12:48:14.606+0530] {dagbag.py:588} INFO - Filling up the DagBag from /Users/navalyemul/Documents/uptime/airflow_venv/lib/python3.12/site-packages/airflow/example_dags/plugins/event_listener.py
[2026-04-08T12:48:14.607+0530] {processor.py:927} WARNING - No viable dags retrieved from /Users/navalyemul/Documents/uptime/airflow_venv/lib/python3.12/site-packages/airflow/example_dags/plugins/event_listener.py
[2026-04-08T12:48:14.645+0530] {processor.py:208} INFO - Processing /Users/navalyemul/Documents/uptime/airflow_venv/lib/python3.12/site-packages/airflow/example_dags/plugins/event_listener.py took 0.042 seconds
[2026-04-08T12:49:38.032+0530] {processor.py:186} INFO - Started process (PID=19296) to work on /Users/navalyemul/Documents/uptime/airflow_venv/lib/python3.12/site-packages/airflow/example_dags/plugins/event_listener.py
[2026-04-08T12:49:38.033+0530] {processor.py:914} INFO - Processing file /Users/navalyemul/Documents/uptime/airflow_venv/lib/python3.12/site-packages/airflow/example_dags/plugins/event_listener.py for tasks to queue
[2026-04-08T12:49:38.034+0530] {logging_mixin.py:190} INFO - [2026-04-08T12:49:38.033+0530] {dagbag.py:588} INFO - Filling up the DagBag from /Users/navalyemul/Documents/uptime/airflow_venv/lib/python3.12/site-packages/airflow/example_dags/plugins/event_listener.py
[2026-04-08T12:49:38.034+0530] {processor.py:927} WARNING - No viable dags retrieved from /Users/navalyemul/Documents/uptime/airflow_venv/lib/python3.12/site-packages/airflow/example_dags/plugins/event_listener.py
[2026-04-08T12:49:38.071+0530] {processor.py:208} INFO - Processing /Users/navalyemul/Documents/uptime/airflow_venv/lib/python3.12/site-packages/airflow/example_dags/plugins/event_listener.py took 0.040 seconds
[2026-04-08T12:51:09.830+0530] {processor.py:186} INFO - Started process (PID=20296) to work on /Users/navalyemul/Documents/uptime/airflow_venv/lib/python3.12/site-packages/airflow/example_dags/plugins/event_listener.py
[2026-04-08T12:51:09.832+0530] {processor.py:914} INFO - Processing file /Users/navalyemul/Documents/uptime/airflow_venv/lib/python3.12/site-packages/airflow/example_dags/plugins/event_listener.py for tasks to queue
[2026-04-08T12:51:09.834+0530] {logging_mixin.py:190} INFO - [2026-04-08T12:51:09.833+0530] {dagbag.py:588} INFO - Filling up the DagBag from /Users/navalyemul/Documents/uptime/airflow_venv/lib/python3.12/site-packages/airflow/example_dags/plugins/event_listener.py
[2026-04-08T12:51:09.839+0530] {processor.py:927} WARNING - No viable dags retrieved from /Users/navalyemul/Documents/uptime/airflow_venv/lib/python3.12/site-packages/airflow/example_dags/plugins/event_listener.py
[2026-04-08T12:51:09.894+0530] {processor.py:208} INFO - Processing /Users/navalyemul/Documents/uptime/airflow_venv/lib/python3.12/site-packages/airflow/example_dags/plugins/event_listener.py took 0.069 seconds
[2026-04-08T12:52:44.957+0530] {processor.py:186} INFO - Started process (PID=21228) to work on /Users/navalyemul/Documents/uptime/airflow_venv/lib/python3.12/site-packages/airflow/example_dags/plugins/event_listener.py
[2026-04-08T12:52:44.958+0530] {processor.py:914} INFO - Processing file /Users/navalyemul/Documents/uptime/airflow_venv/lib/python3.12/site-packages/airflow/example_dags/plugins/event_listener.py for tasks to queue
[2026-04-08T12:52:44.958+0530] {logging_mixin.py:190} INFO - [2026-04-08T12:52:44.958+0530] {dagbag.py:588} INFO - Filling up the DagBag from /Users/navalyemul/Documents/uptime/airflow_venv/lib/python3.12/site-packages/airflow/example_dags/plugins/event_listener.py
[2026-04-08T12:52:44.959+0530] {processor.py:927} WARNING - No viable dags retrieved from /Users/navalyemul/Documents/uptime/airflow_venv/lib/python3.12/site-packages/airflow/example_dags/plugins/event_listener.py
[2026-04-08T12:52:45.005+0530] {processor.py:208} INFO - Processing /Users/navalyemul/Documents/uptime/airflow_venv/lib/python3.12/site-packages/airflow/example_dags/plugins/event_listener.py took 0.050 seconds
[2026-04-08T12:54:38.695+0530] {processor.py:186} INFO - Started process (PID=22131) to work on /Users/navalyemul/Documents/uptime/airflow_venv/lib/python3.12/site-packages/airflow/example_dags/plugins/event_listener.py
[2026-04-08T12:54:38.697+0530] {processor.py:914} INFO - Processing file /Users/navalyemul/Documents/uptime/airflow_venv/lib/python3.12/site-packages/airflow/example_dags/plugins/event_listener.py for tasks to queue
[2026-04-08T12:54:38.699+0530] {logging_mixin.py:190} INFO - [2026-04-08T12:54:38.699+0530] {dagbag.py:588} INFO - Filling up the DagBag from /Users/navalyemul/Documents/uptime/airflow_venv/lib/python3.12/site-packages/airflow/example_dags/plugins/event_listener.py
[2026-04-08T12:54:38.700+0530] {processor.py:927} WARNING - No viable dags retrieved from /Users/navalyemul/Documents/uptime/airflow_venv/lib/python3.12/site-packages/airflow/example_dags/plugins/event_listener.py
[2026-04-08T12:54:38.742+0530] {processor.py:208} INFO - Processing /Users/navalyemul/Documents/uptime/airflow_venv/lib/python3.12/site-packages/airflow/example_dags/plugins/event_listener.py took 0.050 seconds
[2026-04-08T12:56:19.906+0530] {processor.py:186} INFO - Started process (PID=23070) to work on /Users/navalyemul/Documents/uptime/airflow_venv/lib/python3.12/site-packages/airflow/example_dags/plugins/event_listener.py
[2026-04-08T12:56:19.906+0530] {processor.py:914} INFO - Processing file /Users/navalyemul/Documents/uptime/airflow_venv/lib/python3.12/site-packages/airflow/example_dags/plugins/event_listener.py for tasks to queue
[2026-04-08T12:56:19.907+0530] {logging_mixin.py:190} INFO - [2026-04-08T12:56:19.907+0530] {dagbag.py:588} INFO - Filling up the DagBag from /Users/navalyemul/Documents/uptime/airflow_venv/lib/python3.12/site-packages/airflow/example_dags/plugins/event_listener.py
[2026-04-08T12:56:19.907+0530] {processor.py:927} WARNING - No viable dags retrieved from /Users/navalyemul/Documents/uptime/airflow_venv/lib/python3.12/site-packages/airflow/example_dags/plugins/event_listener.py
[2026-04-08T12:56:19.945+0530] {processor.py:208} INFO - Processing /Users/navalyemul/Documents/uptime/airflow_venv/lib/python3.12/site-packages/airflow/example_dags/plugins/event_listener.py took 0.041 seconds
[2026-04-08T12:57:46.788+0530] {processor.py:186} INFO - Started process (PID=23991) to work on /Users/navalyemul/Documents/uptime/airflow_venv/lib/python3.12/site-packages/airflow/example_dags/plugins/event_listener.py
[2026-04-08T12:57:46.789+0530] {processor.py:914} INFO - Processing file /Users/navalyemul/Documents/uptime/airflow_venv/lib/python3.12/site-packages/airflow/example_dags/plugins/event_listener.py for tasks to queue
[2026-04-08T12:57:46.790+0530] {logging_mixin.py:190} INFO - [2026-04-08T12:57:46.789+0530] {dagbag.py:588} INFO - Filling up the DagBag from /Users/navalyemul/Documents/uptime/airflow_venv/lib/python3.12/site-packages/airflow/example_dags/plugins/event_listener.py
[2026-04-08T12:57:46.790+0530] {processor.py:927} WARNING - No viable dags retrieved from /Users/navalyemul/Documents/uptime/airflow_venv/lib/python3.12/site-packages/airflow/example_dags/plugins/event_listener.py
[2026-04-08T12:57:46.828+0530] {processor.py:208} INFO - Processing /Users/navalyemul/Documents/uptime/airflow_venv/lib/python3.12/site-packages/airflow/example_dags/plugins/event_listener.py took 0.041 seconds
[2026-04-08T12:59:13.138+0530] {processor.py:186} INFO - Started process (PID=24884) to work on /Users/navalyemul/Documents/uptime/airflow_venv/lib/python3.12/site-packages/airflow/example_dags/plugins/event_listener.py
[2026-04-08T12:59:13.139+0530] {processor.py:914} INFO - Processing file /Users/navalyemul/Documents/uptime/airflow_venv/lib/python3.12/site-packages/airflow/example_dags/plugins/event_listener.py for tasks to queue
[2026-04-08T12:59:13.140+0530] {logging_mixin.py:190} INFO - [2026-04-08T12:59:13.140+0530] {dagbag.py:588} INFO - Filling up the DagBag from /Users/navalyemul/Documents/uptime/airflow_venv/lib/python3.12/site-packages/airflow/example_dags/plugins/event_listener.py
[2026-04-08T12:59:13.140+0530] {processor.py:927} WARNING - No viable dags retrieved from /Users/navalyemul/Documents/uptime/airflow_venv/lib/python3.12/site-packages/airflow/example_dags/plugins/event_listener.py
[2026-04-08T12:59:13.177+0530] {processor.py:208} INFO - Processing /Users/navalyemul/Documents/uptime/airflow_venv/lib/python3.12/site-packages/airflow/example_dags/plugins/event_listener.py took 0.040 seconds
[2026-04-08T13:00:33.929+0530] {processor.py:186} INFO - Started process (PID=25820) to work on /Users/navalyemul/Documents/uptime/airflow_venv/lib/python3.12/site-packages/airflow/example_dags/plugins/event_listener.py
[2026-04-08T13:00:33.930+0530] {processor.py:914} INFO - Processing file /Users/navalyemul/Documents/uptime/airflow_venv/lib/python3.12/site-packages/airflow/example_dags/plugins/event_listener.py for tasks to queue
[2026-04-08T13:00:33.930+0530] {logging_mixin.py:190} INFO - [2026-04-08T13:00:33.930+0530] {dagbag.py:588} INFO - Filling up the DagBag from /Users/navalyemul/Documents/uptime/airflow_venv/lib/python3.12/site-packages/airflow/example_dags/plugins/event_listener.py
[2026-04-08T13:00:33.931+0530] {processor.py:927} WARNING - No viable dags retrieved from /Users/navalyemul/Documents/uptime/airflow_venv/lib/python3.12/site-packages/airflow/example_dags/plugins/event_listener.py
[2026-04-08T13:00:33.967+0530] {processor.py:208} INFO - Processing /Users/navalyemul/Documents/uptime/airflow_venv/lib/python3.12/site-packages/airflow/example_dags/plugins/event_listener.py took 0.040 seconds
[2026-04-08T13:01:54.732+0530] {processor.py:186} INFO - Started process (PID=26740) to work on /Users/navalyemul/Documents/uptime/airflow_venv/lib/python3.12/site-packages/airflow/example_dags/plugins/event_listener.py
[2026-04-08T13:01:54.733+0530] {processor.py:914} INFO - Processing file /Users/navalyemul/Documents/uptime/airflow_venv/lib/python3.12/site-packages/airflow/example_dags/plugins/event_listener.py for tasks to queue
[2026-04-08T13:01:54.733+0530] {logging_mixin.py:190} INFO - [2026-04-08T13:01:54.733+0530] {dagbag.py:588} INFO - Filling up the DagBag from /Users/navalyemul/Documents/uptime/airflow_venv/lib/python3.12/site-packages/airflow/example_dags/plugins/event_listener.py
[2026-04-08T13:01:54.734+0530] {processor.py:927} WARNING - No viable dags retrieved from /Users/navalyemul/Documents/uptime/airflow_venv/lib/python3.12/site-packages/airflow/example_dags/plugins/event_listener.py
[2026-04-08T13:01:54.771+0530] {processor.py:208} INFO - Processing /Users/navalyemul/Documents/uptime/airflow_venv/lib/python3.12/site-packages/airflow/example_dags/plugins/event_listener.py took 0.041 seconds
[2026-04-08T13:03:15.386+0530] {processor.py:186} INFO - Started process (PID=27684) to work on /Users/navalyemul/Documents/uptime/airflow_venv/lib/python3.12/site-packages/airflow/example_dags/plugins/event_listener.py
[2026-04-08T13:03:15.387+0530] {processor.py:914} INFO - Processing file /Users/navalyemul/Documents/uptime/airflow_venv/lib/python3.12/site-packages/airflow/example_dags/plugins/event_listener.py for tasks to queue
[2026-04-08T13:03:15.387+0530] {logging_mixin.py:190} INFO - [2026-04-08T13:03:15.387+0530] {dagbag.py:588} INFO - Filling up the DagBag from /Users/navalyemul/Documents/uptime/airflow_venv/lib/python3.12/site-packages/airflow/example_dags/plugins/event_listener.py
[2026-04-08T13:03:15.388+0530] {processor.py:927} WARNING - No viable dags retrieved from /Users/navalyemul/Documents/uptime/airflow_venv/lib/python3.12/site-packages/airflow/example_dags/plugins/event_listener.py
[2026-04-08T13:03:15.423+0530] {processor.py:208} INFO - Processing /Users/navalyemul/Documents/uptime/airflow_venv/lib/python3.12/site-packages/airflow/example_dags/plugins/event_listener.py took 0.039 seconds
[2026-04-08T13:04:42.049+0530] {processor.py:186} INFO - Started process (PID=28718) to work on /Users/navalyemul/Documents/uptime/airflow_venv/lib/python3.12/site-packages/airflow/example_dags/plugins/event_listener.py
[2026-04-08T13:04:42.050+0530] {processor.py:914} INFO - Processing file /Users/navalyemul/Documents/uptime/airflow_venv/lib/python3.12/site-packages/airflow/example_dags/plugins/event_listener.py for tasks to queue
[2026-04-08T13:04:42.051+0530] {logging_mixin.py:190} INFO - [2026-04-08T13:04:42.050+0530] {dagbag.py:588} INFO - Filling up the DagBag from /Users/navalyemul/Documents/uptime/airflow_venv/lib/python3.12/site-packages/airflow/example_dags/plugins/event_listener.py
[2026-04-08T13:04:42.051+0530] {processor.py:927} WARNING - No viable dags retrieved from /Users/navalyemul/Documents/uptime/airflow_venv/lib/python3.12/site-packages/airflow/example_dags/plugins/event_listener.py
[2026-04-08T13:04:42.093+0530] {processor.py:208} INFO - Processing /Users/navalyemul/Documents/uptime/airflow_venv/lib/python3.12/site-packages/airflow/example_dags/plugins/event_listener.py took 0.047 seconds
[2026-04-08T13:06:06.313+0530] {processor.py:186} INFO - Started process (PID=29635) to work on /Users/navalyemul/Documents/uptime/airflow_venv/lib/python3.12/site-packages/airflow/example_dags/plugins/event_listener.py
[2026-04-08T13:06:06.313+0530] {processor.py:914} INFO - Processing file /Users/navalyemul/Documents/uptime/airflow_venv/lib/python3.12/site-packages/airflow/example_dags/plugins/event_listener.py for tasks to queue
[2026-04-08T13:06:06.314+0530] {logging_mixin.py:190} INFO - [2026-04-08T13:06:06.314+0530] {dagbag.py:588} INFO - Filling up the DagBag from /Users/navalyemul/Documents/uptime/airflow_venv/lib/python3.12/site-packages/airflow/example_dags/plugins/event_listener.py
[2026-04-08T13:06:06.315+0530] {processor.py:927} WARNING - No viable dags retrieved from /Users/navalyemul/Documents/uptime/airflow_venv/lib/python3.12/site-packages/airflow/example_dags/plugins/event_listener.py
[2026-04-08T13:06:06.355+0530] {processor.py:208} INFO - Processing /Users/navalyemul/Documents/uptime/airflow_venv/lib/python3.12/site-packages/airflow/example_dags/plugins/event_listener.py took 0.044 seconds
[2026-04-08T13:07:28.774+0530] {processor.py:186} INFO - Started process (PID=30533) to work on /Users/navalyemul/Documents/uptime/airflow_venv/lib/python3.12/site-packages/airflow/example_dags/plugins/event_listener.py
[2026-04-08T13:07:28.775+0530] {processor.py:914} INFO - Processing file /Users/navalyemul/Documents/uptime/airflow_venv/lib/python3.12/site-packages/airflow/example_dags/plugins/event_listener.py for tasks to queue
[2026-04-08T13:07:28.775+0530] {logging_mixin.py:190} INFO - [2026-04-08T13:07:28.775+0530] {dagbag.py:588} INFO - Filling up the DagBag from /Users/navalyemul/Documents/uptime/airflow_venv/lib/python3.12/site-packages/airflow/example_dags/plugins/event_listener.py
[2026-04-08T13:07:28.776+0530] {processor.py:927} WARNING - No viable dags retrieved from /Users/navalyemul/Documents/uptime/airflow_venv/lib/python3.12/site-packages/airflow/example_dags/plugins/event_listener.py
[2026-04-08T13:07:28.816+0530] {processor.py:208} INFO - Processing /Users/navalyemul/Documents/uptime/airflow_venv/lib/python3.12/site-packages/airflow/example_dags/plugins/event_listener.py took 0.044 seconds
[2026-04-08T13:08:51.102+0530] {processor.py:186} INFO - Started process (PID=31423) to work on /Users/navalyemul/Documents/uptime/airflow_venv/lib/python3.12/site-packages/airflow/example_dags/plugins/event_listener.py
[2026-04-08T13:08:51.103+0530] {processor.py:914} INFO - Processing file /Users/navalyemul/Documents/uptime/airflow_venv/lib/python3.12/site-packages/airflow/example_dags/plugins/event_listener.py for tasks to queue
[2026-04-08T13:08:51.103+0530] {logging_mixin.py:190} INFO - [2026-04-08T13:08:51.103+0530] {dagbag.py:588} INFO - Filling up the DagBag from /Users/navalyemul/Documents/uptime/airflow_venv/lib/python3.12/site-packages/airflow/example_dags/plugins/event_listener.py
[2026-04-08T13:08:51.104+0530] {processor.py:927} WARNING - No viable dags retrieved from /Users/navalyemul/Documents/uptime/airflow_venv/lib/python3.12/site-packages/airflow/example_dags/plugins/event_listener.py
[2026-04-08T13:08:51.140+0530] {processor.py:208} INFO - Processing /Users/navalyemul/Documents/uptime/airflow_venv/lib/python3.12/site-packages/airflow/example_dags/plugins/event_listener.py took 0.040 seconds
[2026-04-08T13:10:14.910+0530] {processor.py:186} INFO - Started process (PID=32376) to work on /Users/navalyemul/Documents/uptime/airflow_venv/lib/python3.12/site-packages/airflow/example_dags/plugins/event_listener.py
[2026-04-08T13:10:14.911+0530] {processor.py:914} INFO - Processing file /Users/navalyemul/Documents/uptime/airflow_venv/lib/python3.12/site-packages/airflow/example_dags/plugins/event_listener.py for tasks to queue
[2026-04-08T13:10:14.912+0530] {logging_mixin.py:190} INFO - [2026-04-08T13:10:14.912+0530] {dagbag.py:588} INFO - Filling up the DagBag from /Users/navalyemul/Documents/uptime/airflow_venv/lib/python3.12/site-packages/airflow/example_dags/plugins/event_listener.py
[2026-04-08T13:10:14.912+0530] {processor.py:927} WARNING - No viable dags retrieved from /Users/navalyemul/Documents/uptime/airflow_venv/lib/python3.12/site-packages/airflow/example_dags/plugins/event_listener.py
[2026-04-08T13:10:14.949+0530] {processor.py:208} INFO - Processing /Users/navalyemul/Documents/uptime/airflow_venv/lib/python3.12/site-packages/airflow/example_dags/plugins/event_listener.py took 0.040 seconds
[2026-04-08T13:11:37.492+0530] {processor.py:186} INFO - Started process (PID=33307) to work on /Users/navalyemul/Documents/uptime/airflow_venv/lib/python3.12/site-packages/airflow/example_dags/plugins/event_listener.py
[2026-04-08T13:11:37.492+0530] {processor.py:914} INFO - Processing file /Users/navalyemul/Documents/uptime/airflow_venv/lib/python3.12/site-packages/airflow/example_dags/plugins/event_listener.py for tasks to queue
[2026-04-08T13:11:37.493+0530] {logging_mixin.py:190} INFO - [2026-04-08T13:11:37.493+0530] {dagbag.py:588} INFO - Filling up the DagBag from /Users/navalyemul/Documents/uptime/airflow_venv/lib/python3.12/site-packages/airflow/example_dags/plugins/event_listener.py
[2026-04-08T13:11:37.494+0530] {processor.py:927} WARNING - No viable dags retrieved from /Users/navalyemul/Documents/uptime/airflow_venv/lib/python3.12/site-packages/airflow/example_dags/plugins/event_listener.py
[2026-04-08T13:11:37.530+0530] {processor.py:208} INFO - Processing /Users/navalyemul/Documents/uptime/airflow_venv/lib/python3.12/site-packages/airflow/example_dags/plugins/event_listener.py took 0.040 seconds
[2026-04-08T13:13:01.063+0530] {processor.py:186} INFO - Started process (PID=34224) to work on /Users/navalyemul/Documents/uptime/airflow_venv/lib/python3.12/site-packages/airflow/example_dags/plugins/event_listener.py
[2026-04-08T13:13:01.064+0530] {processor.py:914} INFO - Processing file /Users/navalyemul/Documents/uptime/airflow_venv/lib/python3.12/site-packages/airflow/example_dags/plugins/event_listener.py for tasks to queue
[2026-04-08T13:13:01.065+0530] {logging_mixin.py:190} INFO - [2026-04-08T13:13:01.065+0530] {dagbag.py:588} INFO - Filling up the DagBag from /Users/navalyemul/Documents/uptime/airflow_venv/lib/python3.12/site-packages/airflow/example_dags/plugins/event_listener.py
[2026-04-08T13:13:01.066+0530] {processor.py:927} WARNING - No viable dags retrieved from /Users/navalyemul/Documents/uptime/airflow_venv/lib/python3.12/site-packages/airflow/example_dags/plugins/event_listener.py
[2026-04-08T13:13:01.102+0530] {processor.py:208} INFO - Processing /Users/navalyemul/Documents/uptime/airflow_venv/lib/python3.12/site-packages/airflow/example_dags/plugins/event_listener.py took 0.041 seconds
[2026-04-08T13:14:23.090+0530] {processor.py:186} INFO - Started process (PID=35154) to work on /Users/navalyemul/Documents/uptime/airflow_venv/lib/python3.12/site-packages/airflow/example_dags/plugins/event_listener.py
[2026-04-08T13:14:23.091+0530] {processor.py:914} INFO - Processing file /Users/navalyemul/Documents/uptime/airflow_venv/lib/python3.12/site-packages/airflow/example_dags/plugins/event_listener.py for tasks to queue
[2026-04-08T13:14:23.092+0530] {logging_mixin.py:190} INFO - [2026-04-08T13:14:23.092+0530] {dagbag.py:588} INFO - Filling up the DagBag from /Users/navalyemul/Documents/uptime/airflow_venv/lib/python3.12/site-packages/airflow/example_dags/plugins/event_listener.py
[2026-04-08T13:14:23.092+0530] {processor.py:927} WARNING - No viable dags retrieved from /Users/navalyemul/Documents/uptime/airflow_venv/lib/python3.12/site-packages/airflow/example_dags/plugins/event_listener.py
[2026-04-08T13:14:23.130+0530] {processor.py:208} INFO - Processing /Users/navalyemul/Documents/uptime/airflow_venv/lib/python3.12/site-packages/airflow/example_dags/plugins/event_listener.py took 0.042 seconds
[2026-04-08T13:15:47.267+0530] {processor.py:186} INFO - Started process (PID=36110) to work on /Users/navalyemul/Documents/uptime/airflow_venv/lib/python3.12/site-packages/airflow/example_dags/plugins/event_listener.py
[2026-04-08T13:15:47.267+0530] {processor.py:914} INFO - Processing file /Users/navalyemul/Documents/uptime/airflow_venv/lib/python3.12/site-packages/airflow/example_dags/plugins/event_listener.py for tasks to queue
[2026-04-08T13:15:47.268+0530] {logging_mixin.py:190} INFO - [2026-04-08T13:15:47.268+0530] {dagbag.py:588} INFO - Filling up the DagBag from /Users/navalyemul/Documents/uptime/airflow_venv/lib/python3.12/site-packages/airflow/example_dags/plugins/event_listener.py
[2026-04-08T13:15:47.269+0530] {processor.py:927} WARNING - No viable dags retrieved from /Users/navalyemul/Documents/uptime/airflow_venv/lib/python3.12/site-packages/airflow/example_dags/plugins/event_listener.py
[2026-04-08T13:15:47.307+0530] {processor.py:208} INFO - Processing /Users/navalyemul/Documents/uptime/airflow_venv/lib/python3.12/site-packages/airflow/example_dags/plugins/event_listener.py took 0.042 seconds
[2026-04-08T13:17:11.497+0530] {processor.py:186} INFO - Started process (PID=37051) to work on /Users/navalyemul/Documents/uptime/airflow_venv/lib/python3.12/site-packages/airflow/example_dags/plugins/event_listener.py
[2026-04-08T13:17:11.497+0530] {processor.py:914} INFO - Processing file /Users/navalyemul/Documents/uptime/airflow_venv/lib/python3.12/site-packages/airflow/example_dags/plugins/event_listener.py for tasks to queue
[2026-04-08T13:17:11.498+0530] {logging_mixin.py:190} INFO - [2026-04-08T13:17:11.498+0530] {dagbag.py:588} INFO - Filling up the DagBag from /Users/navalyemul/Documents/uptime/airflow_venv/lib/python3.12/site-packages/airflow/example_dags/plugins/event_listener.py
[2026-04-08T13:17:11.498+0530] {processor.py:927} WARNING - No viable dags retrieved from /Users/navalyemul/Documents/uptime/airflow_venv/lib/python3.12/site-packages/airflow/example_dags/plugins/event_listener.py
[2026-04-08T13:17:11.538+0530] {processor.py:208} INFO - Processing /Users/navalyemul/Documents/uptime/airflow_venv/lib/python3.12/site-packages/airflow/example_dags/plugins/event_listener.py took 0.043 seconds
[2026-04-08T13:18:34.235+0530] {processor.py:186} INFO - Started process (PID=37983) to work on /Users/navalyemul/Documents/uptime/airflow_venv/lib/python3.12/site-packages/airflow/example_dags/plugins/event_listener.py
[2026-04-08T13:18:34.236+0530] {processor.py:914} INFO - Processing file /Users/navalyemul/Documents/uptime/airflow_venv/lib/python3.12/site-packages/airflow/example_dags/plugins/event_listener.py for tasks to queue
[2026-04-08T13:18:34.236+0530] {logging_mixin.py:190} INFO - [2026-04-08T13:18:34.236+0530] {dagbag.py:588} INFO - Filling up the DagBag from /Users/navalyemul/Documents/uptime/airflow_venv/lib/python3.12/site-packages/airflow/example_dags/plugins/event_listener.py
[2026-04-08T13:18:34.237+0530] {processor.py:927} WARNING - No viable dags retrieved from /Users/navalyemul/Documents/uptime/airflow_venv/lib/python3.12/site-packages/airflow/example_dags/plugins/event_listener.py
[2026-04-08T13:18:34.275+0530] {processor.py:208} INFO - Processing /Users/navalyemul/Documents/uptime/airflow_venv/lib/python3.12/site-packages/airflow/example_dags/plugins/event_listener.py took 0.041 seconds
[2026-04-08T13:20:44.996+0530] {processor.py:186} INFO - Started process (PID=38929) to work on /Users/navalyemul/Documents/uptime/airflow_venv/lib/python3.12/site-packages/airflow/example_dags/plugins/event_listener.py
[2026-04-08T13:20:44.997+0530] {processor.py:914} INFO - Processing file /Users/navalyemul/Documents/uptime/airflow_venv/lib/python3.12/site-packages/airflow/example_dags/plugins/event_listener.py for tasks to queue
[2026-04-08T13:20:44.998+0530] {logging_mixin.py:190} INFO - [2026-04-08T13:20:44.997+0530] {dagbag.py:588} INFO - Filling up the DagBag from /Users/navalyemul/Documents/uptime/airflow_venv/lib/python3.12/site-packages/airflow/example_dags/plugins/event_listener.py
[2026-04-08T13:20:44.998+0530] {processor.py:927} WARNING - No viable dags retrieved from /Users/navalyemul/Documents/uptime/airflow_venv/lib/python3.12/site-packages/airflow/example_dags/plugins/event_listener.py
[2026-04-08T13:20:45.036+0530] {processor.py:208} INFO - Processing /Users/navalyemul/Documents/uptime/airflow_venv/lib/python3.12/site-packages/airflow/example_dags/plugins/event_listener.py took 0.041 seconds
[2026-04-08T13:30:31.435+0530] {processor.py:186} INFO - Started process (PID=39963) to work on /Users/navalyemul/Documents/uptime/airflow_venv/lib/python3.12/site-packages/airflow/example_dags/plugins/event_listener.py
[2026-04-08T13:30:31.436+0530] {processor.py:914} INFO - Processing file /Users/navalyemul/Documents/uptime/airflow_venv/lib/python3.12/site-packages/airflow/example_dags/plugins/event_listener.py for tasks to queue
[2026-04-08T13:30:31.436+0530] {logging_mixin.py:190} INFO - [2026-04-08T13:30:31.436+0530] {dagbag.py:588} INFO - Filling up the DagBag from /Users/navalyemul/Documents/uptime/airflow_venv/lib/python3.12/site-packages/airflow/example_dags/plugins/event_listener.py
[2026-04-08T13:30:31.437+0530] {processor.py:927} WARNING - No viable dags retrieved from /Users/navalyemul/Documents/uptime/airflow_venv/lib/python3.12/site-packages/airflow/example_dags/plugins/event_listener.py
[2026-04-08T13:30:31.476+0530] {processor.py:208} INFO - Processing /Users/navalyemul/Documents/uptime/airflow_venv/lib/python3.12/site-packages/airflow/example_dags/plugins/event_listener.py took 0.043 seconds
[2026-04-08T13:34:51.932+0530] {processor.py:186} INFO - Started process (PID=41065) to work on /Users/navalyemul/Documents/uptime/airflow_venv/lib/python3.12/site-packages/airflow/example_dags/plugins/event_listener.py
[2026-04-08T13:34:51.932+0530] {processor.py:914} INFO - Processing file /Users/navalyemul/Documents/uptime/airflow_venv/lib/python3.12/site-packages/airflow/example_dags/plugins/event_listener.py for tasks to queue
[2026-04-08T13:34:51.933+0530] {logging_mixin.py:190} INFO - [2026-04-08T13:34:51.933+0530] {dagbag.py:588} INFO - Filling up the DagBag from /Users/navalyemul/Documents/uptime/airflow_venv/lib/python3.12/site-packages/airflow/example_dags/plugins/event_listener.py
[2026-04-08T13:34:51.934+0530] {processor.py:927} WARNING - No viable dags retrieved from /Users/navalyemul/Documents/uptime/airflow_venv/lib/python3.12/site-packages/airflow/example_dags/plugins/event_listener.py
[2026-04-08T13:34:51.970+0530] {processor.py:208} INFO - Processing /Users/navalyemul/Documents/uptime/airflow_venv/lib/python3.12/site-packages/airflow/example_dags/plugins/event_listener.py took 0.040 seconds
[2026-04-08T13:41:19.410+0530] {processor.py:186} INFO - Started process (PID=42008) to work on /Users/navalyemul/Documents/uptime/airflow_venv/lib/python3.12/site-packages/airflow/example_dags/plugins/event_listener.py
[2026-04-08T13:41:19.410+0530] {processor.py:914} INFO - Processing file /Users/navalyemul/Documents/uptime/airflow_venv/lib/python3.12/site-packages/airflow/example_dags/plugins/event_listener.py for tasks to queue
[2026-04-08T13:41:19.411+0530] {logging_mixin.py:190} INFO - [2026-04-08T13:41:19.411+0530] {dagbag.py:588} INFO - Filling up the DagBag from /Users/navalyemul/Documents/uptime/airflow_venv/lib/python3.12/site-packages/airflow/example_dags/plugins/event_listener.py
[2026-04-08T13:41:19.412+0530] {processor.py:927} WARNING - No viable dags retrieved from /Users/navalyemul/Documents/uptime/airflow_venv/lib/python3.12/site-packages/airflow/example_dags/plugins/event_listener.py
[2026-04-08T13:41:19.449+0530] {processor.py:208} INFO - Processing /Users/navalyemul/Documents/uptime/airflow_venv/lib/python3.12/site-packages/airflow/example_dags/plugins/event_listener.py took 0.041 seconds
[2026-04-08T13:54:02.286+0530] {processor.py:186} INFO - Started process (PID=43167) to work on /Users/navalyemul/Documents/uptime/airflow_venv/lib/python3.12/site-packages/airflow/example_dags/plugins/event_listener.py
[2026-04-08T13:54:02.287+0530] {processor.py:914} INFO - Processing file /Users/navalyemul/Documents/uptime/airflow_venv/lib/python3.12/site-packages/airflow/example_dags/plugins/event_listener.py for tasks to queue
[2026-04-08T13:54:02.288+0530] {logging_mixin.py:190} INFO - [2026-04-08T13:54:02.288+0530] {dagbag.py:588} INFO - Filling up the DagBag from /Users/navalyemul/Documents/uptime/airflow_venv/lib/python3.12/site-packages/airflow/example_dags/plugins/event_listener.py
[2026-04-08T13:54:02.288+0530] {processor.py:927} WARNING - No viable dags retrieved from /Users/navalyemul/Documents/uptime/airflow_venv/lib/python3.12/site-packages/airflow/example_dags/plugins/event_listener.py
[2026-04-08T13:54:02.326+0530] {processor.py:208} INFO - Processing /Users/navalyemul/Documents/uptime/airflow_venv/lib/python3.12/site-packages/airflow/example_dags/plugins/event_listener.py took 0.041 seconds
[2026-04-08T13:55:52.184+0530] {processor.py:186} INFO - Started process (PID=44271) to work on /Users/navalyemul/Documents/uptime/airflow_venv/lib/python3.12/site-packages/airflow/example_dags/plugins/event_listener.py
[2026-04-08T13:55:52.186+0530] {processor.py:914} INFO - Processing file /Users/navalyemul/Documents/uptime/airflow_venv/lib/python3.12/site-packages/airflow/example_dags/plugins/event_listener.py for tasks to queue
[2026-04-08T13:55:52.186+0530] {logging_mixin.py:190} INFO - [2026-04-08T13:55:52.186+0530] {dagbag.py:588} INFO - Filling up the DagBag from /Users/navalyemul/Documents/uptime/airflow_venv/lib/python3.12/site-packages/airflow/example_dags/plugins/event_listener.py
[2026-04-08T13:55:52.187+0530] {processor.py:927} WARNING - No viable dags retrieved from /Users/navalyemul/Documents/uptime/airflow_venv/lib/python3.12/site-packages/airflow/example_dags/plugins/event_listener.py
[2026-04-08T13:55:52.230+0530] {processor.py:208} INFO - Processing /Users/navalyemul/Documents/uptime/airflow_venv/lib/python3.12/site-packages/airflow/example_dags/plugins/event_listener.py took 0.048 seconds
[2026-04-08T13:57:33.414+0530] {processor.py:186} INFO - Started process (PID=45286) to work on /Users/navalyemul/Documents/uptime/airflow_venv/lib/python3.12/site-packages/airflow/example_dags/plugins/event_listener.py
[2026-04-08T13:57:33.415+0530] {processor.py:914} INFO - Processing file /Users/navalyemul/Documents/uptime/airflow_venv/lib/python3.12/site-packages/airflow/example_dags/plugins/event_listener.py for tasks to queue
[2026-04-08T13:57:33.416+0530] {logging_mixin.py:190} INFO - [2026-04-08T13:57:33.416+0530] {dagbag.py:588} INFO - Filling up the DagBag from /Users/navalyemul/Documents/uptime/airflow_venv/lib/python3.12/site-packages/airflow/example_dags/plugins/event_listener.py
[2026-04-08T13:57:33.416+0530] {processor.py:927} WARNING - No viable dags retrieved from /Users/navalyemul/Documents/uptime/airflow_venv/lib/python3.12/site-packages/airflow/example_dags/plugins/event_listener.py
[2026-04-08T13:57:33.457+0530] {processor.py:208} INFO - Processing /Users/navalyemul/Documents/uptime/airflow_venv/lib/python3.12/site-packages/airflow/example_dags/plugins/event_listener.py took 0.046 seconds
