[2026-04-08T12:37:38.175+0530] {processor.py:186} INFO - Started process (PID=12662) to work on /Users/navalyemul/Documents/uptime/airflow_venv/lib/python3.12/site-packages/airflow/example_dags/plugins/workday.py
[2026-04-08T12:37:38.177+0530] {processor.py:914} INFO - Processing file /Users/navalyemul/Documents/uptime/airflow_venv/lib/python3.12/site-packages/airflow/example_dags/plugins/workday.py for tasks to queue
[2026-04-08T12:37:38.179+0530] {logging_mixin.py:190} INFO - [2026-04-08T12:37:38.179+0530] {dagbag.py:588} INFO - Filling up the DagBag from /Users/navalyemul/Documents/uptime/airflow_venv/lib/python3.12/site-packages/airflow/example_dags/plugins/workday.py
[2026-04-08T12:37:38.182+0530] {logging_mixin.py:190} INFO - [2026-04-08T12:37:38.182+0530] {workday.py:41} WARNING - Could not import pandas. Holidays will not be considered.
[2026-04-08T12:37:38.182+0530] {processor.py:927} WARNING - No viable dags retrieved from /Users/navalyemul/Documents/uptime/airflow_venv/lib/python3.12/site-packages/airflow/example_dags/plugins/workday.py
[2026-04-08T12:37:38.291+0530] {processor.py:208} INFO - Processing /Users/navalyemul/Documents/uptime/airflow_venv/lib/python3.12/site-packages/airflow/example_dags/plugins/workday.py took 0.121 seconds
[2026-04-08T12:40:32.180+0530] {processor.py:186} INFO - Started process (PID=13672) to work on /Users/navalyemul/Documents/uptime/airflow_venv/lib/python3.12/site-packages/airflow/example_dags/plugins/workday.py
[2026-04-08T12:40:32.182+0530] {processor.py:914} INFO - Processing file /Users/navalyemul/Documents/uptime/airflow_venv/lib/python3.12/site-packages/airflow/example_dags/plugins/workday.py for tasks to queue
[2026-04-08T12:40:32.183+0530] {logging_mixin.py:190} INFO - [2026-04-08T12:40:32.183+0530] {dagbag.py:588} INFO - Filling up the DagBag from /Users/navalyemul/Documents/uptime/airflow_venv/lib/python3.12/site-packages/airflow/example_dags/plugins/workday.py
[2026-04-08T12:40:32.184+0530] {logging_mixin.py:190} INFO - [2026-04-08T12:40:32.184+0530] {workday.py:41} WARNING - Could not import pandas. Holidays will not be considered.
[2026-04-08T12:40:32.184+0530] {processor.py:927} WARNING - No viable dags retrieved from /Users/navalyemul/Documents/uptime/airflow_venv/lib/python3.12/site-packages/airflow/example_dags/plugins/workday.py
[2026-04-08T12:40:32.241+0530] {processor.py:208} INFO - Processing /Users/navalyemul/Documents/uptime/airflow_venv/lib/python3.12/site-packages/airflow/example_dags/plugins/workday.py took 0.063 seconds
[2026-04-08T12:43:32.068+0530] {processor.py:186} INFO - Started process (PID=15104) to work on /Users/navalyemul/Documents/uptime/airflow_venv/lib/python3.12/site-packages/airflow/example_dags/plugins/workday.py
[2026-04-08T12:43:32.070+0530] {processor.py:914} INFO - Processing file /Users/navalyemul/Documents/uptime/airflow_venv/lib/python3.12/site-packages/airflow/example_dags/plugins/workday.py for tasks to queue
[2026-04-08T12:43:32.071+0530] {logging_mixin.py:190} INFO - [2026-04-08T12:43:32.071+0530] {dagbag.py:588} INFO - Filling up the DagBag from /Users/navalyemul/Documents/uptime/airflow_venv/lib/python3.12/site-packages/airflow/example_dags/plugins/workday.py
[2026-04-08T12:43:32.073+0530] {logging_mixin.py:190} INFO - [2026-04-08T12:43:32.073+0530] {workday.py:41} WARNING - Could not import pandas. Holidays will not be considered.
[2026-04-08T12:43:32.074+0530] {processor.py:927} WARNING - No viable dags retrieved from /Users/navalyemul/Documents/uptime/airflow_venv/lib/python3.12/site-packages/airflow/example_dags/plugins/workday.py
[2026-04-08T12:43:32.119+0530] {processor.py:208} INFO - Processing /Users/navalyemul/Documents/uptime/airflow_venv/lib/python3.12/site-packages/airflow/example_dags/plugins/workday.py took 0.053 seconds
[2026-04-08T12:46:12.592+0530] {processor.py:186} INFO - Started process (PID=16940) to work on /Users/navalyemul/Documents/uptime/airflow_venv/lib/python3.12/site-packages/airflow/example_dags/plugins/workday.py
[2026-04-08T12:46:12.592+0530] {processor.py:914} INFO - Processing file /Users/navalyemul/Documents/uptime/airflow_venv/lib/python3.12/site-packages/airflow/example_dags/plugins/workday.py for tasks to queue
[2026-04-08T12:46:12.593+0530] {logging_mixin.py:190} INFO - [2026-04-08T12:46:12.593+0530] {dagbag.py:588} INFO - Filling up the DagBag from /Users/navalyemul/Documents/uptime/airflow_venv/lib/python3.12/site-packages/airflow/example_dags/plugins/workday.py
[2026-04-08T12:46:12.594+0530] {logging_mixin.py:190} INFO - [2026-04-08T12:46:12.594+0530] {workday.py:41} WARNING - Could not import pandas. Holidays will not be considered.
[2026-04-08T12:46:12.594+0530] {processor.py:927} WARNING - No viable dags retrieved from /Users/navalyemul/Documents/uptime/airflow_venv/lib/python3.12/site-packages/airflow/example_dags/plugins/workday.py
[2026-04-08T12:46:12.642+0530] {processor.py:208} INFO - Processing /Users/navalyemul/Documents/uptime/airflow_venv/lib/python3.12/site-packages/airflow/example_dags/plugins/workday.py took 0.054 seconds
[2026-04-08T12:48:11.754+0530] {processor.py:186} INFO - Started process (PID=18304) to work on /Users/navalyemul/Documents/uptime/airflow_venv/lib/python3.12/site-packages/airflow/example_dags/plugins/workday.py
[2026-04-08T12:48:11.755+0530] {processor.py:914} INFO - Processing file /Users/navalyemul/Documents/uptime/airflow_venv/lib/python3.12/site-packages/airflow/example_dags/plugins/workday.py for tasks to queue
[2026-04-08T12:48:11.755+0530] {logging_mixin.py:190} INFO - [2026-04-08T12:48:11.755+0530] {dagbag.py:588} INFO - Filling up the DagBag from /Users/navalyemul/Documents/uptime/airflow_venv/lib/python3.12/site-packages/airflow/example_dags/plugins/workday.py
[2026-04-08T12:48:11.756+0530] {logging_mixin.py:190} INFO - [2026-04-08T12:48:11.756+0530] {workday.py:41} WARNING - Could not import pandas. Holidays will not be considered.
[2026-04-08T12:48:11.756+0530] {processor.py:927} WARNING - No viable dags retrieved from /Users/navalyemul/Documents/uptime/airflow_venv/lib/python3.12/site-packages/airflow/example_dags/plugins/workday.py
[2026-04-08T12:48:11.794+0530] {processor.py:208} INFO - Processing /Users/navalyemul/Documents/uptime/airflow_venv/lib/python3.12/site-packages/airflow/example_dags/plugins/workday.py took 0.042 seconds
[2026-04-08T12:49:34.693+0530] {processor.py:186} INFO - Started process (PID=19257) to work on /Users/navalyemul/Documents/uptime/airflow_venv/lib/python3.12/site-packages/airflow/example_dags/plugins/workday.py
[2026-04-08T12:49:34.695+0530] {processor.py:914} INFO - Processing file /Users/navalyemul/Documents/uptime/airflow_venv/lib/python3.12/site-packages/airflow/example_dags/plugins/workday.py for tasks to queue
[2026-04-08T12:49:34.695+0530] {logging_mixin.py:190} INFO - [2026-04-08T12:49:34.695+0530] {dagbag.py:588} INFO - Filling up the DagBag from /Users/navalyemul/Documents/uptime/airflow_venv/lib/python3.12/site-packages/airflow/example_dags/plugins/workday.py
[2026-04-08T12:49:34.696+0530] {logging_mixin.py:190} INFO - [2026-04-08T12:49:34.696+0530] {workday.py:41} WARNING - Could not import pandas. Holidays will not be considered.
[2026-04-08T12:49:34.696+0530] {processor.py:927} WARNING - No viable dags retrieved from /Users/navalyemul/Documents/uptime/airflow_venv/lib/python3.12/site-packages/airflow/example_dags/plugins/workday.py
[2026-04-08T12:49:34.735+0530] {processor.py:208} INFO - Processing /Users/navalyemul/Documents/uptime/airflow_venv/lib/python3.12/site-packages/airflow/example_dags/plugins/workday.py took 0.044 seconds
[2026-04-08T12:51:03.561+0530] {processor.py:186} INFO - Started process (PID=20240) to work on /Users/navalyemul/Documents/uptime/airflow_venv/lib/python3.12/site-packages/airflow/example_dags/plugins/workday.py
[2026-04-08T12:51:03.563+0530] {processor.py:914} INFO - Processing file /Users/navalyemul/Documents/uptime/airflow_venv/lib/python3.12/site-packages/airflow/example_dags/plugins/workday.py for tasks to queue
[2026-04-08T12:51:03.564+0530] {logging_mixin.py:190} INFO - [2026-04-08T12:51:03.563+0530] {dagbag.py:588} INFO - Filling up the DagBag from /Users/navalyemul/Documents/uptime/airflow_venv/lib/python3.12/site-packages/airflow/example_dags/plugins/workday.py
[2026-04-08T12:51:03.567+0530] {logging_mixin.py:190} INFO - [2026-04-08T12:51:03.567+0530] {workday.py:41} WARNING - Could not import pandas. Holidays will not be considered.
[2026-04-08T12:51:03.567+0530] {processor.py:927} WARNING - No viable dags retrieved from /Users/navalyemul/Documents/uptime/airflow_venv/lib/python3.12/site-packages/airflow/example_dags/plugins/workday.py
[2026-04-08T12:51:03.623+0530] {processor.py:208} INFO - Processing /Users/navalyemul/Documents/uptime/airflow_venv/lib/python3.12/site-packages/airflow/example_dags/plugins/workday.py took 0.064 seconds
[2026-04-08T12:52:40.268+0530] {processor.py:186} INFO - Started process (PID=21188) to work on /Users/navalyemul/Documents/uptime/airflow_venv/lib/python3.12/site-packages/airflow/example_dags/plugins/workday.py
[2026-04-08T12:52:40.269+0530] {processor.py:914} INFO - Processing file /Users/navalyemul/Documents/uptime/airflow_venv/lib/python3.12/site-packages/airflow/example_dags/plugins/workday.py for tasks to queue
[2026-04-08T12:52:40.270+0530] {logging_mixin.py:190} INFO - [2026-04-08T12:52:40.270+0530] {dagbag.py:588} INFO - Filling up the DagBag from /Users/navalyemul/Documents/uptime/airflow_venv/lib/python3.12/site-packages/airflow/example_dags/plugins/workday.py
[2026-04-08T12:52:40.273+0530] {logging_mixin.py:190} INFO - [2026-04-08T12:52:40.273+0530] {workday.py:41} WARNING - Could not import pandas. Holidays will not be considered.
[2026-04-08T12:52:40.273+0530] {processor.py:927} WARNING - No viable dags retrieved from /Users/navalyemul/Documents/uptime/airflow_venv/lib/python3.12/site-packages/airflow/example_dags/plugins/workday.py
[2026-04-08T12:52:40.329+0530] {processor.py:208} INFO - Processing /Users/navalyemul/Documents/uptime/airflow_venv/lib/python3.12/site-packages/airflow/example_dags/plugins/workday.py took 0.066 seconds
[2026-04-08T12:54:34.382+0530] {processor.py:186} INFO - Started process (PID=22085) to work on /Users/navalyemul/Documents/uptime/airflow_venv/lib/python3.12/site-packages/airflow/example_dags/plugins/workday.py
[2026-04-08T12:54:34.382+0530] {processor.py:914} INFO - Processing file /Users/navalyemul/Documents/uptime/airflow_venv/lib/python3.12/site-packages/airflow/example_dags/plugins/workday.py for tasks to queue
[2026-04-08T12:54:34.383+0530] {logging_mixin.py:190} INFO - [2026-04-08T12:54:34.383+0530] {dagbag.py:588} INFO - Filling up the DagBag from /Users/navalyemul/Documents/uptime/airflow_venv/lib/python3.12/site-packages/airflow/example_dags/plugins/workday.py
[2026-04-08T12:54:34.384+0530] {logging_mixin.py:190} INFO - [2026-04-08T12:54:34.384+0530] {workday.py:41} WARNING - Could not import pandas. Holidays will not be considered.
[2026-04-08T12:54:34.384+0530] {processor.py:927} WARNING - No viable dags retrieved from /Users/navalyemul/Documents/uptime/airflow_venv/lib/python3.12/site-packages/airflow/example_dags/plugins/workday.py
[2026-04-08T12:54:34.429+0530] {processor.py:208} INFO - Processing /Users/navalyemul/Documents/uptime/airflow_venv/lib/python3.12/site-packages/airflow/example_dags/plugins/workday.py took 0.049 seconds
[2026-04-08T12:56:15.679+0530] {processor.py:186} INFO - Started process (PID=23019) to work on /Users/navalyemul/Documents/uptime/airflow_venv/lib/python3.12/site-packages/airflow/example_dags/plugins/workday.py
[2026-04-08T12:56:15.680+0530] {processor.py:914} INFO - Processing file /Users/navalyemul/Documents/uptime/airflow_venv/lib/python3.12/site-packages/airflow/example_dags/plugins/workday.py for tasks to queue
[2026-04-08T12:56:15.681+0530] {logging_mixin.py:190} INFO - [2026-04-08T12:56:15.681+0530] {dagbag.py:588} INFO - Filling up the DagBag from /Users/navalyemul/Documents/uptime/airflow_venv/lib/python3.12/site-packages/airflow/example_dags/plugins/workday.py
[2026-04-08T12:56:15.681+0530] {logging_mixin.py:190} INFO - [2026-04-08T12:56:15.681+0530] {workday.py:41} WARNING - Could not import pandas. Holidays will not be considered.
[2026-04-08T12:56:15.682+0530] {processor.py:927} WARNING - No viable dags retrieved from /Users/navalyemul/Documents/uptime/airflow_venv/lib/python3.12/site-packages/airflow/example_dags/plugins/workday.py
[2026-04-08T12:56:15.719+0530] {processor.py:208} INFO - Processing /Users/navalyemul/Documents/uptime/airflow_venv/lib/python3.12/site-packages/airflow/example_dags/plugins/workday.py took 0.042 seconds
[2026-04-08T12:57:42.129+0530] {processor.py:186} INFO - Started process (PID=23948) to work on /Users/navalyemul/Documents/uptime/airflow_venv/lib/python3.12/site-packages/airflow/example_dags/plugins/workday.py
[2026-04-08T12:57:42.130+0530] {processor.py:914} INFO - Processing file /Users/navalyemul/Documents/uptime/airflow_venv/lib/python3.12/site-packages/airflow/example_dags/plugins/workday.py for tasks to queue
[2026-04-08T12:57:42.130+0530] {logging_mixin.py:190} INFO - [2026-04-08T12:57:42.130+0530] {dagbag.py:588} INFO - Filling up the DagBag from /Users/navalyemul/Documents/uptime/airflow_venv/lib/python3.12/site-packages/airflow/example_dags/plugins/workday.py
[2026-04-08T12:57:42.131+0530] {logging_mixin.py:190} INFO - [2026-04-08T12:57:42.131+0530] {workday.py:41} WARNING - Could not import pandas. Holidays will not be considered.
[2026-04-08T12:57:42.132+0530] {processor.py:927} WARNING - No viable dags retrieved from /Users/navalyemul/Documents/uptime/airflow_venv/lib/python3.12/site-packages/airflow/example_dags/plugins/workday.py
[2026-04-08T12:57:42.172+0530] {processor.py:208} INFO - Processing /Users/navalyemul/Documents/uptime/airflow_venv/lib/python3.12/site-packages/airflow/example_dags/plugins/workday.py took 0.045 seconds
[2026-04-08T12:59:08.884+0530] {processor.py:186} INFO - Started process (PID=24839) to work on /Users/navalyemul/Documents/uptime/airflow_venv/lib/python3.12/site-packages/airflow/example_dags/plugins/workday.py
[2026-04-08T12:59:08.885+0530] {processor.py:914} INFO - Processing file /Users/navalyemul/Documents/uptime/airflow_venv/lib/python3.12/site-packages/airflow/example_dags/plugins/workday.py for tasks to queue
[2026-04-08T12:59:08.885+0530] {logging_mixin.py:190} INFO - [2026-04-08T12:59:08.885+0530] {dagbag.py:588} INFO - Filling up the DagBag from /Users/navalyemul/Documents/uptime/airflow_venv/lib/python3.12/site-packages/airflow/example_dags/plugins/workday.py
[2026-04-08T12:59:08.886+0530] {logging_mixin.py:190} INFO - [2026-04-08T12:59:08.886+0530] {workday.py:41} WARNING - Could not import pandas. Holidays will not be considered.
[2026-04-08T12:59:08.886+0530] {processor.py:927} WARNING - No viable dags retrieved from /Users/navalyemul/Documents/uptime/airflow_venv/lib/python3.12/site-packages/airflow/example_dags/plugins/workday.py
[2026-04-08T12:59:08.923+0530] {processor.py:208} INFO - Processing /Users/navalyemul/Documents/uptime/airflow_venv/lib/python3.12/site-packages/airflow/example_dags/plugins/workday.py took 0.041 seconds
[2026-04-08T13:00:29.977+0530] {processor.py:186} INFO - Started process (PID=25774) to work on /Users/navalyemul/Documents/uptime/airflow_venv/lib/python3.12/site-packages/airflow/example_dags/plugins/workday.py
[2026-04-08T13:00:29.978+0530] {processor.py:914} INFO - Processing file /Users/navalyemul/Documents/uptime/airflow_venv/lib/python3.12/site-packages/airflow/example_dags/plugins/workday.py for tasks to queue
[2026-04-08T13:00:29.979+0530] {logging_mixin.py:190} INFO - [2026-04-08T13:00:29.979+0530] {dagbag.py:588} INFO - Filling up the DagBag from /Users/navalyemul/Documents/uptime/airflow_venv/lib/python3.12/site-packages/airflow/example_dags/plugins/workday.py
[2026-04-08T13:00:29.980+0530] {logging_mixin.py:190} INFO - [2026-04-08T13:00:29.980+0530] {workday.py:41} WARNING - Could not import pandas. Holidays will not be considered.
[2026-04-08T13:00:29.980+0530] {processor.py:927} WARNING - No viable dags retrieved from /Users/navalyemul/Documents/uptime/airflow_venv/lib/python3.12/site-packages/airflow/example_dags/plugins/workday.py
[2026-04-08T13:00:30.019+0530] {processor.py:208} INFO - Processing /Users/navalyemul/Documents/uptime/airflow_venv/lib/python3.12/site-packages/airflow/example_dags/plugins/workday.py took 0.044 seconds
[2026-04-08T13:01:50.585+0530] {processor.py:186} INFO - Started process (PID=26696) to work on /Users/navalyemul/Documents/uptime/airflow_venv/lib/python3.12/site-packages/airflow/example_dags/plugins/workday.py
[2026-04-08T13:01:50.586+0530] {processor.py:914} INFO - Processing file /Users/navalyemul/Documents/uptime/airflow_venv/lib/python3.12/site-packages/airflow/example_dags/plugins/workday.py for tasks to queue
[2026-04-08T13:01:50.587+0530] {logging_mixin.py:190} INFO - [2026-04-08T13:01:50.586+0530] {dagbag.py:588} INFO - Filling up the DagBag from /Users/navalyemul/Documents/uptime/airflow_venv/lib/python3.12/site-packages/airflow/example_dags/plugins/workday.py
[2026-04-08T13:01:50.587+0530] {logging_mixin.py:190} INFO - [2026-04-08T13:01:50.587+0530] {workday.py:41} WARNING - Could not import pandas. Holidays will not be considered.
[2026-04-08T13:01:50.588+0530] {processor.py:927} WARNING - No viable dags retrieved from /Users/navalyemul/Documents/uptime/airflow_venv/lib/python3.12/site-packages/airflow/example_dags/plugins/workday.py
[2026-04-08T13:01:50.624+0530] {processor.py:208} INFO - Processing /Users/navalyemul/Documents/uptime/airflow_venv/lib/python3.12/site-packages/airflow/example_dags/plugins/workday.py took 0.040 seconds
[2026-04-08T13:03:11.721+0530] {processor.py:186} INFO - Started process (PID=27639) to work on /Users/navalyemul/Documents/uptime/airflow_venv/lib/python3.12/site-packages/airflow/example_dags/plugins/workday.py
[2026-04-08T13:03:11.722+0530] {processor.py:914} INFO - Processing file /Users/navalyemul/Documents/uptime/airflow_venv/lib/python3.12/site-packages/airflow/example_dags/plugins/workday.py for tasks to queue
[2026-04-08T13:03:11.722+0530] {logging_mixin.py:190} INFO - [2026-04-08T13:03:11.722+0530] {dagbag.py:588} INFO - Filling up the DagBag from /Users/navalyemul/Documents/uptime/airflow_venv/lib/python3.12/site-packages/airflow/example_dags/plugins/workday.py
[2026-04-08T13:03:11.723+0530] {logging_mixin.py:190} INFO - [2026-04-08T13:03:11.723+0530] {workday.py:41} WARNING - Could not import pandas. Holidays will not be considered.
[2026-04-08T13:03:11.723+0530] {processor.py:927} WARNING - No viable dags retrieved from /Users/navalyemul/Documents/uptime/airflow_venv/lib/python3.12/site-packages/airflow/example_dags/plugins/workday.py
[2026-04-08T13:03:11.762+0530] {processor.py:208} INFO - Processing /Users/navalyemul/Documents/uptime/airflow_venv/lib/python3.12/site-packages/airflow/example_dags/plugins/workday.py took 0.043 seconds
[2026-04-08T13:04:37.205+0530] {processor.py:186} INFO - Started process (PID=28653) to work on /Users/navalyemul/Documents/uptime/airflow_venv/lib/python3.12/site-packages/airflow/example_dags/plugins/workday.py
[2026-04-08T13:04:37.206+0530] {processor.py:914} INFO - Processing file /Users/navalyemul/Documents/uptime/airflow_venv/lib/python3.12/site-packages/airflow/example_dags/plugins/workday.py for tasks to queue
[2026-04-08T13:04:37.206+0530] {logging_mixin.py:190} INFO - [2026-04-08T13:04:37.206+0530] {dagbag.py:588} INFO - Filling up the DagBag from /Users/navalyemul/Documents/uptime/airflow_venv/lib/python3.12/site-packages/airflow/example_dags/plugins/workday.py
[2026-04-08T13:04:37.207+0530] {logging_mixin.py:190} INFO - [2026-04-08T13:04:37.207+0530] {workday.py:41} WARNING - Could not import pandas. Holidays will not be considered.
[2026-04-08T13:04:37.207+0530] {processor.py:927} WARNING - No viable dags retrieved from /Users/navalyemul/Documents/uptime/airflow_venv/lib/python3.12/site-packages/airflow/example_dags/plugins/workday.py
[2026-04-08T13:04:37.244+0530] {processor.py:208} INFO - Processing /Users/navalyemul/Documents/uptime/airflow_venv/lib/python3.12/site-packages/airflow/example_dags/plugins/workday.py took 0.041 seconds
[2026-04-08T13:06:02.129+0530] {processor.py:186} INFO - Started process (PID=29589) to work on /Users/navalyemul/Documents/uptime/airflow_venv/lib/python3.12/site-packages/airflow/example_dags/plugins/workday.py
[2026-04-08T13:06:02.130+0530] {processor.py:914} INFO - Processing file /Users/navalyemul/Documents/uptime/airflow_venv/lib/python3.12/site-packages/airflow/example_dags/plugins/workday.py for tasks to queue
[2026-04-08T13:06:02.131+0530] {logging_mixin.py:190} INFO - [2026-04-08T13:06:02.131+0530] {dagbag.py:588} INFO - Filling up the DagBag from /Users/navalyemul/Documents/uptime/airflow_venv/lib/python3.12/site-packages/airflow/example_dags/plugins/workday.py
[2026-04-08T13:06:02.132+0530] {logging_mixin.py:190} INFO - [2026-04-08T13:06:02.132+0530] {workday.py:41} WARNING - Could not import pandas. Holidays will not be considered.
[2026-04-08T13:06:02.132+0530] {processor.py:927} WARNING - No viable dags retrieved from /Users/navalyemul/Documents/uptime/airflow_venv/lib/python3.12/site-packages/airflow/example_dags/plugins/workday.py
[2026-04-08T13:06:02.171+0530] {processor.py:208} INFO - Processing /Users/navalyemul/Documents/uptime/airflow_venv/lib/python3.12/site-packages/airflow/example_dags/plugins/workday.py took 0.043 seconds
[2026-04-08T13:07:25.253+0530] {processor.py:186} INFO - Started process (PID=30493) to work on /Users/navalyemul/Documents/uptime/airflow_venv/lib/python3.12/site-packages/airflow/example_dags/plugins/workday.py
[2026-04-08T13:07:25.254+0530] {processor.py:914} INFO - Processing file /Users/navalyemul/Documents/uptime/airflow_venv/lib/python3.12/site-packages/airflow/example_dags/plugins/workday.py for tasks to queue
[2026-04-08T13:07:25.255+0530] {logging_mixin.py:190} INFO - [2026-04-08T13:07:25.255+0530] {dagbag.py:588} INFO - Filling up the DagBag from /Users/navalyemul/Documents/uptime/airflow_venv/lib/python3.12/site-packages/airflow/example_dags/plugins/workday.py
[2026-04-08T13:07:25.256+0530] {logging_mixin.py:190} INFO - [2026-04-08T13:07:25.256+0530] {workday.py:41} WARNING - Could not import pandas. Holidays will not be considered.
[2026-04-08T13:07:25.256+0530] {processor.py:927} WARNING - No viable dags retrieved from /Users/navalyemul/Documents/uptime/airflow_venv/lib/python3.12/site-packages/airflow/example_dags/plugins/workday.py
[2026-04-08T13:07:25.293+0530] {processor.py:208} INFO - Processing /Users/navalyemul/Documents/uptime/airflow_venv/lib/python3.12/site-packages/airflow/example_dags/plugins/workday.py took 0.041 seconds
[2026-04-08T13:08:48.762+0530] {processor.py:186} INFO - Started process (PID=31397) to work on /Users/navalyemul/Documents/uptime/airflow_venv/lib/python3.12/site-packages/airflow/example_dags/plugins/workday.py
[2026-04-08T13:08:48.762+0530] {processor.py:914} INFO - Processing file /Users/navalyemul/Documents/uptime/airflow_venv/lib/python3.12/site-packages/airflow/example_dags/plugins/workday.py for tasks to queue
[2026-04-08T13:08:48.763+0530] {logging_mixin.py:190} INFO - [2026-04-08T13:08:48.763+0530] {dagbag.py:588} INFO - Filling up the DagBag from /Users/navalyemul/Documents/uptime/airflow_venv/lib/python3.12/site-packages/airflow/example_dags/plugins/workday.py
[2026-04-08T13:08:48.764+0530] {logging_mixin.py:190} INFO - [2026-04-08T13:08:48.764+0530] {workday.py:41} WARNING - Could not import pandas. Holidays will not be considered.
[2026-04-08T13:08:48.764+0530] {processor.py:927} WARNING - No viable dags retrieved from /Users/navalyemul/Documents/uptime/airflow_venv/lib/python3.12/site-packages/airflow/example_dags/plugins/workday.py
[2026-04-08T13:08:48.802+0530] {processor.py:208} INFO - Processing /Users/navalyemul/Documents/uptime/airflow_venv/lib/python3.12/site-packages/airflow/example_dags/plugins/workday.py took 0.042 seconds
[2026-04-08T13:10:10.948+0530] {processor.py:186} INFO - Started process (PID=32330) to work on /Users/navalyemul/Documents/uptime/airflow_venv/lib/python3.12/site-packages/airflow/example_dags/plugins/workday.py
[2026-04-08T13:10:10.948+0530] {processor.py:914} INFO - Processing file /Users/navalyemul/Documents/uptime/airflow_venv/lib/python3.12/site-packages/airflow/example_dags/plugins/workday.py for tasks to queue
[2026-04-08T13:10:10.949+0530] {logging_mixin.py:190} INFO - [2026-04-08T13:10:10.949+0530] {dagbag.py:588} INFO - Filling up the DagBag from /Users/navalyemul/Documents/uptime/airflow_venv/lib/python3.12/site-packages/airflow/example_dags/plugins/workday.py
[2026-04-08T13:10:10.950+0530] {logging_mixin.py:190} INFO - [2026-04-08T13:10:10.950+0530] {workday.py:41} WARNING - Could not import pandas. Holidays will not be considered.
[2026-04-08T13:10:10.950+0530] {processor.py:927} WARNING - No viable dags retrieved from /Users/navalyemul/Documents/uptime/airflow_venv/lib/python3.12/site-packages/airflow/example_dags/plugins/workday.py
[2026-04-08T13:10:10.988+0530] {processor.py:208} INFO - Processing /Users/navalyemul/Documents/uptime/airflow_venv/lib/python3.12/site-packages/airflow/example_dags/plugins/workday.py took 0.041 seconds
[2026-04-08T13:11:33.263+0530] {processor.py:186} INFO - Started process (PID=33260) to work on /Users/navalyemul/Documents/uptime/airflow_venv/lib/python3.12/site-packages/airflow/example_dags/plugins/workday.py
[2026-04-08T13:11:33.264+0530] {processor.py:914} INFO - Processing file /Users/navalyemul/Documents/uptime/airflow_venv/lib/python3.12/site-packages/airflow/example_dags/plugins/workday.py for tasks to queue
[2026-04-08T13:11:33.264+0530] {logging_mixin.py:190} INFO - [2026-04-08T13:11:33.264+0530] {dagbag.py:588} INFO - Filling up the DagBag from /Users/navalyemul/Documents/uptime/airflow_venv/lib/python3.12/site-packages/airflow/example_dags/plugins/workday.py
[2026-04-08T13:11:33.265+0530] {logging_mixin.py:190} INFO - [2026-04-08T13:11:33.265+0530] {workday.py:41} WARNING - Could not import pandas. Holidays will not be considered.
[2026-04-08T13:11:33.265+0530] {processor.py:927} WARNING - No viable dags retrieved from /Users/navalyemul/Documents/uptime/airflow_venv/lib/python3.12/site-packages/airflow/example_dags/plugins/workday.py
[2026-04-08T13:11:33.303+0530] {processor.py:208} INFO - Processing /Users/navalyemul/Documents/uptime/airflow_venv/lib/python3.12/site-packages/airflow/example_dags/plugins/workday.py took 0.041 seconds
[2026-04-08T13:12:56.888+0530] {processor.py:186} INFO - Started process (PID=34179) to work on /Users/navalyemul/Documents/uptime/airflow_venv/lib/python3.12/site-packages/airflow/example_dags/plugins/workday.py
[2026-04-08T13:12:56.889+0530] {processor.py:914} INFO - Processing file /Users/navalyemul/Documents/uptime/airflow_venv/lib/python3.12/site-packages/airflow/example_dags/plugins/workday.py for tasks to queue
[2026-04-08T13:12:56.889+0530] {logging_mixin.py:190} INFO - [2026-04-08T13:12:56.889+0530] {dagbag.py:588} INFO - Filling up the DagBag from /Users/navalyemul/Documents/uptime/airflow_venv/lib/python3.12/site-packages/airflow/example_dags/plugins/workday.py
[2026-04-08T13:12:56.890+0530] {logging_mixin.py:190} INFO - [2026-04-08T13:12:56.890+0530] {workday.py:41} WARNING - Could not import pandas. Holidays will not be considered.
[2026-04-08T13:12:56.890+0530] {processor.py:927} WARNING - No viable dags retrieved from /Users/navalyemul/Documents/uptime/airflow_venv/lib/python3.12/site-packages/airflow/example_dags/plugins/workday.py
[2026-04-08T13:12:56.929+0530] {processor.py:208} INFO - Processing /Users/navalyemul/Documents/uptime/airflow_venv/lib/python3.12/site-packages/airflow/example_dags/plugins/workday.py took 0.042 seconds
[2026-04-08T13:14:18.955+0530] {processor.py:186} INFO - Started process (PID=35107) to work on /Users/navalyemul/Documents/uptime/airflow_venv/lib/python3.12/site-packages/airflow/example_dags/plugins/workday.py
[2026-04-08T13:14:18.956+0530] {processor.py:914} INFO - Processing file /Users/navalyemul/Documents/uptime/airflow_venv/lib/python3.12/site-packages/airflow/example_dags/plugins/workday.py for tasks to queue
[2026-04-08T13:14:18.957+0530] {logging_mixin.py:190} INFO - [2026-04-08T13:14:18.957+0530] {dagbag.py:588} INFO - Filling up the DagBag from /Users/navalyemul/Documents/uptime/airflow_venv/lib/python3.12/site-packages/airflow/example_dags/plugins/workday.py
[2026-04-08T13:14:18.958+0530] {logging_mixin.py:190} INFO - [2026-04-08T13:14:18.958+0530] {workday.py:41} WARNING - Could not import pandas. Holidays will not be considered.
[2026-04-08T13:14:18.958+0530] {processor.py:927} WARNING - No viable dags retrieved from /Users/navalyemul/Documents/uptime/airflow_venv/lib/python3.12/site-packages/airflow/example_dags/plugins/workday.py
[2026-04-08T13:14:18.995+0530] {processor.py:208} INFO - Processing /Users/navalyemul/Documents/uptime/airflow_venv/lib/python3.12/site-packages/airflow/example_dags/plugins/workday.py took 0.041 seconds
[2026-04-08T13:15:43.191+0530] {processor.py:186} INFO - Started process (PID=36062) to work on /Users/navalyemul/Documents/uptime/airflow_venv/lib/python3.12/site-packages/airflow/example_dags/plugins/workday.py
[2026-04-08T13:15:43.192+0530] {processor.py:914} INFO - Processing file /Users/navalyemul/Documents/uptime/airflow_venv/lib/python3.12/site-packages/airflow/example_dags/plugins/workday.py for tasks to queue
[2026-04-08T13:15:43.193+0530] {logging_mixin.py:190} INFO - [2026-04-08T13:15:43.192+0530] {dagbag.py:588} INFO - Filling up the DagBag from /Users/navalyemul/Documents/uptime/airflow_venv/lib/python3.12/site-packages/airflow/example_dags/plugins/workday.py
[2026-04-08T13:15:43.193+0530] {logging_mixin.py:190} INFO - [2026-04-08T13:15:43.193+0530] {workday.py:41} WARNING - Could not import pandas. Holidays will not be considered.
[2026-04-08T13:15:43.194+0530] {processor.py:927} WARNING - No viable dags retrieved from /Users/navalyemul/Documents/uptime/airflow_venv/lib/python3.12/site-packages/airflow/example_dags/plugins/workday.py
[2026-04-08T13:15:43.231+0530] {processor.py:208} INFO - Processing /Users/navalyemul/Documents/uptime/airflow_venv/lib/python3.12/site-packages/airflow/example_dags/plugins/workday.py took 0.041 seconds
[2026-04-08T13:17:07.400+0530] {processor.py:186} INFO - Started process (PID=37004) to work on /Users/navalyemul/Documents/uptime/airflow_venv/lib/python3.12/site-packages/airflow/example_dags/plugins/workday.py
[2026-04-08T13:17:07.401+0530] {processor.py:914} INFO - Processing file /Users/navalyemul/Documents/uptime/airflow_venv/lib/python3.12/site-packages/airflow/example_dags/plugins/workday.py for tasks to queue
[2026-04-08T13:17:07.401+0530] {logging_mixin.py:190} INFO - [2026-04-08T13:17:07.401+0530] {dagbag.py:588} INFO - Filling up the DagBag from /Users/navalyemul/Documents/uptime/airflow_venv/lib/python3.12/site-packages/airflow/example_dags/plugins/workday.py
[2026-04-08T13:17:07.402+0530] {logging_mixin.py:190} INFO - [2026-04-08T13:17:07.402+0530] {workday.py:41} WARNING - Could not import pandas. Holidays will not be considered.
[2026-04-08T13:17:07.402+0530] {processor.py:927} WARNING - No viable dags retrieved from /Users/navalyemul/Documents/uptime/airflow_venv/lib/python3.12/site-packages/airflow/example_dags/plugins/workday.py
[2026-04-08T13:17:07.439+0530] {processor.py:208} INFO - Processing /Users/navalyemul/Documents/uptime/airflow_venv/lib/python3.12/site-packages/airflow/example_dags/plugins/workday.py took 0.041 seconds
[2026-04-08T13:18:30.678+0530] {processor.py:186} INFO - Started process (PID=37944) to work on /Users/navalyemul/Documents/uptime/airflow_venv/lib/python3.12/site-packages/airflow/example_dags/plugins/workday.py
[2026-04-08T13:18:30.679+0530] {processor.py:914} INFO - Processing file /Users/navalyemul/Documents/uptime/airflow_venv/lib/python3.12/site-packages/airflow/example_dags/plugins/workday.py for tasks to queue
[2026-04-08T13:18:30.679+0530] {logging_mixin.py:190} INFO - [2026-04-08T13:18:30.679+0530] {dagbag.py:588} INFO - Filling up the DagBag from /Users/navalyemul/Documents/uptime/airflow_venv/lib/python3.12/site-packages/airflow/example_dags/plugins/workday.py
[2026-04-08T13:18:30.680+0530] {logging_mixin.py:190} INFO - [2026-04-08T13:18:30.680+0530] {workday.py:41} WARNING - Could not import pandas. Holidays will not be considered.
[2026-04-08T13:18:30.680+0530] {processor.py:927} WARNING - No viable dags retrieved from /Users/navalyemul/Documents/uptime/airflow_venv/lib/python3.12/site-packages/airflow/example_dags/plugins/workday.py
[2026-04-08T13:18:30.717+0530] {processor.py:208} INFO - Processing /Users/navalyemul/Documents/uptime/airflow_venv/lib/python3.12/site-packages/airflow/example_dags/plugins/workday.py took 0.041 seconds
[2026-04-08T13:20:41.847+0530] {processor.py:186} INFO - Started process (PID=38894) to work on /Users/navalyemul/Documents/uptime/airflow_venv/lib/python3.12/site-packages/airflow/example_dags/plugins/workday.py
[2026-04-08T13:20:41.847+0530] {processor.py:914} INFO - Processing file /Users/navalyemul/Documents/uptime/airflow_venv/lib/python3.12/site-packages/airflow/example_dags/plugins/workday.py for tasks to queue
[2026-04-08T13:20:41.848+0530] {logging_mixin.py:190} INFO - [2026-04-08T13:20:41.848+0530] {dagbag.py:588} INFO - Filling up the DagBag from /Users/navalyemul/Documents/uptime/airflow_venv/lib/python3.12/site-packages/airflow/example_dags/plugins/workday.py
[2026-04-08T13:20:41.849+0530] {logging_mixin.py:190} INFO - [2026-04-08T13:20:41.849+0530] {workday.py:41} WARNING - Could not import pandas. Holidays will not be considered.
[2026-04-08T13:20:41.849+0530] {processor.py:927} WARNING - No viable dags retrieved from /Users/navalyemul/Documents/uptime/airflow_venv/lib/python3.12/site-packages/airflow/example_dags/plugins/workday.py
[2026-04-08T13:20:41.885+0530] {processor.py:208} INFO - Processing /Users/navalyemul/Documents/uptime/airflow_venv/lib/python3.12/site-packages/airflow/example_dags/plugins/workday.py took 0.040 seconds
[2026-04-08T13:30:27.288+0530] {processor.py:186} INFO - Started process (PID=39918) to work on /Users/navalyemul/Documents/uptime/airflow_venv/lib/python3.12/site-packages/airflow/example_dags/plugins/workday.py
[2026-04-08T13:30:27.289+0530] {processor.py:914} INFO - Processing file /Users/navalyemul/Documents/uptime/airflow_venv/lib/python3.12/site-packages/airflow/example_dags/plugins/workday.py for tasks to queue
[2026-04-08T13:30:27.290+0530] {logging_mixin.py:190} INFO - [2026-04-08T13:30:27.289+0530] {dagbag.py:588} INFO - Filling up the DagBag from /Users/navalyemul/Documents/uptime/airflow_venv/lib/python3.12/site-packages/airflow/example_dags/plugins/workday.py
[2026-04-08T13:30:27.291+0530] {logging_mixin.py:190} INFO - [2026-04-08T13:30:27.290+0530] {workday.py:41} WARNING - Could not import pandas. Holidays will not be considered.
[2026-04-08T13:30:27.291+0530] {processor.py:927} WARNING - No viable dags retrieved from /Users/navalyemul/Documents/uptime/airflow_venv/lib/python3.12/site-packages/airflow/example_dags/plugins/workday.py
[2026-04-08T13:30:27.327+0530] {processor.py:208} INFO - Processing /Users/navalyemul/Documents/uptime/airflow_venv/lib/python3.12/site-packages/airflow/example_dags/plugins/workday.py took 0.041 seconds
[2026-04-08T13:34:47.950+0530] {processor.py:186} INFO - Started process (PID=41018) to work on /Users/navalyemul/Documents/uptime/airflow_venv/lib/python3.12/site-packages/airflow/example_dags/plugins/workday.py
[2026-04-08T13:34:47.951+0530] {processor.py:914} INFO - Processing file /Users/navalyemul/Documents/uptime/airflow_venv/lib/python3.12/site-packages/airflow/example_dags/plugins/workday.py for tasks to queue
[2026-04-08T13:34:47.951+0530] {logging_mixin.py:190} INFO - [2026-04-08T13:34:47.951+0530] {dagbag.py:588} INFO - Filling up the DagBag from /Users/navalyemul/Documents/uptime/airflow_venv/lib/python3.12/site-packages/airflow/example_dags/plugins/workday.py
[2026-04-08T13:34:47.952+0530] {logging_mixin.py:190} INFO - [2026-04-08T13:34:47.952+0530] {workday.py:41} WARNING - Could not import pandas. Holidays will not be considered.
[2026-04-08T13:34:47.953+0530] {processor.py:927} WARNING - No viable dags retrieved from /Users/navalyemul/Documents/uptime/airflow_venv/lib/python3.12/site-packages/airflow/example_dags/plugins/workday.py
[2026-04-08T13:34:47.991+0530] {processor.py:208} INFO - Processing /Users/navalyemul/Documents/uptime/airflow_venv/lib/python3.12/site-packages/airflow/example_dags/plugins/workday.py took 0.043 seconds
[2026-04-08T13:41:15.796+0530] {processor.py:186} INFO - Started process (PID=41964) to work on /Users/navalyemul/Documents/uptime/airflow_venv/lib/python3.12/site-packages/airflow/example_dags/plugins/workday.py
[2026-04-08T13:41:15.797+0530] {processor.py:914} INFO - Processing file /Users/navalyemul/Documents/uptime/airflow_venv/lib/python3.12/site-packages/airflow/example_dags/plugins/workday.py for tasks to queue
[2026-04-08T13:41:15.797+0530] {logging_mixin.py:190} INFO - [2026-04-08T13:41:15.797+0530] {dagbag.py:588} INFO - Filling up the DagBag from /Users/navalyemul/Documents/uptime/airflow_venv/lib/python3.12/site-packages/airflow/example_dags/plugins/workday.py
[2026-04-08T13:41:15.798+0530] {logging_mixin.py:190} INFO - [2026-04-08T13:41:15.798+0530] {workday.py:41} WARNING - Could not import pandas. Holidays will not be considered.
[2026-04-08T13:41:15.798+0530] {processor.py:927} WARNING - No viable dags retrieved from /Users/navalyemul/Documents/uptime/airflow_venv/lib/python3.12/site-packages/airflow/example_dags/plugins/workday.py
[2026-04-08T13:41:15.834+0530] {processor.py:208} INFO - Processing /Users/navalyemul/Documents/uptime/airflow_venv/lib/python3.12/site-packages/airflow/example_dags/plugins/workday.py took 0.040 seconds
[2026-04-08T13:53:59.206+0530] {processor.py:186} INFO - Started process (PID=43131) to work on /Users/navalyemul/Documents/uptime/airflow_venv/lib/python3.12/site-packages/airflow/example_dags/plugins/workday.py
[2026-04-08T13:53:59.209+0530] {processor.py:914} INFO - Processing file /Users/navalyemul/Documents/uptime/airflow_venv/lib/python3.12/site-packages/airflow/example_dags/plugins/workday.py for tasks to queue
[2026-04-08T13:53:59.209+0530] {logging_mixin.py:190} INFO - [2026-04-08T13:53:59.209+0530] {dagbag.py:588} INFO - Filling up the DagBag from /Users/navalyemul/Documents/uptime/airflow_venv/lib/python3.12/site-packages/airflow/example_dags/plugins/workday.py
[2026-04-08T13:53:59.210+0530] {logging_mixin.py:190} INFO - [2026-04-08T13:53:59.210+0530] {workday.py:41} WARNING - Could not import pandas. Holidays will not be considered.
[2026-04-08T13:53:59.211+0530] {processor.py:927} WARNING - No viable dags retrieved from /Users/navalyemul/Documents/uptime/airflow_venv/lib/python3.12/site-packages/airflow/example_dags/plugins/workday.py
[2026-04-08T13:53:59.248+0530] {processor.py:208} INFO - Processing /Users/navalyemul/Documents/uptime/airflow_venv/lib/python3.12/site-packages/airflow/example_dags/plugins/workday.py took 0.043 seconds
[2026-04-08T13:55:47.845+0530] {processor.py:186} INFO - Started process (PID=44228) to work on /Users/navalyemul/Documents/uptime/airflow_venv/lib/python3.12/site-packages/airflow/example_dags/plugins/workday.py
[2026-04-08T13:55:47.845+0530] {processor.py:914} INFO - Processing file /Users/navalyemul/Documents/uptime/airflow_venv/lib/python3.12/site-packages/airflow/example_dags/plugins/workday.py for tasks to queue
[2026-04-08T13:55:47.846+0530] {logging_mixin.py:190} INFO - [2026-04-08T13:55:47.846+0530] {dagbag.py:588} INFO - Filling up the DagBag from /Users/navalyemul/Documents/uptime/airflow_venv/lib/python3.12/site-packages/airflow/example_dags/plugins/workday.py
[2026-04-08T13:55:47.847+0530] {logging_mixin.py:190} INFO - [2026-04-08T13:55:47.847+0530] {workday.py:41} WARNING - Could not import pandas. Holidays will not be considered.
[2026-04-08T13:55:47.847+0530] {processor.py:927} WARNING - No viable dags retrieved from /Users/navalyemul/Documents/uptime/airflow_venv/lib/python3.12/site-packages/airflow/example_dags/plugins/workday.py
[2026-04-08T13:55:47.889+0530] {processor.py:208} INFO - Processing /Users/navalyemul/Documents/uptime/airflow_venv/lib/python3.12/site-packages/airflow/example_dags/plugins/workday.py took 0.047 seconds
[2026-04-08T13:57:29.112+0530] {processor.py:186} INFO - Started process (PID=45245) to work on /Users/navalyemul/Documents/uptime/airflow_venv/lib/python3.12/site-packages/airflow/example_dags/plugins/workday.py
[2026-04-08T13:57:29.113+0530] {processor.py:914} INFO - Processing file /Users/navalyemul/Documents/uptime/airflow_venv/lib/python3.12/site-packages/airflow/example_dags/plugins/workday.py for tasks to queue
[2026-04-08T13:57:29.113+0530] {logging_mixin.py:190} INFO - [2026-04-08T13:57:29.113+0530] {dagbag.py:588} INFO - Filling up the DagBag from /Users/navalyemul/Documents/uptime/airflow_venv/lib/python3.12/site-packages/airflow/example_dags/plugins/workday.py
[2026-04-08T13:57:29.114+0530] {logging_mixin.py:190} INFO - [2026-04-08T13:57:29.114+0530] {workday.py:41} WARNING - Could not import pandas. Holidays will not be considered.
[2026-04-08T13:57:29.114+0530] {processor.py:927} WARNING - No viable dags retrieved from /Users/navalyemul/Documents/uptime/airflow_venv/lib/python3.12/site-packages/airflow/example_dags/plugins/workday.py
[2026-04-08T13:57:29.160+0530] {processor.py:208} INFO - Processing /Users/navalyemul/Documents/uptime/airflow_venv/lib/python3.12/site-packages/airflow/example_dags/plugins/workday.py took 0.050 seconds
