[2026-04-08T12:47:49.345+0530] {processor.py:186} INFO - Started process (PID=18056) to work on /Users/navalyemul/Documents/uptime/airflow_venv/lib/python3.12/site-packages/airflow/example_dags/example_dag_decorator.py
[2026-04-08T12:47:49.347+0530] {processor.py:914} INFO - Processing file /Users/navalyemul/Documents/uptime/airflow_venv/lib/python3.12/site-packages/airflow/example_dags/example_dag_decorator.py for tasks to queue
[2026-04-08T12:47:49.348+0530] {logging_mixin.py:190} INFO - [2026-04-08T12:47:49.348+0530] {dagbag.py:588} INFO - Filling up the DagBag from /Users/navalyemul/Documents/uptime/airflow_venv/lib/python3.12/site-packages/airflow/example_dags/example_dag_decorator.py
[2026-04-08T12:47:49.477+0530] {processor.py:925} INFO - DAG(s) 'example_dag_decorator' retrieved from /Users/navalyemul/Documents/uptime/airflow_venv/lib/python3.12/site-packages/airflow/example_dags/example_dag_decorator.py
[2026-04-08T12:47:49.594+0530] {logging_mixin.py:190} INFO - [2026-04-08T12:47:49.594+0530] {override.py:1912} INFO - Created Permission View: can edit on DAG:example_dag_decorator
[2026-04-08T12:47:49.598+0530] {logging_mixin.py:190} INFO - [2026-04-08T12:47:49.598+0530] {override.py:1912} INFO - Created Permission View: can read on DAG:example_dag_decorator
[2026-04-08T12:47:49.601+0530] {logging_mixin.py:190} INFO - [2026-04-08T12:47:49.601+0530] {override.py:1912} INFO - Created Permission View: can delete on DAG:example_dag_decorator
[2026-04-08T12:47:49.605+0530] {logging_mixin.py:190} INFO - [2026-04-08T12:47:49.605+0530] {override.py:1912} INFO - Created Permission View: menu access on DAG Run:example_dag_decorator
[2026-04-08T12:47:49.607+0530] {logging_mixin.py:190} INFO - [2026-04-08T12:47:49.607+0530] {override.py:1912} INFO - Created Permission View: can read on DAG Run:example_dag_decorator
[2026-04-08T12:47:49.610+0530] {logging_mixin.py:190} INFO - [2026-04-08T12:47:49.610+0530] {override.py:1912} INFO - Created Permission View: can delete on DAG Run:example_dag_decorator
[2026-04-08T12:47:49.613+0530] {logging_mixin.py:190} INFO - [2026-04-08T12:47:49.612+0530] {override.py:1912} INFO - Created Permission View: can create on DAG Run:example_dag_decorator
[2026-04-08T12:47:49.613+0530] {logging_mixin.py:190} INFO - [2026-04-08T12:47:49.613+0530] {dag.py:3239} INFO - Sync 1 DAGs
[2026-04-08T12:47:49.619+0530] {logging_mixin.py:190} INFO - [2026-04-08T12:47:49.618+0530] {dag.py:3262} INFO - Creating ORM DAG for example_dag_decorator
[2026-04-08T12:47:49.619+0530] {logging_mixin.py:190} INFO - [2026-04-08T12:47:49.619+0530] {dag.py:4180} INFO - Setting next_dagrun for example_dag_decorator to None, run_after=None
[2026-04-08T12:47:49.627+0530] {processor.py:208} INFO - Processing /Users/navalyemul/Documents/uptime/airflow_venv/lib/python3.12/site-packages/airflow/example_dags/example_dag_decorator.py took 0.284 seconds
[2026-04-08T12:50:35.784+0530] {processor.py:186} INFO - Started process (PID=19960) to work on /Users/navalyemul/Documents/uptime/airflow_venv/lib/python3.12/site-packages/airflow/example_dags/example_dag_decorator.py
[2026-04-08T12:50:35.785+0530] {processor.py:914} INFO - Processing file /Users/navalyemul/Documents/uptime/airflow_venv/lib/python3.12/site-packages/airflow/example_dags/example_dag_decorator.py for tasks to queue
[2026-04-08T12:50:35.786+0530] {logging_mixin.py:190} INFO - [2026-04-08T12:50:35.786+0530] {dagbag.py:588} INFO - Filling up the DagBag from /Users/navalyemul/Documents/uptime/airflow_venv/lib/python3.12/site-packages/airflow/example_dags/example_dag_decorator.py
[2026-04-08T12:50:35.915+0530] {processor.py:925} INFO - DAG(s) 'example_dag_decorator' retrieved from /Users/navalyemul/Documents/uptime/airflow_venv/lib/python3.12/site-packages/airflow/example_dags/example_dag_decorator.py
[2026-04-08T12:50:36.066+0530] {logging_mixin.py:190} INFO - [2026-04-08T12:50:36.066+0530] {dag.py:3239} INFO - Sync 1 DAGs
[2026-04-08T12:50:36.071+0530] {logging_mixin.py:190} INFO - [2026-04-08T12:50:36.071+0530] {dag.py:4180} INFO - Setting next_dagrun for example_dag_decorator to None, run_after=None
[2026-04-08T12:50:36.081+0530] {processor.py:208} INFO - Processing /Users/navalyemul/Documents/uptime/airflow_venv/lib/python3.12/site-packages/airflow/example_dags/example_dag_decorator.py took 0.299 seconds
[2026-04-08T12:54:06.370+0530] {processor.py:186} INFO - Started process (PID=21848) to work on /Users/navalyemul/Documents/uptime/airflow_venv/lib/python3.12/site-packages/airflow/example_dags/example_dag_decorator.py
[2026-04-08T12:54:06.372+0530] {processor.py:914} INFO - Processing file /Users/navalyemul/Documents/uptime/airflow_venv/lib/python3.12/site-packages/airflow/example_dags/example_dag_decorator.py for tasks to queue
[2026-04-08T12:54:06.373+0530] {logging_mixin.py:190} INFO - [2026-04-08T12:54:06.373+0530] {dagbag.py:588} INFO - Filling up the DagBag from /Users/navalyemul/Documents/uptime/airflow_venv/lib/python3.12/site-packages/airflow/example_dags/example_dag_decorator.py
[2026-04-08T12:54:06.541+0530] {processor.py:925} INFO - DAG(s) 'example_dag_decorator' retrieved from /Users/navalyemul/Documents/uptime/airflow_venv/lib/python3.12/site-packages/airflow/example_dags/example_dag_decorator.py
[2026-04-08T12:54:06.728+0530] {logging_mixin.py:190} INFO - [2026-04-08T12:54:06.728+0530] {dag.py:3239} INFO - Sync 1 DAGs
[2026-04-08T12:54:06.736+0530] {logging_mixin.py:190} INFO - [2026-04-08T12:54:06.736+0530] {dag.py:4180} INFO - Setting next_dagrun for example_dag_decorator to None, run_after=None
[2026-04-08T12:54:06.747+0530] {processor.py:208} INFO - Processing /Users/navalyemul/Documents/uptime/airflow_venv/lib/python3.12/site-packages/airflow/example_dags/example_dag_decorator.py took 0.381 seconds
[2026-04-08T12:57:20.131+0530] {processor.py:186} INFO - Started process (PID=23712) to work on /Users/navalyemul/Documents/uptime/airflow_venv/lib/python3.12/site-packages/airflow/example_dags/example_dag_decorator.py
[2026-04-08T12:57:20.132+0530] {processor.py:914} INFO - Processing file /Users/navalyemul/Documents/uptime/airflow_venv/lib/python3.12/site-packages/airflow/example_dags/example_dag_decorator.py for tasks to queue
[2026-04-08T12:57:20.133+0530] {logging_mixin.py:190} INFO - [2026-04-08T12:57:20.132+0530] {dagbag.py:588} INFO - Filling up the DagBag from /Users/navalyemul/Documents/uptime/airflow_venv/lib/python3.12/site-packages/airflow/example_dags/example_dag_decorator.py
[2026-04-08T12:57:20.252+0530] {processor.py:925} INFO - DAG(s) 'example_dag_decorator' retrieved from /Users/navalyemul/Documents/uptime/airflow_venv/lib/python3.12/site-packages/airflow/example_dags/example_dag_decorator.py
[2026-04-08T12:57:20.382+0530] {logging_mixin.py:190} INFO - [2026-04-08T12:57:20.382+0530] {dag.py:3239} INFO - Sync 1 DAGs
[2026-04-08T12:57:20.387+0530] {logging_mixin.py:190} INFO - [2026-04-08T12:57:20.387+0530] {dag.py:4180} INFO - Setting next_dagrun for example_dag_decorator to None, run_after=None
[2026-04-08T12:57:20.397+0530] {processor.py:208} INFO - Processing /Users/navalyemul/Documents/uptime/airflow_venv/lib/python3.12/site-packages/airflow/example_dags/example_dag_decorator.py took 0.267 seconds
[2026-04-08T13:00:10.628+0530] {processor.py:186} INFO - Started process (PID=25553) to work on /Users/navalyemul/Documents/uptime/airflow_venv/lib/python3.12/site-packages/airflow/example_dags/example_dag_decorator.py
[2026-04-08T13:00:10.629+0530] {processor.py:914} INFO - Processing file /Users/navalyemul/Documents/uptime/airflow_venv/lib/python3.12/site-packages/airflow/example_dags/example_dag_decorator.py for tasks to queue
[2026-04-08T13:00:10.629+0530] {logging_mixin.py:190} INFO - [2026-04-08T13:00:10.629+0530] {dagbag.py:588} INFO - Filling up the DagBag from /Users/navalyemul/Documents/uptime/airflow_venv/lib/python3.12/site-packages/airflow/example_dags/example_dag_decorator.py
[2026-04-08T13:00:10.741+0530] {processor.py:925} INFO - DAG(s) 'example_dag_decorator' retrieved from /Users/navalyemul/Documents/uptime/airflow_venv/lib/python3.12/site-packages/airflow/example_dags/example_dag_decorator.py
[2026-04-08T13:00:10.873+0530] {logging_mixin.py:190} INFO - [2026-04-08T13:00:10.873+0530] {dag.py:3239} INFO - Sync 1 DAGs
[2026-04-08T13:00:10.878+0530] {logging_mixin.py:190} INFO - [2026-04-08T13:00:10.878+0530] {dag.py:4180} INFO - Setting next_dagrun for example_dag_decorator to None, run_after=None
[2026-04-08T13:00:10.886+0530] {processor.py:208} INFO - Processing /Users/navalyemul/Documents/uptime/airflow_venv/lib/python3.12/site-packages/airflow/example_dags/example_dag_decorator.py took 0.260 seconds
[2026-04-08T13:02:51.601+0530] {processor.py:186} INFO - Started process (PID=27404) to work on /Users/navalyemul/Documents/uptime/airflow_venv/lib/python3.12/site-packages/airflow/example_dags/example_dag_decorator.py
[2026-04-08T13:02:51.602+0530] {processor.py:914} INFO - Processing file /Users/navalyemul/Documents/uptime/airflow_venv/lib/python3.12/site-packages/airflow/example_dags/example_dag_decorator.py for tasks to queue
[2026-04-08T13:02:51.602+0530] {logging_mixin.py:190} INFO - [2026-04-08T13:02:51.602+0530] {dagbag.py:588} INFO - Filling up the DagBag from /Users/navalyemul/Documents/uptime/airflow_venv/lib/python3.12/site-packages/airflow/example_dags/example_dag_decorator.py
[2026-04-08T13:02:51.706+0530] {processor.py:925} INFO - DAG(s) 'example_dag_decorator' retrieved from /Users/navalyemul/Documents/uptime/airflow_venv/lib/python3.12/site-packages/airflow/example_dags/example_dag_decorator.py
[2026-04-08T13:02:51.829+0530] {logging_mixin.py:190} INFO - [2026-04-08T13:02:51.829+0530] {dag.py:3239} INFO - Sync 1 DAGs
[2026-04-08T13:02:51.834+0530] {logging_mixin.py:190} INFO - [2026-04-08T13:02:51.834+0530] {dag.py:4180} INFO - Setting next_dagrun for example_dag_decorator to None, run_after=None
[2026-04-08T13:02:51.842+0530] {processor.py:208} INFO - Processing /Users/navalyemul/Documents/uptime/airflow_venv/lib/python3.12/site-packages/airflow/example_dags/example_dag_decorator.py took 0.243 seconds
[2026-04-08T13:05:40.373+0530] {processor.py:186} INFO - Started process (PID=29350) to work on /Users/navalyemul/Documents/uptime/airflow_venv/lib/python3.12/site-packages/airflow/example_dags/example_dag_decorator.py
[2026-04-08T13:05:40.374+0530] {processor.py:914} INFO - Processing file /Users/navalyemul/Documents/uptime/airflow_venv/lib/python3.12/site-packages/airflow/example_dags/example_dag_decorator.py for tasks to queue
[2026-04-08T13:05:40.375+0530] {logging_mixin.py:190} INFO - [2026-04-08T13:05:40.375+0530] {dagbag.py:588} INFO - Filling up the DagBag from /Users/navalyemul/Documents/uptime/airflow_venv/lib/python3.12/site-packages/airflow/example_dags/example_dag_decorator.py
[2026-04-08T13:05:40.522+0530] {processor.py:925} INFO - DAG(s) 'example_dag_decorator' retrieved from /Users/navalyemul/Documents/uptime/airflow_venv/lib/python3.12/site-packages/airflow/example_dags/example_dag_decorator.py
[2026-04-08T13:05:40.664+0530] {logging_mixin.py:190} INFO - [2026-04-08T13:05:40.664+0530] {dag.py:3239} INFO - Sync 1 DAGs
[2026-04-08T13:05:40.670+0530] {logging_mixin.py:190} INFO - [2026-04-08T13:05:40.669+0530] {dag.py:4180} INFO - Setting next_dagrun for example_dag_decorator to None, run_after=None
[2026-04-08T13:05:40.680+0530] {processor.py:208} INFO - Processing /Users/navalyemul/Documents/uptime/airflow_venv/lib/python3.12/site-packages/airflow/example_dags/example_dag_decorator.py took 0.309 seconds
[2026-04-08T13:08:26.329+0530] {processor.py:186} INFO - Started process (PID=31152) to work on /Users/navalyemul/Documents/uptime/airflow_venv/lib/python3.12/site-packages/airflow/example_dags/example_dag_decorator.py
[2026-04-08T13:08:26.330+0530] {processor.py:914} INFO - Processing file /Users/navalyemul/Documents/uptime/airflow_venv/lib/python3.12/site-packages/airflow/example_dags/example_dag_decorator.py for tasks to queue
[2026-04-08T13:08:26.331+0530] {logging_mixin.py:190} INFO - [2026-04-08T13:08:26.331+0530] {dagbag.py:588} INFO - Filling up the DagBag from /Users/navalyemul/Documents/uptime/airflow_venv/lib/python3.12/site-packages/airflow/example_dags/example_dag_decorator.py
[2026-04-08T13:08:26.436+0530] {processor.py:925} INFO - DAG(s) 'example_dag_decorator' retrieved from /Users/navalyemul/Documents/uptime/airflow_venv/lib/python3.12/site-packages/airflow/example_dags/example_dag_decorator.py
[2026-04-08T13:08:26.564+0530] {logging_mixin.py:190} INFO - [2026-04-08T13:08:26.563+0530] {dag.py:3239} INFO - Sync 1 DAGs
[2026-04-08T13:08:26.569+0530] {logging_mixin.py:190} INFO - [2026-04-08T13:08:26.568+0530] {dag.py:4180} INFO - Setting next_dagrun for example_dag_decorator to None, run_after=None
[2026-04-08T13:08:26.578+0530] {processor.py:208} INFO - Processing /Users/navalyemul/Documents/uptime/airflow_venv/lib/python3.12/site-packages/airflow/example_dags/example_dag_decorator.py took 0.250 seconds
[2026-04-08T13:11:10.883+0530] {processor.py:186} INFO - Started process (PID=33029) to work on /Users/navalyemul/Documents/uptime/airflow_venv/lib/python3.12/site-packages/airflow/example_dags/example_dag_decorator.py
[2026-04-08T13:11:10.884+0530] {processor.py:914} INFO - Processing file /Users/navalyemul/Documents/uptime/airflow_venv/lib/python3.12/site-packages/airflow/example_dags/example_dag_decorator.py for tasks to queue
[2026-04-08T13:11:10.885+0530] {logging_mixin.py:190} INFO - [2026-04-08T13:11:10.884+0530] {dagbag.py:588} INFO - Filling up the DagBag from /Users/navalyemul/Documents/uptime/airflow_venv/lib/python3.12/site-packages/airflow/example_dags/example_dag_decorator.py
[2026-04-08T13:11:10.993+0530] {processor.py:925} INFO - DAG(s) 'example_dag_decorator' retrieved from /Users/navalyemul/Documents/uptime/airflow_venv/lib/python3.12/site-packages/airflow/example_dags/example_dag_decorator.py
[2026-04-08T13:11:11.124+0530] {logging_mixin.py:190} INFO - [2026-04-08T13:11:11.124+0530] {dag.py:3239} INFO - Sync 1 DAGs
[2026-04-08T13:11:11.129+0530] {logging_mixin.py:190} INFO - [2026-04-08T13:11:11.129+0530] {dag.py:4180} INFO - Setting next_dagrun for example_dag_decorator to None, run_after=None
[2026-04-08T13:11:11.138+0530] {processor.py:208} INFO - Processing /Users/navalyemul/Documents/uptime/airflow_venv/lib/python3.12/site-packages/airflow/example_dags/example_dag_decorator.py took 0.257 seconds
[2026-04-08T13:13:57.306+0530] {processor.py:186} INFO - Started process (PID=34854) to work on /Users/navalyemul/Documents/uptime/airflow_venv/lib/python3.12/site-packages/airflow/example_dags/example_dag_decorator.py
[2026-04-08T13:13:57.307+0530] {processor.py:914} INFO - Processing file /Users/navalyemul/Documents/uptime/airflow_venv/lib/python3.12/site-packages/airflow/example_dags/example_dag_decorator.py for tasks to queue
[2026-04-08T13:13:57.307+0530] {logging_mixin.py:190} INFO - [2026-04-08T13:13:57.307+0530] {dagbag.py:588} INFO - Filling up the DagBag from /Users/navalyemul/Documents/uptime/airflow_venv/lib/python3.12/site-packages/airflow/example_dags/example_dag_decorator.py
[2026-04-08T13:13:57.416+0530] {processor.py:925} INFO - DAG(s) 'example_dag_decorator' retrieved from /Users/navalyemul/Documents/uptime/airflow_venv/lib/python3.12/site-packages/airflow/example_dags/example_dag_decorator.py
[2026-04-08T13:13:57.540+0530] {logging_mixin.py:190} INFO - [2026-04-08T13:13:57.540+0530] {dag.py:3239} INFO - Sync 1 DAGs
[2026-04-08T13:13:57.545+0530] {logging_mixin.py:190} INFO - [2026-04-08T13:13:57.545+0530] {dag.py:4180} INFO - Setting next_dagrun for example_dag_decorator to None, run_after=None
[2026-04-08T13:13:57.553+0530] {processor.py:208} INFO - Processing /Users/navalyemul/Documents/uptime/airflow_venv/lib/python3.12/site-packages/airflow/example_dags/example_dag_decorator.py took 0.250 seconds
[2026-04-08T13:16:44.968+0530] {processor.py:186} INFO - Started process (PID=36756) to work on /Users/navalyemul/Documents/uptime/airflow_venv/lib/python3.12/site-packages/airflow/example_dags/example_dag_decorator.py
[2026-04-08T13:16:44.969+0530] {processor.py:914} INFO - Processing file /Users/navalyemul/Documents/uptime/airflow_venv/lib/python3.12/site-packages/airflow/example_dags/example_dag_decorator.py for tasks to queue
[2026-04-08T13:16:44.970+0530] {logging_mixin.py:190} INFO - [2026-04-08T13:16:44.969+0530] {dagbag.py:588} INFO - Filling up the DagBag from /Users/navalyemul/Documents/uptime/airflow_venv/lib/python3.12/site-packages/airflow/example_dags/example_dag_decorator.py
[2026-04-08T13:16:45.072+0530] {processor.py:925} INFO - DAG(s) 'example_dag_decorator' retrieved from /Users/navalyemul/Documents/uptime/airflow_venv/lib/python3.12/site-packages/airflow/example_dags/example_dag_decorator.py
[2026-04-08T13:16:45.199+0530] {logging_mixin.py:190} INFO - [2026-04-08T13:16:45.199+0530] {dag.py:3239} INFO - Sync 1 DAGs
[2026-04-08T13:16:45.204+0530] {logging_mixin.py:190} INFO - [2026-04-08T13:16:45.204+0530] {dag.py:4180} INFO - Setting next_dagrun for example_dag_decorator to None, run_after=None
[2026-04-08T13:16:45.212+0530] {processor.py:208} INFO - Processing /Users/navalyemul/Documents/uptime/airflow_venv/lib/python3.12/site-packages/airflow/example_dags/example_dag_decorator.py took 0.246 seconds
[2026-04-08T13:19:37.632+0530] {processor.py:186} INFO - Started process (PID=38651) to work on /Users/navalyemul/Documents/uptime/airflow_venv/lib/python3.12/site-packages/airflow/example_dags/example_dag_decorator.py
[2026-04-08T13:19:37.633+0530] {processor.py:914} INFO - Processing file /Users/navalyemul/Documents/uptime/airflow_venv/lib/python3.12/site-packages/airflow/example_dags/example_dag_decorator.py for tasks to queue
[2026-04-08T13:19:37.633+0530] {logging_mixin.py:190} INFO - [2026-04-08T13:19:37.633+0530] {dagbag.py:588} INFO - Filling up the DagBag from /Users/navalyemul/Documents/uptime/airflow_venv/lib/python3.12/site-packages/airflow/example_dags/example_dag_decorator.py
[2026-04-08T13:19:37.735+0530] {processor.py:925} INFO - DAG(s) 'example_dag_decorator' retrieved from /Users/navalyemul/Documents/uptime/airflow_venv/lib/python3.12/site-packages/airflow/example_dags/example_dag_decorator.py
[2026-04-08T13:19:37.863+0530] {logging_mixin.py:190} INFO - [2026-04-08T13:19:37.862+0530] {dag.py:3239} INFO - Sync 1 DAGs
[2026-04-08T13:19:37.868+0530] {logging_mixin.py:190} INFO - [2026-04-08T13:19:37.868+0530] {dag.py:4180} INFO - Setting next_dagrun for example_dag_decorator to None, run_after=None
[2026-04-08T13:19:37.877+0530] {processor.py:208} INFO - Processing /Users/navalyemul/Documents/uptime/airflow_venv/lib/python3.12/site-packages/airflow/example_dags/example_dag_decorator.py took 0.246 seconds
[2026-04-08T13:30:15.524+0530] {processor.py:186} INFO - Started process (PID=39887) to work on /Users/navalyemul/Documents/uptime/airflow_venv/lib/python3.12/site-packages/airflow/example_dags/example_dag_decorator.py
[2026-04-08T13:30:15.527+0530] {processor.py:914} INFO - Processing file /Users/navalyemul/Documents/uptime/airflow_venv/lib/python3.12/site-packages/airflow/example_dags/example_dag_decorator.py for tasks to queue
[2026-04-08T13:30:15.529+0530] {logging_mixin.py:190} INFO - [2026-04-08T13:30:15.528+0530] {dagbag.py:588} INFO - Filling up the DagBag from /Users/navalyemul/Documents/uptime/airflow_venv/lib/python3.12/site-packages/airflow/example_dags/example_dag_decorator.py
[2026-04-08T13:30:15.869+0530] {processor.py:925} INFO - DAG(s) 'example_dag_decorator' retrieved from /Users/navalyemul/Documents/uptime/airflow_venv/lib/python3.12/site-packages/airflow/example_dags/example_dag_decorator.py
[2026-04-08T13:30:16.272+0530] {logging_mixin.py:190} INFO - [2026-04-08T13:30:16.271+0530] {dag.py:3239} INFO - Sync 1 DAGs
[2026-04-08T13:30:16.290+0530] {logging_mixin.py:190} INFO - [2026-04-08T13:30:16.289+0530] {dag.py:4180} INFO - Setting next_dagrun for example_dag_decorator to None, run_after=None
[2026-04-08T13:30:16.319+0530] {processor.py:208} INFO - Processing /Users/navalyemul/Documents/uptime/airflow_venv/lib/python3.12/site-packages/airflow/example_dags/example_dag_decorator.py took 0.800 seconds
[2026-04-08T13:41:11.750+0530] {processor.py:186} INFO - Started process (PID=41918) to work on /Users/navalyemul/Documents/uptime/airflow_venv/lib/python3.12/site-packages/airflow/example_dags/example_dag_decorator.py
[2026-04-08T13:41:11.751+0530] {processor.py:914} INFO - Processing file /Users/navalyemul/Documents/uptime/airflow_venv/lib/python3.12/site-packages/airflow/example_dags/example_dag_decorator.py for tasks to queue
[2026-04-08T13:41:11.751+0530] {logging_mixin.py:190} INFO - [2026-04-08T13:41:11.751+0530] {dagbag.py:588} INFO - Filling up the DagBag from /Users/navalyemul/Documents/uptime/airflow_venv/lib/python3.12/site-packages/airflow/example_dags/example_dag_decorator.py
[2026-04-08T13:41:11.854+0530] {processor.py:925} INFO - DAG(s) 'example_dag_decorator' retrieved from /Users/navalyemul/Documents/uptime/airflow_venv/lib/python3.12/site-packages/airflow/example_dags/example_dag_decorator.py
[2026-04-08T13:41:11.978+0530] {logging_mixin.py:190} INFO - [2026-04-08T13:41:11.978+0530] {dag.py:3239} INFO - Sync 1 DAGs
[2026-04-08T13:41:11.983+0530] {logging_mixin.py:190} INFO - [2026-04-08T13:41:11.983+0530] {dag.py:4180} INFO - Setting next_dagrun for example_dag_decorator to None, run_after=None
[2026-04-08T13:41:11.990+0530] {processor.py:208} INFO - Processing /Users/navalyemul/Documents/uptime/airflow_venv/lib/python3.12/site-packages/airflow/example_dags/example_dag_decorator.py took 0.242 seconds
[2026-04-08T13:55:41.817+0530] {processor.py:186} INFO - Started process (PID=44169) to work on /Users/navalyemul/Documents/uptime/airflow_venv/lib/python3.12/site-packages/airflow/example_dags/example_dag_decorator.py
[2026-04-08T13:55:41.818+0530] {processor.py:914} INFO - Processing file /Users/navalyemul/Documents/uptime/airflow_venv/lib/python3.12/site-packages/airflow/example_dags/example_dag_decorator.py for tasks to queue
[2026-04-08T13:55:41.819+0530] {logging_mixin.py:190} INFO - [2026-04-08T13:55:41.819+0530] {dagbag.py:588} INFO - Filling up the DagBag from /Users/navalyemul/Documents/uptime/airflow_venv/lib/python3.12/site-packages/airflow/example_dags/example_dag_decorator.py
[2026-04-08T13:55:41.934+0530] {processor.py:925} INFO - DAG(s) 'example_dag_decorator' retrieved from /Users/navalyemul/Documents/uptime/airflow_venv/lib/python3.12/site-packages/airflow/example_dags/example_dag_decorator.py
[2026-04-08T13:55:42.070+0530] {logging_mixin.py:190} INFO - [2026-04-08T13:55:42.070+0530] {dag.py:3239} INFO - Sync 1 DAGs
[2026-04-08T13:55:42.076+0530] {logging_mixin.py:190} INFO - [2026-04-08T13:55:42.076+0530] {dag.py:4180} INFO - Setting next_dagrun for example_dag_decorator to None, run_after=None
[2026-04-08T13:55:42.085+0530] {processor.py:208} INFO - Processing /Users/navalyemul/Documents/uptime/airflow_venv/lib/python3.12/site-packages/airflow/example_dags/example_dag_decorator.py took 0.270 seconds
[2026-04-08T13:59:05.367+0530] {processor.py:186} INFO - Started process (PID=46161) to work on /Users/navalyemul/Documents/uptime/airflow_venv/lib/python3.12/site-packages/airflow/example_dags/example_dag_decorator.py
[2026-04-08T13:59:05.368+0530] {processor.py:914} INFO - Processing file /Users/navalyemul/Documents/uptime/airflow_venv/lib/python3.12/site-packages/airflow/example_dags/example_dag_decorator.py for tasks to queue
[2026-04-08T13:59:05.369+0530] {logging_mixin.py:190} INFO - [2026-04-08T13:59:05.369+0530] {dagbag.py:588} INFO - Filling up the DagBag from /Users/navalyemul/Documents/uptime/airflow_venv/lib/python3.12/site-packages/airflow/example_dags/example_dag_decorator.py
[2026-04-08T13:59:05.470+0530] {processor.py:925} INFO - DAG(s) 'example_dag_decorator' retrieved from /Users/navalyemul/Documents/uptime/airflow_venv/lib/python3.12/site-packages/airflow/example_dags/example_dag_decorator.py
[2026-04-08T13:59:05.612+0530] {logging_mixin.py:190} INFO - [2026-04-08T13:59:05.612+0530] {dag.py:3239} INFO - Sync 1 DAGs
[2026-04-08T13:59:05.618+0530] {logging_mixin.py:190} INFO - [2026-04-08T13:59:05.618+0530] {dag.py:4180} INFO - Setting next_dagrun for example_dag_decorator to None, run_after=None
[2026-04-08T13:59:05.627+0530] {processor.py:208} INFO - Processing /Users/navalyemul/Documents/uptime/airflow_venv/lib/python3.12/site-packages/airflow/example_dags/example_dag_decorator.py took 0.263 seconds
