[2026-04-08T12:47:59.048+0530] {processor.py:186} INFO - Started process (PID=18168) to work on /Users/navalyemul/Documents/uptime/airflow_venv/lib/python3.12/site-packages/airflow/example_dags/example_branch_labels.py
[2026-04-08T12:47:59.049+0530] {processor.py:914} INFO - Processing file /Users/navalyemul/Documents/uptime/airflow_venv/lib/python3.12/site-packages/airflow/example_dags/example_branch_labels.py for tasks to queue
[2026-04-08T12:47:59.049+0530] {logging_mixin.py:190} INFO - [2026-04-08T12:47:59.049+0530] {dagbag.py:588} INFO - Filling up the DagBag from /Users/navalyemul/Documents/uptime/airflow_venv/lib/python3.12/site-packages/airflow/example_dags/example_branch_labels.py
[2026-04-08T12:47:59.054+0530] {processor.py:925} INFO - DAG(s) 'example_branch_labels' retrieved from /Users/navalyemul/Documents/uptime/airflow_venv/lib/python3.12/site-packages/airflow/example_dags/example_branch_labels.py
[2026-04-08T12:47:59.137+0530] {logging_mixin.py:190} INFO - [2026-04-08T12:47:59.137+0530] {override.py:1912} INFO - Created Permission View: can read on DAG:example_branch_labels
[2026-04-08T12:47:59.142+0530] {logging_mixin.py:190} INFO - [2026-04-08T12:47:59.142+0530] {override.py:1912} INFO - Created Permission View: can delete on DAG:example_branch_labels
[2026-04-08T12:47:59.145+0530] {logging_mixin.py:190} INFO - [2026-04-08T12:47:59.145+0530] {override.py:1912} INFO - Created Permission View: can edit on DAG:example_branch_labels
[2026-04-08T12:47:59.148+0530] {logging_mixin.py:190} INFO - [2026-04-08T12:47:59.148+0530] {override.py:1912} INFO - Created Permission View: menu access on DAG Run:example_branch_labels
[2026-04-08T12:47:59.151+0530] {logging_mixin.py:190} INFO - [2026-04-08T12:47:59.151+0530] {override.py:1912} INFO - Created Permission View: can read on DAG Run:example_branch_labels
[2026-04-08T12:47:59.154+0530] {logging_mixin.py:190} INFO - [2026-04-08T12:47:59.154+0530] {override.py:1912} INFO - Created Permission View: can create on DAG Run:example_branch_labels
[2026-04-08T12:47:59.156+0530] {logging_mixin.py:190} INFO - [2026-04-08T12:47:59.156+0530] {override.py:1912} INFO - Created Permission View: can delete on DAG Run:example_branch_labels
[2026-04-08T12:47:59.156+0530] {logging_mixin.py:190} INFO - [2026-04-08T12:47:59.156+0530] {dag.py:3239} INFO - Sync 1 DAGs
[2026-04-08T12:47:59.161+0530] {logging_mixin.py:190} INFO - [2026-04-08T12:47:59.161+0530] {dag.py:3262} INFO - Creating ORM DAG for example_branch_labels
[2026-04-08T12:47:59.165+0530] {logging_mixin.py:190} INFO - [2026-04-08T12:47:59.165+0530] {dag.py:4180} INFO - Setting next_dagrun for example_branch_labels to 2026-04-07 00:00:00+00:00, run_after=2026-04-08 00:00:00+00:00
[2026-04-08T12:47:59.173+0530] {processor.py:208} INFO - Processing /Users/navalyemul/Documents/uptime/airflow_venv/lib/python3.12/site-packages/airflow/example_dags/example_branch_labels.py took 0.127 seconds
[2026-04-08T12:50:46.207+0530] {processor.py:186} INFO - Started process (PID=20081) to work on /Users/navalyemul/Documents/uptime/airflow_venv/lib/python3.12/site-packages/airflow/example_dags/example_branch_labels.py
[2026-04-08T12:50:46.208+0530] {processor.py:914} INFO - Processing file /Users/navalyemul/Documents/uptime/airflow_venv/lib/python3.12/site-packages/airflow/example_dags/example_branch_labels.py for tasks to queue
[2026-04-08T12:50:46.208+0530] {logging_mixin.py:190} INFO - [2026-04-08T12:50:46.208+0530] {dagbag.py:588} INFO - Filling up the DagBag from /Users/navalyemul/Documents/uptime/airflow_venv/lib/python3.12/site-packages/airflow/example_dags/example_branch_labels.py
[2026-04-08T12:50:46.214+0530] {processor.py:925} INFO - DAG(s) 'example_branch_labels' retrieved from /Users/navalyemul/Documents/uptime/airflow_venv/lib/python3.12/site-packages/airflow/example_dags/example_branch_labels.py
[2026-04-08T12:50:46.264+0530] {logging_mixin.py:190} INFO - [2026-04-08T12:50:46.264+0530] {dag.py:3239} INFO - Sync 1 DAGs
[2026-04-08T12:50:46.273+0530] {logging_mixin.py:190} INFO - [2026-04-08T12:50:46.273+0530] {dag.py:4180} INFO - Setting next_dagrun for example_branch_labels to 2026-04-07 00:00:00+00:00, run_after=2026-04-08 00:00:00+00:00
[2026-04-08T12:50:46.282+0530] {processor.py:208} INFO - Processing /Users/navalyemul/Documents/uptime/airflow_venv/lib/python3.12/site-packages/airflow/example_dags/example_branch_labels.py took 0.077 seconds
[2026-04-08T12:54:21.172+0530] {processor.py:186} INFO - Started process (PID=21952) to work on /Users/navalyemul/Documents/uptime/airflow_venv/lib/python3.12/site-packages/airflow/example_dags/example_branch_labels.py
[2026-04-08T12:54:21.173+0530] {processor.py:914} INFO - Processing file /Users/navalyemul/Documents/uptime/airflow_venv/lib/python3.12/site-packages/airflow/example_dags/example_branch_labels.py for tasks to queue
[2026-04-08T12:54:21.174+0530] {logging_mixin.py:190} INFO - [2026-04-08T12:54:21.174+0530] {dagbag.py:588} INFO - Filling up the DagBag from /Users/navalyemul/Documents/uptime/airflow_venv/lib/python3.12/site-packages/airflow/example_dags/example_branch_labels.py
[2026-04-08T12:54:21.180+0530] {processor.py:925} INFO - DAG(s) 'example_branch_labels' retrieved from /Users/navalyemul/Documents/uptime/airflow_venv/lib/python3.12/site-packages/airflow/example_dags/example_branch_labels.py
[2026-04-08T12:54:21.231+0530] {logging_mixin.py:190} INFO - [2026-04-08T12:54:21.230+0530] {dag.py:3239} INFO - Sync 1 DAGs
[2026-04-08T12:54:21.241+0530] {logging_mixin.py:190} INFO - [2026-04-08T12:54:21.241+0530] {dag.py:4180} INFO - Setting next_dagrun for example_branch_labels to 2026-04-07 00:00:00+00:00, run_after=2026-04-08 00:00:00+00:00
[2026-04-08T12:54:21.252+0530] {processor.py:208} INFO - Processing /Users/navalyemul/Documents/uptime/airflow_venv/lib/python3.12/site-packages/airflow/example_dags/example_branch_labels.py took 0.082 seconds
[2026-04-08T12:57:30.865+0530] {processor.py:186} INFO - Started process (PID=23824) to work on /Users/navalyemul/Documents/uptime/airflow_venv/lib/python3.12/site-packages/airflow/example_dags/example_branch_labels.py
[2026-04-08T12:57:30.866+0530] {processor.py:914} INFO - Processing file /Users/navalyemul/Documents/uptime/airflow_venv/lib/python3.12/site-packages/airflow/example_dags/example_branch_labels.py for tasks to queue
[2026-04-08T12:57:30.867+0530] {logging_mixin.py:190} INFO - [2026-04-08T12:57:30.867+0530] {dagbag.py:588} INFO - Filling up the DagBag from /Users/navalyemul/Documents/uptime/airflow_venv/lib/python3.12/site-packages/airflow/example_dags/example_branch_labels.py
[2026-04-08T12:57:30.877+0530] {processor.py:925} INFO - DAG(s) 'example_branch_labels' retrieved from /Users/navalyemul/Documents/uptime/airflow_venv/lib/python3.12/site-packages/airflow/example_dags/example_branch_labels.py
[2026-04-08T12:57:30.925+0530] {logging_mixin.py:190} INFO - [2026-04-08T12:57:30.925+0530] {dag.py:3239} INFO - Sync 1 DAGs
[2026-04-08T12:57:30.934+0530] {logging_mixin.py:190} INFO - [2026-04-08T12:57:30.934+0530] {dag.py:4180} INFO - Setting next_dagrun for example_branch_labels to 2026-04-07 00:00:00+00:00, run_after=2026-04-08 00:00:00+00:00
[2026-04-08T12:57:30.943+0530] {processor.py:208} INFO - Processing /Users/navalyemul/Documents/uptime/airflow_venv/lib/python3.12/site-packages/airflow/example_dags/example_branch_labels.py took 0.080 seconds
[2026-04-08T13:00:19.490+0530] {processor.py:186} INFO - Started process (PID=25655) to work on /Users/navalyemul/Documents/uptime/airflow_venv/lib/python3.12/site-packages/airflow/example_dags/example_branch_labels.py
[2026-04-08T13:00:19.491+0530] {processor.py:914} INFO - Processing file /Users/navalyemul/Documents/uptime/airflow_venv/lib/python3.12/site-packages/airflow/example_dags/example_branch_labels.py for tasks to queue
[2026-04-08T13:00:19.491+0530] {logging_mixin.py:190} INFO - [2026-04-08T13:00:19.491+0530] {dagbag.py:588} INFO - Filling up the DagBag from /Users/navalyemul/Documents/uptime/airflow_venv/lib/python3.12/site-packages/airflow/example_dags/example_branch_labels.py
[2026-04-08T13:00:19.496+0530] {processor.py:925} INFO - DAG(s) 'example_branch_labels' retrieved from /Users/navalyemul/Documents/uptime/airflow_venv/lib/python3.12/site-packages/airflow/example_dags/example_branch_labels.py
[2026-04-08T13:00:19.536+0530] {logging_mixin.py:190} INFO - [2026-04-08T13:00:19.536+0530] {dag.py:3239} INFO - Sync 1 DAGs
[2026-04-08T13:00:19.545+0530] {logging_mixin.py:190} INFO - [2026-04-08T13:00:19.545+0530] {dag.py:4180} INFO - Setting next_dagrun for example_branch_labels to 2026-04-07 00:00:00+00:00, run_after=2026-04-08 00:00:00+00:00
[2026-04-08T13:00:19.552+0530] {processor.py:208} INFO - Processing /Users/navalyemul/Documents/uptime/airflow_venv/lib/python3.12/site-packages/airflow/example_dags/example_branch_labels.py took 0.064 seconds
[2026-04-08T13:03:00.631+0530] {processor.py:186} INFO - Started process (PID=27509) to work on /Users/navalyemul/Documents/uptime/airflow_venv/lib/python3.12/site-packages/airflow/example_dags/example_branch_labels.py
[2026-04-08T13:03:00.632+0530] {processor.py:914} INFO - Processing file /Users/navalyemul/Documents/uptime/airflow_venv/lib/python3.12/site-packages/airflow/example_dags/example_branch_labels.py for tasks to queue
[2026-04-08T13:03:00.633+0530] {logging_mixin.py:190} INFO - [2026-04-08T13:03:00.632+0530] {dagbag.py:588} INFO - Filling up the DagBag from /Users/navalyemul/Documents/uptime/airflow_venv/lib/python3.12/site-packages/airflow/example_dags/example_branch_labels.py
[2026-04-08T13:03:00.637+0530] {processor.py:925} INFO - DAG(s) 'example_branch_labels' retrieved from /Users/navalyemul/Documents/uptime/airflow_venv/lib/python3.12/site-packages/airflow/example_dags/example_branch_labels.py
[2026-04-08T13:03:00.678+0530] {logging_mixin.py:190} INFO - [2026-04-08T13:03:00.678+0530] {dag.py:3239} INFO - Sync 1 DAGs
[2026-04-08T13:03:00.686+0530] {logging_mixin.py:190} INFO - [2026-04-08T13:03:00.686+0530] {dag.py:4180} INFO - Setting next_dagrun for example_branch_labels to 2026-04-07 00:00:00+00:00, run_after=2026-04-08 00:00:00+00:00
[2026-04-08T13:03:00.694+0530] {processor.py:208} INFO - Processing /Users/navalyemul/Documents/uptime/airflow_venv/lib/python3.12/site-packages/airflow/example_dags/example_branch_labels.py took 0.064 seconds
[2026-04-08T13:05:50.366+0530] {processor.py:186} INFO - Started process (PID=29462) to work on /Users/navalyemul/Documents/uptime/airflow_venv/lib/python3.12/site-packages/airflow/example_dags/example_branch_labels.py
[2026-04-08T13:05:50.366+0530] {processor.py:914} INFO - Processing file /Users/navalyemul/Documents/uptime/airflow_venv/lib/python3.12/site-packages/airflow/example_dags/example_branch_labels.py for tasks to queue
[2026-04-08T13:05:50.367+0530] {logging_mixin.py:190} INFO - [2026-04-08T13:05:50.367+0530] {dagbag.py:588} INFO - Filling up the DagBag from /Users/navalyemul/Documents/uptime/airflow_venv/lib/python3.12/site-packages/airflow/example_dags/example_branch_labels.py
[2026-04-08T13:05:50.371+0530] {processor.py:925} INFO - DAG(s) 'example_branch_labels' retrieved from /Users/navalyemul/Documents/uptime/airflow_venv/lib/python3.12/site-packages/airflow/example_dags/example_branch_labels.py
[2026-04-08T13:05:50.413+0530] {logging_mixin.py:190} INFO - [2026-04-08T13:05:50.412+0530] {dag.py:3239} INFO - Sync 1 DAGs
[2026-04-08T13:05:50.421+0530] {logging_mixin.py:190} INFO - [2026-04-08T13:05:50.421+0530] {dag.py:4180} INFO - Setting next_dagrun for example_branch_labels to 2026-04-07 00:00:00+00:00, run_after=2026-04-08 00:00:00+00:00
[2026-04-08T13:05:50.429+0530] {processor.py:208} INFO - Processing /Users/navalyemul/Documents/uptime/airflow_venv/lib/python3.12/site-packages/airflow/example_dags/example_branch_labels.py took 0.065 seconds
[2026-04-08T13:08:36.914+0530] {processor.py:186} INFO - Started process (PID=31270) to work on /Users/navalyemul/Documents/uptime/airflow_venv/lib/python3.12/site-packages/airflow/example_dags/example_branch_labels.py
[2026-04-08T13:08:36.915+0530] {processor.py:914} INFO - Processing file /Users/navalyemul/Documents/uptime/airflow_venv/lib/python3.12/site-packages/airflow/example_dags/example_branch_labels.py for tasks to queue
[2026-04-08T13:08:36.916+0530] {logging_mixin.py:190} INFO - [2026-04-08T13:08:36.916+0530] {dagbag.py:588} INFO - Filling up the DagBag from /Users/navalyemul/Documents/uptime/airflow_venv/lib/python3.12/site-packages/airflow/example_dags/example_branch_labels.py
[2026-04-08T13:08:36.921+0530] {processor.py:925} INFO - DAG(s) 'example_branch_labels' retrieved from /Users/navalyemul/Documents/uptime/airflow_venv/lib/python3.12/site-packages/airflow/example_dags/example_branch_labels.py
[2026-04-08T13:08:36.972+0530] {logging_mixin.py:190} INFO - [2026-04-08T13:08:36.971+0530] {dag.py:3239} INFO - Sync 1 DAGs
[2026-04-08T13:08:36.990+0530] {logging_mixin.py:190} INFO - [2026-04-08T13:08:36.989+0530] {dag.py:4180} INFO - Setting next_dagrun for example_branch_labels to 2026-04-07 00:00:00+00:00, run_after=2026-04-08 00:00:00+00:00
[2026-04-08T13:08:37.001+0530] {processor.py:208} INFO - Processing /Users/navalyemul/Documents/uptime/airflow_venv/lib/python3.12/site-packages/airflow/example_dags/example_branch_labels.py took 0.088 seconds
[2026-04-08T13:11:20.991+0530] {processor.py:186} INFO - Started process (PID=33134) to work on /Users/navalyemul/Documents/uptime/airflow_venv/lib/python3.12/site-packages/airflow/example_dags/example_branch_labels.py
[2026-04-08T13:11:20.992+0530] {processor.py:914} INFO - Processing file /Users/navalyemul/Documents/uptime/airflow_venv/lib/python3.12/site-packages/airflow/example_dags/example_branch_labels.py for tasks to queue
[2026-04-08T13:11:20.992+0530] {logging_mixin.py:190} INFO - [2026-04-08T13:11:20.992+0530] {dagbag.py:588} INFO - Filling up the DagBag from /Users/navalyemul/Documents/uptime/airflow_venv/lib/python3.12/site-packages/airflow/example_dags/example_branch_labels.py
[2026-04-08T13:11:20.999+0530] {processor.py:925} INFO - DAG(s) 'example_branch_labels' retrieved from /Users/navalyemul/Documents/uptime/airflow_venv/lib/python3.12/site-packages/airflow/example_dags/example_branch_labels.py
[2026-04-08T13:11:21.048+0530] {logging_mixin.py:190} INFO - [2026-04-08T13:11:21.047+0530] {dag.py:3239} INFO - Sync 1 DAGs
[2026-04-08T13:11:21.065+0530] {logging_mixin.py:190} INFO - [2026-04-08T13:11:21.065+0530] {dag.py:4180} INFO - Setting next_dagrun for example_branch_labels to 2026-04-07 00:00:00+00:00, run_after=2026-04-08 00:00:00+00:00
[2026-04-08T13:11:21.076+0530] {processor.py:208} INFO - Processing /Users/navalyemul/Documents/uptime/airflow_venv/lib/python3.12/site-packages/airflow/example_dags/example_branch_labels.py took 0.087 seconds
[2026-04-08T13:14:07.206+0530] {processor.py:186} INFO - Started process (PID=34962) to work on /Users/navalyemul/Documents/uptime/airflow_venv/lib/python3.12/site-packages/airflow/example_dags/example_branch_labels.py
[2026-04-08T13:14:07.206+0530] {processor.py:914} INFO - Processing file /Users/navalyemul/Documents/uptime/airflow_venv/lib/python3.12/site-packages/airflow/example_dags/example_branch_labels.py for tasks to queue
[2026-04-08T13:14:07.207+0530] {logging_mixin.py:190} INFO - [2026-04-08T13:14:07.207+0530] {dagbag.py:588} INFO - Filling up the DagBag from /Users/navalyemul/Documents/uptime/airflow_venv/lib/python3.12/site-packages/airflow/example_dags/example_branch_labels.py
[2026-04-08T13:14:07.211+0530] {processor.py:925} INFO - DAG(s) 'example_branch_labels' retrieved from /Users/navalyemul/Documents/uptime/airflow_venv/lib/python3.12/site-packages/airflow/example_dags/example_branch_labels.py
[2026-04-08T13:14:07.252+0530] {logging_mixin.py:190} INFO - [2026-04-08T13:14:07.252+0530] {dag.py:3239} INFO - Sync 1 DAGs
[2026-04-08T13:14:07.261+0530] {logging_mixin.py:190} INFO - [2026-04-08T13:14:07.261+0530] {dag.py:4180} INFO - Setting next_dagrun for example_branch_labels to 2026-04-07 00:00:00+00:00, run_after=2026-04-08 00:00:00+00:00
[2026-04-08T13:14:07.270+0530] {processor.py:208} INFO - Processing /Users/navalyemul/Documents/uptime/airflow_venv/lib/python3.12/site-packages/airflow/example_dags/example_branch_labels.py took 0.066 seconds
[2026-04-08T13:16:55.191+0530] {processor.py:186} INFO - Started process (PID=36866) to work on /Users/navalyemul/Documents/uptime/airflow_venv/lib/python3.12/site-packages/airflow/example_dags/example_branch_labels.py
[2026-04-08T13:16:55.192+0530] {processor.py:914} INFO - Processing file /Users/navalyemul/Documents/uptime/airflow_venv/lib/python3.12/site-packages/airflow/example_dags/example_branch_labels.py for tasks to queue
[2026-04-08T13:16:55.193+0530] {logging_mixin.py:190} INFO - [2026-04-08T13:16:55.193+0530] {dagbag.py:588} INFO - Filling up the DagBag from /Users/navalyemul/Documents/uptime/airflow_venv/lib/python3.12/site-packages/airflow/example_dags/example_branch_labels.py
[2026-04-08T13:16:55.197+0530] {processor.py:925} INFO - DAG(s) 'example_branch_labels' retrieved from /Users/navalyemul/Documents/uptime/airflow_venv/lib/python3.12/site-packages/airflow/example_dags/example_branch_labels.py
[2026-04-08T13:16:55.238+0530] {logging_mixin.py:190} INFO - [2026-04-08T13:16:55.238+0530] {dag.py:3239} INFO - Sync 1 DAGs
[2026-04-08T13:16:55.247+0530] {logging_mixin.py:190} INFO - [2026-04-08T13:16:55.246+0530] {dag.py:4180} INFO - Setting next_dagrun for example_branch_labels to 2026-04-07 00:00:00+00:00, run_after=2026-04-08 00:00:00+00:00
[2026-04-08T13:16:55.256+0530] {processor.py:208} INFO - Processing /Users/navalyemul/Documents/uptime/airflow_venv/lib/python3.12/site-packages/airflow/example_dags/example_branch_labels.py took 0.066 seconds
[2026-04-08T13:20:29.419+0530] {processor.py:186} INFO - Started process (PID=38761) to work on /Users/navalyemul/Documents/uptime/airflow_venv/lib/python3.12/site-packages/airflow/example_dags/example_branch_labels.py
[2026-04-08T13:20:29.421+0530] {processor.py:914} INFO - Processing file /Users/navalyemul/Documents/uptime/airflow_venv/lib/python3.12/site-packages/airflow/example_dags/example_branch_labels.py for tasks to queue
[2026-04-08T13:20:29.423+0530] {logging_mixin.py:190} INFO - [2026-04-08T13:20:29.423+0530] {dagbag.py:588} INFO - Filling up the DagBag from /Users/navalyemul/Documents/uptime/airflow_venv/lib/python3.12/site-packages/airflow/example_dags/example_branch_labels.py
[2026-04-08T13:20:29.439+0530] {processor.py:925} INFO - DAG(s) 'example_branch_labels' retrieved from /Users/navalyemul/Documents/uptime/airflow_venv/lib/python3.12/site-packages/airflow/example_dags/example_branch_labels.py
[2026-04-08T13:20:29.599+0530] {logging_mixin.py:190} INFO - [2026-04-08T13:20:29.598+0530] {dag.py:3239} INFO - Sync 1 DAGs
[2026-04-08T13:20:29.630+0530] {logging_mixin.py:190} INFO - [2026-04-08T13:20:29.630+0530] {dag.py:4180} INFO - Setting next_dagrun for example_branch_labels to 2026-04-07 00:00:00+00:00, run_after=2026-04-08 00:00:00+00:00
[2026-04-08T13:20:29.659+0530] {processor.py:208} INFO - Processing /Users/navalyemul/Documents/uptime/airflow_venv/lib/python3.12/site-packages/airflow/example_dags/example_branch_labels.py took 0.245 seconds
[2026-04-08T13:34:35.752+0530] {processor.py:186} INFO - Started process (PID=40873) to work on /Users/navalyemul/Documents/uptime/airflow_venv/lib/python3.12/site-packages/airflow/example_dags/example_branch_labels.py
[2026-04-08T13:34:35.753+0530] {processor.py:914} INFO - Processing file /Users/navalyemul/Documents/uptime/airflow_venv/lib/python3.12/site-packages/airflow/example_dags/example_branch_labels.py for tasks to queue
[2026-04-08T13:34:35.754+0530] {logging_mixin.py:190} INFO - [2026-04-08T13:34:35.753+0530] {dagbag.py:588} INFO - Filling up the DagBag from /Users/navalyemul/Documents/uptime/airflow_venv/lib/python3.12/site-packages/airflow/example_dags/example_branch_labels.py
[2026-04-08T13:34:35.758+0530] {processor.py:925} INFO - DAG(s) 'example_branch_labels' retrieved from /Users/navalyemul/Documents/uptime/airflow_venv/lib/python3.12/site-packages/airflow/example_dags/example_branch_labels.py
[2026-04-08T13:34:35.799+0530] {logging_mixin.py:190} INFO - [2026-04-08T13:34:35.799+0530] {dag.py:3239} INFO - Sync 1 DAGs
[2026-04-08T13:34:35.808+0530] {logging_mixin.py:190} INFO - [2026-04-08T13:34:35.807+0530] {dag.py:4180} INFO - Setting next_dagrun for example_branch_labels to 2026-04-07 00:00:00+00:00, run_after=2026-04-08 00:00:00+00:00
[2026-04-08T13:34:35.816+0530] {processor.py:208} INFO - Processing /Users/navalyemul/Documents/uptime/airflow_venv/lib/python3.12/site-packages/airflow/example_dags/example_branch_labels.py took 0.065 seconds
[2026-04-08T13:53:46.044+0530] {processor.py:186} INFO - Started process (PID=42998) to work on /Users/navalyemul/Documents/uptime/airflow_venv/lib/python3.12/site-packages/airflow/example_dags/example_branch_labels.py
[2026-04-08T13:53:46.045+0530] {processor.py:914} INFO - Processing file /Users/navalyemul/Documents/uptime/airflow_venv/lib/python3.12/site-packages/airflow/example_dags/example_branch_labels.py for tasks to queue
[2026-04-08T13:53:46.046+0530] {logging_mixin.py:190} INFO - [2026-04-08T13:53:46.046+0530] {dagbag.py:588} INFO - Filling up the DagBag from /Users/navalyemul/Documents/uptime/airflow_venv/lib/python3.12/site-packages/airflow/example_dags/example_branch_labels.py
[2026-04-08T13:53:46.053+0530] {processor.py:925} INFO - DAG(s) 'example_branch_labels' retrieved from /Users/navalyemul/Documents/uptime/airflow_venv/lib/python3.12/site-packages/airflow/example_dags/example_branch_labels.py
[2026-04-08T13:53:46.100+0530] {logging_mixin.py:190} INFO - [2026-04-08T13:53:46.099+0530] {dag.py:3239} INFO - Sync 1 DAGs
[2026-04-08T13:53:46.109+0530] {logging_mixin.py:190} INFO - [2026-04-08T13:53:46.109+0530] {dag.py:4180} INFO - Setting next_dagrun for example_branch_labels to 2026-04-07 00:00:00+00:00, run_after=2026-04-08 00:00:00+00:00
[2026-04-08T13:53:46.118+0530] {processor.py:208} INFO - Processing /Users/navalyemul/Documents/uptime/airflow_venv/lib/python3.12/site-packages/airflow/example_dags/example_branch_labels.py took 0.076 seconds
[2026-04-08T13:57:14.759+0530] {processor.py:186} INFO - Started process (PID=45073) to work on /Users/navalyemul/Documents/uptime/airflow_venv/lib/python3.12/site-packages/airflow/example_dags/example_branch_labels.py
[2026-04-08T13:57:14.759+0530] {processor.py:914} INFO - Processing file /Users/navalyemul/Documents/uptime/airflow_venv/lib/python3.12/site-packages/airflow/example_dags/example_branch_labels.py for tasks to queue
[2026-04-08T13:57:14.760+0530] {logging_mixin.py:190} INFO - [2026-04-08T13:57:14.760+0530] {dagbag.py:588} INFO - Filling up the DagBag from /Users/navalyemul/Documents/uptime/airflow_venv/lib/python3.12/site-packages/airflow/example_dags/example_branch_labels.py
[2026-04-08T13:57:14.765+0530] {processor.py:925} INFO - DAG(s) 'example_branch_labels' retrieved from /Users/navalyemul/Documents/uptime/airflow_venv/lib/python3.12/site-packages/airflow/example_dags/example_branch_labels.py
[2026-04-08T13:57:14.811+0530] {logging_mixin.py:190} INFO - [2026-04-08T13:57:14.810+0530] {dag.py:3239} INFO - Sync 1 DAGs
[2026-04-08T13:57:14.823+0530] {logging_mixin.py:190} INFO - [2026-04-08T13:57:14.823+0530] {dag.py:4180} INFO - Setting next_dagrun for example_branch_labels to 2026-04-07 00:00:00+00:00, run_after=2026-04-08 00:00:00+00:00
[2026-04-08T13:57:14.834+0530] {processor.py:208} INFO - Processing /Users/navalyemul/Documents/uptime/airflow_venv/lib/python3.12/site-packages/airflow/example_dags/example_branch_labels.py took 0.077 seconds
