[2026-04-08T12:44:54.830+0530] {processor.py:186} INFO - Started process (PID=16238) to work on /Users/navalyemul/Documents/uptime/airflow_venv/lib/python3.12/site-packages/airflow/example_dags/example_nested_branch_dag.py
[2026-04-08T12:44:54.832+0530] {processor.py:914} INFO - Processing file /Users/navalyemul/Documents/uptime/airflow_venv/lib/python3.12/site-packages/airflow/example_dags/example_nested_branch_dag.py for tasks to queue
[2026-04-08T12:44:54.834+0530] {logging_mixin.py:190} INFO - [2026-04-08T12:44:54.834+0530] {dagbag.py:588} INFO - Filling up the DagBag from /Users/navalyemul/Documents/uptime/airflow_venv/lib/python3.12/site-packages/airflow/example_dags/example_nested_branch_dag.py
[2026-04-08T12:44:54.889+0530] {processor.py:925} INFO - DAG(s) 'example_nested_branch_dag' retrieved from /Users/navalyemul/Documents/uptime/airflow_venv/lib/python3.12/site-packages/airflow/example_dags/example_nested_branch_dag.py
[2026-04-08T12:44:55.010+0530] {logging_mixin.py:190} INFO - [2026-04-08T12:44:55.009+0530] {override.py:1912} INFO - Created Permission View: can edit on DAG:example_nested_branch_dag
[2026-04-08T12:44:55.014+0530] {logging_mixin.py:190} INFO - [2026-04-08T12:44:55.014+0530] {override.py:1912} INFO - Created Permission View: can read on DAG:example_nested_branch_dag
[2026-04-08T12:44:55.019+0530] {logging_mixin.py:190} INFO - [2026-04-08T12:44:55.018+0530] {override.py:1912} INFO - Created Permission View: can delete on DAG:example_nested_branch_dag
[2026-04-08T12:44:55.024+0530] {logging_mixin.py:190} INFO - [2026-04-08T12:44:55.023+0530] {override.py:1912} INFO - Created Permission View: menu access on DAG Run:example_nested_branch_dag
[2026-04-08T12:44:55.027+0530] {logging_mixin.py:190} INFO - [2026-04-08T12:44:55.027+0530] {override.py:1912} INFO - Created Permission View: can read on DAG Run:example_nested_branch_dag
[2026-04-08T12:44:55.030+0530] {logging_mixin.py:190} INFO - [2026-04-08T12:44:55.030+0530] {override.py:1912} INFO - Created Permission View: can delete on DAG Run:example_nested_branch_dag
[2026-04-08T12:44:55.033+0530] {logging_mixin.py:190} INFO - [2026-04-08T12:44:55.033+0530] {override.py:1912} INFO - Created Permission View: can create on DAG Run:example_nested_branch_dag
[2026-04-08T12:44:55.034+0530] {logging_mixin.py:190} INFO - [2026-04-08T12:44:55.033+0530] {dag.py:3239} INFO - Sync 1 DAGs
[2026-04-08T12:44:55.039+0530] {logging_mixin.py:190} INFO - [2026-04-08T12:44:55.039+0530] {dag.py:3262} INFO - Creating ORM DAG for example_nested_branch_dag
[2026-04-08T12:44:55.100+0530] {logging_mixin.py:190} INFO - [2026-04-08T12:44:55.100+0530] {dag.py:4180} INFO - Setting next_dagrun for example_nested_branch_dag to 2026-04-07 00:00:00+00:00, run_after=2026-04-08 00:00:00+00:00
[2026-04-08T12:44:55.109+0530] {processor.py:208} INFO - Processing /Users/navalyemul/Documents/uptime/airflow_venv/lib/python3.12/site-packages/airflow/example_dags/example_nested_branch_dag.py took 0.283 seconds
[2026-04-08T12:47:21.872+0530] {processor.py:186} INFO - Started process (PID=17719) to work on /Users/navalyemul/Documents/uptime/airflow_venv/lib/python3.12/site-packages/airflow/example_dags/example_nested_branch_dag.py
[2026-04-08T12:47:21.873+0530] {processor.py:914} INFO - Processing file /Users/navalyemul/Documents/uptime/airflow_venv/lib/python3.12/site-packages/airflow/example_dags/example_nested_branch_dag.py for tasks to queue
[2026-04-08T12:47:21.873+0530] {logging_mixin.py:190} INFO - [2026-04-08T12:47:21.873+0530] {dagbag.py:588} INFO - Filling up the DagBag from /Users/navalyemul/Documents/uptime/airflow_venv/lib/python3.12/site-packages/airflow/example_dags/example_nested_branch_dag.py
[2026-04-08T12:47:21.904+0530] {processor.py:925} INFO - DAG(s) 'example_nested_branch_dag' retrieved from /Users/navalyemul/Documents/uptime/airflow_venv/lib/python3.12/site-packages/airflow/example_dags/example_nested_branch_dag.py
[2026-04-08T12:47:21.946+0530] {logging_mixin.py:190} INFO - [2026-04-08T12:47:21.946+0530] {dag.py:3239} INFO - Sync 1 DAGs
[2026-04-08T12:47:21.955+0530] {logging_mixin.py:190} INFO - [2026-04-08T12:47:21.955+0530] {dag.py:4180} INFO - Setting next_dagrun for example_nested_branch_dag to 2026-04-07 00:00:00+00:00, run_after=2026-04-08 00:00:00+00:00
[2026-04-08T12:47:21.964+0530] {processor.py:208} INFO - Processing /Users/navalyemul/Documents/uptime/airflow_venv/lib/python3.12/site-packages/airflow/example_dags/example_nested_branch_dag.py took 0.094 seconds
[2026-04-08T12:49:16.615+0530] {processor.py:186} INFO - Started process (PID=19045) to work on /Users/navalyemul/Documents/uptime/airflow_venv/lib/python3.12/site-packages/airflow/example_dags/example_nested_branch_dag.py
[2026-04-08T12:49:16.616+0530] {processor.py:914} INFO - Processing file /Users/navalyemul/Documents/uptime/airflow_venv/lib/python3.12/site-packages/airflow/example_dags/example_nested_branch_dag.py for tasks to queue
[2026-04-08T12:49:16.618+0530] {logging_mixin.py:190} INFO - [2026-04-08T12:49:16.618+0530] {dagbag.py:588} INFO - Filling up the DagBag from /Users/navalyemul/Documents/uptime/airflow_venv/lib/python3.12/site-packages/airflow/example_dags/example_nested_branch_dag.py
[2026-04-08T12:49:16.643+0530] {processor.py:925} INFO - DAG(s) 'example_nested_branch_dag' retrieved from /Users/navalyemul/Documents/uptime/airflow_venv/lib/python3.12/site-packages/airflow/example_dags/example_nested_branch_dag.py
[2026-04-08T12:49:16.684+0530] {logging_mixin.py:190} INFO - [2026-04-08T12:49:16.684+0530] {dag.py:3239} INFO - Sync 1 DAGs
[2026-04-08T12:49:16.692+0530] {logging_mixin.py:190} INFO - [2026-04-08T12:49:16.691+0530] {dag.py:4180} INFO - Setting next_dagrun for example_nested_branch_dag to 2026-04-07 00:00:00+00:00, run_after=2026-04-08 00:00:00+00:00
[2026-04-08T12:49:16.700+0530] {processor.py:208} INFO - Processing /Users/navalyemul/Documents/uptime/airflow_venv/lib/python3.12/site-packages/airflow/example_dags/example_nested_branch_dag.py took 0.086 seconds
[2026-04-08T12:52:13.316+0530] {processor.py:186} INFO - Started process (PID=20939) to work on /Users/navalyemul/Documents/uptime/airflow_venv/lib/python3.12/site-packages/airflow/example_dags/example_nested_branch_dag.py
[2026-04-08T12:52:13.317+0530] {processor.py:914} INFO - Processing file /Users/navalyemul/Documents/uptime/airflow_venv/lib/python3.12/site-packages/airflow/example_dags/example_nested_branch_dag.py for tasks to queue
[2026-04-08T12:52:13.317+0530] {logging_mixin.py:190} INFO - [2026-04-08T12:52:13.317+0530] {dagbag.py:588} INFO - Filling up the DagBag from /Users/navalyemul/Documents/uptime/airflow_venv/lib/python3.12/site-packages/airflow/example_dags/example_nested_branch_dag.py
[2026-04-08T12:52:13.344+0530] {processor.py:925} INFO - DAG(s) 'example_nested_branch_dag' retrieved from /Users/navalyemul/Documents/uptime/airflow_venv/lib/python3.12/site-packages/airflow/example_dags/example_nested_branch_dag.py
[2026-04-08T12:52:13.386+0530] {logging_mixin.py:190} INFO - [2026-04-08T12:52:13.386+0530] {dag.py:3239} INFO - Sync 1 DAGs
[2026-04-08T12:52:13.395+0530] {logging_mixin.py:190} INFO - [2026-04-08T12:52:13.394+0530] {dag.py:4180} INFO - Setting next_dagrun for example_nested_branch_dag to 2026-04-07 00:00:00+00:00, run_after=2026-04-08 00:00:00+00:00
[2026-04-08T12:52:13.405+0530] {processor.py:208} INFO - Processing /Users/navalyemul/Documents/uptime/airflow_venv/lib/python3.12/site-packages/airflow/example_dags/example_nested_branch_dag.py took 0.091 seconds
[2026-04-08T12:55:50.190+0530] {processor.py:186} INFO - Started process (PID=22744) to work on /Users/navalyemul/Documents/uptime/airflow_venv/lib/python3.12/site-packages/airflow/example_dags/example_nested_branch_dag.py
[2026-04-08T12:55:50.192+0530] {processor.py:914} INFO - Processing file /Users/navalyemul/Documents/uptime/airflow_venv/lib/python3.12/site-packages/airflow/example_dags/example_nested_branch_dag.py for tasks to queue
[2026-04-08T12:55:50.194+0530] {logging_mixin.py:190} INFO - [2026-04-08T12:55:50.194+0530] {dagbag.py:588} INFO - Filling up the DagBag from /Users/navalyemul/Documents/uptime/airflow_venv/lib/python3.12/site-packages/airflow/example_dags/example_nested_branch_dag.py
[2026-04-08T12:55:50.230+0530] {processor.py:925} INFO - DAG(s) 'example_nested_branch_dag' retrieved from /Users/navalyemul/Documents/uptime/airflow_venv/lib/python3.12/site-packages/airflow/example_dags/example_nested_branch_dag.py
[2026-04-08T12:55:50.336+0530] {logging_mixin.py:190} INFO - [2026-04-08T12:55:50.336+0530] {dag.py:3239} INFO - Sync 1 DAGs
[2026-04-08T12:55:50.347+0530] {logging_mixin.py:190} INFO - [2026-04-08T12:55:50.347+0530] {dag.py:4180} INFO - Setting next_dagrun for example_nested_branch_dag to 2026-04-07 00:00:00+00:00, run_after=2026-04-08 00:00:00+00:00
[2026-04-08T12:55:50.356+0530] {processor.py:208} INFO - Processing /Users/navalyemul/Documents/uptime/airflow_venv/lib/python3.12/site-packages/airflow/example_dags/example_nested_branch_dag.py took 0.169 seconds
[2026-04-08T12:58:43.913+0530] {processor.py:186} INFO - Started process (PID=24579) to work on /Users/navalyemul/Documents/uptime/airflow_venv/lib/python3.12/site-packages/airflow/example_dags/example_nested_branch_dag.py
[2026-04-08T12:58:43.914+0530] {processor.py:914} INFO - Processing file /Users/navalyemul/Documents/uptime/airflow_venv/lib/python3.12/site-packages/airflow/example_dags/example_nested_branch_dag.py for tasks to queue
[2026-04-08T12:58:43.915+0530] {logging_mixin.py:190} INFO - [2026-04-08T12:58:43.915+0530] {dagbag.py:588} INFO - Filling up the DagBag from /Users/navalyemul/Documents/uptime/airflow_venv/lib/python3.12/site-packages/airflow/example_dags/example_nested_branch_dag.py
[2026-04-08T12:58:43.939+0530] {processor.py:925} INFO - DAG(s) 'example_nested_branch_dag' retrieved from /Users/navalyemul/Documents/uptime/airflow_venv/lib/python3.12/site-packages/airflow/example_dags/example_nested_branch_dag.py
[2026-04-08T12:58:43.980+0530] {logging_mixin.py:190} INFO - [2026-04-08T12:58:43.980+0530] {dag.py:3239} INFO - Sync 1 DAGs
[2026-04-08T12:58:43.990+0530] {logging_mixin.py:190} INFO - [2026-04-08T12:58:43.990+0530] {dag.py:4180} INFO - Setting next_dagrun for example_nested_branch_dag to 2026-04-07 00:00:00+00:00, run_after=2026-04-08 00:00:00+00:00
[2026-04-08T12:58:43.997+0530] {processor.py:208} INFO - Processing /Users/navalyemul/Documents/uptime/airflow_venv/lib/python3.12/site-packages/airflow/example_dags/example_nested_branch_dag.py took 0.086 seconds
[2026-04-08T13:01:26.622+0530] {processor.py:186} INFO - Started process (PID=26424) to work on /Users/navalyemul/Documents/uptime/airflow_venv/lib/python3.12/site-packages/airflow/example_dags/example_nested_branch_dag.py
[2026-04-08T13:01:26.623+0530] {processor.py:914} INFO - Processing file /Users/navalyemul/Documents/uptime/airflow_venv/lib/python3.12/site-packages/airflow/example_dags/example_nested_branch_dag.py for tasks to queue
[2026-04-08T13:01:26.623+0530] {logging_mixin.py:190} INFO - [2026-04-08T13:01:26.623+0530] {dagbag.py:588} INFO - Filling up the DagBag from /Users/navalyemul/Documents/uptime/airflow_venv/lib/python3.12/site-packages/airflow/example_dags/example_nested_branch_dag.py
[2026-04-08T13:01:26.644+0530] {processor.py:925} INFO - DAG(s) 'example_nested_branch_dag' retrieved from /Users/navalyemul/Documents/uptime/airflow_venv/lib/python3.12/site-packages/airflow/example_dags/example_nested_branch_dag.py
[2026-04-08T13:01:26.684+0530] {logging_mixin.py:190} INFO - [2026-04-08T13:01:26.684+0530] {dag.py:3239} INFO - Sync 1 DAGs
[2026-04-08T13:01:26.695+0530] {logging_mixin.py:190} INFO - [2026-04-08T13:01:26.695+0530] {dag.py:4180} INFO - Setting next_dagrun for example_nested_branch_dag to 2026-04-07 00:00:00+00:00, run_after=2026-04-08 00:00:00+00:00
[2026-04-08T13:01:26.704+0530] {processor.py:208} INFO - Processing /Users/navalyemul/Documents/uptime/airflow_venv/lib/python3.12/site-packages/airflow/example_dags/example_nested_branch_dag.py took 0.084 seconds
[2026-04-08T13:04:12.605+0530] {processor.py:186} INFO - Started process (PID=28382) to work on /Users/navalyemul/Documents/uptime/airflow_venv/lib/python3.12/site-packages/airflow/example_dags/example_nested_branch_dag.py
[2026-04-08T13:04:12.606+0530] {processor.py:914} INFO - Processing file /Users/navalyemul/Documents/uptime/airflow_venv/lib/python3.12/site-packages/airflow/example_dags/example_nested_branch_dag.py for tasks to queue
[2026-04-08T13:04:12.606+0530] {logging_mixin.py:190} INFO - [2026-04-08T13:04:12.606+0530] {dagbag.py:588} INFO - Filling up the DagBag from /Users/navalyemul/Documents/uptime/airflow_venv/lib/python3.12/site-packages/airflow/example_dags/example_nested_branch_dag.py
[2026-04-08T13:04:12.628+0530] {processor.py:925} INFO - DAG(s) 'example_nested_branch_dag' retrieved from /Users/navalyemul/Documents/uptime/airflow_venv/lib/python3.12/site-packages/airflow/example_dags/example_nested_branch_dag.py
[2026-04-08T13:04:12.668+0530] {logging_mixin.py:190} INFO - [2026-04-08T13:04:12.668+0530] {dag.py:3239} INFO - Sync 1 DAGs
[2026-04-08T13:04:12.676+0530] {logging_mixin.py:190} INFO - [2026-04-08T13:04:12.676+0530] {dag.py:4180} INFO - Setting next_dagrun for example_nested_branch_dag to 2026-04-07 00:00:00+00:00, run_after=2026-04-08 00:00:00+00:00
[2026-04-08T13:04:12.684+0530] {processor.py:208} INFO - Processing /Users/navalyemul/Documents/uptime/airflow_venv/lib/python3.12/site-packages/airflow/example_dags/example_nested_branch_dag.py took 0.080 seconds
[2026-04-08T13:07:00.811+0530] {processor.py:186} INFO - Started process (PID=30228) to work on /Users/navalyemul/Documents/uptime/airflow_venv/lib/python3.12/site-packages/airflow/example_dags/example_nested_branch_dag.py
[2026-04-08T13:07:00.812+0530] {processor.py:914} INFO - Processing file /Users/navalyemul/Documents/uptime/airflow_venv/lib/python3.12/site-packages/airflow/example_dags/example_nested_branch_dag.py for tasks to queue
[2026-04-08T13:07:00.813+0530] {logging_mixin.py:190} INFO - [2026-04-08T13:07:00.813+0530] {dagbag.py:588} INFO - Filling up the DagBag from /Users/navalyemul/Documents/uptime/airflow_venv/lib/python3.12/site-packages/airflow/example_dags/example_nested_branch_dag.py
[2026-04-08T13:07:00.833+0530] {processor.py:925} INFO - DAG(s) 'example_nested_branch_dag' retrieved from /Users/navalyemul/Documents/uptime/airflow_venv/lib/python3.12/site-packages/airflow/example_dags/example_nested_branch_dag.py
[2026-04-08T13:07:00.875+0530] {logging_mixin.py:190} INFO - [2026-04-08T13:07:00.875+0530] {dag.py:3239} INFO - Sync 1 DAGs
[2026-04-08T13:07:00.883+0530] {logging_mixin.py:190} INFO - [2026-04-08T13:07:00.883+0530] {dag.py:4180} INFO - Setting next_dagrun for example_nested_branch_dag to 2026-04-07 00:00:00+00:00, run_after=2026-04-08 00:00:00+00:00
[2026-04-08T13:07:00.891+0530] {processor.py:208} INFO - Processing /Users/navalyemul/Documents/uptime/airflow_venv/lib/python3.12/site-packages/airflow/example_dags/example_nested_branch_dag.py took 0.081 seconds
[2026-04-08T13:09:47.359+0530] {processor.py:186} INFO - Started process (PID=32044) to work on /Users/navalyemul/Documents/uptime/airflow_venv/lib/python3.12/site-packages/airflow/example_dags/example_nested_branch_dag.py
[2026-04-08T13:09:47.360+0530] {processor.py:914} INFO - Processing file /Users/navalyemul/Documents/uptime/airflow_venv/lib/python3.12/site-packages/airflow/example_dags/example_nested_branch_dag.py for tasks to queue
[2026-04-08T13:09:47.361+0530] {logging_mixin.py:190} INFO - [2026-04-08T13:09:47.361+0530] {dagbag.py:588} INFO - Filling up the DagBag from /Users/navalyemul/Documents/uptime/airflow_venv/lib/python3.12/site-packages/airflow/example_dags/example_nested_branch_dag.py
[2026-04-08T13:09:47.384+0530] {processor.py:925} INFO - DAG(s) 'example_nested_branch_dag' retrieved from /Users/navalyemul/Documents/uptime/airflow_venv/lib/python3.12/site-packages/airflow/example_dags/example_nested_branch_dag.py
[2026-04-08T13:09:47.427+0530] {logging_mixin.py:190} INFO - [2026-04-08T13:09:47.427+0530] {dag.py:3239} INFO - Sync 1 DAGs
[2026-04-08T13:09:47.436+0530] {logging_mixin.py:190} INFO - [2026-04-08T13:09:47.436+0530] {dag.py:4180} INFO - Setting next_dagrun for example_nested_branch_dag to 2026-04-07 00:00:00+00:00, run_after=2026-04-08 00:00:00+00:00
[2026-04-08T13:09:47.446+0530] {processor.py:208} INFO - Processing /Users/navalyemul/Documents/uptime/airflow_venv/lib/python3.12/site-packages/airflow/example_dags/example_nested_branch_dag.py took 0.088 seconds
[2026-04-08T13:12:32.636+0530] {processor.py:186} INFO - Started process (PID=33910) to work on /Users/navalyemul/Documents/uptime/airflow_venv/lib/python3.12/site-packages/airflow/example_dags/example_nested_branch_dag.py
[2026-04-08T13:12:32.637+0530] {processor.py:914} INFO - Processing file /Users/navalyemul/Documents/uptime/airflow_venv/lib/python3.12/site-packages/airflow/example_dags/example_nested_branch_dag.py for tasks to queue
[2026-04-08T13:12:32.637+0530] {logging_mixin.py:190} INFO - [2026-04-08T13:12:32.637+0530] {dagbag.py:588} INFO - Filling up the DagBag from /Users/navalyemul/Documents/uptime/airflow_venv/lib/python3.12/site-packages/airflow/example_dags/example_nested_branch_dag.py
[2026-04-08T13:12:32.659+0530] {processor.py:925} INFO - DAG(s) 'example_nested_branch_dag' retrieved from /Users/navalyemul/Documents/uptime/airflow_venv/lib/python3.12/site-packages/airflow/example_dags/example_nested_branch_dag.py
[2026-04-08T13:12:32.698+0530] {logging_mixin.py:190} INFO - [2026-04-08T13:12:32.698+0530] {dag.py:3239} INFO - Sync 1 DAGs
[2026-04-08T13:12:32.707+0530] {logging_mixin.py:190} INFO - [2026-04-08T13:12:32.707+0530] {dag.py:4180} INFO - Setting next_dagrun for example_nested_branch_dag to 2026-04-07 00:00:00+00:00, run_after=2026-04-08 00:00:00+00:00
[2026-04-08T13:12:32.717+0530] {processor.py:208} INFO - Processing /Users/navalyemul/Documents/uptime/airflow_venv/lib/python3.12/site-packages/airflow/example_dags/example_nested_branch_dag.py took 0.083 seconds
[2026-04-08T13:15:19.241+0530] {processor.py:186} INFO - Started process (PID=35784) to work on /Users/navalyemul/Documents/uptime/airflow_venv/lib/python3.12/site-packages/airflow/example_dags/example_nested_branch_dag.py
[2026-04-08T13:15:19.242+0530] {processor.py:914} INFO - Processing file /Users/navalyemul/Documents/uptime/airflow_venv/lib/python3.12/site-packages/airflow/example_dags/example_nested_branch_dag.py for tasks to queue
[2026-04-08T13:15:19.242+0530] {logging_mixin.py:190} INFO - [2026-04-08T13:15:19.242+0530] {dagbag.py:588} INFO - Filling up the DagBag from /Users/navalyemul/Documents/uptime/airflow_venv/lib/python3.12/site-packages/airflow/example_dags/example_nested_branch_dag.py
[2026-04-08T13:15:19.268+0530] {processor.py:925} INFO - DAG(s) 'example_nested_branch_dag' retrieved from /Users/navalyemul/Documents/uptime/airflow_venv/lib/python3.12/site-packages/airflow/example_dags/example_nested_branch_dag.py
[2026-04-08T13:15:19.310+0530] {logging_mixin.py:190} INFO - [2026-04-08T13:15:19.310+0530] {dag.py:3239} INFO - Sync 1 DAGs
[2026-04-08T13:15:19.319+0530] {logging_mixin.py:190} INFO - [2026-04-08T13:15:19.319+0530] {dag.py:4180} INFO - Setting next_dagrun for example_nested_branch_dag to 2026-04-07 00:00:00+00:00, run_after=2026-04-08 00:00:00+00:00
[2026-04-08T13:15:19.327+0530] {processor.py:208} INFO - Processing /Users/navalyemul/Documents/uptime/airflow_venv/lib/python3.12/site-packages/airflow/example_dags/example_nested_branch_dag.py took 0.087 seconds
[2026-04-08T13:18:06.626+0530] {processor.py:186} INFO - Started process (PID=37668) to work on /Users/navalyemul/Documents/uptime/airflow_venv/lib/python3.12/site-packages/airflow/example_dags/example_nested_branch_dag.py
[2026-04-08T13:18:06.627+0530] {processor.py:914} INFO - Processing file /Users/navalyemul/Documents/uptime/airflow_venv/lib/python3.12/site-packages/airflow/example_dags/example_nested_branch_dag.py for tasks to queue
[2026-04-08T13:18:06.628+0530] {logging_mixin.py:190} INFO - [2026-04-08T13:18:06.628+0530] {dagbag.py:588} INFO - Filling up the DagBag from /Users/navalyemul/Documents/uptime/airflow_venv/lib/python3.12/site-packages/airflow/example_dags/example_nested_branch_dag.py
[2026-04-08T13:18:06.649+0530] {processor.py:925} INFO - DAG(s) 'example_nested_branch_dag' retrieved from /Users/navalyemul/Documents/uptime/airflow_venv/lib/python3.12/site-packages/airflow/example_dags/example_nested_branch_dag.py
[2026-04-08T13:18:06.689+0530] {logging_mixin.py:190} INFO - [2026-04-08T13:18:06.688+0530] {dag.py:3239} INFO - Sync 1 DAGs
[2026-04-08T13:18:06.697+0530] {logging_mixin.py:190} INFO - [2026-04-08T13:18:06.697+0530] {dag.py:4180} INFO - Setting next_dagrun for example_nested_branch_dag to 2026-04-07 00:00:00+00:00, run_after=2026-04-08 00:00:00+00:00
[2026-04-08T13:18:06.706+0530] {processor.py:208} INFO - Processing /Users/navalyemul/Documents/uptime/airflow_venv/lib/python3.12/site-packages/airflow/example_dags/example_nested_branch_dag.py took 0.082 seconds
[2026-04-08T13:29:15.039+0530] {processor.py:186} INFO - Started process (PID=39642) to work on /Users/navalyemul/Documents/uptime/airflow_venv/lib/python3.12/site-packages/airflow/example_dags/example_nested_branch_dag.py
[2026-04-08T13:29:15.040+0530] {processor.py:914} INFO - Processing file /Users/navalyemul/Documents/uptime/airflow_venv/lib/python3.12/site-packages/airflow/example_dags/example_nested_branch_dag.py for tasks to queue
[2026-04-08T13:29:15.040+0530] {logging_mixin.py:190} INFO - [2026-04-08T13:29:15.040+0530] {dagbag.py:588} INFO - Filling up the DagBag from /Users/navalyemul/Documents/uptime/airflow_venv/lib/python3.12/site-packages/airflow/example_dags/example_nested_branch_dag.py
[2026-04-08T13:29:15.061+0530] {processor.py:925} INFO - DAG(s) 'example_nested_branch_dag' retrieved from /Users/navalyemul/Documents/uptime/airflow_venv/lib/python3.12/site-packages/airflow/example_dags/example_nested_branch_dag.py
[2026-04-08T13:29:15.102+0530] {logging_mixin.py:190} INFO - [2026-04-08T13:29:15.102+0530] {dag.py:3239} INFO - Sync 1 DAGs
[2026-04-08T13:29:15.110+0530] {logging_mixin.py:190} INFO - [2026-04-08T13:29:15.110+0530] {dag.py:4180} INFO - Setting next_dagrun for example_nested_branch_dag to 2026-04-07 00:00:00+00:00, run_after=2026-04-08 00:00:00+00:00
[2026-04-08T13:29:15.118+0530] {processor.py:208} INFO - Processing /Users/navalyemul/Documents/uptime/airflow_venv/lib/python3.12/site-packages/airflow/example_dags/example_nested_branch_dag.py took 0.081 seconds
[2026-04-08T13:34:15.255+0530] {processor.py:186} INFO - Started process (PID=40627) to work on /Users/navalyemul/Documents/uptime/airflow_venv/lib/python3.12/site-packages/airflow/example_dags/example_nested_branch_dag.py
[2026-04-08T13:34:15.257+0530] {processor.py:914} INFO - Processing file /Users/navalyemul/Documents/uptime/airflow_venv/lib/python3.12/site-packages/airflow/example_dags/example_nested_branch_dag.py for tasks to queue
[2026-04-08T13:34:15.258+0530] {logging_mixin.py:190} INFO - [2026-04-08T13:34:15.257+0530] {dagbag.py:588} INFO - Filling up the DagBag from /Users/navalyemul/Documents/uptime/airflow_venv/lib/python3.12/site-packages/airflow/example_dags/example_nested_branch_dag.py
[2026-04-08T13:34:15.279+0530] {processor.py:925} INFO - DAG(s) 'example_nested_branch_dag' retrieved from /Users/navalyemul/Documents/uptime/airflow_venv/lib/python3.12/site-packages/airflow/example_dags/example_nested_branch_dag.py
[2026-04-08T13:34:15.320+0530] {logging_mixin.py:190} INFO - [2026-04-08T13:34:15.320+0530] {dag.py:3239} INFO - Sync 1 DAGs
[2026-04-08T13:34:15.330+0530] {logging_mixin.py:190} INFO - [2026-04-08T13:34:15.330+0530] {dag.py:4180} INFO - Setting next_dagrun for example_nested_branch_dag to 2026-04-07 00:00:00+00:00, run_after=2026-04-08 00:00:00+00:00
[2026-04-08T13:34:15.338+0530] {processor.py:208} INFO - Processing /Users/navalyemul/Documents/uptime/airflow_venv/lib/python3.12/site-packages/airflow/example_dags/example_nested_branch_dag.py took 0.085 seconds
[2026-04-08T13:46:46.462+0530] {processor.py:186} INFO - Started process (PID=42708) to work on /Users/navalyemul/Documents/uptime/airflow_venv/lib/python3.12/site-packages/airflow/example_dags/example_nested_branch_dag.py
[2026-04-08T13:46:46.463+0530] {processor.py:914} INFO - Processing file /Users/navalyemul/Documents/uptime/airflow_venv/lib/python3.12/site-packages/airflow/example_dags/example_nested_branch_dag.py for tasks to queue
[2026-04-08T13:46:46.463+0530] {logging_mixin.py:190} INFO - [2026-04-08T13:46:46.463+0530] {dagbag.py:588} INFO - Filling up the DagBag from /Users/navalyemul/Documents/uptime/airflow_venv/lib/python3.12/site-packages/airflow/example_dags/example_nested_branch_dag.py
[2026-04-08T13:46:46.484+0530] {processor.py:925} INFO - DAG(s) 'example_nested_branch_dag' retrieved from /Users/navalyemul/Documents/uptime/airflow_venv/lib/python3.12/site-packages/airflow/example_dags/example_nested_branch_dag.py
[2026-04-08T13:46:46.522+0530] {logging_mixin.py:190} INFO - [2026-04-08T13:46:46.522+0530] {dag.py:3239} INFO - Sync 1 DAGs
[2026-04-08T13:46:46.531+0530] {logging_mixin.py:190} INFO - [2026-04-08T13:46:46.531+0530] {dag.py:4180} INFO - Setting next_dagrun for example_nested_branch_dag to 2026-04-07 00:00:00+00:00, run_after=2026-04-08 00:00:00+00:00
[2026-04-08T13:46:46.538+0530] {processor.py:208} INFO - Processing /Users/navalyemul/Documents/uptime/airflow_venv/lib/python3.12/site-packages/airflow/example_dags/example_nested_branch_dag.py took 0.078 seconds
[2026-04-08T13:55:05.458+0530] {processor.py:186} INFO - Started process (PID=43880) to work on /Users/navalyemul/Documents/uptime/airflow_venv/lib/python3.12/site-packages/airflow/example_dags/example_nested_branch_dag.py
[2026-04-08T13:55:05.459+0530] {processor.py:914} INFO - Processing file /Users/navalyemul/Documents/uptime/airflow_venv/lib/python3.12/site-packages/airflow/example_dags/example_nested_branch_dag.py for tasks to queue
[2026-04-08T13:55:05.459+0530] {logging_mixin.py:190} INFO - [2026-04-08T13:55:05.459+0530] {dagbag.py:588} INFO - Filling up the DagBag from /Users/navalyemul/Documents/uptime/airflow_venv/lib/python3.12/site-packages/airflow/example_dags/example_nested_branch_dag.py
[2026-04-08T13:55:05.482+0530] {processor.py:925} INFO - DAG(s) 'example_nested_branch_dag' retrieved from /Users/navalyemul/Documents/uptime/airflow_venv/lib/python3.12/site-packages/airflow/example_dags/example_nested_branch_dag.py
[2026-04-08T13:55:05.528+0530] {logging_mixin.py:190} INFO - [2026-04-08T13:55:05.528+0530] {dag.py:3239} INFO - Sync 1 DAGs
[2026-04-08T13:55:05.537+0530] {logging_mixin.py:190} INFO - [2026-04-08T13:55:05.536+0530] {dag.py:4180} INFO - Setting next_dagrun for example_nested_branch_dag to 2026-04-07 00:00:00+00:00, run_after=2026-04-08 00:00:00+00:00
[2026-04-08T13:55:05.545+0530] {processor.py:208} INFO - Processing /Users/navalyemul/Documents/uptime/airflow_venv/lib/python3.12/site-packages/airflow/example_dags/example_nested_branch_dag.py took 0.090 seconds
[2026-04-08T13:57:00.177+0530] {processor.py:186} INFO - Started process (PID=44919) to work on /Users/navalyemul/Documents/uptime/airflow_venv/lib/python3.12/site-packages/airflow/example_dags/example_nested_branch_dag.py
[2026-04-08T13:57:00.178+0530] {processor.py:914} INFO - Processing file /Users/navalyemul/Documents/uptime/airflow_venv/lib/python3.12/site-packages/airflow/example_dags/example_nested_branch_dag.py for tasks to queue
[2026-04-08T13:57:00.179+0530] {logging_mixin.py:190} INFO - [2026-04-08T13:57:00.178+0530] {dagbag.py:588} INFO - Filling up the DagBag from /Users/navalyemul/Documents/uptime/airflow_venv/lib/python3.12/site-packages/airflow/example_dags/example_nested_branch_dag.py
[2026-04-08T13:57:00.200+0530] {processor.py:925} INFO - DAG(s) 'example_nested_branch_dag' retrieved from /Users/navalyemul/Documents/uptime/airflow_venv/lib/python3.12/site-packages/airflow/example_dags/example_nested_branch_dag.py
[2026-04-08T13:57:00.243+0530] {logging_mixin.py:190} INFO - [2026-04-08T13:57:00.243+0530] {dag.py:3239} INFO - Sync 1 DAGs
[2026-04-08T13:57:00.251+0530] {logging_mixin.py:190} INFO - [2026-04-08T13:57:00.251+0530] {dag.py:4180} INFO - Setting next_dagrun for example_nested_branch_dag to 2026-04-07 00:00:00+00:00, run_after=2026-04-08 00:00:00+00:00
[2026-04-08T13:57:00.259+0530] {processor.py:208} INFO - Processing /Users/navalyemul/Documents/uptime/airflow_venv/lib/python3.12/site-packages/airflow/example_dags/example_nested_branch_dag.py took 0.084 seconds
