[2026-04-08T12:39:33.187+0530] {processor.py:186} INFO - Started process (PID=13361) to work on /Users/navalyemul/Documents/uptime/airflow_venv/lib/python3.12/site-packages/airflow/example_dags/example_trigger_target_dag.py
[2026-04-08T12:39:33.188+0530] {processor.py:914} INFO - Processing file /Users/navalyemul/Documents/uptime/airflow_venv/lib/python3.12/site-packages/airflow/example_dags/example_trigger_target_dag.py for tasks to queue
[2026-04-08T12:39:33.189+0530] {logging_mixin.py:190} INFO - [2026-04-08T12:39:33.189+0530] {dagbag.py:588} INFO - Filling up the DagBag from /Users/navalyemul/Documents/uptime/airflow_venv/lib/python3.12/site-packages/airflow/example_dags/example_trigger_target_dag.py
[2026-04-08T12:39:33.226+0530] {processor.py:925} INFO - DAG(s) 'example_trigger_target_dag' retrieved from /Users/navalyemul/Documents/uptime/airflow_venv/lib/python3.12/site-packages/airflow/example_dags/example_trigger_target_dag.py
[2026-04-08T12:39:33.386+0530] {logging_mixin.py:190} INFO - [2026-04-08T12:39:33.386+0530] {override.py:1912} INFO - Created Permission View: can read on DAG:example_trigger_target_dag
[2026-04-08T12:39:33.392+0530] {logging_mixin.py:190} INFO - [2026-04-08T12:39:33.392+0530] {override.py:1912} INFO - Created Permission View: can edit on DAG:example_trigger_target_dag
[2026-04-08T12:39:33.396+0530] {logging_mixin.py:190} INFO - [2026-04-08T12:39:33.396+0530] {override.py:1912} INFO - Created Permission View: can delete on DAG:example_trigger_target_dag
[2026-04-08T12:39:33.408+0530] {logging_mixin.py:190} INFO - [2026-04-08T12:39:33.408+0530] {override.py:1912} INFO - Created Permission View: can read on DAG Run:example_trigger_target_dag
[2026-04-08T12:39:33.413+0530] {logging_mixin.py:190} INFO - [2026-04-08T12:39:33.413+0530] {override.py:1912} INFO - Created Permission View: menu access on DAG Run:example_trigger_target_dag
[2026-04-08T12:39:33.417+0530] {logging_mixin.py:190} INFO - [2026-04-08T12:39:33.417+0530] {override.py:1912} INFO - Created Permission View: can delete on DAG Run:example_trigger_target_dag
[2026-04-08T12:39:33.420+0530] {logging_mixin.py:190} INFO - [2026-04-08T12:39:33.420+0530] {override.py:1912} INFO - Created Permission View: can create on DAG Run:example_trigger_target_dag
[2026-04-08T12:39:33.420+0530] {logging_mixin.py:190} INFO - [2026-04-08T12:39:33.420+0530] {dag.py:3239} INFO - Sync 1 DAGs
[2026-04-08T12:39:33.426+0530] {logging_mixin.py:190} INFO - [2026-04-08T12:39:33.425+0530] {dag.py:3262} INFO - Creating ORM DAG for example_trigger_target_dag
[2026-04-08T12:39:33.426+0530] {logging_mixin.py:190} INFO - [2026-04-08T12:39:33.426+0530] {dag.py:4180} INFO - Setting next_dagrun for example_trigger_target_dag to None, run_after=None
[2026-04-08T12:39:33.481+0530] {processor.py:208} INFO - Processing /Users/navalyemul/Documents/uptime/airflow_venv/lib/python3.12/site-packages/airflow/example_dags/example_trigger_target_dag.py took 0.298 seconds
[2026-04-08T12:44:00.964+0530] {processor.py:186} INFO - Started process (PID=15675) to work on /Users/navalyemul/Documents/uptime/airflow_venv/lib/python3.12/site-packages/airflow/example_dags/example_trigger_target_dag.py
[2026-04-08T12:44:00.965+0530] {processor.py:914} INFO - Processing file /Users/navalyemul/Documents/uptime/airflow_venv/lib/python3.12/site-packages/airflow/example_dags/example_trigger_target_dag.py for tasks to queue
[2026-04-08T12:44:00.967+0530] {logging_mixin.py:190} INFO - [2026-04-08T12:44:00.966+0530] {dagbag.py:588} INFO - Filling up the DagBag from /Users/navalyemul/Documents/uptime/airflow_venv/lib/python3.12/site-packages/airflow/example_dags/example_trigger_target_dag.py
[2026-04-08T12:44:00.999+0530] {processor.py:925} INFO - DAG(s) 'example_trigger_target_dag' retrieved from /Users/navalyemul/Documents/uptime/airflow_venv/lib/python3.12/site-packages/airflow/example_dags/example_trigger_target_dag.py
[2026-04-08T12:44:01.052+0530] {logging_mixin.py:190} INFO - [2026-04-08T12:44:01.052+0530] {dag.py:3239} INFO - Sync 1 DAGs
[2026-04-08T12:44:01.060+0530] {logging_mixin.py:190} INFO - [2026-04-08T12:44:01.059+0530] {dag.py:4180} INFO - Setting next_dagrun for example_trigger_target_dag to None, run_after=None
[2026-04-08T12:44:01.071+0530] {processor.py:208} INFO - Processing /Users/navalyemul/Documents/uptime/airflow_venv/lib/python3.12/site-packages/airflow/example_dags/example_trigger_target_dag.py took 0.116 seconds
[2026-04-08T12:46:39.943+0530] {processor.py:186} INFO - Started process (PID=17258) to work on /Users/navalyemul/Documents/uptime/airflow_venv/lib/python3.12/site-packages/airflow/example_dags/example_trigger_target_dag.py
[2026-04-08T12:46:39.945+0530] {processor.py:914} INFO - Processing file /Users/navalyemul/Documents/uptime/airflow_venv/lib/python3.12/site-packages/airflow/example_dags/example_trigger_target_dag.py for tasks to queue
[2026-04-08T12:46:39.947+0530] {logging_mixin.py:190} INFO - [2026-04-08T12:46:39.947+0530] {dagbag.py:588} INFO - Filling up the DagBag from /Users/navalyemul/Documents/uptime/airflow_venv/lib/python3.12/site-packages/airflow/example_dags/example_trigger_target_dag.py
[2026-04-08T12:46:39.980+0530] {processor.py:925} INFO - DAG(s) 'example_trigger_target_dag' retrieved from /Users/navalyemul/Documents/uptime/airflow_venv/lib/python3.12/site-packages/airflow/example_dags/example_trigger_target_dag.py
[2026-04-08T12:46:40.031+0530] {logging_mixin.py:190} INFO - [2026-04-08T12:46:40.031+0530] {dag.py:3239} INFO - Sync 1 DAGs
[2026-04-08T12:46:40.038+0530] {logging_mixin.py:190} INFO - [2026-04-08T12:46:40.037+0530] {dag.py:4180} INFO - Setting next_dagrun for example_trigger_target_dag to None, run_after=None
[2026-04-08T12:46:40.047+0530] {processor.py:208} INFO - Processing /Users/navalyemul/Documents/uptime/airflow_venv/lib/python3.12/site-packages/airflow/example_dags/example_trigger_target_dag.py took 0.106 seconds
[2026-04-08T12:48:37.151+0530] {processor.py:186} INFO - Started process (PID=18589) to work on /Users/navalyemul/Documents/uptime/airflow_venv/lib/python3.12/site-packages/airflow/example_dags/example_trigger_target_dag.py
[2026-04-08T12:48:37.151+0530] {processor.py:914} INFO - Processing file /Users/navalyemul/Documents/uptime/airflow_venv/lib/python3.12/site-packages/airflow/example_dags/example_trigger_target_dag.py for tasks to queue
[2026-04-08T12:48:37.152+0530] {logging_mixin.py:190} INFO - [2026-04-08T12:48:37.152+0530] {dagbag.py:588} INFO - Filling up the DagBag from /Users/navalyemul/Documents/uptime/airflow_venv/lib/python3.12/site-packages/airflow/example_dags/example_trigger_target_dag.py
[2026-04-08T12:48:37.172+0530] {processor.py:925} INFO - DAG(s) 'example_trigger_target_dag' retrieved from /Users/navalyemul/Documents/uptime/airflow_venv/lib/python3.12/site-packages/airflow/example_dags/example_trigger_target_dag.py
[2026-04-08T12:48:37.211+0530] {logging_mixin.py:190} INFO - [2026-04-08T12:48:37.211+0530] {dag.py:3239} INFO - Sync 1 DAGs
[2026-04-08T12:48:37.216+0530] {logging_mixin.py:190} INFO - [2026-04-08T12:48:37.216+0530] {dag.py:4180} INFO - Setting next_dagrun for example_trigger_target_dag to None, run_after=None
[2026-04-08T12:48:37.224+0530] {processor.py:208} INFO - Processing /Users/navalyemul/Documents/uptime/airflow_venv/lib/python3.12/site-packages/airflow/example_dags/example_trigger_target_dag.py took 0.075 seconds
[2026-04-08T12:49:59.474+0530] {processor.py:186} INFO - Started process (PID=19540) to work on /Users/navalyemul/Documents/uptime/airflow_venv/lib/python3.12/site-packages/airflow/example_dags/example_trigger_target_dag.py
[2026-04-08T12:49:59.475+0530] {processor.py:914} INFO - Processing file /Users/navalyemul/Documents/uptime/airflow_venv/lib/python3.12/site-packages/airflow/example_dags/example_trigger_target_dag.py for tasks to queue
[2026-04-08T12:49:59.476+0530] {logging_mixin.py:190} INFO - [2026-04-08T12:49:59.475+0530] {dagbag.py:588} INFO - Filling up the DagBag from /Users/navalyemul/Documents/uptime/airflow_venv/lib/python3.12/site-packages/airflow/example_dags/example_trigger_target_dag.py
[2026-04-08T12:49:59.496+0530] {processor.py:925} INFO - DAG(s) 'example_trigger_target_dag' retrieved from /Users/navalyemul/Documents/uptime/airflow_venv/lib/python3.12/site-packages/airflow/example_dags/example_trigger_target_dag.py
[2026-04-08T12:49:59.535+0530] {logging_mixin.py:190} INFO - [2026-04-08T12:49:59.534+0530] {dag.py:3239} INFO - Sync 1 DAGs
[2026-04-08T12:49:59.539+0530] {logging_mixin.py:190} INFO - [2026-04-08T12:49:59.539+0530] {dag.py:4180} INFO - Setting next_dagrun for example_trigger_target_dag to None, run_after=None
[2026-04-08T12:49:59.548+0530] {processor.py:208} INFO - Processing /Users/navalyemul/Documents/uptime/airflow_venv/lib/python3.12/site-packages/airflow/example_dags/example_trigger_target_dag.py took 0.075 seconds
[2026-04-08T12:51:33.307+0530] {processor.py:186} INFO - Started process (PID=20504) to work on /Users/navalyemul/Documents/uptime/airflow_venv/lib/python3.12/site-packages/airflow/example_dags/example_trigger_target_dag.py
[2026-04-08T12:51:33.308+0530] {processor.py:914} INFO - Processing file /Users/navalyemul/Documents/uptime/airflow_venv/lib/python3.12/site-packages/airflow/example_dags/example_trigger_target_dag.py for tasks to queue
[2026-04-08T12:51:33.308+0530] {logging_mixin.py:190} INFO - [2026-04-08T12:51:33.308+0530] {dagbag.py:588} INFO - Filling up the DagBag from /Users/navalyemul/Documents/uptime/airflow_venv/lib/python3.12/site-packages/airflow/example_dags/example_trigger_target_dag.py
[2026-04-08T12:51:33.331+0530] {processor.py:925} INFO - DAG(s) 'example_trigger_target_dag' retrieved from /Users/navalyemul/Documents/uptime/airflow_venv/lib/python3.12/site-packages/airflow/example_dags/example_trigger_target_dag.py
[2026-04-08T12:51:33.391+0530] {logging_mixin.py:190} INFO - [2026-04-08T12:51:33.390+0530] {dag.py:3239} INFO - Sync 1 DAGs
[2026-04-08T12:51:33.396+0530] {logging_mixin.py:190} INFO - [2026-04-08T12:51:33.395+0530] {dag.py:4180} INFO - Setting next_dagrun for example_trigger_target_dag to None, run_after=None
[2026-04-08T12:51:33.405+0530] {processor.py:208} INFO - Processing /Users/navalyemul/Documents/uptime/airflow_venv/lib/python3.12/site-packages/airflow/example_dags/example_trigger_target_dag.py took 0.100 seconds
[2026-04-08T12:53:13.692+0530] {processor.py:186} INFO - Started process (PID=21449) to work on /Users/navalyemul/Documents/uptime/airflow_venv/lib/python3.12/site-packages/airflow/example_dags/example_trigger_target_dag.py
[2026-04-08T12:53:13.693+0530] {processor.py:914} INFO - Processing file /Users/navalyemul/Documents/uptime/airflow_venv/lib/python3.12/site-packages/airflow/example_dags/example_trigger_target_dag.py for tasks to queue
[2026-04-08T12:53:13.694+0530] {logging_mixin.py:190} INFO - [2026-04-08T12:53:13.693+0530] {dagbag.py:588} INFO - Filling up the DagBag from /Users/navalyemul/Documents/uptime/airflow_venv/lib/python3.12/site-packages/airflow/example_dags/example_trigger_target_dag.py
[2026-04-08T12:53:13.729+0530] {processor.py:925} INFO - DAG(s) 'example_trigger_target_dag' retrieved from /Users/navalyemul/Documents/uptime/airflow_venv/lib/python3.12/site-packages/airflow/example_dags/example_trigger_target_dag.py
[2026-04-08T12:53:13.781+0530] {logging_mixin.py:190} INFO - [2026-04-08T12:53:13.781+0530] {dag.py:3239} INFO - Sync 1 DAGs
[2026-04-08T12:53:13.787+0530] {logging_mixin.py:190} INFO - [2026-04-08T12:53:13.787+0530] {dag.py:4180} INFO - Setting next_dagrun for example_trigger_target_dag to None, run_after=None
[2026-04-08T12:53:13.805+0530] {processor.py:208} INFO - Processing /Users/navalyemul/Documents/uptime/airflow_venv/lib/python3.12/site-packages/airflow/example_dags/example_trigger_target_dag.py took 0.117 seconds
[2026-04-08T12:55:08.275+0530] {processor.py:186} INFO - Started process (PID=22337) to work on /Users/navalyemul/Documents/uptime/airflow_venv/lib/python3.12/site-packages/airflow/example_dags/example_trigger_target_dag.py
[2026-04-08T12:55:08.279+0530] {processor.py:914} INFO - Processing file /Users/navalyemul/Documents/uptime/airflow_venv/lib/python3.12/site-packages/airflow/example_dags/example_trigger_target_dag.py for tasks to queue
[2026-04-08T12:55:08.280+0530] {logging_mixin.py:190} INFO - [2026-04-08T12:55:08.280+0530] {dagbag.py:588} INFO - Filling up the DagBag from /Users/navalyemul/Documents/uptime/airflow_venv/lib/python3.12/site-packages/airflow/example_dags/example_trigger_target_dag.py
[2026-04-08T12:55:08.307+0530] {processor.py:925} INFO - DAG(s) 'example_trigger_target_dag' retrieved from /Users/navalyemul/Documents/uptime/airflow_venv/lib/python3.12/site-packages/airflow/example_dags/example_trigger_target_dag.py
[2026-04-08T12:55:08.354+0530] {logging_mixin.py:190} INFO - [2026-04-08T12:55:08.354+0530] {dag.py:3239} INFO - Sync 1 DAGs
[2026-04-08T12:55:08.360+0530] {logging_mixin.py:190} INFO - [2026-04-08T12:55:08.359+0530] {dag.py:4180} INFO - Setting next_dagrun for example_trigger_target_dag to None, run_after=None
[2026-04-08T12:55:08.369+0530] {processor.py:208} INFO - Processing /Users/navalyemul/Documents/uptime/airflow_venv/lib/python3.12/site-packages/airflow/example_dags/example_trigger_target_dag.py took 0.096 seconds
[2026-04-08T12:56:42.151+0530] {processor.py:186} INFO - Started process (PID=23294) to work on /Users/navalyemul/Documents/uptime/airflow_venv/lib/python3.12/site-packages/airflow/example_dags/example_trigger_target_dag.py
[2026-04-08T12:56:42.151+0530] {processor.py:914} INFO - Processing file /Users/navalyemul/Documents/uptime/airflow_venv/lib/python3.12/site-packages/airflow/example_dags/example_trigger_target_dag.py for tasks to queue
[2026-04-08T12:56:42.152+0530] {logging_mixin.py:190} INFO - [2026-04-08T12:56:42.152+0530] {dagbag.py:588} INFO - Filling up the DagBag from /Users/navalyemul/Documents/uptime/airflow_venv/lib/python3.12/site-packages/airflow/example_dags/example_trigger_target_dag.py
[2026-04-08T12:56:42.176+0530] {processor.py:925} INFO - DAG(s) 'example_trigger_target_dag' retrieved from /Users/navalyemul/Documents/uptime/airflow_venv/lib/python3.12/site-packages/airflow/example_dags/example_trigger_target_dag.py
[2026-04-08T12:56:42.215+0530] {logging_mixin.py:190} INFO - [2026-04-08T12:56:42.215+0530] {dag.py:3239} INFO - Sync 1 DAGs
[2026-04-08T12:56:42.220+0530] {logging_mixin.py:190} INFO - [2026-04-08T12:56:42.220+0530] {dag.py:4180} INFO - Setting next_dagrun for example_trigger_target_dag to None, run_after=None
[2026-04-08T12:56:42.228+0530] {processor.py:208} INFO - Processing /Users/navalyemul/Documents/uptime/airflow_venv/lib/python3.12/site-packages/airflow/example_dags/example_trigger_target_dag.py took 0.079 seconds
[2026-04-08T12:58:09.634+0530] {processor.py:186} INFO - Started process (PID=24236) to work on /Users/navalyemul/Documents/uptime/airflow_venv/lib/python3.12/site-packages/airflow/example_dags/example_trigger_target_dag.py
[2026-04-08T12:58:09.635+0530] {processor.py:914} INFO - Processing file /Users/navalyemul/Documents/uptime/airflow_venv/lib/python3.12/site-packages/airflow/example_dags/example_trigger_target_dag.py for tasks to queue
[2026-04-08T12:58:09.636+0530] {logging_mixin.py:190} INFO - [2026-04-08T12:58:09.636+0530] {dagbag.py:588} INFO - Filling up the DagBag from /Users/navalyemul/Documents/uptime/airflow_venv/lib/python3.12/site-packages/airflow/example_dags/example_trigger_target_dag.py
[2026-04-08T12:58:09.665+0530] {processor.py:925} INFO - DAG(s) 'example_trigger_target_dag' retrieved from /Users/navalyemul/Documents/uptime/airflow_venv/lib/python3.12/site-packages/airflow/example_dags/example_trigger_target_dag.py
[2026-04-08T12:58:09.710+0530] {logging_mixin.py:190} INFO - [2026-04-08T12:58:09.709+0530] {dag.py:3239} INFO - Sync 1 DAGs
[2026-04-08T12:58:09.716+0530] {logging_mixin.py:190} INFO - [2026-04-08T12:58:09.716+0530] {dag.py:4180} INFO - Setting next_dagrun for example_trigger_target_dag to None, run_after=None
[2026-04-08T12:58:09.725+0530] {processor.py:208} INFO - Processing /Users/navalyemul/Documents/uptime/airflow_venv/lib/python3.12/site-packages/airflow/example_dags/example_trigger_target_dag.py took 0.092 seconds
[2026-04-08T12:59:34.146+0530] {processor.py:186} INFO - Started process (PID=25131) to work on /Users/navalyemul/Documents/uptime/airflow_venv/lib/python3.12/site-packages/airflow/example_dags/example_trigger_target_dag.py
[2026-04-08T12:59:34.147+0530] {processor.py:914} INFO - Processing file /Users/navalyemul/Documents/uptime/airflow_venv/lib/python3.12/site-packages/airflow/example_dags/example_trigger_target_dag.py for tasks to queue
[2026-04-08T12:59:34.147+0530] {logging_mixin.py:190} INFO - [2026-04-08T12:59:34.147+0530] {dagbag.py:588} INFO - Filling up the DagBag from /Users/navalyemul/Documents/uptime/airflow_venv/lib/python3.12/site-packages/airflow/example_dags/example_trigger_target_dag.py
[2026-04-08T12:59:34.167+0530] {processor.py:925} INFO - DAG(s) 'example_trigger_target_dag' retrieved from /Users/navalyemul/Documents/uptime/airflow_venv/lib/python3.12/site-packages/airflow/example_dags/example_trigger_target_dag.py
[2026-04-08T12:59:34.205+0530] {logging_mixin.py:190} INFO - [2026-04-08T12:59:34.205+0530] {dag.py:3239} INFO - Sync 1 DAGs
[2026-04-08T12:59:34.210+0530] {logging_mixin.py:190} INFO - [2026-04-08T12:59:34.210+0530] {dag.py:4180} INFO - Setting next_dagrun for example_trigger_target_dag to None, run_after=None
[2026-04-08T12:59:34.218+0530] {processor.py:208} INFO - Processing /Users/navalyemul/Documents/uptime/airflow_venv/lib/python3.12/site-packages/airflow/example_dags/example_trigger_target_dag.py took 0.073 seconds
[2026-04-08T13:00:55.422+0530] {processor.py:186} INFO - Started process (PID=26071) to work on /Users/navalyemul/Documents/uptime/airflow_venv/lib/python3.12/site-packages/airflow/example_dags/example_trigger_target_dag.py
[2026-04-08T13:00:55.423+0530] {processor.py:914} INFO - Processing file /Users/navalyemul/Documents/uptime/airflow_venv/lib/python3.12/site-packages/airflow/example_dags/example_trigger_target_dag.py for tasks to queue
[2026-04-08T13:00:55.423+0530] {logging_mixin.py:190} INFO - [2026-04-08T13:00:55.423+0530] {dagbag.py:588} INFO - Filling up the DagBag from /Users/navalyemul/Documents/uptime/airflow_venv/lib/python3.12/site-packages/airflow/example_dags/example_trigger_target_dag.py
[2026-04-08T13:00:55.443+0530] {processor.py:925} INFO - DAG(s) 'example_trigger_target_dag' retrieved from /Users/navalyemul/Documents/uptime/airflow_venv/lib/python3.12/site-packages/airflow/example_dags/example_trigger_target_dag.py
[2026-04-08T13:00:55.483+0530] {logging_mixin.py:190} INFO - [2026-04-08T13:00:55.483+0530] {dag.py:3239} INFO - Sync 1 DAGs
[2026-04-08T13:00:55.487+0530] {logging_mixin.py:190} INFO - [2026-04-08T13:00:55.487+0530] {dag.py:4180} INFO - Setting next_dagrun for example_trigger_target_dag to None, run_after=None
[2026-04-08T13:00:55.496+0530] {processor.py:208} INFO - Processing /Users/navalyemul/Documents/uptime/airflow_venv/lib/python3.12/site-packages/airflow/example_dags/example_trigger_target_dag.py took 0.076 seconds
[2026-04-08T13:02:15.358+0530] {processor.py:186} INFO - Started process (PID=26982) to work on /Users/navalyemul/Documents/uptime/airflow_venv/lib/python3.12/site-packages/airflow/example_dags/example_trigger_target_dag.py
[2026-04-08T13:02:15.359+0530] {processor.py:914} INFO - Processing file /Users/navalyemul/Documents/uptime/airflow_venv/lib/python3.12/site-packages/airflow/example_dags/example_trigger_target_dag.py for tasks to queue
[2026-04-08T13:02:15.359+0530] {logging_mixin.py:190} INFO - [2026-04-08T13:02:15.359+0530] {dagbag.py:588} INFO - Filling up the DagBag from /Users/navalyemul/Documents/uptime/airflow_venv/lib/python3.12/site-packages/airflow/example_dags/example_trigger_target_dag.py
[2026-04-08T13:02:15.380+0530] {processor.py:925} INFO - DAG(s) 'example_trigger_target_dag' retrieved from /Users/navalyemul/Documents/uptime/airflow_venv/lib/python3.12/site-packages/airflow/example_dags/example_trigger_target_dag.py
[2026-04-08T13:02:15.419+0530] {logging_mixin.py:190} INFO - [2026-04-08T13:02:15.419+0530] {dag.py:3239} INFO - Sync 1 DAGs
[2026-04-08T13:02:15.424+0530] {logging_mixin.py:190} INFO - [2026-04-08T13:02:15.424+0530] {dag.py:4180} INFO - Setting next_dagrun for example_trigger_target_dag to None, run_after=None
[2026-04-08T13:02:15.432+0530] {processor.py:208} INFO - Processing /Users/navalyemul/Documents/uptime/airflow_venv/lib/python3.12/site-packages/airflow/example_dags/example_trigger_target_dag.py took 0.075 seconds
[2026-04-08T13:03:37.132+0530] {processor.py:186} INFO - Started process (PID=27946) to work on /Users/navalyemul/Documents/uptime/airflow_venv/lib/python3.12/site-packages/airflow/example_dags/example_trigger_target_dag.py
[2026-04-08T13:03:37.133+0530] {processor.py:914} INFO - Processing file /Users/navalyemul/Documents/uptime/airflow_venv/lib/python3.12/site-packages/airflow/example_dags/example_trigger_target_dag.py for tasks to queue
[2026-04-08T13:03:37.133+0530] {logging_mixin.py:190} INFO - [2026-04-08T13:03:37.133+0530] {dagbag.py:588} INFO - Filling up the DagBag from /Users/navalyemul/Documents/uptime/airflow_venv/lib/python3.12/site-packages/airflow/example_dags/example_trigger_target_dag.py
[2026-04-08T13:03:37.158+0530] {processor.py:925} INFO - DAG(s) 'example_trigger_target_dag' retrieved from /Users/navalyemul/Documents/uptime/airflow_venv/lib/python3.12/site-packages/airflow/example_dags/example_trigger_target_dag.py
[2026-04-08T13:03:37.208+0530] {logging_mixin.py:190} INFO - [2026-04-08T13:03:37.208+0530] {dag.py:3239} INFO - Sync 1 DAGs
[2026-04-08T13:03:37.213+0530] {logging_mixin.py:190} INFO - [2026-04-08T13:03:37.213+0530] {dag.py:4180} INFO - Setting next_dagrun for example_trigger_target_dag to None, run_after=None
[2026-04-08T13:03:37.226+0530] {processor.py:208} INFO - Processing /Users/navalyemul/Documents/uptime/airflow_venv/lib/python3.12/site-packages/airflow/example_dags/example_trigger_target_dag.py took 0.096 seconds
[2026-04-08T13:05:03.855+0530] {processor.py:186} INFO - Started process (PID=28953) to work on /Users/navalyemul/Documents/uptime/airflow_venv/lib/python3.12/site-packages/airflow/example_dags/example_trigger_target_dag.py
[2026-04-08T13:05:03.856+0530] {processor.py:914} INFO - Processing file /Users/navalyemul/Documents/uptime/airflow_venv/lib/python3.12/site-packages/airflow/example_dags/example_trigger_target_dag.py for tasks to queue
[2026-04-08T13:05:03.857+0530] {logging_mixin.py:190} INFO - [2026-04-08T13:05:03.856+0530] {dagbag.py:588} INFO - Filling up the DagBag from /Users/navalyemul/Documents/uptime/airflow_venv/lib/python3.12/site-packages/airflow/example_dags/example_trigger_target_dag.py
[2026-04-08T13:05:03.879+0530] {processor.py:925} INFO - DAG(s) 'example_trigger_target_dag' retrieved from /Users/navalyemul/Documents/uptime/airflow_venv/lib/python3.12/site-packages/airflow/example_dags/example_trigger_target_dag.py
[2026-04-08T13:05:03.919+0530] {logging_mixin.py:190} INFO - [2026-04-08T13:05:03.919+0530] {dag.py:3239} INFO - Sync 1 DAGs
[2026-04-08T13:05:03.923+0530] {logging_mixin.py:190} INFO - [2026-04-08T13:05:03.923+0530] {dag.py:4180} INFO - Setting next_dagrun for example_trigger_target_dag to None, run_after=None
[2026-04-08T13:05:03.931+0530] {processor.py:208} INFO - Processing /Users/navalyemul/Documents/uptime/airflow_venv/lib/python3.12/site-packages/airflow/example_dags/example_trigger_target_dag.py took 0.078 seconds
[2026-04-08T13:06:28.592+0530] {processor.py:186} INFO - Started process (PID=29870) to work on /Users/navalyemul/Documents/uptime/airflow_venv/lib/python3.12/site-packages/airflow/example_dags/example_trigger_target_dag.py
[2026-04-08T13:06:28.593+0530] {processor.py:914} INFO - Processing file /Users/navalyemul/Documents/uptime/airflow_venv/lib/python3.12/site-packages/airflow/example_dags/example_trigger_target_dag.py for tasks to queue
[2026-04-08T13:06:28.594+0530] {logging_mixin.py:190} INFO - [2026-04-08T13:06:28.594+0530] {dagbag.py:588} INFO - Filling up the DagBag from /Users/navalyemul/Documents/uptime/airflow_venv/lib/python3.12/site-packages/airflow/example_dags/example_trigger_target_dag.py
[2026-04-08T13:06:28.617+0530] {processor.py:925} INFO - DAG(s) 'example_trigger_target_dag' retrieved from /Users/navalyemul/Documents/uptime/airflow_venv/lib/python3.12/site-packages/airflow/example_dags/example_trigger_target_dag.py
[2026-04-08T13:06:28.658+0530] {logging_mixin.py:190} INFO - [2026-04-08T13:06:28.658+0530] {dag.py:3239} INFO - Sync 1 DAGs
[2026-04-08T13:06:28.663+0530] {logging_mixin.py:190} INFO - [2026-04-08T13:06:28.663+0530] {dag.py:4180} INFO - Setting next_dagrun for example_trigger_target_dag to None, run_after=None
[2026-04-08T13:06:28.673+0530] {processor.py:208} INFO - Processing /Users/navalyemul/Documents/uptime/airflow_venv/lib/python3.12/site-packages/airflow/example_dags/example_trigger_target_dag.py took 0.083 seconds
[2026-04-08T13:07:50.696+0530] {processor.py:186} INFO - Started process (PID=30772) to work on /Users/navalyemul/Documents/uptime/airflow_venv/lib/python3.12/site-packages/airflow/example_dags/example_trigger_target_dag.py
[2026-04-08T13:07:50.697+0530] {processor.py:914} INFO - Processing file /Users/navalyemul/Documents/uptime/airflow_venv/lib/python3.12/site-packages/airflow/example_dags/example_trigger_target_dag.py for tasks to queue
[2026-04-08T13:07:50.697+0530] {logging_mixin.py:190} INFO - [2026-04-08T13:07:50.697+0530] {dagbag.py:588} INFO - Filling up the DagBag from /Users/navalyemul/Documents/uptime/airflow_venv/lib/python3.12/site-packages/airflow/example_dags/example_trigger_target_dag.py
[2026-04-08T13:07:50.724+0530] {processor.py:925} INFO - DAG(s) 'example_trigger_target_dag' retrieved from /Users/navalyemul/Documents/uptime/airflow_venv/lib/python3.12/site-packages/airflow/example_dags/example_trigger_target_dag.py
[2026-04-08T13:07:50.765+0530] {logging_mixin.py:190} INFO - [2026-04-08T13:07:50.764+0530] {dag.py:3239} INFO - Sync 1 DAGs
[2026-04-08T13:07:50.769+0530] {logging_mixin.py:190} INFO - [2026-04-08T13:07:50.769+0530] {dag.py:4180} INFO - Setting next_dagrun for example_trigger_target_dag to None, run_after=None
[2026-04-08T13:07:50.778+0530] {processor.py:208} INFO - Processing /Users/navalyemul/Documents/uptime/airflow_venv/lib/python3.12/site-packages/airflow/example_dags/example_trigger_target_dag.py took 0.085 seconds
[2026-04-08T13:09:13.520+0530] {processor.py:186} INFO - Started process (PID=31667) to work on /Users/navalyemul/Documents/uptime/airflow_venv/lib/python3.12/site-packages/airflow/example_dags/example_trigger_target_dag.py
[2026-04-08T13:09:13.521+0530] {processor.py:914} INFO - Processing file /Users/navalyemul/Documents/uptime/airflow_venv/lib/python3.12/site-packages/airflow/example_dags/example_trigger_target_dag.py for tasks to queue
[2026-04-08T13:09:13.522+0530] {logging_mixin.py:190} INFO - [2026-04-08T13:09:13.522+0530] {dagbag.py:588} INFO - Filling up the DagBag from /Users/navalyemul/Documents/uptime/airflow_venv/lib/python3.12/site-packages/airflow/example_dags/example_trigger_target_dag.py
[2026-04-08T13:09:13.552+0530] {processor.py:925} INFO - DAG(s) 'example_trigger_target_dag' retrieved from /Users/navalyemul/Documents/uptime/airflow_venv/lib/python3.12/site-packages/airflow/example_dags/example_trigger_target_dag.py
[2026-04-08T13:09:13.600+0530] {logging_mixin.py:190} INFO - [2026-04-08T13:09:13.600+0530] {dag.py:3239} INFO - Sync 1 DAGs
[2026-04-08T13:09:13.607+0530] {logging_mixin.py:190} INFO - [2026-04-08T13:09:13.607+0530] {dag.py:4180} INFO - Setting next_dagrun for example_trigger_target_dag to None, run_after=None
[2026-04-08T13:09:13.619+0530] {processor.py:208} INFO - Processing /Users/navalyemul/Documents/uptime/airflow_venv/lib/python3.12/site-packages/airflow/example_dags/example_trigger_target_dag.py took 0.101 seconds
[2026-04-08T13:10:35.212+0530] {processor.py:186} INFO - Started process (PID=32609) to work on /Users/navalyemul/Documents/uptime/airflow_venv/lib/python3.12/site-packages/airflow/example_dags/example_trigger_target_dag.py
[2026-04-08T13:10:35.213+0530] {processor.py:914} INFO - Processing file /Users/navalyemul/Documents/uptime/airflow_venv/lib/python3.12/site-packages/airflow/example_dags/example_trigger_target_dag.py for tasks to queue
[2026-04-08T13:10:35.213+0530] {logging_mixin.py:190} INFO - [2026-04-08T13:10:35.213+0530] {dagbag.py:588} INFO - Filling up the DagBag from /Users/navalyemul/Documents/uptime/airflow_venv/lib/python3.12/site-packages/airflow/example_dags/example_trigger_target_dag.py
[2026-04-08T13:10:35.235+0530] {processor.py:925} INFO - DAG(s) 'example_trigger_target_dag' retrieved from /Users/navalyemul/Documents/uptime/airflow_venv/lib/python3.12/site-packages/airflow/example_dags/example_trigger_target_dag.py
[2026-04-08T13:10:35.276+0530] {logging_mixin.py:190} INFO - [2026-04-08T13:10:35.276+0530] {dag.py:3239} INFO - Sync 1 DAGs
[2026-04-08T13:10:35.280+0530] {logging_mixin.py:190} INFO - [2026-04-08T13:10:35.280+0530] {dag.py:4180} INFO - Setting next_dagrun for example_trigger_target_dag to None, run_after=None
[2026-04-08T13:10:35.290+0530] {processor.py:208} INFO - Processing /Users/navalyemul/Documents/uptime/airflow_venv/lib/python3.12/site-packages/airflow/example_dags/example_trigger_target_dag.py took 0.081 seconds
[2026-04-08T13:11:59.082+0530] {processor.py:186} INFO - Started process (PID=33540) to work on /Users/navalyemul/Documents/uptime/airflow_venv/lib/python3.12/site-packages/airflow/example_dags/example_trigger_target_dag.py
[2026-04-08T13:11:59.083+0530] {processor.py:914} INFO - Processing file /Users/navalyemul/Documents/uptime/airflow_venv/lib/python3.12/site-packages/airflow/example_dags/example_trigger_target_dag.py for tasks to queue
[2026-04-08T13:11:59.084+0530] {logging_mixin.py:190} INFO - [2026-04-08T13:11:59.083+0530] {dagbag.py:588} INFO - Filling up the DagBag from /Users/navalyemul/Documents/uptime/airflow_venv/lib/python3.12/site-packages/airflow/example_dags/example_trigger_target_dag.py
[2026-04-08T13:11:59.105+0530] {processor.py:925} INFO - DAG(s) 'example_trigger_target_dag' retrieved from /Users/navalyemul/Documents/uptime/airflow_venv/lib/python3.12/site-packages/airflow/example_dags/example_trigger_target_dag.py
[2026-04-08T13:11:59.146+0530] {logging_mixin.py:190} INFO - [2026-04-08T13:11:59.145+0530] {dag.py:3239} INFO - Sync 1 DAGs
[2026-04-08T13:11:59.151+0530] {logging_mixin.py:190} INFO - [2026-04-08T13:11:59.150+0530] {dag.py:4180} INFO - Setting next_dagrun for example_trigger_target_dag to None, run_after=None
[2026-04-08T13:11:59.160+0530] {processor.py:208} INFO - Processing /Users/navalyemul/Documents/uptime/airflow_venv/lib/python3.12/site-packages/airflow/example_dags/example_trigger_target_dag.py took 0.080 seconds
[2026-04-08T13:13:22.242+0530] {processor.py:186} INFO - Started process (PID=34463) to work on /Users/navalyemul/Documents/uptime/airflow_venv/lib/python3.12/site-packages/airflow/example_dags/example_trigger_target_dag.py
[2026-04-08T13:13:22.243+0530] {processor.py:914} INFO - Processing file /Users/navalyemul/Documents/uptime/airflow_venv/lib/python3.12/site-packages/airflow/example_dags/example_trigger_target_dag.py for tasks to queue
[2026-04-08T13:13:22.243+0530] {logging_mixin.py:190} INFO - [2026-04-08T13:13:22.243+0530] {dagbag.py:588} INFO - Filling up the DagBag from /Users/navalyemul/Documents/uptime/airflow_venv/lib/python3.12/site-packages/airflow/example_dags/example_trigger_target_dag.py
[2026-04-08T13:13:22.263+0530] {processor.py:925} INFO - DAG(s) 'example_trigger_target_dag' retrieved from /Users/navalyemul/Documents/uptime/airflow_venv/lib/python3.12/site-packages/airflow/example_dags/example_trigger_target_dag.py
[2026-04-08T13:13:22.301+0530] {logging_mixin.py:190} INFO - [2026-04-08T13:13:22.301+0530] {dag.py:3239} INFO - Sync 1 DAGs
[2026-04-08T13:13:22.306+0530] {logging_mixin.py:190} INFO - [2026-04-08T13:13:22.306+0530] {dag.py:4180} INFO - Setting next_dagrun for example_trigger_target_dag to None, run_after=None
[2026-04-08T13:13:22.315+0530] {processor.py:208} INFO - Processing /Users/navalyemul/Documents/uptime/airflow_venv/lib/python3.12/site-packages/airflow/example_dags/example_trigger_target_dag.py took 0.074 seconds
[2026-04-08T13:14:44.666+0530] {processor.py:186} INFO - Started process (PID=35398) to work on /Users/navalyemul/Documents/uptime/airflow_venv/lib/python3.12/site-packages/airflow/example_dags/example_trigger_target_dag.py
[2026-04-08T13:14:44.667+0530] {processor.py:914} INFO - Processing file /Users/navalyemul/Documents/uptime/airflow_venv/lib/python3.12/site-packages/airflow/example_dags/example_trigger_target_dag.py for tasks to queue
[2026-04-08T13:14:44.667+0530] {logging_mixin.py:190} INFO - [2026-04-08T13:14:44.667+0530] {dagbag.py:588} INFO - Filling up the DagBag from /Users/navalyemul/Documents/uptime/airflow_venv/lib/python3.12/site-packages/airflow/example_dags/example_trigger_target_dag.py
[2026-04-08T13:14:44.688+0530] {processor.py:925} INFO - DAG(s) 'example_trigger_target_dag' retrieved from /Users/navalyemul/Documents/uptime/airflow_venv/lib/python3.12/site-packages/airflow/example_dags/example_trigger_target_dag.py
[2026-04-08T13:14:44.728+0530] {logging_mixin.py:190} INFO - [2026-04-08T13:14:44.728+0530] {dag.py:3239} INFO - Sync 1 DAGs
[2026-04-08T13:14:44.733+0530] {logging_mixin.py:190} INFO - [2026-04-08T13:14:44.733+0530] {dag.py:4180} INFO - Setting next_dagrun for example_trigger_target_dag to None, run_after=None
[2026-04-08T13:14:44.742+0530] {processor.py:208} INFO - Processing /Users/navalyemul/Documents/uptime/airflow_venv/lib/python3.12/site-packages/airflow/example_dags/example_trigger_target_dag.py took 0.078 seconds
[2026-04-08T13:16:09.277+0530] {processor.py:186} INFO - Started process (PID=36362) to work on /Users/navalyemul/Documents/uptime/airflow_venv/lib/python3.12/site-packages/airflow/example_dags/example_trigger_target_dag.py
[2026-04-08T13:16:09.278+0530] {processor.py:914} INFO - Processing file /Users/navalyemul/Documents/uptime/airflow_venv/lib/python3.12/site-packages/airflow/example_dags/example_trigger_target_dag.py for tasks to queue
[2026-04-08T13:16:09.278+0530] {logging_mixin.py:190} INFO - [2026-04-08T13:16:09.278+0530] {dagbag.py:588} INFO - Filling up the DagBag from /Users/navalyemul/Documents/uptime/airflow_venv/lib/python3.12/site-packages/airflow/example_dags/example_trigger_target_dag.py
[2026-04-08T13:16:09.299+0530] {processor.py:925} INFO - DAG(s) 'example_trigger_target_dag' retrieved from /Users/navalyemul/Documents/uptime/airflow_venv/lib/python3.12/site-packages/airflow/example_dags/example_trigger_target_dag.py
[2026-04-08T13:16:09.337+0530] {logging_mixin.py:190} INFO - [2026-04-08T13:16:09.337+0530] {dag.py:3239} INFO - Sync 1 DAGs
[2026-04-08T13:16:09.342+0530] {logging_mixin.py:190} INFO - [2026-04-08T13:16:09.342+0530] {dag.py:4180} INFO - Setting next_dagrun for example_trigger_target_dag to None, run_after=None
[2026-04-08T13:16:09.350+0530] {processor.py:208} INFO - Processing /Users/navalyemul/Documents/uptime/airflow_venv/lib/python3.12/site-packages/airflow/example_dags/example_trigger_target_dag.py took 0.075 seconds
[2026-04-08T13:17:33.160+0530] {processor.py:186} INFO - Started process (PID=37297) to work on /Users/navalyemul/Documents/uptime/airflow_venv/lib/python3.12/site-packages/airflow/example_dags/example_trigger_target_dag.py
[2026-04-08T13:17:33.161+0530] {processor.py:914} INFO - Processing file /Users/navalyemul/Documents/uptime/airflow_venv/lib/python3.12/site-packages/airflow/example_dags/example_trigger_target_dag.py for tasks to queue
[2026-04-08T13:17:33.161+0530] {logging_mixin.py:190} INFO - [2026-04-08T13:17:33.161+0530] {dagbag.py:588} INFO - Filling up the DagBag from /Users/navalyemul/Documents/uptime/airflow_venv/lib/python3.12/site-packages/airflow/example_dags/example_trigger_target_dag.py
[2026-04-08T13:17:33.181+0530] {processor.py:925} INFO - DAG(s) 'example_trigger_target_dag' retrieved from /Users/navalyemul/Documents/uptime/airflow_venv/lib/python3.12/site-packages/airflow/example_dags/example_trigger_target_dag.py
[2026-04-08T13:17:33.221+0530] {logging_mixin.py:190} INFO - [2026-04-08T13:17:33.220+0530] {dag.py:3239} INFO - Sync 1 DAGs
[2026-04-08T13:17:33.225+0530] {logging_mixin.py:190} INFO - [2026-04-08T13:17:33.225+0530] {dag.py:4180} INFO - Setting next_dagrun for example_trigger_target_dag to None, run_after=None
[2026-04-08T13:17:33.234+0530] {processor.py:208} INFO - Processing /Users/navalyemul/Documents/uptime/airflow_venv/lib/python3.12/site-packages/airflow/example_dags/example_trigger_target_dag.py took 0.075 seconds
[2026-04-08T13:19:01.440+0530] {processor.py:186} INFO - Started process (PID=38250) to work on /Users/navalyemul/Documents/uptime/airflow_venv/lib/python3.12/site-packages/airflow/example_dags/example_trigger_target_dag.py
[2026-04-08T13:19:01.444+0530] {processor.py:914} INFO - Processing file /Users/navalyemul/Documents/uptime/airflow_venv/lib/python3.12/site-packages/airflow/example_dags/example_trigger_target_dag.py for tasks to queue
[2026-04-08T13:19:01.447+0530] {logging_mixin.py:190} INFO - [2026-04-08T13:19:01.447+0530] {dagbag.py:588} INFO - Filling up the DagBag from /Users/navalyemul/Documents/uptime/airflow_venv/lib/python3.12/site-packages/airflow/example_dags/example_trigger_target_dag.py
[2026-04-08T13:19:01.535+0530] {processor.py:925} INFO - DAG(s) 'example_trigger_target_dag' retrieved from /Users/navalyemul/Documents/uptime/airflow_venv/lib/python3.12/site-packages/airflow/example_dags/example_trigger_target_dag.py
[2026-04-08T13:19:01.692+0530] {logging_mixin.py:190} INFO - [2026-04-08T13:19:01.692+0530] {dag.py:3239} INFO - Sync 1 DAGs
[2026-04-08T13:19:01.709+0530] {logging_mixin.py:190} INFO - [2026-04-08T13:19:01.709+0530] {dag.py:4180} INFO - Setting next_dagrun for example_trigger_target_dag to None, run_after=None
[2026-04-08T13:19:01.740+0530] {processor.py:208} INFO - Processing /Users/navalyemul/Documents/uptime/airflow_venv/lib/python3.12/site-packages/airflow/example_dags/example_trigger_target_dag.py took 0.307 seconds
[2026-04-08T13:28:35.563+0530] {processor.py:186} INFO - Started process (PID=39186) to work on /Users/navalyemul/Documents/uptime/airflow_venv/lib/python3.12/site-packages/airflow/example_dags/example_trigger_target_dag.py
[2026-04-08T13:28:35.564+0530] {processor.py:914} INFO - Processing file /Users/navalyemul/Documents/uptime/airflow_venv/lib/python3.12/site-packages/airflow/example_dags/example_trigger_target_dag.py for tasks to queue
[2026-04-08T13:28:35.565+0530] {logging_mixin.py:190} INFO - [2026-04-08T13:28:35.565+0530] {dagbag.py:588} INFO - Filling up the DagBag from /Users/navalyemul/Documents/uptime/airflow_venv/lib/python3.12/site-packages/airflow/example_dags/example_trigger_target_dag.py
[2026-04-08T13:28:35.587+0530] {processor.py:925} INFO - DAG(s) 'example_trigger_target_dag' retrieved from /Users/navalyemul/Documents/uptime/airflow_venv/lib/python3.12/site-packages/airflow/example_dags/example_trigger_target_dag.py
[2026-04-08T13:28:35.627+0530] {logging_mixin.py:190} INFO - [2026-04-08T13:28:35.627+0530] {dag.py:3239} INFO - Sync 1 DAGs
[2026-04-08T13:28:35.632+0530] {logging_mixin.py:190} INFO - [2026-04-08T13:28:35.632+0530] {dag.py:4180} INFO - Setting next_dagrun for example_trigger_target_dag to None, run_after=None
[2026-04-08T13:28:35.640+0530] {processor.py:208} INFO - Processing /Users/navalyemul/Documents/uptime/airflow_venv/lib/python3.12/site-packages/airflow/example_dags/example_trigger_target_dag.py took 0.078 seconds
[2026-04-08T13:33:34.262+0530] {processor.py:186} INFO - Started process (PID=40139) to work on /Users/navalyemul/Documents/uptime/airflow_venv/lib/python3.12/site-packages/airflow/example_dags/example_trigger_target_dag.py
[2026-04-08T13:33:34.263+0530] {processor.py:914} INFO - Processing file /Users/navalyemul/Documents/uptime/airflow_venv/lib/python3.12/site-packages/airflow/example_dags/example_trigger_target_dag.py for tasks to queue
[2026-04-08T13:33:34.264+0530] {logging_mixin.py:190} INFO - [2026-04-08T13:33:34.263+0530] {dagbag.py:588} INFO - Filling up the DagBag from /Users/navalyemul/Documents/uptime/airflow_venv/lib/python3.12/site-packages/airflow/example_dags/example_trigger_target_dag.py
[2026-04-08T13:33:34.294+0530] {processor.py:925} INFO - DAG(s) 'example_trigger_target_dag' retrieved from /Users/navalyemul/Documents/uptime/airflow_venv/lib/python3.12/site-packages/airflow/example_dags/example_trigger_target_dag.py
[2026-04-08T13:33:34.341+0530] {logging_mixin.py:190} INFO - [2026-04-08T13:33:34.341+0530] {dag.py:3239} INFO - Sync 1 DAGs
[2026-04-08T13:33:34.345+0530] {logging_mixin.py:190} INFO - [2026-04-08T13:33:34.345+0530] {dag.py:4180} INFO - Setting next_dagrun for example_trigger_target_dag to None, run_after=None
[2026-04-08T13:33:34.354+0530] {processor.py:208} INFO - Processing /Users/navalyemul/Documents/uptime/airflow_venv/lib/python3.12/site-packages/airflow/example_dags/example_trigger_target_dag.py took 0.095 seconds
[2026-04-08T13:35:14.517+0530] {processor.py:186} INFO - Started process (PID=41322) to work on /Users/navalyemul/Documents/uptime/airflow_venv/lib/python3.12/site-packages/airflow/example_dags/example_trigger_target_dag.py
[2026-04-08T13:35:14.518+0530] {processor.py:914} INFO - Processing file /Users/navalyemul/Documents/uptime/airflow_venv/lib/python3.12/site-packages/airflow/example_dags/example_trigger_target_dag.py for tasks to queue
[2026-04-08T13:35:14.519+0530] {logging_mixin.py:190} INFO - [2026-04-08T13:35:14.519+0530] {dagbag.py:588} INFO - Filling up the DagBag from /Users/navalyemul/Documents/uptime/airflow_venv/lib/python3.12/site-packages/airflow/example_dags/example_trigger_target_dag.py
[2026-04-08T13:35:14.539+0530] {processor.py:925} INFO - DAG(s) 'example_trigger_target_dag' retrieved from /Users/navalyemul/Documents/uptime/airflow_venv/lib/python3.12/site-packages/airflow/example_dags/example_trigger_target_dag.py
[2026-04-08T13:35:14.577+0530] {logging_mixin.py:190} INFO - [2026-04-08T13:35:14.577+0530] {dag.py:3239} INFO - Sync 1 DAGs
[2026-04-08T13:35:14.581+0530] {logging_mixin.py:190} INFO - [2026-04-08T13:35:14.581+0530] {dag.py:4180} INFO - Setting next_dagrun for example_trigger_target_dag to None, run_after=None
[2026-04-08T13:35:14.588+0530] {processor.py:208} INFO - Processing /Users/navalyemul/Documents/uptime/airflow_venv/lib/python3.12/site-packages/airflow/example_dags/example_trigger_target_dag.py took 0.072 seconds
[2026-04-08T13:41:39.396+0530] {processor.py:186} INFO - Started process (PID=42243) to work on /Users/navalyemul/Documents/uptime/airflow_venv/lib/python3.12/site-packages/airflow/example_dags/example_trigger_target_dag.py
[2026-04-08T13:41:39.397+0530] {processor.py:914} INFO - Processing file /Users/navalyemul/Documents/uptime/airflow_venv/lib/python3.12/site-packages/airflow/example_dags/example_trigger_target_dag.py for tasks to queue
[2026-04-08T13:41:39.398+0530] {logging_mixin.py:190} INFO - [2026-04-08T13:41:39.398+0530] {dagbag.py:588} INFO - Filling up the DagBag from /Users/navalyemul/Documents/uptime/airflow_venv/lib/python3.12/site-packages/airflow/example_dags/example_trigger_target_dag.py
[2026-04-08T13:41:39.418+0530] {processor.py:925} INFO - DAG(s) 'example_trigger_target_dag' retrieved from /Users/navalyemul/Documents/uptime/airflow_venv/lib/python3.12/site-packages/airflow/example_dags/example_trigger_target_dag.py
[2026-04-08T13:41:39.456+0530] {logging_mixin.py:190} INFO - [2026-04-08T13:41:39.456+0530] {dag.py:3239} INFO - Sync 1 DAGs
[2026-04-08T13:41:39.461+0530] {logging_mixin.py:190} INFO - [2026-04-08T13:41:39.461+0530] {dag.py:4180} INFO - Setting next_dagrun for example_trigger_target_dag to None, run_after=None
[2026-04-08T13:41:39.468+0530] {processor.py:208} INFO - Processing /Users/navalyemul/Documents/uptime/airflow_venv/lib/python3.12/site-packages/airflow/example_dags/example_trigger_target_dag.py took 0.074 seconds
[2026-04-08T13:54:24.612+0530] {processor.py:186} INFO - Started process (PID=43426) to work on /Users/navalyemul/Documents/uptime/airflow_venv/lib/python3.12/site-packages/airflow/example_dags/example_trigger_target_dag.py
[2026-04-08T13:54:24.612+0530] {processor.py:914} INFO - Processing file /Users/navalyemul/Documents/uptime/airflow_venv/lib/python3.12/site-packages/airflow/example_dags/example_trigger_target_dag.py for tasks to queue
[2026-04-08T13:54:24.613+0530] {logging_mixin.py:190} INFO - [2026-04-08T13:54:24.613+0530] {dagbag.py:588} INFO - Filling up the DagBag from /Users/navalyemul/Documents/uptime/airflow_venv/lib/python3.12/site-packages/airflow/example_dags/example_trigger_target_dag.py
[2026-04-08T13:54:24.632+0530] {processor.py:925} INFO - DAG(s) 'example_trigger_target_dag' retrieved from /Users/navalyemul/Documents/uptime/airflow_venv/lib/python3.12/site-packages/airflow/example_dags/example_trigger_target_dag.py
[2026-04-08T13:54:24.672+0530] {logging_mixin.py:190} INFO - [2026-04-08T13:54:24.672+0530] {dag.py:3239} INFO - Sync 1 DAGs
[2026-04-08T13:54:24.677+0530] {logging_mixin.py:190} INFO - [2026-04-08T13:54:24.676+0530] {dag.py:4180} INFO - Setting next_dagrun for example_trigger_target_dag to None, run_after=None
[2026-04-08T13:54:24.685+0530] {processor.py:208} INFO - Processing /Users/navalyemul/Documents/uptime/airflow_venv/lib/python3.12/site-packages/airflow/example_dags/example_trigger_target_dag.py took 0.075 seconds
[2026-04-08T13:56:18.278+0530] {processor.py:186} INFO - Started process (PID=44506) to work on /Users/navalyemul/Documents/uptime/airflow_venv/lib/python3.12/site-packages/airflow/example_dags/example_trigger_target_dag.py
[2026-04-08T13:56:18.280+0530] {processor.py:914} INFO - Processing file /Users/navalyemul/Documents/uptime/airflow_venv/lib/python3.12/site-packages/airflow/example_dags/example_trigger_target_dag.py for tasks to queue
[2026-04-08T13:56:18.281+0530] {logging_mixin.py:190} INFO - [2026-04-08T13:56:18.281+0530] {dagbag.py:588} INFO - Filling up the DagBag from /Users/navalyemul/Documents/uptime/airflow_venv/lib/python3.12/site-packages/airflow/example_dags/example_trigger_target_dag.py
[2026-04-08T13:56:18.313+0530] {processor.py:925} INFO - DAG(s) 'example_trigger_target_dag' retrieved from /Users/navalyemul/Documents/uptime/airflow_venv/lib/python3.12/site-packages/airflow/example_dags/example_trigger_target_dag.py
[2026-04-08T13:56:18.360+0530] {logging_mixin.py:190} INFO - [2026-04-08T13:56:18.360+0530] {dag.py:3239} INFO - Sync 1 DAGs
[2026-04-08T13:56:18.366+0530] {logging_mixin.py:190} INFO - [2026-04-08T13:56:18.366+0530] {dag.py:4180} INFO - Setting next_dagrun for example_trigger_target_dag to None, run_after=None
[2026-04-08T13:56:18.376+0530] {processor.py:208} INFO - Processing /Users/navalyemul/Documents/uptime/airflow_venv/lib/python3.12/site-packages/airflow/example_dags/example_trigger_target_dag.py took 0.101 seconds
[2026-04-08T13:57:59.376+0530] {processor.py:186} INFO - Started process (PID=45549) to work on /Users/navalyemul/Documents/uptime/airflow_venv/lib/python3.12/site-packages/airflow/example_dags/example_trigger_target_dag.py
[2026-04-08T13:57:59.377+0530] {processor.py:914} INFO - Processing file /Users/navalyemul/Documents/uptime/airflow_venv/lib/python3.12/site-packages/airflow/example_dags/example_trigger_target_dag.py for tasks to queue
[2026-04-08T13:57:59.378+0530] {logging_mixin.py:190} INFO - [2026-04-08T13:57:59.378+0530] {dagbag.py:588} INFO - Filling up the DagBag from /Users/navalyemul/Documents/uptime/airflow_venv/lib/python3.12/site-packages/airflow/example_dags/example_trigger_target_dag.py
[2026-04-08T13:57:59.406+0530] {processor.py:925} INFO - DAG(s) 'example_trigger_target_dag' retrieved from /Users/navalyemul/Documents/uptime/airflow_venv/lib/python3.12/site-packages/airflow/example_dags/example_trigger_target_dag.py
[2026-04-08T13:57:59.458+0530] {logging_mixin.py:190} INFO - [2026-04-08T13:57:59.458+0530] {dag.py:3239} INFO - Sync 1 DAGs
[2026-04-08T13:57:59.463+0530] {logging_mixin.py:190} INFO - [2026-04-08T13:57:59.463+0530] {dag.py:4180} INFO - Setting next_dagrun for example_trigger_target_dag to None, run_after=None
[2026-04-08T13:57:59.477+0530] {processor.py:208} INFO - Processing /Users/navalyemul/Documents/uptime/airflow_venv/lib/python3.12/site-packages/airflow/example_dags/example_trigger_target_dag.py took 0.104 seconds
