[2026-04-08T12:44:14.683+0530] {processor.py:186} INFO - Started process (PID=15817) to work on /Users/navalyemul/Documents/uptime/airflow_venv/lib/python3.12/site-packages/airflow/example_dags/example_sla_dag.py
[2026-04-08T12:44:14.685+0530] {processor.py:914} INFO - Processing file /Users/navalyemul/Documents/uptime/airflow_venv/lib/python3.12/site-packages/airflow/example_dags/example_sla_dag.py for tasks to queue
[2026-04-08T12:44:14.686+0530] {logging_mixin.py:190} INFO - [2026-04-08T12:44:14.686+0530] {dagbag.py:588} INFO - Filling up the DagBag from /Users/navalyemul/Documents/uptime/airflow_venv/lib/python3.12/site-packages/airflow/example_dags/example_sla_dag.py
[2026-04-08T12:44:14.727+0530] {processor.py:925} INFO - DAG(s) 'example_sla_dag' retrieved from /Users/navalyemul/Documents/uptime/airflow_venv/lib/python3.12/site-packages/airflow/example_dags/example_sla_dag.py
[2026-04-08T12:44:14.848+0530] {logging_mixin.py:190} INFO - [2026-04-08T12:44:14.848+0530] {override.py:1912} INFO - Created Permission View: can delete on DAG:example_sla_dag
[2026-04-08T12:44:14.853+0530] {logging_mixin.py:190} INFO - [2026-04-08T12:44:14.853+0530] {override.py:1912} INFO - Created Permission View: can edit on DAG:example_sla_dag
[2026-04-08T12:44:14.857+0530] {logging_mixin.py:190} INFO - [2026-04-08T12:44:14.857+0530] {override.py:1912} INFO - Created Permission View: can read on DAG:example_sla_dag
[2026-04-08T12:44:14.861+0530] {logging_mixin.py:190} INFO - [2026-04-08T12:44:14.861+0530] {override.py:1912} INFO - Created Permission View: can delete on DAG Run:example_sla_dag
[2026-04-08T12:44:14.865+0530] {logging_mixin.py:190} INFO - [2026-04-08T12:44:14.865+0530] {override.py:1912} INFO - Created Permission View: can create on DAG Run:example_sla_dag
[2026-04-08T12:44:14.869+0530] {logging_mixin.py:190} INFO - [2026-04-08T12:44:14.868+0530] {override.py:1912} INFO - Created Permission View: menu access on DAG Run:example_sla_dag
[2026-04-08T12:44:14.874+0530] {logging_mixin.py:190} INFO - [2026-04-08T12:44:14.874+0530] {override.py:1912} INFO - Created Permission View: can read on DAG Run:example_sla_dag
[2026-04-08T12:44:14.875+0530] {logging_mixin.py:190} INFO - [2026-04-08T12:44:14.875+0530] {dag.py:3239} INFO - Sync 1 DAGs
[2026-04-08T12:44:14.882+0530] {logging_mixin.py:190} INFO - [2026-04-08T12:44:14.882+0530] {dag.py:3262} INFO - Creating ORM DAG for example_sla_dag
[2026-04-08T12:44:14.946+0530] {logging_mixin.py:190} INFO - [2026-04-08T12:44:14.946+0530] {dag.py:4180} INFO - Setting next_dagrun for example_sla_dag to 2026-04-08 07:12:00+00:00, run_after=2026-04-08 07:14:00+00:00
[2026-04-08T12:44:14.959+0530] {processor.py:208} INFO - Processing /Users/navalyemul/Documents/uptime/airflow_venv/lib/python3.12/site-packages/airflow/example_dags/example_sla_dag.py took 0.280 seconds
[2026-04-08T12:46:52.098+0530] {processor.py:186} INFO - Started process (PID=17389) to work on /Users/navalyemul/Documents/uptime/airflow_venv/lib/python3.12/site-packages/airflow/example_dags/example_sla_dag.py
[2026-04-08T12:46:52.098+0530] {processor.py:914} INFO - Processing file /Users/navalyemul/Documents/uptime/airflow_venv/lib/python3.12/site-packages/airflow/example_dags/example_sla_dag.py for tasks to queue
[2026-04-08T12:46:52.099+0530] {logging_mixin.py:190} INFO - [2026-04-08T12:46:52.099+0530] {dagbag.py:588} INFO - Filling up the DagBag from /Users/navalyemul/Documents/uptime/airflow_venv/lib/python3.12/site-packages/airflow/example_dags/example_sla_dag.py
[2026-04-08T12:46:52.122+0530] {processor.py:925} INFO - DAG(s) 'example_sla_dag' retrieved from /Users/navalyemul/Documents/uptime/airflow_venv/lib/python3.12/site-packages/airflow/example_dags/example_sla_dag.py
[2026-04-08T12:46:52.162+0530] {logging_mixin.py:190} INFO - [2026-04-08T12:46:52.162+0530] {dag.py:3239} INFO - Sync 1 DAGs
[2026-04-08T12:46:52.172+0530] {logging_mixin.py:190} INFO - [2026-04-08T12:46:52.172+0530] {dag.py:4180} INFO - Setting next_dagrun for example_sla_dag to 2026-04-08 07:14:00+00:00, run_after=2026-04-08 07:16:00+00:00
[2026-04-08T12:46:52.181+0530] {processor.py:208} INFO - Processing /Users/navalyemul/Documents/uptime/airflow_venv/lib/python3.12/site-packages/airflow/example_dags/example_sla_dag.py took 0.085 seconds
[2026-04-08T12:48:48.223+0530] {processor.py:186} INFO - Started process (PID=18723) to work on /Users/navalyemul/Documents/uptime/airflow_venv/lib/python3.12/site-packages/airflow/example_dags/example_sla_dag.py
[2026-04-08T12:48:48.224+0530] {processor.py:914} INFO - Processing file /Users/navalyemul/Documents/uptime/airflow_venv/lib/python3.12/site-packages/airflow/example_dags/example_sla_dag.py for tasks to queue
[2026-04-08T12:48:48.224+0530] {logging_mixin.py:190} INFO - [2026-04-08T12:48:48.224+0530] {dagbag.py:588} INFO - Filling up the DagBag from /Users/navalyemul/Documents/uptime/airflow_venv/lib/python3.12/site-packages/airflow/example_dags/example_sla_dag.py
[2026-04-08T12:48:48.246+0530] {processor.py:925} INFO - DAG(s) 'example_sla_dag' retrieved from /Users/navalyemul/Documents/uptime/airflow_venv/lib/python3.12/site-packages/airflow/example_dags/example_sla_dag.py
[2026-04-08T12:48:48.285+0530] {logging_mixin.py:190} INFO - [2026-04-08T12:48:48.284+0530] {dag.py:3239} INFO - Sync 1 DAGs
[2026-04-08T12:48:48.293+0530] {logging_mixin.py:190} INFO - [2026-04-08T12:48:48.293+0530] {dag.py:4180} INFO - Setting next_dagrun for example_sla_dag to 2026-04-08 07:16:00+00:00, run_after=2026-04-08 07:18:00+00:00
[2026-04-08T12:48:48.301+0530] {processor.py:208} INFO - Processing /Users/navalyemul/Documents/uptime/airflow_venv/lib/python3.12/site-packages/airflow/example_dags/example_sla_dag.py took 0.080 seconds
[2026-04-08T12:50:11.655+0530] {processor.py:186} INFO - Started process (PID=19681) to work on /Users/navalyemul/Documents/uptime/airflow_venv/lib/python3.12/site-packages/airflow/example_dags/example_sla_dag.py
[2026-04-08T12:50:11.655+0530] {processor.py:914} INFO - Processing file /Users/navalyemul/Documents/uptime/airflow_venv/lib/python3.12/site-packages/airflow/example_dags/example_sla_dag.py for tasks to queue
[2026-04-08T12:50:11.656+0530] {logging_mixin.py:190} INFO - [2026-04-08T12:50:11.656+0530] {dagbag.py:588} INFO - Filling up the DagBag from /Users/navalyemul/Documents/uptime/airflow_venv/lib/python3.12/site-packages/airflow/example_dags/example_sla_dag.py
[2026-04-08T12:50:11.679+0530] {processor.py:925} INFO - DAG(s) 'example_sla_dag' retrieved from /Users/navalyemul/Documents/uptime/airflow_venv/lib/python3.12/site-packages/airflow/example_dags/example_sla_dag.py
[2026-04-08T12:50:11.720+0530] {logging_mixin.py:190} INFO - [2026-04-08T12:50:11.720+0530] {dag.py:3239} INFO - Sync 1 DAGs
[2026-04-08T12:50:11.729+0530] {logging_mixin.py:190} INFO - [2026-04-08T12:50:11.729+0530] {dag.py:4180} INFO - Setting next_dagrun for example_sla_dag to 2026-04-08 07:18:00+00:00, run_after=2026-04-08 07:20:00+00:00
[2026-04-08T12:50:11.737+0530] {processor.py:208} INFO - Processing /Users/navalyemul/Documents/uptime/airflow_venv/lib/python3.12/site-packages/airflow/example_dags/example_sla_dag.py took 0.084 seconds
[2026-04-08T12:51:44.501+0530] {processor.py:186} INFO - Started process (PID=20619) to work on /Users/navalyemul/Documents/uptime/airflow_venv/lib/python3.12/site-packages/airflow/example_dags/example_sla_dag.py
[2026-04-08T12:51:44.502+0530] {processor.py:914} INFO - Processing file /Users/navalyemul/Documents/uptime/airflow_venv/lib/python3.12/site-packages/airflow/example_dags/example_sla_dag.py for tasks to queue
[2026-04-08T12:51:44.502+0530] {logging_mixin.py:190} INFO - [2026-04-08T12:51:44.502+0530] {dagbag.py:588} INFO - Filling up the DagBag from /Users/navalyemul/Documents/uptime/airflow_venv/lib/python3.12/site-packages/airflow/example_dags/example_sla_dag.py
[2026-04-08T12:51:44.524+0530] {processor.py:925} INFO - DAG(s) 'example_sla_dag' retrieved from /Users/navalyemul/Documents/uptime/airflow_venv/lib/python3.12/site-packages/airflow/example_dags/example_sla_dag.py
[2026-04-08T12:51:44.563+0530] {logging_mixin.py:190} INFO - [2026-04-08T12:51:44.562+0530] {dag.py:3239} INFO - Sync 1 DAGs
[2026-04-08T12:51:44.573+0530] {logging_mixin.py:190} INFO - [2026-04-08T12:51:44.573+0530] {dag.py:4180} INFO - Setting next_dagrun for example_sla_dag to 2026-04-08 07:18:00+00:00, run_after=2026-04-08 07:20:00+00:00
[2026-04-08T12:51:44.582+0530] {processor.py:208} INFO - Processing /Users/navalyemul/Documents/uptime/airflow_venv/lib/python3.12/site-packages/airflow/example_dags/example_sla_dag.py took 0.083 seconds
[2026-04-08T12:53:32.071+0530] {processor.py:186} INFO - Started process (PID=21574) to work on /Users/navalyemul/Documents/uptime/airflow_venv/lib/python3.12/site-packages/airflow/example_dags/example_sla_dag.py
[2026-04-08T12:53:32.074+0530] {processor.py:914} INFO - Processing file /Users/navalyemul/Documents/uptime/airflow_venv/lib/python3.12/site-packages/airflow/example_dags/example_sla_dag.py for tasks to queue
[2026-04-08T12:53:32.074+0530] {logging_mixin.py:190} INFO - [2026-04-08T12:53:32.074+0530] {dagbag.py:588} INFO - Filling up the DagBag from /Users/navalyemul/Documents/uptime/airflow_venv/lib/python3.12/site-packages/airflow/example_dags/example_sla_dag.py
[2026-04-08T12:53:32.116+0530] {processor.py:925} INFO - DAG(s) 'example_sla_dag' retrieved from /Users/navalyemul/Documents/uptime/airflow_venv/lib/python3.12/site-packages/airflow/example_dags/example_sla_dag.py
[2026-04-08T12:53:32.172+0530] {logging_mixin.py:190} INFO - [2026-04-08T12:53:32.172+0530] {dag.py:3239} INFO - Sync 1 DAGs
[2026-04-08T12:53:32.185+0530] {logging_mixin.py:190} INFO - [2026-04-08T12:53:32.185+0530] {dag.py:4180} INFO - Setting next_dagrun for example_sla_dag to 2026-04-08 07:20:00+00:00, run_after=2026-04-08 07:22:00+00:00
[2026-04-08T12:53:32.204+0530] {processor.py:208} INFO - Processing /Users/navalyemul/Documents/uptime/airflow_venv/lib/python3.12/site-packages/airflow/example_dags/example_sla_dag.py took 0.135 seconds
[2026-04-08T12:55:21.024+0530] {processor.py:186} INFO - Started process (PID=22454) to work on /Users/navalyemul/Documents/uptime/airflow_venv/lib/python3.12/site-packages/airflow/example_dags/example_sla_dag.py
[2026-04-08T12:55:21.026+0530] {processor.py:914} INFO - Processing file /Users/navalyemul/Documents/uptime/airflow_venv/lib/python3.12/site-packages/airflow/example_dags/example_sla_dag.py for tasks to queue
[2026-04-08T12:55:21.026+0530] {logging_mixin.py:190} INFO - [2026-04-08T12:55:21.026+0530] {dagbag.py:588} INFO - Filling up the DagBag from /Users/navalyemul/Documents/uptime/airflow_venv/lib/python3.12/site-packages/airflow/example_dags/example_sla_dag.py
[2026-04-08T12:55:21.056+0530] {processor.py:925} INFO - DAG(s) 'example_sla_dag' retrieved from /Users/navalyemul/Documents/uptime/airflow_venv/lib/python3.12/site-packages/airflow/example_dags/example_sla_dag.py
[2026-04-08T12:55:21.104+0530] {logging_mixin.py:190} INFO - [2026-04-08T12:55:21.104+0530] {dag.py:3239} INFO - Sync 1 DAGs
[2026-04-08T12:55:21.119+0530] {logging_mixin.py:190} INFO - [2026-04-08T12:55:21.119+0530] {dag.py:4180} INFO - Setting next_dagrun for example_sla_dag to 2026-04-08 07:22:00+00:00, run_after=2026-04-08 07:24:00+00:00
[2026-04-08T12:55:21.129+0530] {processor.py:208} INFO - Processing /Users/navalyemul/Documents/uptime/airflow_venv/lib/python3.12/site-packages/airflow/example_dags/example_sla_dag.py took 0.110 seconds
[2026-04-08T12:56:53.261+0530] {processor.py:186} INFO - Started process (PID=23418) to work on /Users/navalyemul/Documents/uptime/airflow_venv/lib/python3.12/site-packages/airflow/example_dags/example_sla_dag.py
[2026-04-08T12:56:53.262+0530] {processor.py:914} INFO - Processing file /Users/navalyemul/Documents/uptime/airflow_venv/lib/python3.12/site-packages/airflow/example_dags/example_sla_dag.py for tasks to queue
[2026-04-08T12:56:53.262+0530] {logging_mixin.py:190} INFO - [2026-04-08T12:56:53.262+0530] {dagbag.py:588} INFO - Filling up the DagBag from /Users/navalyemul/Documents/uptime/airflow_venv/lib/python3.12/site-packages/airflow/example_dags/example_sla_dag.py
[2026-04-08T12:56:53.282+0530] {processor.py:925} INFO - DAG(s) 'example_sla_dag' retrieved from /Users/navalyemul/Documents/uptime/airflow_venv/lib/python3.12/site-packages/airflow/example_dags/example_sla_dag.py
[2026-04-08T12:56:53.321+0530] {logging_mixin.py:190} INFO - [2026-04-08T12:56:53.321+0530] {dag.py:3239} INFO - Sync 1 DAGs
[2026-04-08T12:56:53.330+0530] {logging_mixin.py:190} INFO - [2026-04-08T12:56:53.330+0530] {dag.py:4180} INFO - Setting next_dagrun for example_sla_dag to 2026-04-08 07:24:00+00:00, run_after=2026-04-08 07:26:00+00:00
[2026-04-08T12:56:53.338+0530] {processor.py:208} INFO - Processing /Users/navalyemul/Documents/uptime/airflow_venv/lib/python3.12/site-packages/airflow/example_dags/example_sla_dag.py took 0.079 seconds
[2026-04-08T12:58:21.603+0530] {processor.py:186} INFO - Started process (PID=24361) to work on /Users/navalyemul/Documents/uptime/airflow_venv/lib/python3.12/site-packages/airflow/example_dags/example_sla_dag.py
[2026-04-08T12:58:21.604+0530] {processor.py:914} INFO - Processing file /Users/navalyemul/Documents/uptime/airflow_venv/lib/python3.12/site-packages/airflow/example_dags/example_sla_dag.py for tasks to queue
[2026-04-08T12:58:21.605+0530] {logging_mixin.py:190} INFO - [2026-04-08T12:58:21.605+0530] {dagbag.py:588} INFO - Filling up the DagBag from /Users/navalyemul/Documents/uptime/airflow_venv/lib/python3.12/site-packages/airflow/example_dags/example_sla_dag.py
[2026-04-08T12:58:21.635+0530] {processor.py:925} INFO - DAG(s) 'example_sla_dag' retrieved from /Users/navalyemul/Documents/uptime/airflow_venv/lib/python3.12/site-packages/airflow/example_dags/example_sla_dag.py
[2026-04-08T12:58:21.676+0530] {logging_mixin.py:190} INFO - [2026-04-08T12:58:21.676+0530] {dag.py:3239} INFO - Sync 1 DAGs
[2026-04-08T12:58:21.685+0530] {logging_mixin.py:190} INFO - [2026-04-08T12:58:21.685+0530] {dag.py:4180} INFO - Setting next_dagrun for example_sla_dag to 2026-04-08 07:26:00+00:00, run_after=2026-04-08 07:28:00+00:00
[2026-04-08T12:58:21.694+0530] {processor.py:208} INFO - Processing /Users/navalyemul/Documents/uptime/airflow_venv/lib/python3.12/site-packages/airflow/example_dags/example_sla_dag.py took 0.093 seconds
[2026-04-08T12:59:46.294+0530] {processor.py:186} INFO - Started process (PID=25275) to work on /Users/navalyemul/Documents/uptime/airflow_venv/lib/python3.12/site-packages/airflow/example_dags/example_sla_dag.py
[2026-04-08T12:59:46.294+0530] {processor.py:914} INFO - Processing file /Users/navalyemul/Documents/uptime/airflow_venv/lib/python3.12/site-packages/airflow/example_dags/example_sla_dag.py for tasks to queue
[2026-04-08T12:59:46.295+0530] {logging_mixin.py:190} INFO - [2026-04-08T12:59:46.295+0530] {dagbag.py:588} INFO - Filling up the DagBag from /Users/navalyemul/Documents/uptime/airflow_venv/lib/python3.12/site-packages/airflow/example_dags/example_sla_dag.py
[2026-04-08T12:59:46.316+0530] {processor.py:925} INFO - DAG(s) 'example_sla_dag' retrieved from /Users/navalyemul/Documents/uptime/airflow_venv/lib/python3.12/site-packages/airflow/example_dags/example_sla_dag.py
[2026-04-08T12:59:46.357+0530] {logging_mixin.py:190} INFO - [2026-04-08T12:59:46.357+0530] {dag.py:3239} INFO - Sync 1 DAGs
[2026-04-08T12:59:46.367+0530] {logging_mixin.py:190} INFO - [2026-04-08T12:59:46.367+0530] {dag.py:4180} INFO - Setting next_dagrun for example_sla_dag to 2026-04-08 07:26:00+00:00, run_after=2026-04-08 07:28:00+00:00
[2026-04-08T12:59:46.375+0530] {processor.py:208} INFO - Processing /Users/navalyemul/Documents/uptime/airflow_venv/lib/python3.12/site-packages/airflow/example_dags/example_sla_dag.py took 0.083 seconds
[2026-04-08T13:01:07.732+0530] {processor.py:186} INFO - Started process (PID=26215) to work on /Users/navalyemul/Documents/uptime/airflow_venv/lib/python3.12/site-packages/airflow/example_dags/example_sla_dag.py
[2026-04-08T13:01:07.732+0530] {processor.py:914} INFO - Processing file /Users/navalyemul/Documents/uptime/airflow_venv/lib/python3.12/site-packages/airflow/example_dags/example_sla_dag.py for tasks to queue
[2026-04-08T13:01:07.733+0530] {logging_mixin.py:190} INFO - [2026-04-08T13:01:07.733+0530] {dagbag.py:588} INFO - Filling up the DagBag from /Users/navalyemul/Documents/uptime/airflow_venv/lib/python3.12/site-packages/airflow/example_dags/example_sla_dag.py
[2026-04-08T13:01:07.754+0530] {processor.py:925} INFO - DAG(s) 'example_sla_dag' retrieved from /Users/navalyemul/Documents/uptime/airflow_venv/lib/python3.12/site-packages/airflow/example_dags/example_sla_dag.py
[2026-04-08T13:01:07.794+0530] {logging_mixin.py:190} INFO - [2026-04-08T13:01:07.794+0530] {dag.py:3239} INFO - Sync 1 DAGs
[2026-04-08T13:01:07.803+0530] {logging_mixin.py:190} INFO - [2026-04-08T13:01:07.803+0530] {dag.py:4180} INFO - Setting next_dagrun for example_sla_dag to 2026-04-08 07:28:00+00:00, run_after=2026-04-08 07:30:00+00:00
[2026-04-08T13:01:07.811+0530] {processor.py:208} INFO - Processing /Users/navalyemul/Documents/uptime/airflow_venv/lib/python3.12/site-packages/airflow/example_dags/example_sla_dag.py took 0.081 seconds
[2026-04-08T13:02:27.280+0530] {processor.py:186} INFO - Started process (PID=27127) to work on /Users/navalyemul/Documents/uptime/airflow_venv/lib/python3.12/site-packages/airflow/example_dags/example_sla_dag.py
[2026-04-08T13:02:27.281+0530] {processor.py:914} INFO - Processing file /Users/navalyemul/Documents/uptime/airflow_venv/lib/python3.12/site-packages/airflow/example_dags/example_sla_dag.py for tasks to queue
[2026-04-08T13:02:27.282+0530] {logging_mixin.py:190} INFO - [2026-04-08T13:02:27.282+0530] {dagbag.py:588} INFO - Filling up the DagBag from /Users/navalyemul/Documents/uptime/airflow_venv/lib/python3.12/site-packages/airflow/example_dags/example_sla_dag.py
[2026-04-08T13:02:27.303+0530] {processor.py:925} INFO - DAG(s) 'example_sla_dag' retrieved from /Users/navalyemul/Documents/uptime/airflow_venv/lib/python3.12/site-packages/airflow/example_dags/example_sla_dag.py
[2026-04-08T13:02:27.342+0530] {logging_mixin.py:190} INFO - [2026-04-08T13:02:27.342+0530] {dag.py:3239} INFO - Sync 1 DAGs
[2026-04-08T13:02:27.351+0530] {logging_mixin.py:190} INFO - [2026-04-08T13:02:27.351+0530] {dag.py:4180} INFO - Setting next_dagrun for example_sla_dag to 2026-04-08 07:30:00+00:00, run_after=2026-04-08 07:32:00+00:00
[2026-04-08T13:02:27.359+0530] {processor.py:208} INFO - Processing /Users/navalyemul/Documents/uptime/airflow_venv/lib/python3.12/site-packages/airflow/example_dags/example_sla_dag.py took 0.081 seconds
[2026-04-08T13:03:51.226+0530] {processor.py:186} INFO - Started process (PID=28137) to work on /Users/navalyemul/Documents/uptime/airflow_venv/lib/python3.12/site-packages/airflow/example_dags/example_sla_dag.py
[2026-04-08T13:03:51.228+0530] {processor.py:914} INFO - Processing file /Users/navalyemul/Documents/uptime/airflow_venv/lib/python3.12/site-packages/airflow/example_dags/example_sla_dag.py for tasks to queue
[2026-04-08T13:03:51.228+0530] {logging_mixin.py:190} INFO - [2026-04-08T13:03:51.228+0530] {dagbag.py:588} INFO - Filling up the DagBag from /Users/navalyemul/Documents/uptime/airflow_venv/lib/python3.12/site-packages/airflow/example_dags/example_sla_dag.py
[2026-04-08T13:03:51.258+0530] {processor.py:925} INFO - DAG(s) 'example_sla_dag' retrieved from /Users/navalyemul/Documents/uptime/airflow_venv/lib/python3.12/site-packages/airflow/example_dags/example_sla_dag.py
[2026-04-08T13:03:51.305+0530] {logging_mixin.py:190} INFO - [2026-04-08T13:03:51.304+0530] {dag.py:3239} INFO - Sync 1 DAGs
[2026-04-08T13:03:51.315+0530] {logging_mixin.py:190} INFO - [2026-04-08T13:03:51.314+0530] {dag.py:4180} INFO - Setting next_dagrun for example_sla_dag to 2026-04-08 07:30:00+00:00, run_after=2026-04-08 07:32:00+00:00
[2026-04-08T13:03:51.324+0530] {processor.py:208} INFO - Processing /Users/navalyemul/Documents/uptime/airflow_venv/lib/python3.12/site-packages/airflow/example_dags/example_sla_dag.py took 0.100 seconds
[2026-04-08T13:05:16.204+0530] {processor.py:186} INFO - Started process (PID=29087) to work on /Users/navalyemul/Documents/uptime/airflow_venv/lib/python3.12/site-packages/airflow/example_dags/example_sla_dag.py
[2026-04-08T13:05:16.205+0530] {processor.py:914} INFO - Processing file /Users/navalyemul/Documents/uptime/airflow_venv/lib/python3.12/site-packages/airflow/example_dags/example_sla_dag.py for tasks to queue
[2026-04-08T13:05:16.205+0530] {logging_mixin.py:190} INFO - [2026-04-08T13:05:16.205+0530] {dagbag.py:588} INFO - Filling up the DagBag from /Users/navalyemul/Documents/uptime/airflow_venv/lib/python3.12/site-packages/airflow/example_dags/example_sla_dag.py
[2026-04-08T13:05:16.228+0530] {processor.py:925} INFO - DAG(s) 'example_sla_dag' retrieved from /Users/navalyemul/Documents/uptime/airflow_venv/lib/python3.12/site-packages/airflow/example_dags/example_sla_dag.py
[2026-04-08T13:05:16.268+0530] {logging_mixin.py:190} INFO - [2026-04-08T13:05:16.268+0530] {dag.py:3239} INFO - Sync 1 DAGs
[2026-04-08T13:05:16.277+0530] {logging_mixin.py:190} INFO - [2026-04-08T13:05:16.277+0530] {dag.py:4180} INFO - Setting next_dagrun for example_sla_dag to 2026-04-08 07:32:00+00:00, run_after=2026-04-08 07:34:00+00:00
[2026-04-08T13:05:16.285+0530] {processor.py:208} INFO - Processing /Users/navalyemul/Documents/uptime/airflow_venv/lib/python3.12/site-packages/airflow/example_dags/example_sla_dag.py took 0.083 seconds
[2026-04-08T13:06:40.226+0530] {processor.py:186} INFO - Started process (PID=29998) to work on /Users/navalyemul/Documents/uptime/airflow_venv/lib/python3.12/site-packages/airflow/example_dags/example_sla_dag.py
[2026-04-08T13:06:40.227+0530] {processor.py:914} INFO - Processing file /Users/navalyemul/Documents/uptime/airflow_venv/lib/python3.12/site-packages/airflow/example_dags/example_sla_dag.py for tasks to queue
[2026-04-08T13:06:40.228+0530] {logging_mixin.py:190} INFO - [2026-04-08T13:06:40.228+0530] {dagbag.py:588} INFO - Filling up the DagBag from /Users/navalyemul/Documents/uptime/airflow_venv/lib/python3.12/site-packages/airflow/example_dags/example_sla_dag.py
[2026-04-08T13:06:40.249+0530] {processor.py:925} INFO - DAG(s) 'example_sla_dag' retrieved from /Users/navalyemul/Documents/uptime/airflow_venv/lib/python3.12/site-packages/airflow/example_dags/example_sla_dag.py
[2026-04-08T13:06:40.288+0530] {logging_mixin.py:190} INFO - [2026-04-08T13:06:40.288+0530] {dag.py:3239} INFO - Sync 1 DAGs
[2026-04-08T13:06:40.297+0530] {logging_mixin.py:190} INFO - [2026-04-08T13:06:40.297+0530] {dag.py:4180} INFO - Setting next_dagrun for example_sla_dag to 2026-04-08 07:34:00+00:00, run_after=2026-04-08 07:36:00+00:00
[2026-04-08T13:06:40.305+0530] {processor.py:208} INFO - Processing /Users/navalyemul/Documents/uptime/airflow_venv/lib/python3.12/site-packages/airflow/example_dags/example_sla_dag.py took 0.081 seconds
[2026-04-08T13:08:02.976+0530] {processor.py:186} INFO - Started process (PID=30899) to work on /Users/navalyemul/Documents/uptime/airflow_venv/lib/python3.12/site-packages/airflow/example_dags/example_sla_dag.py
[2026-04-08T13:08:02.976+0530] {processor.py:914} INFO - Processing file /Users/navalyemul/Documents/uptime/airflow_venv/lib/python3.12/site-packages/airflow/example_dags/example_sla_dag.py for tasks to queue
[2026-04-08T13:08:02.977+0530] {logging_mixin.py:190} INFO - [2026-04-08T13:08:02.977+0530] {dagbag.py:588} INFO - Filling up the DagBag from /Users/navalyemul/Documents/uptime/airflow_venv/lib/python3.12/site-packages/airflow/example_dags/example_sla_dag.py
[2026-04-08T13:08:03.003+0530] {processor.py:925} INFO - DAG(s) 'example_sla_dag' retrieved from /Users/navalyemul/Documents/uptime/airflow_venv/lib/python3.12/site-packages/airflow/example_dags/example_sla_dag.py
[2026-04-08T13:08:03.043+0530] {logging_mixin.py:190} INFO - [2026-04-08T13:08:03.043+0530] {dag.py:3239} INFO - Sync 1 DAGs
[2026-04-08T13:08:03.052+0530] {logging_mixin.py:190} INFO - [2026-04-08T13:08:03.052+0530] {dag.py:4180} INFO - Setting next_dagrun for example_sla_dag to 2026-04-08 07:36:00+00:00, run_after=2026-04-08 07:38:00+00:00
[2026-04-08T13:08:03.061+0530] {processor.py:208} INFO - Processing /Users/navalyemul/Documents/uptime/airflow_venv/lib/python3.12/site-packages/airflow/example_dags/example_sla_dag.py took 0.087 seconds
[2026-04-08T13:09:24.796+0530] {processor.py:186} INFO - Started process (PID=31786) to work on /Users/navalyemul/Documents/uptime/airflow_venv/lib/python3.12/site-packages/airflow/example_dags/example_sla_dag.py
[2026-04-08T13:09:24.797+0530] {processor.py:914} INFO - Processing file /Users/navalyemul/Documents/uptime/airflow_venv/lib/python3.12/site-packages/airflow/example_dags/example_sla_dag.py for tasks to queue
[2026-04-08T13:09:24.798+0530] {logging_mixin.py:190} INFO - [2026-04-08T13:09:24.798+0530] {dagbag.py:588} INFO - Filling up the DagBag from /Users/navalyemul/Documents/uptime/airflow_venv/lib/python3.12/site-packages/airflow/example_dags/example_sla_dag.py
[2026-04-08T13:09:24.824+0530] {processor.py:925} INFO - DAG(s) 'example_sla_dag' retrieved from /Users/navalyemul/Documents/uptime/airflow_venv/lib/python3.12/site-packages/airflow/example_dags/example_sla_dag.py
[2026-04-08T13:09:24.863+0530] {logging_mixin.py:190} INFO - [2026-04-08T13:09:24.863+0530] {dag.py:3239} INFO - Sync 1 DAGs
[2026-04-08T13:09:24.874+0530] {logging_mixin.py:190} INFO - [2026-04-08T13:09:24.874+0530] {dag.py:4180} INFO - Setting next_dagrun for example_sla_dag to 2026-04-08 07:36:00+00:00, run_after=2026-04-08 07:38:00+00:00
[2026-04-08T13:09:24.883+0530] {processor.py:208} INFO - Processing /Users/navalyemul/Documents/uptime/airflow_venv/lib/python3.12/site-packages/airflow/example_dags/example_sla_dag.py took 0.089 seconds
[2026-04-08T13:10:47.297+0530] {processor.py:186} INFO - Started process (PID=32754) to work on /Users/navalyemul/Documents/uptime/airflow_venv/lib/python3.12/site-packages/airflow/example_dags/example_sla_dag.py
[2026-04-08T13:10:47.297+0530] {processor.py:914} INFO - Processing file /Users/navalyemul/Documents/uptime/airflow_venv/lib/python3.12/site-packages/airflow/example_dags/example_sla_dag.py for tasks to queue
[2026-04-08T13:10:47.298+0530] {logging_mixin.py:190} INFO - [2026-04-08T13:10:47.298+0530] {dagbag.py:588} INFO - Filling up the DagBag from /Users/navalyemul/Documents/uptime/airflow_venv/lib/python3.12/site-packages/airflow/example_dags/example_sla_dag.py
[2026-04-08T13:10:47.320+0530] {processor.py:925} INFO - DAG(s) 'example_sla_dag' retrieved from /Users/navalyemul/Documents/uptime/airflow_venv/lib/python3.12/site-packages/airflow/example_dags/example_sla_dag.py
[2026-04-08T13:10:47.362+0530] {logging_mixin.py:190} INFO - [2026-04-08T13:10:47.362+0530] {dag.py:3239} INFO - Sync 1 DAGs
[2026-04-08T13:10:47.371+0530] {logging_mixin.py:190} INFO - [2026-04-08T13:10:47.371+0530] {dag.py:4180} INFO - Setting next_dagrun for example_sla_dag to 2026-04-08 07:38:00+00:00, run_after=2026-04-08 07:40:00+00:00
[2026-04-08T13:10:47.381+0530] {processor.py:208} INFO - Processing /Users/navalyemul/Documents/uptime/airflow_venv/lib/python3.12/site-packages/airflow/example_dags/example_sla_dag.py took 0.086 seconds
[2026-04-08T13:12:11.214+0530] {processor.py:186} INFO - Started process (PID=33676) to work on /Users/navalyemul/Documents/uptime/airflow_venv/lib/python3.12/site-packages/airflow/example_dags/example_sla_dag.py
[2026-04-08T13:12:11.214+0530] {processor.py:914} INFO - Processing file /Users/navalyemul/Documents/uptime/airflow_venv/lib/python3.12/site-packages/airflow/example_dags/example_sla_dag.py for tasks to queue
[2026-04-08T13:12:11.215+0530] {logging_mixin.py:190} INFO - [2026-04-08T13:12:11.215+0530] {dagbag.py:588} INFO - Filling up the DagBag from /Users/navalyemul/Documents/uptime/airflow_venv/lib/python3.12/site-packages/airflow/example_dags/example_sla_dag.py
[2026-04-08T13:12:11.238+0530] {processor.py:925} INFO - DAG(s) 'example_sla_dag' retrieved from /Users/navalyemul/Documents/uptime/airflow_venv/lib/python3.12/site-packages/airflow/example_dags/example_sla_dag.py
[2026-04-08T13:12:11.279+0530] {logging_mixin.py:190} INFO - [2026-04-08T13:12:11.278+0530] {dag.py:3239} INFO - Sync 1 DAGs
[2026-04-08T13:12:11.287+0530] {logging_mixin.py:190} INFO - [2026-04-08T13:12:11.287+0530] {dag.py:4180} INFO - Setting next_dagrun for example_sla_dag to 2026-04-08 07:40:00+00:00, run_after=2026-04-08 07:42:00+00:00
[2026-04-08T13:12:11.298+0530] {processor.py:208} INFO - Processing /Users/navalyemul/Documents/uptime/airflow_venv/lib/python3.12/site-packages/airflow/example_dags/example_sla_dag.py took 0.085 seconds
[2026-04-08T13:13:33.655+0530] {processor.py:186} INFO - Started process (PID=34594) to work on /Users/navalyemul/Documents/uptime/airflow_venv/lib/python3.12/site-packages/airflow/example_dags/example_sla_dag.py
[2026-04-08T13:13:33.656+0530] {processor.py:914} INFO - Processing file /Users/navalyemul/Documents/uptime/airflow_venv/lib/python3.12/site-packages/airflow/example_dags/example_sla_dag.py for tasks to queue
[2026-04-08T13:13:33.657+0530] {logging_mixin.py:190} INFO - [2026-04-08T13:13:33.657+0530] {dagbag.py:588} INFO - Filling up the DagBag from /Users/navalyemul/Documents/uptime/airflow_venv/lib/python3.12/site-packages/airflow/example_dags/example_sla_dag.py
[2026-04-08T13:13:33.678+0530] {processor.py:925} INFO - DAG(s) 'example_sla_dag' retrieved from /Users/navalyemul/Documents/uptime/airflow_venv/lib/python3.12/site-packages/airflow/example_dags/example_sla_dag.py
[2026-04-08T13:13:33.717+0530] {logging_mixin.py:190} INFO - [2026-04-08T13:13:33.717+0530] {dag.py:3239} INFO - Sync 1 DAGs
[2026-04-08T13:13:33.726+0530] {logging_mixin.py:190} INFO - [2026-04-08T13:13:33.726+0530] {dag.py:4180} INFO - Setting next_dagrun for example_sla_dag to 2026-04-08 07:40:00+00:00, run_after=2026-04-08 07:42:00+00:00
[2026-04-08T13:13:33.735+0530] {processor.py:208} INFO - Processing /Users/navalyemul/Documents/uptime/airflow_venv/lib/python3.12/site-packages/airflow/example_dags/example_sla_dag.py took 0.081 seconds
[2026-04-08T13:14:57.360+0530] {processor.py:186} INFO - Started process (PID=35536) to work on /Users/navalyemul/Documents/uptime/airflow_venv/lib/python3.12/site-packages/airflow/example_dags/example_sla_dag.py
[2026-04-08T13:14:57.361+0530] {processor.py:914} INFO - Processing file /Users/navalyemul/Documents/uptime/airflow_venv/lib/python3.12/site-packages/airflow/example_dags/example_sla_dag.py for tasks to queue
[2026-04-08T13:14:57.362+0530] {logging_mixin.py:190} INFO - [2026-04-08T13:14:57.361+0530] {dagbag.py:588} INFO - Filling up the DagBag from /Users/navalyemul/Documents/uptime/airflow_venv/lib/python3.12/site-packages/airflow/example_dags/example_sla_dag.py
[2026-04-08T13:14:57.393+0530] {processor.py:925} INFO - DAG(s) 'example_sla_dag' retrieved from /Users/navalyemul/Documents/uptime/airflow_venv/lib/python3.12/site-packages/airflow/example_dags/example_sla_dag.py
[2026-04-08T13:14:57.434+0530] {logging_mixin.py:190} INFO - [2026-04-08T13:14:57.434+0530] {dag.py:3239} INFO - Sync 1 DAGs
[2026-04-08T13:14:57.443+0530] {logging_mixin.py:190} INFO - [2026-04-08T13:14:57.443+0530] {dag.py:4180} INFO - Setting next_dagrun for example_sla_dag to 2026-04-08 07:42:00+00:00, run_after=2026-04-08 07:44:00+00:00
[2026-04-08T13:14:57.453+0530] {processor.py:208} INFO - Processing /Users/navalyemul/Documents/uptime/airflow_venv/lib/python3.12/site-packages/airflow/example_dags/example_sla_dag.py took 0.094 seconds
[2026-04-08T13:16:21.524+0530] {processor.py:186} INFO - Started process (PID=36496) to work on /Users/navalyemul/Documents/uptime/airflow_venv/lib/python3.12/site-packages/airflow/example_dags/example_sla_dag.py
[2026-04-08T13:16:21.525+0530] {processor.py:914} INFO - Processing file /Users/navalyemul/Documents/uptime/airflow_venv/lib/python3.12/site-packages/airflow/example_dags/example_sla_dag.py for tasks to queue
[2026-04-08T13:16:21.526+0530] {logging_mixin.py:190} INFO - [2026-04-08T13:16:21.526+0530] {dagbag.py:588} INFO - Filling up the DagBag from /Users/navalyemul/Documents/uptime/airflow_venv/lib/python3.12/site-packages/airflow/example_dags/example_sla_dag.py
[2026-04-08T13:16:21.550+0530] {processor.py:925} INFO - DAG(s) 'example_sla_dag' retrieved from /Users/navalyemul/Documents/uptime/airflow_venv/lib/python3.12/site-packages/airflow/example_dags/example_sla_dag.py
[2026-04-08T13:16:21.589+0530] {logging_mixin.py:190} INFO - [2026-04-08T13:16:21.589+0530] {dag.py:3239} INFO - Sync 1 DAGs
[2026-04-08T13:16:21.597+0530] {logging_mixin.py:190} INFO - [2026-04-08T13:16:21.597+0530] {dag.py:4180} INFO - Setting next_dagrun for example_sla_dag to 2026-04-08 07:44:00+00:00, run_after=2026-04-08 07:46:00+00:00
[2026-04-08T13:16:21.606+0530] {processor.py:208} INFO - Processing /Users/navalyemul/Documents/uptime/airflow_venv/lib/python3.12/site-packages/airflow/example_dags/example_sla_dag.py took 0.084 seconds
[2026-04-08T13:17:44.411+0530] {processor.py:186} INFO - Started process (PID=37424) to work on /Users/navalyemul/Documents/uptime/airflow_venv/lib/python3.12/site-packages/airflow/example_dags/example_sla_dag.py
[2026-04-08T13:17:44.412+0530] {processor.py:914} INFO - Processing file /Users/navalyemul/Documents/uptime/airflow_venv/lib/python3.12/site-packages/airflow/example_dags/example_sla_dag.py for tasks to queue
[2026-04-08T13:17:44.413+0530] {logging_mixin.py:190} INFO - [2026-04-08T13:17:44.413+0530] {dagbag.py:588} INFO - Filling up the DagBag from /Users/navalyemul/Documents/uptime/airflow_venv/lib/python3.12/site-packages/airflow/example_dags/example_sla_dag.py
[2026-04-08T13:17:44.433+0530] {processor.py:925} INFO - DAG(s) 'example_sla_dag' retrieved from /Users/navalyemul/Documents/uptime/airflow_venv/lib/python3.12/site-packages/airflow/example_dags/example_sla_dag.py
[2026-04-08T13:17:44.472+0530] {logging_mixin.py:190} INFO - [2026-04-08T13:17:44.472+0530] {dag.py:3239} INFO - Sync 1 DAGs
[2026-04-08T13:17:44.481+0530] {logging_mixin.py:190} INFO - [2026-04-08T13:17:44.481+0530] {dag.py:4180} INFO - Setting next_dagrun for example_sla_dag to 2026-04-08 07:44:00+00:00, run_after=2026-04-08 07:46:00+00:00
[2026-04-08T13:17:44.490+0530] {processor.py:208} INFO - Processing /Users/navalyemul/Documents/uptime/airflow_venv/lib/python3.12/site-packages/airflow/example_dags/example_sla_dag.py took 0.080 seconds
[2026-04-08T13:19:14.051+0530] {processor.py:186} INFO - Started process (PID=38379) to work on /Users/navalyemul/Documents/uptime/airflow_venv/lib/python3.12/site-packages/airflow/example_dags/example_sla_dag.py
[2026-04-08T13:19:14.052+0530] {processor.py:914} INFO - Processing file /Users/navalyemul/Documents/uptime/airflow_venv/lib/python3.12/site-packages/airflow/example_dags/example_sla_dag.py for tasks to queue
[2026-04-08T13:19:14.053+0530] {logging_mixin.py:190} INFO - [2026-04-08T13:19:14.053+0530] {dagbag.py:588} INFO - Filling up the DagBag from /Users/navalyemul/Documents/uptime/airflow_venv/lib/python3.12/site-packages/airflow/example_dags/example_sla_dag.py
[2026-04-08T13:19:14.079+0530] {processor.py:925} INFO - DAG(s) 'example_sla_dag' retrieved from /Users/navalyemul/Documents/uptime/airflow_venv/lib/python3.12/site-packages/airflow/example_dags/example_sla_dag.py
[2026-04-08T13:19:14.119+0530] {logging_mixin.py:190} INFO - [2026-04-08T13:19:14.118+0530] {dag.py:3239} INFO - Sync 1 DAGs
[2026-04-08T13:19:14.128+0530] {logging_mixin.py:190} INFO - [2026-04-08T13:19:14.128+0530] {dag.py:4180} INFO - Setting next_dagrun for example_sla_dag to 2026-04-08 07:46:00+00:00, run_after=2026-04-08 07:48:00+00:00
[2026-04-08T13:19:14.136+0530] {processor.py:208} INFO - Processing /Users/navalyemul/Documents/uptime/airflow_venv/lib/python3.12/site-packages/airflow/example_dags/example_sla_dag.py took 0.086 seconds
[2026-04-08T13:28:47.007+0530] {processor.py:186} INFO - Started process (PID=39319) to work on /Users/navalyemul/Documents/uptime/airflow_venv/lib/python3.12/site-packages/airflow/example_dags/example_sla_dag.py
[2026-04-08T13:28:47.008+0530] {processor.py:914} INFO - Processing file /Users/navalyemul/Documents/uptime/airflow_venv/lib/python3.12/site-packages/airflow/example_dags/example_sla_dag.py for tasks to queue
[2026-04-08T13:28:47.009+0530] {logging_mixin.py:190} INFO - [2026-04-08T13:28:47.008+0530] {dagbag.py:588} INFO - Filling up the DagBag from /Users/navalyemul/Documents/uptime/airflow_venv/lib/python3.12/site-packages/airflow/example_dags/example_sla_dag.py
[2026-04-08T13:28:47.033+0530] {processor.py:925} INFO - DAG(s) 'example_sla_dag' retrieved from /Users/navalyemul/Documents/uptime/airflow_venv/lib/python3.12/site-packages/airflow/example_dags/example_sla_dag.py
[2026-04-08T13:28:47.072+0530] {logging_mixin.py:190} INFO - [2026-04-08T13:28:47.072+0530] {dag.py:3239} INFO - Sync 1 DAGs
[2026-04-08T13:28:47.081+0530] {logging_mixin.py:190} INFO - [2026-04-08T13:28:47.081+0530] {dag.py:4180} INFO - Setting next_dagrun for example_sla_dag to 2026-04-08 07:56:00+00:00, run_after=2026-04-08 07:58:00+00:00
[2026-04-08T13:28:47.088+0530] {processor.py:208} INFO - Processing /Users/navalyemul/Documents/uptime/airflow_venv/lib/python3.12/site-packages/airflow/example_dags/example_sla_dag.py took 0.083 seconds
[2026-04-08T13:33:47.621+0530] {processor.py:186} INFO - Started process (PID=40279) to work on /Users/navalyemul/Documents/uptime/airflow_venv/lib/python3.12/site-packages/airflow/example_dags/example_sla_dag.py
[2026-04-08T13:33:47.622+0530] {processor.py:914} INFO - Processing file /Users/navalyemul/Documents/uptime/airflow_venv/lib/python3.12/site-packages/airflow/example_dags/example_sla_dag.py for tasks to queue
[2026-04-08T13:33:47.622+0530] {logging_mixin.py:190} INFO - [2026-04-08T13:33:47.622+0530] {dagbag.py:588} INFO - Filling up the DagBag from /Users/navalyemul/Documents/uptime/airflow_venv/lib/python3.12/site-packages/airflow/example_dags/example_sla_dag.py
[2026-04-08T13:33:47.647+0530] {processor.py:925} INFO - DAG(s) 'example_sla_dag' retrieved from /Users/navalyemul/Documents/uptime/airflow_venv/lib/python3.12/site-packages/airflow/example_dags/example_sla_dag.py
[2026-04-08T13:33:47.686+0530] {logging_mixin.py:190} INFO - [2026-04-08T13:33:47.686+0530] {dag.py:3239} INFO - Sync 1 DAGs
[2026-04-08T13:33:47.695+0530] {logging_mixin.py:190} INFO - [2026-04-08T13:33:47.695+0530] {dag.py:4180} INFO - Setting next_dagrun for example_sla_dag to 2026-04-08 08:00:00+00:00, run_after=2026-04-08 08:02:00+00:00
[2026-04-08T13:33:47.703+0530] {processor.py:208} INFO - Processing /Users/navalyemul/Documents/uptime/airflow_venv/lib/python3.12/site-packages/airflow/example_dags/example_sla_dag.py took 0.084 seconds
[2026-04-08T13:35:27.900+0530] {processor.py:186} INFO - Started process (PID=41457) to work on /Users/navalyemul/Documents/uptime/airflow_venv/lib/python3.12/site-packages/airflow/example_dags/example_sla_dag.py
[2026-04-08T13:35:27.900+0530] {processor.py:914} INFO - Processing file /Users/navalyemul/Documents/uptime/airflow_venv/lib/python3.12/site-packages/airflow/example_dags/example_sla_dag.py for tasks to queue
[2026-04-08T13:35:27.901+0530] {logging_mixin.py:190} INFO - [2026-04-08T13:35:27.901+0530] {dagbag.py:588} INFO - Filling up the DagBag from /Users/navalyemul/Documents/uptime/airflow_venv/lib/python3.12/site-packages/airflow/example_dags/example_sla_dag.py
[2026-04-08T13:35:27.921+0530] {processor.py:925} INFO - DAG(s) 'example_sla_dag' retrieved from /Users/navalyemul/Documents/uptime/airflow_venv/lib/python3.12/site-packages/airflow/example_dags/example_sla_dag.py
[2026-04-08T13:35:27.961+0530] {logging_mixin.py:190} INFO - [2026-04-08T13:35:27.961+0530] {dag.py:3239} INFO - Sync 1 DAGs
[2026-04-08T13:35:27.969+0530] {logging_mixin.py:190} INFO - [2026-04-08T13:35:27.969+0530] {dag.py:4180} INFO - Setting next_dagrun for example_sla_dag to 2026-04-08 08:02:00+00:00, run_after=2026-04-08 08:04:00+00:00
[2026-04-08T13:35:27.977+0530] {processor.py:208} INFO - Processing /Users/navalyemul/Documents/uptime/airflow_venv/lib/python3.12/site-packages/airflow/example_dags/example_sla_dag.py took 0.079 seconds
[2026-04-08T13:46:19.035+0530] {processor.py:186} INFO - Started process (PID=42377) to work on /Users/navalyemul/Documents/uptime/airflow_venv/lib/python3.12/site-packages/airflow/example_dags/example_sla_dag.py
[2026-04-08T13:46:19.036+0530] {processor.py:914} INFO - Processing file /Users/navalyemul/Documents/uptime/airflow_venv/lib/python3.12/site-packages/airflow/example_dags/example_sla_dag.py for tasks to queue
[2026-04-08T13:46:19.036+0530] {logging_mixin.py:190} INFO - [2026-04-08T13:46:19.036+0530] {dagbag.py:588} INFO - Filling up the DagBag from /Users/navalyemul/Documents/uptime/airflow_venv/lib/python3.12/site-packages/airflow/example_dags/example_sla_dag.py
[2026-04-08T13:46:19.061+0530] {processor.py:925} INFO - DAG(s) 'example_sla_dag' retrieved from /Users/navalyemul/Documents/uptime/airflow_venv/lib/python3.12/site-packages/airflow/example_dags/example_sla_dag.py
[2026-04-08T13:46:19.099+0530] {logging_mixin.py:190} INFO - [2026-04-08T13:46:19.099+0530] {dag.py:3239} INFO - Sync 1 DAGs
[2026-04-08T13:46:19.108+0530] {logging_mixin.py:190} INFO - [2026-04-08T13:46:19.108+0530] {dag.py:4180} INFO - Setting next_dagrun for example_sla_dag to 2026-04-08 08:14:00+00:00, run_after=2026-04-08 08:16:00+00:00
[2026-04-08T13:46:19.115+0530] {processor.py:208} INFO - Processing /Users/navalyemul/Documents/uptime/airflow_venv/lib/python3.12/site-packages/airflow/example_dags/example_sla_dag.py took 0.082 seconds
[2026-04-08T13:54:36.908+0530] {processor.py:186} INFO - Started process (PID=43561) to work on /Users/navalyemul/Documents/uptime/airflow_venv/lib/python3.12/site-packages/airflow/example_dags/example_sla_dag.py
[2026-04-08T13:54:36.909+0530] {processor.py:914} INFO - Processing file /Users/navalyemul/Documents/uptime/airflow_venv/lib/python3.12/site-packages/airflow/example_dags/example_sla_dag.py for tasks to queue
[2026-04-08T13:54:36.909+0530] {logging_mixin.py:190} INFO - [2026-04-08T13:54:36.909+0530] {dagbag.py:588} INFO - Filling up the DagBag from /Users/navalyemul/Documents/uptime/airflow_venv/lib/python3.12/site-packages/airflow/example_dags/example_sla_dag.py
[2026-04-08T13:54:36.931+0530] {processor.py:925} INFO - DAG(s) 'example_sla_dag' retrieved from /Users/navalyemul/Documents/uptime/airflow_venv/lib/python3.12/site-packages/airflow/example_dags/example_sla_dag.py
[2026-04-08T13:54:36.972+0530] {logging_mixin.py:190} INFO - [2026-04-08T13:54:36.972+0530] {dag.py:3239} INFO - Sync 1 DAGs
[2026-04-08T13:54:36.980+0530] {logging_mixin.py:190} INFO - [2026-04-08T13:54:36.980+0530] {dag.py:4180} INFO - Setting next_dagrun for example_sla_dag to 2026-04-08 08:22:00+00:00, run_after=2026-04-08 08:24:00+00:00
[2026-04-08T13:54:36.988+0530] {processor.py:208} INFO - Processing /Users/navalyemul/Documents/uptime/airflow_venv/lib/python3.12/site-packages/airflow/example_dags/example_sla_dag.py took 0.082 seconds
[2026-04-08T13:56:31.925+0530] {processor.py:186} INFO - Started process (PID=44637) to work on /Users/navalyemul/Documents/uptime/airflow_venv/lib/python3.12/site-packages/airflow/example_dags/example_sla_dag.py
[2026-04-08T13:56:31.926+0530] {processor.py:914} INFO - Processing file /Users/navalyemul/Documents/uptime/airflow_venv/lib/python3.12/site-packages/airflow/example_dags/example_sla_dag.py for tasks to queue
[2026-04-08T13:56:31.927+0530] {logging_mixin.py:190} INFO - [2026-04-08T13:56:31.927+0530] {dagbag.py:588} INFO - Filling up the DagBag from /Users/navalyemul/Documents/uptime/airflow_venv/lib/python3.12/site-packages/airflow/example_dags/example_sla_dag.py
[2026-04-08T13:56:31.953+0530] {processor.py:925} INFO - DAG(s) 'example_sla_dag' retrieved from /Users/navalyemul/Documents/uptime/airflow_venv/lib/python3.12/site-packages/airflow/example_dags/example_sla_dag.py
[2026-04-08T13:56:31.996+0530] {logging_mixin.py:190} INFO - [2026-04-08T13:56:31.996+0530] {dag.py:3239} INFO - Sync 1 DAGs
[2026-04-08T13:56:32.005+0530] {logging_mixin.py:190} INFO - [2026-04-08T13:56:32.005+0530] {dag.py:4180} INFO - Setting next_dagrun for example_sla_dag to 2026-04-08 08:24:00+00:00, run_after=2026-04-08 08:26:00+00:00
[2026-04-08T13:56:32.014+0530] {processor.py:208} INFO - Processing /Users/navalyemul/Documents/uptime/airflow_venv/lib/python3.12/site-packages/airflow/example_dags/example_sla_dag.py took 0.091 seconds
[2026-04-08T13:58:14.350+0530] {processor.py:186} INFO - Started process (PID=45670) to work on /Users/navalyemul/Documents/uptime/airflow_venv/lib/python3.12/site-packages/airflow/example_dags/example_sla_dag.py
[2026-04-08T13:58:14.351+0530] {processor.py:914} INFO - Processing file /Users/navalyemul/Documents/uptime/airflow_venv/lib/python3.12/site-packages/airflow/example_dags/example_sla_dag.py for tasks to queue
[2026-04-08T13:58:14.351+0530] {logging_mixin.py:190} INFO - [2026-04-08T13:58:14.351+0530] {dagbag.py:588} INFO - Filling up the DagBag from /Users/navalyemul/Documents/uptime/airflow_venv/lib/python3.12/site-packages/airflow/example_dags/example_sla_dag.py
[2026-04-08T13:58:14.378+0530] {processor.py:925} INFO - DAG(s) 'example_sla_dag' retrieved from /Users/navalyemul/Documents/uptime/airflow_venv/lib/python3.12/site-packages/airflow/example_dags/example_sla_dag.py
[2026-04-08T13:58:14.424+0530] {logging_mixin.py:190} INFO - [2026-04-08T13:58:14.424+0530] {dag.py:3239} INFO - Sync 1 DAGs
[2026-04-08T13:58:14.434+0530] {logging_mixin.py:190} INFO - [2026-04-08T13:58:14.434+0530] {dag.py:4180} INFO - Setting next_dagrun for example_sla_dag to 2026-04-08 08:26:00+00:00, run_after=2026-04-08 08:28:00+00:00
[2026-04-08T13:58:14.442+0530] {processor.py:208} INFO - Processing /Users/navalyemul/Documents/uptime/airflow_venv/lib/python3.12/site-packages/airflow/example_dags/example_sla_dag.py took 0.096 seconds
