[2026-04-08T12:48:01.220+0530] {processor.py:186} INFO - Started process (PID=18191) to work on /Users/navalyemul/Documents/uptime/airflow_venv/lib/python3.12/site-packages/airflow/example_dags/example_branch_day_of_week_operator.py
[2026-04-08T12:48:01.222+0530] {processor.py:914} INFO - Processing file /Users/navalyemul/Documents/uptime/airflow_venv/lib/python3.12/site-packages/airflow/example_dags/example_branch_day_of_week_operator.py for tasks to queue
[2026-04-08T12:48:01.223+0530] {logging_mixin.py:190} INFO - [2026-04-08T12:48:01.222+0530] {dagbag.py:588} INFO - Filling up the DagBag from /Users/navalyemul/Documents/uptime/airflow_venv/lib/python3.12/site-packages/airflow/example_dags/example_branch_day_of_week_operator.py
[2026-04-08T12:48:01.233+0530] {processor.py:925} INFO - DAG(s) 'example_weekday_branch_operator' retrieved from /Users/navalyemul/Documents/uptime/airflow_venv/lib/python3.12/site-packages/airflow/example_dags/example_branch_day_of_week_operator.py
[2026-04-08T12:48:01.321+0530] {logging_mixin.py:190} INFO - [2026-04-08T12:48:01.321+0530] {override.py:1912} INFO - Created Permission View: can read on DAG:example_weekday_branch_operator
[2026-04-08T12:48:01.326+0530] {logging_mixin.py:190} INFO - [2026-04-08T12:48:01.326+0530] {override.py:1912} INFO - Created Permission View: can delete on DAG:example_weekday_branch_operator
[2026-04-08T12:48:01.329+0530] {logging_mixin.py:190} INFO - [2026-04-08T12:48:01.329+0530] {override.py:1912} INFO - Created Permission View: can edit on DAG:example_weekday_branch_operator
[2026-04-08T12:48:01.334+0530] {logging_mixin.py:190} INFO - [2026-04-08T12:48:01.334+0530] {override.py:1912} INFO - Created Permission View: can read on DAG Run:example_weekday_branch_operator
[2026-04-08T12:48:01.337+0530] {logging_mixin.py:190} INFO - [2026-04-08T12:48:01.337+0530] {override.py:1912} INFO - Created Permission View: menu access on DAG Run:example_weekday_branch_operator
[2026-04-08T12:48:01.342+0530] {logging_mixin.py:190} INFO - [2026-04-08T12:48:01.342+0530] {override.py:1912} INFO - Created Permission View: can delete on DAG Run:example_weekday_branch_operator
[2026-04-08T12:48:01.346+0530] {logging_mixin.py:190} INFO - [2026-04-08T12:48:01.346+0530] {override.py:1912} INFO - Created Permission View: can create on DAG Run:example_weekday_branch_operator
[2026-04-08T12:48:01.346+0530] {logging_mixin.py:190} INFO - [2026-04-08T12:48:01.346+0530] {dag.py:3239} INFO - Sync 1 DAGs
[2026-04-08T12:48:01.352+0530] {logging_mixin.py:190} INFO - [2026-04-08T12:48:01.351+0530] {dag.py:3262} INFO - Creating ORM DAG for example_weekday_branch_operator
[2026-04-08T12:48:01.356+0530] {logging_mixin.py:190} INFO - [2026-04-08T12:48:01.356+0530] {dag.py:4180} INFO - Setting next_dagrun for example_weekday_branch_operator to 2026-04-07 00:00:00+00:00, run_after=2026-04-08 00:00:00+00:00
[2026-04-08T12:48:01.365+0530] {processor.py:208} INFO - Processing /Users/navalyemul/Documents/uptime/airflow_venv/lib/python3.12/site-packages/airflow/example_dags/example_branch_day_of_week_operator.py took 0.146 seconds
[2026-04-08T12:50:50.011+0530] {processor.py:186} INFO - Started process (PID=20102) to work on /Users/navalyemul/Documents/uptime/airflow_venv/lib/python3.12/site-packages/airflow/example_dags/example_branch_day_of_week_operator.py
[2026-04-08T12:50:50.013+0530] {processor.py:914} INFO - Processing file /Users/navalyemul/Documents/uptime/airflow_venv/lib/python3.12/site-packages/airflow/example_dags/example_branch_day_of_week_operator.py for tasks to queue
[2026-04-08T12:50:50.013+0530] {logging_mixin.py:190} INFO - [2026-04-08T12:50:50.013+0530] {dagbag.py:588} INFO - Filling up the DagBag from /Users/navalyemul/Documents/uptime/airflow_venv/lib/python3.12/site-packages/airflow/example_dags/example_branch_day_of_week_operator.py
[2026-04-08T12:50:50.024+0530] {processor.py:925} INFO - DAG(s) 'example_weekday_branch_operator' retrieved from /Users/navalyemul/Documents/uptime/airflow_venv/lib/python3.12/site-packages/airflow/example_dags/example_branch_day_of_week_operator.py
[2026-04-08T12:50:50.091+0530] {logging_mixin.py:190} INFO - [2026-04-08T12:50:50.090+0530] {dag.py:3239} INFO - Sync 1 DAGs
[2026-04-08T12:50:50.103+0530] {logging_mixin.py:190} INFO - [2026-04-08T12:50:50.103+0530] {dag.py:4180} INFO - Setting next_dagrun for example_weekday_branch_operator to 2026-04-07 00:00:00+00:00, run_after=2026-04-08 00:00:00+00:00
[2026-04-08T12:50:50.116+0530] {processor.py:208} INFO - Processing /Users/navalyemul/Documents/uptime/airflow_venv/lib/python3.12/site-packages/airflow/example_dags/example_branch_day_of_week_operator.py took 0.107 seconds
[2026-04-08T12:54:23.418+0530] {processor.py:186} INFO - Started process (PID=21975) to work on /Users/navalyemul/Documents/uptime/airflow_venv/lib/python3.12/site-packages/airflow/example_dags/example_branch_day_of_week_operator.py
[2026-04-08T12:54:23.418+0530] {processor.py:914} INFO - Processing file /Users/navalyemul/Documents/uptime/airflow_venv/lib/python3.12/site-packages/airflow/example_dags/example_branch_day_of_week_operator.py for tasks to queue
[2026-04-08T12:54:23.419+0530] {logging_mixin.py:190} INFO - [2026-04-08T12:54:23.419+0530] {dagbag.py:588} INFO - Filling up the DagBag from /Users/navalyemul/Documents/uptime/airflow_venv/lib/python3.12/site-packages/airflow/example_dags/example_branch_day_of_week_operator.py
[2026-04-08T12:54:23.425+0530] {processor.py:925} INFO - DAG(s) 'example_weekday_branch_operator' retrieved from /Users/navalyemul/Documents/uptime/airflow_venv/lib/python3.12/site-packages/airflow/example_dags/example_branch_day_of_week_operator.py
[2026-04-08T12:54:23.468+0530] {logging_mixin.py:190} INFO - [2026-04-08T12:54:23.468+0530] {dag.py:3239} INFO - Sync 1 DAGs
[2026-04-08T12:54:23.477+0530] {logging_mixin.py:190} INFO - [2026-04-08T12:54:23.477+0530] {dag.py:4180} INFO - Setting next_dagrun for example_weekday_branch_operator to 2026-04-07 00:00:00+00:00, run_after=2026-04-08 00:00:00+00:00
[2026-04-08T12:54:23.485+0530] {processor.py:208} INFO - Processing /Users/navalyemul/Documents/uptime/airflow_venv/lib/python3.12/site-packages/airflow/example_dags/example_branch_day_of_week_operator.py took 0.069 seconds
[2026-04-08T12:57:32.297+0530] {processor.py:186} INFO - Started process (PID=23841) to work on /Users/navalyemul/Documents/uptime/airflow_venv/lib/python3.12/site-packages/airflow/example_dags/example_branch_day_of_week_operator.py
[2026-04-08T12:57:32.298+0530] {processor.py:914} INFO - Processing file /Users/navalyemul/Documents/uptime/airflow_venv/lib/python3.12/site-packages/airflow/example_dags/example_branch_day_of_week_operator.py for tasks to queue
[2026-04-08T12:57:32.299+0530] {logging_mixin.py:190} INFO - [2026-04-08T12:57:32.299+0530] {dagbag.py:588} INFO - Filling up the DagBag from /Users/navalyemul/Documents/uptime/airflow_venv/lib/python3.12/site-packages/airflow/example_dags/example_branch_day_of_week_operator.py
[2026-04-08T12:57:32.304+0530] {processor.py:925} INFO - DAG(s) 'example_weekday_branch_operator' retrieved from /Users/navalyemul/Documents/uptime/airflow_venv/lib/python3.12/site-packages/airflow/example_dags/example_branch_day_of_week_operator.py
[2026-04-08T12:57:32.346+0530] {logging_mixin.py:190} INFO - [2026-04-08T12:57:32.346+0530] {dag.py:3239} INFO - Sync 1 DAGs
[2026-04-08T12:57:32.355+0530] {logging_mixin.py:190} INFO - [2026-04-08T12:57:32.355+0530] {dag.py:4180} INFO - Setting next_dagrun for example_weekday_branch_operator to 2026-04-07 00:00:00+00:00, run_after=2026-04-08 00:00:00+00:00
[2026-04-08T12:57:32.364+0530] {processor.py:208} INFO - Processing /Users/navalyemul/Documents/uptime/airflow_venv/lib/python3.12/site-packages/airflow/example_dags/example_branch_day_of_week_operator.py took 0.069 seconds
[2026-04-08T13:00:20.612+0530] {processor.py:186} INFO - Started process (PID=25669) to work on /Users/navalyemul/Documents/uptime/airflow_venv/lib/python3.12/site-packages/airflow/example_dags/example_branch_day_of_week_operator.py
[2026-04-08T13:00:20.613+0530] {processor.py:914} INFO - Processing file /Users/navalyemul/Documents/uptime/airflow_venv/lib/python3.12/site-packages/airflow/example_dags/example_branch_day_of_week_operator.py for tasks to queue
[2026-04-08T13:00:20.614+0530] {logging_mixin.py:190} INFO - [2026-04-08T13:00:20.613+0530] {dagbag.py:588} INFO - Filling up the DagBag from /Users/navalyemul/Documents/uptime/airflow_venv/lib/python3.12/site-packages/airflow/example_dags/example_branch_day_of_week_operator.py
[2026-04-08T13:00:20.619+0530] {processor.py:925} INFO - DAG(s) 'example_weekday_branch_operator' retrieved from /Users/navalyemul/Documents/uptime/airflow_venv/lib/python3.12/site-packages/airflow/example_dags/example_branch_day_of_week_operator.py
[2026-04-08T13:00:20.660+0530] {logging_mixin.py:190} INFO - [2026-04-08T13:00:20.660+0530] {dag.py:3239} INFO - Sync 1 DAGs
[2026-04-08T13:00:20.668+0530] {logging_mixin.py:190} INFO - [2026-04-08T13:00:20.668+0530] {dag.py:4180} INFO - Setting next_dagrun for example_weekday_branch_operator to 2026-04-07 00:00:00+00:00, run_after=2026-04-08 00:00:00+00:00
[2026-04-08T13:00:20.676+0530] {processor.py:208} INFO - Processing /Users/navalyemul/Documents/uptime/airflow_venv/lib/python3.12/site-packages/airflow/example_dags/example_branch_day_of_week_operator.py took 0.065 seconds
[2026-04-08T13:03:01.762+0530] {processor.py:186} INFO - Started process (PID=27522) to work on /Users/navalyemul/Documents/uptime/airflow_venv/lib/python3.12/site-packages/airflow/example_dags/example_branch_day_of_week_operator.py
[2026-04-08T13:03:01.762+0530] {processor.py:914} INFO - Processing file /Users/navalyemul/Documents/uptime/airflow_venv/lib/python3.12/site-packages/airflow/example_dags/example_branch_day_of_week_operator.py for tasks to queue
[2026-04-08T13:03:01.763+0530] {logging_mixin.py:190} INFO - [2026-04-08T13:03:01.763+0530] {dagbag.py:588} INFO - Filling up the DagBag from /Users/navalyemul/Documents/uptime/airflow_venv/lib/python3.12/site-packages/airflow/example_dags/example_branch_day_of_week_operator.py
[2026-04-08T13:03:01.768+0530] {processor.py:925} INFO - DAG(s) 'example_weekday_branch_operator' retrieved from /Users/navalyemul/Documents/uptime/airflow_venv/lib/python3.12/site-packages/airflow/example_dags/example_branch_day_of_week_operator.py
[2026-04-08T13:03:01.809+0530] {logging_mixin.py:190} INFO - [2026-04-08T13:03:01.809+0530] {dag.py:3239} INFO - Sync 1 DAGs
[2026-04-08T13:03:01.818+0530] {logging_mixin.py:190} INFO - [2026-04-08T13:03:01.818+0530] {dag.py:4180} INFO - Setting next_dagrun for example_weekday_branch_operator to 2026-04-07 00:00:00+00:00, run_after=2026-04-08 00:00:00+00:00
[2026-04-08T13:03:01.825+0530] {processor.py:208} INFO - Processing /Users/navalyemul/Documents/uptime/airflow_venv/lib/python3.12/site-packages/airflow/example_dags/example_branch_day_of_week_operator.py took 0.065 seconds
[2026-04-08T13:05:51.814+0530] {processor.py:186} INFO - Started process (PID=29477) to work on /Users/navalyemul/Documents/uptime/airflow_venv/lib/python3.12/site-packages/airflow/example_dags/example_branch_day_of_week_operator.py
[2026-04-08T13:05:51.815+0530] {processor.py:914} INFO - Processing file /Users/navalyemul/Documents/uptime/airflow_venv/lib/python3.12/site-packages/airflow/example_dags/example_branch_day_of_week_operator.py for tasks to queue
[2026-04-08T13:05:51.815+0530] {logging_mixin.py:190} INFO - [2026-04-08T13:05:51.815+0530] {dagbag.py:588} INFO - Filling up the DagBag from /Users/navalyemul/Documents/uptime/airflow_venv/lib/python3.12/site-packages/airflow/example_dags/example_branch_day_of_week_operator.py
[2026-04-08T13:05:51.821+0530] {processor.py:925} INFO - DAG(s) 'example_weekday_branch_operator' retrieved from /Users/navalyemul/Documents/uptime/airflow_venv/lib/python3.12/site-packages/airflow/example_dags/example_branch_day_of_week_operator.py
[2026-04-08T13:05:51.863+0530] {logging_mixin.py:190} INFO - [2026-04-08T13:05:51.862+0530] {dag.py:3239} INFO - Sync 1 DAGs
[2026-04-08T13:05:51.872+0530] {logging_mixin.py:190} INFO - [2026-04-08T13:05:51.872+0530] {dag.py:4180} INFO - Setting next_dagrun for example_weekday_branch_operator to 2026-04-07 00:00:00+00:00, run_after=2026-04-08 00:00:00+00:00
[2026-04-08T13:05:51.880+0530] {processor.py:208} INFO - Processing /Users/navalyemul/Documents/uptime/airflow_venv/lib/python3.12/site-packages/airflow/example_dags/example_branch_day_of_week_operator.py took 0.068 seconds
[2026-04-08T13:08:38.772+0530] {processor.py:186} INFO - Started process (PID=31290) to work on /Users/navalyemul/Documents/uptime/airflow_venv/lib/python3.12/site-packages/airflow/example_dags/example_branch_day_of_week_operator.py
[2026-04-08T13:08:38.773+0530] {processor.py:914} INFO - Processing file /Users/navalyemul/Documents/uptime/airflow_venv/lib/python3.12/site-packages/airflow/example_dags/example_branch_day_of_week_operator.py for tasks to queue
[2026-04-08T13:08:38.774+0530] {logging_mixin.py:190} INFO - [2026-04-08T13:08:38.773+0530] {dagbag.py:588} INFO - Filling up the DagBag from /Users/navalyemul/Documents/uptime/airflow_venv/lib/python3.12/site-packages/airflow/example_dags/example_branch_day_of_week_operator.py
[2026-04-08T13:08:38.780+0530] {processor.py:925} INFO - DAG(s) 'example_weekday_branch_operator' retrieved from /Users/navalyemul/Documents/uptime/airflow_venv/lib/python3.12/site-packages/airflow/example_dags/example_branch_day_of_week_operator.py
[2026-04-08T13:08:38.824+0530] {logging_mixin.py:190} INFO - [2026-04-08T13:08:38.823+0530] {dag.py:3239} INFO - Sync 1 DAGs
[2026-04-08T13:08:38.833+0530] {logging_mixin.py:190} INFO - [2026-04-08T13:08:38.832+0530] {dag.py:4180} INFO - Setting next_dagrun for example_weekday_branch_operator to 2026-04-07 00:00:00+00:00, run_after=2026-04-08 00:00:00+00:00
[2026-04-08T13:08:38.840+0530] {processor.py:208} INFO - Processing /Users/navalyemul/Documents/uptime/airflow_venv/lib/python3.12/site-packages/airflow/example_dags/example_branch_day_of_week_operator.py took 0.070 seconds
[2026-04-08T13:11:23.370+0530] {processor.py:186} INFO - Started process (PID=33147) to work on /Users/navalyemul/Documents/uptime/airflow_venv/lib/python3.12/site-packages/airflow/example_dags/example_branch_day_of_week_operator.py
[2026-04-08T13:11:23.371+0530] {processor.py:914} INFO - Processing file /Users/navalyemul/Documents/uptime/airflow_venv/lib/python3.12/site-packages/airflow/example_dags/example_branch_day_of_week_operator.py for tasks to queue
[2026-04-08T13:11:23.372+0530] {logging_mixin.py:190} INFO - [2026-04-08T13:11:23.372+0530] {dagbag.py:588} INFO - Filling up the DagBag from /Users/navalyemul/Documents/uptime/airflow_venv/lib/python3.12/site-packages/airflow/example_dags/example_branch_day_of_week_operator.py
[2026-04-08T13:11:23.380+0530] {processor.py:925} INFO - DAG(s) 'example_weekday_branch_operator' retrieved from /Users/navalyemul/Documents/uptime/airflow_venv/lib/python3.12/site-packages/airflow/example_dags/example_branch_day_of_week_operator.py
[2026-04-08T13:11:23.425+0530] {logging_mixin.py:190} INFO - [2026-04-08T13:11:23.425+0530] {dag.py:3239} INFO - Sync 1 DAGs
[2026-04-08T13:11:23.434+0530] {logging_mixin.py:190} INFO - [2026-04-08T13:11:23.434+0530] {dag.py:4180} INFO - Setting next_dagrun for example_weekday_branch_operator to 2026-04-07 00:00:00+00:00, run_after=2026-04-08 00:00:00+00:00
[2026-04-08T13:11:23.444+0530] {processor.py:208} INFO - Processing /Users/navalyemul/Documents/uptime/airflow_venv/lib/python3.12/site-packages/airflow/example_dags/example_branch_day_of_week_operator.py took 0.076 seconds
[2026-04-08T13:14:08.565+0530] {processor.py:186} INFO - Started process (PID=34979) to work on /Users/navalyemul/Documents/uptime/airflow_venv/lib/python3.12/site-packages/airflow/example_dags/example_branch_day_of_week_operator.py
[2026-04-08T13:14:08.565+0530] {processor.py:914} INFO - Processing file /Users/navalyemul/Documents/uptime/airflow_venv/lib/python3.12/site-packages/airflow/example_dags/example_branch_day_of_week_operator.py for tasks to queue
[2026-04-08T13:14:08.566+0530] {logging_mixin.py:190} INFO - [2026-04-08T13:14:08.566+0530] {dagbag.py:588} INFO - Filling up the DagBag from /Users/navalyemul/Documents/uptime/airflow_venv/lib/python3.12/site-packages/airflow/example_dags/example_branch_day_of_week_operator.py
[2026-04-08T13:14:08.572+0530] {processor.py:925} INFO - DAG(s) 'example_weekday_branch_operator' retrieved from /Users/navalyemul/Documents/uptime/airflow_venv/lib/python3.12/site-packages/airflow/example_dags/example_branch_day_of_week_operator.py
[2026-04-08T13:14:08.612+0530] {logging_mixin.py:190} INFO - [2026-04-08T13:14:08.612+0530] {dag.py:3239} INFO - Sync 1 DAGs
[2026-04-08T13:14:08.620+0530] {logging_mixin.py:190} INFO - [2026-04-08T13:14:08.620+0530] {dag.py:4180} INFO - Setting next_dagrun for example_weekday_branch_operator to 2026-04-07 00:00:00+00:00, run_after=2026-04-08 00:00:00+00:00
[2026-04-08T13:14:08.628+0530] {processor.py:208} INFO - Processing /Users/navalyemul/Documents/uptime/airflow_venv/lib/python3.12/site-packages/airflow/example_dags/example_branch_day_of_week_operator.py took 0.065 seconds
[2026-04-08T13:16:57.243+0530] {processor.py:186} INFO - Started process (PID=36889) to work on /Users/navalyemul/Documents/uptime/airflow_venv/lib/python3.12/site-packages/airflow/example_dags/example_branch_day_of_week_operator.py
[2026-04-08T13:16:57.244+0530] {processor.py:914} INFO - Processing file /Users/navalyemul/Documents/uptime/airflow_venv/lib/python3.12/site-packages/airflow/example_dags/example_branch_day_of_week_operator.py for tasks to queue
[2026-04-08T13:16:57.245+0530] {logging_mixin.py:190} INFO - [2026-04-08T13:16:57.244+0530] {dagbag.py:588} INFO - Filling up the DagBag from /Users/navalyemul/Documents/uptime/airflow_venv/lib/python3.12/site-packages/airflow/example_dags/example_branch_day_of_week_operator.py
[2026-04-08T13:16:57.250+0530] {processor.py:925} INFO - DAG(s) 'example_weekday_branch_operator' retrieved from /Users/navalyemul/Documents/uptime/airflow_venv/lib/python3.12/site-packages/airflow/example_dags/example_branch_day_of_week_operator.py
[2026-04-08T13:16:57.291+0530] {logging_mixin.py:190} INFO - [2026-04-08T13:16:57.291+0530] {dag.py:3239} INFO - Sync 1 DAGs
[2026-04-08T13:16:57.299+0530] {logging_mixin.py:190} INFO - [2026-04-08T13:16:57.299+0530] {dag.py:4180} INFO - Setting next_dagrun for example_weekday_branch_operator to 2026-04-07 00:00:00+00:00, run_after=2026-04-08 00:00:00+00:00
[2026-04-08T13:16:57.307+0530] {processor.py:208} INFO - Processing /Users/navalyemul/Documents/uptime/airflow_venv/lib/python3.12/site-packages/airflow/example_dags/example_branch_day_of_week_operator.py took 0.065 seconds
[2026-04-08T13:20:31.841+0530] {processor.py:186} INFO - Started process (PID=38782) to work on /Users/navalyemul/Documents/uptime/airflow_venv/lib/python3.12/site-packages/airflow/example_dags/example_branch_day_of_week_operator.py
[2026-04-08T13:20:31.842+0530] {processor.py:914} INFO - Processing file /Users/navalyemul/Documents/uptime/airflow_venv/lib/python3.12/site-packages/airflow/example_dags/example_branch_day_of_week_operator.py for tasks to queue
[2026-04-08T13:20:31.842+0530] {logging_mixin.py:190} INFO - [2026-04-08T13:20:31.842+0530] {dagbag.py:588} INFO - Filling up the DagBag from /Users/navalyemul/Documents/uptime/airflow_venv/lib/python3.12/site-packages/airflow/example_dags/example_branch_day_of_week_operator.py
[2026-04-08T13:20:31.848+0530] {processor.py:925} INFO - DAG(s) 'example_weekday_branch_operator' retrieved from /Users/navalyemul/Documents/uptime/airflow_venv/lib/python3.12/site-packages/airflow/example_dags/example_branch_day_of_week_operator.py
[2026-04-08T13:20:31.889+0530] {logging_mixin.py:190} INFO - [2026-04-08T13:20:31.888+0530] {dag.py:3239} INFO - Sync 1 DAGs
[2026-04-08T13:20:31.897+0530] {logging_mixin.py:190} INFO - [2026-04-08T13:20:31.897+0530] {dag.py:4180} INFO - Setting next_dagrun for example_weekday_branch_operator to 2026-04-07 00:00:00+00:00, run_after=2026-04-08 00:00:00+00:00
[2026-04-08T13:20:31.906+0530] {processor.py:208} INFO - Processing /Users/navalyemul/Documents/uptime/airflow_venv/lib/python3.12/site-packages/airflow/example_dags/example_branch_day_of_week_operator.py took 0.066 seconds
[2026-04-08T13:34:37.734+0530] {processor.py:186} INFO - Started process (PID=40897) to work on /Users/navalyemul/Documents/uptime/airflow_venv/lib/python3.12/site-packages/airflow/example_dags/example_branch_day_of_week_operator.py
[2026-04-08T13:34:37.735+0530] {processor.py:914} INFO - Processing file /Users/navalyemul/Documents/uptime/airflow_venv/lib/python3.12/site-packages/airflow/example_dags/example_branch_day_of_week_operator.py for tasks to queue
[2026-04-08T13:34:37.735+0530] {logging_mixin.py:190} INFO - [2026-04-08T13:34:37.735+0530] {dagbag.py:588} INFO - Filling up the DagBag from /Users/navalyemul/Documents/uptime/airflow_venv/lib/python3.12/site-packages/airflow/example_dags/example_branch_day_of_week_operator.py
[2026-04-08T13:34:37.741+0530] {processor.py:925} INFO - DAG(s) 'example_weekday_branch_operator' retrieved from /Users/navalyemul/Documents/uptime/airflow_venv/lib/python3.12/site-packages/airflow/example_dags/example_branch_day_of_week_operator.py
[2026-04-08T13:34:37.782+0530] {logging_mixin.py:190} INFO - [2026-04-08T13:34:37.781+0530] {dag.py:3239} INFO - Sync 1 DAGs
[2026-04-08T13:34:37.789+0530] {logging_mixin.py:190} INFO - [2026-04-08T13:34:37.789+0530] {dag.py:4180} INFO - Setting next_dagrun for example_weekday_branch_operator to 2026-04-07 00:00:00+00:00, run_after=2026-04-08 00:00:00+00:00
[2026-04-08T13:34:37.797+0530] {processor.py:208} INFO - Processing /Users/navalyemul/Documents/uptime/airflow_venv/lib/python3.12/site-packages/airflow/example_dags/example_branch_day_of_week_operator.py took 0.064 seconds
[2026-04-08T13:53:48.543+0530] {processor.py:186} INFO - Started process (PID=43024) to work on /Users/navalyemul/Documents/uptime/airflow_venv/lib/python3.12/site-packages/airflow/example_dags/example_branch_day_of_week_operator.py
[2026-04-08T13:53:48.544+0530] {processor.py:914} INFO - Processing file /Users/navalyemul/Documents/uptime/airflow_venv/lib/python3.12/site-packages/airflow/example_dags/example_branch_day_of_week_operator.py for tasks to queue
[2026-04-08T13:53:48.545+0530] {logging_mixin.py:190} INFO - [2026-04-08T13:53:48.545+0530] {dagbag.py:588} INFO - Filling up the DagBag from /Users/navalyemul/Documents/uptime/airflow_venv/lib/python3.12/site-packages/airflow/example_dags/example_branch_day_of_week_operator.py
[2026-04-08T13:53:48.552+0530] {processor.py:925} INFO - DAG(s) 'example_weekday_branch_operator' retrieved from /Users/navalyemul/Documents/uptime/airflow_venv/lib/python3.12/site-packages/airflow/example_dags/example_branch_day_of_week_operator.py
[2026-04-08T13:53:48.601+0530] {logging_mixin.py:190} INFO - [2026-04-08T13:53:48.601+0530] {dag.py:3239} INFO - Sync 1 DAGs
[2026-04-08T13:53:48.611+0530] {logging_mixin.py:190} INFO - [2026-04-08T13:53:48.611+0530] {dag.py:4180} INFO - Setting next_dagrun for example_weekday_branch_operator to 2026-04-07 00:00:00+00:00, run_after=2026-04-08 00:00:00+00:00
[2026-04-08T13:53:48.621+0530] {processor.py:208} INFO - Processing /Users/navalyemul/Documents/uptime/airflow_venv/lib/python3.12/site-packages/airflow/example_dags/example_branch_day_of_week_operator.py took 0.079 seconds
[2026-04-08T13:57:17.548+0530] {processor.py:186} INFO - Started process (PID=45095) to work on /Users/navalyemul/Documents/uptime/airflow_venv/lib/python3.12/site-packages/airflow/example_dags/example_branch_day_of_week_operator.py
[2026-04-08T13:57:17.549+0530] {processor.py:914} INFO - Processing file /Users/navalyemul/Documents/uptime/airflow_venv/lib/python3.12/site-packages/airflow/example_dags/example_branch_day_of_week_operator.py for tasks to queue
[2026-04-08T13:57:17.550+0530] {logging_mixin.py:190} INFO - [2026-04-08T13:57:17.550+0530] {dagbag.py:588} INFO - Filling up the DagBag from /Users/navalyemul/Documents/uptime/airflow_venv/lib/python3.12/site-packages/airflow/example_dags/example_branch_day_of_week_operator.py
[2026-04-08T13:57:17.562+0530] {processor.py:925} INFO - DAG(s) 'example_weekday_branch_operator' retrieved from /Users/navalyemul/Documents/uptime/airflow_venv/lib/python3.12/site-packages/airflow/example_dags/example_branch_day_of_week_operator.py
[2026-04-08T13:57:17.624+0530] {logging_mixin.py:190} INFO - [2026-04-08T13:57:17.624+0530] {dag.py:3239} INFO - Sync 1 DAGs
[2026-04-08T13:57:17.634+0530] {logging_mixin.py:190} INFO - [2026-04-08T13:57:17.634+0530] {dag.py:4180} INFO - Setting next_dagrun for example_weekday_branch_operator to 2026-04-07 00:00:00+00:00, run_after=2026-04-08 00:00:00+00:00
[2026-04-08T13:57:17.644+0530] {processor.py:208} INFO - Processing /Users/navalyemul/Documents/uptime/airflow_venv/lib/python3.12/site-packages/airflow/example_dags/example_branch_day_of_week_operator.py took 0.099 seconds
