[2026-04-08T12:39:18.725+0530] {processor.py:186} INFO - Started process (PID=13233) to work on /Users/navalyemul/Documents/uptime/airflow_venv/lib/python3.12/site-packages/airflow/example_dags/example_xcomargs.py
[2026-04-08T12:39:18.727+0530] {processor.py:914} INFO - Processing file /Users/navalyemul/Documents/uptime/airflow_venv/lib/python3.12/site-packages/airflow/example_dags/example_xcomargs.py for tasks to queue
[2026-04-08T12:39:18.730+0530] {logging_mixin.py:190} INFO - [2026-04-08T12:39:18.729+0530] {dagbag.py:588} INFO - Filling up the DagBag from /Users/navalyemul/Documents/uptime/airflow_venv/lib/python3.12/site-packages/airflow/example_dags/example_xcomargs.py
[2026-04-08T12:39:18.820+0530] {processor.py:925} INFO - DAG(s) 'example_xcom_args', 'example_xcom_args_with_operators' retrieved from /Users/navalyemul/Documents/uptime/airflow_venv/lib/python3.12/site-packages/airflow/example_dags/example_xcomargs.py
[2026-04-08T12:39:19.082+0530] {logging_mixin.py:190} INFO - [2026-04-08T12:39:19.081+0530] {override.py:1912} INFO - Created Permission View: can edit on DAG:example_xcom_args
[2026-04-08T12:39:19.088+0530] {logging_mixin.py:190} INFO - [2026-04-08T12:39:19.088+0530] {override.py:1912} INFO - Created Permission View: can read on DAG:example_xcom_args
[2026-04-08T12:39:19.093+0530] {logging_mixin.py:190} INFO - [2026-04-08T12:39:19.093+0530] {override.py:1912} INFO - Created Permission View: can delete on DAG:example_xcom_args
[2026-04-08T12:39:19.100+0530] {logging_mixin.py:190} INFO - [2026-04-08T12:39:19.099+0530] {override.py:1912} INFO - Created Permission View: can create on DAG Run:example_xcom_args
[2026-04-08T12:39:19.104+0530] {logging_mixin.py:190} INFO - [2026-04-08T12:39:19.103+0530] {override.py:1912} INFO - Created Permission View: menu access on DAG Run:example_xcom_args
[2026-04-08T12:39:19.108+0530] {logging_mixin.py:190} INFO - [2026-04-08T12:39:19.108+0530] {override.py:1912} INFO - Created Permission View: can read on DAG Run:example_xcom_args
[2026-04-08T12:39:19.112+0530] {logging_mixin.py:190} INFO - [2026-04-08T12:39:19.112+0530] {override.py:1912} INFO - Created Permission View: can delete on DAG Run:example_xcom_args
[2026-04-08T12:39:19.125+0530] {logging_mixin.py:190} INFO - [2026-04-08T12:39:19.124+0530] {override.py:1912} INFO - Created Permission View: can edit on DAG:example_xcom_args_with_operators
[2026-04-08T12:39:19.132+0530] {logging_mixin.py:190} INFO - [2026-04-08T12:39:19.132+0530] {override.py:1912} INFO - Created Permission View: can read on DAG:example_xcom_args_with_operators
[2026-04-08T12:39:19.138+0530] {logging_mixin.py:190} INFO - [2026-04-08T12:39:19.137+0530] {override.py:1912} INFO - Created Permission View: can delete on DAG:example_xcom_args_with_operators
[2026-04-08T12:39:19.147+0530] {logging_mixin.py:190} INFO - [2026-04-08T12:39:19.146+0530] {override.py:1912} INFO - Created Permission View: can create on DAG Run:example_xcom_args_with_operators
[2026-04-08T12:39:19.154+0530] {logging_mixin.py:190} INFO - [2026-04-08T12:39:19.154+0530] {override.py:1912} INFO - Created Permission View: menu access on DAG Run:example_xcom_args_with_operators
[2026-04-08T12:39:19.163+0530] {logging_mixin.py:190} INFO - [2026-04-08T12:39:19.162+0530] {override.py:1912} INFO - Created Permission View: can read on DAG Run:example_xcom_args_with_operators
[2026-04-08T12:39:19.170+0530] {logging_mixin.py:190} INFO - [2026-04-08T12:39:19.170+0530] {override.py:1912} INFO - Created Permission View: can delete on DAG Run:example_xcom_args_with_operators
[2026-04-08T12:39:19.171+0530] {logging_mixin.py:190} INFO - [2026-04-08T12:39:19.171+0530] {dag.py:3239} INFO - Sync 2 DAGs
[2026-04-08T12:39:19.185+0530] {logging_mixin.py:190} INFO - [2026-04-08T12:39:19.184+0530] {dag.py:3262} INFO - Creating ORM DAG for example_xcom_args
[2026-04-08T12:39:19.186+0530] {logging_mixin.py:190} INFO - [2026-04-08T12:39:19.186+0530] {dag.py:3262} INFO - Creating ORM DAG for example_xcom_args_with_operators
[2026-04-08T12:39:19.186+0530] {logging_mixin.py:190} INFO - [2026-04-08T12:39:19.186+0530] {dag.py:4180} INFO - Setting next_dagrun for example_xcom_args to None, run_after=None
[2026-04-08T12:39:19.187+0530] {logging_mixin.py:190} INFO - [2026-04-08T12:39:19.187+0530] {dag.py:4180} INFO - Setting next_dagrun for example_xcom_args_with_operators to None, run_after=None
[2026-04-08T12:39:19.288+0530] {processor.py:208} INFO - Processing /Users/navalyemul/Documents/uptime/airflow_venv/lib/python3.12/site-packages/airflow/example_dags/example_xcomargs.py took 0.570 seconds
[2026-04-08T12:41:04.386+0530] {processor.py:186} INFO - Started process (PID=14001) to work on /Users/navalyemul/Documents/uptime/airflow_venv/lib/python3.12/site-packages/airflow/example_dags/example_xcomargs.py
[2026-04-08T12:41:04.387+0530] {processor.py:914} INFO - Processing file /Users/navalyemul/Documents/uptime/airflow_venv/lib/python3.12/site-packages/airflow/example_dags/example_xcomargs.py for tasks to queue
[2026-04-08T12:41:04.389+0530] {logging_mixin.py:190} INFO - [2026-04-08T12:41:04.389+0530] {dagbag.py:588} INFO - Filling up the DagBag from /Users/navalyemul/Documents/uptime/airflow_venv/lib/python3.12/site-packages/airflow/example_dags/example_xcomargs.py
[2026-04-08T12:41:04.432+0530] {processor.py:925} INFO - DAG(s) 'example_xcom_args_with_operators', 'example_xcom_args' retrieved from /Users/navalyemul/Documents/uptime/airflow_venv/lib/python3.12/site-packages/airflow/example_dags/example_xcomargs.py
[2026-04-08T12:41:04.488+0530] {logging_mixin.py:190} INFO - [2026-04-08T12:41:04.488+0530] {dag.py:3239} INFO - Sync 2 DAGs
[2026-04-08T12:41:04.495+0530] {logging_mixin.py:190} INFO - [2026-04-08T12:41:04.494+0530] {dag.py:4180} INFO - Setting next_dagrun for example_xcom_args to None, run_after=None
[2026-04-08T12:41:04.497+0530] {logging_mixin.py:190} INFO - [2026-04-08T12:41:04.497+0530] {dag.py:4180} INFO - Setting next_dagrun for example_xcom_args_with_operators to None, run_after=None
[2026-04-08T12:41:04.508+0530] {processor.py:208} INFO - Processing /Users/navalyemul/Documents/uptime/airflow_venv/lib/python3.12/site-packages/airflow/example_dags/example_xcomargs.py took 0.124 seconds
[2026-04-08T12:43:54.707+0530] {processor.py:186} INFO - Started process (PID=15606) to work on /Users/navalyemul/Documents/uptime/airflow_venv/lib/python3.12/site-packages/airflow/example_dags/example_xcomargs.py
[2026-04-08T12:43:54.708+0530] {processor.py:914} INFO - Processing file /Users/navalyemul/Documents/uptime/airflow_venv/lib/python3.12/site-packages/airflow/example_dags/example_xcomargs.py for tasks to queue
[2026-04-08T12:43:54.709+0530] {logging_mixin.py:190} INFO - [2026-04-08T12:43:54.709+0530] {dagbag.py:588} INFO - Filling up the DagBag from /Users/navalyemul/Documents/uptime/airflow_venv/lib/python3.12/site-packages/airflow/example_dags/example_xcomargs.py
[2026-04-08T12:43:54.733+0530] {processor.py:925} INFO - DAG(s) 'example_xcom_args_with_operators', 'example_xcom_args' retrieved from /Users/navalyemul/Documents/uptime/airflow_venv/lib/python3.12/site-packages/airflow/example_dags/example_xcomargs.py
[2026-04-08T12:43:54.776+0530] {logging_mixin.py:190} INFO - [2026-04-08T12:43:54.776+0530] {dag.py:3239} INFO - Sync 2 DAGs
[2026-04-08T12:43:54.781+0530] {logging_mixin.py:190} INFO - [2026-04-08T12:43:54.780+0530] {dag.py:4180} INFO - Setting next_dagrun for example_xcom_args to None, run_after=None
[2026-04-08T12:43:54.782+0530] {logging_mixin.py:190} INFO - [2026-04-08T12:43:54.782+0530] {dag.py:4180} INFO - Setting next_dagrun for example_xcom_args_with_operators to None, run_after=None
[2026-04-08T12:43:54.789+0530] {processor.py:208} INFO - Processing /Users/navalyemul/Documents/uptime/airflow_venv/lib/python3.12/site-packages/airflow/example_dags/example_xcomargs.py took 0.083 seconds
[2026-04-08T12:46:33.526+0530] {processor.py:186} INFO - Started process (PID=17189) to work on /Users/navalyemul/Documents/uptime/airflow_venv/lib/python3.12/site-packages/airflow/example_dags/example_xcomargs.py
[2026-04-08T12:46:33.527+0530] {processor.py:914} INFO - Processing file /Users/navalyemul/Documents/uptime/airflow_venv/lib/python3.12/site-packages/airflow/example_dags/example_xcomargs.py for tasks to queue
[2026-04-08T12:46:33.528+0530] {logging_mixin.py:190} INFO - [2026-04-08T12:46:33.528+0530] {dagbag.py:588} INFO - Filling up the DagBag from /Users/navalyemul/Documents/uptime/airflow_venv/lib/python3.12/site-packages/airflow/example_dags/example_xcomargs.py
[2026-04-08T12:46:33.552+0530] {processor.py:925} INFO - DAG(s) 'example_xcom_args_with_operators', 'example_xcom_args' retrieved from /Users/navalyemul/Documents/uptime/airflow_venv/lib/python3.12/site-packages/airflow/example_dags/example_xcomargs.py
[2026-04-08T12:46:33.594+0530] {logging_mixin.py:190} INFO - [2026-04-08T12:46:33.594+0530] {dag.py:3239} INFO - Sync 2 DAGs
[2026-04-08T12:46:33.599+0530] {logging_mixin.py:190} INFO - [2026-04-08T12:46:33.599+0530] {dag.py:4180} INFO - Setting next_dagrun for example_xcom_args to None, run_after=None
[2026-04-08T12:46:33.601+0530] {logging_mixin.py:190} INFO - [2026-04-08T12:46:33.601+0530] {dag.py:4180} INFO - Setting next_dagrun for example_xcom_args_with_operators to None, run_after=None
[2026-04-08T12:46:33.610+0530] {processor.py:208} INFO - Processing /Users/navalyemul/Documents/uptime/airflow_venv/lib/python3.12/site-packages/airflow/example_dags/example_xcomargs.py took 0.085 seconds
[2026-04-08T12:48:31.079+0530] {processor.py:186} INFO - Started process (PID=18518) to work on /Users/navalyemul/Documents/uptime/airflow_venv/lib/python3.12/site-packages/airflow/example_dags/example_xcomargs.py
[2026-04-08T12:48:31.080+0530] {processor.py:914} INFO - Processing file /Users/navalyemul/Documents/uptime/airflow_venv/lib/python3.12/site-packages/airflow/example_dags/example_xcomargs.py for tasks to queue
[2026-04-08T12:48:31.080+0530] {logging_mixin.py:190} INFO - [2026-04-08T12:48:31.080+0530] {dagbag.py:588} INFO - Filling up the DagBag from /Users/navalyemul/Documents/uptime/airflow_venv/lib/python3.12/site-packages/airflow/example_dags/example_xcomargs.py
[2026-04-08T12:48:31.101+0530] {processor.py:925} INFO - DAG(s) 'example_xcom_args_with_operators', 'example_xcom_args' retrieved from /Users/navalyemul/Documents/uptime/airflow_venv/lib/python3.12/site-packages/airflow/example_dags/example_xcomargs.py
[2026-04-08T12:48:31.141+0530] {logging_mixin.py:190} INFO - [2026-04-08T12:48:31.141+0530] {dag.py:3239} INFO - Sync 2 DAGs
[2026-04-08T12:48:31.146+0530] {logging_mixin.py:190} INFO - [2026-04-08T12:48:31.146+0530] {dag.py:4180} INFO - Setting next_dagrun for example_xcom_args to None, run_after=None
[2026-04-08T12:48:31.148+0530] {logging_mixin.py:190} INFO - [2026-04-08T12:48:31.148+0530] {dag.py:4180} INFO - Setting next_dagrun for example_xcom_args_with_operators to None, run_after=None
[2026-04-08T12:48:31.156+0530] {processor.py:208} INFO - Processing /Users/navalyemul/Documents/uptime/airflow_venv/lib/python3.12/site-packages/airflow/example_dags/example_xcomargs.py took 0.078 seconds
[2026-04-08T12:49:54.233+0530] {processor.py:186} INFO - Started process (PID=19478) to work on /Users/navalyemul/Documents/uptime/airflow_venv/lib/python3.12/site-packages/airflow/example_dags/example_xcomargs.py
[2026-04-08T12:49:54.234+0530] {processor.py:914} INFO - Processing file /Users/navalyemul/Documents/uptime/airflow_venv/lib/python3.12/site-packages/airflow/example_dags/example_xcomargs.py for tasks to queue
[2026-04-08T12:49:54.234+0530] {logging_mixin.py:190} INFO - [2026-04-08T12:49:54.234+0530] {dagbag.py:588} INFO - Filling up the DagBag from /Users/navalyemul/Documents/uptime/airflow_venv/lib/python3.12/site-packages/airflow/example_dags/example_xcomargs.py
[2026-04-08T12:49:54.254+0530] {processor.py:925} INFO - DAG(s) 'example_xcom_args_with_operators', 'example_xcom_args' retrieved from /Users/navalyemul/Documents/uptime/airflow_venv/lib/python3.12/site-packages/airflow/example_dags/example_xcomargs.py
[2026-04-08T12:49:54.296+0530] {logging_mixin.py:190} INFO - [2026-04-08T12:49:54.295+0530] {dag.py:3239} INFO - Sync 2 DAGs
[2026-04-08T12:49:54.300+0530] {logging_mixin.py:190} INFO - [2026-04-08T12:49:54.300+0530] {dag.py:4180} INFO - Setting next_dagrun for example_xcom_args to None, run_after=None
[2026-04-08T12:49:54.302+0530] {logging_mixin.py:190} INFO - [2026-04-08T12:49:54.302+0530] {dag.py:4180} INFO - Setting next_dagrun for example_xcom_args_with_operators to None, run_after=None
[2026-04-08T12:49:54.311+0530] {processor.py:208} INFO - Processing /Users/navalyemul/Documents/uptime/airflow_venv/lib/python3.12/site-packages/airflow/example_dags/example_xcomargs.py took 0.080 seconds
[2026-04-08T12:51:26.784+0530] {processor.py:186} INFO - Started process (PID=20442) to work on /Users/navalyemul/Documents/uptime/airflow_venv/lib/python3.12/site-packages/airflow/example_dags/example_xcomargs.py
[2026-04-08T12:51:26.785+0530] {processor.py:914} INFO - Processing file /Users/navalyemul/Documents/uptime/airflow_venv/lib/python3.12/site-packages/airflow/example_dags/example_xcomargs.py for tasks to queue
[2026-04-08T12:51:26.786+0530] {logging_mixin.py:190} INFO - [2026-04-08T12:51:26.786+0530] {dagbag.py:588} INFO - Filling up the DagBag from /Users/navalyemul/Documents/uptime/airflow_venv/lib/python3.12/site-packages/airflow/example_dags/example_xcomargs.py
[2026-04-08T12:51:26.821+0530] {processor.py:925} INFO - DAG(s) 'example_xcom_args_with_operators', 'example_xcom_args' retrieved from /Users/navalyemul/Documents/uptime/airflow_venv/lib/python3.12/site-packages/airflow/example_dags/example_xcomargs.py
[2026-04-08T12:51:26.869+0530] {logging_mixin.py:190} INFO - [2026-04-08T12:51:26.869+0530] {dag.py:3239} INFO - Sync 2 DAGs
[2026-04-08T12:51:26.876+0530] {logging_mixin.py:190} INFO - [2026-04-08T12:51:26.875+0530] {dag.py:4180} INFO - Setting next_dagrun for example_xcom_args to None, run_after=None
[2026-04-08T12:51:26.878+0530] {logging_mixin.py:190} INFO - [2026-04-08T12:51:26.878+0530] {dag.py:4180} INFO - Setting next_dagrun for example_xcom_args_with_operators to None, run_after=None
[2026-04-08T12:51:26.889+0530] {processor.py:208} INFO - Processing /Users/navalyemul/Documents/uptime/airflow_venv/lib/python3.12/site-packages/airflow/example_dags/example_xcomargs.py took 0.111 seconds
[2026-04-08T12:53:03.785+0530] {processor.py:186} INFO - Started process (PID=21393) to work on /Users/navalyemul/Documents/uptime/airflow_venv/lib/python3.12/site-packages/airflow/example_dags/example_xcomargs.py
[2026-04-08T12:53:03.786+0530] {processor.py:914} INFO - Processing file /Users/navalyemul/Documents/uptime/airflow_venv/lib/python3.12/site-packages/airflow/example_dags/example_xcomargs.py for tasks to queue
[2026-04-08T12:53:03.787+0530] {logging_mixin.py:190} INFO - [2026-04-08T12:53:03.787+0530] {dagbag.py:588} INFO - Filling up the DagBag from /Users/navalyemul/Documents/uptime/airflow_venv/lib/python3.12/site-packages/airflow/example_dags/example_xcomargs.py
[2026-04-08T12:53:03.820+0530] {processor.py:925} INFO - DAG(s) 'example_xcom_args_with_operators', 'example_xcom_args' retrieved from /Users/navalyemul/Documents/uptime/airflow_venv/lib/python3.12/site-packages/airflow/example_dags/example_xcomargs.py
[2026-04-08T12:53:03.874+0530] {logging_mixin.py:190} INFO - [2026-04-08T12:53:03.874+0530] {dag.py:3239} INFO - Sync 2 DAGs
[2026-04-08T12:53:03.880+0530] {logging_mixin.py:190} INFO - [2026-04-08T12:53:03.880+0530] {dag.py:4180} INFO - Setting next_dagrun for example_xcom_args to None, run_after=None
[2026-04-08T12:53:03.882+0530] {logging_mixin.py:190} INFO - [2026-04-08T12:53:03.882+0530] {dag.py:4180} INFO - Setting next_dagrun for example_xcom_args_with_operators to None, run_after=None
[2026-04-08T12:53:03.892+0530] {processor.py:208} INFO - Processing /Users/navalyemul/Documents/uptime/airflow_venv/lib/python3.12/site-packages/airflow/example_dags/example_xcomargs.py took 0.112 seconds
[2026-04-08T12:55:01.191+0530] {processor.py:186} INFO - Started process (PID=22279) to work on /Users/navalyemul/Documents/uptime/airflow_venv/lib/python3.12/site-packages/airflow/example_dags/example_xcomargs.py
[2026-04-08T12:55:01.192+0530] {processor.py:914} INFO - Processing file /Users/navalyemul/Documents/uptime/airflow_venv/lib/python3.12/site-packages/airflow/example_dags/example_xcomargs.py for tasks to queue
[2026-04-08T12:55:01.193+0530] {logging_mixin.py:190} INFO - [2026-04-08T12:55:01.193+0530] {dagbag.py:588} INFO - Filling up the DagBag from /Users/navalyemul/Documents/uptime/airflow_venv/lib/python3.12/site-packages/airflow/example_dags/example_xcomargs.py
[2026-04-08T12:55:01.222+0530] {processor.py:925} INFO - DAG(s) 'example_xcom_args', 'example_xcom_args_with_operators' retrieved from /Users/navalyemul/Documents/uptime/airflow_venv/lib/python3.12/site-packages/airflow/example_dags/example_xcomargs.py
[2026-04-08T12:55:01.266+0530] {logging_mixin.py:190} INFO - [2026-04-08T12:55:01.266+0530] {dag.py:3239} INFO - Sync 2 DAGs
[2026-04-08T12:55:01.272+0530] {logging_mixin.py:190} INFO - [2026-04-08T12:55:01.272+0530] {dag.py:4180} INFO - Setting next_dagrun for example_xcom_args to None, run_after=None
[2026-04-08T12:55:01.274+0530] {logging_mixin.py:190} INFO - [2026-04-08T12:55:01.274+0530] {dag.py:4180} INFO - Setting next_dagrun for example_xcom_args_with_operators to None, run_after=None
[2026-04-08T12:55:01.282+0530] {processor.py:208} INFO - Processing /Users/navalyemul/Documents/uptime/airflow_venv/lib/python3.12/site-packages/airflow/example_dags/example_xcomargs.py took 0.093 seconds
[2026-04-08T12:56:36.005+0530] {processor.py:186} INFO - Started process (PID=23236) to work on /Users/navalyemul/Documents/uptime/airflow_venv/lib/python3.12/site-packages/airflow/example_dags/example_xcomargs.py
[2026-04-08T12:56:36.005+0530] {processor.py:914} INFO - Processing file /Users/navalyemul/Documents/uptime/airflow_venv/lib/python3.12/site-packages/airflow/example_dags/example_xcomargs.py for tasks to queue
[2026-04-08T12:56:36.006+0530] {logging_mixin.py:190} INFO - [2026-04-08T12:56:36.006+0530] {dagbag.py:588} INFO - Filling up the DagBag from /Users/navalyemul/Documents/uptime/airflow_venv/lib/python3.12/site-packages/airflow/example_dags/example_xcomargs.py
[2026-04-08T12:56:36.030+0530] {processor.py:925} INFO - DAG(s) 'example_xcom_args_with_operators', 'example_xcom_args' retrieved from /Users/navalyemul/Documents/uptime/airflow_venv/lib/python3.12/site-packages/airflow/example_dags/example_xcomargs.py
[2026-04-08T12:56:36.070+0530] {logging_mixin.py:190} INFO - [2026-04-08T12:56:36.070+0530] {dag.py:3239} INFO - Sync 2 DAGs
[2026-04-08T12:56:36.075+0530] {logging_mixin.py:190} INFO - [2026-04-08T12:56:36.074+0530] {dag.py:4180} INFO - Setting next_dagrun for example_xcom_args to None, run_after=None
[2026-04-08T12:56:36.076+0530] {logging_mixin.py:190} INFO - [2026-04-08T12:56:36.076+0530] {dag.py:4180} INFO - Setting next_dagrun for example_xcom_args_with_operators to None, run_after=None
[2026-04-08T12:56:36.084+0530] {processor.py:208} INFO - Processing /Users/navalyemul/Documents/uptime/airflow_venv/lib/python3.12/site-packages/airflow/example_dags/example_xcomargs.py took 0.081 seconds
[2026-04-08T12:58:03.186+0530] {processor.py:186} INFO - Started process (PID=24173) to work on /Users/navalyemul/Documents/uptime/airflow_venv/lib/python3.12/site-packages/airflow/example_dags/example_xcomargs.py
[2026-04-08T12:58:03.186+0530] {processor.py:914} INFO - Processing file /Users/navalyemul/Documents/uptime/airflow_venv/lib/python3.12/site-packages/airflow/example_dags/example_xcomargs.py for tasks to queue
[2026-04-08T12:58:03.187+0530] {logging_mixin.py:190} INFO - [2026-04-08T12:58:03.187+0530] {dagbag.py:588} INFO - Filling up the DagBag from /Users/navalyemul/Documents/uptime/airflow_venv/lib/python3.12/site-packages/airflow/example_dags/example_xcomargs.py
[2026-04-08T12:58:03.208+0530] {processor.py:925} INFO - DAG(s) 'example_xcom_args', 'example_xcom_args_with_operators' retrieved from /Users/navalyemul/Documents/uptime/airflow_venv/lib/python3.12/site-packages/airflow/example_dags/example_xcomargs.py
[2026-04-08T12:58:03.249+0530] {logging_mixin.py:190} INFO - [2026-04-08T12:58:03.249+0530] {dag.py:3239} INFO - Sync 2 DAGs
[2026-04-08T12:58:03.254+0530] {logging_mixin.py:190} INFO - [2026-04-08T12:58:03.253+0530] {dag.py:4180} INFO - Setting next_dagrun for example_xcom_args to None, run_after=None
[2026-04-08T12:58:03.255+0530] {logging_mixin.py:190} INFO - [2026-04-08T12:58:03.255+0530] {dag.py:4180} INFO - Setting next_dagrun for example_xcom_args_with_operators to None, run_after=None
[2026-04-08T12:58:03.263+0530] {processor.py:208} INFO - Processing /Users/navalyemul/Documents/uptime/airflow_venv/lib/python3.12/site-packages/airflow/example_dags/example_xcomargs.py took 0.079 seconds
[2026-04-08T12:59:28.065+0530] {processor.py:186} INFO - Started process (PID=25062) to work on /Users/navalyemul/Documents/uptime/airflow_venv/lib/python3.12/site-packages/airflow/example_dags/example_xcomargs.py
[2026-04-08T12:59:28.066+0530] {processor.py:914} INFO - Processing file /Users/navalyemul/Documents/uptime/airflow_venv/lib/python3.12/site-packages/airflow/example_dags/example_xcomargs.py for tasks to queue
[2026-04-08T12:59:28.066+0530] {logging_mixin.py:190} INFO - [2026-04-08T12:59:28.066+0530] {dagbag.py:588} INFO - Filling up the DagBag from /Users/navalyemul/Documents/uptime/airflow_venv/lib/python3.12/site-packages/airflow/example_dags/example_xcomargs.py
[2026-04-08T12:59:28.087+0530] {processor.py:925} INFO - DAG(s) 'example_xcom_args', 'example_xcom_args_with_operators' retrieved from /Users/navalyemul/Documents/uptime/airflow_venv/lib/python3.12/site-packages/airflow/example_dags/example_xcomargs.py
[2026-04-08T12:59:28.127+0530] {logging_mixin.py:190} INFO - [2026-04-08T12:59:28.127+0530] {dag.py:3239} INFO - Sync 2 DAGs
[2026-04-08T12:59:28.131+0530] {logging_mixin.py:190} INFO - [2026-04-08T12:59:28.131+0530] {dag.py:4180} INFO - Setting next_dagrun for example_xcom_args to None, run_after=None
[2026-04-08T12:59:28.133+0530] {logging_mixin.py:190} INFO - [2026-04-08T12:59:28.133+0530] {dag.py:4180} INFO - Setting next_dagrun for example_xcom_args_with_operators to None, run_after=None
[2026-04-08T12:59:28.140+0530] {processor.py:208} INFO - Processing /Users/navalyemul/Documents/uptime/airflow_venv/lib/python3.12/site-packages/airflow/example_dags/example_xcomargs.py took 0.077 seconds
[2026-04-08T13:00:50.156+0530] {processor.py:186} INFO - Started process (PID=26010) to work on /Users/navalyemul/Documents/uptime/airflow_venv/lib/python3.12/site-packages/airflow/example_dags/example_xcomargs.py
[2026-04-08T13:00:50.156+0530] {processor.py:914} INFO - Processing file /Users/navalyemul/Documents/uptime/airflow_venv/lib/python3.12/site-packages/airflow/example_dags/example_xcomargs.py for tasks to queue
[2026-04-08T13:00:50.157+0530] {logging_mixin.py:190} INFO - [2026-04-08T13:00:50.157+0530] {dagbag.py:588} INFO - Filling up the DagBag from /Users/navalyemul/Documents/uptime/airflow_venv/lib/python3.12/site-packages/airflow/example_dags/example_xcomargs.py
[2026-04-08T13:00:50.178+0530] {processor.py:925} INFO - DAG(s) 'example_xcom_args_with_operators', 'example_xcom_args' retrieved from /Users/navalyemul/Documents/uptime/airflow_venv/lib/python3.12/site-packages/airflow/example_dags/example_xcomargs.py
[2026-04-08T13:00:50.219+0530] {logging_mixin.py:190} INFO - [2026-04-08T13:00:50.219+0530] {dag.py:3239} INFO - Sync 2 DAGs
[2026-04-08T13:00:50.223+0530] {logging_mixin.py:190} INFO - [2026-04-08T13:00:50.223+0530] {dag.py:4180} INFO - Setting next_dagrun for example_xcom_args to None, run_after=None
[2026-04-08T13:00:50.225+0530] {logging_mixin.py:190} INFO - [2026-04-08T13:00:50.225+0530] {dag.py:4180} INFO - Setting next_dagrun for example_xcom_args_with_operators to None, run_after=None
[2026-04-08T13:00:50.232+0530] {processor.py:208} INFO - Processing /Users/navalyemul/Documents/uptime/airflow_venv/lib/python3.12/site-packages/airflow/example_dags/example_xcomargs.py took 0.078 seconds
[2026-04-08T13:02:09.978+0530] {processor.py:186} INFO - Started process (PID=26922) to work on /Users/navalyemul/Documents/uptime/airflow_venv/lib/python3.12/site-packages/airflow/example_dags/example_xcomargs.py
[2026-04-08T13:02:09.979+0530] {processor.py:914} INFO - Processing file /Users/navalyemul/Documents/uptime/airflow_venv/lib/python3.12/site-packages/airflow/example_dags/example_xcomargs.py for tasks to queue
[2026-04-08T13:02:09.980+0530] {logging_mixin.py:190} INFO - [2026-04-08T13:02:09.979+0530] {dagbag.py:588} INFO - Filling up the DagBag from /Users/navalyemul/Documents/uptime/airflow_venv/lib/python3.12/site-packages/airflow/example_dags/example_xcomargs.py
[2026-04-08T13:02:10.001+0530] {processor.py:925} INFO - DAG(s) 'example_xcom_args', 'example_xcom_args_with_operators' retrieved from /Users/navalyemul/Documents/uptime/airflow_venv/lib/python3.12/site-packages/airflow/example_dags/example_xcomargs.py
[2026-04-08T13:02:10.042+0530] {logging_mixin.py:190} INFO - [2026-04-08T13:02:10.041+0530] {dag.py:3239} INFO - Sync 2 DAGs
[2026-04-08T13:02:10.046+0530] {logging_mixin.py:190} INFO - [2026-04-08T13:02:10.046+0530] {dag.py:4180} INFO - Setting next_dagrun for example_xcom_args to None, run_after=None
[2026-04-08T13:02:10.048+0530] {logging_mixin.py:190} INFO - [2026-04-08T13:02:10.048+0530] {dag.py:4180} INFO - Setting next_dagrun for example_xcom_args_with_operators to None, run_after=None
[2026-04-08T13:02:10.056+0530] {processor.py:208} INFO - Processing /Users/navalyemul/Documents/uptime/airflow_venv/lib/python3.12/site-packages/airflow/example_dags/example_xcomargs.py took 0.079 seconds
[2026-04-08T13:03:30.942+0530] {processor.py:186} INFO - Started process (PID=27864) to work on /Users/navalyemul/Documents/uptime/airflow_venv/lib/python3.12/site-packages/airflow/example_dags/example_xcomargs.py
[2026-04-08T13:03:30.943+0530] {processor.py:914} INFO - Processing file /Users/navalyemul/Documents/uptime/airflow_venv/lib/python3.12/site-packages/airflow/example_dags/example_xcomargs.py for tasks to queue
[2026-04-08T13:03:30.944+0530] {logging_mixin.py:190} INFO - [2026-04-08T13:03:30.944+0530] {dagbag.py:588} INFO - Filling up the DagBag from /Users/navalyemul/Documents/uptime/airflow_venv/lib/python3.12/site-packages/airflow/example_dags/example_xcomargs.py
[2026-04-08T13:03:30.973+0530] {processor.py:925} INFO - DAG(s) 'example_xcom_args', 'example_xcom_args_with_operators' retrieved from /Users/navalyemul/Documents/uptime/airflow_venv/lib/python3.12/site-packages/airflow/example_dags/example_xcomargs.py
[2026-04-08T13:03:31.020+0530] {logging_mixin.py:190} INFO - [2026-04-08T13:03:31.020+0530] {dag.py:3239} INFO - Sync 2 DAGs
[2026-04-08T13:03:31.025+0530] {logging_mixin.py:190} INFO - [2026-04-08T13:03:31.025+0530] {dag.py:4180} INFO - Setting next_dagrun for example_xcom_args to None, run_after=None
[2026-04-08T13:03:31.027+0530] {logging_mixin.py:190} INFO - [2026-04-08T13:03:31.027+0530] {dag.py:4180} INFO - Setting next_dagrun for example_xcom_args_with_operators to None, run_after=None
[2026-04-08T13:03:31.035+0530] {processor.py:208} INFO - Processing /Users/navalyemul/Documents/uptime/airflow_venv/lib/python3.12/site-packages/airflow/example_dags/example_xcomargs.py took 0.095 seconds
[2026-04-08T13:04:57.946+0530] {processor.py:186} INFO - Started process (PID=28887) to work on /Users/navalyemul/Documents/uptime/airflow_venv/lib/python3.12/site-packages/airflow/example_dags/example_xcomargs.py
[2026-04-08T13:04:57.947+0530] {processor.py:914} INFO - Processing file /Users/navalyemul/Documents/uptime/airflow_venv/lib/python3.12/site-packages/airflow/example_dags/example_xcomargs.py for tasks to queue
[2026-04-08T13:04:57.947+0530] {logging_mixin.py:190} INFO - [2026-04-08T13:04:57.947+0530] {dagbag.py:588} INFO - Filling up the DagBag from /Users/navalyemul/Documents/uptime/airflow_venv/lib/python3.12/site-packages/airflow/example_dags/example_xcomargs.py
[2026-04-08T13:04:57.969+0530] {processor.py:925} INFO - DAG(s) 'example_xcom_args', 'example_xcom_args_with_operators' retrieved from /Users/navalyemul/Documents/uptime/airflow_venv/lib/python3.12/site-packages/airflow/example_dags/example_xcomargs.py
[2026-04-08T13:04:58.010+0530] {logging_mixin.py:190} INFO - [2026-04-08T13:04:58.010+0530] {dag.py:3239} INFO - Sync 2 DAGs
[2026-04-08T13:04:58.016+0530] {logging_mixin.py:190} INFO - [2026-04-08T13:04:58.015+0530] {dag.py:4180} INFO - Setting next_dagrun for example_xcom_args to None, run_after=None
[2026-04-08T13:04:58.017+0530] {logging_mixin.py:190} INFO - [2026-04-08T13:04:58.017+0530] {dag.py:4180} INFO - Setting next_dagrun for example_xcom_args_with_operators to None, run_after=None
[2026-04-08T13:04:58.025+0530] {processor.py:208} INFO - Processing /Users/navalyemul/Documents/uptime/airflow_venv/lib/python3.12/site-packages/airflow/example_dags/example_xcomargs.py took 0.081 seconds
[2026-04-08T13:06:22.388+0530] {processor.py:186} INFO - Started process (PID=29804) to work on /Users/navalyemul/Documents/uptime/airflow_venv/lib/python3.12/site-packages/airflow/example_dags/example_xcomargs.py
[2026-04-08T13:06:22.389+0530] {processor.py:914} INFO - Processing file /Users/navalyemul/Documents/uptime/airflow_venv/lib/python3.12/site-packages/airflow/example_dags/example_xcomargs.py for tasks to queue
[2026-04-08T13:06:22.389+0530] {logging_mixin.py:190} INFO - [2026-04-08T13:06:22.389+0530] {dagbag.py:588} INFO - Filling up the DagBag from /Users/navalyemul/Documents/uptime/airflow_venv/lib/python3.12/site-packages/airflow/example_dags/example_xcomargs.py
[2026-04-08T13:06:22.418+0530] {processor.py:925} INFO - DAG(s) 'example_xcom_args', 'example_xcom_args_with_operators' retrieved from /Users/navalyemul/Documents/uptime/airflow_venv/lib/python3.12/site-packages/airflow/example_dags/example_xcomargs.py
[2026-04-08T13:06:22.461+0530] {logging_mixin.py:190} INFO - [2026-04-08T13:06:22.460+0530] {dag.py:3239} INFO - Sync 2 DAGs
[2026-04-08T13:06:22.466+0530] {logging_mixin.py:190} INFO - [2026-04-08T13:06:22.466+0530] {dag.py:4180} INFO - Setting next_dagrun for example_xcom_args to None, run_after=None
[2026-04-08T13:06:22.468+0530] {logging_mixin.py:190} INFO - [2026-04-08T13:06:22.468+0530] {dag.py:4180} INFO - Setting next_dagrun for example_xcom_args_with_operators to None, run_after=None
[2026-04-08T13:06:22.476+0530] {processor.py:208} INFO - Processing /Users/navalyemul/Documents/uptime/airflow_venv/lib/python3.12/site-packages/airflow/example_dags/example_xcomargs.py took 0.090 seconds
[2026-04-08T13:07:44.582+0530] {processor.py:186} INFO - Started process (PID=30707) to work on /Users/navalyemul/Documents/uptime/airflow_venv/lib/python3.12/site-packages/airflow/example_dags/example_xcomargs.py
[2026-04-08T13:07:44.583+0530] {processor.py:914} INFO - Processing file /Users/navalyemul/Documents/uptime/airflow_venv/lib/python3.12/site-packages/airflow/example_dags/example_xcomargs.py for tasks to queue
[2026-04-08T13:07:44.584+0530] {logging_mixin.py:190} INFO - [2026-04-08T13:07:44.584+0530] {dagbag.py:588} INFO - Filling up the DagBag from /Users/navalyemul/Documents/uptime/airflow_venv/lib/python3.12/site-packages/airflow/example_dags/example_xcomargs.py
[2026-04-08T13:07:44.606+0530] {processor.py:925} INFO - DAG(s) 'example_xcom_args', 'example_xcom_args_with_operators' retrieved from /Users/navalyemul/Documents/uptime/airflow_venv/lib/python3.12/site-packages/airflow/example_dags/example_xcomargs.py
[2026-04-08T13:07:44.647+0530] {logging_mixin.py:190} INFO - [2026-04-08T13:07:44.647+0530] {dag.py:3239} INFO - Sync 2 DAGs
[2026-04-08T13:07:44.652+0530] {logging_mixin.py:190} INFO - [2026-04-08T13:07:44.652+0530] {dag.py:4180} INFO - Setting next_dagrun for example_xcom_args to None, run_after=None
[2026-04-08T13:07:44.654+0530] {logging_mixin.py:190} INFO - [2026-04-08T13:07:44.654+0530] {dag.py:4180} INFO - Setting next_dagrun for example_xcom_args_with_operators to None, run_after=None
[2026-04-08T13:07:44.664+0530] {processor.py:208} INFO - Processing /Users/navalyemul/Documents/uptime/airflow_venv/lib/python3.12/site-packages/airflow/example_dags/example_xcomargs.py took 0.083 seconds
[2026-04-08T13:09:06.992+0530] {processor.py:186} INFO - Started process (PID=31597) to work on /Users/navalyemul/Documents/uptime/airflow_venv/lib/python3.12/site-packages/airflow/example_dags/example_xcomargs.py
[2026-04-08T13:09:06.993+0530] {processor.py:914} INFO - Processing file /Users/navalyemul/Documents/uptime/airflow_venv/lib/python3.12/site-packages/airflow/example_dags/example_xcomargs.py for tasks to queue
[2026-04-08T13:09:06.993+0530] {logging_mixin.py:190} INFO - [2026-04-08T13:09:06.993+0530] {dagbag.py:588} INFO - Filling up the DagBag from /Users/navalyemul/Documents/uptime/airflow_venv/lib/python3.12/site-packages/airflow/example_dags/example_xcomargs.py
[2026-04-08T13:09:07.014+0530] {processor.py:925} INFO - DAG(s) 'example_xcom_args', 'example_xcom_args_with_operators' retrieved from /Users/navalyemul/Documents/uptime/airflow_venv/lib/python3.12/site-packages/airflow/example_dags/example_xcomargs.py
[2026-04-08T13:09:07.055+0530] {logging_mixin.py:190} INFO - [2026-04-08T13:09:07.055+0530] {dag.py:3239} INFO - Sync 2 DAGs
[2026-04-08T13:09:07.060+0530] {logging_mixin.py:190} INFO - [2026-04-08T13:09:07.060+0530] {dag.py:4180} INFO - Setting next_dagrun for example_xcom_args to None, run_after=None
[2026-04-08T13:09:07.062+0530] {logging_mixin.py:190} INFO - [2026-04-08T13:09:07.062+0530] {dag.py:4180} INFO - Setting next_dagrun for example_xcom_args_with_operators to None, run_after=None
[2026-04-08T13:09:07.069+0530] {processor.py:208} INFO - Processing /Users/navalyemul/Documents/uptime/airflow_venv/lib/python3.12/site-packages/airflow/example_dags/example_xcomargs.py took 0.079 seconds
[2026-04-08T13:10:29.114+0530] {processor.py:186} INFO - Started process (PID=32540) to work on /Users/navalyemul/Documents/uptime/airflow_venv/lib/python3.12/site-packages/airflow/example_dags/example_xcomargs.py
[2026-04-08T13:10:29.115+0530] {processor.py:914} INFO - Processing file /Users/navalyemul/Documents/uptime/airflow_venv/lib/python3.12/site-packages/airflow/example_dags/example_xcomargs.py for tasks to queue
[2026-04-08T13:10:29.115+0530] {logging_mixin.py:190} INFO - [2026-04-08T13:10:29.115+0530] {dagbag.py:588} INFO - Filling up the DagBag from /Users/navalyemul/Documents/uptime/airflow_venv/lib/python3.12/site-packages/airflow/example_dags/example_xcomargs.py
[2026-04-08T13:10:29.137+0530] {processor.py:925} INFO - DAG(s) 'example_xcom_args', 'example_xcom_args_with_operators' retrieved from /Users/navalyemul/Documents/uptime/airflow_venv/lib/python3.12/site-packages/airflow/example_dags/example_xcomargs.py
[2026-04-08T13:10:29.180+0530] {logging_mixin.py:190} INFO - [2026-04-08T13:10:29.179+0530] {dag.py:3239} INFO - Sync 2 DAGs
[2026-04-08T13:10:29.184+0530] {logging_mixin.py:190} INFO - [2026-04-08T13:10:29.184+0530] {dag.py:4180} INFO - Setting next_dagrun for example_xcom_args to None, run_after=None
[2026-04-08T13:10:29.186+0530] {logging_mixin.py:190} INFO - [2026-04-08T13:10:29.186+0530] {dag.py:4180} INFO - Setting next_dagrun for example_xcom_args_with_operators to None, run_after=None
[2026-04-08T13:10:29.194+0530] {processor.py:208} INFO - Processing /Users/navalyemul/Documents/uptime/airflow_venv/lib/python3.12/site-packages/airflow/example_dags/example_xcomargs.py took 0.082 seconds
[2026-04-08T13:11:53.009+0530] {processor.py:186} INFO - Started process (PID=33473) to work on /Users/navalyemul/Documents/uptime/airflow_venv/lib/python3.12/site-packages/airflow/example_dags/example_xcomargs.py
[2026-04-08T13:11:53.010+0530] {processor.py:914} INFO - Processing file /Users/navalyemul/Documents/uptime/airflow_venv/lib/python3.12/site-packages/airflow/example_dags/example_xcomargs.py for tasks to queue
[2026-04-08T13:11:53.010+0530] {logging_mixin.py:190} INFO - [2026-04-08T13:11:53.010+0530] {dagbag.py:588} INFO - Filling up the DagBag from /Users/navalyemul/Documents/uptime/airflow_venv/lib/python3.12/site-packages/airflow/example_dags/example_xcomargs.py
[2026-04-08T13:11:53.032+0530] {processor.py:925} INFO - DAG(s) 'example_xcom_args', 'example_xcom_args_with_operators' retrieved from /Users/navalyemul/Documents/uptime/airflow_venv/lib/python3.12/site-packages/airflow/example_dags/example_xcomargs.py
[2026-04-08T13:11:53.077+0530] {logging_mixin.py:190} INFO - [2026-04-08T13:11:53.076+0530] {dag.py:3239} INFO - Sync 2 DAGs
[2026-04-08T13:11:53.082+0530] {logging_mixin.py:190} INFO - [2026-04-08T13:11:53.081+0530] {dag.py:4180} INFO - Setting next_dagrun for example_xcom_args to None, run_after=None
[2026-04-08T13:11:53.083+0530] {logging_mixin.py:190} INFO - [2026-04-08T13:11:53.083+0530] {dag.py:4180} INFO - Setting next_dagrun for example_xcom_args_with_operators to None, run_after=None
[2026-04-08T13:11:53.093+0530] {processor.py:208} INFO - Processing /Users/navalyemul/Documents/uptime/airflow_venv/lib/python3.12/site-packages/airflow/example_dags/example_xcomargs.py took 0.085 seconds
[2026-04-08T13:13:16.606+0530] {processor.py:186} INFO - Started process (PID=34400) to work on /Users/navalyemul/Documents/uptime/airflow_venv/lib/python3.12/site-packages/airflow/example_dags/example_xcomargs.py
[2026-04-08T13:13:16.607+0530] {processor.py:914} INFO - Processing file /Users/navalyemul/Documents/uptime/airflow_venv/lib/python3.12/site-packages/airflow/example_dags/example_xcomargs.py for tasks to queue
[2026-04-08T13:13:16.607+0530] {logging_mixin.py:190} INFO - [2026-04-08T13:13:16.607+0530] {dagbag.py:588} INFO - Filling up the DagBag from /Users/navalyemul/Documents/uptime/airflow_venv/lib/python3.12/site-packages/airflow/example_dags/example_xcomargs.py
[2026-04-08T13:13:16.629+0530] {processor.py:925} INFO - DAG(s) 'example_xcom_args', 'example_xcom_args_with_operators' retrieved from /Users/navalyemul/Documents/uptime/airflow_venv/lib/python3.12/site-packages/airflow/example_dags/example_xcomargs.py
[2026-04-08T13:13:16.672+0530] {logging_mixin.py:190} INFO - [2026-04-08T13:13:16.672+0530] {dag.py:3239} INFO - Sync 2 DAGs
[2026-04-08T13:13:16.676+0530] {logging_mixin.py:190} INFO - [2026-04-08T13:13:16.676+0530] {dag.py:4180} INFO - Setting next_dagrun for example_xcom_args to None, run_after=None
[2026-04-08T13:13:16.678+0530] {logging_mixin.py:190} INFO - [2026-04-08T13:13:16.678+0530] {dag.py:4180} INFO - Setting next_dagrun for example_xcom_args_with_operators to None, run_after=None
[2026-04-08T13:13:16.687+0530] {processor.py:208} INFO - Processing /Users/navalyemul/Documents/uptime/airflow_venv/lib/python3.12/site-packages/airflow/example_dags/example_xcomargs.py took 0.082 seconds
[2026-04-08T13:14:38.776+0530] {processor.py:186} INFO - Started process (PID=35337) to work on /Users/navalyemul/Documents/uptime/airflow_venv/lib/python3.12/site-packages/airflow/example_dags/example_xcomargs.py
[2026-04-08T13:14:38.777+0530] {processor.py:914} INFO - Processing file /Users/navalyemul/Documents/uptime/airflow_venv/lib/python3.12/site-packages/airflow/example_dags/example_xcomargs.py for tasks to queue
[2026-04-08T13:14:38.778+0530] {logging_mixin.py:190} INFO - [2026-04-08T13:14:38.778+0530] {dagbag.py:588} INFO - Filling up the DagBag from /Users/navalyemul/Documents/uptime/airflow_venv/lib/python3.12/site-packages/airflow/example_dags/example_xcomargs.py
[2026-04-08T13:14:38.801+0530] {processor.py:925} INFO - DAG(s) 'example_xcom_args_with_operators', 'example_xcom_args' retrieved from /Users/navalyemul/Documents/uptime/airflow_venv/lib/python3.12/site-packages/airflow/example_dags/example_xcomargs.py
[2026-04-08T13:14:38.842+0530] {logging_mixin.py:190} INFO - [2026-04-08T13:14:38.842+0530] {dag.py:3239} INFO - Sync 2 DAGs
[2026-04-08T13:14:38.847+0530] {logging_mixin.py:190} INFO - [2026-04-08T13:14:38.846+0530] {dag.py:4180} INFO - Setting next_dagrun for example_xcom_args to None, run_after=None
[2026-04-08T13:14:38.849+0530] {logging_mixin.py:190} INFO - [2026-04-08T13:14:38.849+0530] {dag.py:4180} INFO - Setting next_dagrun for example_xcom_args_with_operators to None, run_after=None
[2026-04-08T13:14:38.858+0530] {processor.py:208} INFO - Processing /Users/navalyemul/Documents/uptime/airflow_venv/lib/python3.12/site-packages/airflow/example_dags/example_xcomargs.py took 0.084 seconds
[2026-04-08T13:16:03.209+0530] {processor.py:186} INFO - Started process (PID=36291) to work on /Users/navalyemul/Documents/uptime/airflow_venv/lib/python3.12/site-packages/airflow/example_dags/example_xcomargs.py
[2026-04-08T13:16:03.213+0530] {processor.py:914} INFO - Processing file /Users/navalyemul/Documents/uptime/airflow_venv/lib/python3.12/site-packages/airflow/example_dags/example_xcomargs.py for tasks to queue
[2026-04-08T13:16:03.213+0530] {logging_mixin.py:190} INFO - [2026-04-08T13:16:03.213+0530] {dagbag.py:588} INFO - Filling up the DagBag from /Users/navalyemul/Documents/uptime/airflow_venv/lib/python3.12/site-packages/airflow/example_dags/example_xcomargs.py
[2026-04-08T13:16:03.239+0530] {processor.py:925} INFO - DAG(s) 'example_xcom_args', 'example_xcom_args_with_operators' retrieved from /Users/navalyemul/Documents/uptime/airflow_venv/lib/python3.12/site-packages/airflow/example_dags/example_xcomargs.py
[2026-04-08T13:16:03.279+0530] {logging_mixin.py:190} INFO - [2026-04-08T13:16:03.279+0530] {dag.py:3239} INFO - Sync 2 DAGs
[2026-04-08T13:16:03.284+0530] {logging_mixin.py:190} INFO - [2026-04-08T13:16:03.284+0530] {dag.py:4180} INFO - Setting next_dagrun for example_xcom_args to None, run_after=None
[2026-04-08T13:16:03.285+0530] {logging_mixin.py:190} INFO - [2026-04-08T13:16:03.285+0530] {dag.py:4180} INFO - Setting next_dagrun for example_xcom_args_with_operators to None, run_after=None
[2026-04-08T13:16:03.293+0530] {processor.py:208} INFO - Processing /Users/navalyemul/Documents/uptime/airflow_venv/lib/python3.12/site-packages/airflow/example_dags/example_xcomargs.py took 0.086 seconds
[2026-04-08T13:17:27.008+0530] {processor.py:186} INFO - Started process (PID=37228) to work on /Users/navalyemul/Documents/uptime/airflow_venv/lib/python3.12/site-packages/airflow/example_dags/example_xcomargs.py
[2026-04-08T13:17:27.010+0530] {processor.py:914} INFO - Processing file /Users/navalyemul/Documents/uptime/airflow_venv/lib/python3.12/site-packages/airflow/example_dags/example_xcomargs.py for tasks to queue
[2026-04-08T13:17:27.011+0530] {logging_mixin.py:190} INFO - [2026-04-08T13:17:27.011+0530] {dagbag.py:588} INFO - Filling up the DagBag from /Users/navalyemul/Documents/uptime/airflow_venv/lib/python3.12/site-packages/airflow/example_dags/example_xcomargs.py
[2026-04-08T13:17:27.034+0530] {processor.py:925} INFO - DAG(s) 'example_xcom_args_with_operators', 'example_xcom_args' retrieved from /Users/navalyemul/Documents/uptime/airflow_venv/lib/python3.12/site-packages/airflow/example_dags/example_xcomargs.py
[2026-04-08T13:17:27.075+0530] {logging_mixin.py:190} INFO - [2026-04-08T13:17:27.075+0530] {dag.py:3239} INFO - Sync 2 DAGs
[2026-04-08T13:17:27.079+0530] {logging_mixin.py:190} INFO - [2026-04-08T13:17:27.079+0530] {dag.py:4180} INFO - Setting next_dagrun for example_xcom_args to None, run_after=None
[2026-04-08T13:17:27.081+0530] {logging_mixin.py:190} INFO - [2026-04-08T13:17:27.081+0530] {dag.py:4180} INFO - Setting next_dagrun for example_xcom_args_with_operators to None, run_after=None
[2026-04-08T13:17:27.088+0530] {processor.py:208} INFO - Processing /Users/navalyemul/Documents/uptime/airflow_venv/lib/python3.12/site-packages/airflow/example_dags/example_xcomargs.py took 0.082 seconds
[2026-04-08T13:18:54.209+0530] {processor.py:186} INFO - Started process (PID=38183) to work on /Users/navalyemul/Documents/uptime/airflow_venv/lib/python3.12/site-packages/airflow/example_dags/example_xcomargs.py
[2026-04-08T13:18:54.210+0530] {processor.py:914} INFO - Processing file /Users/navalyemul/Documents/uptime/airflow_venv/lib/python3.12/site-packages/airflow/example_dags/example_xcomargs.py for tasks to queue
[2026-04-08T13:18:54.211+0530] {logging_mixin.py:190} INFO - [2026-04-08T13:18:54.211+0530] {dagbag.py:588} INFO - Filling up the DagBag from /Users/navalyemul/Documents/uptime/airflow_venv/lib/python3.12/site-packages/airflow/example_dags/example_xcomargs.py
[2026-04-08T13:18:54.238+0530] {processor.py:925} INFO - DAG(s) 'example_xcom_args', 'example_xcom_args_with_operators' retrieved from /Users/navalyemul/Documents/uptime/airflow_venv/lib/python3.12/site-packages/airflow/example_dags/example_xcomargs.py
[2026-04-08T13:18:54.284+0530] {logging_mixin.py:190} INFO - [2026-04-08T13:18:54.284+0530] {dag.py:3239} INFO - Sync 2 DAGs
[2026-04-08T13:18:54.290+0530] {logging_mixin.py:190} INFO - [2026-04-08T13:18:54.290+0530] {dag.py:4180} INFO - Setting next_dagrun for example_xcom_args to None, run_after=None
[2026-04-08T13:18:54.292+0530] {logging_mixin.py:190} INFO - [2026-04-08T13:18:54.292+0530] {dag.py:4180} INFO - Setting next_dagrun for example_xcom_args_with_operators to None, run_after=None
[2026-04-08T13:18:54.302+0530] {processor.py:208} INFO - Processing /Users/navalyemul/Documents/uptime/airflow_venv/lib/python3.12/site-packages/airflow/example_dags/example_xcomargs.py took 0.095 seconds
[2026-04-08T13:21:01.139+0530] {processor.py:186} INFO - Started process (PID=39118) to work on /Users/navalyemul/Documents/uptime/airflow_venv/lib/python3.12/site-packages/airflow/example_dags/example_xcomargs.py
[2026-04-08T13:21:01.140+0530] {processor.py:914} INFO - Processing file /Users/navalyemul/Documents/uptime/airflow_venv/lib/python3.12/site-packages/airflow/example_dags/example_xcomargs.py for tasks to queue
[2026-04-08T13:21:01.140+0530] {logging_mixin.py:190} INFO - [2026-04-08T13:21:01.140+0530] {dagbag.py:588} INFO - Filling up the DagBag from /Users/navalyemul/Documents/uptime/airflow_venv/lib/python3.12/site-packages/airflow/example_dags/example_xcomargs.py
[2026-04-08T13:21:01.161+0530] {processor.py:925} INFO - DAG(s) 'example_xcom_args_with_operators', 'example_xcom_args' retrieved from /Users/navalyemul/Documents/uptime/airflow_venv/lib/python3.12/site-packages/airflow/example_dags/example_xcomargs.py
[2026-04-08T13:21:01.201+0530] {logging_mixin.py:190} INFO - [2026-04-08T13:21:01.201+0530] {dag.py:3239} INFO - Sync 2 DAGs
[2026-04-08T13:21:01.206+0530] {logging_mixin.py:190} INFO - [2026-04-08T13:21:01.206+0530] {dag.py:4180} INFO - Setting next_dagrun for example_xcom_args to None, run_after=None
[2026-04-08T13:21:01.208+0530] {logging_mixin.py:190} INFO - [2026-04-08T13:21:01.207+0530] {dag.py:4180} INFO - Setting next_dagrun for example_xcom_args_with_operators to None, run_after=None
[2026-04-08T13:21:01.216+0530] {processor.py:208} INFO - Processing /Users/navalyemul/Documents/uptime/airflow_venv/lib/python3.12/site-packages/airflow/example_dags/example_xcomargs.py took 0.079 seconds
[2026-04-08T13:31:03.774+0530] {processor.py:186} INFO - Started process (PID=40093) to work on /Users/navalyemul/Documents/uptime/airflow_venv/lib/python3.12/site-packages/airflow/example_dags/example_xcomargs.py
[2026-04-08T13:31:03.777+0530] {processor.py:914} INFO - Processing file /Users/navalyemul/Documents/uptime/airflow_venv/lib/python3.12/site-packages/airflow/example_dags/example_xcomargs.py for tasks to queue
[2026-04-08T13:31:03.778+0530] {logging_mixin.py:190} INFO - [2026-04-08T13:31:03.778+0530] {dagbag.py:588} INFO - Filling up the DagBag from /Users/navalyemul/Documents/uptime/airflow_venv/lib/python3.12/site-packages/airflow/example_dags/example_xcomargs.py
[2026-04-08T13:31:03.860+0530] {processor.py:925} INFO - DAG(s) 'example_xcom_args', 'example_xcom_args_with_operators' retrieved from /Users/navalyemul/Documents/uptime/airflow_venv/lib/python3.12/site-packages/airflow/example_dags/example_xcomargs.py
[2026-04-08T13:31:04.014+0530] {logging_mixin.py:190} INFO - [2026-04-08T13:31:04.013+0530] {dag.py:3239} INFO - Sync 2 DAGs
[2026-04-08T13:31:04.030+0530] {logging_mixin.py:190} INFO - [2026-04-08T13:31:04.030+0530] {dag.py:4180} INFO - Setting next_dagrun for example_xcom_args to None, run_after=None
[2026-04-08T13:31:04.036+0530] {logging_mixin.py:190} INFO - [2026-04-08T13:31:04.035+0530] {dag.py:4180} INFO - Setting next_dagrun for example_xcom_args_with_operators to None, run_after=None
[2026-04-08T13:31:04.060+0530] {processor.py:208} INFO - Processing /Users/navalyemul/Documents/uptime/airflow_venv/lib/python3.12/site-packages/airflow/example_dags/example_xcomargs.py took 0.292 seconds
[2026-04-08T13:35:08.170+0530] {processor.py:186} INFO - Started process (PID=41256) to work on /Users/navalyemul/Documents/uptime/airflow_venv/lib/python3.12/site-packages/airflow/example_dags/example_xcomargs.py
[2026-04-08T13:35:08.171+0530] {processor.py:914} INFO - Processing file /Users/navalyemul/Documents/uptime/airflow_venv/lib/python3.12/site-packages/airflow/example_dags/example_xcomargs.py for tasks to queue
[2026-04-08T13:35:08.171+0530] {logging_mixin.py:190} INFO - [2026-04-08T13:35:08.171+0530] {dagbag.py:588} INFO - Filling up the DagBag from /Users/navalyemul/Documents/uptime/airflow_venv/lib/python3.12/site-packages/airflow/example_dags/example_xcomargs.py
[2026-04-08T13:35:08.196+0530] {processor.py:925} INFO - DAG(s) 'example_xcom_args', 'example_xcom_args_with_operators' retrieved from /Users/navalyemul/Documents/uptime/airflow_venv/lib/python3.12/site-packages/airflow/example_dags/example_xcomargs.py
[2026-04-08T13:35:08.239+0530] {logging_mixin.py:190} INFO - [2026-04-08T13:35:08.239+0530] {dag.py:3239} INFO - Sync 2 DAGs
[2026-04-08T13:35:08.245+0530] {logging_mixin.py:190} INFO - [2026-04-08T13:35:08.245+0530] {dag.py:4180} INFO - Setting next_dagrun for example_xcom_args to None, run_after=None
[2026-04-08T13:35:08.246+0530] {logging_mixin.py:190} INFO - [2026-04-08T13:35:08.246+0530] {dag.py:4180} INFO - Setting next_dagrun for example_xcom_args_with_operators to None, run_after=None
[2026-04-08T13:35:08.254+0530] {processor.py:208} INFO - Processing /Users/navalyemul/Documents/uptime/airflow_venv/lib/python3.12/site-packages/airflow/example_dags/example_xcomargs.py took 0.086 seconds
[2026-04-08T13:41:35.416+0530] {processor.py:186} INFO - Started process (PID=42191) to work on /Users/navalyemul/Documents/uptime/airflow_venv/lib/python3.12/site-packages/airflow/example_dags/example_xcomargs.py
[2026-04-08T13:41:35.417+0530] {processor.py:914} INFO - Processing file /Users/navalyemul/Documents/uptime/airflow_venv/lib/python3.12/site-packages/airflow/example_dags/example_xcomargs.py for tasks to queue
[2026-04-08T13:41:35.417+0530] {logging_mixin.py:190} INFO - [2026-04-08T13:41:35.417+0530] {dagbag.py:588} INFO - Filling up the DagBag from /Users/navalyemul/Documents/uptime/airflow_venv/lib/python3.12/site-packages/airflow/example_dags/example_xcomargs.py
[2026-04-08T13:41:35.440+0530] {processor.py:925} INFO - DAG(s) 'example_xcom_args_with_operators', 'example_xcom_args' retrieved from /Users/navalyemul/Documents/uptime/airflow_venv/lib/python3.12/site-packages/airflow/example_dags/example_xcomargs.py
[2026-04-08T13:41:35.480+0530] {logging_mixin.py:190} INFO - [2026-04-08T13:41:35.480+0530] {dag.py:3239} INFO - Sync 2 DAGs
[2026-04-08T13:41:35.485+0530] {logging_mixin.py:190} INFO - [2026-04-08T13:41:35.485+0530] {dag.py:4180} INFO - Setting next_dagrun for example_xcom_args to None, run_after=None
[2026-04-08T13:41:35.486+0530] {logging_mixin.py:190} INFO - [2026-04-08T13:41:35.486+0530] {dag.py:4180} INFO - Setting next_dagrun for example_xcom_args_with_operators to None, run_after=None
[2026-04-08T13:41:35.493+0530] {processor.py:208} INFO - Processing /Users/navalyemul/Documents/uptime/airflow_venv/lib/python3.12/site-packages/airflow/example_dags/example_xcomargs.py took 0.079 seconds
[2026-04-08T13:54:18.522+0530] {processor.py:186} INFO - Started process (PID=43357) to work on /Users/navalyemul/Documents/uptime/airflow_venv/lib/python3.12/site-packages/airflow/example_dags/example_xcomargs.py
[2026-04-08T13:54:18.523+0530] {processor.py:914} INFO - Processing file /Users/navalyemul/Documents/uptime/airflow_venv/lib/python3.12/site-packages/airflow/example_dags/example_xcomargs.py for tasks to queue
[2026-04-08T13:54:18.524+0530] {logging_mixin.py:190} INFO - [2026-04-08T13:54:18.523+0530] {dagbag.py:588} INFO - Filling up the DagBag from /Users/navalyemul/Documents/uptime/airflow_venv/lib/python3.12/site-packages/airflow/example_dags/example_xcomargs.py
[2026-04-08T13:54:18.544+0530] {processor.py:925} INFO - DAG(s) 'example_xcom_args', 'example_xcom_args_with_operators' retrieved from /Users/navalyemul/Documents/uptime/airflow_venv/lib/python3.12/site-packages/airflow/example_dags/example_xcomargs.py
[2026-04-08T13:54:18.585+0530] {logging_mixin.py:190} INFO - [2026-04-08T13:54:18.585+0530] {dag.py:3239} INFO - Sync 2 DAGs
[2026-04-08T13:54:18.589+0530] {logging_mixin.py:190} INFO - [2026-04-08T13:54:18.589+0530] {dag.py:4180} INFO - Setting next_dagrun for example_xcom_args to None, run_after=None
[2026-04-08T13:54:18.591+0530] {logging_mixin.py:190} INFO - [2026-04-08T13:54:18.591+0530] {dag.py:4180} INFO - Setting next_dagrun for example_xcom_args_with_operators to None, run_after=None
[2026-04-08T13:54:18.598+0530] {processor.py:208} INFO - Processing /Users/navalyemul/Documents/uptime/airflow_venv/lib/python3.12/site-packages/airflow/example_dags/example_xcomargs.py took 0.077 seconds
[2026-04-08T13:56:11.516+0530] {processor.py:186} INFO - Started process (PID=44445) to work on /Users/navalyemul/Documents/uptime/airflow_venv/lib/python3.12/site-packages/airflow/example_dags/example_xcomargs.py
[2026-04-08T13:56:11.517+0530] {processor.py:914} INFO - Processing file /Users/navalyemul/Documents/uptime/airflow_venv/lib/python3.12/site-packages/airflow/example_dags/example_xcomargs.py for tasks to queue
[2026-04-08T13:56:11.518+0530] {logging_mixin.py:190} INFO - [2026-04-08T13:56:11.518+0530] {dagbag.py:588} INFO - Filling up the DagBag from /Users/navalyemul/Documents/uptime/airflow_venv/lib/python3.12/site-packages/airflow/example_dags/example_xcomargs.py
[2026-04-08T13:56:11.548+0530] {processor.py:925} INFO - DAG(s) 'example_xcom_args', 'example_xcom_args_with_operators' retrieved from /Users/navalyemul/Documents/uptime/airflow_venv/lib/python3.12/site-packages/airflow/example_dags/example_xcomargs.py
[2026-04-08T13:56:11.597+0530] {logging_mixin.py:190} INFO - [2026-04-08T13:56:11.597+0530] {dag.py:3239} INFO - Sync 2 DAGs
[2026-04-08T13:56:11.603+0530] {logging_mixin.py:190} INFO - [2026-04-08T13:56:11.603+0530] {dag.py:4180} INFO - Setting next_dagrun for example_xcom_args to None, run_after=None
[2026-04-08T13:56:11.605+0530] {logging_mixin.py:190} INFO - [2026-04-08T13:56:11.605+0530] {dag.py:4180} INFO - Setting next_dagrun for example_xcom_args_with_operators to None, run_after=None
[2026-04-08T13:56:11.614+0530] {processor.py:208} INFO - Processing /Users/navalyemul/Documents/uptime/airflow_venv/lib/python3.12/site-packages/airflow/example_dags/example_xcomargs.py took 0.100 seconds
[2026-04-08T13:57:52.269+0530] {processor.py:186} INFO - Started process (PID=45469) to work on /Users/navalyemul/Documents/uptime/airflow_venv/lib/python3.12/site-packages/airflow/example_dags/example_xcomargs.py
[2026-04-08T13:57:52.271+0530] {processor.py:914} INFO - Processing file /Users/navalyemul/Documents/uptime/airflow_venv/lib/python3.12/site-packages/airflow/example_dags/example_xcomargs.py for tasks to queue
[2026-04-08T13:57:52.272+0530] {logging_mixin.py:190} INFO - [2026-04-08T13:57:52.272+0530] {dagbag.py:588} INFO - Filling up the DagBag from /Users/navalyemul/Documents/uptime/airflow_venv/lib/python3.12/site-packages/airflow/example_dags/example_xcomargs.py
[2026-04-08T13:57:52.300+0530] {processor.py:925} INFO - DAG(s) 'example_xcom_args_with_operators', 'example_xcom_args' retrieved from /Users/navalyemul/Documents/uptime/airflow_venv/lib/python3.12/site-packages/airflow/example_dags/example_xcomargs.py
[2026-04-08T13:57:52.349+0530] {logging_mixin.py:190} INFO - [2026-04-08T13:57:52.348+0530] {dag.py:3239} INFO - Sync 2 DAGs
[2026-04-08T13:57:52.354+0530] {logging_mixin.py:190} INFO - [2026-04-08T13:57:52.354+0530] {dag.py:4180} INFO - Setting next_dagrun for example_xcom_args to None, run_after=None
[2026-04-08T13:57:52.358+0530] {logging_mixin.py:190} INFO - [2026-04-08T13:57:52.358+0530] {dag.py:4180} INFO - Setting next_dagrun for example_xcom_args_with_operators to None, run_after=None
[2026-04-08T13:57:52.367+0530] {processor.py:208} INFO - Processing /Users/navalyemul/Documents/uptime/airflow_venv/lib/python3.12/site-packages/airflow/example_dags/example_xcomargs.py took 0.101 seconds
