[2026-04-08T12:44:17.772+0530] {processor.py:186} INFO - Started process (PID=15856) to work on /Users/navalyemul/Documents/uptime/airflow_venv/lib/python3.12/site-packages/airflow/example_dags/example_skip_dag.py
[2026-04-08T12:44:17.773+0530] {processor.py:914} INFO - Processing file /Users/navalyemul/Documents/uptime/airflow_venv/lib/python3.12/site-packages/airflow/example_dags/example_skip_dag.py for tasks to queue
[2026-04-08T12:44:17.775+0530] {logging_mixin.py:190} INFO - [2026-04-08T12:44:17.775+0530] {dagbag.py:588} INFO - Filling up the DagBag from /Users/navalyemul/Documents/uptime/airflow_venv/lib/python3.12/site-packages/airflow/example_dags/example_skip_dag.py
[2026-04-08T12:44:17.780+0530] {processor.py:925} INFO - DAG(s) 'example_skip_dag' retrieved from /Users/navalyemul/Documents/uptime/airflow_venv/lib/python3.12/site-packages/airflow/example_dags/example_skip_dag.py
[2026-04-08T12:44:17.916+0530] {logging_mixin.py:190} INFO - [2026-04-08T12:44:17.916+0530] {override.py:1912} INFO - Created Permission View: can read on DAG:example_skip_dag
[2026-04-08T12:44:17.926+0530] {logging_mixin.py:190} INFO - [2026-04-08T12:44:17.925+0530] {override.py:1912} INFO - Created Permission View: can delete on DAG:example_skip_dag
[2026-04-08T12:44:17.929+0530] {logging_mixin.py:190} INFO - [2026-04-08T12:44:17.929+0530] {override.py:1912} INFO - Created Permission View: can edit on DAG:example_skip_dag
[2026-04-08T12:44:17.937+0530] {logging_mixin.py:190} INFO - [2026-04-08T12:44:17.937+0530] {override.py:1912} INFO - Created Permission View: menu access on DAG Run:example_skip_dag
[2026-04-08T12:44:17.940+0530] {logging_mixin.py:190} INFO - [2026-04-08T12:44:17.940+0530] {override.py:1912} INFO - Created Permission View: can read on DAG Run:example_skip_dag
[2026-04-08T12:44:17.944+0530] {logging_mixin.py:190} INFO - [2026-04-08T12:44:17.944+0530] {override.py:1912} INFO - Created Permission View: can delete on DAG Run:example_skip_dag
[2026-04-08T12:44:17.947+0530] {logging_mixin.py:190} INFO - [2026-04-08T12:44:17.947+0530] {override.py:1912} INFO - Created Permission View: can create on DAG Run:example_skip_dag
[2026-04-08T12:44:17.947+0530] {logging_mixin.py:190} INFO - [2026-04-08T12:44:17.947+0530] {dag.py:3239} INFO - Sync 1 DAGs
[2026-04-08T12:44:17.955+0530] {logging_mixin.py:190} INFO - [2026-04-08T12:44:17.955+0530] {dag.py:3262} INFO - Creating ORM DAG for example_skip_dag
[2026-04-08T12:44:17.964+0530] {logging_mixin.py:190} INFO - [2026-04-08T12:44:17.964+0530] {dag.py:4180} INFO - Setting next_dagrun for example_skip_dag to 2026-04-07 00:00:00+00:00, run_after=2026-04-08 00:00:00+00:00
[2026-04-08T12:44:17.975+0530] {processor.py:208} INFO - Processing /Users/navalyemul/Documents/uptime/airflow_venv/lib/python3.12/site-packages/airflow/example_dags/example_skip_dag.py took 0.208 seconds
[2026-04-08T12:46:53.691+0530] {processor.py:186} INFO - Started process (PID=17418) to work on /Users/navalyemul/Documents/uptime/airflow_venv/lib/python3.12/site-packages/airflow/example_dags/example_skip_dag.py
[2026-04-08T12:46:53.692+0530] {processor.py:914} INFO - Processing file /Users/navalyemul/Documents/uptime/airflow_venv/lib/python3.12/site-packages/airflow/example_dags/example_skip_dag.py for tasks to queue
[2026-04-08T12:46:53.692+0530] {logging_mixin.py:190} INFO - [2026-04-08T12:46:53.692+0530] {dagbag.py:588} INFO - Filling up the DagBag from /Users/navalyemul/Documents/uptime/airflow_venv/lib/python3.12/site-packages/airflow/example_dags/example_skip_dag.py
[2026-04-08T12:46:53.696+0530] {processor.py:925} INFO - DAG(s) 'example_skip_dag' retrieved from /Users/navalyemul/Documents/uptime/airflow_venv/lib/python3.12/site-packages/airflow/example_dags/example_skip_dag.py
[2026-04-08T12:46:53.739+0530] {logging_mixin.py:190} INFO - [2026-04-08T12:46:53.739+0530] {dag.py:3239} INFO - Sync 1 DAGs
[2026-04-08T12:46:53.747+0530] {logging_mixin.py:190} INFO - [2026-04-08T12:46:53.747+0530] {dag.py:4180} INFO - Setting next_dagrun for example_skip_dag to 2026-04-07 00:00:00+00:00, run_after=2026-04-08 00:00:00+00:00
[2026-04-08T12:46:53.756+0530] {processor.py:208} INFO - Processing /Users/navalyemul/Documents/uptime/airflow_venv/lib/python3.12/site-packages/airflow/example_dags/example_skip_dag.py took 0.067 seconds
[2026-04-08T12:48:50.322+0530] {processor.py:186} INFO - Started process (PID=18745) to work on /Users/navalyemul/Documents/uptime/airflow_venv/lib/python3.12/site-packages/airflow/example_dags/example_skip_dag.py
[2026-04-08T12:48:50.324+0530] {processor.py:914} INFO - Processing file /Users/navalyemul/Documents/uptime/airflow_venv/lib/python3.12/site-packages/airflow/example_dags/example_skip_dag.py for tasks to queue
[2026-04-08T12:48:50.324+0530] {logging_mixin.py:190} INFO - [2026-04-08T12:48:50.324+0530] {dagbag.py:588} INFO - Filling up the DagBag from /Users/navalyemul/Documents/uptime/airflow_venv/lib/python3.12/site-packages/airflow/example_dags/example_skip_dag.py
[2026-04-08T12:48:50.333+0530] {processor.py:925} INFO - DAG(s) 'example_skip_dag' retrieved from /Users/navalyemul/Documents/uptime/airflow_venv/lib/python3.12/site-packages/airflow/example_dags/example_skip_dag.py
[2026-04-08T12:48:50.378+0530] {logging_mixin.py:190} INFO - [2026-04-08T12:48:50.378+0530] {dag.py:3239} INFO - Sync 1 DAGs
[2026-04-08T12:48:50.387+0530] {logging_mixin.py:190} INFO - [2026-04-08T12:48:50.387+0530] {dag.py:4180} INFO - Setting next_dagrun for example_skip_dag to 2026-04-07 00:00:00+00:00, run_after=2026-04-08 00:00:00+00:00
[2026-04-08T12:48:50.395+0530] {processor.py:208} INFO - Processing /Users/navalyemul/Documents/uptime/airflow_venv/lib/python3.12/site-packages/airflow/example_dags/example_skip_dag.py took 0.076 seconds
[2026-04-08T12:50:13.755+0530] {processor.py:186} INFO - Started process (PID=19705) to work on /Users/navalyemul/Documents/uptime/airflow_venv/lib/python3.12/site-packages/airflow/example_dags/example_skip_dag.py
[2026-04-08T12:50:13.755+0530] {processor.py:914} INFO - Processing file /Users/navalyemul/Documents/uptime/airflow_venv/lib/python3.12/site-packages/airflow/example_dags/example_skip_dag.py for tasks to queue
[2026-04-08T12:50:13.756+0530] {logging_mixin.py:190} INFO - [2026-04-08T12:50:13.756+0530] {dagbag.py:588} INFO - Filling up the DagBag from /Users/navalyemul/Documents/uptime/airflow_venv/lib/python3.12/site-packages/airflow/example_dags/example_skip_dag.py
[2026-04-08T12:50:13.761+0530] {processor.py:925} INFO - DAG(s) 'example_skip_dag' retrieved from /Users/navalyemul/Documents/uptime/airflow_venv/lib/python3.12/site-packages/airflow/example_dags/example_skip_dag.py
[2026-04-08T12:50:13.804+0530] {logging_mixin.py:190} INFO - [2026-04-08T12:50:13.804+0530] {dag.py:3239} INFO - Sync 1 DAGs
[2026-04-08T12:50:13.813+0530] {logging_mixin.py:190} INFO - [2026-04-08T12:50:13.813+0530] {dag.py:4180} INFO - Setting next_dagrun for example_skip_dag to 2026-04-07 00:00:00+00:00, run_after=2026-04-08 00:00:00+00:00
[2026-04-08T12:50:13.821+0530] {processor.py:208} INFO - Processing /Users/navalyemul/Documents/uptime/airflow_venv/lib/python3.12/site-packages/airflow/example_dags/example_skip_dag.py took 0.068 seconds
[2026-04-08T12:51:46.629+0530] {processor.py:186} INFO - Started process (PID=20642) to work on /Users/navalyemul/Documents/uptime/airflow_venv/lib/python3.12/site-packages/airflow/example_dags/example_skip_dag.py
[2026-04-08T12:51:46.630+0530] {processor.py:914} INFO - Processing file /Users/navalyemul/Documents/uptime/airflow_venv/lib/python3.12/site-packages/airflow/example_dags/example_skip_dag.py for tasks to queue
[2026-04-08T12:51:46.631+0530] {logging_mixin.py:190} INFO - [2026-04-08T12:51:46.631+0530] {dagbag.py:588} INFO - Filling up the DagBag from /Users/navalyemul/Documents/uptime/airflow_venv/lib/python3.12/site-packages/airflow/example_dags/example_skip_dag.py
[2026-04-08T12:51:46.639+0530] {processor.py:925} INFO - DAG(s) 'example_skip_dag' retrieved from /Users/navalyemul/Documents/uptime/airflow_venv/lib/python3.12/site-packages/airflow/example_dags/example_skip_dag.py
[2026-04-08T12:51:46.685+0530] {logging_mixin.py:190} INFO - [2026-04-08T12:51:46.685+0530] {dag.py:3239} INFO - Sync 1 DAGs
[2026-04-08T12:51:46.695+0530] {logging_mixin.py:190} INFO - [2026-04-08T12:51:46.695+0530] {dag.py:4180} INFO - Setting next_dagrun for example_skip_dag to 2026-04-07 00:00:00+00:00, run_after=2026-04-08 00:00:00+00:00
[2026-04-08T12:51:46.704+0530] {processor.py:208} INFO - Processing /Users/navalyemul/Documents/uptime/airflow_venv/lib/python3.12/site-packages/airflow/example_dags/example_skip_dag.py took 0.079 seconds
[2026-04-08T12:53:34.512+0530] {processor.py:186} INFO - Started process (PID=21592) to work on /Users/navalyemul/Documents/uptime/airflow_venv/lib/python3.12/site-packages/airflow/example_dags/example_skip_dag.py
[2026-04-08T12:53:34.515+0530] {processor.py:914} INFO - Processing file /Users/navalyemul/Documents/uptime/airflow_venv/lib/python3.12/site-packages/airflow/example_dags/example_skip_dag.py for tasks to queue
[2026-04-08T12:53:34.517+0530] {logging_mixin.py:190} INFO - [2026-04-08T12:53:34.516+0530] {dagbag.py:588} INFO - Filling up the DagBag from /Users/navalyemul/Documents/uptime/airflow_venv/lib/python3.12/site-packages/airflow/example_dags/example_skip_dag.py
[2026-04-08T12:53:34.524+0530] {processor.py:925} INFO - DAG(s) 'example_skip_dag' retrieved from /Users/navalyemul/Documents/uptime/airflow_venv/lib/python3.12/site-packages/airflow/example_dags/example_skip_dag.py
[2026-04-08T12:53:34.574+0530] {logging_mixin.py:190} INFO - [2026-04-08T12:53:34.574+0530] {dag.py:3239} INFO - Sync 1 DAGs
[2026-04-08T12:53:34.586+0530] {logging_mixin.py:190} INFO - [2026-04-08T12:53:34.586+0530] {dag.py:4180} INFO - Setting next_dagrun for example_skip_dag to 2026-04-07 00:00:00+00:00, run_after=2026-04-08 00:00:00+00:00
[2026-04-08T12:53:34.598+0530] {processor.py:208} INFO - Processing /Users/navalyemul/Documents/uptime/airflow_venv/lib/python3.12/site-packages/airflow/example_dags/example_skip_dag.py took 0.088 seconds
[2026-04-08T12:55:23.303+0530] {processor.py:186} INFO - Started process (PID=22475) to work on /Users/navalyemul/Documents/uptime/airflow_venv/lib/python3.12/site-packages/airflow/example_dags/example_skip_dag.py
[2026-04-08T12:55:23.304+0530] {processor.py:914} INFO - Processing file /Users/navalyemul/Documents/uptime/airflow_venv/lib/python3.12/site-packages/airflow/example_dags/example_skip_dag.py for tasks to queue
[2026-04-08T12:55:23.305+0530] {logging_mixin.py:190} INFO - [2026-04-08T12:55:23.305+0530] {dagbag.py:588} INFO - Filling up the DagBag from /Users/navalyemul/Documents/uptime/airflow_venv/lib/python3.12/site-packages/airflow/example_dags/example_skip_dag.py
[2026-04-08T12:55:23.311+0530] {processor.py:925} INFO - DAG(s) 'example_skip_dag' retrieved from /Users/navalyemul/Documents/uptime/airflow_venv/lib/python3.12/site-packages/airflow/example_dags/example_skip_dag.py
[2026-04-08T12:55:23.360+0530] {logging_mixin.py:190} INFO - [2026-04-08T12:55:23.360+0530] {dag.py:3239} INFO - Sync 1 DAGs
[2026-04-08T12:55:23.370+0530] {logging_mixin.py:190} INFO - [2026-04-08T12:55:23.370+0530] {dag.py:4180} INFO - Setting next_dagrun for example_skip_dag to 2026-04-07 00:00:00+00:00, run_after=2026-04-08 00:00:00+00:00
[2026-04-08T12:55:23.380+0530] {processor.py:208} INFO - Processing /Users/navalyemul/Documents/uptime/airflow_venv/lib/python3.12/site-packages/airflow/example_dags/example_skip_dag.py took 0.080 seconds
[2026-04-08T12:56:55.329+0530] {processor.py:186} INFO - Started process (PID=23443) to work on /Users/navalyemul/Documents/uptime/airflow_venv/lib/python3.12/site-packages/airflow/example_dags/example_skip_dag.py
[2026-04-08T12:56:55.330+0530] {processor.py:914} INFO - Processing file /Users/navalyemul/Documents/uptime/airflow_venv/lib/python3.12/site-packages/airflow/example_dags/example_skip_dag.py for tasks to queue
[2026-04-08T12:56:55.331+0530] {logging_mixin.py:190} INFO - [2026-04-08T12:56:55.331+0530] {dagbag.py:588} INFO - Filling up the DagBag from /Users/navalyemul/Documents/uptime/airflow_venv/lib/python3.12/site-packages/airflow/example_dags/example_skip_dag.py
[2026-04-08T12:56:55.335+0530] {processor.py:925} INFO - DAG(s) 'example_skip_dag' retrieved from /Users/navalyemul/Documents/uptime/airflow_venv/lib/python3.12/site-packages/airflow/example_dags/example_skip_dag.py
[2026-04-08T12:56:55.375+0530] {logging_mixin.py:190} INFO - [2026-04-08T12:56:55.375+0530] {dag.py:3239} INFO - Sync 1 DAGs
[2026-04-08T12:56:55.383+0530] {logging_mixin.py:190} INFO - [2026-04-08T12:56:55.383+0530] {dag.py:4180} INFO - Setting next_dagrun for example_skip_dag to 2026-04-07 00:00:00+00:00, run_after=2026-04-08 00:00:00+00:00
[2026-04-08T12:56:55.391+0530] {processor.py:208} INFO - Processing /Users/navalyemul/Documents/uptime/airflow_venv/lib/python3.12/site-packages/airflow/example_dags/example_skip_dag.py took 0.063 seconds
[2026-04-08T12:58:24.043+0530] {processor.py:186} INFO - Started process (PID=24381) to work on /Users/navalyemul/Documents/uptime/airflow_venv/lib/python3.12/site-packages/airflow/example_dags/example_skip_dag.py
[2026-04-08T12:58:24.046+0530] {processor.py:914} INFO - Processing file /Users/navalyemul/Documents/uptime/airflow_venv/lib/python3.12/site-packages/airflow/example_dags/example_skip_dag.py for tasks to queue
[2026-04-08T12:58:24.046+0530] {logging_mixin.py:190} INFO - [2026-04-08T12:58:24.046+0530] {dagbag.py:588} INFO - Filling up the DagBag from /Users/navalyemul/Documents/uptime/airflow_venv/lib/python3.12/site-packages/airflow/example_dags/example_skip_dag.py
[2026-04-08T12:58:24.061+0530] {processor.py:925} INFO - DAG(s) 'example_skip_dag' retrieved from /Users/navalyemul/Documents/uptime/airflow_venv/lib/python3.12/site-packages/airflow/example_dags/example_skip_dag.py
[2026-04-08T12:58:24.137+0530] {logging_mixin.py:190} INFO - [2026-04-08T12:58:24.135+0530] {dag.py:3239} INFO - Sync 1 DAGs
[2026-04-08T12:58:24.148+0530] {logging_mixin.py:190} INFO - [2026-04-08T12:58:24.148+0530] {dag.py:4180} INFO - Setting next_dagrun for example_skip_dag to 2026-04-07 00:00:00+00:00, run_after=2026-04-08 00:00:00+00:00
[2026-04-08T12:58:24.159+0530] {processor.py:208} INFO - Processing /Users/navalyemul/Documents/uptime/airflow_venv/lib/python3.12/site-packages/airflow/example_dags/example_skip_dag.py took 0.122 seconds
[2026-04-08T12:59:48.421+0530] {processor.py:186} INFO - Started process (PID=25299) to work on /Users/navalyemul/Documents/uptime/airflow_venv/lib/python3.12/site-packages/airflow/example_dags/example_skip_dag.py
[2026-04-08T12:59:48.422+0530] {processor.py:914} INFO - Processing file /Users/navalyemul/Documents/uptime/airflow_venv/lib/python3.12/site-packages/airflow/example_dags/example_skip_dag.py for tasks to queue
[2026-04-08T12:59:48.422+0530] {logging_mixin.py:190} INFO - [2026-04-08T12:59:48.422+0530] {dagbag.py:588} INFO - Filling up the DagBag from /Users/navalyemul/Documents/uptime/airflow_venv/lib/python3.12/site-packages/airflow/example_dags/example_skip_dag.py
[2026-04-08T12:59:48.426+0530] {processor.py:925} INFO - DAG(s) 'example_skip_dag' retrieved from /Users/navalyemul/Documents/uptime/airflow_venv/lib/python3.12/site-packages/airflow/example_dags/example_skip_dag.py
[2026-04-08T12:59:48.466+0530] {logging_mixin.py:190} INFO - [2026-04-08T12:59:48.466+0530] {dag.py:3239} INFO - Sync 1 DAGs
[2026-04-08T12:59:48.474+0530] {logging_mixin.py:190} INFO - [2026-04-08T12:59:48.474+0530] {dag.py:4180} INFO - Setting next_dagrun for example_skip_dag to 2026-04-07 00:00:00+00:00, run_after=2026-04-08 00:00:00+00:00
[2026-04-08T12:59:48.481+0530] {processor.py:208} INFO - Processing /Users/navalyemul/Documents/uptime/airflow_venv/lib/python3.12/site-packages/airflow/example_dags/example_skip_dag.py took 0.062 seconds
[2026-04-08T13:01:08.906+0530] {processor.py:186} INFO - Started process (PID=26230) to work on /Users/navalyemul/Documents/uptime/airflow_venv/lib/python3.12/site-packages/airflow/example_dags/example_skip_dag.py
[2026-04-08T13:01:08.907+0530] {processor.py:914} INFO - Processing file /Users/navalyemul/Documents/uptime/airflow_venv/lib/python3.12/site-packages/airflow/example_dags/example_skip_dag.py for tasks to queue
[2026-04-08T13:01:08.908+0530] {logging_mixin.py:190} INFO - [2026-04-08T13:01:08.907+0530] {dagbag.py:588} INFO - Filling up the DagBag from /Users/navalyemul/Documents/uptime/airflow_venv/lib/python3.12/site-packages/airflow/example_dags/example_skip_dag.py
[2026-04-08T13:01:08.911+0530] {processor.py:925} INFO - DAG(s) 'example_skip_dag' retrieved from /Users/navalyemul/Documents/uptime/airflow_venv/lib/python3.12/site-packages/airflow/example_dags/example_skip_dag.py
[2026-04-08T13:01:08.953+0530] {logging_mixin.py:190} INFO - [2026-04-08T13:01:08.953+0530] {dag.py:3239} INFO - Sync 1 DAGs
[2026-04-08T13:01:08.962+0530] {logging_mixin.py:190} INFO - [2026-04-08T13:01:08.961+0530] {dag.py:4180} INFO - Setting next_dagrun for example_skip_dag to 2026-04-07 00:00:00+00:00, run_after=2026-04-08 00:00:00+00:00
[2026-04-08T13:01:08.969+0530] {processor.py:208} INFO - Processing /Users/navalyemul/Documents/uptime/airflow_venv/lib/python3.12/site-packages/airflow/example_dags/example_skip_dag.py took 0.065 seconds
[2026-04-08T13:02:29.371+0530] {processor.py:186} INFO - Started process (PID=27151) to work on /Users/navalyemul/Documents/uptime/airflow_venv/lib/python3.12/site-packages/airflow/example_dags/example_skip_dag.py
[2026-04-08T13:02:29.372+0530] {processor.py:914} INFO - Processing file /Users/navalyemul/Documents/uptime/airflow_venv/lib/python3.12/site-packages/airflow/example_dags/example_skip_dag.py for tasks to queue
[2026-04-08T13:02:29.372+0530] {logging_mixin.py:190} INFO - [2026-04-08T13:02:29.372+0530] {dagbag.py:588} INFO - Filling up the DagBag from /Users/navalyemul/Documents/uptime/airflow_venv/lib/python3.12/site-packages/airflow/example_dags/example_skip_dag.py
[2026-04-08T13:02:29.377+0530] {processor.py:925} INFO - DAG(s) 'example_skip_dag' retrieved from /Users/navalyemul/Documents/uptime/airflow_venv/lib/python3.12/site-packages/airflow/example_dags/example_skip_dag.py
[2026-04-08T13:02:29.418+0530] {logging_mixin.py:190} INFO - [2026-04-08T13:02:29.418+0530] {dag.py:3239} INFO - Sync 1 DAGs
[2026-04-08T13:02:29.427+0530] {logging_mixin.py:190} INFO - [2026-04-08T13:02:29.427+0530] {dag.py:4180} INFO - Setting next_dagrun for example_skip_dag to 2026-04-07 00:00:00+00:00, run_after=2026-04-08 00:00:00+00:00
[2026-04-08T13:02:29.437+0530] {processor.py:208} INFO - Processing /Users/navalyemul/Documents/uptime/airflow_venv/lib/python3.12/site-packages/airflow/example_dags/example_skip_dag.py took 0.068 seconds
[2026-04-08T13:03:53.741+0530] {processor.py:186} INFO - Started process (PID=28162) to work on /Users/navalyemul/Documents/uptime/airflow_venv/lib/python3.12/site-packages/airflow/example_dags/example_skip_dag.py
[2026-04-08T13:03:53.742+0530] {processor.py:914} INFO - Processing file /Users/navalyemul/Documents/uptime/airflow_venv/lib/python3.12/site-packages/airflow/example_dags/example_skip_dag.py for tasks to queue
[2026-04-08T13:03:53.743+0530] {logging_mixin.py:190} INFO - [2026-04-08T13:03:53.743+0530] {dagbag.py:588} INFO - Filling up the DagBag from /Users/navalyemul/Documents/uptime/airflow_venv/lib/python3.12/site-packages/airflow/example_dags/example_skip_dag.py
[2026-04-08T13:03:53.748+0530] {processor.py:925} INFO - DAG(s) 'example_skip_dag' retrieved from /Users/navalyemul/Documents/uptime/airflow_venv/lib/python3.12/site-packages/airflow/example_dags/example_skip_dag.py
[2026-04-08T13:03:53.795+0530] {logging_mixin.py:190} INFO - [2026-04-08T13:03:53.795+0530] {dag.py:3239} INFO - Sync 1 DAGs
[2026-04-08T13:03:53.805+0530] {logging_mixin.py:190} INFO - [2026-04-08T13:03:53.805+0530] {dag.py:4180} INFO - Setting next_dagrun for example_skip_dag to 2026-04-07 00:00:00+00:00, run_after=2026-04-08 00:00:00+00:00
[2026-04-08T13:03:53.814+0530] {processor.py:208} INFO - Processing /Users/navalyemul/Documents/uptime/airflow_venv/lib/python3.12/site-packages/airflow/example_dags/example_skip_dag.py took 0.075 seconds
[2026-04-08T13:05:18.394+0530] {processor.py:186} INFO - Started process (PID=29110) to work on /Users/navalyemul/Documents/uptime/airflow_venv/lib/python3.12/site-packages/airflow/example_dags/example_skip_dag.py
[2026-04-08T13:05:18.394+0530] {processor.py:914} INFO - Processing file /Users/navalyemul/Documents/uptime/airflow_venv/lib/python3.12/site-packages/airflow/example_dags/example_skip_dag.py for tasks to queue
[2026-04-08T13:05:18.395+0530] {logging_mixin.py:190} INFO - [2026-04-08T13:05:18.395+0530] {dagbag.py:588} INFO - Filling up the DagBag from /Users/navalyemul/Documents/uptime/airflow_venv/lib/python3.12/site-packages/airflow/example_dags/example_skip_dag.py
[2026-04-08T13:05:18.399+0530] {processor.py:925} INFO - DAG(s) 'example_skip_dag' retrieved from /Users/navalyemul/Documents/uptime/airflow_venv/lib/python3.12/site-packages/airflow/example_dags/example_skip_dag.py
[2026-04-08T13:05:18.440+0530] {logging_mixin.py:190} INFO - [2026-04-08T13:05:18.440+0530] {dag.py:3239} INFO - Sync 1 DAGs
[2026-04-08T13:05:18.449+0530] {logging_mixin.py:190} INFO - [2026-04-08T13:05:18.448+0530] {dag.py:4180} INFO - Setting next_dagrun for example_skip_dag to 2026-04-07 00:00:00+00:00, run_after=2026-04-08 00:00:00+00:00
[2026-04-08T13:05:18.456+0530] {processor.py:208} INFO - Processing /Users/navalyemul/Documents/uptime/airflow_venv/lib/python3.12/site-packages/airflow/example_dags/example_skip_dag.py took 0.064 seconds
[2026-04-08T13:06:42.421+0530] {processor.py:186} INFO - Started process (PID=30025) to work on /Users/navalyemul/Documents/uptime/airflow_venv/lib/python3.12/site-packages/airflow/example_dags/example_skip_dag.py
[2026-04-08T13:06:42.422+0530] {processor.py:914} INFO - Processing file /Users/navalyemul/Documents/uptime/airflow_venv/lib/python3.12/site-packages/airflow/example_dags/example_skip_dag.py for tasks to queue
[2026-04-08T13:06:42.423+0530] {logging_mixin.py:190} INFO - [2026-04-08T13:06:42.423+0530] {dagbag.py:588} INFO - Filling up the DagBag from /Users/navalyemul/Documents/uptime/airflow_venv/lib/python3.12/site-packages/airflow/example_dags/example_skip_dag.py
[2026-04-08T13:06:42.427+0530] {processor.py:925} INFO - DAG(s) 'example_skip_dag' retrieved from /Users/navalyemul/Documents/uptime/airflow_venv/lib/python3.12/site-packages/airflow/example_dags/example_skip_dag.py
[2026-04-08T13:06:42.469+0530] {logging_mixin.py:190} INFO - [2026-04-08T13:06:42.469+0530] {dag.py:3239} INFO - Sync 1 DAGs
[2026-04-08T13:06:42.478+0530] {logging_mixin.py:190} INFO - [2026-04-08T13:06:42.478+0530] {dag.py:4180} INFO - Setting next_dagrun for example_skip_dag to 2026-04-07 00:00:00+00:00, run_after=2026-04-08 00:00:00+00:00
[2026-04-08T13:06:42.486+0530] {processor.py:208} INFO - Processing /Users/navalyemul/Documents/uptime/airflow_venv/lib/python3.12/site-packages/airflow/example_dags/example_skip_dag.py took 0.066 seconds
[2026-04-08T13:08:05.124+0530] {processor.py:186} INFO - Started process (PID=30922) to work on /Users/navalyemul/Documents/uptime/airflow_venv/lib/python3.12/site-packages/airflow/example_dags/example_skip_dag.py
[2026-04-08T13:08:05.125+0530] {processor.py:914} INFO - Processing file /Users/navalyemul/Documents/uptime/airflow_venv/lib/python3.12/site-packages/airflow/example_dags/example_skip_dag.py for tasks to queue
[2026-04-08T13:08:05.125+0530] {logging_mixin.py:190} INFO - [2026-04-08T13:08:05.125+0530] {dagbag.py:588} INFO - Filling up the DagBag from /Users/navalyemul/Documents/uptime/airflow_venv/lib/python3.12/site-packages/airflow/example_dags/example_skip_dag.py
[2026-04-08T13:08:05.129+0530] {processor.py:925} INFO - DAG(s) 'example_skip_dag' retrieved from /Users/navalyemul/Documents/uptime/airflow_venv/lib/python3.12/site-packages/airflow/example_dags/example_skip_dag.py
[2026-04-08T13:08:05.173+0530] {logging_mixin.py:190} INFO - [2026-04-08T13:08:05.172+0530] {dag.py:3239} INFO - Sync 1 DAGs
[2026-04-08T13:08:05.183+0530] {logging_mixin.py:190} INFO - [2026-04-08T13:08:05.183+0530] {dag.py:4180} INFO - Setting next_dagrun for example_skip_dag to 2026-04-07 00:00:00+00:00, run_after=2026-04-08 00:00:00+00:00
[2026-04-08T13:08:05.192+0530] {processor.py:208} INFO - Processing /Users/navalyemul/Documents/uptime/airflow_venv/lib/python3.12/site-packages/airflow/example_dags/example_skip_dag.py took 0.070 seconds
[2026-04-08T13:09:26.885+0530] {processor.py:186} INFO - Started process (PID=31809) to work on /Users/navalyemul/Documents/uptime/airflow_venv/lib/python3.12/site-packages/airflow/example_dags/example_skip_dag.py
[2026-04-08T13:09:26.886+0530] {processor.py:914} INFO - Processing file /Users/navalyemul/Documents/uptime/airflow_venv/lib/python3.12/site-packages/airflow/example_dags/example_skip_dag.py for tasks to queue
[2026-04-08T13:09:26.887+0530] {logging_mixin.py:190} INFO - [2026-04-08T13:09:26.887+0530] {dagbag.py:588} INFO - Filling up the DagBag from /Users/navalyemul/Documents/uptime/airflow_venv/lib/python3.12/site-packages/airflow/example_dags/example_skip_dag.py
[2026-04-08T13:09:26.892+0530] {processor.py:925} INFO - DAG(s) 'example_skip_dag' retrieved from /Users/navalyemul/Documents/uptime/airflow_venv/lib/python3.12/site-packages/airflow/example_dags/example_skip_dag.py
[2026-04-08T13:09:26.935+0530] {logging_mixin.py:190} INFO - [2026-04-08T13:09:26.935+0530] {dag.py:3239} INFO - Sync 1 DAGs
[2026-04-08T13:09:26.945+0530] {logging_mixin.py:190} INFO - [2026-04-08T13:09:26.945+0530] {dag.py:4180} INFO - Setting next_dagrun for example_skip_dag to 2026-04-07 00:00:00+00:00, run_after=2026-04-08 00:00:00+00:00
[2026-04-08T13:09:26.954+0530] {processor.py:208} INFO - Processing /Users/navalyemul/Documents/uptime/airflow_venv/lib/python3.12/site-packages/airflow/example_dags/example_skip_dag.py took 0.070 seconds
[2026-04-08T13:10:49.397+0530] {processor.py:186} INFO - Started process (PID=32781) to work on /Users/navalyemul/Documents/uptime/airflow_venv/lib/python3.12/site-packages/airflow/example_dags/example_skip_dag.py
[2026-04-08T13:10:49.398+0530] {processor.py:914} INFO - Processing file /Users/navalyemul/Documents/uptime/airflow_venv/lib/python3.12/site-packages/airflow/example_dags/example_skip_dag.py for tasks to queue
[2026-04-08T13:10:49.399+0530] {logging_mixin.py:190} INFO - [2026-04-08T13:10:49.399+0530] {dagbag.py:588} INFO - Filling up the DagBag from /Users/navalyemul/Documents/uptime/airflow_venv/lib/python3.12/site-packages/airflow/example_dags/example_skip_dag.py
[2026-04-08T13:10:49.403+0530] {processor.py:925} INFO - DAG(s) 'example_skip_dag' retrieved from /Users/navalyemul/Documents/uptime/airflow_venv/lib/python3.12/site-packages/airflow/example_dags/example_skip_dag.py
[2026-04-08T13:10:49.443+0530] {logging_mixin.py:190} INFO - [2026-04-08T13:10:49.443+0530] {dag.py:3239} INFO - Sync 1 DAGs
[2026-04-08T13:10:49.454+0530] {logging_mixin.py:190} INFO - [2026-04-08T13:10:49.454+0530] {dag.py:4180} INFO - Setting next_dagrun for example_skip_dag to 2026-04-07 00:00:00+00:00, run_after=2026-04-08 00:00:00+00:00
[2026-04-08T13:10:49.461+0530] {processor.py:208} INFO - Processing /Users/navalyemul/Documents/uptime/airflow_venv/lib/python3.12/site-packages/airflow/example_dags/example_skip_dag.py took 0.066 seconds
[2026-04-08T13:12:13.337+0530] {processor.py:186} INFO - Started process (PID=33700) to work on /Users/navalyemul/Documents/uptime/airflow_venv/lib/python3.12/site-packages/airflow/example_dags/example_skip_dag.py
[2026-04-08T13:12:13.338+0530] {processor.py:914} INFO - Processing file /Users/navalyemul/Documents/uptime/airflow_venv/lib/python3.12/site-packages/airflow/example_dags/example_skip_dag.py for tasks to queue
[2026-04-08T13:12:13.338+0530] {logging_mixin.py:190} INFO - [2026-04-08T13:12:13.338+0530] {dagbag.py:588} INFO - Filling up the DagBag from /Users/navalyemul/Documents/uptime/airflow_venv/lib/python3.12/site-packages/airflow/example_dags/example_skip_dag.py
[2026-04-08T13:12:13.342+0530] {processor.py:925} INFO - DAG(s) 'example_skip_dag' retrieved from /Users/navalyemul/Documents/uptime/airflow_venv/lib/python3.12/site-packages/airflow/example_dags/example_skip_dag.py
[2026-04-08T13:12:13.383+0530] {logging_mixin.py:190} INFO - [2026-04-08T13:12:13.383+0530] {dag.py:3239} INFO - Sync 1 DAGs
[2026-04-08T13:12:13.392+0530] {logging_mixin.py:190} INFO - [2026-04-08T13:12:13.391+0530] {dag.py:4180} INFO - Setting next_dagrun for example_skip_dag to 2026-04-07 00:00:00+00:00, run_after=2026-04-08 00:00:00+00:00
[2026-04-08T13:12:13.400+0530] {processor.py:208} INFO - Processing /Users/navalyemul/Documents/uptime/airflow_venv/lib/python3.12/site-packages/airflow/example_dags/example_skip_dag.py took 0.064 seconds
[2026-04-08T13:13:35.826+0530] {processor.py:186} INFO - Started process (PID=34617) to work on /Users/navalyemul/Documents/uptime/airflow_venv/lib/python3.12/site-packages/airflow/example_dags/example_skip_dag.py
[2026-04-08T13:13:35.827+0530] {processor.py:914} INFO - Processing file /Users/navalyemul/Documents/uptime/airflow_venv/lib/python3.12/site-packages/airflow/example_dags/example_skip_dag.py for tasks to queue
[2026-04-08T13:13:35.828+0530] {logging_mixin.py:190} INFO - [2026-04-08T13:13:35.828+0530] {dagbag.py:588} INFO - Filling up the DagBag from /Users/navalyemul/Documents/uptime/airflow_venv/lib/python3.12/site-packages/airflow/example_dags/example_skip_dag.py
[2026-04-08T13:13:35.832+0530] {processor.py:925} INFO - DAG(s) 'example_skip_dag' retrieved from /Users/navalyemul/Documents/uptime/airflow_venv/lib/python3.12/site-packages/airflow/example_dags/example_skip_dag.py
[2026-04-08T13:13:35.876+0530] {logging_mixin.py:190} INFO - [2026-04-08T13:13:35.876+0530] {dag.py:3239} INFO - Sync 1 DAGs
[2026-04-08T13:13:35.885+0530] {logging_mixin.py:190} INFO - [2026-04-08T13:13:35.885+0530] {dag.py:4180} INFO - Setting next_dagrun for example_skip_dag to 2026-04-07 00:00:00+00:00, run_after=2026-04-08 00:00:00+00:00
[2026-04-08T13:13:35.894+0530] {processor.py:208} INFO - Processing /Users/navalyemul/Documents/uptime/airflow_venv/lib/python3.12/site-packages/airflow/example_dags/example_skip_dag.py took 0.070 seconds
[2026-04-08T13:14:59.572+0530] {processor.py:186} INFO - Started process (PID=35562) to work on /Users/navalyemul/Documents/uptime/airflow_venv/lib/python3.12/site-packages/airflow/example_dags/example_skip_dag.py
[2026-04-08T13:14:59.573+0530] {processor.py:914} INFO - Processing file /Users/navalyemul/Documents/uptime/airflow_venv/lib/python3.12/site-packages/airflow/example_dags/example_skip_dag.py for tasks to queue
[2026-04-08T13:14:59.574+0530] {logging_mixin.py:190} INFO - [2026-04-08T13:14:59.574+0530] {dagbag.py:588} INFO - Filling up the DagBag from /Users/navalyemul/Documents/uptime/airflow_venv/lib/python3.12/site-packages/airflow/example_dags/example_skip_dag.py
[2026-04-08T13:14:59.578+0530] {processor.py:925} INFO - DAG(s) 'example_skip_dag' retrieved from /Users/navalyemul/Documents/uptime/airflow_venv/lib/python3.12/site-packages/airflow/example_dags/example_skip_dag.py
[2026-04-08T13:14:59.623+0530] {logging_mixin.py:190} INFO - [2026-04-08T13:14:59.622+0530] {dag.py:3239} INFO - Sync 1 DAGs
[2026-04-08T13:14:59.632+0530] {logging_mixin.py:190} INFO - [2026-04-08T13:14:59.632+0530] {dag.py:4180} INFO - Setting next_dagrun for example_skip_dag to 2026-04-07 00:00:00+00:00, run_after=2026-04-08 00:00:00+00:00
[2026-04-08T13:14:59.641+0530] {processor.py:208} INFO - Processing /Users/navalyemul/Documents/uptime/airflow_venv/lib/python3.12/site-packages/airflow/example_dags/example_skip_dag.py took 0.070 seconds
[2026-04-08T13:16:23.644+0530] {processor.py:186} INFO - Started process (PID=36519) to work on /Users/navalyemul/Documents/uptime/airflow_venv/lib/python3.12/site-packages/airflow/example_dags/example_skip_dag.py
[2026-04-08T13:16:23.645+0530] {processor.py:914} INFO - Processing file /Users/navalyemul/Documents/uptime/airflow_venv/lib/python3.12/site-packages/airflow/example_dags/example_skip_dag.py for tasks to queue
[2026-04-08T13:16:23.645+0530] {logging_mixin.py:190} INFO - [2026-04-08T13:16:23.645+0530] {dagbag.py:588} INFO - Filling up the DagBag from /Users/navalyemul/Documents/uptime/airflow_venv/lib/python3.12/site-packages/airflow/example_dags/example_skip_dag.py
[2026-04-08T13:16:23.649+0530] {processor.py:925} INFO - DAG(s) 'example_skip_dag' retrieved from /Users/navalyemul/Documents/uptime/airflow_venv/lib/python3.12/site-packages/airflow/example_dags/example_skip_dag.py
[2026-04-08T13:16:23.693+0530] {logging_mixin.py:190} INFO - [2026-04-08T13:16:23.693+0530] {dag.py:3239} INFO - Sync 1 DAGs
[2026-04-08T13:16:23.702+0530] {logging_mixin.py:190} INFO - [2026-04-08T13:16:23.702+0530] {dag.py:4180} INFO - Setting next_dagrun for example_skip_dag to 2026-04-07 00:00:00+00:00, run_after=2026-04-08 00:00:00+00:00
[2026-04-08T13:16:23.711+0530] {processor.py:208} INFO - Processing /Users/navalyemul/Documents/uptime/airflow_venv/lib/python3.12/site-packages/airflow/example_dags/example_skip_dag.py took 0.069 seconds
[2026-04-08T13:17:46.491+0530] {processor.py:186} INFO - Started process (PID=37448) to work on /Users/navalyemul/Documents/uptime/airflow_venv/lib/python3.12/site-packages/airflow/example_dags/example_skip_dag.py
[2026-04-08T13:17:46.492+0530] {processor.py:914} INFO - Processing file /Users/navalyemul/Documents/uptime/airflow_venv/lib/python3.12/site-packages/airflow/example_dags/example_skip_dag.py for tasks to queue
[2026-04-08T13:17:46.492+0530] {logging_mixin.py:190} INFO - [2026-04-08T13:17:46.492+0530] {dagbag.py:588} INFO - Filling up the DagBag from /Users/navalyemul/Documents/uptime/airflow_venv/lib/python3.12/site-packages/airflow/example_dags/example_skip_dag.py
[2026-04-08T13:17:46.496+0530] {processor.py:925} INFO - DAG(s) 'example_skip_dag' retrieved from /Users/navalyemul/Documents/uptime/airflow_venv/lib/python3.12/site-packages/airflow/example_dags/example_skip_dag.py
[2026-04-08T13:17:46.539+0530] {logging_mixin.py:190} INFO - [2026-04-08T13:17:46.539+0530] {dag.py:3239} INFO - Sync 1 DAGs
[2026-04-08T13:17:46.548+0530] {logging_mixin.py:190} INFO - [2026-04-08T13:17:46.548+0530] {dag.py:4180} INFO - Setting next_dagrun for example_skip_dag to 2026-04-07 00:00:00+00:00, run_after=2026-04-08 00:00:00+00:00
[2026-04-08T13:17:46.557+0530] {processor.py:208} INFO - Processing /Users/navalyemul/Documents/uptime/airflow_venv/lib/python3.12/site-packages/airflow/example_dags/example_skip_dag.py took 0.068 seconds
[2026-04-08T13:19:16.146+0530] {processor.py:186} INFO - Started process (PID=38403) to work on /Users/navalyemul/Documents/uptime/airflow_venv/lib/python3.12/site-packages/airflow/example_dags/example_skip_dag.py
[2026-04-08T13:19:16.146+0530] {processor.py:914} INFO - Processing file /Users/navalyemul/Documents/uptime/airflow_venv/lib/python3.12/site-packages/airflow/example_dags/example_skip_dag.py for tasks to queue
[2026-04-08T13:19:16.147+0530] {logging_mixin.py:190} INFO - [2026-04-08T13:19:16.147+0530] {dagbag.py:588} INFO - Filling up the DagBag from /Users/navalyemul/Documents/uptime/airflow_venv/lib/python3.12/site-packages/airflow/example_dags/example_skip_dag.py
[2026-04-08T13:19:16.151+0530] {processor.py:925} INFO - DAG(s) 'example_skip_dag' retrieved from /Users/navalyemul/Documents/uptime/airflow_venv/lib/python3.12/site-packages/airflow/example_dags/example_skip_dag.py
[2026-04-08T13:19:16.193+0530] {logging_mixin.py:190} INFO - [2026-04-08T13:19:16.192+0530] {dag.py:3239} INFO - Sync 1 DAGs
[2026-04-08T13:19:16.202+0530] {logging_mixin.py:190} INFO - [2026-04-08T13:19:16.202+0530] {dag.py:4180} INFO - Setting next_dagrun for example_skip_dag to 2026-04-07 00:00:00+00:00, run_after=2026-04-08 00:00:00+00:00
[2026-04-08T13:19:16.210+0530] {processor.py:208} INFO - Processing /Users/navalyemul/Documents/uptime/airflow_venv/lib/python3.12/site-packages/airflow/example_dags/example_skip_dag.py took 0.066 seconds
[2026-04-08T13:28:49.098+0530] {processor.py:186} INFO - Started process (PID=39345) to work on /Users/navalyemul/Documents/uptime/airflow_venv/lib/python3.12/site-packages/airflow/example_dags/example_skip_dag.py
[2026-04-08T13:28:49.099+0530] {processor.py:914} INFO - Processing file /Users/navalyemul/Documents/uptime/airflow_venv/lib/python3.12/site-packages/airflow/example_dags/example_skip_dag.py for tasks to queue
[2026-04-08T13:28:49.099+0530] {logging_mixin.py:190} INFO - [2026-04-08T13:28:49.099+0530] {dagbag.py:588} INFO - Filling up the DagBag from /Users/navalyemul/Documents/uptime/airflow_venv/lib/python3.12/site-packages/airflow/example_dags/example_skip_dag.py
[2026-04-08T13:28:49.104+0530] {processor.py:925} INFO - DAG(s) 'example_skip_dag' retrieved from /Users/navalyemul/Documents/uptime/airflow_venv/lib/python3.12/site-packages/airflow/example_dags/example_skip_dag.py
[2026-04-08T13:28:49.147+0530] {logging_mixin.py:190} INFO - [2026-04-08T13:28:49.147+0530] {dag.py:3239} INFO - Sync 1 DAGs
[2026-04-08T13:28:49.156+0530] {logging_mixin.py:190} INFO - [2026-04-08T13:28:49.156+0530] {dag.py:4180} INFO - Setting next_dagrun for example_skip_dag to 2026-04-07 00:00:00+00:00, run_after=2026-04-08 00:00:00+00:00
[2026-04-08T13:28:49.165+0530] {processor.py:208} INFO - Processing /Users/navalyemul/Documents/uptime/airflow_venv/lib/python3.12/site-packages/airflow/example_dags/example_skip_dag.py took 0.068 seconds
[2026-04-08T13:33:49.668+0530] {processor.py:186} INFO - Started process (PID=40302) to work on /Users/navalyemul/Documents/uptime/airflow_venv/lib/python3.12/site-packages/airflow/example_dags/example_skip_dag.py
[2026-04-08T13:33:49.669+0530] {processor.py:914} INFO - Processing file /Users/navalyemul/Documents/uptime/airflow_venv/lib/python3.12/site-packages/airflow/example_dags/example_skip_dag.py for tasks to queue
[2026-04-08T13:33:49.669+0530] {logging_mixin.py:190} INFO - [2026-04-08T13:33:49.669+0530] {dagbag.py:588} INFO - Filling up the DagBag from /Users/navalyemul/Documents/uptime/airflow_venv/lib/python3.12/site-packages/airflow/example_dags/example_skip_dag.py
[2026-04-08T13:33:49.673+0530] {processor.py:925} INFO - DAG(s) 'example_skip_dag' retrieved from /Users/navalyemul/Documents/uptime/airflow_venv/lib/python3.12/site-packages/airflow/example_dags/example_skip_dag.py
[2026-04-08T13:33:49.715+0530] {logging_mixin.py:190} INFO - [2026-04-08T13:33:49.714+0530] {dag.py:3239} INFO - Sync 1 DAGs
[2026-04-08T13:33:49.724+0530] {logging_mixin.py:190} INFO - [2026-04-08T13:33:49.724+0530] {dag.py:4180} INFO - Setting next_dagrun for example_skip_dag to 2026-04-07 00:00:00+00:00, run_after=2026-04-08 00:00:00+00:00
[2026-04-08T13:33:49.733+0530] {processor.py:208} INFO - Processing /Users/navalyemul/Documents/uptime/airflow_venv/lib/python3.12/site-packages/airflow/example_dags/example_skip_dag.py took 0.066 seconds
[2026-04-08T13:35:29.927+0530] {processor.py:186} INFO - Started process (PID=41481) to work on /Users/navalyemul/Documents/uptime/airflow_venv/lib/python3.12/site-packages/airflow/example_dags/example_skip_dag.py
[2026-04-08T13:35:29.928+0530] {processor.py:914} INFO - Processing file /Users/navalyemul/Documents/uptime/airflow_venv/lib/python3.12/site-packages/airflow/example_dags/example_skip_dag.py for tasks to queue
[2026-04-08T13:35:29.929+0530] {logging_mixin.py:190} INFO - [2026-04-08T13:35:29.928+0530] {dagbag.py:588} INFO - Filling up the DagBag from /Users/navalyemul/Documents/uptime/airflow_venv/lib/python3.12/site-packages/airflow/example_dags/example_skip_dag.py
[2026-04-08T13:35:29.932+0530] {processor.py:925} INFO - DAG(s) 'example_skip_dag' retrieved from /Users/navalyemul/Documents/uptime/airflow_venv/lib/python3.12/site-packages/airflow/example_dags/example_skip_dag.py
[2026-04-08T13:35:29.974+0530] {logging_mixin.py:190} INFO - [2026-04-08T13:35:29.974+0530] {dag.py:3239} INFO - Sync 1 DAGs
[2026-04-08T13:35:29.982+0530] {logging_mixin.py:190} INFO - [2026-04-08T13:35:29.982+0530] {dag.py:4180} INFO - Setting next_dagrun for example_skip_dag to 2026-04-07 00:00:00+00:00, run_after=2026-04-08 00:00:00+00:00
[2026-04-08T13:35:29.990+0530] {processor.py:208} INFO - Processing /Users/navalyemul/Documents/uptime/airflow_venv/lib/python3.12/site-packages/airflow/example_dags/example_skip_dag.py took 0.065 seconds
[2026-04-08T13:46:20.871+0530] {processor.py:186} INFO - Started process (PID=42401) to work on /Users/navalyemul/Documents/uptime/airflow_venv/lib/python3.12/site-packages/airflow/example_dags/example_skip_dag.py
[2026-04-08T13:46:20.872+0530] {processor.py:914} INFO - Processing file /Users/navalyemul/Documents/uptime/airflow_venv/lib/python3.12/site-packages/airflow/example_dags/example_skip_dag.py for tasks to queue
[2026-04-08T13:46:20.872+0530] {logging_mixin.py:190} INFO - [2026-04-08T13:46:20.872+0530] {dagbag.py:588} INFO - Filling up the DagBag from /Users/navalyemul/Documents/uptime/airflow_venv/lib/python3.12/site-packages/airflow/example_dags/example_skip_dag.py
[2026-04-08T13:46:20.876+0530] {processor.py:925} INFO - DAG(s) 'example_skip_dag' retrieved from /Users/navalyemul/Documents/uptime/airflow_venv/lib/python3.12/site-packages/airflow/example_dags/example_skip_dag.py
[2026-04-08T13:46:20.919+0530] {logging_mixin.py:190} INFO - [2026-04-08T13:46:20.918+0530] {dag.py:3239} INFO - Sync 1 DAGs
[2026-04-08T13:46:20.927+0530] {logging_mixin.py:190} INFO - [2026-04-08T13:46:20.927+0530] {dag.py:4180} INFO - Setting next_dagrun for example_skip_dag to 2026-04-07 00:00:00+00:00, run_after=2026-04-08 00:00:00+00:00
[2026-04-08T13:46:20.935+0530] {processor.py:208} INFO - Processing /Users/navalyemul/Documents/uptime/airflow_venv/lib/python3.12/site-packages/airflow/example_dags/example_skip_dag.py took 0.065 seconds
[2026-04-08T13:54:38.861+0530] {processor.py:186} INFO - Started process (PID=43585) to work on /Users/navalyemul/Documents/uptime/airflow_venv/lib/python3.12/site-packages/airflow/example_dags/example_skip_dag.py
[2026-04-08T13:54:38.861+0530] {processor.py:914} INFO - Processing file /Users/navalyemul/Documents/uptime/airflow_venv/lib/python3.12/site-packages/airflow/example_dags/example_skip_dag.py for tasks to queue
[2026-04-08T13:54:38.862+0530] {logging_mixin.py:190} INFO - [2026-04-08T13:54:38.862+0530] {dagbag.py:588} INFO - Filling up the DagBag from /Users/navalyemul/Documents/uptime/airflow_venv/lib/python3.12/site-packages/airflow/example_dags/example_skip_dag.py
[2026-04-08T13:54:38.866+0530] {processor.py:925} INFO - DAG(s) 'example_skip_dag' retrieved from /Users/navalyemul/Documents/uptime/airflow_venv/lib/python3.12/site-packages/airflow/example_dags/example_skip_dag.py
[2026-04-08T13:54:38.908+0530] {logging_mixin.py:190} INFO - [2026-04-08T13:54:38.908+0530] {dag.py:3239} INFO - Sync 1 DAGs
[2026-04-08T13:54:38.917+0530] {logging_mixin.py:190} INFO - [2026-04-08T13:54:38.916+0530] {dag.py:4180} INFO - Setting next_dagrun for example_skip_dag to 2026-04-07 00:00:00+00:00, run_after=2026-04-08 00:00:00+00:00
[2026-04-08T13:54:38.924+0530] {processor.py:208} INFO - Processing /Users/navalyemul/Documents/uptime/airflow_venv/lib/python3.12/site-packages/airflow/example_dags/example_skip_dag.py took 0.065 seconds
[2026-04-08T13:56:34.540+0530] {processor.py:186} INFO - Started process (PID=44659) to work on /Users/navalyemul/Documents/uptime/airflow_venv/lib/python3.12/site-packages/airflow/example_dags/example_skip_dag.py
[2026-04-08T13:56:34.541+0530] {processor.py:914} INFO - Processing file /Users/navalyemul/Documents/uptime/airflow_venv/lib/python3.12/site-packages/airflow/example_dags/example_skip_dag.py for tasks to queue
[2026-04-08T13:56:34.542+0530] {logging_mixin.py:190} INFO - [2026-04-08T13:56:34.542+0530] {dagbag.py:588} INFO - Filling up the DagBag from /Users/navalyemul/Documents/uptime/airflow_venv/lib/python3.12/site-packages/airflow/example_dags/example_skip_dag.py
[2026-04-08T13:56:34.550+0530] {processor.py:925} INFO - DAG(s) 'example_skip_dag' retrieved from /Users/navalyemul/Documents/uptime/airflow_venv/lib/python3.12/site-packages/airflow/example_dags/example_skip_dag.py
[2026-04-08T13:56:34.597+0530] {logging_mixin.py:190} INFO - [2026-04-08T13:56:34.597+0530] {dag.py:3239} INFO - Sync 1 DAGs
[2026-04-08T13:56:34.608+0530] {logging_mixin.py:190} INFO - [2026-04-08T13:56:34.608+0530] {dag.py:4180} INFO - Setting next_dagrun for example_skip_dag to 2026-04-07 00:00:00+00:00, run_after=2026-04-08 00:00:00+00:00
[2026-04-08T13:56:34.619+0530] {processor.py:208} INFO - Processing /Users/navalyemul/Documents/uptime/airflow_venv/lib/python3.12/site-packages/airflow/example_dags/example_skip_dag.py took 0.081 seconds
[2026-04-08T13:58:16.987+0530] {processor.py:186} INFO - Started process (PID=45691) to work on /Users/navalyemul/Documents/uptime/airflow_venv/lib/python3.12/site-packages/airflow/example_dags/example_skip_dag.py
[2026-04-08T13:58:16.988+0530] {processor.py:914} INFO - Processing file /Users/navalyemul/Documents/uptime/airflow_venv/lib/python3.12/site-packages/airflow/example_dags/example_skip_dag.py for tasks to queue
[2026-04-08T13:58:16.990+0530] {logging_mixin.py:190} INFO - [2026-04-08T13:58:16.990+0530] {dagbag.py:588} INFO - Filling up the DagBag from /Users/navalyemul/Documents/uptime/airflow_venv/lib/python3.12/site-packages/airflow/example_dags/example_skip_dag.py
[2026-04-08T13:58:16.997+0530] {processor.py:925} INFO - DAG(s) 'example_skip_dag' retrieved from /Users/navalyemul/Documents/uptime/airflow_venv/lib/python3.12/site-packages/airflow/example_dags/example_skip_dag.py
[2026-04-08T13:58:17.050+0530] {logging_mixin.py:190} INFO - [2026-04-08T13:58:17.049+0530] {dag.py:3239} INFO - Sync 1 DAGs
[2026-04-08T13:58:17.061+0530] {logging_mixin.py:190} INFO - [2026-04-08T13:58:17.061+0530] {dag.py:4180} INFO - Setting next_dagrun for example_skip_dag to 2026-04-07 00:00:00+00:00, run_after=2026-04-08 00:00:00+00:00
[2026-04-08T13:58:17.072+0530] {processor.py:208} INFO - Processing /Users/navalyemul/Documents/uptime/airflow_venv/lib/python3.12/site-packages/airflow/example_dags/example_skip_dag.py took 0.089 seconds
