[2026-04-08T12:44:33.840+0530] {processor.py:186} INFO - Started process (PID=16039) to work on /Users/navalyemul/Documents/uptime/airflow_venv/lib/python3.12/site-packages/airflow/example_dags/example_sensor_decorator.py
[2026-04-08T12:44:33.841+0530] {processor.py:914} INFO - Processing file /Users/navalyemul/Documents/uptime/airflow_venv/lib/python3.12/site-packages/airflow/example_dags/example_sensor_decorator.py for tasks to queue
[2026-04-08T12:44:33.841+0530] {logging_mixin.py:190} INFO - [2026-04-08T12:44:33.841+0530] {dagbag.py:588} INFO - Filling up the DagBag from /Users/navalyemul/Documents/uptime/airflow_venv/lib/python3.12/site-packages/airflow/example_dags/example_sensor_decorator.py
[2026-04-08T12:44:33.870+0530] {processor.py:925} INFO - DAG(s) 'example_sensor_decorator' retrieved from /Users/navalyemul/Documents/uptime/airflow_venv/lib/python3.12/site-packages/airflow/example_dags/example_sensor_decorator.py
[2026-04-08T12:44:33.912+0530] {logging_mixin.py:190} INFO - [2026-04-08T12:44:33.912+0530] {workday.py:41} WARNING - Could not import pandas. Holidays will not be considered.
[2026-04-08T12:44:33.964+0530] {logging_mixin.py:190} INFO - [2026-04-08T12:44:33.963+0530] {override.py:1912} INFO - Created Permission View: can delete on DAG:example_sensor_decorator
[2026-04-08T12:44:33.968+0530] {logging_mixin.py:190} INFO - [2026-04-08T12:44:33.968+0530] {override.py:1912} INFO - Created Permission View: can edit on DAG:example_sensor_decorator
[2026-04-08T12:44:33.971+0530] {logging_mixin.py:190} INFO - [2026-04-08T12:44:33.971+0530] {override.py:1912} INFO - Created Permission View: can read on DAG:example_sensor_decorator
[2026-04-08T12:44:33.975+0530] {logging_mixin.py:190} INFO - [2026-04-08T12:44:33.974+0530] {override.py:1912} INFO - Created Permission View: can delete on DAG Run:example_sensor_decorator
[2026-04-08T12:44:33.978+0530] {logging_mixin.py:190} INFO - [2026-04-08T12:44:33.978+0530] {override.py:1912} INFO - Created Permission View: can read on DAG Run:example_sensor_decorator
[2026-04-08T12:44:33.980+0530] {logging_mixin.py:190} INFO - [2026-04-08T12:44:33.980+0530] {override.py:1912} INFO - Created Permission View: can create on DAG Run:example_sensor_decorator
[2026-04-08T12:44:33.984+0530] {logging_mixin.py:190} INFO - [2026-04-08T12:44:33.984+0530] {override.py:1912} INFO - Created Permission View: menu access on DAG Run:example_sensor_decorator
[2026-04-08T12:44:33.984+0530] {logging_mixin.py:190} INFO - [2026-04-08T12:44:33.984+0530] {dag.py:3239} INFO - Sync 1 DAGs
[2026-04-08T12:44:33.990+0530] {logging_mixin.py:190} INFO - [2026-04-08T12:44:33.990+0530] {dag.py:3262} INFO - Creating ORM DAG for example_sensor_decorator
[2026-04-08T12:44:33.990+0530] {logging_mixin.py:190} INFO - [2026-04-08T12:44:33.990+0530] {dag.py:4180} INFO - Setting next_dagrun for example_sensor_decorator to None, run_after=None
[2026-04-08T12:44:34.037+0530] {processor.py:208} INFO - Processing /Users/navalyemul/Documents/uptime/airflow_venv/lib/python3.12/site-packages/airflow/example_dags/example_sensor_decorator.py took 0.199 seconds
[2026-04-08T12:47:07.335+0530] {processor.py:186} INFO - Started process (PID=17562) to work on /Users/navalyemul/Documents/uptime/airflow_venv/lib/python3.12/site-packages/airflow/example_dags/example_sensor_decorator.py
[2026-04-08T12:47:07.336+0530] {processor.py:914} INFO - Processing file /Users/navalyemul/Documents/uptime/airflow_venv/lib/python3.12/site-packages/airflow/example_dags/example_sensor_decorator.py for tasks to queue
[2026-04-08T12:47:07.337+0530] {logging_mixin.py:190} INFO - [2026-04-08T12:47:07.337+0530] {dagbag.py:588} INFO - Filling up the DagBag from /Users/navalyemul/Documents/uptime/airflow_venv/lib/python3.12/site-packages/airflow/example_dags/example_sensor_decorator.py
[2026-04-08T12:47:07.358+0530] {processor.py:925} INFO - DAG(s) 'example_sensor_decorator' retrieved from /Users/navalyemul/Documents/uptime/airflow_venv/lib/python3.12/site-packages/airflow/example_dags/example_sensor_decorator.py
[2026-04-08T12:47:07.394+0530] {logging_mixin.py:190} INFO - [2026-04-08T12:47:07.394+0530] {workday.py:41} WARNING - Could not import pandas. Holidays will not be considered.
[2026-04-08T12:47:07.404+0530] {logging_mixin.py:190} INFO - [2026-04-08T12:47:07.404+0530] {dag.py:3239} INFO - Sync 1 DAGs
[2026-04-08T12:47:07.408+0530] {logging_mixin.py:190} INFO - [2026-04-08T12:47:07.408+0530] {dag.py:4180} INFO - Setting next_dagrun for example_sensor_decorator to None, run_after=None
[2026-04-08T12:47:07.416+0530] {processor.py:208} INFO - Processing /Users/navalyemul/Documents/uptime/airflow_venv/lib/python3.12/site-packages/airflow/example_dags/example_sensor_decorator.py took 0.083 seconds
[2026-04-08T12:49:02.519+0530] {processor.py:186} INFO - Started process (PID=18886) to work on /Users/navalyemul/Documents/uptime/airflow_venv/lib/python3.12/site-packages/airflow/example_dags/example_sensor_decorator.py
[2026-04-08T12:49:02.520+0530] {processor.py:914} INFO - Processing file /Users/navalyemul/Documents/uptime/airflow_venv/lib/python3.12/site-packages/airflow/example_dags/example_sensor_decorator.py for tasks to queue
[2026-04-08T12:49:02.521+0530] {logging_mixin.py:190} INFO - [2026-04-08T12:49:02.521+0530] {dagbag.py:588} INFO - Filling up the DagBag from /Users/navalyemul/Documents/uptime/airflow_venv/lib/python3.12/site-packages/airflow/example_dags/example_sensor_decorator.py
[2026-04-08T12:49:02.542+0530] {processor.py:925} INFO - DAG(s) 'example_sensor_decorator' retrieved from /Users/navalyemul/Documents/uptime/airflow_venv/lib/python3.12/site-packages/airflow/example_dags/example_sensor_decorator.py
[2026-04-08T12:49:02.577+0530] {logging_mixin.py:190} INFO - [2026-04-08T12:49:02.577+0530] {workday.py:41} WARNING - Could not import pandas. Holidays will not be considered.
[2026-04-08T12:49:02.586+0530] {logging_mixin.py:190} INFO - [2026-04-08T12:49:02.586+0530] {dag.py:3239} INFO - Sync 1 DAGs
[2026-04-08T12:49:02.591+0530] {logging_mixin.py:190} INFO - [2026-04-08T12:49:02.591+0530] {dag.py:4180} INFO - Setting next_dagrun for example_sensor_decorator to None, run_after=None
[2026-04-08T12:49:02.599+0530] {processor.py:208} INFO - Processing /Users/navalyemul/Documents/uptime/airflow_venv/lib/python3.12/site-packages/airflow/example_dags/example_sensor_decorator.py took 0.081 seconds
[2026-04-08T12:51:59.133+0530] {processor.py:186} INFO - Started process (PID=20762) to work on /Users/navalyemul/Documents/uptime/airflow_venv/lib/python3.12/site-packages/airflow/example_dags/example_sensor_decorator.py
[2026-04-08T12:51:59.134+0530] {processor.py:914} INFO - Processing file /Users/navalyemul/Documents/uptime/airflow_venv/lib/python3.12/site-packages/airflow/example_dags/example_sensor_decorator.py for tasks to queue
[2026-04-08T12:51:59.135+0530] {logging_mixin.py:190} INFO - [2026-04-08T12:51:59.135+0530] {dagbag.py:588} INFO - Filling up the DagBag from /Users/navalyemul/Documents/uptime/airflow_venv/lib/python3.12/site-packages/airflow/example_dags/example_sensor_decorator.py
[2026-04-08T12:51:59.156+0530] {processor.py:925} INFO - DAG(s) 'example_sensor_decorator' retrieved from /Users/navalyemul/Documents/uptime/airflow_venv/lib/python3.12/site-packages/airflow/example_dags/example_sensor_decorator.py
[2026-04-08T12:51:59.192+0530] {logging_mixin.py:190} INFO - [2026-04-08T12:51:59.192+0530] {workday.py:41} WARNING - Could not import pandas. Holidays will not be considered.
[2026-04-08T12:51:59.202+0530] {logging_mixin.py:190} INFO - [2026-04-08T12:51:59.201+0530] {dag.py:3239} INFO - Sync 1 DAGs
[2026-04-08T12:51:59.207+0530] {logging_mixin.py:190} INFO - [2026-04-08T12:51:59.207+0530] {dag.py:4180} INFO - Setting next_dagrun for example_sensor_decorator to None, run_after=None
[2026-04-08T12:51:59.216+0530] {processor.py:208} INFO - Processing /Users/navalyemul/Documents/uptime/airflow_venv/lib/python3.12/site-packages/airflow/example_dags/example_sensor_decorator.py took 0.084 seconds
[2026-04-08T12:53:50.751+0530] {processor.py:186} INFO - Started process (PID=21714) to work on /Users/navalyemul/Documents/uptime/airflow_venv/lib/python3.12/site-packages/airflow/example_dags/example_sensor_decorator.py
[2026-04-08T12:53:50.752+0530] {processor.py:914} INFO - Processing file /Users/navalyemul/Documents/uptime/airflow_venv/lib/python3.12/site-packages/airflow/example_dags/example_sensor_decorator.py for tasks to queue
[2026-04-08T12:53:50.753+0530] {logging_mixin.py:190} INFO - [2026-04-08T12:53:50.753+0530] {dagbag.py:588} INFO - Filling up the DagBag from /Users/navalyemul/Documents/uptime/airflow_venv/lib/python3.12/site-packages/airflow/example_dags/example_sensor_decorator.py
[2026-04-08T12:53:50.779+0530] {processor.py:925} INFO - DAG(s) 'example_sensor_decorator' retrieved from /Users/navalyemul/Documents/uptime/airflow_venv/lib/python3.12/site-packages/airflow/example_dags/example_sensor_decorator.py
[2026-04-08T12:53:50.823+0530] {logging_mixin.py:190} INFO - [2026-04-08T12:53:50.823+0530] {workday.py:41} WARNING - Could not import pandas. Holidays will not be considered.
[2026-04-08T12:53:50.835+0530] {logging_mixin.py:190} INFO - [2026-04-08T12:53:50.834+0530] {dag.py:3239} INFO - Sync 1 DAGs
[2026-04-08T12:53:50.843+0530] {logging_mixin.py:190} INFO - [2026-04-08T12:53:50.843+0530] {dag.py:4180} INFO - Setting next_dagrun for example_sensor_decorator to None, run_after=None
[2026-04-08T12:53:50.855+0530] {processor.py:208} INFO - Processing /Users/navalyemul/Documents/uptime/airflow_venv/lib/python3.12/site-packages/airflow/example_dags/example_sensor_decorator.py took 0.108 seconds
[2026-04-08T12:55:35.647+0530] {processor.py:186} INFO - Started process (PID=22598) to work on /Users/navalyemul/Documents/uptime/airflow_venv/lib/python3.12/site-packages/airflow/example_dags/example_sensor_decorator.py
[2026-04-08T12:55:35.651+0530] {processor.py:914} INFO - Processing file /Users/navalyemul/Documents/uptime/airflow_venv/lib/python3.12/site-packages/airflow/example_dags/example_sensor_decorator.py for tasks to queue
[2026-04-08T12:55:35.652+0530] {logging_mixin.py:190} INFO - [2026-04-08T12:55:35.652+0530] {dagbag.py:588} INFO - Filling up the DagBag from /Users/navalyemul/Documents/uptime/airflow_venv/lib/python3.12/site-packages/airflow/example_dags/example_sensor_decorator.py
[2026-04-08T12:55:35.693+0530] {processor.py:925} INFO - DAG(s) 'example_sensor_decorator' retrieved from /Users/navalyemul/Documents/uptime/airflow_venv/lib/python3.12/site-packages/airflow/example_dags/example_sensor_decorator.py
[2026-04-08T12:55:35.755+0530] {logging_mixin.py:190} INFO - [2026-04-08T12:55:35.755+0530] {workday.py:41} WARNING - Could not import pandas. Holidays will not be considered.
[2026-04-08T12:55:35.767+0530] {logging_mixin.py:190} INFO - [2026-04-08T12:55:35.767+0530] {dag.py:3239} INFO - Sync 1 DAGs
[2026-04-08T12:55:35.773+0530] {logging_mixin.py:190} INFO - [2026-04-08T12:55:35.773+0530] {dag.py:4180} INFO - Setting next_dagrun for example_sensor_decorator to None, run_after=None
[2026-04-08T12:55:35.783+0530] {processor.py:208} INFO - Processing /Users/navalyemul/Documents/uptime/airflow_venv/lib/python3.12/site-packages/airflow/example_dags/example_sensor_decorator.py took 0.140 seconds
[2026-04-08T12:57:07.676+0530] {processor.py:186} INFO - Started process (PID=23580) to work on /Users/navalyemul/Documents/uptime/airflow_venv/lib/python3.12/site-packages/airflow/example_dags/example_sensor_decorator.py
[2026-04-08T12:57:07.677+0530] {processor.py:914} INFO - Processing file /Users/navalyemul/Documents/uptime/airflow_venv/lib/python3.12/site-packages/airflow/example_dags/example_sensor_decorator.py for tasks to queue
[2026-04-08T12:57:07.678+0530] {logging_mixin.py:190} INFO - [2026-04-08T12:57:07.678+0530] {dagbag.py:588} INFO - Filling up the DagBag from /Users/navalyemul/Documents/uptime/airflow_venv/lib/python3.12/site-packages/airflow/example_dags/example_sensor_decorator.py
[2026-04-08T12:57:07.699+0530] {processor.py:925} INFO - DAG(s) 'example_sensor_decorator' retrieved from /Users/navalyemul/Documents/uptime/airflow_venv/lib/python3.12/site-packages/airflow/example_dags/example_sensor_decorator.py
[2026-04-08T12:57:07.737+0530] {logging_mixin.py:190} INFO - [2026-04-08T12:57:07.737+0530] {workday.py:41} WARNING - Could not import pandas. Holidays will not be considered.
[2026-04-08T12:57:07.747+0530] {logging_mixin.py:190} INFO - [2026-04-08T12:57:07.746+0530] {dag.py:3239} INFO - Sync 1 DAGs
[2026-04-08T12:57:07.751+0530] {logging_mixin.py:190} INFO - [2026-04-08T12:57:07.751+0530] {dag.py:4180} INFO - Setting next_dagrun for example_sensor_decorator to None, run_after=None
[2026-04-08T12:57:07.758+0530] {processor.py:208} INFO - Processing /Users/navalyemul/Documents/uptime/airflow_venv/lib/python3.12/site-packages/airflow/example_dags/example_sensor_decorator.py took 0.084 seconds
[2026-04-08T12:58:36.128+0530] {processor.py:186} INFO - Started process (PID=24500) to work on /Users/navalyemul/Documents/uptime/airflow_venv/lib/python3.12/site-packages/airflow/example_dags/example_sensor_decorator.py
[2026-04-08T12:58:36.129+0530] {processor.py:914} INFO - Processing file /Users/navalyemul/Documents/uptime/airflow_venv/lib/python3.12/site-packages/airflow/example_dags/example_sensor_decorator.py for tasks to queue
[2026-04-08T12:58:36.131+0530] {logging_mixin.py:190} INFO - [2026-04-08T12:58:36.130+0530] {dagbag.py:588} INFO - Filling up the DagBag from /Users/navalyemul/Documents/uptime/airflow_venv/lib/python3.12/site-packages/airflow/example_dags/example_sensor_decorator.py
[2026-04-08T12:58:36.161+0530] {processor.py:925} INFO - DAG(s) 'example_sensor_decorator' retrieved from /Users/navalyemul/Documents/uptime/airflow_venv/lib/python3.12/site-packages/airflow/example_dags/example_sensor_decorator.py
[2026-04-08T12:58:36.200+0530] {logging_mixin.py:190} INFO - [2026-04-08T12:58:36.200+0530] {workday.py:41} WARNING - Could not import pandas. Holidays will not be considered.
[2026-04-08T12:58:36.210+0530] {logging_mixin.py:190} INFO - [2026-04-08T12:58:36.210+0530] {dag.py:3239} INFO - Sync 1 DAGs
[2026-04-08T12:58:36.215+0530] {logging_mixin.py:190} INFO - [2026-04-08T12:58:36.214+0530] {dag.py:4180} INFO - Setting next_dagrun for example_sensor_decorator to None, run_after=None
[2026-04-08T12:58:36.223+0530] {processor.py:208} INFO - Processing /Users/navalyemul/Documents/uptime/airflow_venv/lib/python3.12/site-packages/airflow/example_dags/example_sensor_decorator.py took 0.097 seconds
[2026-04-08T13:01:18.771+0530] {processor.py:186} INFO - Started process (PID=26344) to work on /Users/navalyemul/Documents/uptime/airflow_venv/lib/python3.12/site-packages/airflow/example_dags/example_sensor_decorator.py
[2026-04-08T13:01:18.772+0530] {processor.py:914} INFO - Processing file /Users/navalyemul/Documents/uptime/airflow_venv/lib/python3.12/site-packages/airflow/example_dags/example_sensor_decorator.py for tasks to queue
[2026-04-08T13:01:18.773+0530] {logging_mixin.py:190} INFO - [2026-04-08T13:01:18.772+0530] {dagbag.py:588} INFO - Filling up the DagBag from /Users/navalyemul/Documents/uptime/airflow_venv/lib/python3.12/site-packages/airflow/example_dags/example_sensor_decorator.py
[2026-04-08T13:01:18.794+0530] {processor.py:925} INFO - DAG(s) 'example_sensor_decorator' retrieved from /Users/navalyemul/Documents/uptime/airflow_venv/lib/python3.12/site-packages/airflow/example_dags/example_sensor_decorator.py
[2026-04-08T13:01:18.829+0530] {logging_mixin.py:190} INFO - [2026-04-08T13:01:18.829+0530] {workday.py:41} WARNING - Could not import pandas. Holidays will not be considered.
[2026-04-08T13:01:18.838+0530] {logging_mixin.py:190} INFO - [2026-04-08T13:01:18.838+0530] {dag.py:3239} INFO - Sync 1 DAGs
[2026-04-08T13:01:18.842+0530] {logging_mixin.py:190} INFO - [2026-04-08T13:01:18.842+0530] {dag.py:4180} INFO - Setting next_dagrun for example_sensor_decorator to None, run_after=None
[2026-04-08T13:01:18.851+0530] {processor.py:208} INFO - Processing /Users/navalyemul/Documents/uptime/airflow_venv/lib/python3.12/site-packages/airflow/example_dags/example_sensor_decorator.py took 0.082 seconds
[2026-04-08T13:04:04.950+0530] {processor.py:186} INFO - Started process (PID=28292) to work on /Users/navalyemul/Documents/uptime/airflow_venv/lib/python3.12/site-packages/airflow/example_dags/example_sensor_decorator.py
[2026-04-08T13:04:04.951+0530] {processor.py:914} INFO - Processing file /Users/navalyemul/Documents/uptime/airflow_venv/lib/python3.12/site-packages/airflow/example_dags/example_sensor_decorator.py for tasks to queue
[2026-04-08T13:04:04.952+0530] {logging_mixin.py:190} INFO - [2026-04-08T13:04:04.951+0530] {dagbag.py:588} INFO - Filling up the DagBag from /Users/navalyemul/Documents/uptime/airflow_venv/lib/python3.12/site-packages/airflow/example_dags/example_sensor_decorator.py
[2026-04-08T13:04:04.978+0530] {processor.py:925} INFO - DAG(s) 'example_sensor_decorator' retrieved from /Users/navalyemul/Documents/uptime/airflow_venv/lib/python3.12/site-packages/airflow/example_dags/example_sensor_decorator.py
[2026-04-08T13:04:05.016+0530] {logging_mixin.py:190} INFO - [2026-04-08T13:04:05.016+0530] {workday.py:41} WARNING - Could not import pandas. Holidays will not be considered.
[2026-04-08T13:04:05.028+0530] {logging_mixin.py:190} INFO - [2026-04-08T13:04:05.028+0530] {dag.py:3239} INFO - Sync 1 DAGs
[2026-04-08T13:04:05.034+0530] {logging_mixin.py:190} INFO - [2026-04-08T13:04:05.034+0530] {dag.py:4180} INFO - Setting next_dagrun for example_sensor_decorator to None, run_after=None
[2026-04-08T13:04:05.043+0530] {processor.py:208} INFO - Processing /Users/navalyemul/Documents/uptime/airflow_venv/lib/python3.12/site-packages/airflow/example_dags/example_sensor_decorator.py took 0.096 seconds
[2026-04-08T13:06:52.998+0530] {processor.py:186} INFO - Started process (PID=30142) to work on /Users/navalyemul/Documents/uptime/airflow_venv/lib/python3.12/site-packages/airflow/example_dags/example_sensor_decorator.py
[2026-04-08T13:06:52.999+0530] {processor.py:914} INFO - Processing file /Users/navalyemul/Documents/uptime/airflow_venv/lib/python3.12/site-packages/airflow/example_dags/example_sensor_decorator.py for tasks to queue
[2026-04-08T13:06:53.000+0530] {logging_mixin.py:190} INFO - [2026-04-08T13:06:52.999+0530] {dagbag.py:588} INFO - Filling up the DagBag from /Users/navalyemul/Documents/uptime/airflow_venv/lib/python3.12/site-packages/airflow/example_dags/example_sensor_decorator.py
[2026-04-08T13:06:53.022+0530] {processor.py:925} INFO - DAG(s) 'example_sensor_decorator' retrieved from /Users/navalyemul/Documents/uptime/airflow_venv/lib/python3.12/site-packages/airflow/example_dags/example_sensor_decorator.py
[2026-04-08T13:06:53.058+0530] {logging_mixin.py:190} INFO - [2026-04-08T13:06:53.058+0530] {workday.py:41} WARNING - Could not import pandas. Holidays will not be considered.
[2026-04-08T13:06:53.068+0530] {logging_mixin.py:190} INFO - [2026-04-08T13:06:53.068+0530] {dag.py:3239} INFO - Sync 1 DAGs
[2026-04-08T13:06:53.073+0530] {logging_mixin.py:190} INFO - [2026-04-08T13:06:53.073+0530] {dag.py:4180} INFO - Setting next_dagrun for example_sensor_decorator to None, run_after=None
[2026-04-08T13:06:53.083+0530] {processor.py:208} INFO - Processing /Users/navalyemul/Documents/uptime/airflow_venv/lib/python3.12/site-packages/airflow/example_dags/example_sensor_decorator.py took 0.086 seconds
[2026-04-08T13:09:39.099+0530] {processor.py:186} INFO - Started process (PID=31947) to work on /Users/navalyemul/Documents/uptime/airflow_venv/lib/python3.12/site-packages/airflow/example_dags/example_sensor_decorator.py
[2026-04-08T13:09:39.100+0530] {processor.py:914} INFO - Processing file /Users/navalyemul/Documents/uptime/airflow_venv/lib/python3.12/site-packages/airflow/example_dags/example_sensor_decorator.py for tasks to queue
[2026-04-08T13:09:39.100+0530] {logging_mixin.py:190} INFO - [2026-04-08T13:09:39.100+0530] {dagbag.py:588} INFO - Filling up the DagBag from /Users/navalyemul/Documents/uptime/airflow_venv/lib/python3.12/site-packages/airflow/example_dags/example_sensor_decorator.py
[2026-04-08T13:09:39.124+0530] {processor.py:925} INFO - DAG(s) 'example_sensor_decorator' retrieved from /Users/navalyemul/Documents/uptime/airflow_venv/lib/python3.12/site-packages/airflow/example_dags/example_sensor_decorator.py
[2026-04-08T13:09:39.160+0530] {logging_mixin.py:190} INFO - [2026-04-08T13:09:39.160+0530] {workday.py:41} WARNING - Could not import pandas. Holidays will not be considered.
[2026-04-08T13:09:39.169+0530] {logging_mixin.py:190} INFO - [2026-04-08T13:09:39.169+0530] {dag.py:3239} INFO - Sync 1 DAGs
[2026-04-08T13:09:39.174+0530] {logging_mixin.py:190} INFO - [2026-04-08T13:09:39.174+0530] {dag.py:4180} INFO - Setting next_dagrun for example_sensor_decorator to None, run_after=None
[2026-04-08T13:09:39.182+0530] {processor.py:208} INFO - Processing /Users/navalyemul/Documents/uptime/airflow_venv/lib/python3.12/site-packages/airflow/example_dags/example_sensor_decorator.py took 0.085 seconds
[2026-04-08T13:12:24.543+0530] {processor.py:186} INFO - Started process (PID=33821) to work on /Users/navalyemul/Documents/uptime/airflow_venv/lib/python3.12/site-packages/airflow/example_dags/example_sensor_decorator.py
[2026-04-08T13:12:24.544+0530] {processor.py:914} INFO - Processing file /Users/navalyemul/Documents/uptime/airflow_venv/lib/python3.12/site-packages/airflow/example_dags/example_sensor_decorator.py for tasks to queue
[2026-04-08T13:12:24.545+0530] {logging_mixin.py:190} INFO - [2026-04-08T13:12:24.545+0530] {dagbag.py:588} INFO - Filling up the DagBag from /Users/navalyemul/Documents/uptime/airflow_venv/lib/python3.12/site-packages/airflow/example_dags/example_sensor_decorator.py
[2026-04-08T13:12:24.566+0530] {processor.py:925} INFO - DAG(s) 'example_sensor_decorator' retrieved from /Users/navalyemul/Documents/uptime/airflow_venv/lib/python3.12/site-packages/airflow/example_dags/example_sensor_decorator.py
[2026-04-08T13:12:24.602+0530] {logging_mixin.py:190} INFO - [2026-04-08T13:12:24.602+0530] {workday.py:41} WARNING - Could not import pandas. Holidays will not be considered.
[2026-04-08T13:12:24.612+0530] {logging_mixin.py:190} INFO - [2026-04-08T13:12:24.612+0530] {dag.py:3239} INFO - Sync 1 DAGs
[2026-04-08T13:12:24.617+0530] {logging_mixin.py:190} INFO - [2026-04-08T13:12:24.617+0530] {dag.py:4180} INFO - Setting next_dagrun for example_sensor_decorator to None, run_after=None
[2026-04-08T13:12:24.625+0530] {processor.py:208} INFO - Processing /Users/navalyemul/Documents/uptime/airflow_venv/lib/python3.12/site-packages/airflow/example_dags/example_sensor_decorator.py took 0.083 seconds
[2026-04-08T13:15:11.002+0530] {processor.py:186} INFO - Started process (PID=35691) to work on /Users/navalyemul/Documents/uptime/airflow_venv/lib/python3.12/site-packages/airflow/example_dags/example_sensor_decorator.py
[2026-04-08T13:15:11.003+0530] {processor.py:914} INFO - Processing file /Users/navalyemul/Documents/uptime/airflow_venv/lib/python3.12/site-packages/airflow/example_dags/example_sensor_decorator.py for tasks to queue
[2026-04-08T13:15:11.003+0530] {logging_mixin.py:190} INFO - [2026-04-08T13:15:11.003+0530] {dagbag.py:588} INFO - Filling up the DagBag from /Users/navalyemul/Documents/uptime/airflow_venv/lib/python3.12/site-packages/airflow/example_dags/example_sensor_decorator.py
[2026-04-08T13:15:11.024+0530] {processor.py:925} INFO - DAG(s) 'example_sensor_decorator' retrieved from /Users/navalyemul/Documents/uptime/airflow_venv/lib/python3.12/site-packages/airflow/example_dags/example_sensor_decorator.py
[2026-04-08T13:15:11.061+0530] {logging_mixin.py:190} INFO - [2026-04-08T13:15:11.061+0530] {workday.py:41} WARNING - Could not import pandas. Holidays will not be considered.
[2026-04-08T13:15:11.071+0530] {logging_mixin.py:190} INFO - [2026-04-08T13:15:11.071+0530] {dag.py:3239} INFO - Sync 1 DAGs
[2026-04-08T13:15:11.076+0530] {logging_mixin.py:190} INFO - [2026-04-08T13:15:11.076+0530] {dag.py:4180} INFO - Setting next_dagrun for example_sensor_decorator to None, run_after=None
[2026-04-08T13:15:11.085+0530] {processor.py:208} INFO - Processing /Users/navalyemul/Documents/uptime/airflow_venv/lib/python3.12/site-packages/airflow/example_dags/example_sensor_decorator.py took 0.085 seconds
[2026-04-08T13:17:58.887+0530] {processor.py:186} INFO - Started process (PID=37584) to work on /Users/navalyemul/Documents/uptime/airflow_venv/lib/python3.12/site-packages/airflow/example_dags/example_sensor_decorator.py
[2026-04-08T13:17:58.889+0530] {processor.py:914} INFO - Processing file /Users/navalyemul/Documents/uptime/airflow_venv/lib/python3.12/site-packages/airflow/example_dags/example_sensor_decorator.py for tasks to queue
[2026-04-08T13:17:58.889+0530] {logging_mixin.py:190} INFO - [2026-04-08T13:17:58.889+0530] {dagbag.py:588} INFO - Filling up the DagBag from /Users/navalyemul/Documents/uptime/airflow_venv/lib/python3.12/site-packages/airflow/example_dags/example_sensor_decorator.py
[2026-04-08T13:17:58.912+0530] {processor.py:925} INFO - DAG(s) 'example_sensor_decorator' retrieved from /Users/navalyemul/Documents/uptime/airflow_venv/lib/python3.12/site-packages/airflow/example_dags/example_sensor_decorator.py
[2026-04-08T13:17:58.948+0530] {logging_mixin.py:190} INFO - [2026-04-08T13:17:58.948+0530] {workday.py:41} WARNING - Could not import pandas. Holidays will not be considered.
[2026-04-08T13:17:58.959+0530] {logging_mixin.py:190} INFO - [2026-04-08T13:17:58.958+0530] {dag.py:3239} INFO - Sync 1 DAGs
[2026-04-08T13:17:58.964+0530] {logging_mixin.py:190} INFO - [2026-04-08T13:17:58.963+0530] {dag.py:4180} INFO - Setting next_dagrun for example_sensor_decorator to None, run_after=None
[2026-04-08T13:17:58.972+0530] {processor.py:208} INFO - Processing /Users/navalyemul/Documents/uptime/airflow_venv/lib/python3.12/site-packages/airflow/example_dags/example_sensor_decorator.py took 0.087 seconds
[2026-04-08T13:29:00.850+0530] {processor.py:186} INFO - Started process (PID=39480) to work on /Users/navalyemul/Documents/uptime/airflow_venv/lib/python3.12/site-packages/airflow/example_dags/example_sensor_decorator.py
[2026-04-08T13:29:00.850+0530] {processor.py:914} INFO - Processing file /Users/navalyemul/Documents/uptime/airflow_venv/lib/python3.12/site-packages/airflow/example_dags/example_sensor_decorator.py for tasks to queue
[2026-04-08T13:29:00.851+0530] {logging_mixin.py:190} INFO - [2026-04-08T13:29:00.851+0530] {dagbag.py:588} INFO - Filling up the DagBag from /Users/navalyemul/Documents/uptime/airflow_venv/lib/python3.12/site-packages/airflow/example_dags/example_sensor_decorator.py
[2026-04-08T13:29:00.870+0530] {processor.py:925} INFO - DAG(s) 'example_sensor_decorator' retrieved from /Users/navalyemul/Documents/uptime/airflow_venv/lib/python3.12/site-packages/airflow/example_dags/example_sensor_decorator.py
[2026-04-08T13:29:00.907+0530] {logging_mixin.py:190} INFO - [2026-04-08T13:29:00.907+0530] {workday.py:41} WARNING - Could not import pandas. Holidays will not be considered.
[2026-04-08T13:29:00.917+0530] {logging_mixin.py:190} INFO - [2026-04-08T13:29:00.917+0530] {dag.py:3239} INFO - Sync 1 DAGs
[2026-04-08T13:29:00.922+0530] {logging_mixin.py:190} INFO - [2026-04-08T13:29:00.922+0530] {dag.py:4180} INFO - Setting next_dagrun for example_sensor_decorator to None, run_after=None
[2026-04-08T13:29:00.930+0530] {processor.py:208} INFO - Processing /Users/navalyemul/Documents/uptime/airflow_venv/lib/python3.12/site-packages/airflow/example_dags/example_sensor_decorator.py took 0.082 seconds
[2026-04-08T13:34:01.329+0530] {processor.py:186} INFO - Started process (PID=40437) to work on /Users/navalyemul/Documents/uptime/airflow_venv/lib/python3.12/site-packages/airflow/example_dags/example_sensor_decorator.py
[2026-04-08T13:34:01.330+0530] {processor.py:914} INFO - Processing file /Users/navalyemul/Documents/uptime/airflow_venv/lib/python3.12/site-packages/airflow/example_dags/example_sensor_decorator.py for tasks to queue
[2026-04-08T13:34:01.331+0530] {logging_mixin.py:190} INFO - [2026-04-08T13:34:01.331+0530] {dagbag.py:588} INFO - Filling up the DagBag from /Users/navalyemul/Documents/uptime/airflow_venv/lib/python3.12/site-packages/airflow/example_dags/example_sensor_decorator.py
[2026-04-08T13:34:01.352+0530] {processor.py:925} INFO - DAG(s) 'example_sensor_decorator' retrieved from /Users/navalyemul/Documents/uptime/airflow_venv/lib/python3.12/site-packages/airflow/example_dags/example_sensor_decorator.py
[2026-04-08T13:34:01.388+0530] {logging_mixin.py:190} INFO - [2026-04-08T13:34:01.388+0530] {workday.py:41} WARNING - Could not import pandas. Holidays will not be considered.
[2026-04-08T13:34:01.398+0530] {logging_mixin.py:190} INFO - [2026-04-08T13:34:01.398+0530] {dag.py:3239} INFO - Sync 1 DAGs
[2026-04-08T13:34:01.403+0530] {logging_mixin.py:190} INFO - [2026-04-08T13:34:01.403+0530] {dag.py:4180} INFO - Setting next_dagrun for example_sensor_decorator to None, run_after=None
[2026-04-08T13:34:01.412+0530] {processor.py:208} INFO - Processing /Users/navalyemul/Documents/uptime/airflow_venv/lib/python3.12/site-packages/airflow/example_dags/example_sensor_decorator.py took 0.087 seconds
[2026-04-08T13:35:41.982+0530] {processor.py:186} INFO - Started process (PID=41627) to work on /Users/navalyemul/Documents/uptime/airflow_venv/lib/python3.12/site-packages/airflow/example_dags/example_sensor_decorator.py
[2026-04-08T13:35:41.983+0530] {processor.py:914} INFO - Processing file /Users/navalyemul/Documents/uptime/airflow_venv/lib/python3.12/site-packages/airflow/example_dags/example_sensor_decorator.py for tasks to queue
[2026-04-08T13:35:41.983+0530] {logging_mixin.py:190} INFO - [2026-04-08T13:35:41.983+0530] {dagbag.py:588} INFO - Filling up the DagBag from /Users/navalyemul/Documents/uptime/airflow_venv/lib/python3.12/site-packages/airflow/example_dags/example_sensor_decorator.py
[2026-04-08T13:35:42.004+0530] {processor.py:925} INFO - DAG(s) 'example_sensor_decorator' retrieved from /Users/navalyemul/Documents/uptime/airflow_venv/lib/python3.12/site-packages/airflow/example_dags/example_sensor_decorator.py
[2026-04-08T13:35:42.041+0530] {logging_mixin.py:190} INFO - [2026-04-08T13:35:42.041+0530] {workday.py:41} WARNING - Could not import pandas. Holidays will not be considered.
[2026-04-08T13:35:42.051+0530] {logging_mixin.py:190} INFO - [2026-04-08T13:35:42.051+0530] {dag.py:3239} INFO - Sync 1 DAGs
[2026-04-08T13:35:42.056+0530] {logging_mixin.py:190} INFO - [2026-04-08T13:35:42.055+0530] {dag.py:4180} INFO - Setting next_dagrun for example_sensor_decorator to None, run_after=None
[2026-04-08T13:35:42.064+0530] {processor.py:208} INFO - Processing /Users/navalyemul/Documents/uptime/airflow_venv/lib/python3.12/site-packages/airflow/example_dags/example_sensor_decorator.py took 0.083 seconds
[2026-04-08T13:46:32.383+0530] {processor.py:186} INFO - Started process (PID=42535) to work on /Users/navalyemul/Documents/uptime/airflow_venv/lib/python3.12/site-packages/airflow/example_dags/example_sensor_decorator.py
[2026-04-08T13:46:32.384+0530] {processor.py:914} INFO - Processing file /Users/navalyemul/Documents/uptime/airflow_venv/lib/python3.12/site-packages/airflow/example_dags/example_sensor_decorator.py for tasks to queue
[2026-04-08T13:46:32.385+0530] {logging_mixin.py:190} INFO - [2026-04-08T13:46:32.385+0530] {dagbag.py:588} INFO - Filling up the DagBag from /Users/navalyemul/Documents/uptime/airflow_venv/lib/python3.12/site-packages/airflow/example_dags/example_sensor_decorator.py
[2026-04-08T13:46:32.405+0530] {processor.py:925} INFO - DAG(s) 'example_sensor_decorator' retrieved from /Users/navalyemul/Documents/uptime/airflow_venv/lib/python3.12/site-packages/airflow/example_dags/example_sensor_decorator.py
[2026-04-08T13:46:32.439+0530] {logging_mixin.py:190} INFO - [2026-04-08T13:46:32.439+0530] {workday.py:41} WARNING - Could not import pandas. Holidays will not be considered.
[2026-04-08T13:46:32.448+0530] {logging_mixin.py:190} INFO - [2026-04-08T13:46:32.448+0530] {dag.py:3239} INFO - Sync 1 DAGs
[2026-04-08T13:46:32.453+0530] {logging_mixin.py:190} INFO - [2026-04-08T13:46:32.453+0530] {dag.py:4180} INFO - Setting next_dagrun for example_sensor_decorator to None, run_after=None
[2026-04-08T13:46:32.460+0530] {processor.py:208} INFO - Processing /Users/navalyemul/Documents/uptime/airflow_venv/lib/python3.12/site-packages/airflow/example_dags/example_sensor_decorator.py took 0.079 seconds
[2026-04-08T13:54:50.868+0530] {processor.py:186} INFO - Started process (PID=43712) to work on /Users/navalyemul/Documents/uptime/airflow_venv/lib/python3.12/site-packages/airflow/example_dags/example_sensor_decorator.py
[2026-04-08T13:54:50.869+0530] {processor.py:914} INFO - Processing file /Users/navalyemul/Documents/uptime/airflow_venv/lib/python3.12/site-packages/airflow/example_dags/example_sensor_decorator.py for tasks to queue
[2026-04-08T13:54:50.870+0530] {logging_mixin.py:190} INFO - [2026-04-08T13:54:50.870+0530] {dagbag.py:588} INFO - Filling up the DagBag from /Users/navalyemul/Documents/uptime/airflow_venv/lib/python3.12/site-packages/airflow/example_dags/example_sensor_decorator.py
[2026-04-08T13:54:50.889+0530] {processor.py:925} INFO - DAG(s) 'example_sensor_decorator' retrieved from /Users/navalyemul/Documents/uptime/airflow_venv/lib/python3.12/site-packages/airflow/example_dags/example_sensor_decorator.py
[2026-04-08T13:54:50.924+0530] {logging_mixin.py:190} INFO - [2026-04-08T13:54:50.924+0530] {workday.py:41} WARNING - Could not import pandas. Holidays will not be considered.
[2026-04-08T13:54:50.934+0530] {logging_mixin.py:190} INFO - [2026-04-08T13:54:50.934+0530] {dag.py:3239} INFO - Sync 1 DAGs
[2026-04-08T13:54:50.938+0530] {logging_mixin.py:190} INFO - [2026-04-08T13:54:50.938+0530] {dag.py:4180} INFO - Setting next_dagrun for example_sensor_decorator to None, run_after=None
[2026-04-08T13:54:50.946+0530] {processor.py:208} INFO - Processing /Users/navalyemul/Documents/uptime/airflow_venv/lib/python3.12/site-packages/airflow/example_dags/example_sensor_decorator.py took 0.079 seconds
[2026-04-08T13:56:47.046+0530] {processor.py:186} INFO - Started process (PID=44781) to work on /Users/navalyemul/Documents/uptime/airflow_venv/lib/python3.12/site-packages/airflow/example_dags/example_sensor_decorator.py
[2026-04-08T13:56:47.047+0530] {processor.py:914} INFO - Processing file /Users/navalyemul/Documents/uptime/airflow_venv/lib/python3.12/site-packages/airflow/example_dags/example_sensor_decorator.py for tasks to queue
[2026-04-08T13:56:47.048+0530] {logging_mixin.py:190} INFO - [2026-04-08T13:56:47.048+0530] {dagbag.py:588} INFO - Filling up the DagBag from /Users/navalyemul/Documents/uptime/airflow_venv/lib/python3.12/site-packages/airflow/example_dags/example_sensor_decorator.py
[2026-04-08T13:56:47.071+0530] {processor.py:925} INFO - DAG(s) 'example_sensor_decorator' retrieved from /Users/navalyemul/Documents/uptime/airflow_venv/lib/python3.12/site-packages/airflow/example_dags/example_sensor_decorator.py
[2026-04-08T13:56:47.110+0530] {logging_mixin.py:190} INFO - [2026-04-08T13:56:47.110+0530] {workday.py:41} WARNING - Could not import pandas. Holidays will not be considered.
[2026-04-08T13:56:47.121+0530] {logging_mixin.py:190} INFO - [2026-04-08T13:56:47.120+0530] {dag.py:3239} INFO - Sync 1 DAGs
[2026-04-08T13:56:47.126+0530] {logging_mixin.py:190} INFO - [2026-04-08T13:56:47.126+0530] {dag.py:4180} INFO - Setting next_dagrun for example_sensor_decorator to None, run_after=None
[2026-04-08T13:56:47.135+0530] {processor.py:208} INFO - Processing /Users/navalyemul/Documents/uptime/airflow_venv/lib/python3.12/site-packages/airflow/example_dags/example_sensor_decorator.py took 0.091 seconds
[2026-04-08T13:58:32.212+0530] {processor.py:186} INFO - Started process (PID=45830) to work on /Users/navalyemul/Documents/uptime/airflow_venv/lib/python3.12/site-packages/airflow/example_dags/example_sensor_decorator.py
[2026-04-08T13:58:32.213+0530] {processor.py:914} INFO - Processing file /Users/navalyemul/Documents/uptime/airflow_venv/lib/python3.12/site-packages/airflow/example_dags/example_sensor_decorator.py for tasks to queue
[2026-04-08T13:58:32.213+0530] {logging_mixin.py:190} INFO - [2026-04-08T13:58:32.213+0530] {dagbag.py:588} INFO - Filling up the DagBag from /Users/navalyemul/Documents/uptime/airflow_venv/lib/python3.12/site-packages/airflow/example_dags/example_sensor_decorator.py
[2026-04-08T13:58:32.236+0530] {processor.py:925} INFO - DAG(s) 'example_sensor_decorator' retrieved from /Users/navalyemul/Documents/uptime/airflow_venv/lib/python3.12/site-packages/airflow/example_dags/example_sensor_decorator.py
[2026-04-08T13:58:32.274+0530] {logging_mixin.py:190} INFO - [2026-04-08T13:58:32.274+0530] {workday.py:41} WARNING - Could not import pandas. Holidays will not be considered.
[2026-04-08T13:58:32.284+0530] {logging_mixin.py:190} INFO - [2026-04-08T13:58:32.284+0530] {dag.py:3239} INFO - Sync 1 DAGs
[2026-04-08T13:58:32.288+0530] {logging_mixin.py:190} INFO - [2026-04-08T13:58:32.288+0530] {dag.py:4180} INFO - Setting next_dagrun for example_sensor_decorator to None, run_after=None
[2026-04-08T13:58:32.300+0530] {processor.py:208} INFO - Processing /Users/navalyemul/Documents/uptime/airflow_venv/lib/python3.12/site-packages/airflow/example_dags/example_sensor_decorator.py took 0.090 seconds
