[2026-04-08T12:45:00.088+0530] {processor.py:186} INFO - Started process (PID=16296) to work on /Users/navalyemul/Documents/uptime/airflow_venv/lib/python3.12/site-packages/airflow/example_dags/example_latest_only_with_trigger.py
[2026-04-08T12:45:00.088+0530] {processor.py:914} INFO - Processing file /Users/navalyemul/Documents/uptime/airflow_venv/lib/python3.12/site-packages/airflow/example_dags/example_latest_only_with_trigger.py for tasks to queue
[2026-04-08T12:45:00.090+0530] {logging_mixin.py:190} INFO - [2026-04-08T12:45:00.090+0530] {dagbag.py:588} INFO - Filling up the DagBag from /Users/navalyemul/Documents/uptime/airflow_venv/lib/python3.12/site-packages/airflow/example_dags/example_latest_only_with_trigger.py
[2026-04-08T12:45:00.101+0530] {processor.py:925} INFO - DAG(s) 'latest_only_with_trigger' retrieved from /Users/navalyemul/Documents/uptime/airflow_venv/lib/python3.12/site-packages/airflow/example_dags/example_latest_only_with_trigger.py
[2026-04-08T12:45:00.273+0530] {logging_mixin.py:190} INFO - [2026-04-08T12:45:00.272+0530] {override.py:1912} INFO - Created Permission View: can read on DAG:latest_only_with_trigger
[2026-04-08T12:45:00.279+0530] {logging_mixin.py:190} INFO - [2026-04-08T12:45:00.279+0530] {override.py:1912} INFO - Created Permission View: can delete on DAG:latest_only_with_trigger
[2026-04-08T12:45:00.283+0530] {logging_mixin.py:190} INFO - [2026-04-08T12:45:00.282+0530] {override.py:1912} INFO - Created Permission View: can edit on DAG:latest_only_with_trigger
[2026-04-08T12:45:00.289+0530] {logging_mixin.py:190} INFO - [2026-04-08T12:45:00.289+0530] {override.py:1912} INFO - Created Permission View: can read on DAG Run:latest_only_with_trigger
[2026-04-08T12:45:00.294+0530] {logging_mixin.py:190} INFO - [2026-04-08T12:45:00.293+0530] {override.py:1912} INFO - Created Permission View: menu access on DAG Run:latest_only_with_trigger
[2026-04-08T12:45:00.297+0530] {logging_mixin.py:190} INFO - [2026-04-08T12:45:00.296+0530] {override.py:1912} INFO - Created Permission View: can delete on DAG Run:latest_only_with_trigger
[2026-04-08T12:45:00.299+0530] {logging_mixin.py:190} INFO - [2026-04-08T12:45:00.299+0530] {override.py:1912} INFO - Created Permission View: can create on DAG Run:latest_only_with_trigger
[2026-04-08T12:45:00.300+0530] {logging_mixin.py:190} INFO - [2026-04-08T12:45:00.299+0530] {dag.py:3239} INFO - Sync 1 DAGs
[2026-04-08T12:45:00.306+0530] {logging_mixin.py:190} INFO - [2026-04-08T12:45:00.306+0530] {dag.py:3262} INFO - Creating ORM DAG for latest_only_with_trigger
[2026-04-08T12:45:00.312+0530] {logging_mixin.py:190} INFO - [2026-04-08T12:45:00.312+0530] {dag.py:4180} INFO - Setting next_dagrun for latest_only_with_trigger to 2026-04-08 00:00:00+00:00, run_after=2026-04-08 04:00:00+00:00
[2026-04-08T12:45:00.323+0530] {processor.py:208} INFO - Processing /Users/navalyemul/Documents/uptime/airflow_venv/lib/python3.12/site-packages/airflow/example_dags/example_latest_only_with_trigger.py took 0.238 seconds
[2026-04-08T12:47:25.857+0530] {processor.py:186} INFO - Started process (PID=17763) to work on /Users/navalyemul/Documents/uptime/airflow_venv/lib/python3.12/site-packages/airflow/example_dags/example_latest_only_with_trigger.py
[2026-04-08T12:47:25.857+0530] {processor.py:914} INFO - Processing file /Users/navalyemul/Documents/uptime/airflow_venv/lib/python3.12/site-packages/airflow/example_dags/example_latest_only_with_trigger.py for tasks to queue
[2026-04-08T12:47:25.858+0530] {logging_mixin.py:190} INFO - [2026-04-08T12:47:25.858+0530] {dagbag.py:588} INFO - Filling up the DagBag from /Users/navalyemul/Documents/uptime/airflow_venv/lib/python3.12/site-packages/airflow/example_dags/example_latest_only_with_trigger.py
[2026-04-08T12:47:25.862+0530] {processor.py:925} INFO - DAG(s) 'latest_only_with_trigger' retrieved from /Users/navalyemul/Documents/uptime/airflow_venv/lib/python3.12/site-packages/airflow/example_dags/example_latest_only_with_trigger.py
[2026-04-08T12:47:25.904+0530] {logging_mixin.py:190} INFO - [2026-04-08T12:47:25.904+0530] {dag.py:3239} INFO - Sync 1 DAGs
[2026-04-08T12:47:25.913+0530] {logging_mixin.py:190} INFO - [2026-04-08T12:47:25.912+0530] {dag.py:4180} INFO - Setting next_dagrun for latest_only_with_trigger to 2026-04-08 00:00:00+00:00, run_after=2026-04-08 04:00:00+00:00
[2026-04-08T12:47:25.921+0530] {processor.py:208} INFO - Processing /Users/navalyemul/Documents/uptime/airflow_venv/lib/python3.12/site-packages/airflow/example_dags/example_latest_only_with_trigger.py took 0.066 seconds
[2026-04-08T12:49:20.823+0530] {processor.py:186} INFO - Started process (PID=19097) to work on /Users/navalyemul/Documents/uptime/airflow_venv/lib/python3.12/site-packages/airflow/example_dags/example_latest_only_with_trigger.py
[2026-04-08T12:49:20.824+0530] {processor.py:914} INFO - Processing file /Users/navalyemul/Documents/uptime/airflow_venv/lib/python3.12/site-packages/airflow/example_dags/example_latest_only_with_trigger.py for tasks to queue
[2026-04-08T12:49:20.824+0530] {logging_mixin.py:190} INFO - [2026-04-08T12:49:20.824+0530] {dagbag.py:588} INFO - Filling up the DagBag from /Users/navalyemul/Documents/uptime/airflow_venv/lib/python3.12/site-packages/airflow/example_dags/example_latest_only_with_trigger.py
[2026-04-08T12:49:20.829+0530] {processor.py:925} INFO - DAG(s) 'latest_only_with_trigger' retrieved from /Users/navalyemul/Documents/uptime/airflow_venv/lib/python3.12/site-packages/airflow/example_dags/example_latest_only_with_trigger.py
[2026-04-08T12:49:20.874+0530] {logging_mixin.py:190} INFO - [2026-04-08T12:49:20.873+0530] {dag.py:3239} INFO - Sync 1 DAGs
[2026-04-08T12:49:20.883+0530] {logging_mixin.py:190} INFO - [2026-04-08T12:49:20.883+0530] {dag.py:4180} INFO - Setting next_dagrun for latest_only_with_trigger to 2026-04-08 00:00:00+00:00, run_after=2026-04-08 04:00:00+00:00
[2026-04-08T12:49:20.892+0530] {processor.py:208} INFO - Processing /Users/navalyemul/Documents/uptime/airflow_venv/lib/python3.12/site-packages/airflow/example_dags/example_latest_only_with_trigger.py took 0.070 seconds
[2026-04-08T12:52:17.318+0530] {processor.py:186} INFO - Started process (PID=21000) to work on /Users/navalyemul/Documents/uptime/airflow_venv/lib/python3.12/site-packages/airflow/example_dags/example_latest_only_with_trigger.py
[2026-04-08T12:52:17.319+0530] {processor.py:914} INFO - Processing file /Users/navalyemul/Documents/uptime/airflow_venv/lib/python3.12/site-packages/airflow/example_dags/example_latest_only_with_trigger.py for tasks to queue
[2026-04-08T12:52:17.320+0530] {logging_mixin.py:190} INFO - [2026-04-08T12:52:17.320+0530] {dagbag.py:588} INFO - Filling up the DagBag from /Users/navalyemul/Documents/uptime/airflow_venv/lib/python3.12/site-packages/airflow/example_dags/example_latest_only_with_trigger.py
[2026-04-08T12:52:17.324+0530] {processor.py:925} INFO - DAG(s) 'latest_only_with_trigger' retrieved from /Users/navalyemul/Documents/uptime/airflow_venv/lib/python3.12/site-packages/airflow/example_dags/example_latest_only_with_trigger.py
[2026-04-08T12:52:17.369+0530] {logging_mixin.py:190} INFO - [2026-04-08T12:52:17.369+0530] {dag.py:3239} INFO - Sync 1 DAGs
[2026-04-08T12:52:17.379+0530] {logging_mixin.py:190} INFO - [2026-04-08T12:52:17.378+0530] {dag.py:4180} INFO - Setting next_dagrun for latest_only_with_trigger to 2026-04-08 00:00:00+00:00, run_after=2026-04-08 04:00:00+00:00
[2026-04-08T12:52:17.387+0530] {processor.py:208} INFO - Processing /Users/navalyemul/Documents/uptime/airflow_venv/lib/python3.12/site-packages/airflow/example_dags/example_latest_only_with_trigger.py took 0.071 seconds
[2026-04-08T12:55:55.433+0530] {processor.py:186} INFO - Started process (PID=22791) to work on /Users/navalyemul/Documents/uptime/airflow_venv/lib/python3.12/site-packages/airflow/example_dags/example_latest_only_with_trigger.py
[2026-04-08T12:55:55.434+0530] {processor.py:914} INFO - Processing file /Users/navalyemul/Documents/uptime/airflow_venv/lib/python3.12/site-packages/airflow/example_dags/example_latest_only_with_trigger.py for tasks to queue
[2026-04-08T12:55:55.435+0530] {logging_mixin.py:190} INFO - [2026-04-08T12:55:55.435+0530] {dagbag.py:588} INFO - Filling up the DagBag from /Users/navalyemul/Documents/uptime/airflow_venv/lib/python3.12/site-packages/airflow/example_dags/example_latest_only_with_trigger.py
[2026-04-08T12:55:55.440+0530] {processor.py:925} INFO - DAG(s) 'latest_only_with_trigger' retrieved from /Users/navalyemul/Documents/uptime/airflow_venv/lib/python3.12/site-packages/airflow/example_dags/example_latest_only_with_trigger.py
[2026-04-08T12:55:55.485+0530] {logging_mixin.py:190} INFO - [2026-04-08T12:55:55.485+0530] {dag.py:3239} INFO - Sync 1 DAGs
[2026-04-08T12:55:55.494+0530] {logging_mixin.py:190} INFO - [2026-04-08T12:55:55.493+0530] {dag.py:4180} INFO - Setting next_dagrun for latest_only_with_trigger to 2026-04-08 00:00:00+00:00, run_after=2026-04-08 04:00:00+00:00
[2026-04-08T12:55:55.502+0530] {processor.py:208} INFO - Processing /Users/navalyemul/Documents/uptime/airflow_venv/lib/python3.12/site-packages/airflow/example_dags/example_latest_only_with_trigger.py took 0.070 seconds
[2026-04-08T12:58:48.245+0530] {processor.py:186} INFO - Started process (PID=24623) to work on /Users/navalyemul/Documents/uptime/airflow_venv/lib/python3.12/site-packages/airflow/example_dags/example_latest_only_with_trigger.py
[2026-04-08T12:58:48.245+0530] {processor.py:914} INFO - Processing file /Users/navalyemul/Documents/uptime/airflow_venv/lib/python3.12/site-packages/airflow/example_dags/example_latest_only_with_trigger.py for tasks to queue
[2026-04-08T12:58:48.246+0530] {logging_mixin.py:190} INFO - [2026-04-08T12:58:48.246+0530] {dagbag.py:588} INFO - Filling up the DagBag from /Users/navalyemul/Documents/uptime/airflow_venv/lib/python3.12/site-packages/airflow/example_dags/example_latest_only_with_trigger.py
[2026-04-08T12:58:48.252+0530] {processor.py:925} INFO - DAG(s) 'latest_only_with_trigger' retrieved from /Users/navalyemul/Documents/uptime/airflow_venv/lib/python3.12/site-packages/airflow/example_dags/example_latest_only_with_trigger.py
[2026-04-08T12:58:48.295+0530] {logging_mixin.py:190} INFO - [2026-04-08T12:58:48.295+0530] {dag.py:3239} INFO - Sync 1 DAGs
[2026-04-08T12:58:48.303+0530] {logging_mixin.py:190} INFO - [2026-04-08T12:58:48.303+0530] {dag.py:4180} INFO - Setting next_dagrun for latest_only_with_trigger to 2026-04-08 00:00:00+00:00, run_after=2026-04-08 04:00:00+00:00
[2026-04-08T12:58:48.311+0530] {processor.py:208} INFO - Processing /Users/navalyemul/Documents/uptime/airflow_venv/lib/python3.12/site-packages/airflow/example_dags/example_latest_only_with_trigger.py took 0.068 seconds
[2026-04-08T13:01:30.775+0530] {processor.py:186} INFO - Started process (PID=26473) to work on /Users/navalyemul/Documents/uptime/airflow_venv/lib/python3.12/site-packages/airflow/example_dags/example_latest_only_with_trigger.py
[2026-04-08T13:01:30.775+0530] {processor.py:914} INFO - Processing file /Users/navalyemul/Documents/uptime/airflow_venv/lib/python3.12/site-packages/airflow/example_dags/example_latest_only_with_trigger.py for tasks to queue
[2026-04-08T13:01:30.776+0530] {logging_mixin.py:190} INFO - [2026-04-08T13:01:30.776+0530] {dagbag.py:588} INFO - Filling up the DagBag from /Users/navalyemul/Documents/uptime/airflow_venv/lib/python3.12/site-packages/airflow/example_dags/example_latest_only_with_trigger.py
[2026-04-08T13:01:30.780+0530] {processor.py:925} INFO - DAG(s) 'latest_only_with_trigger' retrieved from /Users/navalyemul/Documents/uptime/airflow_venv/lib/python3.12/site-packages/airflow/example_dags/example_latest_only_with_trigger.py
[2026-04-08T13:01:30.821+0530] {logging_mixin.py:190} INFO - [2026-04-08T13:01:30.821+0530] {dag.py:3239} INFO - Sync 1 DAGs
[2026-04-08T13:01:30.830+0530] {logging_mixin.py:190} INFO - [2026-04-08T13:01:30.830+0530] {dag.py:4180} INFO - Setting next_dagrun for latest_only_with_trigger to 2026-04-08 00:00:00+00:00, run_after=2026-04-08 04:00:00+00:00
[2026-04-08T13:01:30.839+0530] {processor.py:208} INFO - Processing /Users/navalyemul/Documents/uptime/airflow_venv/lib/python3.12/site-packages/airflow/example_dags/example_latest_only_with_trigger.py took 0.067 seconds
[2026-04-08T13:04:16.514+0530] {processor.py:186} INFO - Started process (PID=28425) to work on /Users/navalyemul/Documents/uptime/airflow_venv/lib/python3.12/site-packages/airflow/example_dags/example_latest_only_with_trigger.py
[2026-04-08T13:04:16.514+0530] {processor.py:914} INFO - Processing file /Users/navalyemul/Documents/uptime/airflow_venv/lib/python3.12/site-packages/airflow/example_dags/example_latest_only_with_trigger.py for tasks to queue
[2026-04-08T13:04:16.515+0530] {logging_mixin.py:190} INFO - [2026-04-08T13:04:16.515+0530] {dagbag.py:588} INFO - Filling up the DagBag from /Users/navalyemul/Documents/uptime/airflow_venv/lib/python3.12/site-packages/airflow/example_dags/example_latest_only_with_trigger.py
[2026-04-08T13:04:16.520+0530] {processor.py:925} INFO - DAG(s) 'latest_only_with_trigger' retrieved from /Users/navalyemul/Documents/uptime/airflow_venv/lib/python3.12/site-packages/airflow/example_dags/example_latest_only_with_trigger.py
[2026-04-08T13:04:16.566+0530] {logging_mixin.py:190} INFO - [2026-04-08T13:04:16.566+0530] {dag.py:3239} INFO - Sync 1 DAGs
[2026-04-08T13:04:16.575+0530] {logging_mixin.py:190} INFO - [2026-04-08T13:04:16.575+0530] {dag.py:4180} INFO - Setting next_dagrun for latest_only_with_trigger to 2026-04-08 00:00:00+00:00, run_after=2026-04-08 04:00:00+00:00
[2026-04-08T13:04:16.584+0530] {processor.py:208} INFO - Processing /Users/navalyemul/Documents/uptime/airflow_venv/lib/python3.12/site-packages/airflow/example_dags/example_latest_only_with_trigger.py took 0.072 seconds
[2026-04-08T13:07:04.800+0530] {processor.py:186} INFO - Started process (PID=30272) to work on /Users/navalyemul/Documents/uptime/airflow_venv/lib/python3.12/site-packages/airflow/example_dags/example_latest_only_with_trigger.py
[2026-04-08T13:07:04.801+0530] {processor.py:914} INFO - Processing file /Users/navalyemul/Documents/uptime/airflow_venv/lib/python3.12/site-packages/airflow/example_dags/example_latest_only_with_trigger.py for tasks to queue
[2026-04-08T13:07:04.801+0530] {logging_mixin.py:190} INFO - [2026-04-08T13:07:04.801+0530] {dagbag.py:588} INFO - Filling up the DagBag from /Users/navalyemul/Documents/uptime/airflow_venv/lib/python3.12/site-packages/airflow/example_dags/example_latest_only_with_trigger.py
[2026-04-08T13:07:04.806+0530] {processor.py:925} INFO - DAG(s) 'latest_only_with_trigger' retrieved from /Users/navalyemul/Documents/uptime/airflow_venv/lib/python3.12/site-packages/airflow/example_dags/example_latest_only_with_trigger.py
[2026-04-08T13:07:04.851+0530] {logging_mixin.py:190} INFO - [2026-04-08T13:07:04.850+0530] {dag.py:3239} INFO - Sync 1 DAGs
[2026-04-08T13:07:04.861+0530] {logging_mixin.py:190} INFO - [2026-04-08T13:07:04.861+0530] {dag.py:4180} INFO - Setting next_dagrun for latest_only_with_trigger to 2026-04-08 00:00:00+00:00, run_after=2026-04-08 04:00:00+00:00
[2026-04-08T13:07:04.869+0530] {processor.py:208} INFO - Processing /Users/navalyemul/Documents/uptime/airflow_venv/lib/python3.12/site-packages/airflow/example_dags/example_latest_only_with_trigger.py took 0.071 seconds
[2026-04-08T13:09:51.325+0530] {processor.py:186} INFO - Started process (PID=32097) to work on /Users/navalyemul/Documents/uptime/airflow_venv/lib/python3.12/site-packages/airflow/example_dags/example_latest_only_with_trigger.py
[2026-04-08T13:09:51.326+0530] {processor.py:914} INFO - Processing file /Users/navalyemul/Documents/uptime/airflow_venv/lib/python3.12/site-packages/airflow/example_dags/example_latest_only_with_trigger.py for tasks to queue
[2026-04-08T13:09:51.326+0530] {logging_mixin.py:190} INFO - [2026-04-08T13:09:51.326+0530] {dagbag.py:588} INFO - Filling up the DagBag from /Users/navalyemul/Documents/uptime/airflow_venv/lib/python3.12/site-packages/airflow/example_dags/example_latest_only_with_trigger.py
[2026-04-08T13:09:51.330+0530] {processor.py:925} INFO - DAG(s) 'latest_only_with_trigger' retrieved from /Users/navalyemul/Documents/uptime/airflow_venv/lib/python3.12/site-packages/airflow/example_dags/example_latest_only_with_trigger.py
[2026-04-08T13:09:51.371+0530] {logging_mixin.py:190} INFO - [2026-04-08T13:09:51.370+0530] {dag.py:3239} INFO - Sync 1 DAGs
[2026-04-08T13:09:51.380+0530] {logging_mixin.py:190} INFO - [2026-04-08T13:09:51.380+0530] {dag.py:4180} INFO - Setting next_dagrun for latest_only_with_trigger to 2026-04-08 00:00:00+00:00, run_after=2026-04-08 04:00:00+00:00
[2026-04-08T13:09:51.388+0530] {processor.py:208} INFO - Processing /Users/navalyemul/Documents/uptime/airflow_venv/lib/python3.12/site-packages/airflow/example_dags/example_latest_only_with_trigger.py took 0.064 seconds
[2026-04-08T13:12:36.883+0530] {processor.py:186} INFO - Started process (PID=33956) to work on /Users/navalyemul/Documents/uptime/airflow_venv/lib/python3.12/site-packages/airflow/example_dags/example_latest_only_with_trigger.py
[2026-04-08T13:12:36.884+0530] {processor.py:914} INFO - Processing file /Users/navalyemul/Documents/uptime/airflow_venv/lib/python3.12/site-packages/airflow/example_dags/example_latest_only_with_trigger.py for tasks to queue
[2026-04-08T13:12:36.884+0530] {logging_mixin.py:190} INFO - [2026-04-08T13:12:36.884+0530] {dagbag.py:588} INFO - Filling up the DagBag from /Users/navalyemul/Documents/uptime/airflow_venv/lib/python3.12/site-packages/airflow/example_dags/example_latest_only_with_trigger.py
[2026-04-08T13:12:36.889+0530] {processor.py:925} INFO - DAG(s) 'latest_only_with_trigger' retrieved from /Users/navalyemul/Documents/uptime/airflow_venv/lib/python3.12/site-packages/airflow/example_dags/example_latest_only_with_trigger.py
[2026-04-08T13:12:36.929+0530] {logging_mixin.py:190} INFO - [2026-04-08T13:12:36.929+0530] {dag.py:3239} INFO - Sync 1 DAGs
[2026-04-08T13:12:36.938+0530] {logging_mixin.py:190} INFO - [2026-04-08T13:12:36.938+0530] {dag.py:4180} INFO - Setting next_dagrun for latest_only_with_trigger to 2026-04-08 00:00:00+00:00, run_after=2026-04-08 04:00:00+00:00
[2026-04-08T13:12:36.945+0530] {processor.py:208} INFO - Processing /Users/navalyemul/Documents/uptime/airflow_venv/lib/python3.12/site-packages/airflow/example_dags/example_latest_only_with_trigger.py took 0.063 seconds
[2026-04-08T13:15:23.408+0530] {processor.py:186} INFO - Started process (PID=35833) to work on /Users/navalyemul/Documents/uptime/airflow_venv/lib/python3.12/site-packages/airflow/example_dags/example_latest_only_with_trigger.py
[2026-04-08T13:15:23.408+0530] {processor.py:914} INFO - Processing file /Users/navalyemul/Documents/uptime/airflow_venv/lib/python3.12/site-packages/airflow/example_dags/example_latest_only_with_trigger.py for tasks to queue
[2026-04-08T13:15:23.409+0530] {logging_mixin.py:190} INFO - [2026-04-08T13:15:23.409+0530] {dagbag.py:588} INFO - Filling up the DagBag from /Users/navalyemul/Documents/uptime/airflow_venv/lib/python3.12/site-packages/airflow/example_dags/example_latest_only_with_trigger.py
[2026-04-08T13:15:23.413+0530] {processor.py:925} INFO - DAG(s) 'latest_only_with_trigger' retrieved from /Users/navalyemul/Documents/uptime/airflow_venv/lib/python3.12/site-packages/airflow/example_dags/example_latest_only_with_trigger.py
[2026-04-08T13:15:23.457+0530] {logging_mixin.py:190} INFO - [2026-04-08T13:15:23.457+0530] {dag.py:3239} INFO - Sync 1 DAGs
[2026-04-08T13:15:23.466+0530] {logging_mixin.py:190} INFO - [2026-04-08T13:15:23.466+0530] {dag.py:4180} INFO - Setting next_dagrun for latest_only_with_trigger to 2026-04-08 00:00:00+00:00, run_after=2026-04-08 04:00:00+00:00
[2026-04-08T13:15:23.474+0530] {processor.py:208} INFO - Processing /Users/navalyemul/Documents/uptime/airflow_venv/lib/python3.12/site-packages/airflow/example_dags/example_latest_only_with_trigger.py took 0.068 seconds
[2026-04-08T13:18:10.004+0530] {processor.py:186} INFO - Started process (PID=37707) to work on /Users/navalyemul/Documents/uptime/airflow_venv/lib/python3.12/site-packages/airflow/example_dags/example_latest_only_with_trigger.py
[2026-04-08T13:18:10.005+0530] {processor.py:914} INFO - Processing file /Users/navalyemul/Documents/uptime/airflow_venv/lib/python3.12/site-packages/airflow/example_dags/example_latest_only_with_trigger.py for tasks to queue
[2026-04-08T13:18:10.005+0530] {logging_mixin.py:190} INFO - [2026-04-08T13:18:10.005+0530] {dagbag.py:588} INFO - Filling up the DagBag from /Users/navalyemul/Documents/uptime/airflow_venv/lib/python3.12/site-packages/airflow/example_dags/example_latest_only_with_trigger.py
[2026-04-08T13:18:10.009+0530] {processor.py:925} INFO - DAG(s) 'latest_only_with_trigger' retrieved from /Users/navalyemul/Documents/uptime/airflow_venv/lib/python3.12/site-packages/airflow/example_dags/example_latest_only_with_trigger.py
[2026-04-08T13:18:10.049+0530] {logging_mixin.py:190} INFO - [2026-04-08T13:18:10.049+0530] {dag.py:3239} INFO - Sync 1 DAGs
[2026-04-08T13:18:10.057+0530] {logging_mixin.py:190} INFO - [2026-04-08T13:18:10.057+0530] {dag.py:4180} INFO - Setting next_dagrun for latest_only_with_trigger to 2026-04-08 00:00:00+00:00, run_after=2026-04-08 04:00:00+00:00
[2026-04-08T13:18:10.067+0530] {processor.py:208} INFO - Processing /Users/navalyemul/Documents/uptime/airflow_venv/lib/python3.12/site-packages/airflow/example_dags/example_latest_only_with_trigger.py took 0.064 seconds
[2026-04-08T13:29:19.231+0530] {processor.py:186} INFO - Started process (PID=39691) to work on /Users/navalyemul/Documents/uptime/airflow_venv/lib/python3.12/site-packages/airflow/example_dags/example_latest_only_with_trigger.py
[2026-04-08T13:29:19.234+0530] {processor.py:914} INFO - Processing file /Users/navalyemul/Documents/uptime/airflow_venv/lib/python3.12/site-packages/airflow/example_dags/example_latest_only_with_trigger.py for tasks to queue
[2026-04-08T13:29:19.235+0530] {logging_mixin.py:190} INFO - [2026-04-08T13:29:19.234+0530] {dagbag.py:588} INFO - Filling up the DagBag from /Users/navalyemul/Documents/uptime/airflow_venv/lib/python3.12/site-packages/airflow/example_dags/example_latest_only_with_trigger.py
[2026-04-08T13:29:19.240+0530] {processor.py:925} INFO - DAG(s) 'latest_only_with_trigger' retrieved from /Users/navalyemul/Documents/uptime/airflow_venv/lib/python3.12/site-packages/airflow/example_dags/example_latest_only_with_trigger.py
[2026-04-08T13:29:19.285+0530] {logging_mixin.py:190} INFO - [2026-04-08T13:29:19.285+0530] {dag.py:3239} INFO - Sync 1 DAGs
[2026-04-08T13:29:19.294+0530] {logging_mixin.py:190} INFO - [2026-04-08T13:29:19.294+0530] {dag.py:4180} INFO - Setting next_dagrun for latest_only_with_trigger to 2026-04-08 00:00:00+00:00, run_after=2026-04-08 04:00:00+00:00
[2026-04-08T13:29:19.303+0530] {processor.py:208} INFO - Processing /Users/navalyemul/Documents/uptime/airflow_venv/lib/python3.12/site-packages/airflow/example_dags/example_latest_only_with_trigger.py took 0.074 seconds
[2026-04-08T13:34:18.577+0530] {processor.py:186} INFO - Started process (PID=40665) to work on /Users/navalyemul/Documents/uptime/airflow_venv/lib/python3.12/site-packages/airflow/example_dags/example_latest_only_with_trigger.py
[2026-04-08T13:34:18.578+0530] {processor.py:914} INFO - Processing file /Users/navalyemul/Documents/uptime/airflow_venv/lib/python3.12/site-packages/airflow/example_dags/example_latest_only_with_trigger.py for tasks to queue
[2026-04-08T13:34:18.579+0530] {logging_mixin.py:190} INFO - [2026-04-08T13:34:18.579+0530] {dagbag.py:588} INFO - Filling up the DagBag from /Users/navalyemul/Documents/uptime/airflow_venv/lib/python3.12/site-packages/airflow/example_dags/example_latest_only_with_trigger.py
[2026-04-08T13:34:18.583+0530] {processor.py:925} INFO - DAG(s) 'latest_only_with_trigger' retrieved from /Users/navalyemul/Documents/uptime/airflow_venv/lib/python3.12/site-packages/airflow/example_dags/example_latest_only_with_trigger.py
[2026-04-08T13:34:18.624+0530] {logging_mixin.py:190} INFO - [2026-04-08T13:34:18.624+0530] {dag.py:3239} INFO - Sync 1 DAGs
[2026-04-08T13:34:18.632+0530] {logging_mixin.py:190} INFO - [2026-04-08T13:34:18.632+0530] {dag.py:4180} INFO - Setting next_dagrun for latest_only_with_trigger to 2026-04-08 04:00:00+00:00, run_after=2026-04-08 08:00:00+00:00
[2026-04-08T13:34:18.640+0530] {processor.py:208} INFO - Processing /Users/navalyemul/Documents/uptime/airflow_venv/lib/python3.12/site-packages/airflow/example_dags/example_latest_only_with_trigger.py took 0.064 seconds
[2026-04-08T13:46:49.471+0530] {processor.py:186} INFO - Started process (PID=42743) to work on /Users/navalyemul/Documents/uptime/airflow_venv/lib/python3.12/site-packages/airflow/example_dags/example_latest_only_with_trigger.py
[2026-04-08T13:46:49.472+0530] {processor.py:914} INFO - Processing file /Users/navalyemul/Documents/uptime/airflow_venv/lib/python3.12/site-packages/airflow/example_dags/example_latest_only_with_trigger.py for tasks to queue
[2026-04-08T13:46:49.472+0530] {logging_mixin.py:190} INFO - [2026-04-08T13:46:49.472+0530] {dagbag.py:588} INFO - Filling up the DagBag from /Users/navalyemul/Documents/uptime/airflow_venv/lib/python3.12/site-packages/airflow/example_dags/example_latest_only_with_trigger.py
[2026-04-08T13:46:49.476+0530] {processor.py:925} INFO - DAG(s) 'latest_only_with_trigger' retrieved from /Users/navalyemul/Documents/uptime/airflow_venv/lib/python3.12/site-packages/airflow/example_dags/example_latest_only_with_trigger.py
[2026-04-08T13:46:49.517+0530] {logging_mixin.py:190} INFO - [2026-04-08T13:46:49.517+0530] {dag.py:3239} INFO - Sync 1 DAGs
[2026-04-08T13:46:49.526+0530] {logging_mixin.py:190} INFO - [2026-04-08T13:46:49.525+0530] {dag.py:4180} INFO - Setting next_dagrun for latest_only_with_trigger to 2026-04-08 04:00:00+00:00, run_after=2026-04-08 08:00:00+00:00
[2026-04-08T13:46:49.534+0530] {processor.py:208} INFO - Processing /Users/navalyemul/Documents/uptime/airflow_venv/lib/python3.12/site-packages/airflow/example_dags/example_latest_only_with_trigger.py took 0.065 seconds
[2026-04-08T13:55:11.319+0530] {processor.py:186} INFO - Started process (PID=43932) to work on /Users/navalyemul/Documents/uptime/airflow_venv/lib/python3.12/site-packages/airflow/example_dags/example_latest_only_with_trigger.py
[2026-04-08T13:55:11.320+0530] {processor.py:914} INFO - Processing file /Users/navalyemul/Documents/uptime/airflow_venv/lib/python3.12/site-packages/airflow/example_dags/example_latest_only_with_trigger.py for tasks to queue
[2026-04-08T13:55:11.321+0530] {logging_mixin.py:190} INFO - [2026-04-08T13:55:11.321+0530] {dagbag.py:588} INFO - Filling up the DagBag from /Users/navalyemul/Documents/uptime/airflow_venv/lib/python3.12/site-packages/airflow/example_dags/example_latest_only_with_trigger.py
[2026-04-08T13:55:11.328+0530] {processor.py:925} INFO - DAG(s) 'latest_only_with_trigger' retrieved from /Users/navalyemul/Documents/uptime/airflow_venv/lib/python3.12/site-packages/airflow/example_dags/example_latest_only_with_trigger.py
[2026-04-08T13:55:11.383+0530] {logging_mixin.py:190} INFO - [2026-04-08T13:55:11.382+0530] {dag.py:3239} INFO - Sync 1 DAGs
[2026-04-08T13:55:11.394+0530] {logging_mixin.py:190} INFO - [2026-04-08T13:55:11.393+0530] {dag.py:4180} INFO - Setting next_dagrun for latest_only_with_trigger to 2026-04-08 04:00:00+00:00, run_after=2026-04-08 08:00:00+00:00
[2026-04-08T13:55:11.404+0530] {processor.py:208} INFO - Processing /Users/navalyemul/Documents/uptime/airflow_venv/lib/python3.12/site-packages/airflow/example_dags/example_latest_only_with_trigger.py took 0.087 seconds
[2026-04-08T13:57:04.698+0530] {processor.py:186} INFO - Started process (PID=44967) to work on /Users/navalyemul/Documents/uptime/airflow_venv/lib/python3.12/site-packages/airflow/example_dags/example_latest_only_with_trigger.py
[2026-04-08T13:57:04.699+0530] {processor.py:914} INFO - Processing file /Users/navalyemul/Documents/uptime/airflow_venv/lib/python3.12/site-packages/airflow/example_dags/example_latest_only_with_trigger.py for tasks to queue
[2026-04-08T13:57:04.699+0530] {logging_mixin.py:190} INFO - [2026-04-08T13:57:04.699+0530] {dagbag.py:588} INFO - Filling up the DagBag from /Users/navalyemul/Documents/uptime/airflow_venv/lib/python3.12/site-packages/airflow/example_dags/example_latest_only_with_trigger.py
[2026-04-08T13:57:04.704+0530] {processor.py:925} INFO - DAG(s) 'latest_only_with_trigger' retrieved from /Users/navalyemul/Documents/uptime/airflow_venv/lib/python3.12/site-packages/airflow/example_dags/example_latest_only_with_trigger.py
[2026-04-08T13:57:04.750+0530] {logging_mixin.py:190} INFO - [2026-04-08T13:57:04.749+0530] {dag.py:3239} INFO - Sync 1 DAGs
[2026-04-08T13:57:04.759+0530] {logging_mixin.py:190} INFO - [2026-04-08T13:57:04.759+0530] {dag.py:4180} INFO - Setting next_dagrun for latest_only_with_trigger to 2026-04-08 04:00:00+00:00, run_after=2026-04-08 08:00:00+00:00
[2026-04-08T13:57:04.777+0530] {processor.py:208} INFO - Processing /Users/navalyemul/Documents/uptime/airflow_venv/lib/python3.12/site-packages/airflow/example_dags/example_latest_only_with_trigger.py took 0.082 seconds
