[2026-04-08T12:48:07.346+0530] {processor.py:186} INFO - Started process (PID=18257) to work on /Users/navalyemul/Documents/uptime/airflow_venv/lib/python3.12/site-packages/airflow/example_dags/example_bash_decorator.py
[2026-04-08T12:48:07.347+0530] {processor.py:914} INFO - Processing file /Users/navalyemul/Documents/uptime/airflow_venv/lib/python3.12/site-packages/airflow/example_dags/example_bash_decorator.py for tasks to queue
[2026-04-08T12:48:07.347+0530] {logging_mixin.py:190} INFO - [2026-04-08T12:48:07.347+0530] {dagbag.py:588} INFO - Filling up the DagBag from /Users/navalyemul/Documents/uptime/airflow_venv/lib/python3.12/site-packages/airflow/example_dags/example_bash_decorator.py
[2026-04-08T12:48:07.376+0530] {processor.py:925} INFO - DAG(s) 'example_bash_decorator' retrieved from /Users/navalyemul/Documents/uptime/airflow_venv/lib/python3.12/site-packages/airflow/example_dags/example_bash_decorator.py
[2026-04-08T12:48:07.458+0530] {logging_mixin.py:190} INFO - [2026-04-08T12:48:07.457+0530] {override.py:1912} INFO - Created Permission View: can delete on DAG:example_bash_decorator
[2026-04-08T12:48:07.462+0530] {logging_mixin.py:190} INFO - [2026-04-08T12:48:07.462+0530] {override.py:1912} INFO - Created Permission View: can edit on DAG:example_bash_decorator
[2026-04-08T12:48:07.465+0530] {logging_mixin.py:190} INFO - [2026-04-08T12:48:07.465+0530] {override.py:1912} INFO - Created Permission View: can read on DAG:example_bash_decorator
[2026-04-08T12:48:07.468+0530] {logging_mixin.py:190} INFO - [2026-04-08T12:48:07.468+0530] {override.py:1912} INFO - Created Permission View: menu access on DAG Run:example_bash_decorator
[2026-04-08T12:48:07.471+0530] {logging_mixin.py:190} INFO - [2026-04-08T12:48:07.470+0530] {override.py:1912} INFO - Created Permission View: can delete on DAG Run:example_bash_decorator
[2026-04-08T12:48:07.473+0530] {logging_mixin.py:190} INFO - [2026-04-08T12:48:07.473+0530] {override.py:1912} INFO - Created Permission View: can create on DAG Run:example_bash_decorator
[2026-04-08T12:48:07.476+0530] {logging_mixin.py:190} INFO - [2026-04-08T12:48:07.476+0530] {override.py:1912} INFO - Created Permission View: can read on DAG Run:example_bash_decorator
[2026-04-08T12:48:07.476+0530] {logging_mixin.py:190} INFO - [2026-04-08T12:48:07.476+0530] {dag.py:3239} INFO - Sync 1 DAGs
[2026-04-08T12:48:07.482+0530] {logging_mixin.py:190} INFO - [2026-04-08T12:48:07.482+0530] {dag.py:3262} INFO - Creating ORM DAG for example_bash_decorator
[2026-04-08T12:48:07.482+0530] {logging_mixin.py:190} INFO - [2026-04-08T12:48:07.482+0530] {dag.py:4180} INFO - Setting next_dagrun for example_bash_decorator to None, run_after=None
[2026-04-08T12:48:07.527+0530] {processor.py:208} INFO - Processing /Users/navalyemul/Documents/uptime/airflow_venv/lib/python3.12/site-packages/airflow/example_dags/example_bash_decorator.py took 0.183 seconds
[2026-04-08T12:50:57.939+0530] {processor.py:186} INFO - Started process (PID=20188) to work on /Users/navalyemul/Documents/uptime/airflow_venv/lib/python3.12/site-packages/airflow/example_dags/example_bash_decorator.py
[2026-04-08T12:50:57.940+0530] {processor.py:914} INFO - Processing file /Users/navalyemul/Documents/uptime/airflow_venv/lib/python3.12/site-packages/airflow/example_dags/example_bash_decorator.py for tasks to queue
[2026-04-08T12:50:57.941+0530] {logging_mixin.py:190} INFO - [2026-04-08T12:50:57.941+0530] {dagbag.py:588} INFO - Filling up the DagBag from /Users/navalyemul/Documents/uptime/airflow_venv/lib/python3.12/site-packages/airflow/example_dags/example_bash_decorator.py
[2026-04-08T12:50:57.985+0530] {processor.py:925} INFO - DAG(s) 'example_bash_decorator' retrieved from /Users/navalyemul/Documents/uptime/airflow_venv/lib/python3.12/site-packages/airflow/example_dags/example_bash_decorator.py
[2026-04-08T12:50:58.121+0530] {logging_mixin.py:190} INFO - [2026-04-08T12:50:58.121+0530] {dag.py:3239} INFO - Sync 1 DAGs
[2026-04-08T12:50:58.128+0530] {logging_mixin.py:190} INFO - [2026-04-08T12:50:58.128+0530] {dag.py:4180} INFO - Setting next_dagrun for example_bash_decorator to None, run_after=None
[2026-04-08T12:50:58.197+0530] {processor.py:208} INFO - Processing /Users/navalyemul/Documents/uptime/airflow_venv/lib/python3.12/site-packages/airflow/example_dags/example_bash_decorator.py took 0.261 seconds
[2026-04-08T12:54:29.996+0530] {processor.py:186} INFO - Started process (PID=22040) to work on /Users/navalyemul/Documents/uptime/airflow_venv/lib/python3.12/site-packages/airflow/example_dags/example_bash_decorator.py
[2026-04-08T12:54:29.997+0530] {processor.py:914} INFO - Processing file /Users/navalyemul/Documents/uptime/airflow_venv/lib/python3.12/site-packages/airflow/example_dags/example_bash_decorator.py for tasks to queue
[2026-04-08T12:54:29.998+0530] {logging_mixin.py:190} INFO - [2026-04-08T12:54:29.997+0530] {dagbag.py:588} INFO - Filling up the DagBag from /Users/navalyemul/Documents/uptime/airflow_venv/lib/python3.12/site-packages/airflow/example_dags/example_bash_decorator.py
[2026-04-08T12:54:30.034+0530] {processor.py:925} INFO - DAG(s) 'example_bash_decorator' retrieved from /Users/navalyemul/Documents/uptime/airflow_venv/lib/python3.12/site-packages/airflow/example_dags/example_bash_decorator.py
[2026-04-08T12:54:30.145+0530] {logging_mixin.py:190} INFO - [2026-04-08T12:54:30.145+0530] {dag.py:3239} INFO - Sync 1 DAGs
[2026-04-08T12:54:30.151+0530] {logging_mixin.py:190} INFO - [2026-04-08T12:54:30.151+0530] {dag.py:4180} INFO - Setting next_dagrun for example_bash_decorator to None, run_after=None
[2026-04-08T12:54:30.203+0530] {processor.py:208} INFO - Processing /Users/navalyemul/Documents/uptime/airflow_venv/lib/python3.12/site-packages/airflow/example_dags/example_bash_decorator.py took 0.210 seconds
[2026-04-08T12:57:38.471+0530] {processor.py:186} INFO - Started process (PID=23910) to work on /Users/navalyemul/Documents/uptime/airflow_venv/lib/python3.12/site-packages/airflow/example_dags/example_bash_decorator.py
[2026-04-08T12:57:38.473+0530] {processor.py:914} INFO - Processing file /Users/navalyemul/Documents/uptime/airflow_venv/lib/python3.12/site-packages/airflow/example_dags/example_bash_decorator.py for tasks to queue
[2026-04-08T12:57:38.474+0530] {logging_mixin.py:190} INFO - [2026-04-08T12:57:38.474+0530] {dagbag.py:588} INFO - Filling up the DagBag from /Users/navalyemul/Documents/uptime/airflow_venv/lib/python3.12/site-packages/airflow/example_dags/example_bash_decorator.py
[2026-04-08T12:57:38.505+0530] {processor.py:925} INFO - DAG(s) 'example_bash_decorator' retrieved from /Users/navalyemul/Documents/uptime/airflow_venv/lib/python3.12/site-packages/airflow/example_dags/example_bash_decorator.py
[2026-04-08T12:57:38.601+0530] {logging_mixin.py:190} INFO - [2026-04-08T12:57:38.601+0530] {dag.py:3239} INFO - Sync 1 DAGs
[2026-04-08T12:57:38.607+0530] {logging_mixin.py:190} INFO - [2026-04-08T12:57:38.606+0530] {dag.py:4180} INFO - Setting next_dagrun for example_bash_decorator to None, run_after=None
[2026-04-08T12:57:38.656+0530] {processor.py:208} INFO - Processing /Users/navalyemul/Documents/uptime/airflow_venv/lib/python3.12/site-packages/airflow/example_dags/example_bash_decorator.py took 0.186 seconds
[2026-04-08T13:00:26.121+0530] {processor.py:186} INFO - Started process (PID=25731) to work on /Users/navalyemul/Documents/uptime/airflow_venv/lib/python3.12/site-packages/airflow/example_dags/example_bash_decorator.py
[2026-04-08T13:00:26.122+0530] {processor.py:914} INFO - Processing file /Users/navalyemul/Documents/uptime/airflow_venv/lib/python3.12/site-packages/airflow/example_dags/example_bash_decorator.py for tasks to queue
[2026-04-08T13:00:26.123+0530] {logging_mixin.py:190} INFO - [2026-04-08T13:00:26.123+0530] {dagbag.py:588} INFO - Filling up the DagBag from /Users/navalyemul/Documents/uptime/airflow_venv/lib/python3.12/site-packages/airflow/example_dags/example_bash_decorator.py
[2026-04-08T13:00:26.148+0530] {processor.py:925} INFO - DAG(s) 'example_bash_decorator' retrieved from /Users/navalyemul/Documents/uptime/airflow_venv/lib/python3.12/site-packages/airflow/example_dags/example_bash_decorator.py
[2026-04-08T13:00:26.239+0530] {logging_mixin.py:190} INFO - [2026-04-08T13:00:26.238+0530] {dag.py:3239} INFO - Sync 1 DAGs
[2026-04-08T13:00:26.244+0530] {logging_mixin.py:190} INFO - [2026-04-08T13:00:26.244+0530] {dag.py:4180} INFO - Setting next_dagrun for example_bash_decorator to None, run_after=None
[2026-04-08T13:00:26.285+0530] {processor.py:208} INFO - Processing /Users/navalyemul/Documents/uptime/airflow_venv/lib/python3.12/site-packages/airflow/example_dags/example_bash_decorator.py took 0.165 seconds
[2026-04-08T13:03:07.790+0530] {processor.py:186} INFO - Started process (PID=27593) to work on /Users/navalyemul/Documents/uptime/airflow_venv/lib/python3.12/site-packages/airflow/example_dags/example_bash_decorator.py
[2026-04-08T13:03:07.791+0530] {processor.py:914} INFO - Processing file /Users/navalyemul/Documents/uptime/airflow_venv/lib/python3.12/site-packages/airflow/example_dags/example_bash_decorator.py for tasks to queue
[2026-04-08T13:03:07.791+0530] {logging_mixin.py:190} INFO - [2026-04-08T13:03:07.791+0530] {dagbag.py:588} INFO - Filling up the DagBag from /Users/navalyemul/Documents/uptime/airflow_venv/lib/python3.12/site-packages/airflow/example_dags/example_bash_decorator.py
[2026-04-08T13:03:07.816+0530] {processor.py:925} INFO - DAG(s) 'example_bash_decorator' retrieved from /Users/navalyemul/Documents/uptime/airflow_venv/lib/python3.12/site-packages/airflow/example_dags/example_bash_decorator.py
[2026-04-08T13:03:07.906+0530] {logging_mixin.py:190} INFO - [2026-04-08T13:03:07.906+0530] {dag.py:3239} INFO - Sync 1 DAGs
[2026-04-08T13:03:07.911+0530] {logging_mixin.py:190} INFO - [2026-04-08T13:03:07.911+0530] {dag.py:4180} INFO - Setting next_dagrun for example_bash_decorator to None, run_after=None
[2026-04-08T13:03:07.954+0530] {processor.py:208} INFO - Processing /Users/navalyemul/Documents/uptime/airflow_venv/lib/python3.12/site-packages/airflow/example_dags/example_bash_decorator.py took 0.166 seconds
[2026-04-08T13:05:58.133+0530] {processor.py:186} INFO - Started process (PID=29547) to work on /Users/navalyemul/Documents/uptime/airflow_venv/lib/python3.12/site-packages/airflow/example_dags/example_bash_decorator.py
[2026-04-08T13:05:58.133+0530] {processor.py:914} INFO - Processing file /Users/navalyemul/Documents/uptime/airflow_venv/lib/python3.12/site-packages/airflow/example_dags/example_bash_decorator.py for tasks to queue
[2026-04-08T13:05:58.134+0530] {logging_mixin.py:190} INFO - [2026-04-08T13:05:58.134+0530] {dagbag.py:588} INFO - Filling up the DagBag from /Users/navalyemul/Documents/uptime/airflow_venv/lib/python3.12/site-packages/airflow/example_dags/example_bash_decorator.py
[2026-04-08T13:05:58.162+0530] {processor.py:925} INFO - DAG(s) 'example_bash_decorator' retrieved from /Users/navalyemul/Documents/uptime/airflow_venv/lib/python3.12/site-packages/airflow/example_dags/example_bash_decorator.py
[2026-04-08T13:05:58.256+0530] {logging_mixin.py:190} INFO - [2026-04-08T13:05:58.256+0530] {dag.py:3239} INFO - Sync 1 DAGs
[2026-04-08T13:05:58.262+0530] {logging_mixin.py:190} INFO - [2026-04-08T13:05:58.262+0530] {dag.py:4180} INFO - Setting next_dagrun for example_bash_decorator to None, run_after=None
[2026-04-08T13:05:58.308+0530] {processor.py:208} INFO - Processing /Users/navalyemul/Documents/uptime/airflow_venv/lib/python3.12/site-packages/airflow/example_dags/example_bash_decorator.py took 0.177 seconds
[2026-04-08T13:08:44.888+0530] {processor.py:186} INFO - Started process (PID=31355) to work on /Users/navalyemul/Documents/uptime/airflow_venv/lib/python3.12/site-packages/airflow/example_dags/example_bash_decorator.py
[2026-04-08T13:08:44.889+0530] {processor.py:914} INFO - Processing file /Users/navalyemul/Documents/uptime/airflow_venv/lib/python3.12/site-packages/airflow/example_dags/example_bash_decorator.py for tasks to queue
[2026-04-08T13:08:44.889+0530] {logging_mixin.py:190} INFO - [2026-04-08T13:08:44.889+0530] {dagbag.py:588} INFO - Filling up the DagBag from /Users/navalyemul/Documents/uptime/airflow_venv/lib/python3.12/site-packages/airflow/example_dags/example_bash_decorator.py
[2026-04-08T13:08:44.918+0530] {processor.py:925} INFO - DAG(s) 'example_bash_decorator' retrieved from /Users/navalyemul/Documents/uptime/airflow_venv/lib/python3.12/site-packages/airflow/example_dags/example_bash_decorator.py
[2026-04-08T13:08:45.016+0530] {logging_mixin.py:190} INFO - [2026-04-08T13:08:45.016+0530] {dag.py:3239} INFO - Sync 1 DAGs
[2026-04-08T13:08:45.022+0530] {logging_mixin.py:190} INFO - [2026-04-08T13:08:45.022+0530] {dag.py:4180} INFO - Setting next_dagrun for example_bash_decorator to None, run_after=None
[2026-04-08T13:08:45.066+0530] {processor.py:208} INFO - Processing /Users/navalyemul/Documents/uptime/airflow_venv/lib/python3.12/site-packages/airflow/example_dags/example_bash_decorator.py took 0.180 seconds
[2026-04-08T13:11:29.302+0530] {processor.py:186} INFO - Started process (PID=33216) to work on /Users/navalyemul/Documents/uptime/airflow_venv/lib/python3.12/site-packages/airflow/example_dags/example_bash_decorator.py
[2026-04-08T13:11:29.303+0530] {processor.py:914} INFO - Processing file /Users/navalyemul/Documents/uptime/airflow_venv/lib/python3.12/site-packages/airflow/example_dags/example_bash_decorator.py for tasks to queue
[2026-04-08T13:11:29.303+0530] {logging_mixin.py:190} INFO - [2026-04-08T13:11:29.303+0530] {dagbag.py:588} INFO - Filling up the DagBag from /Users/navalyemul/Documents/uptime/airflow_venv/lib/python3.12/site-packages/airflow/example_dags/example_bash_decorator.py
[2026-04-08T13:11:29.334+0530] {processor.py:925} INFO - DAG(s) 'example_bash_decorator' retrieved from /Users/navalyemul/Documents/uptime/airflow_venv/lib/python3.12/site-packages/airflow/example_dags/example_bash_decorator.py
[2026-04-08T13:11:29.436+0530] {logging_mixin.py:190} INFO - [2026-04-08T13:11:29.435+0530] {dag.py:3239} INFO - Sync 1 DAGs
[2026-04-08T13:11:29.441+0530] {logging_mixin.py:190} INFO - [2026-04-08T13:11:29.441+0530] {dag.py:4180} INFO - Setting next_dagrun for example_bash_decorator to None, run_after=None
[2026-04-08T13:11:29.493+0530] {processor.py:208} INFO - Processing /Users/navalyemul/Documents/uptime/airflow_venv/lib/python3.12/site-packages/airflow/example_dags/example_bash_decorator.py took 0.193 seconds
[2026-04-08T13:14:14.868+0530] {processor.py:186} INFO - Started process (PID=35061) to work on /Users/navalyemul/Documents/uptime/airflow_venv/lib/python3.12/site-packages/airflow/example_dags/example_bash_decorator.py
[2026-04-08T13:14:14.869+0530] {processor.py:914} INFO - Processing file /Users/navalyemul/Documents/uptime/airflow_venv/lib/python3.12/site-packages/airflow/example_dags/example_bash_decorator.py for tasks to queue
[2026-04-08T13:14:14.869+0530] {logging_mixin.py:190} INFO - [2026-04-08T13:14:14.869+0530] {dagbag.py:588} INFO - Filling up the DagBag from /Users/navalyemul/Documents/uptime/airflow_venv/lib/python3.12/site-packages/airflow/example_dags/example_bash_decorator.py
[2026-04-08T13:14:14.900+0530] {processor.py:925} INFO - DAG(s) 'example_bash_decorator' retrieved from /Users/navalyemul/Documents/uptime/airflow_venv/lib/python3.12/site-packages/airflow/example_dags/example_bash_decorator.py
[2026-04-08T13:14:14.993+0530] {logging_mixin.py:190} INFO - [2026-04-08T13:14:14.993+0530] {dag.py:3239} INFO - Sync 1 DAGs
[2026-04-08T13:14:14.998+0530] {logging_mixin.py:190} INFO - [2026-04-08T13:14:14.998+0530] {dag.py:4180} INFO - Setting next_dagrun for example_bash_decorator to None, run_after=None
[2026-04-08T13:14:15.044+0530] {processor.py:208} INFO - Processing /Users/navalyemul/Documents/uptime/airflow_venv/lib/python3.12/site-packages/airflow/example_dags/example_bash_decorator.py took 0.178 seconds
[2026-04-08T13:17:03.290+0530] {processor.py:186} INFO - Started process (PID=36957) to work on /Users/navalyemul/Documents/uptime/airflow_venv/lib/python3.12/site-packages/airflow/example_dags/example_bash_decorator.py
[2026-04-08T13:17:03.291+0530] {processor.py:914} INFO - Processing file /Users/navalyemul/Documents/uptime/airflow_venv/lib/python3.12/site-packages/airflow/example_dags/example_bash_decorator.py for tasks to queue
[2026-04-08T13:17:03.291+0530] {logging_mixin.py:190} INFO - [2026-04-08T13:17:03.291+0530] {dagbag.py:588} INFO - Filling up the DagBag from /Users/navalyemul/Documents/uptime/airflow_venv/lib/python3.12/site-packages/airflow/example_dags/example_bash_decorator.py
[2026-04-08T13:17:03.316+0530] {processor.py:925} INFO - DAG(s) 'example_bash_decorator' retrieved from /Users/navalyemul/Documents/uptime/airflow_venv/lib/python3.12/site-packages/airflow/example_dags/example_bash_decorator.py
[2026-04-08T13:17:03.409+0530] {logging_mixin.py:190} INFO - [2026-04-08T13:17:03.409+0530] {dag.py:3239} INFO - Sync 1 DAGs
[2026-04-08T13:17:03.414+0530] {logging_mixin.py:190} INFO - [2026-04-08T13:17:03.414+0530] {dag.py:4180} INFO - Setting next_dagrun for example_bash_decorator to None, run_after=None
[2026-04-08T13:17:03.457+0530] {processor.py:208} INFO - Processing /Users/navalyemul/Documents/uptime/airflow_venv/lib/python3.12/site-packages/airflow/example_dags/example_bash_decorator.py took 0.168 seconds
[2026-04-08T13:20:37.937+0530] {processor.py:186} INFO - Started process (PID=38851) to work on /Users/navalyemul/Documents/uptime/airflow_venv/lib/python3.12/site-packages/airflow/example_dags/example_bash_decorator.py
[2026-04-08T13:20:37.938+0530] {processor.py:914} INFO - Processing file /Users/navalyemul/Documents/uptime/airflow_venv/lib/python3.12/site-packages/airflow/example_dags/example_bash_decorator.py for tasks to queue
[2026-04-08T13:20:37.938+0530] {logging_mixin.py:190} INFO - [2026-04-08T13:20:37.938+0530] {dagbag.py:588} INFO - Filling up the DagBag from /Users/navalyemul/Documents/uptime/airflow_venv/lib/python3.12/site-packages/airflow/example_dags/example_bash_decorator.py
[2026-04-08T13:20:37.965+0530] {processor.py:925} INFO - DAG(s) 'example_bash_decorator' retrieved from /Users/navalyemul/Documents/uptime/airflow_venv/lib/python3.12/site-packages/airflow/example_dags/example_bash_decorator.py
[2026-04-08T13:20:38.058+0530] {logging_mixin.py:190} INFO - [2026-04-08T13:20:38.058+0530] {dag.py:3239} INFO - Sync 1 DAGs
[2026-04-08T13:20:38.063+0530] {logging_mixin.py:190} INFO - [2026-04-08T13:20:38.063+0530] {dag.py:4180} INFO - Setting next_dagrun for example_bash_decorator to None, run_after=None
[2026-04-08T13:20:38.104+0530] {processor.py:208} INFO - Processing /Users/navalyemul/Documents/uptime/airflow_venv/lib/python3.12/site-packages/airflow/example_dags/example_bash_decorator.py took 0.169 seconds
[2026-04-08T13:34:43.784+0530] {processor.py:186} INFO - Started process (PID=40969) to work on /Users/navalyemul/Documents/uptime/airflow_venv/lib/python3.12/site-packages/airflow/example_dags/example_bash_decorator.py
[2026-04-08T13:34:43.785+0530] {processor.py:914} INFO - Processing file /Users/navalyemul/Documents/uptime/airflow_venv/lib/python3.12/site-packages/airflow/example_dags/example_bash_decorator.py for tasks to queue
[2026-04-08T13:34:43.785+0530] {logging_mixin.py:190} INFO - [2026-04-08T13:34:43.785+0530] {dagbag.py:588} INFO - Filling up the DagBag from /Users/navalyemul/Documents/uptime/airflow_venv/lib/python3.12/site-packages/airflow/example_dags/example_bash_decorator.py
[2026-04-08T13:34:43.815+0530] {processor.py:925} INFO - DAG(s) 'example_bash_decorator' retrieved from /Users/navalyemul/Documents/uptime/airflow_venv/lib/python3.12/site-packages/airflow/example_dags/example_bash_decorator.py
[2026-04-08T13:34:43.909+0530] {logging_mixin.py:190} INFO - [2026-04-08T13:34:43.909+0530] {dag.py:3239} INFO - Sync 1 DAGs
[2026-04-08T13:34:43.914+0530] {logging_mixin.py:190} INFO - [2026-04-08T13:34:43.914+0530] {dag.py:4180} INFO - Setting next_dagrun for example_bash_decorator to None, run_after=None
[2026-04-08T13:34:43.956+0530] {processor.py:208} INFO - Processing /Users/navalyemul/Documents/uptime/airflow_venv/lib/python3.12/site-packages/airflow/example_dags/example_bash_decorator.py took 0.174 seconds
[2026-04-08T13:53:55.699+0530] {processor.py:186} INFO - Started process (PID=43093) to work on /Users/navalyemul/Documents/uptime/airflow_venv/lib/python3.12/site-packages/airflow/example_dags/example_bash_decorator.py
[2026-04-08T13:53:55.700+0530] {processor.py:914} INFO - Processing file /Users/navalyemul/Documents/uptime/airflow_venv/lib/python3.12/site-packages/airflow/example_dags/example_bash_decorator.py for tasks to queue
[2026-04-08T13:53:55.700+0530] {logging_mixin.py:190} INFO - [2026-04-08T13:53:55.700+0530] {dagbag.py:588} INFO - Filling up the DagBag from /Users/navalyemul/Documents/uptime/airflow_venv/lib/python3.12/site-packages/airflow/example_dags/example_bash_decorator.py
[2026-04-08T13:53:55.731+0530] {processor.py:925} INFO - DAG(s) 'example_bash_decorator' retrieved from /Users/navalyemul/Documents/uptime/airflow_venv/lib/python3.12/site-packages/airflow/example_dags/example_bash_decorator.py
[2026-04-08T13:53:55.830+0530] {logging_mixin.py:190} INFO - [2026-04-08T13:53:55.830+0530] {dag.py:3239} INFO - Sync 1 DAGs
[2026-04-08T13:53:55.836+0530] {logging_mixin.py:190} INFO - [2026-04-08T13:53:55.836+0530] {dag.py:4180} INFO - Setting next_dagrun for example_bash_decorator to None, run_after=None
[2026-04-08T13:53:55.883+0530] {processor.py:208} INFO - Processing /Users/navalyemul/Documents/uptime/airflow_venv/lib/python3.12/site-packages/airflow/example_dags/example_bash_decorator.py took 0.185 seconds
[2026-04-08T13:57:24.695+0530] {processor.py:186} INFO - Started process (PID=45207) to work on /Users/navalyemul/Documents/uptime/airflow_venv/lib/python3.12/site-packages/airflow/example_dags/example_bash_decorator.py
[2026-04-08T13:57:24.696+0530] {processor.py:914} INFO - Processing file /Users/navalyemul/Documents/uptime/airflow_venv/lib/python3.12/site-packages/airflow/example_dags/example_bash_decorator.py for tasks to queue
[2026-04-08T13:57:24.697+0530] {logging_mixin.py:190} INFO - [2026-04-08T13:57:24.697+0530] {dagbag.py:588} INFO - Filling up the DagBag from /Users/navalyemul/Documents/uptime/airflow_venv/lib/python3.12/site-packages/airflow/example_dags/example_bash_decorator.py
[2026-04-08T13:57:24.732+0530] {processor.py:925} INFO - DAG(s) 'example_bash_decorator' retrieved from /Users/navalyemul/Documents/uptime/airflow_venv/lib/python3.12/site-packages/airflow/example_dags/example_bash_decorator.py
[2026-04-08T13:57:24.843+0530] {logging_mixin.py:190} INFO - [2026-04-08T13:57:24.843+0530] {dag.py:3239} INFO - Sync 1 DAGs
[2026-04-08T13:57:24.849+0530] {logging_mixin.py:190} INFO - [2026-04-08T13:57:24.849+0530] {dag.py:4180} INFO - Setting next_dagrun for example_bash_decorator to None, run_after=None
[2026-04-08T13:57:24.906+0530] {processor.py:208} INFO - Processing /Users/navalyemul/Documents/uptime/airflow_venv/lib/python3.12/site-packages/airflow/example_dags/example_bash_decorator.py took 0.213 seconds
