[2026-04-08T12:39:40.946+0530] {processor.py:186} INFO - Started process (PID=13426) to work on /Users/navalyemul/Documents/uptime/airflow_venv/lib/python3.12/site-packages/airflow/example_dags/example_time_delta_sensor_async.py
[2026-04-08T12:39:40.947+0530] {processor.py:914} INFO - Processing file /Users/navalyemul/Documents/uptime/airflow_venv/lib/python3.12/site-packages/airflow/example_dags/example_time_delta_sensor_async.py for tasks to queue
[2026-04-08T12:39:40.948+0530] {logging_mixin.py:190} INFO - [2026-04-08T12:39:40.948+0530] {dagbag.py:588} INFO - Filling up the DagBag from /Users/navalyemul/Documents/uptime/airflow_venv/lib/python3.12/site-packages/airflow/example_dags/example_time_delta_sensor_async.py
[2026-04-08T12:39:40.956+0530] {processor.py:925} INFO - DAG(s) 'example_time_delta_sensor_async' retrieved from /Users/navalyemul/Documents/uptime/airflow_venv/lib/python3.12/site-packages/airflow/example_dags/example_time_delta_sensor_async.py
[2026-04-08T12:39:41.015+0530] {logging_mixin.py:190} INFO - [2026-04-08T12:39:41.015+0530] {workday.py:41} WARNING - Could not import pandas. Holidays will not be considered.
[2026-04-08T12:39:41.142+0530] {logging_mixin.py:190} INFO - [2026-04-08T12:39:41.142+0530] {override.py:1912} INFO - Created Permission View: can delete on DAG:example_time_delta_sensor_async
[2026-04-08T12:39:41.149+0530] {logging_mixin.py:190} INFO - [2026-04-08T12:39:41.149+0530] {override.py:1912} INFO - Created Permission View: can edit on DAG:example_time_delta_sensor_async
[2026-04-08T12:39:41.155+0530] {logging_mixin.py:190} INFO - [2026-04-08T12:39:41.155+0530] {override.py:1912} INFO - Created Permission View: can read on DAG:example_time_delta_sensor_async
[2026-04-08T12:39:41.160+0530] {logging_mixin.py:190} INFO - [2026-04-08T12:39:41.160+0530] {override.py:1912} INFO - Created Permission View: can delete on DAG Run:example_time_delta_sensor_async
[2026-04-08T12:39:41.164+0530] {logging_mixin.py:190} INFO - [2026-04-08T12:39:41.164+0530] {override.py:1912} INFO - Created Permission View: can read on DAG Run:example_time_delta_sensor_async
[2026-04-08T12:39:41.167+0530] {logging_mixin.py:190} INFO - [2026-04-08T12:39:41.167+0530] {override.py:1912} INFO - Created Permission View: menu access on DAG Run:example_time_delta_sensor_async
[2026-04-08T12:39:41.171+0530] {logging_mixin.py:190} INFO - [2026-04-08T12:39:41.170+0530] {override.py:1912} INFO - Created Permission View: can create on DAG Run:example_time_delta_sensor_async
[2026-04-08T12:39:41.171+0530] {logging_mixin.py:190} INFO - [2026-04-08T12:39:41.171+0530] {dag.py:3239} INFO - Sync 1 DAGs
[2026-04-08T12:39:41.180+0530] {logging_mixin.py:190} INFO - [2026-04-08T12:39:41.180+0530] {dag.py:3262} INFO - Creating ORM DAG for example_time_delta_sensor_async
[2026-04-08T12:39:41.181+0530] {logging_mixin.py:190} INFO - [2026-04-08T12:39:41.181+0530] {dag.py:4180} INFO - Setting next_dagrun for example_time_delta_sensor_async to None, run_after=None
[2026-04-08T12:39:41.193+0530] {processor.py:208} INFO - Processing /Users/navalyemul/Documents/uptime/airflow_venv/lib/python3.12/site-packages/airflow/example_dags/example_time_delta_sensor_async.py took 0.250 seconds
[2026-04-08T12:44:05.532+0530] {processor.py:186} INFO - Started process (PID=15720) to work on /Users/navalyemul/Documents/uptime/airflow_venv/lib/python3.12/site-packages/airflow/example_dags/example_time_delta_sensor_async.py
[2026-04-08T12:44:05.534+0530] {processor.py:914} INFO - Processing file /Users/navalyemul/Documents/uptime/airflow_venv/lib/python3.12/site-packages/airflow/example_dags/example_time_delta_sensor_async.py for tasks to queue
[2026-04-08T12:44:05.534+0530] {logging_mixin.py:190} INFO - [2026-04-08T12:44:05.534+0530] {dagbag.py:588} INFO - Filling up the DagBag from /Users/navalyemul/Documents/uptime/airflow_venv/lib/python3.12/site-packages/airflow/example_dags/example_time_delta_sensor_async.py
[2026-04-08T12:44:05.539+0530] {processor.py:925} INFO - DAG(s) 'example_time_delta_sensor_async' retrieved from /Users/navalyemul/Documents/uptime/airflow_venv/lib/python3.12/site-packages/airflow/example_dags/example_time_delta_sensor_async.py
[2026-04-08T12:44:05.582+0530] {logging_mixin.py:190} INFO - [2026-04-08T12:44:05.582+0530] {workday.py:41} WARNING - Could not import pandas. Holidays will not be considered.
[2026-04-08T12:44:05.595+0530] {logging_mixin.py:190} INFO - [2026-04-08T12:44:05.594+0530] {dag.py:3239} INFO - Sync 1 DAGs
[2026-04-08T12:44:05.600+0530] {logging_mixin.py:190} INFO - [2026-04-08T12:44:05.600+0530] {dag.py:4180} INFO - Setting next_dagrun for example_time_delta_sensor_async to None, run_after=None
[2026-04-08T12:44:05.614+0530] {processor.py:208} INFO - Processing /Users/navalyemul/Documents/uptime/airflow_venv/lib/python3.12/site-packages/airflow/example_dags/example_time_delta_sensor_async.py took 0.084 seconds
[2026-04-08T12:46:43.742+0530] {processor.py:186} INFO - Started process (PID=17297) to work on /Users/navalyemul/Documents/uptime/airflow_venv/lib/python3.12/site-packages/airflow/example_dags/example_time_delta_sensor_async.py
[2026-04-08T12:46:43.743+0530] {processor.py:914} INFO - Processing file /Users/navalyemul/Documents/uptime/airflow_venv/lib/python3.12/site-packages/airflow/example_dags/example_time_delta_sensor_async.py for tasks to queue
[2026-04-08T12:46:43.743+0530] {logging_mixin.py:190} INFO - [2026-04-08T12:46:43.743+0530] {dagbag.py:588} INFO - Filling up the DagBag from /Users/navalyemul/Documents/uptime/airflow_venv/lib/python3.12/site-packages/airflow/example_dags/example_time_delta_sensor_async.py
[2026-04-08T12:46:43.747+0530] {processor.py:925} INFO - DAG(s) 'example_time_delta_sensor_async' retrieved from /Users/navalyemul/Documents/uptime/airflow_venv/lib/python3.12/site-packages/airflow/example_dags/example_time_delta_sensor_async.py
[2026-04-08T12:46:43.785+0530] {logging_mixin.py:190} INFO - [2026-04-08T12:46:43.785+0530] {workday.py:41} WARNING - Could not import pandas. Holidays will not be considered.
[2026-04-08T12:46:43.795+0530] {logging_mixin.py:190} INFO - [2026-04-08T12:46:43.795+0530] {dag.py:3239} INFO - Sync 1 DAGs
[2026-04-08T12:46:43.800+0530] {logging_mixin.py:190} INFO - [2026-04-08T12:46:43.800+0530] {dag.py:4180} INFO - Setting next_dagrun for example_time_delta_sensor_async to None, run_after=None
[2026-04-08T12:46:43.809+0530] {processor.py:208} INFO - Processing /Users/navalyemul/Documents/uptime/airflow_venv/lib/python3.12/site-packages/airflow/example_dags/example_time_delta_sensor_async.py took 0.069 seconds
[2026-04-08T12:48:41.151+0530] {processor.py:186} INFO - Started process (PID=18638) to work on /Users/navalyemul/Documents/uptime/airflow_venv/lib/python3.12/site-packages/airflow/example_dags/example_time_delta_sensor_async.py
[2026-04-08T12:48:41.152+0530] {processor.py:914} INFO - Processing file /Users/navalyemul/Documents/uptime/airflow_venv/lib/python3.12/site-packages/airflow/example_dags/example_time_delta_sensor_async.py for tasks to queue
[2026-04-08T12:48:41.152+0530] {logging_mixin.py:190} INFO - [2026-04-08T12:48:41.152+0530] {dagbag.py:588} INFO - Filling up the DagBag from /Users/navalyemul/Documents/uptime/airflow_venv/lib/python3.12/site-packages/airflow/example_dags/example_time_delta_sensor_async.py
[2026-04-08T12:48:41.157+0530] {processor.py:925} INFO - DAG(s) 'example_time_delta_sensor_async' retrieved from /Users/navalyemul/Documents/uptime/airflow_venv/lib/python3.12/site-packages/airflow/example_dags/example_time_delta_sensor_async.py
[2026-04-08T12:48:41.193+0530] {logging_mixin.py:190} INFO - [2026-04-08T12:48:41.193+0530] {workday.py:41} WARNING - Could not import pandas. Holidays will not be considered.
[2026-04-08T12:48:41.203+0530] {logging_mixin.py:190} INFO - [2026-04-08T12:48:41.203+0530] {dag.py:3239} INFO - Sync 1 DAGs
[2026-04-08T12:48:41.208+0530] {logging_mixin.py:190} INFO - [2026-04-08T12:48:41.208+0530] {dag.py:4180} INFO - Setting next_dagrun for example_time_delta_sensor_async to None, run_after=None
[2026-04-08T12:48:41.217+0530] {processor.py:208} INFO - Processing /Users/navalyemul/Documents/uptime/airflow_venv/lib/python3.12/site-packages/airflow/example_dags/example_time_delta_sensor_async.py took 0.068 seconds
[2026-04-08T12:50:03.748+0530] {processor.py:186} INFO - Started process (PID=19589) to work on /Users/navalyemul/Documents/uptime/airflow_venv/lib/python3.12/site-packages/airflow/example_dags/example_time_delta_sensor_async.py
[2026-04-08T12:50:03.749+0530] {processor.py:914} INFO - Processing file /Users/navalyemul/Documents/uptime/airflow_venv/lib/python3.12/site-packages/airflow/example_dags/example_time_delta_sensor_async.py for tasks to queue
[2026-04-08T12:50:03.750+0530] {logging_mixin.py:190} INFO - [2026-04-08T12:50:03.750+0530] {dagbag.py:588} INFO - Filling up the DagBag from /Users/navalyemul/Documents/uptime/airflow_venv/lib/python3.12/site-packages/airflow/example_dags/example_time_delta_sensor_async.py
[2026-04-08T12:50:03.754+0530] {processor.py:925} INFO - DAG(s) 'example_time_delta_sensor_async' retrieved from /Users/navalyemul/Documents/uptime/airflow_venv/lib/python3.12/site-packages/airflow/example_dags/example_time_delta_sensor_async.py
[2026-04-08T12:50:03.791+0530] {logging_mixin.py:190} INFO - [2026-04-08T12:50:03.791+0530] {workday.py:41} WARNING - Could not import pandas. Holidays will not be considered.
[2026-04-08T12:50:03.802+0530] {logging_mixin.py:190} INFO - [2026-04-08T12:50:03.801+0530] {dag.py:3239} INFO - Sync 1 DAGs
[2026-04-08T12:50:03.807+0530] {logging_mixin.py:190} INFO - [2026-04-08T12:50:03.807+0530] {dag.py:4180} INFO - Setting next_dagrun for example_time_delta_sensor_async to None, run_after=None
[2026-04-08T12:50:03.815+0530] {processor.py:208} INFO - Processing /Users/navalyemul/Documents/uptime/airflow_venv/lib/python3.12/site-packages/airflow/example_dags/example_time_delta_sensor_async.py took 0.068 seconds
[2026-04-08T12:51:37.347+0530] {processor.py:186} INFO - Started process (PID=20541) to work on /Users/navalyemul/Documents/uptime/airflow_venv/lib/python3.12/site-packages/airflow/example_dags/example_time_delta_sensor_async.py
[2026-04-08T12:51:37.348+0530] {processor.py:914} INFO - Processing file /Users/navalyemul/Documents/uptime/airflow_venv/lib/python3.12/site-packages/airflow/example_dags/example_time_delta_sensor_async.py for tasks to queue
[2026-04-08T12:51:37.349+0530] {logging_mixin.py:190} INFO - [2026-04-08T12:51:37.349+0530] {dagbag.py:588} INFO - Filling up the DagBag from /Users/navalyemul/Documents/uptime/airflow_venv/lib/python3.12/site-packages/airflow/example_dags/example_time_delta_sensor_async.py
[2026-04-08T12:51:37.358+0530] {processor.py:925} INFO - DAG(s) 'example_time_delta_sensor_async' retrieved from /Users/navalyemul/Documents/uptime/airflow_venv/lib/python3.12/site-packages/airflow/example_dags/example_time_delta_sensor_async.py
[2026-04-08T12:51:37.413+0530] {logging_mixin.py:190} INFO - [2026-04-08T12:51:37.413+0530] {workday.py:41} WARNING - Could not import pandas. Holidays will not be considered.
[2026-04-08T12:51:37.424+0530] {logging_mixin.py:190} INFO - [2026-04-08T12:51:37.424+0530] {dag.py:3239} INFO - Sync 1 DAGs
[2026-04-08T12:51:37.430+0530] {logging_mixin.py:190} INFO - [2026-04-08T12:51:37.430+0530] {dag.py:4180} INFO - Setting next_dagrun for example_time_delta_sensor_async to None, run_after=None
[2026-04-08T12:51:37.441+0530] {processor.py:208} INFO - Processing /Users/navalyemul/Documents/uptime/airflow_venv/lib/python3.12/site-packages/airflow/example_dags/example_time_delta_sensor_async.py took 0.100 seconds
[2026-04-08T12:53:19.963+0530] {processor.py:186} INFO - Started process (PID=21492) to work on /Users/navalyemul/Documents/uptime/airflow_venv/lib/python3.12/site-packages/airflow/example_dags/example_time_delta_sensor_async.py
[2026-04-08T12:53:19.964+0530] {processor.py:914} INFO - Processing file /Users/navalyemul/Documents/uptime/airflow_venv/lib/python3.12/site-packages/airflow/example_dags/example_time_delta_sensor_async.py for tasks to queue
[2026-04-08T12:53:19.966+0530] {logging_mixin.py:190} INFO - [2026-04-08T12:53:19.966+0530] {dagbag.py:588} INFO - Filling up the DagBag from /Users/navalyemul/Documents/uptime/airflow_venv/lib/python3.12/site-packages/airflow/example_dags/example_time_delta_sensor_async.py
[2026-04-08T12:53:19.978+0530] {processor.py:925} INFO - DAG(s) 'example_time_delta_sensor_async' retrieved from /Users/navalyemul/Documents/uptime/airflow_venv/lib/python3.12/site-packages/airflow/example_dags/example_time_delta_sensor_async.py
[2026-04-08T12:53:20.054+0530] {logging_mixin.py:190} INFO - [2026-04-08T12:53:20.054+0530] {workday.py:41} WARNING - Could not import pandas. Holidays will not be considered.
[2026-04-08T12:53:20.066+0530] {logging_mixin.py:190} INFO - [2026-04-08T12:53:20.066+0530] {dag.py:3239} INFO - Sync 1 DAGs
[2026-04-08T12:53:20.074+0530] {logging_mixin.py:190} INFO - [2026-04-08T12:53:20.074+0530] {dag.py:4180} INFO - Setting next_dagrun for example_time_delta_sensor_async to None, run_after=None
[2026-04-08T12:53:20.093+0530] {processor.py:208} INFO - Processing /Users/navalyemul/Documents/uptime/airflow_venv/lib/python3.12/site-packages/airflow/example_dags/example_time_delta_sensor_async.py took 0.134 seconds
[2026-04-08T12:55:12.196+0530] {processor.py:186} INFO - Started process (PID=22371) to work on /Users/navalyemul/Documents/uptime/airflow_venv/lib/python3.12/site-packages/airflow/example_dags/example_time_delta_sensor_async.py
[2026-04-08T12:55:12.197+0530] {processor.py:914} INFO - Processing file /Users/navalyemul/Documents/uptime/airflow_venv/lib/python3.12/site-packages/airflow/example_dags/example_time_delta_sensor_async.py for tasks to queue
[2026-04-08T12:55:12.198+0530] {logging_mixin.py:190} INFO - [2026-04-08T12:55:12.198+0530] {dagbag.py:588} INFO - Filling up the DagBag from /Users/navalyemul/Documents/uptime/airflow_venv/lib/python3.12/site-packages/airflow/example_dags/example_time_delta_sensor_async.py
[2026-04-08T12:55:12.204+0530] {processor.py:925} INFO - DAG(s) 'example_time_delta_sensor_async' retrieved from /Users/navalyemul/Documents/uptime/airflow_venv/lib/python3.12/site-packages/airflow/example_dags/example_time_delta_sensor_async.py
[2026-04-08T12:55:12.248+0530] {logging_mixin.py:190} INFO - [2026-04-08T12:55:12.248+0530] {workday.py:41} WARNING - Could not import pandas. Holidays will not be considered.
[2026-04-08T12:55:12.259+0530] {logging_mixin.py:190} INFO - [2026-04-08T12:55:12.259+0530] {dag.py:3239} INFO - Sync 1 DAGs
[2026-04-08T12:55:12.265+0530] {logging_mixin.py:190} INFO - [2026-04-08T12:55:12.265+0530] {dag.py:4180} INFO - Setting next_dagrun for example_time_delta_sensor_async to None, run_after=None
[2026-04-08T12:55:12.274+0530] {processor.py:208} INFO - Processing /Users/navalyemul/Documents/uptime/airflow_venv/lib/python3.12/site-packages/airflow/example_dags/example_time_delta_sensor_async.py took 0.079 seconds
[2026-04-08T12:56:46.349+0530] {processor.py:186} INFO - Started process (PID=23341) to work on /Users/navalyemul/Documents/uptime/airflow_venv/lib/python3.12/site-packages/airflow/example_dags/example_time_delta_sensor_async.py
[2026-04-08T12:56:46.350+0530] {processor.py:914} INFO - Processing file /Users/navalyemul/Documents/uptime/airflow_venv/lib/python3.12/site-packages/airflow/example_dags/example_time_delta_sensor_async.py for tasks to queue
[2026-04-08T12:56:46.351+0530] {logging_mixin.py:190} INFO - [2026-04-08T12:56:46.351+0530] {dagbag.py:588} INFO - Filling up the DagBag from /Users/navalyemul/Documents/uptime/airflow_venv/lib/python3.12/site-packages/airflow/example_dags/example_time_delta_sensor_async.py
[2026-04-08T12:56:46.356+0530] {processor.py:925} INFO - DAG(s) 'example_time_delta_sensor_async' retrieved from /Users/navalyemul/Documents/uptime/airflow_venv/lib/python3.12/site-packages/airflow/example_dags/example_time_delta_sensor_async.py
[2026-04-08T12:56:46.392+0530] {logging_mixin.py:190} INFO - [2026-04-08T12:56:46.392+0530] {workday.py:41} WARNING - Could not import pandas. Holidays will not be considered.
[2026-04-08T12:56:46.403+0530] {logging_mixin.py:190} INFO - [2026-04-08T12:56:46.403+0530] {dag.py:3239} INFO - Sync 1 DAGs
[2026-04-08T12:56:46.408+0530] {logging_mixin.py:190} INFO - [2026-04-08T12:56:46.408+0530] {dag.py:4180} INFO - Setting next_dagrun for example_time_delta_sensor_async to None, run_after=None
[2026-04-08T12:56:46.416+0530] {processor.py:208} INFO - Processing /Users/navalyemul/Documents/uptime/airflow_venv/lib/python3.12/site-packages/airflow/example_dags/example_time_delta_sensor_async.py took 0.069 seconds
[2026-04-08T12:58:13.217+0530] {processor.py:186} INFO - Started process (PID=24268) to work on /Users/navalyemul/Documents/uptime/airflow_venv/lib/python3.12/site-packages/airflow/example_dags/example_time_delta_sensor_async.py
[2026-04-08T12:58:13.218+0530] {processor.py:914} INFO - Processing file /Users/navalyemul/Documents/uptime/airflow_venv/lib/python3.12/site-packages/airflow/example_dags/example_time_delta_sensor_async.py for tasks to queue
[2026-04-08T12:58:13.219+0530] {logging_mixin.py:190} INFO - [2026-04-08T12:58:13.219+0530] {dagbag.py:588} INFO - Filling up the DagBag from /Users/navalyemul/Documents/uptime/airflow_venv/lib/python3.12/site-packages/airflow/example_dags/example_time_delta_sensor_async.py
[2026-04-08T12:58:13.223+0530] {processor.py:925} INFO - DAG(s) 'example_time_delta_sensor_async' retrieved from /Users/navalyemul/Documents/uptime/airflow_venv/lib/python3.12/site-packages/airflow/example_dags/example_time_delta_sensor_async.py
[2026-04-08T12:58:13.261+0530] {logging_mixin.py:190} INFO - [2026-04-08T12:58:13.260+0530] {workday.py:41} WARNING - Could not import pandas. Holidays will not be considered.
[2026-04-08T12:58:13.270+0530] {logging_mixin.py:190} INFO - [2026-04-08T12:58:13.270+0530] {dag.py:3239} INFO - Sync 1 DAGs
[2026-04-08T12:58:13.276+0530] {logging_mixin.py:190} INFO - [2026-04-08T12:58:13.276+0530] {dag.py:4180} INFO - Setting next_dagrun for example_time_delta_sensor_async to None, run_after=None
[2026-04-08T12:58:13.284+0530] {processor.py:208} INFO - Processing /Users/navalyemul/Documents/uptime/airflow_venv/lib/python3.12/site-packages/airflow/example_dags/example_time_delta_sensor_async.py took 0.069 seconds
[2026-04-08T12:59:38.299+0530] {processor.py:186} INFO - Started process (PID=25180) to work on /Users/navalyemul/Documents/uptime/airflow_venv/lib/python3.12/site-packages/airflow/example_dags/example_time_delta_sensor_async.py
[2026-04-08T12:59:38.300+0530] {processor.py:914} INFO - Processing file /Users/navalyemul/Documents/uptime/airflow_venv/lib/python3.12/site-packages/airflow/example_dags/example_time_delta_sensor_async.py for tasks to queue
[2026-04-08T12:59:38.300+0530] {logging_mixin.py:190} INFO - [2026-04-08T12:59:38.300+0530] {dagbag.py:588} INFO - Filling up the DagBag from /Users/navalyemul/Documents/uptime/airflow_venv/lib/python3.12/site-packages/airflow/example_dags/example_time_delta_sensor_async.py
[2026-04-08T12:59:38.305+0530] {processor.py:925} INFO - DAG(s) 'example_time_delta_sensor_async' retrieved from /Users/navalyemul/Documents/uptime/airflow_venv/lib/python3.12/site-packages/airflow/example_dags/example_time_delta_sensor_async.py
[2026-04-08T12:59:38.341+0530] {logging_mixin.py:190} INFO - [2026-04-08T12:59:38.341+0530] {workday.py:41} WARNING - Could not import pandas. Holidays will not be considered.
[2026-04-08T12:59:38.350+0530] {logging_mixin.py:190} INFO - [2026-04-08T12:59:38.350+0530] {dag.py:3239} INFO - Sync 1 DAGs
[2026-04-08T12:59:38.356+0530] {logging_mixin.py:190} INFO - [2026-04-08T12:59:38.355+0530] {dag.py:4180} INFO - Setting next_dagrun for example_time_delta_sensor_async to None, run_after=None
[2026-04-08T12:59:38.364+0530] {processor.py:208} INFO - Processing /Users/navalyemul/Documents/uptime/airflow_venv/lib/python3.12/site-packages/airflow/example_dags/example_time_delta_sensor_async.py took 0.067 seconds
[2026-04-08T13:00:59.676+0530] {processor.py:186} INFO - Started process (PID=26120) to work on /Users/navalyemul/Documents/uptime/airflow_venv/lib/python3.12/site-packages/airflow/example_dags/example_time_delta_sensor_async.py
[2026-04-08T13:00:59.677+0530] {processor.py:914} INFO - Processing file /Users/navalyemul/Documents/uptime/airflow_venv/lib/python3.12/site-packages/airflow/example_dags/example_time_delta_sensor_async.py for tasks to queue
[2026-04-08T13:00:59.677+0530] {logging_mixin.py:190} INFO - [2026-04-08T13:00:59.677+0530] {dagbag.py:588} INFO - Filling up the DagBag from /Users/navalyemul/Documents/uptime/airflow_venv/lib/python3.12/site-packages/airflow/example_dags/example_time_delta_sensor_async.py
[2026-04-08T13:00:59.682+0530] {processor.py:925} INFO - DAG(s) 'example_time_delta_sensor_async' retrieved from /Users/navalyemul/Documents/uptime/airflow_venv/lib/python3.12/site-packages/airflow/example_dags/example_time_delta_sensor_async.py
[2026-04-08T13:00:59.721+0530] {logging_mixin.py:190} INFO - [2026-04-08T13:00:59.720+0530] {workday.py:41} WARNING - Could not import pandas. Holidays will not be considered.
[2026-04-08T13:00:59.732+0530] {logging_mixin.py:190} INFO - [2026-04-08T13:00:59.732+0530] {dag.py:3239} INFO - Sync 1 DAGs
[2026-04-08T13:00:59.737+0530] {logging_mixin.py:190} INFO - [2026-04-08T13:00:59.737+0530] {dag.py:4180} INFO - Setting next_dagrun for example_time_delta_sensor_async to None, run_after=None
[2026-04-08T13:00:59.746+0530] {processor.py:208} INFO - Processing /Users/navalyemul/Documents/uptime/airflow_venv/lib/python3.12/site-packages/airflow/example_dags/example_time_delta_sensor_async.py took 0.072 seconds
[2026-04-08T13:02:19.086+0530] {processor.py:186} INFO - Started process (PID=27027) to work on /Users/navalyemul/Documents/uptime/airflow_venv/lib/python3.12/site-packages/airflow/example_dags/example_time_delta_sensor_async.py
[2026-04-08T13:02:19.087+0530] {processor.py:914} INFO - Processing file /Users/navalyemul/Documents/uptime/airflow_venv/lib/python3.12/site-packages/airflow/example_dags/example_time_delta_sensor_async.py for tasks to queue
[2026-04-08T13:02:19.087+0530] {logging_mixin.py:190} INFO - [2026-04-08T13:02:19.087+0530] {dagbag.py:588} INFO - Filling up the DagBag from /Users/navalyemul/Documents/uptime/airflow_venv/lib/python3.12/site-packages/airflow/example_dags/example_time_delta_sensor_async.py
[2026-04-08T13:02:19.091+0530] {processor.py:925} INFO - DAG(s) 'example_time_delta_sensor_async' retrieved from /Users/navalyemul/Documents/uptime/airflow_venv/lib/python3.12/site-packages/airflow/example_dags/example_time_delta_sensor_async.py
[2026-04-08T13:02:19.128+0530] {logging_mixin.py:190} INFO - [2026-04-08T13:02:19.128+0530] {workday.py:41} WARNING - Could not import pandas. Holidays will not be considered.
[2026-04-08T13:02:19.138+0530] {logging_mixin.py:190} INFO - [2026-04-08T13:02:19.137+0530] {dag.py:3239} INFO - Sync 1 DAGs
[2026-04-08T13:02:19.143+0530] {logging_mixin.py:190} INFO - [2026-04-08T13:02:19.143+0530] {dag.py:4180} INFO - Setting next_dagrun for example_time_delta_sensor_async to None, run_after=None
[2026-04-08T13:02:19.151+0530] {processor.py:208} INFO - Processing /Users/navalyemul/Documents/uptime/airflow_venv/lib/python3.12/site-packages/airflow/example_dags/example_time_delta_sensor_async.py took 0.067 seconds
[2026-04-08T13:03:42.204+0530] {processor.py:186} INFO - Started process (PID=28014) to work on /Users/navalyemul/Documents/uptime/airflow_venv/lib/python3.12/site-packages/airflow/example_dags/example_time_delta_sensor_async.py
[2026-04-08T13:03:42.205+0530] {processor.py:914} INFO - Processing file /Users/navalyemul/Documents/uptime/airflow_venv/lib/python3.12/site-packages/airflow/example_dags/example_time_delta_sensor_async.py for tasks to queue
[2026-04-08T13:03:42.206+0530] {logging_mixin.py:190} INFO - [2026-04-08T13:03:42.206+0530] {dagbag.py:588} INFO - Filling up the DagBag from /Users/navalyemul/Documents/uptime/airflow_venv/lib/python3.12/site-packages/airflow/example_dags/example_time_delta_sensor_async.py
[2026-04-08T13:03:42.212+0530] {processor.py:925} INFO - DAG(s) 'example_time_delta_sensor_async' retrieved from /Users/navalyemul/Documents/uptime/airflow_venv/lib/python3.12/site-packages/airflow/example_dags/example_time_delta_sensor_async.py
[2026-04-08T13:03:42.254+0530] {logging_mixin.py:190} INFO - [2026-04-08T13:03:42.254+0530] {workday.py:41} WARNING - Could not import pandas. Holidays will not be considered.
[2026-04-08T13:03:42.266+0530] {logging_mixin.py:190} INFO - [2026-04-08T13:03:42.266+0530] {dag.py:3239} INFO - Sync 1 DAGs
[2026-04-08T13:03:42.273+0530] {logging_mixin.py:190} INFO - [2026-04-08T13:03:42.272+0530] {dag.py:4180} INFO - Setting next_dagrun for example_time_delta_sensor_async to None, run_after=None
[2026-04-08T13:03:42.283+0530] {processor.py:208} INFO - Processing /Users/navalyemul/Documents/uptime/airflow_venv/lib/python3.12/site-packages/airflow/example_dags/example_time_delta_sensor_async.py took 0.082 seconds
[2026-04-08T13:05:07.888+0530] {processor.py:186} INFO - Started process (PID=28995) to work on /Users/navalyemul/Documents/uptime/airflow_venv/lib/python3.12/site-packages/airflow/example_dags/example_time_delta_sensor_async.py
[2026-04-08T13:05:07.889+0530] {processor.py:914} INFO - Processing file /Users/navalyemul/Documents/uptime/airflow_venv/lib/python3.12/site-packages/airflow/example_dags/example_time_delta_sensor_async.py for tasks to queue
[2026-04-08T13:05:07.889+0530] {logging_mixin.py:190} INFO - [2026-04-08T13:05:07.889+0530] {dagbag.py:588} INFO - Filling up the DagBag from /Users/navalyemul/Documents/uptime/airflow_venv/lib/python3.12/site-packages/airflow/example_dags/example_time_delta_sensor_async.py
[2026-04-08T13:05:07.894+0530] {processor.py:925} INFO - DAG(s) 'example_time_delta_sensor_async' retrieved from /Users/navalyemul/Documents/uptime/airflow_venv/lib/python3.12/site-packages/airflow/example_dags/example_time_delta_sensor_async.py
[2026-04-08T13:05:07.931+0530] {logging_mixin.py:190} INFO - [2026-04-08T13:05:07.931+0530] {workday.py:41} WARNING - Could not import pandas. Holidays will not be considered.
[2026-04-08T13:05:07.942+0530] {logging_mixin.py:190} INFO - [2026-04-08T13:05:07.941+0530] {dag.py:3239} INFO - Sync 1 DAGs
[2026-04-08T13:05:07.948+0530] {logging_mixin.py:190} INFO - [2026-04-08T13:05:07.947+0530] {dag.py:4180} INFO - Setting next_dagrun for example_time_delta_sensor_async to None, run_after=None
[2026-04-08T13:05:07.957+0530] {processor.py:208} INFO - Processing /Users/navalyemul/Documents/uptime/airflow_venv/lib/python3.12/site-packages/airflow/example_dags/example_time_delta_sensor_async.py took 0.070 seconds
[2026-04-08T13:06:32.467+0530] {processor.py:186} INFO - Started process (PID=29913) to work on /Users/navalyemul/Documents/uptime/airflow_venv/lib/python3.12/site-packages/airflow/example_dags/example_time_delta_sensor_async.py
[2026-04-08T13:06:32.468+0530] {processor.py:914} INFO - Processing file /Users/navalyemul/Documents/uptime/airflow_venv/lib/python3.12/site-packages/airflow/example_dags/example_time_delta_sensor_async.py for tasks to queue
[2026-04-08T13:06:32.468+0530] {logging_mixin.py:190} INFO - [2026-04-08T13:06:32.468+0530] {dagbag.py:588} INFO - Filling up the DagBag from /Users/navalyemul/Documents/uptime/airflow_venv/lib/python3.12/site-packages/airflow/example_dags/example_time_delta_sensor_async.py
[2026-04-08T13:06:32.472+0530] {processor.py:925} INFO - DAG(s) 'example_time_delta_sensor_async' retrieved from /Users/navalyemul/Documents/uptime/airflow_venv/lib/python3.12/site-packages/airflow/example_dags/example_time_delta_sensor_async.py
[2026-04-08T13:06:32.510+0530] {logging_mixin.py:190} INFO - [2026-04-08T13:06:32.510+0530] {workday.py:41} WARNING - Could not import pandas. Holidays will not be considered.
[2026-04-08T13:06:32.520+0530] {logging_mixin.py:190} INFO - [2026-04-08T13:06:32.520+0530] {dag.py:3239} INFO - Sync 1 DAGs
[2026-04-08T13:06:32.525+0530] {logging_mixin.py:190} INFO - [2026-04-08T13:06:32.525+0530] {dag.py:4180} INFO - Setting next_dagrun for example_time_delta_sensor_async to None, run_after=None
[2026-04-08T13:06:32.533+0530] {processor.py:208} INFO - Processing /Users/navalyemul/Documents/uptime/airflow_venv/lib/python3.12/site-packages/airflow/example_dags/example_time_delta_sensor_async.py took 0.068 seconds
[2026-04-08T13:07:55.008+0530] {processor.py:186} INFO - Started process (PID=30816) to work on /Users/navalyemul/Documents/uptime/airflow_venv/lib/python3.12/site-packages/airflow/example_dags/example_time_delta_sensor_async.py
[2026-04-08T13:07:55.008+0530] {processor.py:914} INFO - Processing file /Users/navalyemul/Documents/uptime/airflow_venv/lib/python3.12/site-packages/airflow/example_dags/example_time_delta_sensor_async.py for tasks to queue
[2026-04-08T13:07:55.009+0530] {logging_mixin.py:190} INFO - [2026-04-08T13:07:55.009+0530] {dagbag.py:588} INFO - Filling up the DagBag from /Users/navalyemul/Documents/uptime/airflow_venv/lib/python3.12/site-packages/airflow/example_dags/example_time_delta_sensor_async.py
[2026-04-08T13:07:55.014+0530] {processor.py:925} INFO - DAG(s) 'example_time_delta_sensor_async' retrieved from /Users/navalyemul/Documents/uptime/airflow_venv/lib/python3.12/site-packages/airflow/example_dags/example_time_delta_sensor_async.py
[2026-04-08T13:07:55.051+0530] {logging_mixin.py:190} INFO - [2026-04-08T13:07:55.051+0530] {workday.py:41} WARNING - Could not import pandas. Holidays will not be considered.
[2026-04-08T13:07:55.062+0530] {logging_mixin.py:190} INFO - [2026-04-08T13:07:55.062+0530] {dag.py:3239} INFO - Sync 1 DAGs
[2026-04-08T13:07:55.067+0530] {logging_mixin.py:190} INFO - [2026-04-08T13:07:55.067+0530] {dag.py:4180} INFO - Setting next_dagrun for example_time_delta_sensor_async to None, run_after=None
[2026-04-08T13:07:55.076+0530] {processor.py:208} INFO - Processing /Users/navalyemul/Documents/uptime/airflow_venv/lib/python3.12/site-packages/airflow/example_dags/example_time_delta_sensor_async.py took 0.070 seconds
[2026-04-08T13:09:17.490+0530] {processor.py:186} INFO - Started process (PID=31708) to work on /Users/navalyemul/Documents/uptime/airflow_venv/lib/python3.12/site-packages/airflow/example_dags/example_time_delta_sensor_async.py
[2026-04-08T13:09:17.492+0530] {processor.py:914} INFO - Processing file /Users/navalyemul/Documents/uptime/airflow_venv/lib/python3.12/site-packages/airflow/example_dags/example_time_delta_sensor_async.py for tasks to queue
[2026-04-08T13:09:17.492+0530] {logging_mixin.py:190} INFO - [2026-04-08T13:09:17.492+0530] {dagbag.py:588} INFO - Filling up the DagBag from /Users/navalyemul/Documents/uptime/airflow_venv/lib/python3.12/site-packages/airflow/example_dags/example_time_delta_sensor_async.py
[2026-04-08T13:09:17.497+0530] {processor.py:925} INFO - DAG(s) 'example_time_delta_sensor_async' retrieved from /Users/navalyemul/Documents/uptime/airflow_venv/lib/python3.12/site-packages/airflow/example_dags/example_time_delta_sensor_async.py
[2026-04-08T13:09:17.536+0530] {logging_mixin.py:190} INFO - [2026-04-08T13:09:17.536+0530] {workday.py:41} WARNING - Could not import pandas. Holidays will not be considered.
[2026-04-08T13:09:17.547+0530] {logging_mixin.py:190} INFO - [2026-04-08T13:09:17.547+0530] {dag.py:3239} INFO - Sync 1 DAGs
[2026-04-08T13:09:17.553+0530] {logging_mixin.py:190} INFO - [2026-04-08T13:09:17.552+0530] {dag.py:4180} INFO - Setting next_dagrun for example_time_delta_sensor_async to None, run_after=None
[2026-04-08T13:09:17.563+0530] {processor.py:208} INFO - Processing /Users/navalyemul/Documents/uptime/airflow_venv/lib/python3.12/site-packages/airflow/example_dags/example_time_delta_sensor_async.py took 0.075 seconds
[2026-04-08T13:10:39.158+0530] {processor.py:186} INFO - Started process (PID=32663) to work on /Users/navalyemul/Documents/uptime/airflow_venv/lib/python3.12/site-packages/airflow/example_dags/example_time_delta_sensor_async.py
[2026-04-08T13:10:39.159+0530] {processor.py:914} INFO - Processing file /Users/navalyemul/Documents/uptime/airflow_venv/lib/python3.12/site-packages/airflow/example_dags/example_time_delta_sensor_async.py for tasks to queue
[2026-04-08T13:10:39.160+0530] {logging_mixin.py:190} INFO - [2026-04-08T13:10:39.160+0530] {dagbag.py:588} INFO - Filling up the DagBag from /Users/navalyemul/Documents/uptime/airflow_venv/lib/python3.12/site-packages/airflow/example_dags/example_time_delta_sensor_async.py
[2026-04-08T13:10:39.164+0530] {processor.py:925} INFO - DAG(s) 'example_time_delta_sensor_async' retrieved from /Users/navalyemul/Documents/uptime/airflow_venv/lib/python3.12/site-packages/airflow/example_dags/example_time_delta_sensor_async.py
[2026-04-08T13:10:39.202+0530] {logging_mixin.py:190} INFO - [2026-04-08T13:10:39.202+0530] {workday.py:41} WARNING - Could not import pandas. Holidays will not be considered.
[2026-04-08T13:10:39.212+0530] {logging_mixin.py:190} INFO - [2026-04-08T13:10:39.212+0530] {dag.py:3239} INFO - Sync 1 DAGs
[2026-04-08T13:10:39.217+0530] {logging_mixin.py:190} INFO - [2026-04-08T13:10:39.217+0530] {dag.py:4180} INFO - Setting next_dagrun for example_time_delta_sensor_async to None, run_after=None
[2026-04-08T13:10:39.224+0530] {processor.py:208} INFO - Processing /Users/navalyemul/Documents/uptime/airflow_venv/lib/python3.12/site-packages/airflow/example_dags/example_time_delta_sensor_async.py took 0.068 seconds
[2026-04-08T13:12:03.002+0530] {processor.py:186} INFO - Started process (PID=33581) to work on /Users/navalyemul/Documents/uptime/airflow_venv/lib/python3.12/site-packages/airflow/example_dags/example_time_delta_sensor_async.py
[2026-04-08T13:12:03.003+0530] {processor.py:914} INFO - Processing file /Users/navalyemul/Documents/uptime/airflow_venv/lib/python3.12/site-packages/airflow/example_dags/example_time_delta_sensor_async.py for tasks to queue
[2026-04-08T13:12:03.003+0530] {logging_mixin.py:190} INFO - [2026-04-08T13:12:03.003+0530] {dagbag.py:588} INFO - Filling up the DagBag from /Users/navalyemul/Documents/uptime/airflow_venv/lib/python3.12/site-packages/airflow/example_dags/example_time_delta_sensor_async.py
[2026-04-08T13:12:03.007+0530] {processor.py:925} INFO - DAG(s) 'example_time_delta_sensor_async' retrieved from /Users/navalyemul/Documents/uptime/airflow_venv/lib/python3.12/site-packages/airflow/example_dags/example_time_delta_sensor_async.py
[2026-04-08T13:12:03.044+0530] {logging_mixin.py:190} INFO - [2026-04-08T13:12:03.044+0530] {workday.py:41} WARNING - Could not import pandas. Holidays will not be considered.
[2026-04-08T13:12:03.054+0530] {logging_mixin.py:190} INFO - [2026-04-08T13:12:03.054+0530] {dag.py:3239} INFO - Sync 1 DAGs
[2026-04-08T13:12:03.059+0530] {logging_mixin.py:190} INFO - [2026-04-08T13:12:03.059+0530] {dag.py:4180} INFO - Setting next_dagrun for example_time_delta_sensor_async to None, run_after=None
[2026-04-08T13:12:03.068+0530] {processor.py:208} INFO - Processing /Users/navalyemul/Documents/uptime/airflow_venv/lib/python3.12/site-packages/airflow/example_dags/example_time_delta_sensor_async.py took 0.068 seconds
[2026-04-08T13:13:25.580+0530] {processor.py:186} INFO - Started process (PID=34503) to work on /Users/navalyemul/Documents/uptime/airflow_venv/lib/python3.12/site-packages/airflow/example_dags/example_time_delta_sensor_async.py
[2026-04-08T13:13:25.581+0530] {processor.py:914} INFO - Processing file /Users/navalyemul/Documents/uptime/airflow_venv/lib/python3.12/site-packages/airflow/example_dags/example_time_delta_sensor_async.py for tasks to queue
[2026-04-08T13:13:25.581+0530] {logging_mixin.py:190} INFO - [2026-04-08T13:13:25.581+0530] {dagbag.py:588} INFO - Filling up the DagBag from /Users/navalyemul/Documents/uptime/airflow_venv/lib/python3.12/site-packages/airflow/example_dags/example_time_delta_sensor_async.py
[2026-04-08T13:13:25.586+0530] {processor.py:925} INFO - DAG(s) 'example_time_delta_sensor_async' retrieved from /Users/navalyemul/Documents/uptime/airflow_venv/lib/python3.12/site-packages/airflow/example_dags/example_time_delta_sensor_async.py
[2026-04-08T13:13:25.623+0530] {logging_mixin.py:190} INFO - [2026-04-08T13:13:25.623+0530] {workday.py:41} WARNING - Could not import pandas. Holidays will not be considered.
[2026-04-08T13:13:25.633+0530] {logging_mixin.py:190} INFO - [2026-04-08T13:13:25.633+0530] {dag.py:3239} INFO - Sync 1 DAGs
[2026-04-08T13:13:25.639+0530] {logging_mixin.py:190} INFO - [2026-04-08T13:13:25.639+0530] {dag.py:4180} INFO - Setting next_dagrun for example_time_delta_sensor_async to None, run_after=None
[2026-04-08T13:13:25.648+0530] {processor.py:208} INFO - Processing /Users/navalyemul/Documents/uptime/airflow_venv/lib/python3.12/site-packages/airflow/example_dags/example_time_delta_sensor_async.py took 0.070 seconds
[2026-04-08T13:14:48.708+0530] {processor.py:186} INFO - Started process (PID=35441) to work on /Users/navalyemul/Documents/uptime/airflow_venv/lib/python3.12/site-packages/airflow/example_dags/example_time_delta_sensor_async.py
[2026-04-08T13:14:48.708+0530] {processor.py:914} INFO - Processing file /Users/navalyemul/Documents/uptime/airflow_venv/lib/python3.12/site-packages/airflow/example_dags/example_time_delta_sensor_async.py for tasks to queue
[2026-04-08T13:14:48.709+0530] {logging_mixin.py:190} INFO - [2026-04-08T13:14:48.709+0530] {dagbag.py:588} INFO - Filling up the DagBag from /Users/navalyemul/Documents/uptime/airflow_venv/lib/python3.12/site-packages/airflow/example_dags/example_time_delta_sensor_async.py
[2026-04-08T13:14:48.713+0530] {processor.py:925} INFO - DAG(s) 'example_time_delta_sensor_async' retrieved from /Users/navalyemul/Documents/uptime/airflow_venv/lib/python3.12/site-packages/airflow/example_dags/example_time_delta_sensor_async.py
[2026-04-08T13:14:48.752+0530] {logging_mixin.py:190} INFO - [2026-04-08T13:14:48.752+0530] {workday.py:41} WARNING - Could not import pandas. Holidays will not be considered.
[2026-04-08T13:14:48.762+0530] {logging_mixin.py:190} INFO - [2026-04-08T13:14:48.761+0530] {dag.py:3239} INFO - Sync 1 DAGs
[2026-04-08T13:14:48.768+0530] {logging_mixin.py:190} INFO - [2026-04-08T13:14:48.768+0530] {dag.py:4180} INFO - Setting next_dagrun for example_time_delta_sensor_async to None, run_after=None
[2026-04-08T13:14:48.778+0530] {processor.py:208} INFO - Processing /Users/navalyemul/Documents/uptime/airflow_venv/lib/python3.12/site-packages/airflow/example_dags/example_time_delta_sensor_async.py took 0.072 seconds
[2026-04-08T13:16:13.311+0530] {processor.py:186} INFO - Started process (PID=36406) to work on /Users/navalyemul/Documents/uptime/airflow_venv/lib/python3.12/site-packages/airflow/example_dags/example_time_delta_sensor_async.py
[2026-04-08T13:16:13.312+0530] {processor.py:914} INFO - Processing file /Users/navalyemul/Documents/uptime/airflow_venv/lib/python3.12/site-packages/airflow/example_dags/example_time_delta_sensor_async.py for tasks to queue
[2026-04-08T13:16:13.313+0530] {logging_mixin.py:190} INFO - [2026-04-08T13:16:13.313+0530] {dagbag.py:588} INFO - Filling up the DagBag from /Users/navalyemul/Documents/uptime/airflow_venv/lib/python3.12/site-packages/airflow/example_dags/example_time_delta_sensor_async.py
[2026-04-08T13:16:13.317+0530] {processor.py:925} INFO - DAG(s) 'example_time_delta_sensor_async' retrieved from /Users/navalyemul/Documents/uptime/airflow_venv/lib/python3.12/site-packages/airflow/example_dags/example_time_delta_sensor_async.py
[2026-04-08T13:16:13.354+0530] {logging_mixin.py:190} INFO - [2026-04-08T13:16:13.354+0530] {workday.py:41} WARNING - Could not import pandas. Holidays will not be considered.
[2026-04-08T13:16:13.364+0530] {logging_mixin.py:190} INFO - [2026-04-08T13:16:13.364+0530] {dag.py:3239} INFO - Sync 1 DAGs
[2026-04-08T13:16:13.369+0530] {logging_mixin.py:190} INFO - [2026-04-08T13:16:13.369+0530] {dag.py:4180} INFO - Setting next_dagrun for example_time_delta_sensor_async to None, run_after=None
[2026-04-08T13:16:13.378+0530] {processor.py:208} INFO - Processing /Users/navalyemul/Documents/uptime/airflow_venv/lib/python3.12/site-packages/airflow/example_dags/example_time_delta_sensor_async.py took 0.068 seconds
[2026-04-08T13:17:37.003+0530] {processor.py:186} INFO - Started process (PID=37338) to work on /Users/navalyemul/Documents/uptime/airflow_venv/lib/python3.12/site-packages/airflow/example_dags/example_time_delta_sensor_async.py
[2026-04-08T13:17:37.004+0530] {processor.py:914} INFO - Processing file /Users/navalyemul/Documents/uptime/airflow_venv/lib/python3.12/site-packages/airflow/example_dags/example_time_delta_sensor_async.py for tasks to queue
[2026-04-08T13:17:37.005+0530] {logging_mixin.py:190} INFO - [2026-04-08T13:17:37.005+0530] {dagbag.py:588} INFO - Filling up the DagBag from /Users/navalyemul/Documents/uptime/airflow_venv/lib/python3.12/site-packages/airflow/example_dags/example_time_delta_sensor_async.py
[2026-04-08T13:17:37.009+0530] {processor.py:925} INFO - DAG(s) 'example_time_delta_sensor_async' retrieved from /Users/navalyemul/Documents/uptime/airflow_venv/lib/python3.12/site-packages/airflow/example_dags/example_time_delta_sensor_async.py
[2026-04-08T13:17:37.046+0530] {logging_mixin.py:190} INFO - [2026-04-08T13:17:37.046+0530] {workday.py:41} WARNING - Could not import pandas. Holidays will not be considered.
[2026-04-08T13:17:37.056+0530] {logging_mixin.py:190} INFO - [2026-04-08T13:17:37.056+0530] {dag.py:3239} INFO - Sync 1 DAGs
[2026-04-08T13:17:37.062+0530] {logging_mixin.py:190} INFO - [2026-04-08T13:17:37.061+0530] {dag.py:4180} INFO - Setting next_dagrun for example_time_delta_sensor_async to None, run_after=None
[2026-04-08T13:17:37.069+0530] {processor.py:208} INFO - Processing /Users/navalyemul/Documents/uptime/airflow_venv/lib/python3.12/site-packages/airflow/example_dags/example_time_delta_sensor_async.py took 0.068 seconds
[2026-04-08T13:19:06.320+0530] {processor.py:186} INFO - Started process (PID=38291) to work on /Users/navalyemul/Documents/uptime/airflow_venv/lib/python3.12/site-packages/airflow/example_dags/example_time_delta_sensor_async.py
[2026-04-08T13:19:06.321+0530] {processor.py:914} INFO - Processing file /Users/navalyemul/Documents/uptime/airflow_venv/lib/python3.12/site-packages/airflow/example_dags/example_time_delta_sensor_async.py for tasks to queue
[2026-04-08T13:19:06.322+0530] {logging_mixin.py:190} INFO - [2026-04-08T13:19:06.321+0530] {dagbag.py:588} INFO - Filling up the DagBag from /Users/navalyemul/Documents/uptime/airflow_venv/lib/python3.12/site-packages/airflow/example_dags/example_time_delta_sensor_async.py
[2026-04-08T13:19:06.326+0530] {processor.py:925} INFO - DAG(s) 'example_time_delta_sensor_async' retrieved from /Users/navalyemul/Documents/uptime/airflow_venv/lib/python3.12/site-packages/airflow/example_dags/example_time_delta_sensor_async.py
[2026-04-08T13:19:06.365+0530] {logging_mixin.py:190} INFO - [2026-04-08T13:19:06.365+0530] {workday.py:41} WARNING - Could not import pandas. Holidays will not be considered.
[2026-04-08T13:19:06.377+0530] {logging_mixin.py:190} INFO - [2026-04-08T13:19:06.377+0530] {dag.py:3239} INFO - Sync 1 DAGs
[2026-04-08T13:19:06.382+0530] {logging_mixin.py:190} INFO - [2026-04-08T13:19:06.382+0530] {dag.py:4180} INFO - Setting next_dagrun for example_time_delta_sensor_async to None, run_after=None
[2026-04-08T13:19:06.391+0530] {processor.py:208} INFO - Processing /Users/navalyemul/Documents/uptime/airflow_venv/lib/python3.12/site-packages/airflow/example_dags/example_time_delta_sensor_async.py took 0.072 seconds
[2026-04-08T13:28:39.350+0530] {processor.py:186} INFO - Started process (PID=39230) to work on /Users/navalyemul/Documents/uptime/airflow_venv/lib/python3.12/site-packages/airflow/example_dags/example_time_delta_sensor_async.py
[2026-04-08T13:28:39.351+0530] {processor.py:914} INFO - Processing file /Users/navalyemul/Documents/uptime/airflow_venv/lib/python3.12/site-packages/airflow/example_dags/example_time_delta_sensor_async.py for tasks to queue
[2026-04-08T13:28:39.351+0530] {logging_mixin.py:190} INFO - [2026-04-08T13:28:39.351+0530] {dagbag.py:588} INFO - Filling up the DagBag from /Users/navalyemul/Documents/uptime/airflow_venv/lib/python3.12/site-packages/airflow/example_dags/example_time_delta_sensor_async.py
[2026-04-08T13:28:39.355+0530] {processor.py:925} INFO - DAG(s) 'example_time_delta_sensor_async' retrieved from /Users/navalyemul/Documents/uptime/airflow_venv/lib/python3.12/site-packages/airflow/example_dags/example_time_delta_sensor_async.py
[2026-04-08T13:28:39.392+0530] {logging_mixin.py:190} INFO - [2026-04-08T13:28:39.392+0530] {workday.py:41} WARNING - Could not import pandas. Holidays will not be considered.
[2026-04-08T13:28:39.402+0530] {logging_mixin.py:190} INFO - [2026-04-08T13:28:39.401+0530] {dag.py:3239} INFO - Sync 1 DAGs
[2026-04-08T13:28:39.407+0530] {logging_mixin.py:190} INFO - [2026-04-08T13:28:39.407+0530] {dag.py:4180} INFO - Setting next_dagrun for example_time_delta_sensor_async to None, run_after=None
[2026-04-08T13:28:39.415+0530] {processor.py:208} INFO - Processing /Users/navalyemul/Documents/uptime/airflow_venv/lib/python3.12/site-packages/airflow/example_dags/example_time_delta_sensor_async.py took 0.067 seconds
[2026-04-08T13:33:39.471+0530] {processor.py:186} INFO - Started process (PID=40191) to work on /Users/navalyemul/Documents/uptime/airflow_venv/lib/python3.12/site-packages/airflow/example_dags/example_time_delta_sensor_async.py
[2026-04-08T13:33:39.473+0530] {processor.py:914} INFO - Processing file /Users/navalyemul/Documents/uptime/airflow_venv/lib/python3.12/site-packages/airflow/example_dags/example_time_delta_sensor_async.py for tasks to queue
[2026-04-08T13:33:39.473+0530] {logging_mixin.py:190} INFO - [2026-04-08T13:33:39.473+0530] {dagbag.py:588} INFO - Filling up the DagBag from /Users/navalyemul/Documents/uptime/airflow_venv/lib/python3.12/site-packages/airflow/example_dags/example_time_delta_sensor_async.py
[2026-04-08T13:33:39.479+0530] {processor.py:925} INFO - DAG(s) 'example_time_delta_sensor_async' retrieved from /Users/navalyemul/Documents/uptime/airflow_venv/lib/python3.12/site-packages/airflow/example_dags/example_time_delta_sensor_async.py
[2026-04-08T13:33:39.519+0530] {logging_mixin.py:190} INFO - [2026-04-08T13:33:39.519+0530] {workday.py:41} WARNING - Could not import pandas. Holidays will not be considered.
[2026-04-08T13:33:39.530+0530] {logging_mixin.py:190} INFO - [2026-04-08T13:33:39.530+0530] {dag.py:3239} INFO - Sync 1 DAGs
[2026-04-08T13:33:39.536+0530] {logging_mixin.py:190} INFO - [2026-04-08T13:33:39.536+0530] {dag.py:4180} INFO - Setting next_dagrun for example_time_delta_sensor_async to None, run_after=None
[2026-04-08T13:33:39.545+0530] {processor.py:208} INFO - Processing /Users/navalyemul/Documents/uptime/airflow_venv/lib/python3.12/site-packages/airflow/example_dags/example_time_delta_sensor_async.py took 0.076 seconds
[2026-04-08T13:35:18.796+0530] {processor.py:186} INFO - Started process (PID=41370) to work on /Users/navalyemul/Documents/uptime/airflow_venv/lib/python3.12/site-packages/airflow/example_dags/example_time_delta_sensor_async.py
[2026-04-08T13:35:18.798+0530] {processor.py:914} INFO - Processing file /Users/navalyemul/Documents/uptime/airflow_venv/lib/python3.12/site-packages/airflow/example_dags/example_time_delta_sensor_async.py for tasks to queue
[2026-04-08T13:35:18.799+0530] {logging_mixin.py:190} INFO - [2026-04-08T13:35:18.799+0530] {dagbag.py:588} INFO - Filling up the DagBag from /Users/navalyemul/Documents/uptime/airflow_venv/lib/python3.12/site-packages/airflow/example_dags/example_time_delta_sensor_async.py
[2026-04-08T13:35:18.814+0530] {processor.py:925} INFO - DAG(s) 'example_time_delta_sensor_async' retrieved from /Users/navalyemul/Documents/uptime/airflow_venv/lib/python3.12/site-packages/airflow/example_dags/example_time_delta_sensor_async.py
[2026-04-08T13:35:18.957+0530] {logging_mixin.py:190} INFO - [2026-04-08T13:35:18.956+0530] {workday.py:41} WARNING - Could not import pandas. Holidays will not be considered.
[2026-04-08T13:35:18.997+0530] {logging_mixin.py:190} INFO - [2026-04-08T13:35:18.997+0530] {dag.py:3239} INFO - Sync 1 DAGs
[2026-04-08T13:35:19.020+0530] {logging_mixin.py:190} INFO - [2026-04-08T13:35:19.019+0530] {dag.py:4180} INFO - Setting next_dagrun for example_time_delta_sensor_async to None, run_after=None
[2026-04-08T13:35:19.051+0530] {processor.py:208} INFO - Processing /Users/navalyemul/Documents/uptime/airflow_venv/lib/python3.12/site-packages/airflow/example_dags/example_time_delta_sensor_async.py took 0.261 seconds
[2026-04-08T13:41:43.443+0530] {processor.py:186} INFO - Started process (PID=42291) to work on /Users/navalyemul/Documents/uptime/airflow_venv/lib/python3.12/site-packages/airflow/example_dags/example_time_delta_sensor_async.py
[2026-04-08T13:41:43.444+0530] {processor.py:914} INFO - Processing file /Users/navalyemul/Documents/uptime/airflow_venv/lib/python3.12/site-packages/airflow/example_dags/example_time_delta_sensor_async.py for tasks to queue
[2026-04-08T13:41:43.445+0530] {logging_mixin.py:190} INFO - [2026-04-08T13:41:43.444+0530] {dagbag.py:588} INFO - Filling up the DagBag from /Users/navalyemul/Documents/uptime/airflow_venv/lib/python3.12/site-packages/airflow/example_dags/example_time_delta_sensor_async.py
[2026-04-08T13:41:43.449+0530] {processor.py:925} INFO - DAG(s) 'example_time_delta_sensor_async' retrieved from /Users/navalyemul/Documents/uptime/airflow_venv/lib/python3.12/site-packages/airflow/example_dags/example_time_delta_sensor_async.py
[2026-04-08T13:41:43.484+0530] {logging_mixin.py:190} INFO - [2026-04-08T13:41:43.484+0530] {workday.py:41} WARNING - Could not import pandas. Holidays will not be considered.
[2026-04-08T13:41:43.494+0530] {logging_mixin.py:190} INFO - [2026-04-08T13:41:43.494+0530] {dag.py:3239} INFO - Sync 1 DAGs
[2026-04-08T13:41:43.499+0530] {logging_mixin.py:190} INFO - [2026-04-08T13:41:43.499+0530] {dag.py:4180} INFO - Setting next_dagrun for example_time_delta_sensor_async to None, run_after=None
[2026-04-08T13:41:43.506+0530] {processor.py:208} INFO - Processing /Users/navalyemul/Documents/uptime/airflow_venv/lib/python3.12/site-packages/airflow/example_dags/example_time_delta_sensor_async.py took 0.065 seconds
[2026-04-08T13:54:28.644+0530] {processor.py:186} INFO - Started process (PID=43471) to work on /Users/navalyemul/Documents/uptime/airflow_venv/lib/python3.12/site-packages/airflow/example_dags/example_time_delta_sensor_async.py
[2026-04-08T13:54:28.645+0530] {processor.py:914} INFO - Processing file /Users/navalyemul/Documents/uptime/airflow_venv/lib/python3.12/site-packages/airflow/example_dags/example_time_delta_sensor_async.py for tasks to queue
[2026-04-08T13:54:28.645+0530] {logging_mixin.py:190} INFO - [2026-04-08T13:54:28.645+0530] {dagbag.py:588} INFO - Filling up the DagBag from /Users/navalyemul/Documents/uptime/airflow_venv/lib/python3.12/site-packages/airflow/example_dags/example_time_delta_sensor_async.py
[2026-04-08T13:54:28.651+0530] {processor.py:925} INFO - DAG(s) 'example_time_delta_sensor_async' retrieved from /Users/navalyemul/Documents/uptime/airflow_venv/lib/python3.12/site-packages/airflow/example_dags/example_time_delta_sensor_async.py
[2026-04-08T13:54:28.694+0530] {logging_mixin.py:190} INFO - [2026-04-08T13:54:28.694+0530] {workday.py:41} WARNING - Could not import pandas. Holidays will not be considered.
[2026-04-08T13:54:28.704+0530] {logging_mixin.py:190} INFO - [2026-04-08T13:54:28.704+0530] {dag.py:3239} INFO - Sync 1 DAGs
[2026-04-08T13:54:28.709+0530] {logging_mixin.py:190} INFO - [2026-04-08T13:54:28.709+0530] {dag.py:4180} INFO - Setting next_dagrun for example_time_delta_sensor_async to None, run_after=None
[2026-04-08T13:54:28.717+0530] {processor.py:208} INFO - Processing /Users/navalyemul/Documents/uptime/airflow_venv/lib/python3.12/site-packages/airflow/example_dags/example_time_delta_sensor_async.py took 0.075 seconds
[2026-04-08T13:56:23.435+0530] {processor.py:186} INFO - Started process (PID=44552) to work on /Users/navalyemul/Documents/uptime/airflow_venv/lib/python3.12/site-packages/airflow/example_dags/example_time_delta_sensor_async.py
[2026-04-08T13:56:23.436+0530] {processor.py:914} INFO - Processing file /Users/navalyemul/Documents/uptime/airflow_venv/lib/python3.12/site-packages/airflow/example_dags/example_time_delta_sensor_async.py for tasks to queue
[2026-04-08T13:56:23.437+0530] {logging_mixin.py:190} INFO - [2026-04-08T13:56:23.437+0530] {dagbag.py:588} INFO - Filling up the DagBag from /Users/navalyemul/Documents/uptime/airflow_venv/lib/python3.12/site-packages/airflow/example_dags/example_time_delta_sensor_async.py
[2026-04-08T13:56:23.444+0530] {processor.py:925} INFO - DAG(s) 'example_time_delta_sensor_async' retrieved from /Users/navalyemul/Documents/uptime/airflow_venv/lib/python3.12/site-packages/airflow/example_dags/example_time_delta_sensor_async.py
[2026-04-08T13:56:23.491+0530] {logging_mixin.py:190} INFO - [2026-04-08T13:56:23.491+0530] {workday.py:41} WARNING - Could not import pandas. Holidays will not be considered.
[2026-04-08T13:56:23.503+0530] {logging_mixin.py:190} INFO - [2026-04-08T13:56:23.503+0530] {dag.py:3239} INFO - Sync 1 DAGs
[2026-04-08T13:56:23.509+0530] {logging_mixin.py:190} INFO - [2026-04-08T13:56:23.509+0530] {dag.py:4180} INFO - Setting next_dagrun for example_time_delta_sensor_async to None, run_after=None
[2026-04-08T13:56:23.520+0530] {processor.py:208} INFO - Processing /Users/navalyemul/Documents/uptime/airflow_venv/lib/python3.12/site-packages/airflow/example_dags/example_time_delta_sensor_async.py took 0.086 seconds
[2026-04-08T13:58:04.025+0530] {processor.py:186} INFO - Started process (PID=45586) to work on /Users/navalyemul/Documents/uptime/airflow_venv/lib/python3.12/site-packages/airflow/example_dags/example_time_delta_sensor_async.py
[2026-04-08T13:58:04.026+0530] {processor.py:914} INFO - Processing file /Users/navalyemul/Documents/uptime/airflow_venv/lib/python3.12/site-packages/airflow/example_dags/example_time_delta_sensor_async.py for tasks to queue
[2026-04-08T13:58:04.027+0530] {logging_mixin.py:190} INFO - [2026-04-08T13:58:04.026+0530] {dagbag.py:588} INFO - Filling up the DagBag from /Users/navalyemul/Documents/uptime/airflow_venv/lib/python3.12/site-packages/airflow/example_dags/example_time_delta_sensor_async.py
[2026-04-08T13:58:04.033+0530] {processor.py:925} INFO - DAG(s) 'example_time_delta_sensor_async' retrieved from /Users/navalyemul/Documents/uptime/airflow_venv/lib/python3.12/site-packages/airflow/example_dags/example_time_delta_sensor_async.py
[2026-04-08T13:58:04.080+0530] {logging_mixin.py:190} INFO - [2026-04-08T13:58:04.080+0530] {workday.py:41} WARNING - Could not import pandas. Holidays will not be considered.
[2026-04-08T13:58:04.097+0530] {logging_mixin.py:190} INFO - [2026-04-08T13:58:04.097+0530] {dag.py:3239} INFO - Sync 1 DAGs
[2026-04-08T13:58:04.105+0530] {logging_mixin.py:190} INFO - [2026-04-08T13:58:04.105+0530] {dag.py:4180} INFO - Setting next_dagrun for example_time_delta_sensor_async to None, run_after=None
[2026-04-08T13:58:04.116+0530] {processor.py:208} INFO - Processing /Users/navalyemul/Documents/uptime/airflow_venv/lib/python3.12/site-packages/airflow/example_dags/example_time_delta_sensor_async.py took 0.094 seconds
