[2026-04-08T12:47:43.028+0530] {processor.py:186} INFO - Started process (PID=17987) to work on /Users/navalyemul/Documents/uptime/airflow_venv/lib/python3.12/site-packages/airflow/example_dags/example_datasets.py
[2026-04-08T12:47:43.029+0530] {processor.py:914} INFO - Processing file /Users/navalyemul/Documents/uptime/airflow_venv/lib/python3.12/site-packages/airflow/example_dags/example_datasets.py for tasks to queue
[2026-04-08T12:47:43.030+0530] {logging_mixin.py:190} INFO - [2026-04-08T12:47:43.030+0530] {dagbag.py:588} INFO - Filling up the DagBag from /Users/navalyemul/Documents/uptime/airflow_venv/lib/python3.12/site-packages/airflow/example_dags/example_datasets.py
[2026-04-08T12:47:43.062+0530] {processor.py:925} INFO - DAG(s) 'dataset_consumes_unknown_never_scheduled', 'consume_1_or_both_2_and_3_with_dataset_expressions', 'dataset_produces_1', 'dataset_produces_2', 'consume_1_or_2_with_dataset_expressions', 'conditional_dataset_and_time_based_timetable', 'dataset_consumes_1', 'dataset_consumes_1_and_2', 'dataset_consumes_1_never_scheduled', 'consume_1_and_2_with_dataset_expressions' retrieved from /Users/navalyemul/Documents/uptime/airflow_venv/lib/python3.12/site-packages/airflow/example_dags/example_datasets.py
[2026-04-08T12:47:43.147+0530] {logging_mixin.py:190} INFO - [2026-04-08T12:47:43.147+0530] {override.py:1912} INFO - Created Permission View: can delete on DAG:dataset_consumes_unknown_never_scheduled
[2026-04-08T12:47:43.152+0530] {logging_mixin.py:190} INFO - [2026-04-08T12:47:43.152+0530] {override.py:1912} INFO - Created Permission View: can read on DAG:dataset_consumes_unknown_never_scheduled
[2026-04-08T12:47:43.156+0530] {logging_mixin.py:190} INFO - [2026-04-08T12:47:43.156+0530] {override.py:1912} INFO - Created Permission View: can edit on DAG:dataset_consumes_unknown_never_scheduled
[2026-04-08T12:47:43.161+0530] {logging_mixin.py:190} INFO - [2026-04-08T12:47:43.160+0530] {override.py:1912} INFO - Created Permission View: can create on DAG Run:dataset_consumes_unknown_never_scheduled
[2026-04-08T12:47:43.163+0530] {logging_mixin.py:190} INFO - [2026-04-08T12:47:43.163+0530] {override.py:1912} INFO - Created Permission View: can read on DAG Run:dataset_consumes_unknown_never_scheduled
[2026-04-08T12:47:43.166+0530] {logging_mixin.py:190} INFO - [2026-04-08T12:47:43.166+0530] {override.py:1912} INFO - Created Permission View: menu access on DAG Run:dataset_consumes_unknown_never_scheduled
[2026-04-08T12:47:43.168+0530] {logging_mixin.py:190} INFO - [2026-04-08T12:47:43.168+0530] {override.py:1912} INFO - Created Permission View: can delete on DAG Run:dataset_consumes_unknown_never_scheduled
[2026-04-08T12:47:43.174+0530] {logging_mixin.py:190} INFO - [2026-04-08T12:47:43.174+0530] {override.py:1912} INFO - Created Permission View: can delete on DAG:consume_1_or_both_2_and_3_with_dataset_expressions
[2026-04-08T12:47:43.177+0530] {logging_mixin.py:190} INFO - [2026-04-08T12:47:43.177+0530] {override.py:1912} INFO - Created Permission View: can read on DAG:consume_1_or_both_2_and_3_with_dataset_expressions
[2026-04-08T12:47:43.180+0530] {logging_mixin.py:190} INFO - [2026-04-08T12:47:43.180+0530] {override.py:1912} INFO - Created Permission View: can edit on DAG:consume_1_or_both_2_and_3_with_dataset_expressions
[2026-04-08T12:47:43.183+0530] {logging_mixin.py:190} INFO - [2026-04-08T12:47:43.183+0530] {override.py:1912} INFO - Created Permission View: can create on DAG Run:consume_1_or_both_2_and_3_with_dataset_expressions
[2026-04-08T12:47:43.186+0530] {logging_mixin.py:190} INFO - [2026-04-08T12:47:43.185+0530] {override.py:1912} INFO - Created Permission View: can read on DAG Run:consume_1_or_both_2_and_3_with_dataset_expressions
[2026-04-08T12:47:43.188+0530] {logging_mixin.py:190} INFO - [2026-04-08T12:47:43.188+0530] {override.py:1912} INFO - Created Permission View: menu access on DAG Run:consume_1_or_both_2_and_3_with_dataset_expressions
[2026-04-08T12:47:43.190+0530] {logging_mixin.py:190} INFO - [2026-04-08T12:47:43.190+0530] {override.py:1912} INFO - Created Permission View: can delete on DAG Run:consume_1_or_both_2_and_3_with_dataset_expressions
[2026-04-08T12:47:43.195+0530] {logging_mixin.py:190} INFO - [2026-04-08T12:47:43.195+0530] {override.py:1912} INFO - Created Permission View: can delete on DAG:dataset_produces_1
[2026-04-08T12:47:43.198+0530] {logging_mixin.py:190} INFO - [2026-04-08T12:47:43.198+0530] {override.py:1912} INFO - Created Permission View: can read on DAG:dataset_produces_1
[2026-04-08T12:47:43.201+0530] {logging_mixin.py:190} INFO - [2026-04-08T12:47:43.200+0530] {override.py:1912} INFO - Created Permission View: can edit on DAG:dataset_produces_1
[2026-04-08T12:47:43.204+0530] {logging_mixin.py:190} INFO - [2026-04-08T12:47:43.203+0530] {override.py:1912} INFO - Created Permission View: can create on DAG Run:dataset_produces_1
[2026-04-08T12:47:43.206+0530] {logging_mixin.py:190} INFO - [2026-04-08T12:47:43.206+0530] {override.py:1912} INFO - Created Permission View: can read on DAG Run:dataset_produces_1
[2026-04-08T12:47:43.209+0530] {logging_mixin.py:190} INFO - [2026-04-08T12:47:43.209+0530] {override.py:1912} INFO - Created Permission View: menu access on DAG Run:dataset_produces_1
[2026-04-08T12:47:43.211+0530] {logging_mixin.py:190} INFO - [2026-04-08T12:47:43.211+0530] {override.py:1912} INFO - Created Permission View: can delete on DAG Run:dataset_produces_1
[2026-04-08T12:47:43.216+0530] {logging_mixin.py:190} INFO - [2026-04-08T12:47:43.216+0530] {override.py:1912} INFO - Created Permission View: can delete on DAG:dataset_produces_2
[2026-04-08T12:47:43.218+0530] {logging_mixin.py:190} INFO - [2026-04-08T12:47:43.218+0530] {override.py:1912} INFO - Created Permission View: can read on DAG:dataset_produces_2
[2026-04-08T12:47:43.221+0530] {logging_mixin.py:190} INFO - [2026-04-08T12:47:43.220+0530] {override.py:1912} INFO - Created Permission View: can edit on DAG:dataset_produces_2
[2026-04-08T12:47:43.224+0530] {logging_mixin.py:190} INFO - [2026-04-08T12:47:43.224+0530] {override.py:1912} INFO - Created Permission View: can create on DAG Run:dataset_produces_2
[2026-04-08T12:47:43.226+0530] {logging_mixin.py:190} INFO - [2026-04-08T12:47:43.226+0530] {override.py:1912} INFO - Created Permission View: can read on DAG Run:dataset_produces_2
[2026-04-08T12:47:43.228+0530] {logging_mixin.py:190} INFO - [2026-04-08T12:47:43.228+0530] {override.py:1912} INFO - Created Permission View: menu access on DAG Run:dataset_produces_2
[2026-04-08T12:47:43.231+0530] {logging_mixin.py:190} INFO - [2026-04-08T12:47:43.231+0530] {override.py:1912} INFO - Created Permission View: can delete on DAG Run:dataset_produces_2
[2026-04-08T12:47:43.236+0530] {logging_mixin.py:190} INFO - [2026-04-08T12:47:43.235+0530] {override.py:1912} INFO - Created Permission View: can delete on DAG:consume_1_or_2_with_dataset_expressions
[2026-04-08T12:47:43.238+0530] {logging_mixin.py:190} INFO - [2026-04-08T12:47:43.238+0530] {override.py:1912} INFO - Created Permission View: can read on DAG:consume_1_or_2_with_dataset_expressions
[2026-04-08T12:47:43.240+0530] {logging_mixin.py:190} INFO - [2026-04-08T12:47:43.240+0530] {override.py:1912} INFO - Created Permission View: can edit on DAG:consume_1_or_2_with_dataset_expressions
[2026-04-08T12:47:43.243+0530] {logging_mixin.py:190} INFO - [2026-04-08T12:47:43.243+0530] {override.py:1912} INFO - Created Permission View: can create on DAG Run:consume_1_or_2_with_dataset_expressions
[2026-04-08T12:47:43.245+0530] {logging_mixin.py:190} INFO - [2026-04-08T12:47:43.245+0530] {override.py:1912} INFO - Created Permission View: can read on DAG Run:consume_1_or_2_with_dataset_expressions
[2026-04-08T12:47:43.248+0530] {logging_mixin.py:190} INFO - [2026-04-08T12:47:43.248+0530] {override.py:1912} INFO - Created Permission View: menu access on DAG Run:consume_1_or_2_with_dataset_expressions
[2026-04-08T12:47:43.251+0530] {logging_mixin.py:190} INFO - [2026-04-08T12:47:43.250+0530] {override.py:1912} INFO - Created Permission View: can delete on DAG Run:consume_1_or_2_with_dataset_expressions
[2026-04-08T12:47:43.256+0530] {logging_mixin.py:190} INFO - [2026-04-08T12:47:43.256+0530] {override.py:1912} INFO - Created Permission View: can delete on DAG:conditional_dataset_and_time_based_timetable
[2026-04-08T12:47:43.258+0530] {logging_mixin.py:190} INFO - [2026-04-08T12:47:43.258+0530] {override.py:1912} INFO - Created Permission View: can read on DAG:conditional_dataset_and_time_based_timetable
[2026-04-08T12:47:43.261+0530] {logging_mixin.py:190} INFO - [2026-04-08T12:47:43.261+0530] {override.py:1912} INFO - Created Permission View: can edit on DAG:conditional_dataset_and_time_based_timetable
[2026-04-08T12:47:43.264+0530] {logging_mixin.py:190} INFO - [2026-04-08T12:47:43.264+0530] {override.py:1912} INFO - Created Permission View: can create on DAG Run:conditional_dataset_and_time_based_timetable
[2026-04-08T12:47:43.266+0530] {logging_mixin.py:190} INFO - [2026-04-08T12:47:43.266+0530] {override.py:1912} INFO - Created Permission View: can read on DAG Run:conditional_dataset_and_time_based_timetable
[2026-04-08T12:47:43.269+0530] {logging_mixin.py:190} INFO - [2026-04-08T12:47:43.269+0530] {override.py:1912} INFO - Created Permission View: menu access on DAG Run:conditional_dataset_and_time_based_timetable
[2026-04-08T12:47:43.272+0530] {logging_mixin.py:190} INFO - [2026-04-08T12:47:43.271+0530] {override.py:1912} INFO - Created Permission View: can delete on DAG Run:conditional_dataset_and_time_based_timetable
[2026-04-08T12:47:43.277+0530] {logging_mixin.py:190} INFO - [2026-04-08T12:47:43.277+0530] {override.py:1912} INFO - Created Permission View: can delete on DAG:dataset_consumes_1
[2026-04-08T12:47:43.279+0530] {logging_mixin.py:190} INFO - [2026-04-08T12:47:43.279+0530] {override.py:1912} INFO - Created Permission View: can read on DAG:dataset_consumes_1
[2026-04-08T12:47:43.282+0530] {logging_mixin.py:190} INFO - [2026-04-08T12:47:43.281+0530] {override.py:1912} INFO - Created Permission View: can edit on DAG:dataset_consumes_1
[2026-04-08T12:47:43.285+0530] {logging_mixin.py:190} INFO - [2026-04-08T12:47:43.284+0530] {override.py:1912} INFO - Created Permission View: can create on DAG Run:dataset_consumes_1
[2026-04-08T12:47:43.287+0530] {logging_mixin.py:190} INFO - [2026-04-08T12:47:43.287+0530] {override.py:1912} INFO - Created Permission View: can read on DAG Run:dataset_consumes_1
[2026-04-08T12:47:43.289+0530] {logging_mixin.py:190} INFO - [2026-04-08T12:47:43.289+0530] {override.py:1912} INFO - Created Permission View: menu access on DAG Run:dataset_consumes_1
[2026-04-08T12:47:43.291+0530] {logging_mixin.py:190} INFO - [2026-04-08T12:47:43.291+0530] {override.py:1912} INFO - Created Permission View: can delete on DAG Run:dataset_consumes_1
[2026-04-08T12:47:43.296+0530] {logging_mixin.py:190} INFO - [2026-04-08T12:47:43.296+0530] {override.py:1912} INFO - Created Permission View: can delete on DAG:dataset_consumes_1_and_2
[2026-04-08T12:47:43.299+0530] {logging_mixin.py:190} INFO - [2026-04-08T12:47:43.298+0530] {override.py:1912} INFO - Created Permission View: can read on DAG:dataset_consumes_1_and_2
[2026-04-08T12:47:43.301+0530] {logging_mixin.py:190} INFO - [2026-04-08T12:47:43.301+0530] {override.py:1912} INFO - Created Permission View: can edit on DAG:dataset_consumes_1_and_2
[2026-04-08T12:47:43.305+0530] {logging_mixin.py:190} INFO - [2026-04-08T12:47:43.304+0530] {override.py:1912} INFO - Created Permission View: can create on DAG Run:dataset_consumes_1_and_2
[2026-04-08T12:47:43.307+0530] {logging_mixin.py:190} INFO - [2026-04-08T12:47:43.307+0530] {override.py:1912} INFO - Created Permission View: can read on DAG Run:dataset_consumes_1_and_2
[2026-04-08T12:47:43.309+0530] {logging_mixin.py:190} INFO - [2026-04-08T12:47:43.309+0530] {override.py:1912} INFO - Created Permission View: menu access on DAG Run:dataset_consumes_1_and_2
[2026-04-08T12:47:43.312+0530] {logging_mixin.py:190} INFO - [2026-04-08T12:47:43.311+0530] {override.py:1912} INFO - Created Permission View: can delete on DAG Run:dataset_consumes_1_and_2
[2026-04-08T12:47:43.317+0530] {logging_mixin.py:190} INFO - [2026-04-08T12:47:43.317+0530] {override.py:1912} INFO - Created Permission View: can delete on DAG:dataset_consumes_1_never_scheduled
[2026-04-08T12:47:43.319+0530] {logging_mixin.py:190} INFO - [2026-04-08T12:47:43.319+0530] {override.py:1912} INFO - Created Permission View: can read on DAG:dataset_consumes_1_never_scheduled
[2026-04-08T12:47:43.322+0530] {logging_mixin.py:190} INFO - [2026-04-08T12:47:43.322+0530] {override.py:1912} INFO - Created Permission View: can edit on DAG:dataset_consumes_1_never_scheduled
[2026-04-08T12:47:43.326+0530] {logging_mixin.py:190} INFO - [2026-04-08T12:47:43.325+0530] {override.py:1912} INFO - Created Permission View: can create on DAG Run:dataset_consumes_1_never_scheduled
[2026-04-08T12:47:43.328+0530] {logging_mixin.py:190} INFO - [2026-04-08T12:47:43.328+0530] {override.py:1912} INFO - Created Permission View: can read on DAG Run:dataset_consumes_1_never_scheduled
[2026-04-08T12:47:43.330+0530] {logging_mixin.py:190} INFO - [2026-04-08T12:47:43.330+0530] {override.py:1912} INFO - Created Permission View: menu access on DAG Run:dataset_consumes_1_never_scheduled
[2026-04-08T12:47:43.332+0530] {logging_mixin.py:190} INFO - [2026-04-08T12:47:43.332+0530] {override.py:1912} INFO - Created Permission View: can delete on DAG Run:dataset_consumes_1_never_scheduled
[2026-04-08T12:47:43.337+0530] {logging_mixin.py:190} INFO - [2026-04-08T12:47:43.337+0530] {override.py:1912} INFO - Created Permission View: can delete on DAG:consume_1_and_2_with_dataset_expressions
[2026-04-08T12:47:43.340+0530] {logging_mixin.py:190} INFO - [2026-04-08T12:47:43.339+0530] {override.py:1912} INFO - Created Permission View: can read on DAG:consume_1_and_2_with_dataset_expressions
[2026-04-08T12:47:43.342+0530] {logging_mixin.py:190} INFO - [2026-04-08T12:47:43.342+0530] {override.py:1912} INFO - Created Permission View: can edit on DAG:consume_1_and_2_with_dataset_expressions
[2026-04-08T12:47:43.345+0530] {logging_mixin.py:190} INFO - [2026-04-08T12:47:43.345+0530] {override.py:1912} INFO - Created Permission View: can create on DAG Run:consume_1_and_2_with_dataset_expressions
[2026-04-08T12:47:43.347+0530] {logging_mixin.py:190} INFO - [2026-04-08T12:47:43.347+0530] {override.py:1912} INFO - Created Permission View: can read on DAG Run:consume_1_and_2_with_dataset_expressions
[2026-04-08T12:47:43.350+0530] {logging_mixin.py:190} INFO - [2026-04-08T12:47:43.350+0530] {override.py:1912} INFO - Created Permission View: menu access on DAG Run:consume_1_and_2_with_dataset_expressions
[2026-04-08T12:47:43.353+0530] {logging_mixin.py:190} INFO - [2026-04-08T12:47:43.353+0530] {override.py:1912} INFO - Created Permission View: can delete on DAG Run:consume_1_and_2_with_dataset_expressions
[2026-04-08T12:47:43.353+0530] {logging_mixin.py:190} INFO - [2026-04-08T12:47:43.353+0530] {dag.py:3239} INFO - Sync 10 DAGs
[2026-04-08T12:47:43.358+0530] {logging_mixin.py:190} INFO - [2026-04-08T12:47:43.358+0530] {dag.py:3262} INFO - Creating ORM DAG for consume_1_and_2_with_dataset_expressions
[2026-04-08T12:47:43.358+0530] {logging_mixin.py:190} INFO - [2026-04-08T12:47:43.358+0530] {dag.py:3262} INFO - Creating ORM DAG for dataset_consumes_1_never_scheduled
[2026-04-08T12:47:43.358+0530] {logging_mixin.py:190} INFO - [2026-04-08T12:47:43.358+0530] {dag.py:3262} INFO - Creating ORM DAG for dataset_consumes_unknown_never_scheduled
[2026-04-08T12:47:43.358+0530] {logging_mixin.py:190} INFO - [2026-04-08T12:47:43.358+0530] {dag.py:3262} INFO - Creating ORM DAG for dataset_produces_1
[2026-04-08T12:47:43.359+0530] {logging_mixin.py:190} INFO - [2026-04-08T12:47:43.359+0530] {dag.py:3262} INFO - Creating ORM DAG for conditional_dataset_and_time_based_timetable
[2026-04-08T12:47:43.359+0530] {logging_mixin.py:190} INFO - [2026-04-08T12:47:43.359+0530] {dag.py:3262} INFO - Creating ORM DAG for dataset_produces_2
[2026-04-08T12:47:43.359+0530] {logging_mixin.py:190} INFO - [2026-04-08T12:47:43.359+0530] {dag.py:3262} INFO - Creating ORM DAG for dataset_consumes_1_and_2
[2026-04-08T12:47:43.359+0530] {logging_mixin.py:190} INFO - [2026-04-08T12:47:43.359+0530] {dag.py:3262} INFO - Creating ORM DAG for consume_1_or_both_2_and_3_with_dataset_expressions
[2026-04-08T12:47:43.359+0530] {logging_mixin.py:190} INFO - [2026-04-08T12:47:43.359+0530] {dag.py:3262} INFO - Creating ORM DAG for dataset_consumes_1
[2026-04-08T12:47:43.359+0530] {logging_mixin.py:190} INFO - [2026-04-08T12:47:43.359+0530] {dag.py:3262} INFO - Creating ORM DAG for consume_1_or_2_with_dataset_expressions
[2026-04-08T12:47:43.364+0530] {logging_mixin.py:190} INFO - [2026-04-08T12:47:43.364+0530] {dag.py:4180} INFO - Setting next_dagrun for conditional_dataset_and_time_based_timetable to 2026-04-08 01:00:00+00:00, run_after=2026-04-08 01:00:00+00:00
[2026-04-08T12:47:43.364+0530] {logging_mixin.py:190} INFO - [2026-04-08T12:47:43.364+0530] {dag.py:4180} INFO - Setting next_dagrun for consume_1_and_2_with_dataset_expressions to None, run_after=None
[2026-04-08T12:47:43.364+0530] {logging_mixin.py:190} INFO - [2026-04-08T12:47:43.364+0530] {dag.py:4180} INFO - Setting next_dagrun for consume_1_or_2_with_dataset_expressions to None, run_after=None
[2026-04-08T12:47:43.364+0530] {logging_mixin.py:190} INFO - [2026-04-08T12:47:43.364+0530] {dag.py:4180} INFO - Setting next_dagrun for consume_1_or_both_2_and_3_with_dataset_expressions to None, run_after=None
[2026-04-08T12:47:43.364+0530] {logging_mixin.py:190} INFO - [2026-04-08T12:47:43.364+0530] {dag.py:4180} INFO - Setting next_dagrun for dataset_consumes_1 to None, run_after=None
[2026-04-08T12:47:43.365+0530] {logging_mixin.py:190} INFO - [2026-04-08T12:47:43.365+0530] {dag.py:4180} INFO - Setting next_dagrun for dataset_consumes_1_and_2 to None, run_after=None
[2026-04-08T12:47:43.365+0530] {logging_mixin.py:190} INFO - [2026-04-08T12:47:43.365+0530] {dag.py:4180} INFO - Setting next_dagrun for dataset_consumes_1_never_scheduled to None, run_after=None
[2026-04-08T12:47:43.365+0530] {logging_mixin.py:190} INFO - [2026-04-08T12:47:43.365+0530] {dag.py:4180} INFO - Setting next_dagrun for dataset_consumes_unknown_never_scheduled to None, run_after=None
[2026-04-08T12:47:43.365+0530] {logging_mixin.py:190} INFO - [2026-04-08T12:47:43.365+0530] {dag.py:4180} INFO - Setting next_dagrun for dataset_produces_1 to 2026-04-07 00:00:00+00:00, run_after=2026-04-08 00:00:00+00:00
[2026-04-08T12:47:43.366+0530] {logging_mixin.py:190} INFO - [2026-04-08T12:47:43.366+0530] {dag.py:4180} INFO - Setting next_dagrun for dataset_produces_2 to None, run_after=None
[2026-04-08T12:47:43.412+0530] {logging_mixin.py:190} INFO - [2026-04-08T12:47:43.412+0530] {workday.py:41} WARNING - Could not import pandas. Holidays will not be considered.
[2026-04-08T12:47:43.421+0530] {processor.py:208} INFO - Processing /Users/navalyemul/Documents/uptime/airflow_venv/lib/python3.12/site-packages/airflow/example_dags/example_datasets.py took 0.394 seconds
[2026-04-08T12:50:29.788+0530] {processor.py:186} INFO - Started process (PID=19894) to work on /Users/navalyemul/Documents/uptime/airflow_venv/lib/python3.12/site-packages/airflow/example_dags/example_datasets.py
[2026-04-08T12:50:29.789+0530] {processor.py:914} INFO - Processing file /Users/navalyemul/Documents/uptime/airflow_venv/lib/python3.12/site-packages/airflow/example_dags/example_datasets.py for tasks to queue
[2026-04-08T12:50:29.789+0530] {logging_mixin.py:190} INFO - [2026-04-08T12:50:29.789+0530] {dagbag.py:588} INFO - Filling up the DagBag from /Users/navalyemul/Documents/uptime/airflow_venv/lib/python3.12/site-packages/airflow/example_dags/example_datasets.py
[2026-04-08T12:50:29.822+0530] {processor.py:925} INFO - DAG(s) 'dataset_consumes_unknown_never_scheduled', 'consume_1_or_2_with_dataset_expressions', 'dataset_produces_1', 'conditional_dataset_and_time_based_timetable', 'consume_1_and_2_with_dataset_expressions', 'dataset_produces_2', 'consume_1_or_both_2_and_3_with_dataset_expressions', 'dataset_consumes_1_never_scheduled', 'dataset_consumes_1_and_2', 'dataset_consumes_1' retrieved from /Users/navalyemul/Documents/uptime/airflow_venv/lib/python3.12/site-packages/airflow/example_dags/example_datasets.py
[2026-04-08T12:50:29.871+0530] {logging_mixin.py:190} INFO - [2026-04-08T12:50:29.871+0530] {dag.py:3239} INFO - Sync 10 DAGs
[2026-04-08T12:50:29.881+0530] {logging_mixin.py:190} INFO - [2026-04-08T12:50:29.880+0530] {dag.py:4180} INFO - Setting next_dagrun for conditional_dataset_and_time_based_timetable to 2026-04-08 01:00:00+00:00, run_after=2026-04-08 01:00:00+00:00
[2026-04-08T12:50:29.882+0530] {logging_mixin.py:190} INFO - [2026-04-08T12:50:29.882+0530] {dag.py:4180} INFO - Setting next_dagrun for consume_1_and_2_with_dataset_expressions to None, run_after=None
[2026-04-08T12:50:29.882+0530] {logging_mixin.py:190} INFO - [2026-04-08T12:50:29.882+0530] {dag.py:4180} INFO - Setting next_dagrun for consume_1_or_2_with_dataset_expressions to None, run_after=None
[2026-04-08T12:50:29.883+0530] {logging_mixin.py:190} INFO - [2026-04-08T12:50:29.883+0530] {dag.py:4180} INFO - Setting next_dagrun for consume_1_or_both_2_and_3_with_dataset_expressions to None, run_after=None
[2026-04-08T12:50:29.883+0530] {logging_mixin.py:190} INFO - [2026-04-08T12:50:29.883+0530] {dag.py:4180} INFO - Setting next_dagrun for dataset_consumes_1 to None, run_after=None
[2026-04-08T12:50:29.883+0530] {logging_mixin.py:190} INFO - [2026-04-08T12:50:29.883+0530] {dag.py:4180} INFO - Setting next_dagrun for dataset_consumes_1_and_2 to None, run_after=None
[2026-04-08T12:50:29.884+0530] {logging_mixin.py:190} INFO - [2026-04-08T12:50:29.884+0530] {dag.py:4180} INFO - Setting next_dagrun for dataset_consumes_1_never_scheduled to None, run_after=None
[2026-04-08T12:50:29.884+0530] {logging_mixin.py:190} INFO - [2026-04-08T12:50:29.884+0530] {dag.py:4180} INFO - Setting next_dagrun for dataset_consumes_unknown_never_scheduled to None, run_after=None
[2026-04-08T12:50:29.885+0530] {logging_mixin.py:190} INFO - [2026-04-08T12:50:29.884+0530] {dag.py:4180} INFO - Setting next_dagrun for dataset_produces_1 to 2026-04-07 00:00:00+00:00, run_after=2026-04-08 00:00:00+00:00
[2026-04-08T12:50:29.885+0530] {logging_mixin.py:190} INFO - [2026-04-08T12:50:29.885+0530] {dag.py:4180} INFO - Setting next_dagrun for dataset_produces_2 to None, run_after=None
[2026-04-08T12:50:29.896+0530] {processor.py:208} INFO - Processing /Users/navalyemul/Documents/uptime/airflow_venv/lib/python3.12/site-packages/airflow/example_dags/example_datasets.py took 0.110 seconds
[2026-04-08T12:53:58.678+0530] {processor.py:186} INFO - Started process (PID=21781) to work on /Users/navalyemul/Documents/uptime/airflow_venv/lib/python3.12/site-packages/airflow/example_dags/example_datasets.py
[2026-04-08T12:53:58.679+0530] {processor.py:914} INFO - Processing file /Users/navalyemul/Documents/uptime/airflow_venv/lib/python3.12/site-packages/airflow/example_dags/example_datasets.py for tasks to queue
[2026-04-08T12:53:58.680+0530] {logging_mixin.py:190} INFO - [2026-04-08T12:53:58.680+0530] {dagbag.py:588} INFO - Filling up the DagBag from /Users/navalyemul/Documents/uptime/airflow_venv/lib/python3.12/site-packages/airflow/example_dags/example_datasets.py
[2026-04-08T12:53:58.718+0530] {processor.py:925} INFO - DAG(s) 'dataset_consumes_1_and_2', 'dataset_consumes_1_never_scheduled', 'conditional_dataset_and_time_based_timetable', 'dataset_produces_2', 'dataset_consumes_1', 'consume_1_and_2_with_dataset_expressions', 'consume_1_or_2_with_dataset_expressions', 'dataset_produces_1', 'dataset_consumes_unknown_never_scheduled', 'consume_1_or_both_2_and_3_with_dataset_expressions' retrieved from /Users/navalyemul/Documents/uptime/airflow_venv/lib/python3.12/site-packages/airflow/example_dags/example_datasets.py
[2026-04-08T12:53:58.771+0530] {logging_mixin.py:190} INFO - [2026-04-08T12:53:58.771+0530] {dag.py:3239} INFO - Sync 10 DAGs
[2026-04-08T12:53:58.782+0530] {logging_mixin.py:190} INFO - [2026-04-08T12:53:58.781+0530] {dag.py:4180} INFO - Setting next_dagrun for conditional_dataset_and_time_based_timetable to 2026-04-08 01:00:00+00:00, run_after=2026-04-08 01:00:00+00:00
[2026-04-08T12:53:58.783+0530] {logging_mixin.py:190} INFO - [2026-04-08T12:53:58.783+0530] {dag.py:4180} INFO - Setting next_dagrun for consume_1_and_2_with_dataset_expressions to None, run_after=None
[2026-04-08T12:53:58.784+0530] {logging_mixin.py:190} INFO - [2026-04-08T12:53:58.783+0530] {dag.py:4180} INFO - Setting next_dagrun for consume_1_or_2_with_dataset_expressions to None, run_after=None
[2026-04-08T12:53:58.784+0530] {logging_mixin.py:190} INFO - [2026-04-08T12:53:58.784+0530] {dag.py:4180} INFO - Setting next_dagrun for consume_1_or_both_2_and_3_with_dataset_expressions to None, run_after=None
[2026-04-08T12:53:58.784+0530] {logging_mixin.py:190} INFO - [2026-04-08T12:53:58.784+0530] {dag.py:4180} INFO - Setting next_dagrun for dataset_consumes_1 to None, run_after=None
[2026-04-08T12:53:58.784+0530] {logging_mixin.py:190} INFO - [2026-04-08T12:53:58.784+0530] {dag.py:4180} INFO - Setting next_dagrun for dataset_consumes_1_and_2 to None, run_after=None
[2026-04-08T12:53:58.785+0530] {logging_mixin.py:190} INFO - [2026-04-08T12:53:58.785+0530] {dag.py:4180} INFO - Setting next_dagrun for dataset_consumes_1_never_scheduled to None, run_after=None
[2026-04-08T12:53:58.785+0530] {logging_mixin.py:190} INFO - [2026-04-08T12:53:58.785+0530] {dag.py:4180} INFO - Setting next_dagrun for dataset_consumes_unknown_never_scheduled to None, run_after=None
[2026-04-08T12:53:58.786+0530] {logging_mixin.py:190} INFO - [2026-04-08T12:53:58.786+0530] {dag.py:4180} INFO - Setting next_dagrun for dataset_produces_1 to 2026-04-07 00:00:00+00:00, run_after=2026-04-08 00:00:00+00:00
[2026-04-08T12:53:58.786+0530] {logging_mixin.py:190} INFO - [2026-04-08T12:53:58.786+0530] {dag.py:4180} INFO - Setting next_dagrun for dataset_produces_2 to None, run_after=None
[2026-04-08T12:53:58.798+0530] {processor.py:208} INFO - Processing /Users/navalyemul/Documents/uptime/airflow_venv/lib/python3.12/site-packages/airflow/example_dags/example_datasets.py took 0.123 seconds
[2026-04-08T12:56:11.946+0530] {processor.py:186} INFO - Started process (PID=22980) to work on /Users/navalyemul/Documents/uptime/airflow_venv/lib/python3.12/site-packages/airflow/example_dags/example_datasets.py
[2026-04-08T12:56:11.946+0530] {processor.py:914} INFO - Processing file /Users/navalyemul/Documents/uptime/airflow_venv/lib/python3.12/site-packages/airflow/example_dags/example_datasets.py for tasks to queue
[2026-04-08T12:56:11.947+0530] {logging_mixin.py:190} INFO - [2026-04-08T12:56:11.947+0530] {dagbag.py:588} INFO - Filling up the DagBag from /Users/navalyemul/Documents/uptime/airflow_venv/lib/python3.12/site-packages/airflow/example_dags/example_datasets.py
[2026-04-08T12:56:11.974+0530] {processor.py:925} INFO - DAG(s) 'consume_1_or_both_2_and_3_with_dataset_expressions', 'dataset_consumes_1_never_scheduled', 'dataset_produces_1', 'dataset_consumes_unknown_never_scheduled', 'conditional_dataset_and_time_based_timetable', 'consume_1_and_2_with_dataset_expressions', 'dataset_consumes_1', 'consume_1_or_2_with_dataset_expressions', 'dataset_produces_2', 'dataset_consumes_1_and_2' retrieved from /Users/navalyemul/Documents/uptime/airflow_venv/lib/python3.12/site-packages/airflow/example_dags/example_datasets.py
[2026-04-08T12:56:12.022+0530] {logging_mixin.py:190} INFO - [2026-04-08T12:56:12.022+0530] {dag.py:3239} INFO - Sync 10 DAGs
[2026-04-08T12:56:12.031+0530] {logging_mixin.py:190} INFO - [2026-04-08T12:56:12.031+0530] {dag.py:4180} INFO - Setting next_dagrun for conditional_dataset_and_time_based_timetable to 2026-04-08 01:00:00+00:00, run_after=2026-04-08 01:00:00+00:00
[2026-04-08T12:56:12.033+0530] {logging_mixin.py:190} INFO - [2026-04-08T12:56:12.033+0530] {dag.py:4180} INFO - Setting next_dagrun for consume_1_and_2_with_dataset_expressions to None, run_after=None
[2026-04-08T12:56:12.033+0530] {logging_mixin.py:190} INFO - [2026-04-08T12:56:12.033+0530] {dag.py:4180} INFO - Setting next_dagrun for consume_1_or_2_with_dataset_expressions to None, run_after=None
[2026-04-08T12:56:12.034+0530] {logging_mixin.py:190} INFO - [2026-04-08T12:56:12.033+0530] {dag.py:4180} INFO - Setting next_dagrun for consume_1_or_both_2_and_3_with_dataset_expressions to None, run_after=None
[2026-04-08T12:56:12.034+0530] {logging_mixin.py:190} INFO - [2026-04-08T12:56:12.034+0530] {dag.py:4180} INFO - Setting next_dagrun for dataset_consumes_1 to None, run_after=None
[2026-04-08T12:56:12.034+0530] {logging_mixin.py:190} INFO - [2026-04-08T12:56:12.034+0530] {dag.py:4180} INFO - Setting next_dagrun for dataset_consumes_1_and_2 to None, run_after=None
[2026-04-08T12:56:12.034+0530] {logging_mixin.py:190} INFO - [2026-04-08T12:56:12.034+0530] {dag.py:4180} INFO - Setting next_dagrun for dataset_consumes_1_never_scheduled to None, run_after=None
[2026-04-08T12:56:12.035+0530] {logging_mixin.py:190} INFO - [2026-04-08T12:56:12.035+0530] {dag.py:4180} INFO - Setting next_dagrun for dataset_consumes_unknown_never_scheduled to None, run_after=None
[2026-04-08T12:56:12.035+0530] {logging_mixin.py:190} INFO - [2026-04-08T12:56:12.035+0530] {dag.py:4180} INFO - Setting next_dagrun for dataset_produces_1 to 2026-04-07 00:00:00+00:00, run_after=2026-04-08 00:00:00+00:00
[2026-04-08T12:56:12.036+0530] {logging_mixin.py:190} INFO - [2026-04-08T12:56:12.036+0530] {dag.py:4180} INFO - Setting next_dagrun for dataset_produces_2 to None, run_after=None
[2026-04-08T12:56:12.048+0530] {processor.py:208} INFO - Processing /Users/navalyemul/Documents/uptime/airflow_venv/lib/python3.12/site-packages/airflow/example_dags/example_datasets.py took 0.104 seconds
[2026-04-08T12:59:04.586+0530] {processor.py:186} INFO - Started process (PID=24793) to work on /Users/navalyemul/Documents/uptime/airflow_venv/lib/python3.12/site-packages/airflow/example_dags/example_datasets.py
[2026-04-08T12:59:04.588+0530] {processor.py:914} INFO - Processing file /Users/navalyemul/Documents/uptime/airflow_venv/lib/python3.12/site-packages/airflow/example_dags/example_datasets.py for tasks to queue
[2026-04-08T12:59:04.589+0530] {logging_mixin.py:190} INFO - [2026-04-08T12:59:04.589+0530] {dagbag.py:588} INFO - Filling up the DagBag from /Users/navalyemul/Documents/uptime/airflow_venv/lib/python3.12/site-packages/airflow/example_dags/example_datasets.py
[2026-04-08T12:59:04.627+0530] {processor.py:925} INFO - DAG(s) 'consume_1_and_2_with_dataset_expressions', 'dataset_consumes_1', 'dataset_produces_2', 'consume_1_or_2_with_dataset_expressions', 'dataset_consumes_1_never_scheduled', 'dataset_consumes_unknown_never_scheduled', 'dataset_produces_1', 'conditional_dataset_and_time_based_timetable', 'dataset_consumes_1_and_2', 'consume_1_or_both_2_and_3_with_dataset_expressions' retrieved from /Users/navalyemul/Documents/uptime/airflow_venv/lib/python3.12/site-packages/airflow/example_dags/example_datasets.py
[2026-04-08T12:59:04.681+0530] {logging_mixin.py:190} INFO - [2026-04-08T12:59:04.681+0530] {dag.py:3239} INFO - Sync 10 DAGs
[2026-04-08T12:59:04.691+0530] {logging_mixin.py:190} INFO - [2026-04-08T12:59:04.691+0530] {dag.py:4180} INFO - Setting next_dagrun for conditional_dataset_and_time_based_timetable to 2026-04-08 01:00:00+00:00, run_after=2026-04-08 01:00:00+00:00
[2026-04-08T12:59:04.693+0530] {logging_mixin.py:190} INFO - [2026-04-08T12:59:04.693+0530] {dag.py:4180} INFO - Setting next_dagrun for consume_1_and_2_with_dataset_expressions to None, run_after=None
[2026-04-08T12:59:04.693+0530] {logging_mixin.py:190} INFO - [2026-04-08T12:59:04.693+0530] {dag.py:4180} INFO - Setting next_dagrun for consume_1_or_2_with_dataset_expressions to None, run_after=None
[2026-04-08T12:59:04.694+0530] {logging_mixin.py:190} INFO - [2026-04-08T12:59:04.693+0530] {dag.py:4180} INFO - Setting next_dagrun for consume_1_or_both_2_and_3_with_dataset_expressions to None, run_after=None
[2026-04-08T12:59:04.694+0530] {logging_mixin.py:190} INFO - [2026-04-08T12:59:04.694+0530] {dag.py:4180} INFO - Setting next_dagrun for dataset_consumes_1 to None, run_after=None
[2026-04-08T12:59:04.694+0530] {logging_mixin.py:190} INFO - [2026-04-08T12:59:04.694+0530] {dag.py:4180} INFO - Setting next_dagrun for dataset_consumes_1_and_2 to None, run_after=None
[2026-04-08T12:59:04.694+0530] {logging_mixin.py:190} INFO - [2026-04-08T12:59:04.694+0530] {dag.py:4180} INFO - Setting next_dagrun for dataset_consumes_1_never_scheduled to None, run_after=None
[2026-04-08T12:59:04.695+0530] {logging_mixin.py:190} INFO - [2026-04-08T12:59:04.695+0530] {dag.py:4180} INFO - Setting next_dagrun for dataset_consumes_unknown_never_scheduled to None, run_after=None
[2026-04-08T12:59:04.695+0530] {logging_mixin.py:190} INFO - [2026-04-08T12:59:04.695+0530] {dag.py:4180} INFO - Setting next_dagrun for dataset_produces_1 to 2026-04-07 00:00:00+00:00, run_after=2026-04-08 00:00:00+00:00
[2026-04-08T12:59:04.696+0530] {logging_mixin.py:190} INFO - [2026-04-08T12:59:04.696+0530] {dag.py:4180} INFO - Setting next_dagrun for dataset_produces_2 to None, run_after=None
[2026-04-08T12:59:04.708+0530] {processor.py:208} INFO - Processing /Users/navalyemul/Documents/uptime/airflow_venv/lib/python3.12/site-packages/airflow/example_dags/example_datasets.py took 0.124 seconds
[2026-04-08T13:01:46.606+0530] {processor.py:186} INFO - Started process (PID=26651) to work on /Users/navalyemul/Documents/uptime/airflow_venv/lib/python3.12/site-packages/airflow/example_dags/example_datasets.py
[2026-04-08T13:01:46.607+0530] {processor.py:914} INFO - Processing file /Users/navalyemul/Documents/uptime/airflow_venv/lib/python3.12/site-packages/airflow/example_dags/example_datasets.py for tasks to queue
[2026-04-08T13:01:46.607+0530] {logging_mixin.py:190} INFO - [2026-04-08T13:01:46.607+0530] {dagbag.py:588} INFO - Filling up the DagBag from /Users/navalyemul/Documents/uptime/airflow_venv/lib/python3.12/site-packages/airflow/example_dags/example_datasets.py
[2026-04-08T13:01:46.634+0530] {processor.py:925} INFO - DAG(s) 'dataset_produces_1', 'conditional_dataset_and_time_based_timetable', 'dataset_consumes_1_never_scheduled', 'dataset_consumes_unknown_never_scheduled', 'dataset_produces_2', 'dataset_consumes_1_and_2', 'consume_1_or_2_with_dataset_expressions', 'dataset_consumes_1', 'consume_1_or_both_2_and_3_with_dataset_expressions', 'consume_1_and_2_with_dataset_expressions' retrieved from /Users/navalyemul/Documents/uptime/airflow_venv/lib/python3.12/site-packages/airflow/example_dags/example_datasets.py
[2026-04-08T13:01:46.685+0530] {logging_mixin.py:190} INFO - [2026-04-08T13:01:46.685+0530] {dag.py:3239} INFO - Sync 10 DAGs
[2026-04-08T13:01:46.694+0530] {logging_mixin.py:190} INFO - [2026-04-08T13:01:46.694+0530] {dag.py:4180} INFO - Setting next_dagrun for conditional_dataset_and_time_based_timetable to 2026-04-08 01:00:00+00:00, run_after=2026-04-08 01:00:00+00:00
[2026-04-08T13:01:46.696+0530] {logging_mixin.py:190} INFO - [2026-04-08T13:01:46.696+0530] {dag.py:4180} INFO - Setting next_dagrun for consume_1_and_2_with_dataset_expressions to None, run_after=None
[2026-04-08T13:01:46.697+0530] {logging_mixin.py:190} INFO - [2026-04-08T13:01:46.697+0530] {dag.py:4180} INFO - Setting next_dagrun for consume_1_or_2_with_dataset_expressions to None, run_after=None
[2026-04-08T13:01:46.697+0530] {logging_mixin.py:190} INFO - [2026-04-08T13:01:46.697+0530] {dag.py:4180} INFO - Setting next_dagrun for consume_1_or_both_2_and_3_with_dataset_expressions to None, run_after=None
[2026-04-08T13:01:46.697+0530] {logging_mixin.py:190} INFO - [2026-04-08T13:01:46.697+0530] {dag.py:4180} INFO - Setting next_dagrun for dataset_consumes_1 to None, run_after=None
[2026-04-08T13:01:46.698+0530] {logging_mixin.py:190} INFO - [2026-04-08T13:01:46.698+0530] {dag.py:4180} INFO - Setting next_dagrun for dataset_consumes_1_and_2 to None, run_after=None
[2026-04-08T13:01:46.698+0530] {logging_mixin.py:190} INFO - [2026-04-08T13:01:46.698+0530] {dag.py:4180} INFO - Setting next_dagrun for dataset_consumes_1_never_scheduled to None, run_after=None
[2026-04-08T13:01:46.698+0530] {logging_mixin.py:190} INFO - [2026-04-08T13:01:46.698+0530] {dag.py:4180} INFO - Setting next_dagrun for dataset_consumes_unknown_never_scheduled to None, run_after=None
[2026-04-08T13:01:46.699+0530] {logging_mixin.py:190} INFO - [2026-04-08T13:01:46.699+0530] {dag.py:4180} INFO - Setting next_dagrun for dataset_produces_1 to 2026-04-07 00:00:00+00:00, run_after=2026-04-08 00:00:00+00:00
[2026-04-08T13:01:46.699+0530] {logging_mixin.py:190} INFO - [2026-04-08T13:01:46.699+0530] {dag.py:4180} INFO - Setting next_dagrun for dataset_produces_2 to None, run_after=None
[2026-04-08T13:01:46.711+0530] {processor.py:208} INFO - Processing /Users/navalyemul/Documents/uptime/airflow_venv/lib/python3.12/site-packages/airflow/example_dags/example_datasets.py took 0.107 seconds
[2026-04-08T13:04:32.712+0530] {processor.py:186} INFO - Started process (PID=28601) to work on /Users/navalyemul/Documents/uptime/airflow_venv/lib/python3.12/site-packages/airflow/example_dags/example_datasets.py
[2026-04-08T13:04:32.712+0530] {processor.py:914} INFO - Processing file /Users/navalyemul/Documents/uptime/airflow_venv/lib/python3.12/site-packages/airflow/example_dags/example_datasets.py for tasks to queue
[2026-04-08T13:04:32.713+0530] {logging_mixin.py:190} INFO - [2026-04-08T13:04:32.713+0530] {dagbag.py:588} INFO - Filling up the DagBag from /Users/navalyemul/Documents/uptime/airflow_venv/lib/python3.12/site-packages/airflow/example_dags/example_datasets.py
[2026-04-08T13:04:32.741+0530] {processor.py:925} INFO - DAG(s) 'consume_1_or_2_with_dataset_expressions', 'conditional_dataset_and_time_based_timetable', 'dataset_produces_2', 'dataset_consumes_1_and_2', 'dataset_consumes_unknown_never_scheduled', 'dataset_produces_1', 'consume_1_or_both_2_and_3_with_dataset_expressions', 'consume_1_and_2_with_dataset_expressions', 'dataset_consumes_1', 'dataset_consumes_1_never_scheduled' retrieved from /Users/navalyemul/Documents/uptime/airflow_venv/lib/python3.12/site-packages/airflow/example_dags/example_datasets.py
[2026-04-08T13:04:32.790+0530] {logging_mixin.py:190} INFO - [2026-04-08T13:04:32.790+0530] {dag.py:3239} INFO - Sync 10 DAGs
[2026-04-08T13:04:32.800+0530] {logging_mixin.py:190} INFO - [2026-04-08T13:04:32.800+0530] {dag.py:4180} INFO - Setting next_dagrun for conditional_dataset_and_time_based_timetable to 2026-04-08 01:00:00+00:00, run_after=2026-04-08 01:00:00+00:00
[2026-04-08T13:04:32.801+0530] {logging_mixin.py:190} INFO - [2026-04-08T13:04:32.801+0530] {dag.py:4180} INFO - Setting next_dagrun for consume_1_and_2_with_dataset_expressions to None, run_after=None
[2026-04-08T13:04:32.802+0530] {logging_mixin.py:190} INFO - [2026-04-08T13:04:32.802+0530] {dag.py:4180} INFO - Setting next_dagrun for consume_1_or_2_with_dataset_expressions to None, run_after=None
[2026-04-08T13:04:32.802+0530] {logging_mixin.py:190} INFO - [2026-04-08T13:04:32.802+0530] {dag.py:4180} INFO - Setting next_dagrun for consume_1_or_both_2_and_3_with_dataset_expressions to None, run_after=None
[2026-04-08T13:04:32.803+0530] {logging_mixin.py:190} INFO - [2026-04-08T13:04:32.803+0530] {dag.py:4180} INFO - Setting next_dagrun for dataset_consumes_1 to None, run_after=None
[2026-04-08T13:04:32.803+0530] {logging_mixin.py:190} INFO - [2026-04-08T13:04:32.803+0530] {dag.py:4180} INFO - Setting next_dagrun for dataset_consumes_1_and_2 to None, run_after=None
[2026-04-08T13:04:32.803+0530] {logging_mixin.py:190} INFO - [2026-04-08T13:04:32.803+0530] {dag.py:4180} INFO - Setting next_dagrun for dataset_consumes_1_never_scheduled to None, run_after=None
[2026-04-08T13:04:32.804+0530] {logging_mixin.py:190} INFO - [2026-04-08T13:04:32.804+0530] {dag.py:4180} INFO - Setting next_dagrun for dataset_consumes_unknown_never_scheduled to None, run_after=None
[2026-04-08T13:04:32.804+0530] {logging_mixin.py:190} INFO - [2026-04-08T13:04:32.804+0530] {dag.py:4180} INFO - Setting next_dagrun for dataset_produces_1 to 2026-04-07 00:00:00+00:00, run_after=2026-04-08 00:00:00+00:00
[2026-04-08T13:04:32.805+0530] {logging_mixin.py:190} INFO - [2026-04-08T13:04:32.805+0530] {dag.py:4180} INFO - Setting next_dagrun for dataset_produces_2 to None, run_after=None
[2026-04-08T13:04:32.817+0530] {processor.py:208} INFO - Processing /Users/navalyemul/Documents/uptime/airflow_venv/lib/python3.12/site-packages/airflow/example_dags/example_datasets.py took 0.107 seconds
[2026-04-08T13:07:20.959+0530] {processor.py:186} INFO - Started process (PID=30446) to work on /Users/navalyemul/Documents/uptime/airflow_venv/lib/python3.12/site-packages/airflow/example_dags/example_datasets.py
[2026-04-08T13:07:20.961+0530] {processor.py:914} INFO - Processing file /Users/navalyemul/Documents/uptime/airflow_venv/lib/python3.12/site-packages/airflow/example_dags/example_datasets.py for tasks to queue
[2026-04-08T13:07:20.961+0530] {logging_mixin.py:190} INFO - [2026-04-08T13:07:20.961+0530] {dagbag.py:588} INFO - Filling up the DagBag from /Users/navalyemul/Documents/uptime/airflow_venv/lib/python3.12/site-packages/airflow/example_dags/example_datasets.py
[2026-04-08T13:07:20.989+0530] {processor.py:925} INFO - DAG(s) 'conditional_dataset_and_time_based_timetable', 'dataset_produces_1', 'consume_1_or_both_2_and_3_with_dataset_expressions', 'dataset_consumes_1', 'dataset_consumes_unknown_never_scheduled', 'dataset_produces_2', 'consume_1_and_2_with_dataset_expressions', 'consume_1_or_2_with_dataset_expressions', 'dataset_consumes_1_never_scheduled', 'dataset_consumes_1_and_2' retrieved from /Users/navalyemul/Documents/uptime/airflow_venv/lib/python3.12/site-packages/airflow/example_dags/example_datasets.py
[2026-04-08T13:07:21.038+0530] {logging_mixin.py:190} INFO - [2026-04-08T13:07:21.038+0530] {dag.py:3239} INFO - Sync 10 DAGs
[2026-04-08T13:07:21.048+0530] {logging_mixin.py:190} INFO - [2026-04-08T13:07:21.047+0530] {dag.py:4180} INFO - Setting next_dagrun for conditional_dataset_and_time_based_timetable to 2026-04-08 01:00:00+00:00, run_after=2026-04-08 01:00:00+00:00
[2026-04-08T13:07:21.049+0530] {logging_mixin.py:190} INFO - [2026-04-08T13:07:21.049+0530] {dag.py:4180} INFO - Setting next_dagrun for consume_1_and_2_with_dataset_expressions to None, run_after=None
[2026-04-08T13:07:21.049+0530] {logging_mixin.py:190} INFO - [2026-04-08T13:07:21.049+0530] {dag.py:4180} INFO - Setting next_dagrun for consume_1_or_2_with_dataset_expressions to None, run_after=None
[2026-04-08T13:07:21.050+0530] {logging_mixin.py:190} INFO - [2026-04-08T13:07:21.050+0530] {dag.py:4180} INFO - Setting next_dagrun for consume_1_or_both_2_and_3_with_dataset_expressions to None, run_after=None
[2026-04-08T13:07:21.050+0530] {logging_mixin.py:190} INFO - [2026-04-08T13:07:21.050+0530] {dag.py:4180} INFO - Setting next_dagrun for dataset_consumes_1 to None, run_after=None
[2026-04-08T13:07:21.050+0530] {logging_mixin.py:190} INFO - [2026-04-08T13:07:21.050+0530] {dag.py:4180} INFO - Setting next_dagrun for dataset_consumes_1_and_2 to None, run_after=None
[2026-04-08T13:07:21.051+0530] {logging_mixin.py:190} INFO - [2026-04-08T13:07:21.051+0530] {dag.py:4180} INFO - Setting next_dagrun for dataset_consumes_1_never_scheduled to None, run_after=None
[2026-04-08T13:07:21.051+0530] {logging_mixin.py:190} INFO - [2026-04-08T13:07:21.051+0530] {dag.py:4180} INFO - Setting next_dagrun for dataset_consumes_unknown_never_scheduled to None, run_after=None
[2026-04-08T13:07:21.052+0530] {logging_mixin.py:190} INFO - [2026-04-08T13:07:21.052+0530] {dag.py:4180} INFO - Setting next_dagrun for dataset_produces_1 to 2026-04-07 00:00:00+00:00, run_after=2026-04-08 00:00:00+00:00
[2026-04-08T13:07:21.052+0530] {logging_mixin.py:190} INFO - [2026-04-08T13:07:21.052+0530] {dag.py:4180} INFO - Setting next_dagrun for dataset_produces_2 to None, run_after=None
[2026-04-08T13:07:21.065+0530] {processor.py:208} INFO - Processing /Users/navalyemul/Documents/uptime/airflow_venv/lib/python3.12/site-packages/airflow/example_dags/example_datasets.py took 0.107 seconds
[2026-04-08T13:10:06.977+0530] {processor.py:186} INFO - Started process (PID=32276) to work on /Users/navalyemul/Documents/uptime/airflow_venv/lib/python3.12/site-packages/airflow/example_dags/example_datasets.py
[2026-04-08T13:10:06.978+0530] {processor.py:914} INFO - Processing file /Users/navalyemul/Documents/uptime/airflow_venv/lib/python3.12/site-packages/airflow/example_dags/example_datasets.py for tasks to queue
[2026-04-08T13:10:06.978+0530] {logging_mixin.py:190} INFO - [2026-04-08T13:10:06.978+0530] {dagbag.py:588} INFO - Filling up the DagBag from /Users/navalyemul/Documents/uptime/airflow_venv/lib/python3.12/site-packages/airflow/example_dags/example_datasets.py
[2026-04-08T13:10:07.004+0530] {processor.py:925} INFO - DAG(s) 'dataset_produces_1', 'consume_1_or_both_2_and_3_with_dataset_expressions', 'consume_1_and_2_with_dataset_expressions', 'dataset_consumes_1', 'dataset_produces_2', 'consume_1_or_2_with_dataset_expressions', 'conditional_dataset_and_time_based_timetable', 'dataset_consumes_1_never_scheduled', 'dataset_consumes_unknown_never_scheduled', 'dataset_consumes_1_and_2' retrieved from /Users/navalyemul/Documents/uptime/airflow_venv/lib/python3.12/site-packages/airflow/example_dags/example_datasets.py
[2026-04-08T13:10:07.052+0530] {logging_mixin.py:190} INFO - [2026-04-08T13:10:07.052+0530] {dag.py:3239} INFO - Sync 10 DAGs
[2026-04-08T13:10:07.062+0530] {logging_mixin.py:190} INFO - [2026-04-08T13:10:07.062+0530] {dag.py:4180} INFO - Setting next_dagrun for conditional_dataset_and_time_based_timetable to 2026-04-08 01:00:00+00:00, run_after=2026-04-08 01:00:00+00:00
[2026-04-08T13:10:07.064+0530] {logging_mixin.py:190} INFO - [2026-04-08T13:10:07.064+0530] {dag.py:4180} INFO - Setting next_dagrun for consume_1_and_2_with_dataset_expressions to None, run_after=None
[2026-04-08T13:10:07.064+0530] {logging_mixin.py:190} INFO - [2026-04-08T13:10:07.064+0530] {dag.py:4180} INFO - Setting next_dagrun for consume_1_or_2_with_dataset_expressions to None, run_after=None
[2026-04-08T13:10:07.064+0530] {logging_mixin.py:190} INFO - [2026-04-08T13:10:07.064+0530] {dag.py:4180} INFO - Setting next_dagrun for consume_1_or_both_2_and_3_with_dataset_expressions to None, run_after=None
[2026-04-08T13:10:07.065+0530] {logging_mixin.py:190} INFO - [2026-04-08T13:10:07.065+0530] {dag.py:4180} INFO - Setting next_dagrun for dataset_consumes_1 to None, run_after=None
[2026-04-08T13:10:07.065+0530] {logging_mixin.py:190} INFO - [2026-04-08T13:10:07.065+0530] {dag.py:4180} INFO - Setting next_dagrun for dataset_consumes_1_and_2 to None, run_after=None
[2026-04-08T13:10:07.065+0530] {logging_mixin.py:190} INFO - [2026-04-08T13:10:07.065+0530] {dag.py:4180} INFO - Setting next_dagrun for dataset_consumes_1_never_scheduled to None, run_after=None
[2026-04-08T13:10:07.066+0530] {logging_mixin.py:190} INFO - [2026-04-08T13:10:07.066+0530] {dag.py:4180} INFO - Setting next_dagrun for dataset_consumes_unknown_never_scheduled to None, run_after=None
[2026-04-08T13:10:07.066+0530] {logging_mixin.py:190} INFO - [2026-04-08T13:10:07.066+0530] {dag.py:4180} INFO - Setting next_dagrun for dataset_produces_1 to 2026-04-07 00:00:00+00:00, run_after=2026-04-08 00:00:00+00:00
[2026-04-08T13:10:07.067+0530] {logging_mixin.py:190} INFO - [2026-04-08T13:10:07.067+0530] {dag.py:4180} INFO - Setting next_dagrun for dataset_produces_2 to None, run_after=None
[2026-04-08T13:10:07.079+0530] {processor.py:208} INFO - Processing /Users/navalyemul/Documents/uptime/airflow_venv/lib/python3.12/site-packages/airflow/example_dags/example_datasets.py took 0.104 seconds
[2026-04-08T13:12:52.945+0530] {processor.py:186} INFO - Started process (PID=34135) to work on /Users/navalyemul/Documents/uptime/airflow_venv/lib/python3.12/site-packages/airflow/example_dags/example_datasets.py
[2026-04-08T13:12:52.946+0530] {processor.py:914} INFO - Processing file /Users/navalyemul/Documents/uptime/airflow_venv/lib/python3.12/site-packages/airflow/example_dags/example_datasets.py for tasks to queue
[2026-04-08T13:12:52.947+0530] {logging_mixin.py:190} INFO - [2026-04-08T13:12:52.946+0530] {dagbag.py:588} INFO - Filling up the DagBag from /Users/navalyemul/Documents/uptime/airflow_venv/lib/python3.12/site-packages/airflow/example_dags/example_datasets.py
[2026-04-08T13:12:52.978+0530] {processor.py:925} INFO - DAG(s) 'dataset_consumes_unknown_never_scheduled', 'dataset_produces_2', 'conditional_dataset_and_time_based_timetable', 'consume_1_or_both_2_and_3_with_dataset_expressions', 'dataset_produces_1', 'consume_1_and_2_with_dataset_expressions', 'consume_1_or_2_with_dataset_expressions', 'dataset_consumes_1', 'dataset_consumes_1_never_scheduled', 'dataset_consumes_1_and_2' retrieved from /Users/navalyemul/Documents/uptime/airflow_venv/lib/python3.12/site-packages/airflow/example_dags/example_datasets.py
[2026-04-08T13:12:53.030+0530] {logging_mixin.py:190} INFO - [2026-04-08T13:12:53.029+0530] {dag.py:3239} INFO - Sync 10 DAGs
[2026-04-08T13:12:53.040+0530] {logging_mixin.py:190} INFO - [2026-04-08T13:12:53.040+0530] {dag.py:4180} INFO - Setting next_dagrun for conditional_dataset_and_time_based_timetable to 2026-04-08 01:00:00+00:00, run_after=2026-04-08 01:00:00+00:00
[2026-04-08T13:12:53.041+0530] {logging_mixin.py:190} INFO - [2026-04-08T13:12:53.041+0530] {dag.py:4180} INFO - Setting next_dagrun for consume_1_and_2_with_dataset_expressions to None, run_after=None
[2026-04-08T13:12:53.042+0530] {logging_mixin.py:190} INFO - [2026-04-08T13:12:53.042+0530] {dag.py:4180} INFO - Setting next_dagrun for consume_1_or_2_with_dataset_expressions to None, run_after=None
[2026-04-08T13:12:53.042+0530] {logging_mixin.py:190} INFO - [2026-04-08T13:12:53.042+0530] {dag.py:4180} INFO - Setting next_dagrun for consume_1_or_both_2_and_3_with_dataset_expressions to None, run_after=None
[2026-04-08T13:12:53.042+0530] {logging_mixin.py:190} INFO - [2026-04-08T13:12:53.042+0530] {dag.py:4180} INFO - Setting next_dagrun for dataset_consumes_1 to None, run_after=None
[2026-04-08T13:12:53.043+0530] {logging_mixin.py:190} INFO - [2026-04-08T13:12:53.043+0530] {dag.py:4180} INFO - Setting next_dagrun for dataset_consumes_1_and_2 to None, run_after=None
[2026-04-08T13:12:53.043+0530] {logging_mixin.py:190} INFO - [2026-04-08T13:12:53.043+0530] {dag.py:4180} INFO - Setting next_dagrun for dataset_consumes_1_never_scheduled to None, run_after=None
[2026-04-08T13:12:53.043+0530] {logging_mixin.py:190} INFO - [2026-04-08T13:12:53.043+0530] {dag.py:4180} INFO - Setting next_dagrun for dataset_consumes_unknown_never_scheduled to None, run_after=None
[2026-04-08T13:12:53.044+0530] {logging_mixin.py:190} INFO - [2026-04-08T13:12:53.044+0530] {dag.py:4180} INFO - Setting next_dagrun for dataset_produces_1 to 2026-04-07 00:00:00+00:00, run_after=2026-04-08 00:00:00+00:00
[2026-04-08T13:12:53.044+0530] {logging_mixin.py:190} INFO - [2026-04-08T13:12:53.044+0530] {dag.py:4180} INFO - Setting next_dagrun for dataset_produces_2 to None, run_after=None
[2026-04-08T13:12:53.057+0530] {processor.py:208} INFO - Processing /Users/navalyemul/Documents/uptime/airflow_venv/lib/python3.12/site-packages/airflow/example_dags/example_datasets.py took 0.114 seconds
[2026-04-08T13:15:39.682+0530] {processor.py:186} INFO - Started process (PID=36024) to work on /Users/navalyemul/Documents/uptime/airflow_venv/lib/python3.12/site-packages/airflow/example_dags/example_datasets.py
[2026-04-08T13:15:39.683+0530] {processor.py:914} INFO - Processing file /Users/navalyemul/Documents/uptime/airflow_venv/lib/python3.12/site-packages/airflow/example_dags/example_datasets.py for tasks to queue
[2026-04-08T13:15:39.683+0530] {logging_mixin.py:190} INFO - [2026-04-08T13:15:39.683+0530] {dagbag.py:588} INFO - Filling up the DagBag from /Users/navalyemul/Documents/uptime/airflow_venv/lib/python3.12/site-packages/airflow/example_dags/example_datasets.py
[2026-04-08T13:15:39.710+0530] {processor.py:925} INFO - DAG(s) 'dataset_produces_2', 'dataset_consumes_1_never_scheduled', 'consume_1_or_both_2_and_3_with_dataset_expressions', 'dataset_consumes_1_and_2', 'consume_1_and_2_with_dataset_expressions', 'dataset_produces_1', 'dataset_consumes_1', 'consume_1_or_2_with_dataset_expressions', 'dataset_consumes_unknown_never_scheduled', 'conditional_dataset_and_time_based_timetable' retrieved from /Users/navalyemul/Documents/uptime/airflow_venv/lib/python3.12/site-packages/airflow/example_dags/example_datasets.py
[2026-04-08T13:15:39.759+0530] {logging_mixin.py:190} INFO - [2026-04-08T13:15:39.759+0530] {dag.py:3239} INFO - Sync 10 DAGs
[2026-04-08T13:15:39.769+0530] {logging_mixin.py:190} INFO - [2026-04-08T13:15:39.769+0530] {dag.py:4180} INFO - Setting next_dagrun for conditional_dataset_and_time_based_timetable to 2026-04-08 01:00:00+00:00, run_after=2026-04-08 01:00:00+00:00
[2026-04-08T13:15:39.770+0530] {logging_mixin.py:190} INFO - [2026-04-08T13:15:39.770+0530] {dag.py:4180} INFO - Setting next_dagrun for consume_1_and_2_with_dataset_expressions to None, run_after=None
[2026-04-08T13:15:39.770+0530] {logging_mixin.py:190} INFO - [2026-04-08T13:15:39.770+0530] {dag.py:4180} INFO - Setting next_dagrun for consume_1_or_2_with_dataset_expressions to None, run_after=None
[2026-04-08T13:15:39.771+0530] {logging_mixin.py:190} INFO - [2026-04-08T13:15:39.771+0530] {dag.py:4180} INFO - Setting next_dagrun for consume_1_or_both_2_and_3_with_dataset_expressions to None, run_after=None
[2026-04-08T13:15:39.771+0530] {logging_mixin.py:190} INFO - [2026-04-08T13:15:39.771+0530] {dag.py:4180} INFO - Setting next_dagrun for dataset_consumes_1 to None, run_after=None
[2026-04-08T13:15:39.771+0530] {logging_mixin.py:190} INFO - [2026-04-08T13:15:39.771+0530] {dag.py:4180} INFO - Setting next_dagrun for dataset_consumes_1_and_2 to None, run_after=None
[2026-04-08T13:15:39.772+0530] {logging_mixin.py:190} INFO - [2026-04-08T13:15:39.771+0530] {dag.py:4180} INFO - Setting next_dagrun for dataset_consumes_1_never_scheduled to None, run_after=None
[2026-04-08T13:15:39.772+0530] {logging_mixin.py:190} INFO - [2026-04-08T13:15:39.772+0530] {dag.py:4180} INFO - Setting next_dagrun for dataset_consumes_unknown_never_scheduled to None, run_after=None
[2026-04-08T13:15:39.772+0530] {logging_mixin.py:190} INFO - [2026-04-08T13:15:39.772+0530] {dag.py:4180} INFO - Setting next_dagrun for dataset_produces_1 to 2026-04-07 00:00:00+00:00, run_after=2026-04-08 00:00:00+00:00
[2026-04-08T13:15:39.773+0530] {logging_mixin.py:190} INFO - [2026-04-08T13:15:39.773+0530] {dag.py:4180} INFO - Setting next_dagrun for dataset_produces_2 to None, run_after=None
[2026-04-08T13:15:39.784+0530] {processor.py:208} INFO - Processing /Users/navalyemul/Documents/uptime/airflow_venv/lib/python3.12/site-packages/airflow/example_dags/example_datasets.py took 0.104 seconds
[2026-04-08T13:18:26.637+0530] {processor.py:186} INFO - Started process (PID=37900) to work on /Users/navalyemul/Documents/uptime/airflow_venv/lib/python3.12/site-packages/airflow/example_dags/example_datasets.py
[2026-04-08T13:18:26.638+0530] {processor.py:914} INFO - Processing file /Users/navalyemul/Documents/uptime/airflow_venv/lib/python3.12/site-packages/airflow/example_dags/example_datasets.py for tasks to queue
[2026-04-08T13:18:26.639+0530] {logging_mixin.py:190} INFO - [2026-04-08T13:18:26.639+0530] {dagbag.py:588} INFO - Filling up the DagBag from /Users/navalyemul/Documents/uptime/airflow_venv/lib/python3.12/site-packages/airflow/example_dags/example_datasets.py
[2026-04-08T13:18:26.666+0530] {processor.py:925} INFO - DAG(s) 'dataset_produces_2', 'consume_1_and_2_with_dataset_expressions', 'consume_1_or_2_with_dataset_expressions', 'dataset_consumes_1_never_scheduled', 'consume_1_or_both_2_and_3_with_dataset_expressions', 'dataset_consumes_unknown_never_scheduled', 'dataset_consumes_1', 'dataset_consumes_1_and_2', 'conditional_dataset_and_time_based_timetable', 'dataset_produces_1' retrieved from /Users/navalyemul/Documents/uptime/airflow_venv/lib/python3.12/site-packages/airflow/example_dags/example_datasets.py
[2026-04-08T13:18:26.715+0530] {logging_mixin.py:190} INFO - [2026-04-08T13:18:26.715+0530] {dag.py:3239} INFO - Sync 10 DAGs
[2026-04-08T13:18:26.725+0530] {logging_mixin.py:190} INFO - [2026-04-08T13:18:26.725+0530] {dag.py:4180} INFO - Setting next_dagrun for conditional_dataset_and_time_based_timetable to 2026-04-08 01:00:00+00:00, run_after=2026-04-08 01:00:00+00:00
[2026-04-08T13:18:26.726+0530] {logging_mixin.py:190} INFO - [2026-04-08T13:18:26.726+0530] {dag.py:4180} INFO - Setting next_dagrun for consume_1_and_2_with_dataset_expressions to None, run_after=None
[2026-04-08T13:18:26.726+0530] {logging_mixin.py:190} INFO - [2026-04-08T13:18:26.726+0530] {dag.py:4180} INFO - Setting next_dagrun for consume_1_or_2_with_dataset_expressions to None, run_after=None
[2026-04-08T13:18:26.727+0530] {logging_mixin.py:190} INFO - [2026-04-08T13:18:26.727+0530] {dag.py:4180} INFO - Setting next_dagrun for consume_1_or_both_2_and_3_with_dataset_expressions to None, run_after=None
[2026-04-08T13:18:26.727+0530] {logging_mixin.py:190} INFO - [2026-04-08T13:18:26.727+0530] {dag.py:4180} INFO - Setting next_dagrun for dataset_consumes_1 to None, run_after=None
[2026-04-08T13:18:26.727+0530] {logging_mixin.py:190} INFO - [2026-04-08T13:18:26.727+0530] {dag.py:4180} INFO - Setting next_dagrun for dataset_consumes_1_and_2 to None, run_after=None
[2026-04-08T13:18:26.728+0530] {logging_mixin.py:190} INFO - [2026-04-08T13:18:26.728+0530] {dag.py:4180} INFO - Setting next_dagrun for dataset_consumes_1_never_scheduled to None, run_after=None
[2026-04-08T13:18:26.728+0530] {logging_mixin.py:190} INFO - [2026-04-08T13:18:26.728+0530] {dag.py:4180} INFO - Setting next_dagrun for dataset_consumes_unknown_never_scheduled to None, run_after=None
[2026-04-08T13:18:26.729+0530] {logging_mixin.py:190} INFO - [2026-04-08T13:18:26.729+0530] {dag.py:4180} INFO - Setting next_dagrun for dataset_produces_1 to 2026-04-07 00:00:00+00:00, run_after=2026-04-08 00:00:00+00:00
[2026-04-08T13:18:26.729+0530] {logging_mixin.py:190} INFO - [2026-04-08T13:18:26.729+0530] {dag.py:4180} INFO - Setting next_dagrun for dataset_produces_2 to None, run_after=None
[2026-04-08T13:18:26.741+0530] {processor.py:208} INFO - Processing /Users/navalyemul/Documents/uptime/airflow_venv/lib/python3.12/site-packages/airflow/example_dags/example_datasets.py took 0.105 seconds
[2026-04-08T13:30:01.935+0530] {processor.py:186} INFO - Started process (PID=39844) to work on /Users/navalyemul/Documents/uptime/airflow_venv/lib/python3.12/site-packages/airflow/example_dags/example_datasets.py
[2026-04-08T13:30:01.937+0530] {processor.py:914} INFO - Processing file /Users/navalyemul/Documents/uptime/airflow_venv/lib/python3.12/site-packages/airflow/example_dags/example_datasets.py for tasks to queue
[2026-04-08T13:30:01.939+0530] {logging_mixin.py:190} INFO - [2026-04-08T13:30:01.939+0530] {dagbag.py:588} INFO - Filling up the DagBag from /Users/navalyemul/Documents/uptime/airflow_venv/lib/python3.12/site-packages/airflow/example_dags/example_datasets.py
[2026-04-08T13:30:02.037+0530] {processor.py:925} INFO - DAG(s) 'dataset_produces_2', 'consume_1_or_both_2_and_3_with_dataset_expressions', 'conditional_dataset_and_time_based_timetable', 'dataset_consumes_unknown_never_scheduled', 'dataset_consumes_1', 'consume_1_or_2_with_dataset_expressions', 'consume_1_and_2_with_dataset_expressions', 'dataset_consumes_1_and_2', 'dataset_consumes_1_never_scheduled', 'dataset_produces_1' retrieved from /Users/navalyemul/Documents/uptime/airflow_venv/lib/python3.12/site-packages/airflow/example_dags/example_datasets.py
[2026-04-08T13:30:02.230+0530] {logging_mixin.py:190} INFO - [2026-04-08T13:30:02.230+0530] {dag.py:3239} INFO - Sync 10 DAGs
[2026-04-08T13:30:02.265+0530] {logging_mixin.py:190} INFO - [2026-04-08T13:30:02.265+0530] {dag.py:4180} INFO - Setting next_dagrun for conditional_dataset_and_time_based_timetable to 2026-04-08 01:00:00+00:00, run_after=2026-04-08 01:00:00+00:00
[2026-04-08T13:30:02.270+0530] {logging_mixin.py:190} INFO - [2026-04-08T13:30:02.270+0530] {dag.py:4180} INFO - Setting next_dagrun for consume_1_and_2_with_dataset_expressions to None, run_after=None
[2026-04-08T13:30:02.272+0530] {logging_mixin.py:190} INFO - [2026-04-08T13:30:02.272+0530] {dag.py:4180} INFO - Setting next_dagrun for consume_1_or_2_with_dataset_expressions to None, run_after=None
[2026-04-08T13:30:02.273+0530] {logging_mixin.py:190} INFO - [2026-04-08T13:30:02.273+0530] {dag.py:4180} INFO - Setting next_dagrun for consume_1_or_both_2_and_3_with_dataset_expressions to None, run_after=None
[2026-04-08T13:30:02.275+0530] {logging_mixin.py:190} INFO - [2026-04-08T13:30:02.274+0530] {dag.py:4180} INFO - Setting next_dagrun for dataset_consumes_1 to None, run_after=None
[2026-04-08T13:30:02.276+0530] {logging_mixin.py:190} INFO - [2026-04-08T13:30:02.276+0530] {dag.py:4180} INFO - Setting next_dagrun for dataset_consumes_1_and_2 to None, run_after=None
[2026-04-08T13:30:02.277+0530] {logging_mixin.py:190} INFO - [2026-04-08T13:30:02.277+0530] {dag.py:4180} INFO - Setting next_dagrun for dataset_consumes_1_never_scheduled to None, run_after=None
[2026-04-08T13:30:02.278+0530] {logging_mixin.py:190} INFO - [2026-04-08T13:30:02.278+0530] {dag.py:4180} INFO - Setting next_dagrun for dataset_consumes_unknown_never_scheduled to None, run_after=None
[2026-04-08T13:30:02.281+0530] {logging_mixin.py:190} INFO - [2026-04-08T13:30:02.281+0530] {dag.py:4180} INFO - Setting next_dagrun for dataset_produces_1 to 2026-04-07 00:00:00+00:00, run_after=2026-04-08 00:00:00+00:00
[2026-04-08T13:30:02.282+0530] {logging_mixin.py:190} INFO - [2026-04-08T13:30:02.282+0530] {dag.py:4180} INFO - Setting next_dagrun for dataset_produces_2 to None, run_after=None
[2026-04-08T13:30:02.324+0530] {processor.py:208} INFO - Processing /Users/navalyemul/Documents/uptime/airflow_venv/lib/python3.12/site-packages/airflow/example_dags/example_datasets.py took 0.395 seconds
[2026-04-08T13:41:06.317+0530] {processor.py:186} INFO - Started process (PID=41853) to work on /Users/navalyemul/Documents/uptime/airflow_venv/lib/python3.12/site-packages/airflow/example_dags/example_datasets.py
[2026-04-08T13:41:06.318+0530] {processor.py:914} INFO - Processing file /Users/navalyemul/Documents/uptime/airflow_venv/lib/python3.12/site-packages/airflow/example_dags/example_datasets.py for tasks to queue
[2026-04-08T13:41:06.318+0530] {logging_mixin.py:190} INFO - [2026-04-08T13:41:06.318+0530] {dagbag.py:588} INFO - Filling up the DagBag from /Users/navalyemul/Documents/uptime/airflow_venv/lib/python3.12/site-packages/airflow/example_dags/example_datasets.py
[2026-04-08T13:41:06.344+0530] {processor.py:925} INFO - DAG(s) 'dataset_consumes_unknown_never_scheduled', 'consume_1_or_2_with_dataset_expressions', 'dataset_produces_2', 'dataset_consumes_1_and_2', 'dataset_produces_1', 'consume_1_or_both_2_and_3_with_dataset_expressions', 'dataset_consumes_1_never_scheduled', 'dataset_consumes_1', 'consume_1_and_2_with_dataset_expressions', 'conditional_dataset_and_time_based_timetable' retrieved from /Users/navalyemul/Documents/uptime/airflow_venv/lib/python3.12/site-packages/airflow/example_dags/example_datasets.py
[2026-04-08T13:41:06.392+0530] {logging_mixin.py:190} INFO - [2026-04-08T13:41:06.391+0530] {dag.py:3239} INFO - Sync 10 DAGs
[2026-04-08T13:41:06.401+0530] {logging_mixin.py:190} INFO - [2026-04-08T13:41:06.401+0530] {dag.py:4180} INFO - Setting next_dagrun for conditional_dataset_and_time_based_timetable to 2026-04-08 01:00:00+00:00, run_after=2026-04-08 01:00:00+00:00
[2026-04-08T13:41:06.402+0530] {logging_mixin.py:190} INFO - [2026-04-08T13:41:06.402+0530] {dag.py:4180} INFO - Setting next_dagrun for consume_1_and_2_with_dataset_expressions to None, run_after=None
[2026-04-08T13:41:06.402+0530] {logging_mixin.py:190} INFO - [2026-04-08T13:41:06.402+0530] {dag.py:4180} INFO - Setting next_dagrun for consume_1_or_2_with_dataset_expressions to None, run_after=None
[2026-04-08T13:41:06.403+0530] {logging_mixin.py:190} INFO - [2026-04-08T13:41:06.403+0530] {dag.py:4180} INFO - Setting next_dagrun for consume_1_or_both_2_and_3_with_dataset_expressions to None, run_after=None
[2026-04-08T13:41:06.403+0530] {logging_mixin.py:190} INFO - [2026-04-08T13:41:06.403+0530] {dag.py:4180} INFO - Setting next_dagrun for dataset_consumes_1 to None, run_after=None
[2026-04-08T13:41:06.403+0530] {logging_mixin.py:190} INFO - [2026-04-08T13:41:06.403+0530] {dag.py:4180} INFO - Setting next_dagrun for dataset_consumes_1_and_2 to None, run_after=None
[2026-04-08T13:41:06.404+0530] {logging_mixin.py:190} INFO - [2026-04-08T13:41:06.404+0530] {dag.py:4180} INFO - Setting next_dagrun for dataset_consumes_1_never_scheduled to None, run_after=None
[2026-04-08T13:41:06.404+0530] {logging_mixin.py:190} INFO - [2026-04-08T13:41:06.404+0530] {dag.py:4180} INFO - Setting next_dagrun for dataset_consumes_unknown_never_scheduled to None, run_after=None
[2026-04-08T13:41:06.405+0530] {logging_mixin.py:190} INFO - [2026-04-08T13:41:06.405+0530] {dag.py:4180} INFO - Setting next_dagrun for dataset_produces_1 to 2026-04-07 00:00:00+00:00, run_after=2026-04-08 00:00:00+00:00
[2026-04-08T13:41:06.405+0530] {logging_mixin.py:190} INFO - [2026-04-08T13:41:06.405+0530] {dag.py:4180} INFO - Setting next_dagrun for dataset_produces_2 to None, run_after=None
[2026-04-08T13:41:06.416+0530] {processor.py:208} INFO - Processing /Users/navalyemul/Documents/uptime/airflow_venv/lib/python3.12/site-packages/airflow/example_dags/example_datasets.py took 0.100 seconds
[2026-04-08T13:55:34.392+0530] {processor.py:186} INFO - Started process (PID=44104) to work on /Users/navalyemul/Documents/uptime/airflow_venv/lib/python3.12/site-packages/airflow/example_dags/example_datasets.py
[2026-04-08T13:55:34.394+0530] {processor.py:914} INFO - Processing file /Users/navalyemul/Documents/uptime/airflow_venv/lib/python3.12/site-packages/airflow/example_dags/example_datasets.py for tasks to queue
[2026-04-08T13:55:34.394+0530] {logging_mixin.py:190} INFO - [2026-04-08T13:55:34.394+0530] {dagbag.py:588} INFO - Filling up the DagBag from /Users/navalyemul/Documents/uptime/airflow_venv/lib/python3.12/site-packages/airflow/example_dags/example_datasets.py
[2026-04-08T13:55:34.436+0530] {processor.py:925} INFO - DAG(s) 'dataset_consumes_1_never_scheduled', 'conditional_dataset_and_time_based_timetable', 'dataset_produces_1', 'dataset_consumes_1', 'consume_1_or_2_with_dataset_expressions', 'dataset_consumes_1_and_2', 'consume_1_or_both_2_and_3_with_dataset_expressions', 'dataset_produces_2', 'consume_1_and_2_with_dataset_expressions', 'dataset_consumes_unknown_never_scheduled' retrieved from /Users/navalyemul/Documents/uptime/airflow_venv/lib/python3.12/site-packages/airflow/example_dags/example_datasets.py
[2026-04-08T13:55:34.497+0530] {logging_mixin.py:190} INFO - [2026-04-08T13:55:34.497+0530] {dag.py:3239} INFO - Sync 10 DAGs
[2026-04-08T13:55:34.510+0530] {logging_mixin.py:190} INFO - [2026-04-08T13:55:34.509+0530] {dag.py:4180} INFO - Setting next_dagrun for conditional_dataset_and_time_based_timetable to 2026-04-08 01:00:00+00:00, run_after=2026-04-08 01:00:00+00:00
[2026-04-08T13:55:34.511+0530] {logging_mixin.py:190} INFO - [2026-04-08T13:55:34.511+0530] {dag.py:4180} INFO - Setting next_dagrun for consume_1_and_2_with_dataset_expressions to None, run_after=None
[2026-04-08T13:55:34.512+0530] {logging_mixin.py:190} INFO - [2026-04-08T13:55:34.512+0530] {dag.py:4180} INFO - Setting next_dagrun for consume_1_or_2_with_dataset_expressions to None, run_after=None
[2026-04-08T13:55:34.512+0530] {logging_mixin.py:190} INFO - [2026-04-08T13:55:34.512+0530] {dag.py:4180} INFO - Setting next_dagrun for consume_1_or_both_2_and_3_with_dataset_expressions to None, run_after=None
[2026-04-08T13:55:34.513+0530] {logging_mixin.py:190} INFO - [2026-04-08T13:55:34.513+0530] {dag.py:4180} INFO - Setting next_dagrun for dataset_consumes_1 to None, run_after=None
[2026-04-08T13:55:34.513+0530] {logging_mixin.py:190} INFO - [2026-04-08T13:55:34.513+0530] {dag.py:4180} INFO - Setting next_dagrun for dataset_consumes_1_and_2 to None, run_after=None
[2026-04-08T13:55:34.513+0530] {logging_mixin.py:190} INFO - [2026-04-08T13:55:34.513+0530] {dag.py:4180} INFO - Setting next_dagrun for dataset_consumes_1_never_scheduled to None, run_after=None
[2026-04-08T13:55:34.514+0530] {logging_mixin.py:190} INFO - [2026-04-08T13:55:34.514+0530] {dag.py:4180} INFO - Setting next_dagrun for dataset_consumes_unknown_never_scheduled to None, run_after=None
[2026-04-08T13:55:34.514+0530] {logging_mixin.py:190} INFO - [2026-04-08T13:55:34.514+0530] {dag.py:4180} INFO - Setting next_dagrun for dataset_produces_1 to 2026-04-07 00:00:00+00:00, run_after=2026-04-08 00:00:00+00:00
[2026-04-08T13:55:34.515+0530] {logging_mixin.py:190} INFO - [2026-04-08T13:55:34.515+0530] {dag.py:4180} INFO - Setting next_dagrun for dataset_produces_2 to None, run_after=None
[2026-04-08T13:55:34.529+0530] {processor.py:208} INFO - Processing /Users/navalyemul/Documents/uptime/airflow_venv/lib/python3.12/site-packages/airflow/example_dags/example_datasets.py took 0.139 seconds
[2026-04-08T13:58:58.742+0530] {processor.py:186} INFO - Started process (PID=46091) to work on /Users/navalyemul/Documents/uptime/airflow_venv/lib/python3.12/site-packages/airflow/example_dags/example_datasets.py
[2026-04-08T13:58:58.744+0530] {processor.py:914} INFO - Processing file /Users/navalyemul/Documents/uptime/airflow_venv/lib/python3.12/site-packages/airflow/example_dags/example_datasets.py for tasks to queue
[2026-04-08T13:58:58.745+0530] {logging_mixin.py:190} INFO - [2026-04-08T13:58:58.745+0530] {dagbag.py:588} INFO - Filling up the DagBag from /Users/navalyemul/Documents/uptime/airflow_venv/lib/python3.12/site-packages/airflow/example_dags/example_datasets.py
[2026-04-08T13:58:58.781+0530] {processor.py:925} INFO - DAG(s) 'dataset_consumes_1_and_2', 'consume_1_or_both_2_and_3_with_dataset_expressions', 'conditional_dataset_and_time_based_timetable', 'dataset_consumes_1_never_scheduled', 'dataset_produces_1', 'dataset_consumes_1', 'dataset_produces_2', 'consume_1_or_2_with_dataset_expressions', 'consume_1_and_2_with_dataset_expressions', 'dataset_consumes_unknown_never_scheduled' retrieved from /Users/navalyemul/Documents/uptime/airflow_venv/lib/python3.12/site-packages/airflow/example_dags/example_datasets.py
[2026-04-08T13:58:58.836+0530] {logging_mixin.py:190} INFO - [2026-04-08T13:58:58.836+0530] {dag.py:3239} INFO - Sync 10 DAGs
[2026-04-08T13:58:58.847+0530] {logging_mixin.py:190} INFO - [2026-04-08T13:58:58.847+0530] {dag.py:4180} INFO - Setting next_dagrun for conditional_dataset_and_time_based_timetable to 2026-04-08 01:00:00+00:00, run_after=2026-04-08 01:00:00+00:00
[2026-04-08T13:58:58.848+0530] {logging_mixin.py:190} INFO - [2026-04-08T13:58:58.848+0530] {dag.py:4180} INFO - Setting next_dagrun for consume_1_and_2_with_dataset_expressions to None, run_after=None
[2026-04-08T13:58:58.849+0530] {logging_mixin.py:190} INFO - [2026-04-08T13:58:58.849+0530] {dag.py:4180} INFO - Setting next_dagrun for consume_1_or_2_with_dataset_expressions to None, run_after=None
[2026-04-08T13:58:58.849+0530] {logging_mixin.py:190} INFO - [2026-04-08T13:58:58.849+0530] {dag.py:4180} INFO - Setting next_dagrun for consume_1_or_both_2_and_3_with_dataset_expressions to None, run_after=None
[2026-04-08T13:58:58.850+0530] {logging_mixin.py:190} INFO - [2026-04-08T13:58:58.850+0530] {dag.py:4180} INFO - Setting next_dagrun for dataset_consumes_1 to None, run_after=None
[2026-04-08T13:58:58.850+0530] {logging_mixin.py:190} INFO - [2026-04-08T13:58:58.850+0530] {dag.py:4180} INFO - Setting next_dagrun for dataset_consumes_1_and_2 to None, run_after=None
[2026-04-08T13:58:58.850+0530] {logging_mixin.py:190} INFO - [2026-04-08T13:58:58.850+0530] {dag.py:4180} INFO - Setting next_dagrun for dataset_consumes_1_never_scheduled to None, run_after=None
[2026-04-08T13:58:58.851+0530] {logging_mixin.py:190} INFO - [2026-04-08T13:58:58.851+0530] {dag.py:4180} INFO - Setting next_dagrun for dataset_consumes_unknown_never_scheduled to None, run_after=None
[2026-04-08T13:58:58.851+0530] {logging_mixin.py:190} INFO - [2026-04-08T13:58:58.851+0530] {dag.py:4180} INFO - Setting next_dagrun for dataset_produces_1 to 2026-04-07 00:00:00+00:00, run_after=2026-04-08 00:00:00+00:00
[2026-04-08T13:58:58.852+0530] {logging_mixin.py:190} INFO - [2026-04-08T13:58:58.852+0530] {dag.py:4180} INFO - Setting next_dagrun for dataset_produces_2 to None, run_after=None
[2026-04-08T13:58:58.864+0530] {processor.py:208} INFO - Processing /Users/navalyemul/Documents/uptime/airflow_venv/lib/python3.12/site-packages/airflow/example_dags/example_datasets.py took 0.124 seconds
