[2026-04-08T12:39:45.127+0530] {processor.py:186} INFO - Started process (PID=13458) to work on /Users/navalyemul/Documents/uptime/airflow_venv/lib/python3.12/site-packages/airflow/example_dags/example_task_group_decorator.py
[2026-04-08T12:39:45.130+0530] {processor.py:914} INFO - Processing file /Users/navalyemul/Documents/uptime/airflow_venv/lib/python3.12/site-packages/airflow/example_dags/example_task_group_decorator.py for tasks to queue
[2026-04-08T12:39:45.131+0530] {logging_mixin.py:190} INFO - [2026-04-08T12:39:45.130+0530] {dagbag.py:588} INFO - Filling up the DagBag from /Users/navalyemul/Documents/uptime/airflow_venv/lib/python3.12/site-packages/airflow/example_dags/example_task_group_decorator.py
[2026-04-08T12:39:45.174+0530] {processor.py:925} INFO - DAG(s) 'example_task_group_decorator' retrieved from /Users/navalyemul/Documents/uptime/airflow_venv/lib/python3.12/site-packages/airflow/example_dags/example_task_group_decorator.py
[2026-04-08T12:39:45.343+0530] {logging_mixin.py:190} INFO - [2026-04-08T12:39:45.343+0530] {override.py:1912} INFO - Created Permission View: can delete on DAG:example_task_group_decorator
[2026-04-08T12:39:45.348+0530] {logging_mixin.py:190} INFO - [2026-04-08T12:39:45.347+0530] {override.py:1912} INFO - Created Permission View: can read on DAG:example_task_group_decorator
[2026-04-08T12:39:45.351+0530] {logging_mixin.py:190} INFO - [2026-04-08T12:39:45.350+0530] {override.py:1912} INFO - Created Permission View: can edit on DAG:example_task_group_decorator
[2026-04-08T12:39:45.356+0530] {logging_mixin.py:190} INFO - [2026-04-08T12:39:45.355+0530] {override.py:1912} INFO - Created Permission View: can delete on DAG Run:example_task_group_decorator
[2026-04-08T12:39:45.358+0530] {logging_mixin.py:190} INFO - [2026-04-08T12:39:45.358+0530] {override.py:1912} INFO - Created Permission View: can read on DAG Run:example_task_group_decorator
[2026-04-08T12:39:45.362+0530] {logging_mixin.py:190} INFO - [2026-04-08T12:39:45.362+0530] {override.py:1912} INFO - Created Permission View: can create on DAG Run:example_task_group_decorator
[2026-04-08T12:39:45.365+0530] {logging_mixin.py:190} INFO - [2026-04-08T12:39:45.365+0530] {override.py:1912} INFO - Created Permission View: menu access on DAG Run:example_task_group_decorator
[2026-04-08T12:39:45.366+0530] {logging_mixin.py:190} INFO - [2026-04-08T12:39:45.365+0530] {dag.py:3239} INFO - Sync 1 DAGs
[2026-04-08T12:39:45.374+0530] {logging_mixin.py:190} INFO - [2026-04-08T12:39:45.373+0530] {dag.py:3262} INFO - Creating ORM DAG for example_task_group_decorator
[2026-04-08T12:39:45.374+0530] {logging_mixin.py:190} INFO - [2026-04-08T12:39:45.374+0530] {dag.py:4180} INFO - Setting next_dagrun for example_task_group_decorator to None, run_after=None
[2026-04-08T12:39:45.429+0530] {processor.py:208} INFO - Processing /Users/navalyemul/Documents/uptime/airflow_venv/lib/python3.12/site-packages/airflow/example_dags/example_task_group_decorator.py took 0.306 seconds
[2026-04-08T12:44:08.062+0530] {processor.py:186} INFO - Started process (PID=15745) to work on /Users/navalyemul/Documents/uptime/airflow_venv/lib/python3.12/site-packages/airflow/example_dags/example_task_group_decorator.py
[2026-04-08T12:44:08.063+0530] {processor.py:914} INFO - Processing file /Users/navalyemul/Documents/uptime/airflow_venv/lib/python3.12/site-packages/airflow/example_dags/example_task_group_decorator.py for tasks to queue
[2026-04-08T12:44:08.064+0530] {logging_mixin.py:190} INFO - [2026-04-08T12:44:08.064+0530] {dagbag.py:588} INFO - Filling up the DagBag from /Users/navalyemul/Documents/uptime/airflow_venv/lib/python3.12/site-packages/airflow/example_dags/example_task_group_decorator.py
[2026-04-08T12:44:08.102+0530] {processor.py:925} INFO - DAG(s) 'example_task_group_decorator' retrieved from /Users/navalyemul/Documents/uptime/airflow_venv/lib/python3.12/site-packages/airflow/example_dags/example_task_group_decorator.py
[2026-04-08T12:44:08.150+0530] {logging_mixin.py:190} INFO - [2026-04-08T12:44:08.150+0530] {dag.py:3239} INFO - Sync 1 DAGs
[2026-04-08T12:44:08.157+0530] {logging_mixin.py:190} INFO - [2026-04-08T12:44:08.157+0530] {dag.py:4180} INFO - Setting next_dagrun for example_task_group_decorator to None, run_after=None
[2026-04-08T12:44:08.167+0530] {processor.py:208} INFO - Processing /Users/navalyemul/Documents/uptime/airflow_venv/lib/python3.12/site-packages/airflow/example_dags/example_task_group_decorator.py took 0.109 seconds
[2026-04-08T12:46:46.160+0530] {processor.py:186} INFO - Started process (PID=17324) to work on /Users/navalyemul/Documents/uptime/airflow_venv/lib/python3.12/site-packages/airflow/example_dags/example_task_group_decorator.py
[2026-04-08T12:46:46.162+0530] {processor.py:914} INFO - Processing file /Users/navalyemul/Documents/uptime/airflow_venv/lib/python3.12/site-packages/airflow/example_dags/example_task_group_decorator.py for tasks to queue
[2026-04-08T12:46:46.163+0530] {logging_mixin.py:190} INFO - [2026-04-08T12:46:46.163+0530] {dagbag.py:588} INFO - Filling up the DagBag from /Users/navalyemul/Documents/uptime/airflow_venv/lib/python3.12/site-packages/airflow/example_dags/example_task_group_decorator.py
[2026-04-08T12:46:46.253+0530] {processor.py:925} INFO - DAG(s) 'example_task_group_decorator' retrieved from /Users/navalyemul/Documents/uptime/airflow_venv/lib/python3.12/site-packages/airflow/example_dags/example_task_group_decorator.py
[2026-04-08T12:46:46.311+0530] {logging_mixin.py:190} INFO - [2026-04-08T12:46:46.311+0530] {dag.py:3239} INFO - Sync 1 DAGs
[2026-04-08T12:46:46.316+0530] {logging_mixin.py:190} INFO - [2026-04-08T12:46:46.316+0530] {dag.py:4180} INFO - Setting next_dagrun for example_task_group_decorator to None, run_after=None
[2026-04-08T12:46:46.326+0530] {processor.py:208} INFO - Processing /Users/navalyemul/Documents/uptime/airflow_venv/lib/python3.12/site-packages/airflow/example_dags/example_task_group_decorator.py took 0.172 seconds
[2026-04-08T12:48:43.179+0530] {processor.py:186} INFO - Started process (PID=18660) to work on /Users/navalyemul/Documents/uptime/airflow_venv/lib/python3.12/site-packages/airflow/example_dags/example_task_group_decorator.py
[2026-04-08T12:48:43.180+0530] {processor.py:914} INFO - Processing file /Users/navalyemul/Documents/uptime/airflow_venv/lib/python3.12/site-packages/airflow/example_dags/example_task_group_decorator.py for tasks to queue
[2026-04-08T12:48:43.180+0530] {logging_mixin.py:190} INFO - [2026-04-08T12:48:43.180+0530] {dagbag.py:588} INFO - Filling up the DagBag from /Users/navalyemul/Documents/uptime/airflow_venv/lib/python3.12/site-packages/airflow/example_dags/example_task_group_decorator.py
[2026-04-08T12:48:43.204+0530] {processor.py:925} INFO - DAG(s) 'example_task_group_decorator' retrieved from /Users/navalyemul/Documents/uptime/airflow_venv/lib/python3.12/site-packages/airflow/example_dags/example_task_group_decorator.py
[2026-04-08T12:48:43.247+0530] {logging_mixin.py:190} INFO - [2026-04-08T12:48:43.247+0530] {dag.py:3239} INFO - Sync 1 DAGs
[2026-04-08T12:48:43.252+0530] {logging_mixin.py:190} INFO - [2026-04-08T12:48:43.252+0530] {dag.py:4180} INFO - Setting next_dagrun for example_task_group_decorator to None, run_after=None
[2026-04-08T12:48:43.261+0530] {processor.py:208} INFO - Processing /Users/navalyemul/Documents/uptime/airflow_venv/lib/python3.12/site-packages/airflow/example_dags/example_task_group_decorator.py took 0.084 seconds
[2026-04-08T12:50:05.783+0530] {processor.py:186} INFO - Started process (PID=19613) to work on /Users/navalyemul/Documents/uptime/airflow_venv/lib/python3.12/site-packages/airflow/example_dags/example_task_group_decorator.py
[2026-04-08T12:50:05.784+0530] {processor.py:914} INFO - Processing file /Users/navalyemul/Documents/uptime/airflow_venv/lib/python3.12/site-packages/airflow/example_dags/example_task_group_decorator.py for tasks to queue
[2026-04-08T12:50:05.784+0530] {logging_mixin.py:190} INFO - [2026-04-08T12:50:05.784+0530] {dagbag.py:588} INFO - Filling up the DagBag from /Users/navalyemul/Documents/uptime/airflow_venv/lib/python3.12/site-packages/airflow/example_dags/example_task_group_decorator.py
[2026-04-08T12:50:05.808+0530] {processor.py:925} INFO - DAG(s) 'example_task_group_decorator' retrieved from /Users/navalyemul/Documents/uptime/airflow_venv/lib/python3.12/site-packages/airflow/example_dags/example_task_group_decorator.py
[2026-04-08T12:50:05.850+0530] {logging_mixin.py:190} INFO - [2026-04-08T12:50:05.850+0530] {dag.py:3239} INFO - Sync 1 DAGs
[2026-04-08T12:50:05.855+0530] {logging_mixin.py:190} INFO - [2026-04-08T12:50:05.855+0530] {dag.py:4180} INFO - Setting next_dagrun for example_task_group_decorator to None, run_after=None
[2026-04-08T12:50:05.863+0530] {processor.py:208} INFO - Processing /Users/navalyemul/Documents/uptime/airflow_venv/lib/python3.12/site-packages/airflow/example_dags/example_task_group_decorator.py took 0.082 seconds
[2026-04-08T12:51:39.555+0530] {processor.py:186} INFO - Started process (PID=20563) to work on /Users/navalyemul/Documents/uptime/airflow_venv/lib/python3.12/site-packages/airflow/example_dags/example_task_group_decorator.py
[2026-04-08T12:51:39.556+0530] {processor.py:914} INFO - Processing file /Users/navalyemul/Documents/uptime/airflow_venv/lib/python3.12/site-packages/airflow/example_dags/example_task_group_decorator.py for tasks to queue
[2026-04-08T12:51:39.556+0530] {logging_mixin.py:190} INFO - [2026-04-08T12:51:39.556+0530] {dagbag.py:588} INFO - Filling up the DagBag from /Users/navalyemul/Documents/uptime/airflow_venv/lib/python3.12/site-packages/airflow/example_dags/example_task_group_decorator.py
[2026-04-08T12:51:39.581+0530] {processor.py:925} INFO - DAG(s) 'example_task_group_decorator' retrieved from /Users/navalyemul/Documents/uptime/airflow_venv/lib/python3.12/site-packages/airflow/example_dags/example_task_group_decorator.py
[2026-04-08T12:51:39.624+0530] {logging_mixin.py:190} INFO - [2026-04-08T12:51:39.623+0530] {dag.py:3239} INFO - Sync 1 DAGs
[2026-04-08T12:51:39.628+0530] {logging_mixin.py:190} INFO - [2026-04-08T12:51:39.628+0530] {dag.py:4180} INFO - Setting next_dagrun for example_task_group_decorator to None, run_after=None
[2026-04-08T12:51:39.638+0530] {processor.py:208} INFO - Processing /Users/navalyemul/Documents/uptime/airflow_venv/lib/python3.12/site-packages/airflow/example_dags/example_task_group_decorator.py took 0.085 seconds
[2026-04-08T12:53:22.654+0530] {processor.py:186} INFO - Started process (PID=21512) to work on /Users/navalyemul/Documents/uptime/airflow_venv/lib/python3.12/site-packages/airflow/example_dags/example_task_group_decorator.py
[2026-04-08T12:53:22.655+0530] {processor.py:914} INFO - Processing file /Users/navalyemul/Documents/uptime/airflow_venv/lib/python3.12/site-packages/airflow/example_dags/example_task_group_decorator.py for tasks to queue
[2026-04-08T12:53:22.656+0530] {logging_mixin.py:190} INFO - [2026-04-08T12:53:22.656+0530] {dagbag.py:588} INFO - Filling up the DagBag from /Users/navalyemul/Documents/uptime/airflow_venv/lib/python3.12/site-packages/airflow/example_dags/example_task_group_decorator.py
[2026-04-08T12:53:22.696+0530] {processor.py:925} INFO - DAG(s) 'example_task_group_decorator' retrieved from /Users/navalyemul/Documents/uptime/airflow_venv/lib/python3.12/site-packages/airflow/example_dags/example_task_group_decorator.py
[2026-04-08T12:53:22.748+0530] {logging_mixin.py:190} INFO - [2026-04-08T12:53:22.748+0530] {dag.py:3239} INFO - Sync 1 DAGs
[2026-04-08T12:53:22.756+0530] {logging_mixin.py:190} INFO - [2026-04-08T12:53:22.755+0530] {dag.py:4180} INFO - Setting next_dagrun for example_task_group_decorator to None, run_after=None
[2026-04-08T12:53:22.765+0530] {processor.py:208} INFO - Processing /Users/navalyemul/Documents/uptime/airflow_venv/lib/python3.12/site-packages/airflow/example_dags/example_task_group_decorator.py took 0.117 seconds
[2026-04-08T12:55:14.427+0530] {processor.py:186} INFO - Started process (PID=22394) to work on /Users/navalyemul/Documents/uptime/airflow_venv/lib/python3.12/site-packages/airflow/example_dags/example_task_group_decorator.py
[2026-04-08T12:55:14.428+0530] {processor.py:914} INFO - Processing file /Users/navalyemul/Documents/uptime/airflow_venv/lib/python3.12/site-packages/airflow/example_dags/example_task_group_decorator.py for tasks to queue
[2026-04-08T12:55:14.430+0530] {logging_mixin.py:190} INFO - [2026-04-08T12:55:14.429+0530] {dagbag.py:588} INFO - Filling up the DagBag from /Users/navalyemul/Documents/uptime/airflow_venv/lib/python3.12/site-packages/airflow/example_dags/example_task_group_decorator.py
[2026-04-08T12:55:14.459+0530] {processor.py:925} INFO - DAG(s) 'example_task_group_decorator' retrieved from /Users/navalyemul/Documents/uptime/airflow_venv/lib/python3.12/site-packages/airflow/example_dags/example_task_group_decorator.py
[2026-04-08T12:55:14.514+0530] {logging_mixin.py:190} INFO - [2026-04-08T12:55:14.514+0530] {dag.py:3239} INFO - Sync 1 DAGs
[2026-04-08T12:55:14.520+0530] {logging_mixin.py:190} INFO - [2026-04-08T12:55:14.519+0530] {dag.py:4180} INFO - Setting next_dagrun for example_task_group_decorator to None, run_after=None
[2026-04-08T12:55:14.537+0530] {processor.py:208} INFO - Processing /Users/navalyemul/Documents/uptime/airflow_venv/lib/python3.12/site-packages/airflow/example_dags/example_task_group_decorator.py took 0.113 seconds
[2026-04-08T12:56:48.515+0530] {processor.py:186} INFO - Started process (PID=23364) to work on /Users/navalyemul/Documents/uptime/airflow_venv/lib/python3.12/site-packages/airflow/example_dags/example_task_group_decorator.py
[2026-04-08T12:56:48.516+0530] {processor.py:914} INFO - Processing file /Users/navalyemul/Documents/uptime/airflow_venv/lib/python3.12/site-packages/airflow/example_dags/example_task_group_decorator.py for tasks to queue
[2026-04-08T12:56:48.517+0530] {logging_mixin.py:190} INFO - [2026-04-08T12:56:48.516+0530] {dagbag.py:588} INFO - Filling up the DagBag from /Users/navalyemul/Documents/uptime/airflow_venv/lib/python3.12/site-packages/airflow/example_dags/example_task_group_decorator.py
[2026-04-08T12:56:48.546+0530] {processor.py:925} INFO - DAG(s) 'example_task_group_decorator' retrieved from /Users/navalyemul/Documents/uptime/airflow_venv/lib/python3.12/site-packages/airflow/example_dags/example_task_group_decorator.py
[2026-04-08T12:56:48.590+0530] {logging_mixin.py:190} INFO - [2026-04-08T12:56:48.590+0530] {dag.py:3239} INFO - Sync 1 DAGs
[2026-04-08T12:56:48.595+0530] {logging_mixin.py:190} INFO - [2026-04-08T12:56:48.595+0530] {dag.py:4180} INFO - Setting next_dagrun for example_task_group_decorator to None, run_after=None
[2026-04-08T12:56:48.603+0530] {processor.py:208} INFO - Processing /Users/navalyemul/Documents/uptime/airflow_venv/lib/python3.12/site-packages/airflow/example_dags/example_task_group_decorator.py took 0.093 seconds
[2026-04-08T12:58:15.459+0530] {processor.py:186} INFO - Started process (PID=24293) to work on /Users/navalyemul/Documents/uptime/airflow_venv/lib/python3.12/site-packages/airflow/example_dags/example_task_group_decorator.py
[2026-04-08T12:58:15.460+0530] {processor.py:914} INFO - Processing file /Users/navalyemul/Documents/uptime/airflow_venv/lib/python3.12/site-packages/airflow/example_dags/example_task_group_decorator.py for tasks to queue
[2026-04-08T12:58:15.460+0530] {logging_mixin.py:190} INFO - [2026-04-08T12:58:15.460+0530] {dagbag.py:588} INFO - Filling up the DagBag from /Users/navalyemul/Documents/uptime/airflow_venv/lib/python3.12/site-packages/airflow/example_dags/example_task_group_decorator.py
[2026-04-08T12:58:15.489+0530] {processor.py:925} INFO - DAG(s) 'example_task_group_decorator' retrieved from /Users/navalyemul/Documents/uptime/airflow_venv/lib/python3.12/site-packages/airflow/example_dags/example_task_group_decorator.py
[2026-04-08T12:58:15.530+0530] {logging_mixin.py:190} INFO - [2026-04-08T12:58:15.530+0530] {dag.py:3239} INFO - Sync 1 DAGs
[2026-04-08T12:58:15.535+0530] {logging_mixin.py:190} INFO - [2026-04-08T12:58:15.535+0530] {dag.py:4180} INFO - Setting next_dagrun for example_task_group_decorator to None, run_after=None
[2026-04-08T12:58:15.544+0530] {processor.py:208} INFO - Processing /Users/navalyemul/Documents/uptime/airflow_venv/lib/python3.12/site-packages/airflow/example_dags/example_task_group_decorator.py took 0.087 seconds
[2026-04-08T12:59:40.203+0530] {processor.py:186} INFO - Started process (PID=25203) to work on /Users/navalyemul/Documents/uptime/airflow_venv/lib/python3.12/site-packages/airflow/example_dags/example_task_group_decorator.py
[2026-04-08T12:59:40.204+0530] {processor.py:914} INFO - Processing file /Users/navalyemul/Documents/uptime/airflow_venv/lib/python3.12/site-packages/airflow/example_dags/example_task_group_decorator.py for tasks to queue
[2026-04-08T12:59:40.205+0530] {logging_mixin.py:190} INFO - [2026-04-08T12:59:40.204+0530] {dagbag.py:588} INFO - Filling up the DagBag from /Users/navalyemul/Documents/uptime/airflow_venv/lib/python3.12/site-packages/airflow/example_dags/example_task_group_decorator.py
[2026-04-08T12:59:40.227+0530] {processor.py:925} INFO - DAG(s) 'example_task_group_decorator' retrieved from /Users/navalyemul/Documents/uptime/airflow_venv/lib/python3.12/site-packages/airflow/example_dags/example_task_group_decorator.py
[2026-04-08T12:59:40.269+0530] {logging_mixin.py:190} INFO - [2026-04-08T12:59:40.269+0530] {dag.py:3239} INFO - Sync 1 DAGs
[2026-04-08T12:59:40.274+0530] {logging_mixin.py:190} INFO - [2026-04-08T12:59:40.274+0530] {dag.py:4180} INFO - Setting next_dagrun for example_task_group_decorator to None, run_after=None
[2026-04-08T12:59:40.281+0530] {processor.py:208} INFO - Processing /Users/navalyemul/Documents/uptime/airflow_venv/lib/python3.12/site-packages/airflow/example_dags/example_task_group_decorator.py took 0.080 seconds
[2026-04-08T13:01:01.732+0530] {processor.py:186} INFO - Started process (PID=26145) to work on /Users/navalyemul/Documents/uptime/airflow_venv/lib/python3.12/site-packages/airflow/example_dags/example_task_group_decorator.py
[2026-04-08T13:01:01.733+0530] {processor.py:914} INFO - Processing file /Users/navalyemul/Documents/uptime/airflow_venv/lib/python3.12/site-packages/airflow/example_dags/example_task_group_decorator.py for tasks to queue
[2026-04-08T13:01:01.734+0530] {logging_mixin.py:190} INFO - [2026-04-08T13:01:01.734+0530] {dagbag.py:588} INFO - Filling up the DagBag from /Users/navalyemul/Documents/uptime/airflow_venv/lib/python3.12/site-packages/airflow/example_dags/example_task_group_decorator.py
[2026-04-08T13:01:01.758+0530] {processor.py:925} INFO - DAG(s) 'example_task_group_decorator' retrieved from /Users/navalyemul/Documents/uptime/airflow_venv/lib/python3.12/site-packages/airflow/example_dags/example_task_group_decorator.py
[2026-04-08T13:01:01.799+0530] {logging_mixin.py:190} INFO - [2026-04-08T13:01:01.799+0530] {dag.py:3239} INFO - Sync 1 DAGs
[2026-04-08T13:01:01.804+0530] {logging_mixin.py:190} INFO - [2026-04-08T13:01:01.803+0530] {dag.py:4180} INFO - Setting next_dagrun for example_task_group_decorator to None, run_after=None
[2026-04-08T13:01:01.812+0530] {processor.py:208} INFO - Processing /Users/navalyemul/Documents/uptime/airflow_venv/lib/python3.12/site-packages/airflow/example_dags/example_task_group_decorator.py took 0.081 seconds
[2026-04-08T13:02:21.143+0530] {processor.py:186} INFO - Started process (PID=27051) to work on /Users/navalyemul/Documents/uptime/airflow_venv/lib/python3.12/site-packages/airflow/example_dags/example_task_group_decorator.py
[2026-04-08T13:02:21.144+0530] {processor.py:914} INFO - Processing file /Users/navalyemul/Documents/uptime/airflow_venv/lib/python3.12/site-packages/airflow/example_dags/example_task_group_decorator.py for tasks to queue
[2026-04-08T13:02:21.145+0530] {logging_mixin.py:190} INFO - [2026-04-08T13:02:21.145+0530] {dagbag.py:588} INFO - Filling up the DagBag from /Users/navalyemul/Documents/uptime/airflow_venv/lib/python3.12/site-packages/airflow/example_dags/example_task_group_decorator.py
[2026-04-08T13:02:21.169+0530] {processor.py:925} INFO - DAG(s) 'example_task_group_decorator' retrieved from /Users/navalyemul/Documents/uptime/airflow_venv/lib/python3.12/site-packages/airflow/example_dags/example_task_group_decorator.py
[2026-04-08T13:02:21.211+0530] {logging_mixin.py:190} INFO - [2026-04-08T13:02:21.211+0530] {dag.py:3239} INFO - Sync 1 DAGs
[2026-04-08T13:02:21.216+0530] {logging_mixin.py:190} INFO - [2026-04-08T13:02:21.215+0530] {dag.py:4180} INFO - Setting next_dagrun for example_task_group_decorator to None, run_after=None
[2026-04-08T13:02:21.223+0530] {processor.py:208} INFO - Processing /Users/navalyemul/Documents/uptime/airflow_venv/lib/python3.12/site-packages/airflow/example_dags/example_task_group_decorator.py took 0.082 seconds
[2026-04-08T13:03:44.549+0530] {processor.py:186} INFO - Started process (PID=28065) to work on /Users/navalyemul/Documents/uptime/airflow_venv/lib/python3.12/site-packages/airflow/example_dags/example_task_group_decorator.py
[2026-04-08T13:03:44.551+0530] {processor.py:914} INFO - Processing file /Users/navalyemul/Documents/uptime/airflow_venv/lib/python3.12/site-packages/airflow/example_dags/example_task_group_decorator.py for tasks to queue
[2026-04-08T13:03:44.551+0530] {logging_mixin.py:190} INFO - [2026-04-08T13:03:44.551+0530] {dagbag.py:588} INFO - Filling up the DagBag from /Users/navalyemul/Documents/uptime/airflow_venv/lib/python3.12/site-packages/airflow/example_dags/example_task_group_decorator.py
[2026-04-08T13:03:44.582+0530] {processor.py:925} INFO - DAG(s) 'example_task_group_decorator' retrieved from /Users/navalyemul/Documents/uptime/airflow_venv/lib/python3.12/site-packages/airflow/example_dags/example_task_group_decorator.py
[2026-04-08T13:03:44.628+0530] {logging_mixin.py:190} INFO - [2026-04-08T13:03:44.628+0530] {dag.py:3239} INFO - Sync 1 DAGs
[2026-04-08T13:03:44.633+0530] {logging_mixin.py:190} INFO - [2026-04-08T13:03:44.633+0530] {dag.py:4180} INFO - Setting next_dagrun for example_task_group_decorator to None, run_after=None
[2026-04-08T13:03:44.643+0530] {processor.py:208} INFO - Processing /Users/navalyemul/Documents/uptime/airflow_venv/lib/python3.12/site-packages/airflow/example_dags/example_task_group_decorator.py took 0.095 seconds
[2026-04-08T13:05:09.981+0530] {processor.py:186} INFO - Started process (PID=29020) to work on /Users/navalyemul/Documents/uptime/airflow_venv/lib/python3.12/site-packages/airflow/example_dags/example_task_group_decorator.py
[2026-04-08T13:05:09.982+0530] {processor.py:914} INFO - Processing file /Users/navalyemul/Documents/uptime/airflow_venv/lib/python3.12/site-packages/airflow/example_dags/example_task_group_decorator.py for tasks to queue
[2026-04-08T13:05:09.982+0530] {logging_mixin.py:190} INFO - [2026-04-08T13:05:09.982+0530] {dagbag.py:588} INFO - Filling up the DagBag from /Users/navalyemul/Documents/uptime/airflow_venv/lib/python3.12/site-packages/airflow/example_dags/example_task_group_decorator.py
[2026-04-08T13:05:10.005+0530] {processor.py:925} INFO - DAG(s) 'example_task_group_decorator' retrieved from /Users/navalyemul/Documents/uptime/airflow_venv/lib/python3.12/site-packages/airflow/example_dags/example_task_group_decorator.py
[2026-04-08T13:05:10.048+0530] {logging_mixin.py:190} INFO - [2026-04-08T13:05:10.048+0530] {dag.py:3239} INFO - Sync 1 DAGs
[2026-04-08T13:05:10.057+0530] {logging_mixin.py:190} INFO - [2026-04-08T13:05:10.057+0530] {dag.py:4180} INFO - Setting next_dagrun for example_task_group_decorator to None, run_after=None
[2026-04-08T13:05:10.066+0530] {processor.py:208} INFO - Processing /Users/navalyemul/Documents/uptime/airflow_venv/lib/python3.12/site-packages/airflow/example_dags/example_task_group_decorator.py took 0.087 seconds
[2026-04-08T13:06:34.601+0530] {processor.py:186} INFO - Started process (PID=29936) to work on /Users/navalyemul/Documents/uptime/airflow_venv/lib/python3.12/site-packages/airflow/example_dags/example_task_group_decorator.py
[2026-04-08T13:06:34.602+0530] {processor.py:914} INFO - Processing file /Users/navalyemul/Documents/uptime/airflow_venv/lib/python3.12/site-packages/airflow/example_dags/example_task_group_decorator.py for tasks to queue
[2026-04-08T13:06:34.602+0530] {logging_mixin.py:190} INFO - [2026-04-08T13:06:34.602+0530] {dagbag.py:588} INFO - Filling up the DagBag from /Users/navalyemul/Documents/uptime/airflow_venv/lib/python3.12/site-packages/airflow/example_dags/example_task_group_decorator.py
[2026-04-08T13:06:34.627+0530] {processor.py:925} INFO - DAG(s) 'example_task_group_decorator' retrieved from /Users/navalyemul/Documents/uptime/airflow_venv/lib/python3.12/site-packages/airflow/example_dags/example_task_group_decorator.py
[2026-04-08T13:06:34.673+0530] {logging_mixin.py:190} INFO - [2026-04-08T13:06:34.673+0530] {dag.py:3239} INFO - Sync 1 DAGs
[2026-04-08T13:06:34.679+0530] {logging_mixin.py:190} INFO - [2026-04-08T13:06:34.678+0530] {dag.py:4180} INFO - Setting next_dagrun for example_task_group_decorator to None, run_after=None
[2026-04-08T13:06:34.689+0530] {processor.py:208} INFO - Processing /Users/navalyemul/Documents/uptime/airflow_venv/lib/python3.12/site-packages/airflow/example_dags/example_task_group_decorator.py took 0.090 seconds
[2026-04-08T13:07:56.867+0530] {processor.py:186} INFO - Started process (PID=30835) to work on /Users/navalyemul/Documents/uptime/airflow_venv/lib/python3.12/site-packages/airflow/example_dags/example_task_group_decorator.py
[2026-04-08T13:07:56.869+0530] {processor.py:914} INFO - Processing file /Users/navalyemul/Documents/uptime/airflow_venv/lib/python3.12/site-packages/airflow/example_dags/example_task_group_decorator.py for tasks to queue
[2026-04-08T13:07:56.870+0530] {logging_mixin.py:190} INFO - [2026-04-08T13:07:56.870+0530] {dagbag.py:588} INFO - Filling up the DagBag from /Users/navalyemul/Documents/uptime/airflow_venv/lib/python3.12/site-packages/airflow/example_dags/example_task_group_decorator.py
[2026-04-08T13:07:56.902+0530] {processor.py:925} INFO - DAG(s) 'example_task_group_decorator' retrieved from /Users/navalyemul/Documents/uptime/airflow_venv/lib/python3.12/site-packages/airflow/example_dags/example_task_group_decorator.py
[2026-04-08T13:07:56.945+0530] {logging_mixin.py:190} INFO - [2026-04-08T13:07:56.945+0530] {dag.py:3239} INFO - Sync 1 DAGs
[2026-04-08T13:07:56.950+0530] {logging_mixin.py:190} INFO - [2026-04-08T13:07:56.950+0530] {dag.py:4180} INFO - Setting next_dagrun for example_task_group_decorator to None, run_after=None
[2026-04-08T13:07:56.959+0530] {processor.py:208} INFO - Processing /Users/navalyemul/Documents/uptime/airflow_venv/lib/python3.12/site-packages/airflow/example_dags/example_task_group_decorator.py took 0.094 seconds
[2026-04-08T13:09:19.583+0530] {processor.py:186} INFO - Started process (PID=31731) to work on /Users/navalyemul/Documents/uptime/airflow_venv/lib/python3.12/site-packages/airflow/example_dags/example_task_group_decorator.py
[2026-04-08T13:09:19.584+0530] {processor.py:914} INFO - Processing file /Users/navalyemul/Documents/uptime/airflow_venv/lib/python3.12/site-packages/airflow/example_dags/example_task_group_decorator.py for tasks to queue
[2026-04-08T13:09:19.585+0530] {logging_mixin.py:190} INFO - [2026-04-08T13:09:19.584+0530] {dagbag.py:588} INFO - Filling up the DagBag from /Users/navalyemul/Documents/uptime/airflow_venv/lib/python3.12/site-packages/airflow/example_dags/example_task_group_decorator.py
[2026-04-08T13:09:19.612+0530] {processor.py:925} INFO - DAG(s) 'example_task_group_decorator' retrieved from /Users/navalyemul/Documents/uptime/airflow_venv/lib/python3.12/site-packages/airflow/example_dags/example_task_group_decorator.py
[2026-04-08T13:09:19.654+0530] {logging_mixin.py:190} INFO - [2026-04-08T13:09:19.654+0530] {dag.py:3239} INFO - Sync 1 DAGs
[2026-04-08T13:09:19.659+0530] {logging_mixin.py:190} INFO - [2026-04-08T13:09:19.659+0530] {dag.py:4180} INFO - Setting next_dagrun for example_task_group_decorator to None, run_after=None
[2026-04-08T13:09:19.669+0530] {processor.py:208} INFO - Processing /Users/navalyemul/Documents/uptime/airflow_venv/lib/python3.12/site-packages/airflow/example_dags/example_task_group_decorator.py took 0.087 seconds
[2026-04-08T13:10:41.045+0530] {processor.py:186} INFO - Started process (PID=32683) to work on /Users/navalyemul/Documents/uptime/airflow_venv/lib/python3.12/site-packages/airflow/example_dags/example_task_group_decorator.py
[2026-04-08T13:10:41.046+0530] {processor.py:914} INFO - Processing file /Users/navalyemul/Documents/uptime/airflow_venv/lib/python3.12/site-packages/airflow/example_dags/example_task_group_decorator.py for tasks to queue
[2026-04-08T13:10:41.046+0530] {logging_mixin.py:190} INFO - [2026-04-08T13:10:41.046+0530] {dagbag.py:588} INFO - Filling up the DagBag from /Users/navalyemul/Documents/uptime/airflow_venv/lib/python3.12/site-packages/airflow/example_dags/example_task_group_decorator.py
[2026-04-08T13:10:41.070+0530] {processor.py:925} INFO - DAG(s) 'example_task_group_decorator' retrieved from /Users/navalyemul/Documents/uptime/airflow_venv/lib/python3.12/site-packages/airflow/example_dags/example_task_group_decorator.py
[2026-04-08T13:10:41.114+0530] {logging_mixin.py:190} INFO - [2026-04-08T13:10:41.114+0530] {dag.py:3239} INFO - Sync 1 DAGs
[2026-04-08T13:10:41.118+0530] {logging_mixin.py:190} INFO - [2026-04-08T13:10:41.118+0530] {dag.py:4180} INFO - Setting next_dagrun for example_task_group_decorator to None, run_after=None
[2026-04-08T13:10:41.130+0530] {processor.py:208} INFO - Processing /Users/navalyemul/Documents/uptime/airflow_venv/lib/python3.12/site-packages/airflow/example_dags/example_task_group_decorator.py took 0.087 seconds
[2026-04-08T13:12:05.149+0530] {processor.py:186} INFO - Started process (PID=33608) to work on /Users/navalyemul/Documents/uptime/airflow_venv/lib/python3.12/site-packages/airflow/example_dags/example_task_group_decorator.py
[2026-04-08T13:12:05.150+0530] {processor.py:914} INFO - Processing file /Users/navalyemul/Documents/uptime/airflow_venv/lib/python3.12/site-packages/airflow/example_dags/example_task_group_decorator.py for tasks to queue
[2026-04-08T13:12:05.151+0530] {logging_mixin.py:190} INFO - [2026-04-08T13:12:05.151+0530] {dagbag.py:588} INFO - Filling up the DagBag from /Users/navalyemul/Documents/uptime/airflow_venv/lib/python3.12/site-packages/airflow/example_dags/example_task_group_decorator.py
[2026-04-08T13:12:05.176+0530] {processor.py:925} INFO - DAG(s) 'example_task_group_decorator' retrieved from /Users/navalyemul/Documents/uptime/airflow_venv/lib/python3.12/site-packages/airflow/example_dags/example_task_group_decorator.py
[2026-04-08T13:12:05.219+0530] {logging_mixin.py:190} INFO - [2026-04-08T13:12:05.219+0530] {dag.py:3239} INFO - Sync 1 DAGs
[2026-04-08T13:12:05.224+0530] {logging_mixin.py:190} INFO - [2026-04-08T13:12:05.224+0530] {dag.py:4180} INFO - Setting next_dagrun for example_task_group_decorator to None, run_after=None
[2026-04-08T13:12:05.235+0530] {processor.py:208} INFO - Processing /Users/navalyemul/Documents/uptime/airflow_venv/lib/python3.12/site-packages/airflow/example_dags/example_task_group_decorator.py took 0.087 seconds
[2026-04-08T13:13:27.666+0530] {processor.py:186} INFO - Started process (PID=34529) to work on /Users/navalyemul/Documents/uptime/airflow_venv/lib/python3.12/site-packages/airflow/example_dags/example_task_group_decorator.py
[2026-04-08T13:13:27.667+0530] {processor.py:914} INFO - Processing file /Users/navalyemul/Documents/uptime/airflow_venv/lib/python3.12/site-packages/airflow/example_dags/example_task_group_decorator.py for tasks to queue
[2026-04-08T13:13:27.667+0530] {logging_mixin.py:190} INFO - [2026-04-08T13:13:27.667+0530] {dagbag.py:588} INFO - Filling up the DagBag from /Users/navalyemul/Documents/uptime/airflow_venv/lib/python3.12/site-packages/airflow/example_dags/example_task_group_decorator.py
[2026-04-08T13:13:27.691+0530] {processor.py:925} INFO - DAG(s) 'example_task_group_decorator' retrieved from /Users/navalyemul/Documents/uptime/airflow_venv/lib/python3.12/site-packages/airflow/example_dags/example_task_group_decorator.py
[2026-04-08T13:13:27.735+0530] {logging_mixin.py:190} INFO - [2026-04-08T13:13:27.735+0530] {dag.py:3239} INFO - Sync 1 DAGs
[2026-04-08T13:13:27.739+0530] {logging_mixin.py:190} INFO - [2026-04-08T13:13:27.739+0530] {dag.py:4180} INFO - Setting next_dagrun for example_task_group_decorator to None, run_after=None
[2026-04-08T13:13:27.748+0530] {processor.py:208} INFO - Processing /Users/navalyemul/Documents/uptime/airflow_venv/lib/python3.12/site-packages/airflow/example_dags/example_task_group_decorator.py took 0.083 seconds
[2026-04-08T13:14:50.877+0530] {processor.py:186} INFO - Started process (PID=35465) to work on /Users/navalyemul/Documents/uptime/airflow_venv/lib/python3.12/site-packages/airflow/example_dags/example_task_group_decorator.py
[2026-04-08T13:14:50.877+0530] {processor.py:914} INFO - Processing file /Users/navalyemul/Documents/uptime/airflow_venv/lib/python3.12/site-packages/airflow/example_dags/example_task_group_decorator.py for tasks to queue
[2026-04-08T13:14:50.878+0530] {logging_mixin.py:190} INFO - [2026-04-08T13:14:50.878+0530] {dagbag.py:588} INFO - Filling up the DagBag from /Users/navalyemul/Documents/uptime/airflow_venv/lib/python3.12/site-packages/airflow/example_dags/example_task_group_decorator.py
[2026-04-08T13:14:50.908+0530] {processor.py:925} INFO - DAG(s) 'example_task_group_decorator' retrieved from /Users/navalyemul/Documents/uptime/airflow_venv/lib/python3.12/site-packages/airflow/example_dags/example_task_group_decorator.py
[2026-04-08T13:14:50.952+0530] {logging_mixin.py:190} INFO - [2026-04-08T13:14:50.951+0530] {dag.py:3239} INFO - Sync 1 DAGs
[2026-04-08T13:14:50.957+0530] {logging_mixin.py:190} INFO - [2026-04-08T13:14:50.957+0530] {dag.py:4180} INFO - Setting next_dagrun for example_task_group_decorator to None, run_after=None
[2026-04-08T13:14:50.965+0530] {processor.py:208} INFO - Processing /Users/navalyemul/Documents/uptime/airflow_venv/lib/python3.12/site-packages/airflow/example_dags/example_task_group_decorator.py took 0.091 seconds
[2026-04-08T13:16:15.308+0530] {processor.py:186} INFO - Started process (PID=36429) to work on /Users/navalyemul/Documents/uptime/airflow_venv/lib/python3.12/site-packages/airflow/example_dags/example_task_group_decorator.py
[2026-04-08T13:16:15.308+0530] {processor.py:914} INFO - Processing file /Users/navalyemul/Documents/uptime/airflow_venv/lib/python3.12/site-packages/airflow/example_dags/example_task_group_decorator.py for tasks to queue
[2026-04-08T13:16:15.309+0530] {logging_mixin.py:190} INFO - [2026-04-08T13:16:15.309+0530] {dagbag.py:588} INFO - Filling up the DagBag from /Users/navalyemul/Documents/uptime/airflow_venv/lib/python3.12/site-packages/airflow/example_dags/example_task_group_decorator.py
[2026-04-08T13:16:15.333+0530] {processor.py:925} INFO - DAG(s) 'example_task_group_decorator' retrieved from /Users/navalyemul/Documents/uptime/airflow_venv/lib/python3.12/site-packages/airflow/example_dags/example_task_group_decorator.py
[2026-04-08T13:16:15.374+0530] {logging_mixin.py:190} INFO - [2026-04-08T13:16:15.374+0530] {dag.py:3239} INFO - Sync 1 DAGs
[2026-04-08T13:16:15.379+0530] {logging_mixin.py:190} INFO - [2026-04-08T13:16:15.379+0530] {dag.py:4180} INFO - Setting next_dagrun for example_task_group_decorator to None, run_after=None
[2026-04-08T13:16:15.387+0530] {processor.py:208} INFO - Processing /Users/navalyemul/Documents/uptime/airflow_venv/lib/python3.12/site-packages/airflow/example_dags/example_task_group_decorator.py took 0.081 seconds
[2026-04-08T13:17:38.076+0530] {processor.py:186} INFO - Started process (PID=37352) to work on /Users/navalyemul/Documents/uptime/airflow_venv/lib/python3.12/site-packages/airflow/example_dags/example_task_group_decorator.py
[2026-04-08T13:17:38.078+0530] {processor.py:914} INFO - Processing file /Users/navalyemul/Documents/uptime/airflow_venv/lib/python3.12/site-packages/airflow/example_dags/example_task_group_decorator.py for tasks to queue
[2026-04-08T13:17:38.079+0530] {logging_mixin.py:190} INFO - [2026-04-08T13:17:38.079+0530] {dagbag.py:588} INFO - Filling up the DagBag from /Users/navalyemul/Documents/uptime/airflow_venv/lib/python3.12/site-packages/airflow/example_dags/example_task_group_decorator.py
[2026-04-08T13:17:38.101+0530] {processor.py:925} INFO - DAG(s) 'example_task_group_decorator' retrieved from /Users/navalyemul/Documents/uptime/airflow_venv/lib/python3.12/site-packages/airflow/example_dags/example_task_group_decorator.py
[2026-04-08T13:17:38.144+0530] {logging_mixin.py:190} INFO - [2026-04-08T13:17:38.143+0530] {dag.py:3239} INFO - Sync 1 DAGs
[2026-04-08T13:17:38.148+0530] {logging_mixin.py:190} INFO - [2026-04-08T13:17:38.148+0530] {dag.py:4180} INFO - Setting next_dagrun for example_task_group_decorator to None, run_after=None
[2026-04-08T13:17:38.156+0530] {processor.py:208} INFO - Processing /Users/navalyemul/Documents/uptime/airflow_venv/lib/python3.12/site-packages/airflow/example_dags/example_task_group_decorator.py took 0.082 seconds
[2026-04-08T13:19:07.970+0530] {processor.py:186} INFO - Started process (PID=38309) to work on /Users/navalyemul/Documents/uptime/airflow_venv/lib/python3.12/site-packages/airflow/example_dags/example_task_group_decorator.py
[2026-04-08T13:19:07.971+0530] {processor.py:914} INFO - Processing file /Users/navalyemul/Documents/uptime/airflow_venv/lib/python3.12/site-packages/airflow/example_dags/example_task_group_decorator.py for tasks to queue
[2026-04-08T13:19:07.971+0530] {logging_mixin.py:190} INFO - [2026-04-08T13:19:07.971+0530] {dagbag.py:588} INFO - Filling up the DagBag from /Users/navalyemul/Documents/uptime/airflow_venv/lib/python3.12/site-packages/airflow/example_dags/example_task_group_decorator.py
[2026-04-08T13:19:07.998+0530] {processor.py:925} INFO - DAG(s) 'example_task_group_decorator' retrieved from /Users/navalyemul/Documents/uptime/airflow_venv/lib/python3.12/site-packages/airflow/example_dags/example_task_group_decorator.py
[2026-04-08T13:19:08.040+0530] {logging_mixin.py:190} INFO - [2026-04-08T13:19:08.039+0530] {dag.py:3239} INFO - Sync 1 DAGs
[2026-04-08T13:19:08.045+0530] {logging_mixin.py:190} INFO - [2026-04-08T13:19:08.045+0530] {dag.py:4180} INFO - Setting next_dagrun for example_task_group_decorator to None, run_after=None
[2026-04-08T13:19:08.054+0530] {processor.py:208} INFO - Processing /Users/navalyemul/Documents/uptime/airflow_venv/lib/python3.12/site-packages/airflow/example_dags/example_task_group_decorator.py took 0.085 seconds
[2026-04-08T13:28:41.461+0530] {processor.py:186} INFO - Started process (PID=39257) to work on /Users/navalyemul/Documents/uptime/airflow_venv/lib/python3.12/site-packages/airflow/example_dags/example_task_group_decorator.py
[2026-04-08T13:28:41.462+0530] {processor.py:914} INFO - Processing file /Users/navalyemul/Documents/uptime/airflow_venv/lib/python3.12/site-packages/airflow/example_dags/example_task_group_decorator.py for tasks to queue
[2026-04-08T13:28:41.463+0530] {logging_mixin.py:190} INFO - [2026-04-08T13:28:41.463+0530] {dagbag.py:588} INFO - Filling up the DagBag from /Users/navalyemul/Documents/uptime/airflow_venv/lib/python3.12/site-packages/airflow/example_dags/example_task_group_decorator.py
[2026-04-08T13:28:41.490+0530] {processor.py:925} INFO - DAG(s) 'example_task_group_decorator' retrieved from /Users/navalyemul/Documents/uptime/airflow_venv/lib/python3.12/site-packages/airflow/example_dags/example_task_group_decorator.py
[2026-04-08T13:28:41.534+0530] {logging_mixin.py:190} INFO - [2026-04-08T13:28:41.534+0530] {dag.py:3239} INFO - Sync 1 DAGs
[2026-04-08T13:28:41.539+0530] {logging_mixin.py:190} INFO - [2026-04-08T13:28:41.539+0530] {dag.py:4180} INFO - Setting next_dagrun for example_task_group_decorator to None, run_after=None
[2026-04-08T13:28:41.547+0530] {processor.py:208} INFO - Processing /Users/navalyemul/Documents/uptime/airflow_venv/lib/python3.12/site-packages/airflow/example_dags/example_task_group_decorator.py took 0.087 seconds
[2026-04-08T13:33:41.956+0530] {processor.py:186} INFO - Started process (PID=40217) to work on /Users/navalyemul/Documents/uptime/airflow_venv/lib/python3.12/site-packages/airflow/example_dags/example_task_group_decorator.py
[2026-04-08T13:33:41.958+0530] {processor.py:914} INFO - Processing file /Users/navalyemul/Documents/uptime/airflow_venv/lib/python3.12/site-packages/airflow/example_dags/example_task_group_decorator.py for tasks to queue
[2026-04-08T13:33:41.958+0530] {logging_mixin.py:190} INFO - [2026-04-08T13:33:41.958+0530] {dagbag.py:588} INFO - Filling up the DagBag from /Users/navalyemul/Documents/uptime/airflow_venv/lib/python3.12/site-packages/airflow/example_dags/example_task_group_decorator.py
[2026-04-08T13:33:41.987+0530] {processor.py:925} INFO - DAG(s) 'example_task_group_decorator' retrieved from /Users/navalyemul/Documents/uptime/airflow_venv/lib/python3.12/site-packages/airflow/example_dags/example_task_group_decorator.py
[2026-04-08T13:33:42.036+0530] {logging_mixin.py:190} INFO - [2026-04-08T13:33:42.035+0530] {dag.py:3239} INFO - Sync 1 DAGs
[2026-04-08T13:33:42.041+0530] {logging_mixin.py:190} INFO - [2026-04-08T13:33:42.041+0530] {dag.py:4180} INFO - Setting next_dagrun for example_task_group_decorator to None, run_after=None
[2026-04-08T13:33:42.051+0530] {processor.py:208} INFO - Processing /Users/navalyemul/Documents/uptime/airflow_venv/lib/python3.12/site-packages/airflow/example_dags/example_task_group_decorator.py took 0.096 seconds
[2026-04-08T13:35:21.842+0530] {processor.py:186} INFO - Started process (PID=41384) to work on /Users/navalyemul/Documents/uptime/airflow_venv/lib/python3.12/site-packages/airflow/example_dags/example_task_group_decorator.py
[2026-04-08T13:35:21.843+0530] {processor.py:914} INFO - Processing file /Users/navalyemul/Documents/uptime/airflow_venv/lib/python3.12/site-packages/airflow/example_dags/example_task_group_decorator.py for tasks to queue
[2026-04-08T13:35:21.843+0530] {logging_mixin.py:190} INFO - [2026-04-08T13:35:21.843+0530] {dagbag.py:588} INFO - Filling up the DagBag from /Users/navalyemul/Documents/uptime/airflow_venv/lib/python3.12/site-packages/airflow/example_dags/example_task_group_decorator.py
[2026-04-08T13:35:21.866+0530] {processor.py:925} INFO - DAG(s) 'example_task_group_decorator' retrieved from /Users/navalyemul/Documents/uptime/airflow_venv/lib/python3.12/site-packages/airflow/example_dags/example_task_group_decorator.py
[2026-04-08T13:35:21.908+0530] {logging_mixin.py:190} INFO - [2026-04-08T13:35:21.908+0530] {dag.py:3239} INFO - Sync 1 DAGs
[2026-04-08T13:35:21.912+0530] {logging_mixin.py:190} INFO - [2026-04-08T13:35:21.912+0530] {dag.py:4180} INFO - Setting next_dagrun for example_task_group_decorator to None, run_after=None
[2026-04-08T13:35:21.919+0530] {processor.py:208} INFO - Processing /Users/navalyemul/Documents/uptime/airflow_venv/lib/python3.12/site-packages/airflow/example_dags/example_task_group_decorator.py took 0.079 seconds
[2026-04-08T13:41:45.437+0530] {processor.py:186} INFO - Started process (PID=42314) to work on /Users/navalyemul/Documents/uptime/airflow_venv/lib/python3.12/site-packages/airflow/example_dags/example_task_group_decorator.py
[2026-04-08T13:41:45.438+0530] {processor.py:914} INFO - Processing file /Users/navalyemul/Documents/uptime/airflow_venv/lib/python3.12/site-packages/airflow/example_dags/example_task_group_decorator.py for tasks to queue
[2026-04-08T13:41:45.438+0530] {logging_mixin.py:190} INFO - [2026-04-08T13:41:45.438+0530] {dagbag.py:588} INFO - Filling up the DagBag from /Users/navalyemul/Documents/uptime/airflow_venv/lib/python3.12/site-packages/airflow/example_dags/example_task_group_decorator.py
[2026-04-08T13:41:45.461+0530] {processor.py:925} INFO - DAG(s) 'example_task_group_decorator' retrieved from /Users/navalyemul/Documents/uptime/airflow_venv/lib/python3.12/site-packages/airflow/example_dags/example_task_group_decorator.py
[2026-04-08T13:41:45.502+0530] {logging_mixin.py:190} INFO - [2026-04-08T13:41:45.502+0530] {dag.py:3239} INFO - Sync 1 DAGs
[2026-04-08T13:41:45.507+0530] {logging_mixin.py:190} INFO - [2026-04-08T13:41:45.507+0530] {dag.py:4180} INFO - Setting next_dagrun for example_task_group_decorator to None, run_after=None
[2026-04-08T13:41:45.514+0530] {processor.py:208} INFO - Processing /Users/navalyemul/Documents/uptime/airflow_venv/lib/python3.12/site-packages/airflow/example_dags/example_task_group_decorator.py took 0.079 seconds
[2026-04-08T13:54:30.706+0530] {processor.py:186} INFO - Started process (PID=43494) to work on /Users/navalyemul/Documents/uptime/airflow_venv/lib/python3.12/site-packages/airflow/example_dags/example_task_group_decorator.py
[2026-04-08T13:54:30.707+0530] {processor.py:914} INFO - Processing file /Users/navalyemul/Documents/uptime/airflow_venv/lib/python3.12/site-packages/airflow/example_dags/example_task_group_decorator.py for tasks to queue
[2026-04-08T13:54:30.708+0530] {logging_mixin.py:190} INFO - [2026-04-08T13:54:30.708+0530] {dagbag.py:588} INFO - Filling up the DagBag from /Users/navalyemul/Documents/uptime/airflow_venv/lib/python3.12/site-packages/airflow/example_dags/example_task_group_decorator.py
[2026-04-08T13:54:30.731+0530] {processor.py:925} INFO - DAG(s) 'example_task_group_decorator' retrieved from /Users/navalyemul/Documents/uptime/airflow_venv/lib/python3.12/site-packages/airflow/example_dags/example_task_group_decorator.py
[2026-04-08T13:54:30.772+0530] {logging_mixin.py:190} INFO - [2026-04-08T13:54:30.772+0530] {dag.py:3239} INFO - Sync 1 DAGs
[2026-04-08T13:54:30.776+0530] {logging_mixin.py:190} INFO - [2026-04-08T13:54:30.776+0530] {dag.py:4180} INFO - Setting next_dagrun for example_task_group_decorator to None, run_after=None
[2026-04-08T13:54:30.785+0530] {processor.py:208} INFO - Processing /Users/navalyemul/Documents/uptime/airflow_venv/lib/python3.12/site-packages/airflow/example_dags/example_task_group_decorator.py took 0.080 seconds
[2026-04-08T13:56:25.708+0530] {processor.py:186} INFO - Started process (PID=44576) to work on /Users/navalyemul/Documents/uptime/airflow_venv/lib/python3.12/site-packages/airflow/example_dags/example_task_group_decorator.py
[2026-04-08T13:56:25.709+0530] {processor.py:914} INFO - Processing file /Users/navalyemul/Documents/uptime/airflow_venv/lib/python3.12/site-packages/airflow/example_dags/example_task_group_decorator.py for tasks to queue
[2026-04-08T13:56:25.710+0530] {logging_mixin.py:190} INFO - [2026-04-08T13:56:25.710+0530] {dagbag.py:588} INFO - Filling up the DagBag from /Users/navalyemul/Documents/uptime/airflow_venv/lib/python3.12/site-packages/airflow/example_dags/example_task_group_decorator.py
[2026-04-08T13:56:25.742+0530] {processor.py:925} INFO - DAG(s) 'example_task_group_decorator' retrieved from /Users/navalyemul/Documents/uptime/airflow_venv/lib/python3.12/site-packages/airflow/example_dags/example_task_group_decorator.py
[2026-04-08T13:56:25.788+0530] {logging_mixin.py:190} INFO - [2026-04-08T13:56:25.788+0530] {dag.py:3239} INFO - Sync 1 DAGs
[2026-04-08T13:56:25.794+0530] {logging_mixin.py:190} INFO - [2026-04-08T13:56:25.794+0530] {dag.py:4180} INFO - Setting next_dagrun for example_task_group_decorator to None, run_after=None
[2026-04-08T13:56:25.804+0530] {processor.py:208} INFO - Processing /Users/navalyemul/Documents/uptime/airflow_venv/lib/python3.12/site-packages/airflow/example_dags/example_task_group_decorator.py took 0.098 seconds
[2026-04-08T13:58:06.346+0530] {processor.py:186} INFO - Started process (PID=45610) to work on /Users/navalyemul/Documents/uptime/airflow_venv/lib/python3.12/site-packages/airflow/example_dags/example_task_group_decorator.py
[2026-04-08T13:58:06.347+0530] {processor.py:914} INFO - Processing file /Users/navalyemul/Documents/uptime/airflow_venv/lib/python3.12/site-packages/airflow/example_dags/example_task_group_decorator.py for tasks to queue
[2026-04-08T13:58:06.348+0530] {logging_mixin.py:190} INFO - [2026-04-08T13:58:06.348+0530] {dagbag.py:588} INFO - Filling up the DagBag from /Users/navalyemul/Documents/uptime/airflow_venv/lib/python3.12/site-packages/airflow/example_dags/example_task_group_decorator.py
[2026-04-08T13:58:06.378+0530] {processor.py:925} INFO - DAG(s) 'example_task_group_decorator' retrieved from /Users/navalyemul/Documents/uptime/airflow_venv/lib/python3.12/site-packages/airflow/example_dags/example_task_group_decorator.py
[2026-04-08T13:58:06.426+0530] {logging_mixin.py:190} INFO - [2026-04-08T13:58:06.426+0530] {dag.py:3239} INFO - Sync 1 DAGs
[2026-04-08T13:58:06.431+0530] {logging_mixin.py:190} INFO - [2026-04-08T13:58:06.431+0530] {dag.py:4180} INFO - Setting next_dagrun for example_task_group_decorator to None, run_after=None
[2026-04-08T13:58:06.441+0530] {processor.py:208} INFO - Processing /Users/navalyemul/Documents/uptime/airflow_venv/lib/python3.12/site-packages/airflow/example_dags/example_task_group_decorator.py took 0.097 seconds
