[2026-04-08T12:44:51.513+0530] {processor.py:186} INFO - Started process (PID=16184) to work on /Users/navalyemul/Documents/uptime/airflow_venv/lib/python3.12/site-packages/airflow/example_dags/example_outlet_event_extra.py
[2026-04-08T12:44:51.514+0530] {processor.py:914} INFO - Processing file /Users/navalyemul/Documents/uptime/airflow_venv/lib/python3.12/site-packages/airflow/example_dags/example_outlet_event_extra.py for tasks to queue
[2026-04-08T12:44:51.516+0530] {logging_mixin.py:190} INFO - [2026-04-08T12:44:51.515+0530] {dagbag.py:588} INFO - Filling up the DagBag from /Users/navalyemul/Documents/uptime/airflow_venv/lib/python3.12/site-packages/airflow/example_dags/example_outlet_event_extra.py
[2026-04-08T12:44:51.582+0530] {processor.py:925} INFO - DAG(s) 'dataset_with_extra_by_yield', 'dataset_with_extra_from_classic_operator', 'dataset_with_extra_by_context' retrieved from /Users/navalyemul/Documents/uptime/airflow_venv/lib/python3.12/site-packages/airflow/example_dags/example_outlet_event_extra.py
[2026-04-08T12:44:51.718+0530] {logging_mixin.py:190} INFO - [2026-04-08T12:44:51.717+0530] {override.py:1912} INFO - Created Permission View: can read on DAG:dataset_with_extra_by_yield
[2026-04-08T12:44:51.726+0530] {logging_mixin.py:190} INFO - [2026-04-08T12:44:51.726+0530] {override.py:1912} INFO - Created Permission View: can edit on DAG:dataset_with_extra_by_yield
[2026-04-08T12:44:51.730+0530] {logging_mixin.py:190} INFO - [2026-04-08T12:44:51.730+0530] {override.py:1912} INFO - Created Permission View: can delete on DAG:dataset_with_extra_by_yield
[2026-04-08T12:44:51.735+0530] {logging_mixin.py:190} INFO - [2026-04-08T12:44:51.735+0530] {override.py:1912} INFO - Created Permission View: can read on DAG Run:dataset_with_extra_by_yield
[2026-04-08T12:44:51.739+0530] {logging_mixin.py:190} INFO - [2026-04-08T12:44:51.739+0530] {override.py:1912} INFO - Created Permission View: menu access on DAG Run:dataset_with_extra_by_yield
[2026-04-08T12:44:51.742+0530] {logging_mixin.py:190} INFO - [2026-04-08T12:44:51.742+0530] {override.py:1912} INFO - Created Permission View: can create on DAG Run:dataset_with_extra_by_yield
[2026-04-08T12:44:51.745+0530] {logging_mixin.py:190} INFO - [2026-04-08T12:44:51.745+0530] {override.py:1912} INFO - Created Permission View: can delete on DAG Run:dataset_with_extra_by_yield
[2026-04-08T12:44:51.752+0530] {logging_mixin.py:190} INFO - [2026-04-08T12:44:51.752+0530] {override.py:1912} INFO - Created Permission View: can read on DAG:dataset_with_extra_from_classic_operator
[2026-04-08T12:44:51.756+0530] {logging_mixin.py:190} INFO - [2026-04-08T12:44:51.755+0530] {override.py:1912} INFO - Created Permission View: can edit on DAG:dataset_with_extra_from_classic_operator
[2026-04-08T12:44:51.759+0530] {logging_mixin.py:190} INFO - [2026-04-08T12:44:51.759+0530] {override.py:1912} INFO - Created Permission View: can delete on DAG:dataset_with_extra_from_classic_operator
[2026-04-08T12:44:51.763+0530] {logging_mixin.py:190} INFO - [2026-04-08T12:44:51.763+0530] {override.py:1912} INFO - Created Permission View: can read on DAG Run:dataset_with_extra_from_classic_operator
[2026-04-08T12:44:51.765+0530] {logging_mixin.py:190} INFO - [2026-04-08T12:44:51.765+0530] {override.py:1912} INFO - Created Permission View: menu access on DAG Run:dataset_with_extra_from_classic_operator
[2026-04-08T12:44:51.768+0530] {logging_mixin.py:190} INFO - [2026-04-08T12:44:51.768+0530] {override.py:1912} INFO - Created Permission View: can create on DAG Run:dataset_with_extra_from_classic_operator
[2026-04-08T12:44:51.773+0530] {logging_mixin.py:190} INFO - [2026-04-08T12:44:51.773+0530] {override.py:1912} INFO - Created Permission View: can delete on DAG Run:dataset_with_extra_from_classic_operator
[2026-04-08T12:44:51.779+0530] {logging_mixin.py:190} INFO - [2026-04-08T12:44:51.779+0530] {override.py:1912} INFO - Created Permission View: can read on DAG:dataset_with_extra_by_context
[2026-04-08T12:44:51.782+0530] {logging_mixin.py:190} INFO - [2026-04-08T12:44:51.782+0530] {override.py:1912} INFO - Created Permission View: can edit on DAG:dataset_with_extra_by_context
[2026-04-08T12:44:51.789+0530] {logging_mixin.py:190} INFO - [2026-04-08T12:44:51.789+0530] {override.py:1912} INFO - Created Permission View: can delete on DAG:dataset_with_extra_by_context
[2026-04-08T12:44:51.796+0530] {logging_mixin.py:190} INFO - [2026-04-08T12:44:51.795+0530] {override.py:1912} INFO - Created Permission View: can read on DAG Run:dataset_with_extra_by_context
[2026-04-08T12:44:51.798+0530] {logging_mixin.py:190} INFO - [2026-04-08T12:44:51.798+0530] {override.py:1912} INFO - Created Permission View: menu access on DAG Run:dataset_with_extra_by_context
[2026-04-08T12:44:51.801+0530] {logging_mixin.py:190} INFO - [2026-04-08T12:44:51.801+0530] {override.py:1912} INFO - Created Permission View: can create on DAG Run:dataset_with_extra_by_context
[2026-04-08T12:44:51.805+0530] {logging_mixin.py:190} INFO - [2026-04-08T12:44:51.804+0530] {override.py:1912} INFO - Created Permission View: can delete on DAG Run:dataset_with_extra_by_context
[2026-04-08T12:44:51.805+0530] {logging_mixin.py:190} INFO - [2026-04-08T12:44:51.805+0530] {dag.py:3239} INFO - Sync 3 DAGs
[2026-04-08T12:44:51.875+0530] {logging_mixin.py:190} INFO - [2026-04-08T12:44:51.875+0530] {dag.py:3262} INFO - Creating ORM DAG for dataset_with_extra_from_classic_operator
[2026-04-08T12:44:51.876+0530] {logging_mixin.py:190} INFO - [2026-04-08T12:44:51.876+0530] {dag.py:3262} INFO - Creating ORM DAG for dataset_with_extra_by_yield
[2026-04-08T12:44:51.877+0530] {logging_mixin.py:190} INFO - [2026-04-08T12:44:51.877+0530] {dag.py:3262} INFO - Creating ORM DAG for dataset_with_extra_by_context
[2026-04-08T12:44:51.886+0530] {logging_mixin.py:190} INFO - [2026-04-08T12:44:51.886+0530] {dag.py:4180} INFO - Setting next_dagrun for dataset_with_extra_by_context to 2026-04-07 00:00:00+00:00, run_after=2026-04-08 00:00:00+00:00
[2026-04-08T12:44:51.888+0530] {logging_mixin.py:190} INFO - [2026-04-08T12:44:51.888+0530] {dag.py:4180} INFO - Setting next_dagrun for dataset_with_extra_by_yield to 2026-04-07 00:00:00+00:00, run_after=2026-04-08 00:00:00+00:00
[2026-04-08T12:44:51.891+0530] {logging_mixin.py:190} INFO - [2026-04-08T12:44:51.891+0530] {dag.py:4180} INFO - Setting next_dagrun for dataset_with_extra_from_classic_operator to 2026-04-07 00:00:00+00:00, run_after=2026-04-08 00:00:00+00:00
[2026-04-08T12:44:51.905+0530] {logging_mixin.py:190} INFO - [2026-04-08T12:44:51.905+0530] {workday.py:41} WARNING - Could not import pandas. Holidays will not be considered.
[2026-04-08T12:44:51.915+0530] {processor.py:208} INFO - Processing /Users/navalyemul/Documents/uptime/airflow_venv/lib/python3.12/site-packages/airflow/example_dags/example_outlet_event_extra.py took 0.406 seconds
[2026-04-08T12:47:20.023+0530] {processor.py:186} INFO - Started process (PID=17700) to work on /Users/navalyemul/Documents/uptime/airflow_venv/lib/python3.12/site-packages/airflow/example_dags/example_outlet_event_extra.py
[2026-04-08T12:47:20.023+0530] {processor.py:914} INFO - Processing file /Users/navalyemul/Documents/uptime/airflow_venv/lib/python3.12/site-packages/airflow/example_dags/example_outlet_event_extra.py for tasks to queue
[2026-04-08T12:47:20.024+0530] {logging_mixin.py:190} INFO - [2026-04-08T12:47:20.024+0530] {dagbag.py:588} INFO - Filling up the DagBag from /Users/navalyemul/Documents/uptime/airflow_venv/lib/python3.12/site-packages/airflow/example_dags/example_outlet_event_extra.py
[2026-04-08T12:47:20.072+0530] {processor.py:925} INFO - DAG(s) 'dataset_with_extra_by_yield', 'dataset_with_extra_by_context', 'dataset_with_extra_from_classic_operator' retrieved from /Users/navalyemul/Documents/uptime/airflow_venv/lib/python3.12/site-packages/airflow/example_dags/example_outlet_event_extra.py
[2026-04-08T12:47:20.113+0530] {logging_mixin.py:190} INFO - [2026-04-08T12:47:20.113+0530] {dag.py:3239} INFO - Sync 3 DAGs
[2026-04-08T12:47:20.122+0530] {logging_mixin.py:190} INFO - [2026-04-08T12:47:20.121+0530] {dag.py:4180} INFO - Setting next_dagrun for dataset_with_extra_by_context to 2026-04-07 00:00:00+00:00, run_after=2026-04-08 00:00:00+00:00
[2026-04-08T12:47:20.124+0530] {logging_mixin.py:190} INFO - [2026-04-08T12:47:20.124+0530] {dag.py:4180} INFO - Setting next_dagrun for dataset_with_extra_by_yield to 2026-04-07 00:00:00+00:00, run_after=2026-04-08 00:00:00+00:00
[2026-04-08T12:47:20.124+0530] {logging_mixin.py:190} INFO - [2026-04-08T12:47:20.124+0530] {dag.py:4180} INFO - Setting next_dagrun for dataset_with_extra_from_classic_operator to 2026-04-07 00:00:00+00:00, run_after=2026-04-08 00:00:00+00:00
[2026-04-08T12:47:20.134+0530] {processor.py:208} INFO - Processing /Users/navalyemul/Documents/uptime/airflow_venv/lib/python3.12/site-packages/airflow/example_dags/example_outlet_event_extra.py took 0.113 seconds
[2026-04-08T12:49:14.797+0530] {processor.py:186} INFO - Started process (PID=19024) to work on /Users/navalyemul/Documents/uptime/airflow_venv/lib/python3.12/site-packages/airflow/example_dags/example_outlet_event_extra.py
[2026-04-08T12:49:14.798+0530] {processor.py:914} INFO - Processing file /Users/navalyemul/Documents/uptime/airflow_venv/lib/python3.12/site-packages/airflow/example_dags/example_outlet_event_extra.py for tasks to queue
[2026-04-08T12:49:14.799+0530] {logging_mixin.py:190} INFO - [2026-04-08T12:49:14.798+0530] {dagbag.py:588} INFO - Filling up the DagBag from /Users/navalyemul/Documents/uptime/airflow_venv/lib/python3.12/site-packages/airflow/example_dags/example_outlet_event_extra.py
[2026-04-08T12:49:14.848+0530] {processor.py:925} INFO - DAG(s) 'dataset_with_extra_from_classic_operator', 'dataset_with_extra_by_context', 'dataset_with_extra_by_yield' retrieved from /Users/navalyemul/Documents/uptime/airflow_venv/lib/python3.12/site-packages/airflow/example_dags/example_outlet_event_extra.py
[2026-04-08T12:49:14.890+0530] {logging_mixin.py:190} INFO - [2026-04-08T12:49:14.890+0530] {dag.py:3239} INFO - Sync 3 DAGs
[2026-04-08T12:49:14.899+0530] {logging_mixin.py:190} INFO - [2026-04-08T12:49:14.898+0530] {dag.py:4180} INFO - Setting next_dagrun for dataset_with_extra_by_context to 2026-04-07 00:00:00+00:00, run_after=2026-04-08 00:00:00+00:00
[2026-04-08T12:49:14.900+0530] {logging_mixin.py:190} INFO - [2026-04-08T12:49:14.900+0530] {dag.py:4180} INFO - Setting next_dagrun for dataset_with_extra_by_yield to 2026-04-07 00:00:00+00:00, run_after=2026-04-08 00:00:00+00:00
[2026-04-08T12:49:14.901+0530] {logging_mixin.py:190} INFO - [2026-04-08T12:49:14.901+0530] {dag.py:4180} INFO - Setting next_dagrun for dataset_with_extra_from_classic_operator to 2026-04-07 00:00:00+00:00, run_after=2026-04-08 00:00:00+00:00
[2026-04-08T12:49:14.911+0530] {processor.py:208} INFO - Processing /Users/navalyemul/Documents/uptime/airflow_venv/lib/python3.12/site-packages/airflow/example_dags/example_outlet_event_extra.py took 0.116 seconds
[2026-04-08T12:52:11.049+0530] {processor.py:186} INFO - Started process (PID=20916) to work on /Users/navalyemul/Documents/uptime/airflow_venv/lib/python3.12/site-packages/airflow/example_dags/example_outlet_event_extra.py
[2026-04-08T12:52:11.050+0530] {processor.py:914} INFO - Processing file /Users/navalyemul/Documents/uptime/airflow_venv/lib/python3.12/site-packages/airflow/example_dags/example_outlet_event_extra.py for tasks to queue
[2026-04-08T12:52:11.051+0530] {logging_mixin.py:190} INFO - [2026-04-08T12:52:11.051+0530] {dagbag.py:588} INFO - Filling up the DagBag from /Users/navalyemul/Documents/uptime/airflow_venv/lib/python3.12/site-packages/airflow/example_dags/example_outlet_event_extra.py
[2026-04-08T12:52:11.096+0530] {processor.py:925} INFO - DAG(s) 'dataset_with_extra_from_classic_operator', 'dataset_with_extra_by_yield', 'dataset_with_extra_by_context' retrieved from /Users/navalyemul/Documents/uptime/airflow_venv/lib/python3.12/site-packages/airflow/example_dags/example_outlet_event_extra.py
[2026-04-08T12:52:11.139+0530] {logging_mixin.py:190} INFO - [2026-04-08T12:52:11.139+0530] {dag.py:3239} INFO - Sync 3 DAGs
[2026-04-08T12:52:11.147+0530] {logging_mixin.py:190} INFO - [2026-04-08T12:52:11.147+0530] {dag.py:4180} INFO - Setting next_dagrun for dataset_with_extra_by_context to 2026-04-07 00:00:00+00:00, run_after=2026-04-08 00:00:00+00:00
[2026-04-08T12:52:11.149+0530] {logging_mixin.py:190} INFO - [2026-04-08T12:52:11.149+0530] {dag.py:4180} INFO - Setting next_dagrun for dataset_with_extra_by_yield to 2026-04-07 00:00:00+00:00, run_after=2026-04-08 00:00:00+00:00
[2026-04-08T12:52:11.150+0530] {logging_mixin.py:190} INFO - [2026-04-08T12:52:11.150+0530] {dag.py:4180} INFO - Setting next_dagrun for dataset_with_extra_from_classic_operator to 2026-04-07 00:00:00+00:00, run_after=2026-04-08 00:00:00+00:00
[2026-04-08T12:52:11.160+0530] {processor.py:208} INFO - Processing /Users/navalyemul/Documents/uptime/airflow_venv/lib/python3.12/site-packages/airflow/example_dags/example_outlet_event_extra.py took 0.113 seconds
[2026-04-08T12:55:48.022+0530] {processor.py:186} INFO - Started process (PID=22731) to work on /Users/navalyemul/Documents/uptime/airflow_venv/lib/python3.12/site-packages/airflow/example_dags/example_outlet_event_extra.py
[2026-04-08T12:55:48.024+0530] {processor.py:914} INFO - Processing file /Users/navalyemul/Documents/uptime/airflow_venv/lib/python3.12/site-packages/airflow/example_dags/example_outlet_event_extra.py for tasks to queue
[2026-04-08T12:55:48.025+0530] {logging_mixin.py:190} INFO - [2026-04-08T12:55:48.024+0530] {dagbag.py:588} INFO - Filling up the DagBag from /Users/navalyemul/Documents/uptime/airflow_venv/lib/python3.12/site-packages/airflow/example_dags/example_outlet_event_extra.py
[2026-04-08T12:55:48.083+0530] {processor.py:925} INFO - DAG(s) 'dataset_with_extra_by_yield', 'dataset_with_extra_by_context', 'dataset_with_extra_from_classic_operator' retrieved from /Users/navalyemul/Documents/uptime/airflow_venv/lib/python3.12/site-packages/airflow/example_dags/example_outlet_event_extra.py
[2026-04-08T12:55:48.134+0530] {logging_mixin.py:190} INFO - [2026-04-08T12:55:48.134+0530] {dag.py:3239} INFO - Sync 3 DAGs
[2026-04-08T12:55:48.144+0530] {logging_mixin.py:190} INFO - [2026-04-08T12:55:48.144+0530] {dag.py:4180} INFO - Setting next_dagrun for dataset_with_extra_by_context to 2026-04-07 00:00:00+00:00, run_after=2026-04-08 00:00:00+00:00
[2026-04-08T12:55:48.147+0530] {logging_mixin.py:190} INFO - [2026-04-08T12:55:48.146+0530] {dag.py:4180} INFO - Setting next_dagrun for dataset_with_extra_by_yield to 2026-04-07 00:00:00+00:00, run_after=2026-04-08 00:00:00+00:00
[2026-04-08T12:55:48.148+0530] {logging_mixin.py:190} INFO - [2026-04-08T12:55:48.147+0530] {dag.py:4180} INFO - Setting next_dagrun for dataset_with_extra_from_classic_operator to 2026-04-07 00:00:00+00:00, run_after=2026-04-08 00:00:00+00:00
[2026-04-08T12:55:48.160+0530] {processor.py:208} INFO - Processing /Users/navalyemul/Documents/uptime/airflow_venv/lib/python3.12/site-packages/airflow/example_dags/example_outlet_event_extra.py took 0.139 seconds
[2026-04-08T12:58:42.080+0530] {processor.py:186} INFO - Started process (PID=24562) to work on /Users/navalyemul/Documents/uptime/airflow_venv/lib/python3.12/site-packages/airflow/example_dags/example_outlet_event_extra.py
[2026-04-08T12:58:42.081+0530] {processor.py:914} INFO - Processing file /Users/navalyemul/Documents/uptime/airflow_venv/lib/python3.12/site-packages/airflow/example_dags/example_outlet_event_extra.py for tasks to queue
[2026-04-08T12:58:42.082+0530] {logging_mixin.py:190} INFO - [2026-04-08T12:58:42.082+0530] {dagbag.py:588} INFO - Filling up the DagBag from /Users/navalyemul/Documents/uptime/airflow_venv/lib/python3.12/site-packages/airflow/example_dags/example_outlet_event_extra.py
[2026-04-08T12:58:42.133+0530] {processor.py:925} INFO - DAG(s) 'dataset_with_extra_by_yield', 'dataset_with_extra_from_classic_operator', 'dataset_with_extra_by_context' retrieved from /Users/navalyemul/Documents/uptime/airflow_venv/lib/python3.12/site-packages/airflow/example_dags/example_outlet_event_extra.py
[2026-04-08T12:58:42.178+0530] {logging_mixin.py:190} INFO - [2026-04-08T12:58:42.177+0530] {dag.py:3239} INFO - Sync 3 DAGs
[2026-04-08T12:58:42.187+0530] {logging_mixin.py:190} INFO - [2026-04-08T12:58:42.187+0530] {dag.py:4180} INFO - Setting next_dagrun for dataset_with_extra_by_context to 2026-04-07 00:00:00+00:00, run_after=2026-04-08 00:00:00+00:00
[2026-04-08T12:58:42.189+0530] {logging_mixin.py:190} INFO - [2026-04-08T12:58:42.189+0530] {dag.py:4180} INFO - Setting next_dagrun for dataset_with_extra_by_yield to 2026-04-07 00:00:00+00:00, run_after=2026-04-08 00:00:00+00:00
[2026-04-08T12:58:42.190+0530] {logging_mixin.py:190} INFO - [2026-04-08T12:58:42.190+0530] {dag.py:4180} INFO - Setting next_dagrun for dataset_with_extra_from_classic_operator to 2026-04-07 00:00:00+00:00, run_after=2026-04-08 00:00:00+00:00
[2026-04-08T12:58:42.200+0530] {processor.py:208} INFO - Processing /Users/navalyemul/Documents/uptime/airflow_venv/lib/python3.12/site-packages/airflow/example_dags/example_outlet_event_extra.py took 0.122 seconds
[2026-04-08T13:01:25.156+0530] {processor.py:186} INFO - Started process (PID=26406) to work on /Users/navalyemul/Documents/uptime/airflow_venv/lib/python3.12/site-packages/airflow/example_dags/example_outlet_event_extra.py
[2026-04-08T13:01:25.156+0530] {processor.py:914} INFO - Processing file /Users/navalyemul/Documents/uptime/airflow_venv/lib/python3.12/site-packages/airflow/example_dags/example_outlet_event_extra.py for tasks to queue
[2026-04-08T13:01:25.157+0530] {logging_mixin.py:190} INFO - [2026-04-08T13:01:25.157+0530] {dagbag.py:588} INFO - Filling up the DagBag from /Users/navalyemul/Documents/uptime/airflow_venv/lib/python3.12/site-packages/airflow/example_dags/example_outlet_event_extra.py
[2026-04-08T13:01:25.205+0530] {processor.py:925} INFO - DAG(s) 'dataset_with_extra_by_context', 'dataset_with_extra_by_yield', 'dataset_with_extra_from_classic_operator' retrieved from /Users/navalyemul/Documents/uptime/airflow_venv/lib/python3.12/site-packages/airflow/example_dags/example_outlet_event_extra.py
[2026-04-08T13:01:25.246+0530] {logging_mixin.py:190} INFO - [2026-04-08T13:01:25.246+0530] {dag.py:3239} INFO - Sync 3 DAGs
[2026-04-08T13:01:25.254+0530] {logging_mixin.py:190} INFO - [2026-04-08T13:01:25.254+0530] {dag.py:4180} INFO - Setting next_dagrun for dataset_with_extra_by_context to 2026-04-07 00:00:00+00:00, run_after=2026-04-08 00:00:00+00:00
[2026-04-08T13:01:25.256+0530] {logging_mixin.py:190} INFO - [2026-04-08T13:01:25.256+0530] {dag.py:4180} INFO - Setting next_dagrun for dataset_with_extra_by_yield to 2026-04-07 00:00:00+00:00, run_after=2026-04-08 00:00:00+00:00
[2026-04-08T13:01:25.257+0530] {logging_mixin.py:190} INFO - [2026-04-08T13:01:25.257+0530] {dag.py:4180} INFO - Setting next_dagrun for dataset_with_extra_from_classic_operator to 2026-04-07 00:00:00+00:00, run_after=2026-04-08 00:00:00+00:00
[2026-04-08T13:01:25.266+0530] {processor.py:208} INFO - Processing /Users/navalyemul/Documents/uptime/airflow_venv/lib/python3.12/site-packages/airflow/example_dags/example_outlet_event_extra.py took 0.112 seconds
[2026-04-08T13:04:10.790+0530] {processor.py:186} INFO - Started process (PID=28363) to work on /Users/navalyemul/Documents/uptime/airflow_venv/lib/python3.12/site-packages/airflow/example_dags/example_outlet_event_extra.py
[2026-04-08T13:04:10.791+0530] {processor.py:914} INFO - Processing file /Users/navalyemul/Documents/uptime/airflow_venv/lib/python3.12/site-packages/airflow/example_dags/example_outlet_event_extra.py for tasks to queue
[2026-04-08T13:04:10.792+0530] {logging_mixin.py:190} INFO - [2026-04-08T13:04:10.791+0530] {dagbag.py:588} INFO - Filling up the DagBag from /Users/navalyemul/Documents/uptime/airflow_venv/lib/python3.12/site-packages/airflow/example_dags/example_outlet_event_extra.py
[2026-04-08T13:04:10.843+0530] {processor.py:925} INFO - DAG(s) 'dataset_with_extra_by_context', 'dataset_with_extra_from_classic_operator', 'dataset_with_extra_by_yield' retrieved from /Users/navalyemul/Documents/uptime/airflow_venv/lib/python3.12/site-packages/airflow/example_dags/example_outlet_event_extra.py
[2026-04-08T13:04:10.888+0530] {logging_mixin.py:190} INFO - [2026-04-08T13:04:10.888+0530] {dag.py:3239} INFO - Sync 3 DAGs
[2026-04-08T13:04:10.898+0530] {logging_mixin.py:190} INFO - [2026-04-08T13:04:10.897+0530] {dag.py:4180} INFO - Setting next_dagrun for dataset_with_extra_by_context to 2026-04-07 00:00:00+00:00, run_after=2026-04-08 00:00:00+00:00
[2026-04-08T13:04:10.900+0530] {logging_mixin.py:190} INFO - [2026-04-08T13:04:10.900+0530] {dag.py:4180} INFO - Setting next_dagrun for dataset_with_extra_by_yield to 2026-04-07 00:00:00+00:00, run_after=2026-04-08 00:00:00+00:00
[2026-04-08T13:04:10.901+0530] {logging_mixin.py:190} INFO - [2026-04-08T13:04:10.901+0530] {dag.py:4180} INFO - Setting next_dagrun for dataset_with_extra_from_classic_operator to 2026-04-07 00:00:00+00:00, run_after=2026-04-08 00:00:00+00:00
[2026-04-08T13:04:10.911+0530] {processor.py:208} INFO - Processing /Users/navalyemul/Documents/uptime/airflow_venv/lib/python3.12/site-packages/airflow/example_dags/example_outlet_event_extra.py took 0.122 seconds
[2026-04-08T13:06:58.606+0530] {processor.py:186} INFO - Started process (PID=30204) to work on /Users/navalyemul/Documents/uptime/airflow_venv/lib/python3.12/site-packages/airflow/example_dags/example_outlet_event_extra.py
[2026-04-08T13:06:58.607+0530] {processor.py:914} INFO - Processing file /Users/navalyemul/Documents/uptime/airflow_venv/lib/python3.12/site-packages/airflow/example_dags/example_outlet_event_extra.py for tasks to queue
[2026-04-08T13:06:58.608+0530] {logging_mixin.py:190} INFO - [2026-04-08T13:06:58.607+0530] {dagbag.py:588} INFO - Filling up the DagBag from /Users/navalyemul/Documents/uptime/airflow_venv/lib/python3.12/site-packages/airflow/example_dags/example_outlet_event_extra.py
[2026-04-08T13:06:58.654+0530] {processor.py:925} INFO - DAG(s) 'dataset_with_extra_by_context', 'dataset_with_extra_from_classic_operator', 'dataset_with_extra_by_yield' retrieved from /Users/navalyemul/Documents/uptime/airflow_venv/lib/python3.12/site-packages/airflow/example_dags/example_outlet_event_extra.py
[2026-04-08T13:06:58.699+0530] {logging_mixin.py:190} INFO - [2026-04-08T13:06:58.699+0530] {dag.py:3239} INFO - Sync 3 DAGs
[2026-04-08T13:06:58.707+0530] {logging_mixin.py:190} INFO - [2026-04-08T13:06:58.707+0530] {dag.py:4180} INFO - Setting next_dagrun for dataset_with_extra_by_context to 2026-04-07 00:00:00+00:00, run_after=2026-04-08 00:00:00+00:00
[2026-04-08T13:06:58.711+0530] {logging_mixin.py:190} INFO - [2026-04-08T13:06:58.711+0530] {dag.py:4180} INFO - Setting next_dagrun for dataset_with_extra_by_yield to 2026-04-07 00:00:00+00:00, run_after=2026-04-08 00:00:00+00:00
[2026-04-08T13:06:58.713+0530] {logging_mixin.py:190} INFO - [2026-04-08T13:06:58.713+0530] {dag.py:4180} INFO - Setting next_dagrun for dataset_with_extra_from_classic_operator to 2026-04-07 00:00:00+00:00, run_after=2026-04-08 00:00:00+00:00
[2026-04-08T13:06:58.739+0530] {processor.py:208} INFO - Processing /Users/navalyemul/Documents/uptime/airflow_venv/lib/python3.12/site-packages/airflow/example_dags/example_outlet_event_extra.py took 0.135 seconds
[2026-04-08T13:09:45.195+0530] {processor.py:186} INFO - Started process (PID=32019) to work on /Users/navalyemul/Documents/uptime/airflow_venv/lib/python3.12/site-packages/airflow/example_dags/example_outlet_event_extra.py
[2026-04-08T13:09:45.195+0530] {processor.py:914} INFO - Processing file /Users/navalyemul/Documents/uptime/airflow_venv/lib/python3.12/site-packages/airflow/example_dags/example_outlet_event_extra.py for tasks to queue
[2026-04-08T13:09:45.196+0530] {logging_mixin.py:190} INFO - [2026-04-08T13:09:45.196+0530] {dagbag.py:588} INFO - Filling up the DagBag from /Users/navalyemul/Documents/uptime/airflow_venv/lib/python3.12/site-packages/airflow/example_dags/example_outlet_event_extra.py
[2026-04-08T13:09:45.241+0530] {processor.py:925} INFO - DAG(s) 'dataset_with_extra_by_context', 'dataset_with_extra_by_yield', 'dataset_with_extra_from_classic_operator' retrieved from /Users/navalyemul/Documents/uptime/airflow_venv/lib/python3.12/site-packages/airflow/example_dags/example_outlet_event_extra.py
[2026-04-08T13:09:45.282+0530] {logging_mixin.py:190} INFO - [2026-04-08T13:09:45.282+0530] {dag.py:3239} INFO - Sync 3 DAGs
[2026-04-08T13:09:45.291+0530] {logging_mixin.py:190} INFO - [2026-04-08T13:09:45.290+0530] {dag.py:4180} INFO - Setting next_dagrun for dataset_with_extra_by_context to 2026-04-07 00:00:00+00:00, run_after=2026-04-08 00:00:00+00:00
[2026-04-08T13:09:45.292+0530] {logging_mixin.py:190} INFO - [2026-04-08T13:09:45.292+0530] {dag.py:4180} INFO - Setting next_dagrun for dataset_with_extra_by_yield to 2026-04-07 00:00:00+00:00, run_after=2026-04-08 00:00:00+00:00
[2026-04-08T13:09:45.293+0530] {logging_mixin.py:190} INFO - [2026-04-08T13:09:45.293+0530] {dag.py:4180} INFO - Setting next_dagrun for dataset_with_extra_from_classic_operator to 2026-04-07 00:00:00+00:00, run_after=2026-04-08 00:00:00+00:00
[2026-04-08T13:09:45.303+0530] {processor.py:208} INFO - Processing /Users/navalyemul/Documents/uptime/airflow_venv/lib/python3.12/site-packages/airflow/example_dags/example_outlet_event_extra.py took 0.110 seconds
[2026-04-08T13:12:30.463+0530] {processor.py:186} INFO - Started process (PID=33887) to work on /Users/navalyemul/Documents/uptime/airflow_venv/lib/python3.12/site-packages/airflow/example_dags/example_outlet_event_extra.py
[2026-04-08T13:12:30.464+0530] {processor.py:914} INFO - Processing file /Users/navalyemul/Documents/uptime/airflow_venv/lib/python3.12/site-packages/airflow/example_dags/example_outlet_event_extra.py for tasks to queue
[2026-04-08T13:12:30.464+0530] {logging_mixin.py:190} INFO - [2026-04-08T13:12:30.464+0530] {dagbag.py:588} INFO - Filling up the DagBag from /Users/navalyemul/Documents/uptime/airflow_venv/lib/python3.12/site-packages/airflow/example_dags/example_outlet_event_extra.py
[2026-04-08T13:12:30.514+0530] {processor.py:925} INFO - DAG(s) 'dataset_with_extra_from_classic_operator', 'dataset_with_extra_by_yield', 'dataset_with_extra_by_context' retrieved from /Users/navalyemul/Documents/uptime/airflow_venv/lib/python3.12/site-packages/airflow/example_dags/example_outlet_event_extra.py
[2026-04-08T13:12:30.558+0530] {logging_mixin.py:190} INFO - [2026-04-08T13:12:30.557+0530] {dag.py:3239} INFO - Sync 3 DAGs
[2026-04-08T13:12:30.566+0530] {logging_mixin.py:190} INFO - [2026-04-08T13:12:30.566+0530] {dag.py:4180} INFO - Setting next_dagrun for dataset_with_extra_by_context to 2026-04-07 00:00:00+00:00, run_after=2026-04-08 00:00:00+00:00
[2026-04-08T13:12:30.568+0530] {logging_mixin.py:190} INFO - [2026-04-08T13:12:30.568+0530] {dag.py:4180} INFO - Setting next_dagrun for dataset_with_extra_by_yield to 2026-04-07 00:00:00+00:00, run_after=2026-04-08 00:00:00+00:00
[2026-04-08T13:12:30.569+0530] {logging_mixin.py:190} INFO - [2026-04-08T13:12:30.569+0530] {dag.py:4180} INFO - Setting next_dagrun for dataset_with_extra_from_classic_operator to 2026-04-07 00:00:00+00:00, run_after=2026-04-08 00:00:00+00:00
[2026-04-08T13:12:30.579+0530] {processor.py:208} INFO - Processing /Users/navalyemul/Documents/uptime/airflow_venv/lib/python3.12/site-packages/airflow/example_dags/example_outlet_event_extra.py took 0.118 seconds
[2026-04-08T13:15:17.367+0530] {processor.py:186} INFO - Started process (PID=35764) to work on /Users/navalyemul/Documents/uptime/airflow_venv/lib/python3.12/site-packages/airflow/example_dags/example_outlet_event_extra.py
[2026-04-08T13:15:17.368+0530] {processor.py:914} INFO - Processing file /Users/navalyemul/Documents/uptime/airflow_venv/lib/python3.12/site-packages/airflow/example_dags/example_outlet_event_extra.py for tasks to queue
[2026-04-08T13:15:17.369+0530] {logging_mixin.py:190} INFO - [2026-04-08T13:15:17.369+0530] {dagbag.py:588} INFO - Filling up the DagBag from /Users/navalyemul/Documents/uptime/airflow_venv/lib/python3.12/site-packages/airflow/example_dags/example_outlet_event_extra.py
[2026-04-08T13:15:17.418+0530] {processor.py:925} INFO - DAG(s) 'dataset_with_extra_by_yield', 'dataset_with_extra_from_classic_operator', 'dataset_with_extra_by_context' retrieved from /Users/navalyemul/Documents/uptime/airflow_venv/lib/python3.12/site-packages/airflow/example_dags/example_outlet_event_extra.py
[2026-04-08T13:15:17.462+0530] {logging_mixin.py:190} INFO - [2026-04-08T13:15:17.462+0530] {dag.py:3239} INFO - Sync 3 DAGs
[2026-04-08T13:15:17.471+0530] {logging_mixin.py:190} INFO - [2026-04-08T13:15:17.471+0530] {dag.py:4180} INFO - Setting next_dagrun for dataset_with_extra_by_context to 2026-04-07 00:00:00+00:00, run_after=2026-04-08 00:00:00+00:00
[2026-04-08T13:15:17.473+0530] {logging_mixin.py:190} INFO - [2026-04-08T13:15:17.473+0530] {dag.py:4180} INFO - Setting next_dagrun for dataset_with_extra_by_yield to 2026-04-07 00:00:00+00:00, run_after=2026-04-08 00:00:00+00:00
[2026-04-08T13:15:17.474+0530] {logging_mixin.py:190} INFO - [2026-04-08T13:15:17.474+0530] {dag.py:4180} INFO - Setting next_dagrun for dataset_with_extra_from_classic_operator to 2026-04-07 00:00:00+00:00, run_after=2026-04-08 00:00:00+00:00
[2026-04-08T13:15:17.484+0530] {processor.py:208} INFO - Processing /Users/navalyemul/Documents/uptime/airflow_venv/lib/python3.12/site-packages/airflow/example_dags/example_outlet_event_extra.py took 0.118 seconds
[2026-04-08T13:18:05.042+0530] {processor.py:186} INFO - Started process (PID=37651) to work on /Users/navalyemul/Documents/uptime/airflow_venv/lib/python3.12/site-packages/airflow/example_dags/example_outlet_event_extra.py
[2026-04-08T13:18:05.043+0530] {processor.py:914} INFO - Processing file /Users/navalyemul/Documents/uptime/airflow_venv/lib/python3.12/site-packages/airflow/example_dags/example_outlet_event_extra.py for tasks to queue
[2026-04-08T13:18:05.043+0530] {logging_mixin.py:190} INFO - [2026-04-08T13:18:05.043+0530] {dagbag.py:588} INFO - Filling up the DagBag from /Users/navalyemul/Documents/uptime/airflow_venv/lib/python3.12/site-packages/airflow/example_dags/example_outlet_event_extra.py
[2026-04-08T13:18:05.092+0530] {processor.py:925} INFO - DAG(s) 'dataset_with_extra_by_yield', 'dataset_with_extra_by_context', 'dataset_with_extra_from_classic_operator' retrieved from /Users/navalyemul/Documents/uptime/airflow_venv/lib/python3.12/site-packages/airflow/example_dags/example_outlet_event_extra.py
[2026-04-08T13:18:05.137+0530] {logging_mixin.py:190} INFO - [2026-04-08T13:18:05.137+0530] {dag.py:3239} INFO - Sync 3 DAGs
[2026-04-08T13:18:05.145+0530] {logging_mixin.py:190} INFO - [2026-04-08T13:18:05.145+0530] {dag.py:4180} INFO - Setting next_dagrun for dataset_with_extra_by_context to 2026-04-07 00:00:00+00:00, run_after=2026-04-08 00:00:00+00:00
[2026-04-08T13:18:05.147+0530] {logging_mixin.py:190} INFO - [2026-04-08T13:18:05.147+0530] {dag.py:4180} INFO - Setting next_dagrun for dataset_with_extra_by_yield to 2026-04-07 00:00:00+00:00, run_after=2026-04-08 00:00:00+00:00
[2026-04-08T13:18:05.148+0530] {logging_mixin.py:190} INFO - [2026-04-08T13:18:05.147+0530] {dag.py:4180} INFO - Setting next_dagrun for dataset_with_extra_from_classic_operator to 2026-04-07 00:00:00+00:00, run_after=2026-04-08 00:00:00+00:00
[2026-04-08T13:18:05.158+0530] {processor.py:208} INFO - Processing /Users/navalyemul/Documents/uptime/airflow_venv/lib/python3.12/site-packages/airflow/example_dags/example_outlet_event_extra.py took 0.118 seconds
[2026-04-08T13:29:13.104+0530] {processor.py:186} INFO - Started process (PID=39620) to work on /Users/navalyemul/Documents/uptime/airflow_venv/lib/python3.12/site-packages/airflow/example_dags/example_outlet_event_extra.py
[2026-04-08T13:29:13.104+0530] {processor.py:914} INFO - Processing file /Users/navalyemul/Documents/uptime/airflow_venv/lib/python3.12/site-packages/airflow/example_dags/example_outlet_event_extra.py for tasks to queue
[2026-04-08T13:29:13.105+0530] {logging_mixin.py:190} INFO - [2026-04-08T13:29:13.105+0530] {dagbag.py:588} INFO - Filling up the DagBag from /Users/navalyemul/Documents/uptime/airflow_venv/lib/python3.12/site-packages/airflow/example_dags/example_outlet_event_extra.py
[2026-04-08T13:29:13.151+0530] {processor.py:925} INFO - DAG(s) 'dataset_with_extra_by_context', 'dataset_with_extra_from_classic_operator', 'dataset_with_extra_by_yield' retrieved from /Users/navalyemul/Documents/uptime/airflow_venv/lib/python3.12/site-packages/airflow/example_dags/example_outlet_event_extra.py
[2026-04-08T13:29:13.195+0530] {logging_mixin.py:190} INFO - [2026-04-08T13:29:13.195+0530] {dag.py:3239} INFO - Sync 3 DAGs
[2026-04-08T13:29:13.204+0530] {logging_mixin.py:190} INFO - [2026-04-08T13:29:13.203+0530] {dag.py:4180} INFO - Setting next_dagrun for dataset_with_extra_by_context to 2026-04-07 00:00:00+00:00, run_after=2026-04-08 00:00:00+00:00
[2026-04-08T13:29:13.205+0530] {logging_mixin.py:190} INFO - [2026-04-08T13:29:13.205+0530] {dag.py:4180} INFO - Setting next_dagrun for dataset_with_extra_by_yield to 2026-04-07 00:00:00+00:00, run_after=2026-04-08 00:00:00+00:00
[2026-04-08T13:29:13.206+0530] {logging_mixin.py:190} INFO - [2026-04-08T13:29:13.206+0530] {dag.py:4180} INFO - Setting next_dagrun for dataset_with_extra_from_classic_operator to 2026-04-07 00:00:00+00:00, run_after=2026-04-08 00:00:00+00:00
[2026-04-08T13:29:13.217+0530] {processor.py:208} INFO - Processing /Users/navalyemul/Documents/uptime/airflow_venv/lib/python3.12/site-packages/airflow/example_dags/example_outlet_event_extra.py took 0.115 seconds
[2026-04-08T13:34:13.298+0530] {processor.py:186} INFO - Started process (PID=40604) to work on /Users/navalyemul/Documents/uptime/airflow_venv/lib/python3.12/site-packages/airflow/example_dags/example_outlet_event_extra.py
[2026-04-08T13:34:13.298+0530] {processor.py:914} INFO - Processing file /Users/navalyemul/Documents/uptime/airflow_venv/lib/python3.12/site-packages/airflow/example_dags/example_outlet_event_extra.py for tasks to queue
[2026-04-08T13:34:13.299+0530] {logging_mixin.py:190} INFO - [2026-04-08T13:34:13.299+0530] {dagbag.py:588} INFO - Filling up the DagBag from /Users/navalyemul/Documents/uptime/airflow_venv/lib/python3.12/site-packages/airflow/example_dags/example_outlet_event_extra.py
[2026-04-08T13:34:13.345+0530] {processor.py:925} INFO - DAG(s) 'dataset_with_extra_by_context', 'dataset_with_extra_by_yield', 'dataset_with_extra_from_classic_operator' retrieved from /Users/navalyemul/Documents/uptime/airflow_venv/lib/python3.12/site-packages/airflow/example_dags/example_outlet_event_extra.py
[2026-04-08T13:34:13.386+0530] {logging_mixin.py:190} INFO - [2026-04-08T13:34:13.386+0530] {dag.py:3239} INFO - Sync 3 DAGs
[2026-04-08T13:34:13.394+0530] {logging_mixin.py:190} INFO - [2026-04-08T13:34:13.394+0530] {dag.py:4180} INFO - Setting next_dagrun for dataset_with_extra_by_context to 2026-04-07 00:00:00+00:00, run_after=2026-04-08 00:00:00+00:00
[2026-04-08T13:34:13.396+0530] {logging_mixin.py:190} INFO - [2026-04-08T13:34:13.396+0530] {dag.py:4180} INFO - Setting next_dagrun for dataset_with_extra_by_yield to 2026-04-07 00:00:00+00:00, run_after=2026-04-08 00:00:00+00:00
[2026-04-08T13:34:13.397+0530] {logging_mixin.py:190} INFO - [2026-04-08T13:34:13.397+0530] {dag.py:4180} INFO - Setting next_dagrun for dataset_with_extra_from_classic_operator to 2026-04-07 00:00:00+00:00, run_after=2026-04-08 00:00:00+00:00
[2026-04-08T13:34:13.407+0530] {processor.py:208} INFO - Processing /Users/navalyemul/Documents/uptime/airflow_venv/lib/python3.12/site-packages/airflow/example_dags/example_outlet_event_extra.py took 0.111 seconds
[2026-04-08T13:35:54.062+0530] {processor.py:186} INFO - Started process (PID=41771) to work on /Users/navalyemul/Documents/uptime/airflow_venv/lib/python3.12/site-packages/airflow/example_dags/example_outlet_event_extra.py
[2026-04-08T13:35:54.063+0530] {processor.py:914} INFO - Processing file /Users/navalyemul/Documents/uptime/airflow_venv/lib/python3.12/site-packages/airflow/example_dags/example_outlet_event_extra.py for tasks to queue
[2026-04-08T13:35:54.063+0530] {logging_mixin.py:190} INFO - [2026-04-08T13:35:54.063+0530] {dagbag.py:588} INFO - Filling up the DagBag from /Users/navalyemul/Documents/uptime/airflow_venv/lib/python3.12/site-packages/airflow/example_dags/example_outlet_event_extra.py
[2026-04-08T13:35:54.111+0530] {processor.py:925} INFO - DAG(s) 'dataset_with_extra_by_yield', 'dataset_with_extra_from_classic_operator', 'dataset_with_extra_by_context' retrieved from /Users/navalyemul/Documents/uptime/airflow_venv/lib/python3.12/site-packages/airflow/example_dags/example_outlet_event_extra.py
[2026-04-08T13:35:54.153+0530] {logging_mixin.py:190} INFO - [2026-04-08T13:35:54.153+0530] {dag.py:3239} INFO - Sync 3 DAGs
[2026-04-08T13:35:54.161+0530] {logging_mixin.py:190} INFO - [2026-04-08T13:35:54.161+0530] {dag.py:4180} INFO - Setting next_dagrun for dataset_with_extra_by_context to 2026-04-07 00:00:00+00:00, run_after=2026-04-08 00:00:00+00:00
[2026-04-08T13:35:54.163+0530] {logging_mixin.py:190} INFO - [2026-04-08T13:35:54.163+0530] {dag.py:4180} INFO - Setting next_dagrun for dataset_with_extra_by_yield to 2026-04-07 00:00:00+00:00, run_after=2026-04-08 00:00:00+00:00
[2026-04-08T13:35:54.164+0530] {logging_mixin.py:190} INFO - [2026-04-08T13:35:54.164+0530] {dag.py:4180} INFO - Setting next_dagrun for dataset_with_extra_from_classic_operator to 2026-04-07 00:00:00+00:00, run_after=2026-04-08 00:00:00+00:00
[2026-04-08T13:35:54.174+0530] {processor.py:208} INFO - Processing /Users/navalyemul/Documents/uptime/airflow_venv/lib/python3.12/site-packages/airflow/example_dags/example_outlet_event_extra.py took 0.113 seconds
[2026-04-08T13:46:44.419+0530] {processor.py:186} INFO - Started process (PID=42684) to work on /Users/navalyemul/Documents/uptime/airflow_venv/lib/python3.12/site-packages/airflow/example_dags/example_outlet_event_extra.py
[2026-04-08T13:46:44.419+0530] {processor.py:914} INFO - Processing file /Users/navalyemul/Documents/uptime/airflow_venv/lib/python3.12/site-packages/airflow/example_dags/example_outlet_event_extra.py for tasks to queue
[2026-04-08T13:46:44.420+0530] {logging_mixin.py:190} INFO - [2026-04-08T13:46:44.420+0530] {dagbag.py:588} INFO - Filling up the DagBag from /Users/navalyemul/Documents/uptime/airflow_venv/lib/python3.12/site-packages/airflow/example_dags/example_outlet_event_extra.py
[2026-04-08T13:46:44.467+0530] {processor.py:925} INFO - DAG(s) 'dataset_with_extra_by_yield', 'dataset_with_extra_from_classic_operator', 'dataset_with_extra_by_context' retrieved from /Users/navalyemul/Documents/uptime/airflow_venv/lib/python3.12/site-packages/airflow/example_dags/example_outlet_event_extra.py
[2026-04-08T13:46:44.508+0530] {logging_mixin.py:190} INFO - [2026-04-08T13:46:44.507+0530] {dag.py:3239} INFO - Sync 3 DAGs
[2026-04-08T13:46:44.515+0530] {logging_mixin.py:190} INFO - [2026-04-08T13:46:44.515+0530] {dag.py:4180} INFO - Setting next_dagrun for dataset_with_extra_by_context to 2026-04-07 00:00:00+00:00, run_after=2026-04-08 00:00:00+00:00
[2026-04-08T13:46:44.517+0530] {logging_mixin.py:190} INFO - [2026-04-08T13:46:44.517+0530] {dag.py:4180} INFO - Setting next_dagrun for dataset_with_extra_by_yield to 2026-04-07 00:00:00+00:00, run_after=2026-04-08 00:00:00+00:00
[2026-04-08T13:46:44.518+0530] {logging_mixin.py:190} INFO - [2026-04-08T13:46:44.518+0530] {dag.py:4180} INFO - Setting next_dagrun for dataset_with_extra_from_classic_operator to 2026-04-07 00:00:00+00:00, run_after=2026-04-08 00:00:00+00:00
[2026-04-08T13:46:44.527+0530] {processor.py:208} INFO - Processing /Users/navalyemul/Documents/uptime/airflow_venv/lib/python3.12/site-packages/airflow/example_dags/example_outlet_event_extra.py took 0.110 seconds
[2026-04-08T13:55:03.125+0530] {processor.py:186} INFO - Started process (PID=43854) to work on /Users/navalyemul/Documents/uptime/airflow_venv/lib/python3.12/site-packages/airflow/example_dags/example_outlet_event_extra.py
[2026-04-08T13:55:03.126+0530] {processor.py:914} INFO - Processing file /Users/navalyemul/Documents/uptime/airflow_venv/lib/python3.12/site-packages/airflow/example_dags/example_outlet_event_extra.py for tasks to queue
[2026-04-08T13:55:03.127+0530] {logging_mixin.py:190} INFO - [2026-04-08T13:55:03.127+0530] {dagbag.py:588} INFO - Filling up the DagBag from /Users/navalyemul/Documents/uptime/airflow_venv/lib/python3.12/site-packages/airflow/example_dags/example_outlet_event_extra.py
[2026-04-08T13:55:03.185+0530] {processor.py:925} INFO - DAG(s) 'dataset_with_extra_from_classic_operator', 'dataset_with_extra_by_context', 'dataset_with_extra_by_yield' retrieved from /Users/navalyemul/Documents/uptime/airflow_venv/lib/python3.12/site-packages/airflow/example_dags/example_outlet_event_extra.py
[2026-04-08T13:55:03.228+0530] {logging_mixin.py:190} INFO - [2026-04-08T13:55:03.228+0530] {dag.py:3239} INFO - Sync 3 DAGs
[2026-04-08T13:55:03.237+0530] {logging_mixin.py:190} INFO - [2026-04-08T13:55:03.237+0530] {dag.py:4180} INFO - Setting next_dagrun for dataset_with_extra_by_context to 2026-04-07 00:00:00+00:00, run_after=2026-04-08 00:00:00+00:00
[2026-04-08T13:55:03.239+0530] {logging_mixin.py:190} INFO - [2026-04-08T13:55:03.239+0530] {dag.py:4180} INFO - Setting next_dagrun for dataset_with_extra_by_yield to 2026-04-07 00:00:00+00:00, run_after=2026-04-08 00:00:00+00:00
[2026-04-08T13:55:03.240+0530] {logging_mixin.py:190} INFO - [2026-04-08T13:55:03.240+0530] {dag.py:4180} INFO - Setting next_dagrun for dataset_with_extra_from_classic_operator to 2026-04-07 00:00:00+00:00, run_after=2026-04-08 00:00:00+00:00
[2026-04-08T13:55:03.250+0530] {processor.py:208} INFO - Processing /Users/navalyemul/Documents/uptime/airflow_venv/lib/python3.12/site-packages/airflow/example_dags/example_outlet_event_extra.py took 0.130 seconds
[2026-04-08T13:56:57.924+0530] {processor.py:186} INFO - Started process (PID=44897) to work on /Users/navalyemul/Documents/uptime/airflow_venv/lib/python3.12/site-packages/airflow/example_dags/example_outlet_event_extra.py
[2026-04-08T13:56:57.925+0530] {processor.py:914} INFO - Processing file /Users/navalyemul/Documents/uptime/airflow_venv/lib/python3.12/site-packages/airflow/example_dags/example_outlet_event_extra.py for tasks to queue
[2026-04-08T13:56:57.926+0530] {logging_mixin.py:190} INFO - [2026-04-08T13:56:57.926+0530] {dagbag.py:588} INFO - Filling up the DagBag from /Users/navalyemul/Documents/uptime/airflow_venv/lib/python3.12/site-packages/airflow/example_dags/example_outlet_event_extra.py
[2026-04-08T13:56:57.982+0530] {processor.py:925} INFO - DAG(s) 'dataset_with_extra_from_classic_operator', 'dataset_with_extra_by_yield', 'dataset_with_extra_by_context' retrieved from /Users/navalyemul/Documents/uptime/airflow_venv/lib/python3.12/site-packages/airflow/example_dags/example_outlet_event_extra.py
[2026-04-08T13:56:58.027+0530] {logging_mixin.py:190} INFO - [2026-04-08T13:56:58.027+0530] {dag.py:3239} INFO - Sync 3 DAGs
[2026-04-08T13:56:58.036+0530] {logging_mixin.py:190} INFO - [2026-04-08T13:56:58.036+0530] {dag.py:4180} INFO - Setting next_dagrun for dataset_with_extra_by_context to 2026-04-07 00:00:00+00:00, run_after=2026-04-08 00:00:00+00:00
[2026-04-08T13:56:58.038+0530] {logging_mixin.py:190} INFO - [2026-04-08T13:56:58.038+0530] {dag.py:4180} INFO - Setting next_dagrun for dataset_with_extra_by_yield to 2026-04-07 00:00:00+00:00, run_after=2026-04-08 00:00:00+00:00
[2026-04-08T13:56:58.039+0530] {logging_mixin.py:190} INFO - [2026-04-08T13:56:58.039+0530] {dag.py:4180} INFO - Setting next_dagrun for dataset_with_extra_from_classic_operator to 2026-04-07 00:00:00+00:00, run_after=2026-04-08 00:00:00+00:00
[2026-04-08T13:56:58.051+0530] {processor.py:208} INFO - Processing /Users/navalyemul/Documents/uptime/airflow_venv/lib/python3.12/site-packages/airflow/example_dags/example_outlet_event_extra.py took 0.129 seconds
