[2026-04-08T12:39:53.549+0530] {processor.py:186} INFO - Started process (PID=13520) to work on /Users/navalyemul/Documents/uptime/airflow_venv/lib/python3.12/site-packages/airflow/example_dags/example_subdag_operator.py
[2026-04-08T12:39:53.550+0530] {processor.py:914} INFO - Processing file /Users/navalyemul/Documents/uptime/airflow_venv/lib/python3.12/site-packages/airflow/example_dags/example_subdag_operator.py for tasks to queue
[2026-04-08T12:39:53.551+0530] {logging_mixin.py:190} INFO - [2026-04-08T12:39:53.551+0530] {dagbag.py:588} INFO - Filling up the DagBag from /Users/navalyemul/Documents/uptime/airflow_venv/lib/python3.12/site-packages/airflow/example_dags/example_subdag_operator.py
[2026-04-08T12:39:53.619+0530] {processor.py:925} INFO - DAG(s) 'example_subdag_operator.section-1', 'example_subdag_operator.section-2', 'example_subdag_operator' retrieved from /Users/navalyemul/Documents/uptime/airflow_venv/lib/python3.12/site-packages/airflow/example_dags/example_subdag_operator.py
[2026-04-08T12:39:53.633+0530] {logging_mixin.py:190} INFO - [2026-04-08T12:39:53.633+0530] {workday.py:41} WARNING - Could not import pandas. Holidays will not be considered.
[2026-04-08T12:39:53.743+0530] {logging_mixin.py:190} INFO - [2026-04-08T12:39:53.742+0530] {override.py:1912} INFO - Created Permission View: can read on DAG:example_subdag_operator
[2026-04-08T12:39:53.749+0530] {logging_mixin.py:190} INFO - [2026-04-08T12:39:53.749+0530] {override.py:1912} INFO - Created Permission View: can edit on DAG:example_subdag_operator
[2026-04-08T12:39:53.753+0530] {logging_mixin.py:190} INFO - [2026-04-08T12:39:53.752+0530] {override.py:1912} INFO - Created Permission View: can delete on DAG:example_subdag_operator
[2026-04-08T12:39:53.758+0530] {logging_mixin.py:190} INFO - [2026-04-08T12:39:53.757+0530] {override.py:1912} INFO - Created Permission View: menu access on DAG Run:example_subdag_operator
[2026-04-08T12:39:53.762+0530] {logging_mixin.py:190} INFO - [2026-04-08T12:39:53.762+0530] {override.py:1912} INFO - Created Permission View: can read on DAG Run:example_subdag_operator
[2026-04-08T12:39:53.767+0530] {logging_mixin.py:190} INFO - [2026-04-08T12:39:53.766+0530] {override.py:1912} INFO - Created Permission View: can delete on DAG Run:example_subdag_operator
[2026-04-08T12:39:53.770+0530] {logging_mixin.py:190} INFO - [2026-04-08T12:39:53.770+0530] {override.py:1912} INFO - Created Permission View: can create on DAG Run:example_subdag_operator
[2026-04-08T12:39:53.771+0530] {logging_mixin.py:190} INFO - [2026-04-08T12:39:53.770+0530] {dag.py:3239} INFO - Sync 3 DAGs
[2026-04-08T12:39:53.777+0530] {logging_mixin.py:190} INFO - [2026-04-08T12:39:53.777+0530] {dag.py:3262} INFO - Creating ORM DAG for example_subdag_operator.section-1
[2026-04-08T12:39:53.778+0530] {logging_mixin.py:190} INFO - [2026-04-08T12:39:53.778+0530] {dag.py:3262} INFO - Creating ORM DAG for example_subdag_operator
[2026-04-08T12:39:53.778+0530] {logging_mixin.py:190} INFO - [2026-04-08T12:39:53.778+0530] {dag.py:3262} INFO - Creating ORM DAG for example_subdag_operator.section-2
[2026-04-08T12:39:53.783+0530] {logging_mixin.py:190} INFO - [2026-04-08T12:39:53.783+0530] {dag.py:4180} INFO - Setting next_dagrun for example_subdag_operator to 2022-01-01 00:00:00+00:00, run_after=2022-01-01 00:00:00+00:00
[2026-04-08T12:39:53.784+0530] {logging_mixin.py:190} INFO - [2026-04-08T12:39:53.784+0530] {dag.py:4180} INFO - Setting next_dagrun for example_subdag_operator.section-1 to None, run_after=None
[2026-04-08T12:39:53.784+0530] {logging_mixin.py:190} INFO - [2026-04-08T12:39:53.784+0530] {dag.py:4180} INFO - Setting next_dagrun for example_subdag_operator.section-2 to None, run_after=None
[2026-04-08T12:39:53.790+0530] {logging_mixin.py:190} INFO - [2026-04-08T12:39:53.790+0530] {dag.py:3239} INFO - Sync 2 DAGs
[2026-04-08T12:39:53.798+0530] {logging_mixin.py:190} INFO - [2026-04-08T12:39:53.798+0530] {dag.py:4180} INFO - Setting next_dagrun for example_subdag_operator.section-1 to None, run_after=None
[2026-04-08T12:39:53.801+0530] {logging_mixin.py:190} INFO - [2026-04-08T12:39:53.801+0530] {dag.py:4180} INFO - Setting next_dagrun for example_subdag_operator.section-2 to None, run_after=None
[2026-04-08T12:39:53.817+0530] {processor.py:208} INFO - Processing /Users/navalyemul/Documents/uptime/airflow_venv/lib/python3.12/site-packages/airflow/example_dags/example_subdag_operator.py took 0.271 seconds
[2026-04-08T12:44:11.934+0530] {processor.py:186} INFO - Started process (PID=15794) to work on /Users/navalyemul/Documents/uptime/airflow_venv/lib/python3.12/site-packages/airflow/example_dags/example_subdag_operator.py
[2026-04-08T12:44:11.935+0530] {processor.py:914} INFO - Processing file /Users/navalyemul/Documents/uptime/airflow_venv/lib/python3.12/site-packages/airflow/example_dags/example_subdag_operator.py for tasks to queue
[2026-04-08T12:44:11.936+0530] {logging_mixin.py:190} INFO - [2026-04-08T12:44:11.936+0530] {dagbag.py:588} INFO - Filling up the DagBag from /Users/navalyemul/Documents/uptime/airflow_venv/lib/python3.12/site-packages/airflow/example_dags/example_subdag_operator.py
[2026-04-08T12:44:11.986+0530] {processor.py:925} INFO - DAG(s) 'example_subdag_operator.section-1', 'example_subdag_operator.section-2', 'example_subdag_operator' retrieved from /Users/navalyemul/Documents/uptime/airflow_venv/lib/python3.12/site-packages/airflow/example_dags/example_subdag_operator.py
[2026-04-08T12:44:11.995+0530] {logging_mixin.py:190} INFO - [2026-04-08T12:44:11.995+0530] {workday.py:41} WARNING - Could not import pandas. Holidays will not be considered.
[2026-04-08T12:44:12.004+0530] {logging_mixin.py:190} INFO - [2026-04-08T12:44:12.003+0530] {dag.py:3239} INFO - Sync 3 DAGs
[2026-04-08T12:44:12.014+0530] {logging_mixin.py:190} INFO - [2026-04-08T12:44:12.014+0530] {dag.py:4180} INFO - Setting next_dagrun for example_subdag_operator to 2022-01-01 00:00:00+00:00, run_after=2022-01-01 00:00:00+00:00
[2026-04-08T12:44:12.015+0530] {logging_mixin.py:190} INFO - [2026-04-08T12:44:12.015+0530] {dag.py:4180} INFO - Setting next_dagrun for example_subdag_operator.section-1 to None, run_after=None
[2026-04-08T12:44:12.016+0530] {logging_mixin.py:190} INFO - [2026-04-08T12:44:12.016+0530] {dag.py:4180} INFO - Setting next_dagrun for example_subdag_operator.section-2 to None, run_after=None
[2026-04-08T12:44:12.019+0530] {logging_mixin.py:190} INFO - [2026-04-08T12:44:12.019+0530] {dag.py:3239} INFO - Sync 2 DAGs
[2026-04-08T12:44:12.021+0530] {logging_mixin.py:190} INFO - [2026-04-08T12:44:12.021+0530] {dag.py:4180} INFO - Setting next_dagrun for example_subdag_operator.section-1 to None, run_after=None
[2026-04-08T12:44:12.021+0530] {logging_mixin.py:190} INFO - [2026-04-08T12:44:12.021+0530] {dag.py:4180} INFO - Setting next_dagrun for example_subdag_operator.section-2 to None, run_after=None
[2026-04-08T12:44:12.029+0530] {processor.py:208} INFO - Processing /Users/navalyemul/Documents/uptime/airflow_venv/lib/python3.12/site-packages/airflow/example_dags/example_subdag_operator.py took 0.096 seconds
[2026-04-08T12:46:49.894+0530] {processor.py:186} INFO - Started process (PID=17363) to work on /Users/navalyemul/Documents/uptime/airflow_venv/lib/python3.12/site-packages/airflow/example_dags/example_subdag_operator.py
[2026-04-08T12:46:49.894+0530] {processor.py:914} INFO - Processing file /Users/navalyemul/Documents/uptime/airflow_venv/lib/python3.12/site-packages/airflow/example_dags/example_subdag_operator.py for tasks to queue
[2026-04-08T12:46:49.895+0530] {logging_mixin.py:190} INFO - [2026-04-08T12:46:49.895+0530] {dagbag.py:588} INFO - Filling up the DagBag from /Users/navalyemul/Documents/uptime/airflow_venv/lib/python3.12/site-packages/airflow/example_dags/example_subdag_operator.py
[2026-04-08T12:46:49.942+0530] {processor.py:925} INFO - DAG(s) 'example_subdag_operator.section-1', 'example_subdag_operator.section-2', 'example_subdag_operator' retrieved from /Users/navalyemul/Documents/uptime/airflow_venv/lib/python3.12/site-packages/airflow/example_dags/example_subdag_operator.py
[2026-04-08T12:46:49.949+0530] {logging_mixin.py:190} INFO - [2026-04-08T12:46:49.948+0530] {workday.py:41} WARNING - Could not import pandas. Holidays will not be considered.
[2026-04-08T12:46:49.956+0530] {logging_mixin.py:190} INFO - [2026-04-08T12:46:49.956+0530] {dag.py:3239} INFO - Sync 3 DAGs
[2026-04-08T12:46:49.965+0530] {logging_mixin.py:190} INFO - [2026-04-08T12:46:49.965+0530] {dag.py:4180} INFO - Setting next_dagrun for example_subdag_operator to 2022-01-01 00:00:00+00:00, run_after=2022-01-01 00:00:00+00:00
[2026-04-08T12:46:49.966+0530] {logging_mixin.py:190} INFO - [2026-04-08T12:46:49.966+0530] {dag.py:4180} INFO - Setting next_dagrun for example_subdag_operator.section-1 to None, run_after=None
[2026-04-08T12:46:49.967+0530] {logging_mixin.py:190} INFO - [2026-04-08T12:46:49.967+0530] {dag.py:4180} INFO - Setting next_dagrun for example_subdag_operator.section-2 to None, run_after=None
[2026-04-08T12:46:49.969+0530] {logging_mixin.py:190} INFO - [2026-04-08T12:46:49.969+0530] {dag.py:3239} INFO - Sync 2 DAGs
[2026-04-08T12:46:49.971+0530] {logging_mixin.py:190} INFO - [2026-04-08T12:46:49.971+0530] {dag.py:4180} INFO - Setting next_dagrun for example_subdag_operator.section-1 to None, run_after=None
[2026-04-08T12:46:49.971+0530] {logging_mixin.py:190} INFO - [2026-04-08T12:46:49.971+0530] {dag.py:4180} INFO - Setting next_dagrun for example_subdag_operator.section-2 to None, run_after=None
[2026-04-08T12:46:49.976+0530] {processor.py:208} INFO - Processing /Users/navalyemul/Documents/uptime/airflow_venv/lib/python3.12/site-packages/airflow/example_dags/example_subdag_operator.py took 0.083 seconds
[2026-04-08T12:48:46.170+0530] {processor.py:186} INFO - Started process (PID=18696) to work on /Users/navalyemul/Documents/uptime/airflow_venv/lib/python3.12/site-packages/airflow/example_dags/example_subdag_operator.py
[2026-04-08T12:48:46.171+0530] {processor.py:914} INFO - Processing file /Users/navalyemul/Documents/uptime/airflow_venv/lib/python3.12/site-packages/airflow/example_dags/example_subdag_operator.py for tasks to queue
[2026-04-08T12:48:46.171+0530] {logging_mixin.py:190} INFO - [2026-04-08T12:48:46.171+0530] {dagbag.py:588} INFO - Filling up the DagBag from /Users/navalyemul/Documents/uptime/airflow_venv/lib/python3.12/site-packages/airflow/example_dags/example_subdag_operator.py
[2026-04-08T12:48:46.213+0530] {processor.py:925} INFO - DAG(s) 'example_subdag_operator.section-1', 'example_subdag_operator.section-2', 'example_subdag_operator' retrieved from /Users/navalyemul/Documents/uptime/airflow_venv/lib/python3.12/site-packages/airflow/example_dags/example_subdag_operator.py
[2026-04-08T12:48:46.220+0530] {logging_mixin.py:190} INFO - [2026-04-08T12:48:46.220+0530] {workday.py:41} WARNING - Could not import pandas. Holidays will not be considered.
[2026-04-08T12:48:46.228+0530] {logging_mixin.py:190} INFO - [2026-04-08T12:48:46.227+0530] {dag.py:3239} INFO - Sync 3 DAGs
[2026-04-08T12:48:46.236+0530] {logging_mixin.py:190} INFO - [2026-04-08T12:48:46.236+0530] {dag.py:4180} INFO - Setting next_dagrun for example_subdag_operator to 2022-01-01 00:00:00+00:00, run_after=2022-01-01 00:00:00+00:00
[2026-04-08T12:48:46.237+0530] {logging_mixin.py:190} INFO - [2026-04-08T12:48:46.237+0530] {dag.py:4180} INFO - Setting next_dagrun for example_subdag_operator.section-1 to None, run_after=None
[2026-04-08T12:48:46.237+0530] {logging_mixin.py:190} INFO - [2026-04-08T12:48:46.237+0530] {dag.py:4180} INFO - Setting next_dagrun for example_subdag_operator.section-2 to None, run_after=None
[2026-04-08T12:48:46.240+0530] {logging_mixin.py:190} INFO - [2026-04-08T12:48:46.240+0530] {dag.py:3239} INFO - Sync 2 DAGs
[2026-04-08T12:48:46.241+0530] {logging_mixin.py:190} INFO - [2026-04-08T12:48:46.241+0530] {dag.py:4180} INFO - Setting next_dagrun for example_subdag_operator.section-1 to None, run_after=None
[2026-04-08T12:48:46.242+0530] {logging_mixin.py:190} INFO - [2026-04-08T12:48:46.242+0530] {dag.py:4180} INFO - Setting next_dagrun for example_subdag_operator.section-2 to None, run_after=None
[2026-04-08T12:48:46.246+0530] {processor.py:208} INFO - Processing /Users/navalyemul/Documents/uptime/airflow_venv/lib/python3.12/site-packages/airflow/example_dags/example_subdag_operator.py took 0.078 seconds
[2026-04-08T12:50:09.580+0530] {processor.py:186} INFO - Started process (PID=19658) to work on /Users/navalyemul/Documents/uptime/airflow_venv/lib/python3.12/site-packages/airflow/example_dags/example_subdag_operator.py
[2026-04-08T12:50:09.581+0530] {processor.py:914} INFO - Processing file /Users/navalyemul/Documents/uptime/airflow_venv/lib/python3.12/site-packages/airflow/example_dags/example_subdag_operator.py for tasks to queue
[2026-04-08T12:50:09.582+0530] {logging_mixin.py:190} INFO - [2026-04-08T12:50:09.582+0530] {dagbag.py:588} INFO - Filling up the DagBag from /Users/navalyemul/Documents/uptime/airflow_venv/lib/python3.12/site-packages/airflow/example_dags/example_subdag_operator.py
[2026-04-08T12:50:09.624+0530] {processor.py:925} INFO - DAG(s) 'example_subdag_operator.section-1', 'example_subdag_operator.section-2', 'example_subdag_operator' retrieved from /Users/navalyemul/Documents/uptime/airflow_venv/lib/python3.12/site-packages/airflow/example_dags/example_subdag_operator.py
[2026-04-08T12:50:09.631+0530] {logging_mixin.py:190} INFO - [2026-04-08T12:50:09.631+0530] {workday.py:41} WARNING - Could not import pandas. Holidays will not be considered.
[2026-04-08T12:50:09.639+0530] {logging_mixin.py:190} INFO - [2026-04-08T12:50:09.638+0530] {dag.py:3239} INFO - Sync 3 DAGs
[2026-04-08T12:50:09.647+0530] {logging_mixin.py:190} INFO - [2026-04-08T12:50:09.647+0530] {dag.py:4180} INFO - Setting next_dagrun for example_subdag_operator to 2022-01-01 00:00:00+00:00, run_after=2022-01-01 00:00:00+00:00
[2026-04-08T12:50:09.648+0530] {logging_mixin.py:190} INFO - [2026-04-08T12:50:09.648+0530] {dag.py:4180} INFO - Setting next_dagrun for example_subdag_operator.section-1 to None, run_after=None
[2026-04-08T12:50:09.649+0530] {logging_mixin.py:190} INFO - [2026-04-08T12:50:09.648+0530] {dag.py:4180} INFO - Setting next_dagrun for example_subdag_operator.section-2 to None, run_after=None
[2026-04-08T12:50:09.651+0530] {logging_mixin.py:190} INFO - [2026-04-08T12:50:09.651+0530] {dag.py:3239} INFO - Sync 2 DAGs
[2026-04-08T12:50:09.652+0530] {logging_mixin.py:190} INFO - [2026-04-08T12:50:09.652+0530] {dag.py:4180} INFO - Setting next_dagrun for example_subdag_operator.section-1 to None, run_after=None
[2026-04-08T12:50:09.652+0530] {logging_mixin.py:190} INFO - [2026-04-08T12:50:09.652+0530] {dag.py:4180} INFO - Setting next_dagrun for example_subdag_operator.section-2 to None, run_after=None
[2026-04-08T12:50:09.657+0530] {processor.py:208} INFO - Processing /Users/navalyemul/Documents/uptime/airflow_venv/lib/python3.12/site-packages/airflow/example_dags/example_subdag_operator.py took 0.079 seconds
[2026-04-08T12:51:43.129+0530] {processor.py:186} INFO - Started process (PID=20604) to work on /Users/navalyemul/Documents/uptime/airflow_venv/lib/python3.12/site-packages/airflow/example_dags/example_subdag_operator.py
[2026-04-08T12:51:43.130+0530] {processor.py:914} INFO - Processing file /Users/navalyemul/Documents/uptime/airflow_venv/lib/python3.12/site-packages/airflow/example_dags/example_subdag_operator.py for tasks to queue
[2026-04-08T12:51:43.131+0530] {logging_mixin.py:190} INFO - [2026-04-08T12:51:43.130+0530] {dagbag.py:588} INFO - Filling up the DagBag from /Users/navalyemul/Documents/uptime/airflow_venv/lib/python3.12/site-packages/airflow/example_dags/example_subdag_operator.py
[2026-04-08T12:51:43.177+0530] {processor.py:925} INFO - DAG(s) 'example_subdag_operator.section-1', 'example_subdag_operator.section-2', 'example_subdag_operator' retrieved from /Users/navalyemul/Documents/uptime/airflow_venv/lib/python3.12/site-packages/airflow/example_dags/example_subdag_operator.py
[2026-04-08T12:51:43.184+0530] {logging_mixin.py:190} INFO - [2026-04-08T12:51:43.184+0530] {workday.py:41} WARNING - Could not import pandas. Holidays will not be considered.
[2026-04-08T12:51:43.192+0530] {logging_mixin.py:190} INFO - [2026-04-08T12:51:43.192+0530] {dag.py:3239} INFO - Sync 3 DAGs
[2026-04-08T12:51:43.201+0530] {logging_mixin.py:190} INFO - [2026-04-08T12:51:43.201+0530] {dag.py:4180} INFO - Setting next_dagrun for example_subdag_operator to 2022-01-01 00:00:00+00:00, run_after=2022-01-01 00:00:00+00:00
[2026-04-08T12:51:43.202+0530] {logging_mixin.py:190} INFO - [2026-04-08T12:51:43.202+0530] {dag.py:4180} INFO - Setting next_dagrun for example_subdag_operator.section-1 to None, run_after=None
[2026-04-08T12:51:43.203+0530] {logging_mixin.py:190} INFO - [2026-04-08T12:51:43.203+0530] {dag.py:4180} INFO - Setting next_dagrun for example_subdag_operator.section-2 to None, run_after=None
[2026-04-08T12:51:43.205+0530] {logging_mixin.py:190} INFO - [2026-04-08T12:51:43.205+0530] {dag.py:3239} INFO - Sync 2 DAGs
[2026-04-08T12:51:43.207+0530] {logging_mixin.py:190} INFO - [2026-04-08T12:51:43.207+0530] {dag.py:4180} INFO - Setting next_dagrun for example_subdag_operator.section-1 to None, run_after=None
[2026-04-08T12:51:43.207+0530] {logging_mixin.py:190} INFO - [2026-04-08T12:51:43.207+0530] {dag.py:4180} INFO - Setting next_dagrun for example_subdag_operator.section-2 to None, run_after=None
[2026-04-08T12:51:43.212+0530] {processor.py:208} INFO - Processing /Users/navalyemul/Documents/uptime/airflow_venv/lib/python3.12/site-packages/airflow/example_dags/example_subdag_operator.py took 0.085 seconds
[2026-04-08T12:53:29.161+0530] {processor.py:186} INFO - Started process (PID=21553) to work on /Users/navalyemul/Documents/uptime/airflow_venv/lib/python3.12/site-packages/airflow/example_dags/example_subdag_operator.py
[2026-04-08T12:53:29.163+0530] {processor.py:914} INFO - Processing file /Users/navalyemul/Documents/uptime/airflow_venv/lib/python3.12/site-packages/airflow/example_dags/example_subdag_operator.py for tasks to queue
[2026-04-08T12:53:29.165+0530] {logging_mixin.py:190} INFO - [2026-04-08T12:53:29.165+0530] {dagbag.py:588} INFO - Filling up the DagBag from /Users/navalyemul/Documents/uptime/airflow_venv/lib/python3.12/site-packages/airflow/example_dags/example_subdag_operator.py
[2026-04-08T12:53:29.277+0530] {processor.py:925} INFO - DAG(s) 'example_subdag_operator.section-1', 'example_subdag_operator.section-2', 'example_subdag_operator' retrieved from /Users/navalyemul/Documents/uptime/airflow_venv/lib/python3.12/site-packages/airflow/example_dags/example_subdag_operator.py
[2026-04-08T12:53:29.294+0530] {logging_mixin.py:190} INFO - [2026-04-08T12:53:29.294+0530] {workday.py:41} WARNING - Could not import pandas. Holidays will not be considered.
[2026-04-08T12:53:29.311+0530] {logging_mixin.py:190} INFO - [2026-04-08T12:53:29.310+0530] {dag.py:3239} INFO - Sync 3 DAGs
[2026-04-08T12:53:29.331+0530] {logging_mixin.py:190} INFO - [2026-04-08T12:53:29.330+0530] {dag.py:4180} INFO - Setting next_dagrun for example_subdag_operator to 2022-01-01 00:00:00+00:00, run_after=2022-01-01 00:00:00+00:00
[2026-04-08T12:53:29.335+0530] {logging_mixin.py:190} INFO - [2026-04-08T12:53:29.335+0530] {dag.py:4180} INFO - Setting next_dagrun for example_subdag_operator.section-1 to None, run_after=None
[2026-04-08T12:53:29.335+0530] {logging_mixin.py:190} INFO - [2026-04-08T12:53:29.335+0530] {dag.py:4180} INFO - Setting next_dagrun for example_subdag_operator.section-2 to None, run_after=None
[2026-04-08T12:53:29.341+0530] {logging_mixin.py:190} INFO - [2026-04-08T12:53:29.341+0530] {dag.py:3239} INFO - Sync 2 DAGs
[2026-04-08T12:53:29.345+0530] {logging_mixin.py:190} INFO - [2026-04-08T12:53:29.345+0530] {dag.py:4180} INFO - Setting next_dagrun for example_subdag_operator.section-1 to None, run_after=None
[2026-04-08T12:53:29.345+0530] {logging_mixin.py:190} INFO - [2026-04-08T12:53:29.345+0530] {dag.py:4180} INFO - Setting next_dagrun for example_subdag_operator.section-2 to None, run_after=None
[2026-04-08T12:53:29.360+0530] {processor.py:208} INFO - Processing /Users/navalyemul/Documents/uptime/airflow_venv/lib/python3.12/site-packages/airflow/example_dags/example_subdag_operator.py took 0.204 seconds
[2026-04-08T12:55:18.506+0530] {processor.py:186} INFO - Started process (PID=22432) to work on /Users/navalyemul/Documents/uptime/airflow_venv/lib/python3.12/site-packages/airflow/example_dags/example_subdag_operator.py
[2026-04-08T12:55:18.507+0530] {processor.py:914} INFO - Processing file /Users/navalyemul/Documents/uptime/airflow_venv/lib/python3.12/site-packages/airflow/example_dags/example_subdag_operator.py for tasks to queue
[2026-04-08T12:55:18.507+0530] {logging_mixin.py:190} INFO - [2026-04-08T12:55:18.507+0530] {dagbag.py:588} INFO - Filling up the DagBag from /Users/navalyemul/Documents/uptime/airflow_venv/lib/python3.12/site-packages/airflow/example_dags/example_subdag_operator.py
[2026-04-08T12:55:18.552+0530] {processor.py:925} INFO - DAG(s) 'example_subdag_operator.section-1', 'example_subdag_operator.section-2', 'example_subdag_operator' retrieved from /Users/navalyemul/Documents/uptime/airflow_venv/lib/python3.12/site-packages/airflow/example_dags/example_subdag_operator.py
[2026-04-08T12:55:18.559+0530] {logging_mixin.py:190} INFO - [2026-04-08T12:55:18.559+0530] {workday.py:41} WARNING - Could not import pandas. Holidays will not be considered.
[2026-04-08T12:55:18.570+0530] {logging_mixin.py:190} INFO - [2026-04-08T12:55:18.569+0530] {dag.py:3239} INFO - Sync 3 DAGs
[2026-04-08T12:55:18.579+0530] {logging_mixin.py:190} INFO - [2026-04-08T12:55:18.578+0530] {dag.py:4180} INFO - Setting next_dagrun for example_subdag_operator to 2022-01-01 00:00:00+00:00, run_after=2022-01-01 00:00:00+00:00
[2026-04-08T12:55:18.581+0530] {logging_mixin.py:190} INFO - [2026-04-08T12:55:18.580+0530] {dag.py:4180} INFO - Setting next_dagrun for example_subdag_operator.section-1 to None, run_after=None
[2026-04-08T12:55:18.581+0530] {logging_mixin.py:190} INFO - [2026-04-08T12:55:18.581+0530] {dag.py:4180} INFO - Setting next_dagrun for example_subdag_operator.section-2 to None, run_after=None
[2026-04-08T12:55:18.584+0530] {logging_mixin.py:190} INFO - [2026-04-08T12:55:18.583+0530] {dag.py:3239} INFO - Sync 2 DAGs
[2026-04-08T12:55:18.586+0530] {logging_mixin.py:190} INFO - [2026-04-08T12:55:18.586+0530] {dag.py:4180} INFO - Setting next_dagrun for example_subdag_operator.section-1 to None, run_after=None
[2026-04-08T12:55:18.587+0530] {logging_mixin.py:190} INFO - [2026-04-08T12:55:18.587+0530] {dag.py:4180} INFO - Setting next_dagrun for example_subdag_operator.section-2 to None, run_after=None
[2026-04-08T12:55:18.593+0530] {processor.py:208} INFO - Processing /Users/navalyemul/Documents/uptime/airflow_venv/lib/python3.12/site-packages/airflow/example_dags/example_subdag_operator.py took 0.089 seconds
[2026-04-08T12:56:52.073+0530] {processor.py:186} INFO - Started process (PID=23405) to work on /Users/navalyemul/Documents/uptime/airflow_venv/lib/python3.12/site-packages/airflow/example_dags/example_subdag_operator.py
[2026-04-08T12:56:52.074+0530] {processor.py:914} INFO - Processing file /Users/navalyemul/Documents/uptime/airflow_venv/lib/python3.12/site-packages/airflow/example_dags/example_subdag_operator.py for tasks to queue
[2026-04-08T12:56:52.075+0530] {logging_mixin.py:190} INFO - [2026-04-08T12:56:52.075+0530] {dagbag.py:588} INFO - Filling up the DagBag from /Users/navalyemul/Documents/uptime/airflow_venv/lib/python3.12/site-packages/airflow/example_dags/example_subdag_operator.py
[2026-04-08T12:56:52.116+0530] {processor.py:925} INFO - DAG(s) 'example_subdag_operator.section-1', 'example_subdag_operator.section-2', 'example_subdag_operator' retrieved from /Users/navalyemul/Documents/uptime/airflow_venv/lib/python3.12/site-packages/airflow/example_dags/example_subdag_operator.py
[2026-04-08T12:56:52.123+0530] {logging_mixin.py:190} INFO - [2026-04-08T12:56:52.122+0530] {workday.py:41} WARNING - Could not import pandas. Holidays will not be considered.
[2026-04-08T12:56:52.131+0530] {logging_mixin.py:190} INFO - [2026-04-08T12:56:52.130+0530] {dag.py:3239} INFO - Sync 3 DAGs
[2026-04-08T12:56:52.139+0530] {logging_mixin.py:190} INFO - [2026-04-08T12:56:52.139+0530] {dag.py:4180} INFO - Setting next_dagrun for example_subdag_operator to 2022-01-01 00:00:00+00:00, run_after=2022-01-01 00:00:00+00:00
[2026-04-08T12:56:52.140+0530] {logging_mixin.py:190} INFO - [2026-04-08T12:56:52.140+0530] {dag.py:4180} INFO - Setting next_dagrun for example_subdag_operator.section-1 to None, run_after=None
[2026-04-08T12:56:52.141+0530] {logging_mixin.py:190} INFO - [2026-04-08T12:56:52.141+0530] {dag.py:4180} INFO - Setting next_dagrun for example_subdag_operator.section-2 to None, run_after=None
[2026-04-08T12:56:52.143+0530] {logging_mixin.py:190} INFO - [2026-04-08T12:56:52.143+0530] {dag.py:3239} INFO - Sync 2 DAGs
[2026-04-08T12:56:52.145+0530] {logging_mixin.py:190} INFO - [2026-04-08T12:56:52.145+0530] {dag.py:4180} INFO - Setting next_dagrun for example_subdag_operator.section-1 to None, run_after=None
[2026-04-08T12:56:52.145+0530] {logging_mixin.py:190} INFO - [2026-04-08T12:56:52.145+0530] {dag.py:4180} INFO - Setting next_dagrun for example_subdag_operator.section-2 to None, run_after=None
[2026-04-08T12:56:52.151+0530] {processor.py:208} INFO - Processing /Users/navalyemul/Documents/uptime/airflow_venv/lib/python3.12/site-packages/airflow/example_dags/example_subdag_operator.py took 0.079 seconds
[2026-04-08T12:58:19.588+0530] {processor.py:186} INFO - Started process (PID=24338) to work on /Users/navalyemul/Documents/uptime/airflow_venv/lib/python3.12/site-packages/airflow/example_dags/example_subdag_operator.py
[2026-04-08T12:58:19.589+0530] {processor.py:914} INFO - Processing file /Users/navalyemul/Documents/uptime/airflow_venv/lib/python3.12/site-packages/airflow/example_dags/example_subdag_operator.py for tasks to queue
[2026-04-08T12:58:19.590+0530] {logging_mixin.py:190} INFO - [2026-04-08T12:58:19.590+0530] {dagbag.py:588} INFO - Filling up the DagBag from /Users/navalyemul/Documents/uptime/airflow_venv/lib/python3.12/site-packages/airflow/example_dags/example_subdag_operator.py
[2026-04-08T12:58:19.636+0530] {processor.py:925} INFO - DAG(s) 'example_subdag_operator.section-1', 'example_subdag_operator.section-2', 'example_subdag_operator' retrieved from /Users/navalyemul/Documents/uptime/airflow_venv/lib/python3.12/site-packages/airflow/example_dags/example_subdag_operator.py
[2026-04-08T12:58:19.645+0530] {logging_mixin.py:190} INFO - [2026-04-08T12:58:19.644+0530] {workday.py:41} WARNING - Could not import pandas. Holidays will not be considered.
[2026-04-08T12:58:19.658+0530] {logging_mixin.py:190} INFO - [2026-04-08T12:58:19.658+0530] {dag.py:3239} INFO - Sync 3 DAGs
[2026-04-08T12:58:19.668+0530] {logging_mixin.py:190} INFO - [2026-04-08T12:58:19.668+0530] {dag.py:4180} INFO - Setting next_dagrun for example_subdag_operator to 2022-01-01 00:00:00+00:00, run_after=2022-01-01 00:00:00+00:00
[2026-04-08T12:58:19.670+0530] {logging_mixin.py:190} INFO - [2026-04-08T12:58:19.670+0530] {dag.py:4180} INFO - Setting next_dagrun for example_subdag_operator.section-1 to None, run_after=None
[2026-04-08T12:58:19.670+0530] {logging_mixin.py:190} INFO - [2026-04-08T12:58:19.670+0530] {dag.py:4180} INFO - Setting next_dagrun for example_subdag_operator.section-2 to None, run_after=None
[2026-04-08T12:58:19.673+0530] {logging_mixin.py:190} INFO - [2026-04-08T12:58:19.673+0530] {dag.py:3239} INFO - Sync 2 DAGs
[2026-04-08T12:58:19.675+0530] {logging_mixin.py:190} INFO - [2026-04-08T12:58:19.675+0530] {dag.py:4180} INFO - Setting next_dagrun for example_subdag_operator.section-1 to None, run_after=None
[2026-04-08T12:58:19.675+0530] {logging_mixin.py:190} INFO - [2026-04-08T12:58:19.675+0530] {dag.py:4180} INFO - Setting next_dagrun for example_subdag_operator.section-2 to None, run_after=None
[2026-04-08T12:58:19.681+0530] {processor.py:208} INFO - Processing /Users/navalyemul/Documents/uptime/airflow_venv/lib/python3.12/site-packages/airflow/example_dags/example_subdag_operator.py took 0.095 seconds
[2026-04-08T12:59:44.351+0530] {processor.py:186} INFO - Started process (PID=25250) to work on /Users/navalyemul/Documents/uptime/airflow_venv/lib/python3.12/site-packages/airflow/example_dags/example_subdag_operator.py
[2026-04-08T12:59:44.351+0530] {processor.py:914} INFO - Processing file /Users/navalyemul/Documents/uptime/airflow_venv/lib/python3.12/site-packages/airflow/example_dags/example_subdag_operator.py for tasks to queue
[2026-04-08T12:59:44.352+0530] {logging_mixin.py:190} INFO - [2026-04-08T12:59:44.352+0530] {dagbag.py:588} INFO - Filling up the DagBag from /Users/navalyemul/Documents/uptime/airflow_venv/lib/python3.12/site-packages/airflow/example_dags/example_subdag_operator.py
[2026-04-08T12:59:44.395+0530] {processor.py:925} INFO - DAG(s) 'example_subdag_operator.section-1', 'example_subdag_operator.section-2', 'example_subdag_operator' retrieved from /Users/navalyemul/Documents/uptime/airflow_venv/lib/python3.12/site-packages/airflow/example_dags/example_subdag_operator.py
[2026-04-08T12:59:44.402+0530] {logging_mixin.py:190} INFO - [2026-04-08T12:59:44.401+0530] {workday.py:41} WARNING - Could not import pandas. Holidays will not be considered.
[2026-04-08T12:59:44.409+0530] {logging_mixin.py:190} INFO - [2026-04-08T12:59:44.409+0530] {dag.py:3239} INFO - Sync 3 DAGs
[2026-04-08T12:59:44.417+0530] {logging_mixin.py:190} INFO - [2026-04-08T12:59:44.417+0530] {dag.py:4180} INFO - Setting next_dagrun for example_subdag_operator to 2022-01-01 00:00:00+00:00, run_after=2022-01-01 00:00:00+00:00
[2026-04-08T12:59:44.419+0530] {logging_mixin.py:190} INFO - [2026-04-08T12:59:44.419+0530] {dag.py:4180} INFO - Setting next_dagrun for example_subdag_operator.section-1 to None, run_after=None
[2026-04-08T12:59:44.419+0530] {logging_mixin.py:190} INFO - [2026-04-08T12:59:44.419+0530] {dag.py:4180} INFO - Setting next_dagrun for example_subdag_operator.section-2 to None, run_after=None
[2026-04-08T12:59:44.421+0530] {logging_mixin.py:190} INFO - [2026-04-08T12:59:44.421+0530] {dag.py:3239} INFO - Sync 2 DAGs
[2026-04-08T12:59:44.423+0530] {logging_mixin.py:190} INFO - [2026-04-08T12:59:44.423+0530] {dag.py:4180} INFO - Setting next_dagrun for example_subdag_operator.section-1 to None, run_after=None
[2026-04-08T12:59:44.423+0530] {logging_mixin.py:190} INFO - [2026-04-08T12:59:44.423+0530] {dag.py:4180} INFO - Setting next_dagrun for example_subdag_operator.section-2 to None, run_after=None
[2026-04-08T12:59:44.428+0530] {processor.py:208} INFO - Processing /Users/navalyemul/Documents/uptime/airflow_venv/lib/python3.12/site-packages/airflow/example_dags/example_subdag_operator.py took 0.079 seconds
[2026-04-08T13:01:05.652+0530] {processor.py:186} INFO - Started process (PID=26189) to work on /Users/navalyemul/Documents/uptime/airflow_venv/lib/python3.12/site-packages/airflow/example_dags/example_subdag_operator.py
[2026-04-08T13:01:05.653+0530] {processor.py:914} INFO - Processing file /Users/navalyemul/Documents/uptime/airflow_venv/lib/python3.12/site-packages/airflow/example_dags/example_subdag_operator.py for tasks to queue
[2026-04-08T13:01:05.653+0530] {logging_mixin.py:190} INFO - [2026-04-08T13:01:05.653+0530] {dagbag.py:588} INFO - Filling up the DagBag from /Users/navalyemul/Documents/uptime/airflow_venv/lib/python3.12/site-packages/airflow/example_dags/example_subdag_operator.py
[2026-04-08T13:01:05.699+0530] {processor.py:925} INFO - DAG(s) 'example_subdag_operator.section-1', 'example_subdag_operator.section-2', 'example_subdag_operator' retrieved from /Users/navalyemul/Documents/uptime/airflow_venv/lib/python3.12/site-packages/airflow/example_dags/example_subdag_operator.py
[2026-04-08T13:01:05.706+0530] {logging_mixin.py:190} INFO - [2026-04-08T13:01:05.705+0530] {workday.py:41} WARNING - Could not import pandas. Holidays will not be considered.
[2026-04-08T13:01:05.714+0530] {logging_mixin.py:190} INFO - [2026-04-08T13:01:05.713+0530] {dag.py:3239} INFO - Sync 3 DAGs
[2026-04-08T13:01:05.722+0530] {logging_mixin.py:190} INFO - [2026-04-08T13:01:05.722+0530] {dag.py:4180} INFO - Setting next_dagrun for example_subdag_operator to 2022-01-01 00:00:00+00:00, run_after=2022-01-01 00:00:00+00:00
[2026-04-08T13:01:05.723+0530] {logging_mixin.py:190} INFO - [2026-04-08T13:01:05.723+0530] {dag.py:4180} INFO - Setting next_dagrun for example_subdag_operator.section-1 to None, run_after=None
[2026-04-08T13:01:05.724+0530] {logging_mixin.py:190} INFO - [2026-04-08T13:01:05.724+0530] {dag.py:4180} INFO - Setting next_dagrun for example_subdag_operator.section-2 to None, run_after=None
[2026-04-08T13:01:05.726+0530] {logging_mixin.py:190} INFO - [2026-04-08T13:01:05.726+0530] {dag.py:3239} INFO - Sync 2 DAGs
[2026-04-08T13:01:05.728+0530] {logging_mixin.py:190} INFO - [2026-04-08T13:01:05.728+0530] {dag.py:4180} INFO - Setting next_dagrun for example_subdag_operator.section-1 to None, run_after=None
[2026-04-08T13:01:05.728+0530] {logging_mixin.py:190} INFO - [2026-04-08T13:01:05.728+0530] {dag.py:4180} INFO - Setting next_dagrun for example_subdag_operator.section-2 to None, run_after=None
[2026-04-08T13:01:05.733+0530] {processor.py:208} INFO - Processing /Users/navalyemul/Documents/uptime/airflow_venv/lib/python3.12/site-packages/airflow/example_dags/example_subdag_operator.py took 0.083 seconds
[2026-04-08T13:02:25.217+0530] {processor.py:186} INFO - Started process (PID=27099) to work on /Users/navalyemul/Documents/uptime/airflow_venv/lib/python3.12/site-packages/airflow/example_dags/example_subdag_operator.py
[2026-04-08T13:02:25.218+0530] {processor.py:914} INFO - Processing file /Users/navalyemul/Documents/uptime/airflow_venv/lib/python3.12/site-packages/airflow/example_dags/example_subdag_operator.py for tasks to queue
[2026-04-08T13:02:25.219+0530] {logging_mixin.py:190} INFO - [2026-04-08T13:02:25.219+0530] {dagbag.py:588} INFO - Filling up the DagBag from /Users/navalyemul/Documents/uptime/airflow_venv/lib/python3.12/site-packages/airflow/example_dags/example_subdag_operator.py
[2026-04-08T13:02:25.262+0530] {processor.py:925} INFO - DAG(s) 'example_subdag_operator.section-1', 'example_subdag_operator.section-2', 'example_subdag_operator' retrieved from /Users/navalyemul/Documents/uptime/airflow_venv/lib/python3.12/site-packages/airflow/example_dags/example_subdag_operator.py
[2026-04-08T13:02:25.269+0530] {logging_mixin.py:190} INFO - [2026-04-08T13:02:25.269+0530] {workday.py:41} WARNING - Could not import pandas. Holidays will not be considered.
[2026-04-08T13:02:25.277+0530] {logging_mixin.py:190} INFO - [2026-04-08T13:02:25.277+0530] {dag.py:3239} INFO - Sync 3 DAGs
[2026-04-08T13:02:25.285+0530] {logging_mixin.py:190} INFO - [2026-04-08T13:02:25.285+0530] {dag.py:4180} INFO - Setting next_dagrun for example_subdag_operator to 2022-01-01 00:00:00+00:00, run_after=2022-01-01 00:00:00+00:00
[2026-04-08T13:02:25.286+0530] {logging_mixin.py:190} INFO - [2026-04-08T13:02:25.286+0530] {dag.py:4180} INFO - Setting next_dagrun for example_subdag_operator.section-1 to None, run_after=None
[2026-04-08T13:02:25.287+0530] {logging_mixin.py:190} INFO - [2026-04-08T13:02:25.286+0530] {dag.py:4180} INFO - Setting next_dagrun for example_subdag_operator.section-2 to None, run_after=None
[2026-04-08T13:02:25.289+0530] {logging_mixin.py:190} INFO - [2026-04-08T13:02:25.289+0530] {dag.py:3239} INFO - Sync 2 DAGs
[2026-04-08T13:02:25.290+0530] {logging_mixin.py:190} INFO - [2026-04-08T13:02:25.290+0530] {dag.py:4180} INFO - Setting next_dagrun for example_subdag_operator.section-1 to None, run_after=None
[2026-04-08T13:02:25.291+0530] {logging_mixin.py:190} INFO - [2026-04-08T13:02:25.291+0530] {dag.py:4180} INFO - Setting next_dagrun for example_subdag_operator.section-2 to None, run_after=None
[2026-04-08T13:02:25.295+0530] {processor.py:208} INFO - Processing /Users/navalyemul/Documents/uptime/airflow_venv/lib/python3.12/site-packages/airflow/example_dags/example_subdag_operator.py took 0.081 seconds
[2026-04-08T13:03:48.670+0530] {processor.py:186} INFO - Started process (PID=28111) to work on /Users/navalyemul/Documents/uptime/airflow_venv/lib/python3.12/site-packages/airflow/example_dags/example_subdag_operator.py
[2026-04-08T13:03:48.672+0530] {processor.py:914} INFO - Processing file /Users/navalyemul/Documents/uptime/airflow_venv/lib/python3.12/site-packages/airflow/example_dags/example_subdag_operator.py for tasks to queue
[2026-04-08T13:03:48.672+0530] {logging_mixin.py:190} INFO - [2026-04-08T13:03:48.672+0530] {dagbag.py:588} INFO - Filling up the DagBag from /Users/navalyemul/Documents/uptime/airflow_venv/lib/python3.12/site-packages/airflow/example_dags/example_subdag_operator.py
[2026-04-08T13:03:48.719+0530] {processor.py:925} INFO - DAG(s) 'example_subdag_operator.section-1', 'example_subdag_operator.section-2', 'example_subdag_operator' retrieved from /Users/navalyemul/Documents/uptime/airflow_venv/lib/python3.12/site-packages/airflow/example_dags/example_subdag_operator.py
[2026-04-08T13:03:48.727+0530] {logging_mixin.py:190} INFO - [2026-04-08T13:03:48.727+0530] {workday.py:41} WARNING - Could not import pandas. Holidays will not be considered.
[2026-04-08T13:03:48.736+0530] {logging_mixin.py:190} INFO - [2026-04-08T13:03:48.736+0530] {dag.py:3239} INFO - Sync 3 DAGs
[2026-04-08T13:03:48.745+0530] {logging_mixin.py:190} INFO - [2026-04-08T13:03:48.744+0530] {dag.py:4180} INFO - Setting next_dagrun for example_subdag_operator to 2022-01-01 00:00:00+00:00, run_after=2022-01-01 00:00:00+00:00
[2026-04-08T13:03:48.746+0530] {logging_mixin.py:190} INFO - [2026-04-08T13:03:48.746+0530] {dag.py:4180} INFO - Setting next_dagrun for example_subdag_operator.section-1 to None, run_after=None
[2026-04-08T13:03:48.746+0530] {logging_mixin.py:190} INFO - [2026-04-08T13:03:48.746+0530] {dag.py:4180} INFO - Setting next_dagrun for example_subdag_operator.section-2 to None, run_after=None
[2026-04-08T13:03:48.749+0530] {logging_mixin.py:190} INFO - [2026-04-08T13:03:48.749+0530] {dag.py:3239} INFO - Sync 2 DAGs
[2026-04-08T13:03:48.751+0530] {logging_mixin.py:190} INFO - [2026-04-08T13:03:48.750+0530] {dag.py:4180} INFO - Setting next_dagrun for example_subdag_operator.section-1 to None, run_after=None
[2026-04-08T13:03:48.751+0530] {logging_mixin.py:190} INFO - [2026-04-08T13:03:48.751+0530] {dag.py:4180} INFO - Setting next_dagrun for example_subdag_operator.section-2 to None, run_after=None
[2026-04-08T13:03:48.756+0530] {processor.py:208} INFO - Processing /Users/navalyemul/Documents/uptime/airflow_venv/lib/python3.12/site-packages/airflow/example_dags/example_subdag_operator.py took 0.087 seconds
[2026-04-08T13:05:13.987+0530] {processor.py:186} INFO - Started process (PID=29063) to work on /Users/navalyemul/Documents/uptime/airflow_venv/lib/python3.12/site-packages/airflow/example_dags/example_subdag_operator.py
[2026-04-08T13:05:13.988+0530] {processor.py:914} INFO - Processing file /Users/navalyemul/Documents/uptime/airflow_venv/lib/python3.12/site-packages/airflow/example_dags/example_subdag_operator.py for tasks to queue
[2026-04-08T13:05:13.988+0530] {logging_mixin.py:190} INFO - [2026-04-08T13:05:13.988+0530] {dagbag.py:588} INFO - Filling up the DagBag from /Users/navalyemul/Documents/uptime/airflow_venv/lib/python3.12/site-packages/airflow/example_dags/example_subdag_operator.py
[2026-04-08T13:05:14.036+0530] {processor.py:925} INFO - DAG(s) 'example_subdag_operator.section-1', 'example_subdag_operator.section-2', 'example_subdag_operator' retrieved from /Users/navalyemul/Documents/uptime/airflow_venv/lib/python3.12/site-packages/airflow/example_dags/example_subdag_operator.py
[2026-04-08T13:05:14.044+0530] {logging_mixin.py:190} INFO - [2026-04-08T13:05:14.044+0530] {workday.py:41} WARNING - Could not import pandas. Holidays will not be considered.
[2026-04-08T13:05:14.053+0530] {logging_mixin.py:190} INFO - [2026-04-08T13:05:14.052+0530] {dag.py:3239} INFO - Sync 3 DAGs
[2026-04-08T13:05:14.062+0530] {logging_mixin.py:190} INFO - [2026-04-08T13:05:14.062+0530] {dag.py:4180} INFO - Setting next_dagrun for example_subdag_operator to 2022-01-01 00:00:00+00:00, run_after=2022-01-01 00:00:00+00:00
[2026-04-08T13:05:14.064+0530] {logging_mixin.py:190} INFO - [2026-04-08T13:05:14.064+0530] {dag.py:4180} INFO - Setting next_dagrun for example_subdag_operator.section-1 to None, run_after=None
[2026-04-08T13:05:14.064+0530] {logging_mixin.py:190} INFO - [2026-04-08T13:05:14.064+0530] {dag.py:4180} INFO - Setting next_dagrun for example_subdag_operator.section-2 to None, run_after=None
[2026-04-08T13:05:14.066+0530] {logging_mixin.py:190} INFO - [2026-04-08T13:05:14.066+0530] {dag.py:3239} INFO - Sync 2 DAGs
[2026-04-08T13:05:14.068+0530] {logging_mixin.py:190} INFO - [2026-04-08T13:05:14.068+0530] {dag.py:4180} INFO - Setting next_dagrun for example_subdag_operator.section-1 to None, run_after=None
[2026-04-08T13:05:14.068+0530] {logging_mixin.py:190} INFO - [2026-04-08T13:05:14.068+0530] {dag.py:4180} INFO - Setting next_dagrun for example_subdag_operator.section-2 to None, run_after=None
[2026-04-08T13:05:14.073+0530] {processor.py:208} INFO - Processing /Users/navalyemul/Documents/uptime/airflow_venv/lib/python3.12/site-packages/airflow/example_dags/example_subdag_operator.py took 0.088 seconds
[2026-04-08T13:06:38.531+0530] {processor.py:186} INFO - Started process (PID=29980) to work on /Users/navalyemul/Documents/uptime/airflow_venv/lib/python3.12/site-packages/airflow/example_dags/example_subdag_operator.py
[2026-04-08T13:06:38.532+0530] {processor.py:914} INFO - Processing file /Users/navalyemul/Documents/uptime/airflow_venv/lib/python3.12/site-packages/airflow/example_dags/example_subdag_operator.py for tasks to queue
[2026-04-08T13:06:38.533+0530] {logging_mixin.py:190} INFO - [2026-04-08T13:06:38.533+0530] {dagbag.py:588} INFO - Filling up the DagBag from /Users/navalyemul/Documents/uptime/airflow_venv/lib/python3.12/site-packages/airflow/example_dags/example_subdag_operator.py
[2026-04-08T13:06:38.574+0530] {processor.py:925} INFO - DAG(s) 'example_subdag_operator.section-1', 'example_subdag_operator.section-2', 'example_subdag_operator' retrieved from /Users/navalyemul/Documents/uptime/airflow_venv/lib/python3.12/site-packages/airflow/example_dags/example_subdag_operator.py
[2026-04-08T13:06:38.581+0530] {logging_mixin.py:190} INFO - [2026-04-08T13:06:38.581+0530] {workday.py:41} WARNING - Could not import pandas. Holidays will not be considered.
[2026-04-08T13:06:38.590+0530] {logging_mixin.py:190} INFO - [2026-04-08T13:06:38.589+0530] {dag.py:3239} INFO - Sync 3 DAGs
[2026-04-08T13:06:38.598+0530] {logging_mixin.py:190} INFO - [2026-04-08T13:06:38.598+0530] {dag.py:4180} INFO - Setting next_dagrun for example_subdag_operator to 2022-01-01 00:00:00+00:00, run_after=2022-01-01 00:00:00+00:00
[2026-04-08T13:06:38.599+0530] {logging_mixin.py:190} INFO - [2026-04-08T13:06:38.599+0530] {dag.py:4180} INFO - Setting next_dagrun for example_subdag_operator.section-1 to None, run_after=None
[2026-04-08T13:06:38.600+0530] {logging_mixin.py:190} INFO - [2026-04-08T13:06:38.599+0530] {dag.py:4180} INFO - Setting next_dagrun for example_subdag_operator.section-2 to None, run_after=None
[2026-04-08T13:06:38.602+0530] {logging_mixin.py:190} INFO - [2026-04-08T13:06:38.602+0530] {dag.py:3239} INFO - Sync 2 DAGs
[2026-04-08T13:06:38.604+0530] {logging_mixin.py:190} INFO - [2026-04-08T13:06:38.603+0530] {dag.py:4180} INFO - Setting next_dagrun for example_subdag_operator.section-1 to None, run_after=None
[2026-04-08T13:06:38.604+0530] {logging_mixin.py:190} INFO - [2026-04-08T13:06:38.604+0530] {dag.py:4180} INFO - Setting next_dagrun for example_subdag_operator.section-2 to None, run_after=None
[2026-04-08T13:06:38.608+0530] {processor.py:208} INFO - Processing /Users/navalyemul/Documents/uptime/airflow_venv/lib/python3.12/site-packages/airflow/example_dags/example_subdag_operator.py took 0.079 seconds
[2026-04-08T13:08:00.762+0530] {processor.py:186} INFO - Started process (PID=30877) to work on /Users/navalyemul/Documents/uptime/airflow_venv/lib/python3.12/site-packages/airflow/example_dags/example_subdag_operator.py
[2026-04-08T13:08:00.763+0530] {processor.py:914} INFO - Processing file /Users/navalyemul/Documents/uptime/airflow_venv/lib/python3.12/site-packages/airflow/example_dags/example_subdag_operator.py for tasks to queue
[2026-04-08T13:08:00.764+0530] {logging_mixin.py:190} INFO - [2026-04-08T13:08:00.764+0530] {dagbag.py:588} INFO - Filling up the DagBag from /Users/navalyemul/Documents/uptime/airflow_venv/lib/python3.12/site-packages/airflow/example_dags/example_subdag_operator.py
[2026-04-08T13:08:00.808+0530] {processor.py:925} INFO - DAG(s) 'example_subdag_operator.section-1', 'example_subdag_operator.section-2', 'example_subdag_operator' retrieved from /Users/navalyemul/Documents/uptime/airflow_venv/lib/python3.12/site-packages/airflow/example_dags/example_subdag_operator.py
[2026-04-08T13:08:00.816+0530] {logging_mixin.py:190} INFO - [2026-04-08T13:08:00.816+0530] {workday.py:41} WARNING - Could not import pandas. Holidays will not be considered.
[2026-04-08T13:08:00.826+0530] {logging_mixin.py:190} INFO - [2026-04-08T13:08:00.826+0530] {dag.py:3239} INFO - Sync 3 DAGs
[2026-04-08T13:08:00.836+0530] {logging_mixin.py:190} INFO - [2026-04-08T13:08:00.836+0530] {dag.py:4180} INFO - Setting next_dagrun for example_subdag_operator to 2022-01-01 00:00:00+00:00, run_after=2022-01-01 00:00:00+00:00
[2026-04-08T13:08:00.837+0530] {logging_mixin.py:190} INFO - [2026-04-08T13:08:00.837+0530] {dag.py:4180} INFO - Setting next_dagrun for example_subdag_operator.section-1 to None, run_after=None
[2026-04-08T13:08:00.838+0530] {logging_mixin.py:190} INFO - [2026-04-08T13:08:00.838+0530] {dag.py:4180} INFO - Setting next_dagrun for example_subdag_operator.section-2 to None, run_after=None
[2026-04-08T13:08:00.841+0530] {logging_mixin.py:190} INFO - [2026-04-08T13:08:00.841+0530] {dag.py:3239} INFO - Sync 2 DAGs
[2026-04-08T13:08:00.842+0530] {logging_mixin.py:190} INFO - [2026-04-08T13:08:00.842+0530] {dag.py:4180} INFO - Setting next_dagrun for example_subdag_operator.section-1 to None, run_after=None
[2026-04-08T13:08:00.843+0530] {logging_mixin.py:190} INFO - [2026-04-08T13:08:00.843+0530] {dag.py:4180} INFO - Setting next_dagrun for example_subdag_operator.section-2 to None, run_after=None
[2026-04-08T13:08:00.849+0530] {processor.py:208} INFO - Processing /Users/navalyemul/Documents/uptime/airflow_venv/lib/python3.12/site-packages/airflow/example_dags/example_subdag_operator.py took 0.088 seconds
[2026-04-08T13:09:22.501+0530] {processor.py:186} INFO - Started process (PID=31763) to work on /Users/navalyemul/Documents/uptime/airflow_venv/lib/python3.12/site-packages/airflow/example_dags/example_subdag_operator.py
[2026-04-08T13:09:22.502+0530] {processor.py:914} INFO - Processing file /Users/navalyemul/Documents/uptime/airflow_venv/lib/python3.12/site-packages/airflow/example_dags/example_subdag_operator.py for tasks to queue
[2026-04-08T13:09:22.503+0530] {logging_mixin.py:190} INFO - [2026-04-08T13:09:22.503+0530] {dagbag.py:588} INFO - Filling up the DagBag from /Users/navalyemul/Documents/uptime/airflow_venv/lib/python3.12/site-packages/airflow/example_dags/example_subdag_operator.py
[2026-04-08T13:09:22.551+0530] {processor.py:925} INFO - DAG(s) 'example_subdag_operator.section-1', 'example_subdag_operator.section-2', 'example_subdag_operator' retrieved from /Users/navalyemul/Documents/uptime/airflow_venv/lib/python3.12/site-packages/airflow/example_dags/example_subdag_operator.py
[2026-04-08T13:09:22.559+0530] {logging_mixin.py:190} INFO - [2026-04-08T13:09:22.558+0530] {workday.py:41} WARNING - Could not import pandas. Holidays will not be considered.
[2026-04-08T13:09:22.567+0530] {logging_mixin.py:190} INFO - [2026-04-08T13:09:22.567+0530] {dag.py:3239} INFO - Sync 3 DAGs
[2026-04-08T13:09:22.577+0530] {logging_mixin.py:190} INFO - [2026-04-08T13:09:22.577+0530] {dag.py:4180} INFO - Setting next_dagrun for example_subdag_operator to 2022-01-01 00:00:00+00:00, run_after=2022-01-01 00:00:00+00:00
[2026-04-08T13:09:22.579+0530] {logging_mixin.py:190} INFO - [2026-04-08T13:09:22.579+0530] {dag.py:4180} INFO - Setting next_dagrun for example_subdag_operator.section-1 to None, run_after=None
[2026-04-08T13:09:22.579+0530] {logging_mixin.py:190} INFO - [2026-04-08T13:09:22.579+0530] {dag.py:4180} INFO - Setting next_dagrun for example_subdag_operator.section-2 to None, run_after=None
[2026-04-08T13:09:22.582+0530] {logging_mixin.py:190} INFO - [2026-04-08T13:09:22.582+0530] {dag.py:3239} INFO - Sync 2 DAGs
[2026-04-08T13:09:22.584+0530] {logging_mixin.py:190} INFO - [2026-04-08T13:09:22.584+0530] {dag.py:4180} INFO - Setting next_dagrun for example_subdag_operator.section-1 to None, run_after=None
[2026-04-08T13:09:22.584+0530] {logging_mixin.py:190} INFO - [2026-04-08T13:09:22.584+0530] {dag.py:4180} INFO - Setting next_dagrun for example_subdag_operator.section-2 to None, run_after=None
[2026-04-08T13:09:22.589+0530] {processor.py:208} INFO - Processing /Users/navalyemul/Documents/uptime/airflow_venv/lib/python3.12/site-packages/airflow/example_dags/example_subdag_operator.py took 0.090 seconds
[2026-04-08T13:10:45.181+0530] {processor.py:186} INFO - Started process (PID=32731) to work on /Users/navalyemul/Documents/uptime/airflow_venv/lib/python3.12/site-packages/airflow/example_dags/example_subdag_operator.py
[2026-04-08T13:10:45.182+0530] {processor.py:914} INFO - Processing file /Users/navalyemul/Documents/uptime/airflow_venv/lib/python3.12/site-packages/airflow/example_dags/example_subdag_operator.py for tasks to queue
[2026-04-08T13:10:45.182+0530] {logging_mixin.py:190} INFO - [2026-04-08T13:10:45.182+0530] {dagbag.py:588} INFO - Filling up the DagBag from /Users/navalyemul/Documents/uptime/airflow_venv/lib/python3.12/site-packages/airflow/example_dags/example_subdag_operator.py
[2026-04-08T13:10:45.225+0530] {processor.py:925} INFO - DAG(s) 'example_subdag_operator.section-1', 'example_subdag_operator.section-2', 'example_subdag_operator' retrieved from /Users/navalyemul/Documents/uptime/airflow_venv/lib/python3.12/site-packages/airflow/example_dags/example_subdag_operator.py
[2026-04-08T13:10:45.231+0530] {logging_mixin.py:190} INFO - [2026-04-08T13:10:45.231+0530] {workday.py:41} WARNING - Could not import pandas. Holidays will not be considered.
[2026-04-08T13:10:45.239+0530] {logging_mixin.py:190} INFO - [2026-04-08T13:10:45.239+0530] {dag.py:3239} INFO - Sync 3 DAGs
[2026-04-08T13:10:45.247+0530] {logging_mixin.py:190} INFO - [2026-04-08T13:10:45.247+0530] {dag.py:4180} INFO - Setting next_dagrun for example_subdag_operator to 2022-01-01 00:00:00+00:00, run_after=2022-01-01 00:00:00+00:00
[2026-04-08T13:10:45.248+0530] {logging_mixin.py:190} INFO - [2026-04-08T13:10:45.248+0530] {dag.py:4180} INFO - Setting next_dagrun for example_subdag_operator.section-1 to None, run_after=None
[2026-04-08T13:10:45.249+0530] {logging_mixin.py:190} INFO - [2026-04-08T13:10:45.249+0530] {dag.py:4180} INFO - Setting next_dagrun for example_subdag_operator.section-2 to None, run_after=None
[2026-04-08T13:10:45.251+0530] {logging_mixin.py:190} INFO - [2026-04-08T13:10:45.251+0530] {dag.py:3239} INFO - Sync 2 DAGs
[2026-04-08T13:10:45.253+0530] {logging_mixin.py:190} INFO - [2026-04-08T13:10:45.252+0530] {dag.py:4180} INFO - Setting next_dagrun for example_subdag_operator.section-1 to None, run_after=None
[2026-04-08T13:10:45.253+0530] {logging_mixin.py:190} INFO - [2026-04-08T13:10:45.253+0530] {dag.py:4180} INFO - Setting next_dagrun for example_subdag_operator.section-2 to None, run_after=None
[2026-04-08T13:10:45.257+0530] {processor.py:208} INFO - Processing /Users/navalyemul/Documents/uptime/airflow_venv/lib/python3.12/site-packages/airflow/example_dags/example_subdag_operator.py took 0.078 seconds
[2026-04-08T13:12:09.085+0530] {processor.py:186} INFO - Started process (PID=33653) to work on /Users/navalyemul/Documents/uptime/airflow_venv/lib/python3.12/site-packages/airflow/example_dags/example_subdag_operator.py
[2026-04-08T13:12:09.085+0530] {processor.py:914} INFO - Processing file /Users/navalyemul/Documents/uptime/airflow_venv/lib/python3.12/site-packages/airflow/example_dags/example_subdag_operator.py for tasks to queue
[2026-04-08T13:12:09.086+0530] {logging_mixin.py:190} INFO - [2026-04-08T13:12:09.086+0530] {dagbag.py:588} INFO - Filling up the DagBag from /Users/navalyemul/Documents/uptime/airflow_venv/lib/python3.12/site-packages/airflow/example_dags/example_subdag_operator.py
[2026-04-08T13:12:09.129+0530] {processor.py:925} INFO - DAG(s) 'example_subdag_operator.section-1', 'example_subdag_operator.section-2', 'example_subdag_operator' retrieved from /Users/navalyemul/Documents/uptime/airflow_venv/lib/python3.12/site-packages/airflow/example_dags/example_subdag_operator.py
[2026-04-08T13:12:09.136+0530] {logging_mixin.py:190} INFO - [2026-04-08T13:12:09.136+0530] {workday.py:41} WARNING - Could not import pandas. Holidays will not be considered.
[2026-04-08T13:12:09.144+0530] {logging_mixin.py:190} INFO - [2026-04-08T13:12:09.144+0530] {dag.py:3239} INFO - Sync 3 DAGs
[2026-04-08T13:12:09.152+0530] {logging_mixin.py:190} INFO - [2026-04-08T13:12:09.152+0530] {dag.py:4180} INFO - Setting next_dagrun for example_subdag_operator to 2022-01-01 00:00:00+00:00, run_after=2022-01-01 00:00:00+00:00
[2026-04-08T13:12:09.154+0530] {logging_mixin.py:190} INFO - [2026-04-08T13:12:09.154+0530] {dag.py:4180} INFO - Setting next_dagrun for example_subdag_operator.section-1 to None, run_after=None
[2026-04-08T13:12:09.154+0530] {logging_mixin.py:190} INFO - [2026-04-08T13:12:09.154+0530] {dag.py:4180} INFO - Setting next_dagrun for example_subdag_operator.section-2 to None, run_after=None
[2026-04-08T13:12:09.157+0530] {logging_mixin.py:190} INFO - [2026-04-08T13:12:09.156+0530] {dag.py:3239} INFO - Sync 2 DAGs
[2026-04-08T13:12:09.158+0530] {logging_mixin.py:190} INFO - [2026-04-08T13:12:09.158+0530] {dag.py:4180} INFO - Setting next_dagrun for example_subdag_operator.section-1 to None, run_after=None
[2026-04-08T13:12:09.159+0530] {logging_mixin.py:190} INFO - [2026-04-08T13:12:09.158+0530] {dag.py:4180} INFO - Setting next_dagrun for example_subdag_operator.section-2 to None, run_after=None
[2026-04-08T13:12:09.164+0530] {processor.py:208} INFO - Processing /Users/navalyemul/Documents/uptime/airflow_venv/lib/python3.12/site-packages/airflow/example_dags/example_subdag_operator.py took 0.081 seconds
[2026-04-08T13:13:31.516+0530] {processor.py:186} INFO - Started process (PID=34570) to work on /Users/navalyemul/Documents/uptime/airflow_venv/lib/python3.12/site-packages/airflow/example_dags/example_subdag_operator.py
[2026-04-08T13:13:31.517+0530] {processor.py:914} INFO - Processing file /Users/navalyemul/Documents/uptime/airflow_venv/lib/python3.12/site-packages/airflow/example_dags/example_subdag_operator.py for tasks to queue
[2026-04-08T13:13:31.517+0530] {logging_mixin.py:190} INFO - [2026-04-08T13:13:31.517+0530] {dagbag.py:588} INFO - Filling up the DagBag from /Users/navalyemul/Documents/uptime/airflow_venv/lib/python3.12/site-packages/airflow/example_dags/example_subdag_operator.py
[2026-04-08T13:13:31.560+0530] {processor.py:925} INFO - DAG(s) 'example_subdag_operator.section-1', 'example_subdag_operator.section-2', 'example_subdag_operator' retrieved from /Users/navalyemul/Documents/uptime/airflow_venv/lib/python3.12/site-packages/airflow/example_dags/example_subdag_operator.py
[2026-04-08T13:13:31.567+0530] {logging_mixin.py:190} INFO - [2026-04-08T13:13:31.567+0530] {workday.py:41} WARNING - Could not import pandas. Holidays will not be considered.
[2026-04-08T13:13:31.575+0530] {logging_mixin.py:190} INFO - [2026-04-08T13:13:31.575+0530] {dag.py:3239} INFO - Sync 3 DAGs
[2026-04-08T13:13:31.583+0530] {logging_mixin.py:190} INFO - [2026-04-08T13:13:31.583+0530] {dag.py:4180} INFO - Setting next_dagrun for example_subdag_operator to 2022-01-01 00:00:00+00:00, run_after=2022-01-01 00:00:00+00:00
[2026-04-08T13:13:31.585+0530] {logging_mixin.py:190} INFO - [2026-04-08T13:13:31.585+0530] {dag.py:4180} INFO - Setting next_dagrun for example_subdag_operator.section-1 to None, run_after=None
[2026-04-08T13:13:31.585+0530] {logging_mixin.py:190} INFO - [2026-04-08T13:13:31.585+0530] {dag.py:4180} INFO - Setting next_dagrun for example_subdag_operator.section-2 to None, run_after=None
[2026-04-08T13:13:31.588+0530] {logging_mixin.py:190} INFO - [2026-04-08T13:13:31.588+0530] {dag.py:3239} INFO - Sync 2 DAGs
[2026-04-08T13:13:31.590+0530] {logging_mixin.py:190} INFO - [2026-04-08T13:13:31.590+0530] {dag.py:4180} INFO - Setting next_dagrun for example_subdag_operator.section-1 to None, run_after=None
[2026-04-08T13:13:31.590+0530] {logging_mixin.py:190} INFO - [2026-04-08T13:13:31.590+0530] {dag.py:4180} INFO - Setting next_dagrun for example_subdag_operator.section-2 to None, run_after=None
[2026-04-08T13:13:31.595+0530] {processor.py:208} INFO - Processing /Users/navalyemul/Documents/uptime/airflow_venv/lib/python3.12/site-packages/airflow/example_dags/example_subdag_operator.py took 0.081 seconds
[2026-04-08T13:14:54.837+0530] {processor.py:186} INFO - Started process (PID=35514) to work on /Users/navalyemul/Documents/uptime/airflow_venv/lib/python3.12/site-packages/airflow/example_dags/example_subdag_operator.py
[2026-04-08T13:14:54.839+0530] {processor.py:914} INFO - Processing file /Users/navalyemul/Documents/uptime/airflow_venv/lib/python3.12/site-packages/airflow/example_dags/example_subdag_operator.py for tasks to queue
[2026-04-08T13:14:54.839+0530] {logging_mixin.py:190} INFO - [2026-04-08T13:14:54.839+0530] {dagbag.py:588} INFO - Filling up the DagBag from /Users/navalyemul/Documents/uptime/airflow_venv/lib/python3.12/site-packages/airflow/example_dags/example_subdag_operator.py
[2026-04-08T13:14:54.887+0530] {processor.py:925} INFO - DAG(s) 'example_subdag_operator.section-1', 'example_subdag_operator.section-2', 'example_subdag_operator' retrieved from /Users/navalyemul/Documents/uptime/airflow_venv/lib/python3.12/site-packages/airflow/example_dags/example_subdag_operator.py
[2026-04-08T13:14:54.895+0530] {logging_mixin.py:190} INFO - [2026-04-08T13:14:54.895+0530] {workday.py:41} WARNING - Could not import pandas. Holidays will not be considered.
[2026-04-08T13:14:54.906+0530] {logging_mixin.py:190} INFO - [2026-04-08T13:14:54.906+0530] {dag.py:3239} INFO - Sync 3 DAGs
[2026-04-08T13:14:54.915+0530] {logging_mixin.py:190} INFO - [2026-04-08T13:14:54.915+0530] {dag.py:4180} INFO - Setting next_dagrun for example_subdag_operator to 2022-01-01 00:00:00+00:00, run_after=2022-01-01 00:00:00+00:00
[2026-04-08T13:14:54.916+0530] {logging_mixin.py:190} INFO - [2026-04-08T13:14:54.916+0530] {dag.py:4180} INFO - Setting next_dagrun for example_subdag_operator.section-1 to None, run_after=None
[2026-04-08T13:14:54.917+0530] {logging_mixin.py:190} INFO - [2026-04-08T13:14:54.917+0530] {dag.py:4180} INFO - Setting next_dagrun for example_subdag_operator.section-2 to None, run_after=None
[2026-04-08T13:14:54.920+0530] {logging_mixin.py:190} INFO - [2026-04-08T13:14:54.919+0530] {dag.py:3239} INFO - Sync 2 DAGs
[2026-04-08T13:14:54.921+0530] {logging_mixin.py:190} INFO - [2026-04-08T13:14:54.921+0530] {dag.py:4180} INFO - Setting next_dagrun for example_subdag_operator.section-1 to None, run_after=None
[2026-04-08T13:14:54.922+0530] {logging_mixin.py:190} INFO - [2026-04-08T13:14:54.922+0530] {dag.py:4180} INFO - Setting next_dagrun for example_subdag_operator.section-2 to None, run_after=None
[2026-04-08T13:14:54.927+0530] {processor.py:208} INFO - Processing /Users/navalyemul/Documents/uptime/airflow_venv/lib/python3.12/site-packages/airflow/example_dags/example_subdag_operator.py took 0.091 seconds
[2026-04-08T13:16:19.428+0530] {processor.py:186} INFO - Started process (PID=36473) to work on /Users/navalyemul/Documents/uptime/airflow_venv/lib/python3.12/site-packages/airflow/example_dags/example_subdag_operator.py
[2026-04-08T13:16:19.428+0530] {processor.py:914} INFO - Processing file /Users/navalyemul/Documents/uptime/airflow_venv/lib/python3.12/site-packages/airflow/example_dags/example_subdag_operator.py for tasks to queue
[2026-04-08T13:16:19.429+0530] {logging_mixin.py:190} INFO - [2026-04-08T13:16:19.429+0530] {dagbag.py:588} INFO - Filling up the DagBag from /Users/navalyemul/Documents/uptime/airflow_venv/lib/python3.12/site-packages/airflow/example_dags/example_subdag_operator.py
[2026-04-08T13:16:19.472+0530] {processor.py:925} INFO - DAG(s) 'example_subdag_operator.section-1', 'example_subdag_operator.section-2', 'example_subdag_operator' retrieved from /Users/navalyemul/Documents/uptime/airflow_venv/lib/python3.12/site-packages/airflow/example_dags/example_subdag_operator.py
[2026-04-08T13:16:19.479+0530] {logging_mixin.py:190} INFO - [2026-04-08T13:16:19.479+0530] {workday.py:41} WARNING - Could not import pandas. Holidays will not be considered.
[2026-04-08T13:16:19.488+0530] {logging_mixin.py:190} INFO - [2026-04-08T13:16:19.488+0530] {dag.py:3239} INFO - Sync 3 DAGs
[2026-04-08T13:16:19.497+0530] {logging_mixin.py:190} INFO - [2026-04-08T13:16:19.497+0530] {dag.py:4180} INFO - Setting next_dagrun for example_subdag_operator to 2022-01-01 00:00:00+00:00, run_after=2022-01-01 00:00:00+00:00
[2026-04-08T13:16:19.499+0530] {logging_mixin.py:190} INFO - [2026-04-08T13:16:19.499+0530] {dag.py:4180} INFO - Setting next_dagrun for example_subdag_operator.section-1 to None, run_after=None
[2026-04-08T13:16:19.499+0530] {logging_mixin.py:190} INFO - [2026-04-08T13:16:19.499+0530] {dag.py:4180} INFO - Setting next_dagrun for example_subdag_operator.section-2 to None, run_after=None
[2026-04-08T13:16:19.502+0530] {logging_mixin.py:190} INFO - [2026-04-08T13:16:19.501+0530] {dag.py:3239} INFO - Sync 2 DAGs
[2026-04-08T13:16:19.503+0530] {logging_mixin.py:190} INFO - [2026-04-08T13:16:19.503+0530] {dag.py:4180} INFO - Setting next_dagrun for example_subdag_operator.section-1 to None, run_after=None
[2026-04-08T13:16:19.503+0530] {logging_mixin.py:190} INFO - [2026-04-08T13:16:19.503+0530] {dag.py:4180} INFO - Setting next_dagrun for example_subdag_operator.section-2 to None, run_after=None
[2026-04-08T13:16:19.508+0530] {processor.py:208} INFO - Processing /Users/navalyemul/Documents/uptime/airflow_venv/lib/python3.12/site-packages/airflow/example_dags/example_subdag_operator.py took 0.082 seconds
[2026-04-08T13:17:42.297+0530] {processor.py:186} INFO - Started process (PID=37398) to work on /Users/navalyemul/Documents/uptime/airflow_venv/lib/python3.12/site-packages/airflow/example_dags/example_subdag_operator.py
[2026-04-08T13:17:42.298+0530] {processor.py:914} INFO - Processing file /Users/navalyemul/Documents/uptime/airflow_venv/lib/python3.12/site-packages/airflow/example_dags/example_subdag_operator.py for tasks to queue
[2026-04-08T13:17:42.298+0530] {logging_mixin.py:190} INFO - [2026-04-08T13:17:42.298+0530] {dagbag.py:588} INFO - Filling up the DagBag from /Users/navalyemul/Documents/uptime/airflow_venv/lib/python3.12/site-packages/airflow/example_dags/example_subdag_operator.py
[2026-04-08T13:17:42.344+0530] {processor.py:925} INFO - DAG(s) 'example_subdag_operator.section-1', 'example_subdag_operator.section-2', 'example_subdag_operator' retrieved from /Users/navalyemul/Documents/uptime/airflow_venv/lib/python3.12/site-packages/airflow/example_dags/example_subdag_operator.py
[2026-04-08T13:17:42.352+0530] {logging_mixin.py:190} INFO - [2026-04-08T13:17:42.351+0530] {workday.py:41} WARNING - Could not import pandas. Holidays will not be considered.
[2026-04-08T13:17:42.361+0530] {logging_mixin.py:190} INFO - [2026-04-08T13:17:42.360+0530] {dag.py:3239} INFO - Sync 3 DAGs
[2026-04-08T13:17:42.369+0530] {logging_mixin.py:190} INFO - [2026-04-08T13:17:42.369+0530] {dag.py:4180} INFO - Setting next_dagrun for example_subdag_operator to 2022-01-01 00:00:00+00:00, run_after=2022-01-01 00:00:00+00:00
[2026-04-08T13:17:42.370+0530] {logging_mixin.py:190} INFO - [2026-04-08T13:17:42.370+0530] {dag.py:4180} INFO - Setting next_dagrun for example_subdag_operator.section-1 to None, run_after=None
[2026-04-08T13:17:42.371+0530] {logging_mixin.py:190} INFO - [2026-04-08T13:17:42.371+0530] {dag.py:4180} INFO - Setting next_dagrun for example_subdag_operator.section-2 to None, run_after=None
[2026-04-08T13:17:42.373+0530] {logging_mixin.py:190} INFO - [2026-04-08T13:17:42.373+0530] {dag.py:3239} INFO - Sync 2 DAGs
[2026-04-08T13:17:42.375+0530] {logging_mixin.py:190} INFO - [2026-04-08T13:17:42.375+0530] {dag.py:4180} INFO - Setting next_dagrun for example_subdag_operator.section-1 to None, run_after=None
[2026-04-08T13:17:42.375+0530] {logging_mixin.py:190} INFO - [2026-04-08T13:17:42.375+0530] {dag.py:4180} INFO - Setting next_dagrun for example_subdag_operator.section-2 to None, run_after=None
[2026-04-08T13:17:42.381+0530] {processor.py:208} INFO - Processing /Users/navalyemul/Documents/uptime/airflow_venv/lib/python3.12/site-packages/airflow/example_dags/example_subdag_operator.py took 0.086 seconds
[2026-04-08T13:19:12.244+0530] {processor.py:186} INFO - Started process (PID=38359) to work on /Users/navalyemul/Documents/uptime/airflow_venv/lib/python3.12/site-packages/airflow/example_dags/example_subdag_operator.py
[2026-04-08T13:19:12.245+0530] {processor.py:914} INFO - Processing file /Users/navalyemul/Documents/uptime/airflow_venv/lib/python3.12/site-packages/airflow/example_dags/example_subdag_operator.py for tasks to queue
[2026-04-08T13:19:12.245+0530] {logging_mixin.py:190} INFO - [2026-04-08T13:19:12.245+0530] {dagbag.py:588} INFO - Filling up the DagBag from /Users/navalyemul/Documents/uptime/airflow_venv/lib/python3.12/site-packages/airflow/example_dags/example_subdag_operator.py
[2026-04-08T13:19:12.289+0530] {processor.py:925} INFO - DAG(s) 'example_subdag_operator.section-1', 'example_subdag_operator.section-2', 'example_subdag_operator' retrieved from /Users/navalyemul/Documents/uptime/airflow_venv/lib/python3.12/site-packages/airflow/example_dags/example_subdag_operator.py
[2026-04-08T13:19:12.296+0530] {logging_mixin.py:190} INFO - [2026-04-08T13:19:12.296+0530] {workday.py:41} WARNING - Could not import pandas. Holidays will not be considered.
[2026-04-08T13:19:12.304+0530] {logging_mixin.py:190} INFO - [2026-04-08T13:19:12.304+0530] {dag.py:3239} INFO - Sync 3 DAGs
[2026-04-08T13:19:12.312+0530] {logging_mixin.py:190} INFO - [2026-04-08T13:19:12.312+0530] {dag.py:4180} INFO - Setting next_dagrun for example_subdag_operator to 2022-01-01 00:00:00+00:00, run_after=2022-01-01 00:00:00+00:00
[2026-04-08T13:19:12.313+0530] {logging_mixin.py:190} INFO - [2026-04-08T13:19:12.313+0530] {dag.py:4180} INFO - Setting next_dagrun for example_subdag_operator.section-1 to None, run_after=None
[2026-04-08T13:19:12.314+0530] {logging_mixin.py:190} INFO - [2026-04-08T13:19:12.314+0530] {dag.py:4180} INFO - Setting next_dagrun for example_subdag_operator.section-2 to None, run_after=None
[2026-04-08T13:19:12.316+0530] {logging_mixin.py:190} INFO - [2026-04-08T13:19:12.316+0530] {dag.py:3239} INFO - Sync 2 DAGs
[2026-04-08T13:19:12.318+0530] {logging_mixin.py:190} INFO - [2026-04-08T13:19:12.318+0530] {dag.py:4180} INFO - Setting next_dagrun for example_subdag_operator.section-1 to None, run_after=None
[2026-04-08T13:19:12.318+0530] {logging_mixin.py:190} INFO - [2026-04-08T13:19:12.318+0530] {dag.py:4180} INFO - Setting next_dagrun for example_subdag_operator.section-2 to None, run_after=None
[2026-04-08T13:19:12.323+0530] {processor.py:208} INFO - Processing /Users/navalyemul/Documents/uptime/airflow_venv/lib/python3.12/site-packages/airflow/example_dags/example_subdag_operator.py took 0.081 seconds
[2026-04-08T13:28:44.931+0530] {processor.py:186} INFO - Started process (PID=39294) to work on /Users/navalyemul/Documents/uptime/airflow_venv/lib/python3.12/site-packages/airflow/example_dags/example_subdag_operator.py
[2026-04-08T13:28:44.932+0530] {processor.py:914} INFO - Processing file /Users/navalyemul/Documents/uptime/airflow_venv/lib/python3.12/site-packages/airflow/example_dags/example_subdag_operator.py for tasks to queue
[2026-04-08T13:28:44.932+0530] {logging_mixin.py:190} INFO - [2026-04-08T13:28:44.932+0530] {dagbag.py:588} INFO - Filling up the DagBag from /Users/navalyemul/Documents/uptime/airflow_venv/lib/python3.12/site-packages/airflow/example_dags/example_subdag_operator.py
[2026-04-08T13:28:44.975+0530] {processor.py:925} INFO - DAG(s) 'example_subdag_operator.section-1', 'example_subdag_operator.section-2', 'example_subdag_operator' retrieved from /Users/navalyemul/Documents/uptime/airflow_venv/lib/python3.12/site-packages/airflow/example_dags/example_subdag_operator.py
[2026-04-08T13:28:44.982+0530] {logging_mixin.py:190} INFO - [2026-04-08T13:28:44.982+0530] {workday.py:41} WARNING - Could not import pandas. Holidays will not be considered.
[2026-04-08T13:28:44.992+0530] {logging_mixin.py:190} INFO - [2026-04-08T13:28:44.992+0530] {dag.py:3239} INFO - Sync 3 DAGs
[2026-04-08T13:28:45.001+0530] {logging_mixin.py:190} INFO - [2026-04-08T13:28:45.000+0530] {dag.py:4180} INFO - Setting next_dagrun for example_subdag_operator to 2022-01-01 00:00:00+00:00, run_after=2022-01-01 00:00:00+00:00
[2026-04-08T13:28:45.002+0530] {logging_mixin.py:190} INFO - [2026-04-08T13:28:45.002+0530] {dag.py:4180} INFO - Setting next_dagrun for example_subdag_operator.section-1 to None, run_after=None
[2026-04-08T13:28:45.002+0530] {logging_mixin.py:190} INFO - [2026-04-08T13:28:45.002+0530] {dag.py:4180} INFO - Setting next_dagrun for example_subdag_operator.section-2 to None, run_after=None
[2026-04-08T13:28:45.005+0530] {logging_mixin.py:190} INFO - [2026-04-08T13:28:45.005+0530] {dag.py:3239} INFO - Sync 2 DAGs
[2026-04-08T13:28:45.006+0530] {logging_mixin.py:190} INFO - [2026-04-08T13:28:45.006+0530] {dag.py:4180} INFO - Setting next_dagrun for example_subdag_operator.section-1 to None, run_after=None
[2026-04-08T13:28:45.006+0530] {logging_mixin.py:190} INFO - [2026-04-08T13:28:45.006+0530] {dag.py:4180} INFO - Setting next_dagrun for example_subdag_operator.section-2 to None, run_after=None
[2026-04-08T13:28:45.011+0530] {processor.py:208} INFO - Processing /Users/navalyemul/Documents/uptime/airflow_venv/lib/python3.12/site-packages/airflow/example_dags/example_subdag_operator.py took 0.082 seconds
[2026-04-08T13:33:45.559+0530] {processor.py:186} INFO - Started process (PID=40255) to work on /Users/navalyemul/Documents/uptime/airflow_venv/lib/python3.12/site-packages/airflow/example_dags/example_subdag_operator.py
[2026-04-08T13:33:45.560+0530] {processor.py:914} INFO - Processing file /Users/navalyemul/Documents/uptime/airflow_venv/lib/python3.12/site-packages/airflow/example_dags/example_subdag_operator.py for tasks to queue
[2026-04-08T13:33:45.561+0530] {logging_mixin.py:190} INFO - [2026-04-08T13:33:45.561+0530] {dagbag.py:588} INFO - Filling up the DagBag from /Users/navalyemul/Documents/uptime/airflow_venv/lib/python3.12/site-packages/airflow/example_dags/example_subdag_operator.py
[2026-04-08T13:33:45.603+0530] {processor.py:925} INFO - DAG(s) 'example_subdag_operator.section-1', 'example_subdag_operator.section-2', 'example_subdag_operator' retrieved from /Users/navalyemul/Documents/uptime/airflow_venv/lib/python3.12/site-packages/airflow/example_dags/example_subdag_operator.py
[2026-04-08T13:33:45.611+0530] {logging_mixin.py:190} INFO - [2026-04-08T13:33:45.611+0530] {workday.py:41} WARNING - Could not import pandas. Holidays will not be considered.
[2026-04-08T13:33:45.619+0530] {logging_mixin.py:190} INFO - [2026-04-08T13:33:45.619+0530] {dag.py:3239} INFO - Sync 3 DAGs
[2026-04-08T13:33:45.627+0530] {logging_mixin.py:190} INFO - [2026-04-08T13:33:45.627+0530] {dag.py:4180} INFO - Setting next_dagrun for example_subdag_operator to 2022-01-01 00:00:00+00:00, run_after=2022-01-01 00:00:00+00:00
[2026-04-08T13:33:45.628+0530] {logging_mixin.py:190} INFO - [2026-04-08T13:33:45.628+0530] {dag.py:4180} INFO - Setting next_dagrun for example_subdag_operator.section-1 to None, run_after=None
[2026-04-08T13:33:45.629+0530] {logging_mixin.py:190} INFO - [2026-04-08T13:33:45.629+0530] {dag.py:4180} INFO - Setting next_dagrun for example_subdag_operator.section-2 to None, run_after=None
[2026-04-08T13:33:45.631+0530] {logging_mixin.py:190} INFO - [2026-04-08T13:33:45.631+0530] {dag.py:3239} INFO - Sync 2 DAGs
[2026-04-08T13:33:45.633+0530] {logging_mixin.py:190} INFO - [2026-04-08T13:33:45.633+0530] {dag.py:4180} INFO - Setting next_dagrun for example_subdag_operator.section-1 to None, run_after=None
[2026-04-08T13:33:45.633+0530] {logging_mixin.py:190} INFO - [2026-04-08T13:33:45.633+0530] {dag.py:4180} INFO - Setting next_dagrun for example_subdag_operator.section-2 to None, run_after=None
[2026-04-08T13:33:45.637+0530] {processor.py:208} INFO - Processing /Users/navalyemul/Documents/uptime/airflow_venv/lib/python3.12/site-packages/airflow/example_dags/example_subdag_operator.py took 0.080 seconds
[2026-04-08T13:35:25.976+0530] {processor.py:186} INFO - Started process (PID=41434) to work on /Users/navalyemul/Documents/uptime/airflow_venv/lib/python3.12/site-packages/airflow/example_dags/example_subdag_operator.py
[2026-04-08T13:35:25.977+0530] {processor.py:914} INFO - Processing file /Users/navalyemul/Documents/uptime/airflow_venv/lib/python3.12/site-packages/airflow/example_dags/example_subdag_operator.py for tasks to queue
[2026-04-08T13:35:25.977+0530] {logging_mixin.py:190} INFO - [2026-04-08T13:35:25.977+0530] {dagbag.py:588} INFO - Filling up the DagBag from /Users/navalyemul/Documents/uptime/airflow_venv/lib/python3.12/site-packages/airflow/example_dags/example_subdag_operator.py
[2026-04-08T13:35:26.021+0530] {processor.py:925} INFO - DAG(s) 'example_subdag_operator.section-1', 'example_subdag_operator.section-2', 'example_subdag_operator' retrieved from /Users/navalyemul/Documents/uptime/airflow_venv/lib/python3.12/site-packages/airflow/example_dags/example_subdag_operator.py
[2026-04-08T13:35:26.028+0530] {logging_mixin.py:190} INFO - [2026-04-08T13:35:26.028+0530] {workday.py:41} WARNING - Could not import pandas. Holidays will not be considered.
[2026-04-08T13:35:26.036+0530] {logging_mixin.py:190} INFO - [2026-04-08T13:35:26.036+0530] {dag.py:3239} INFO - Sync 3 DAGs
[2026-04-08T13:35:26.045+0530] {logging_mixin.py:190} INFO - [2026-04-08T13:35:26.045+0530] {dag.py:4180} INFO - Setting next_dagrun for example_subdag_operator to 2022-01-01 00:00:00+00:00, run_after=2022-01-01 00:00:00+00:00
[2026-04-08T13:35:26.046+0530] {logging_mixin.py:190} INFO - [2026-04-08T13:35:26.046+0530] {dag.py:4180} INFO - Setting next_dagrun for example_subdag_operator.section-1 to None, run_after=None
[2026-04-08T13:35:26.047+0530] {logging_mixin.py:190} INFO - [2026-04-08T13:35:26.047+0530] {dag.py:4180} INFO - Setting next_dagrun for example_subdag_operator.section-2 to None, run_after=None
[2026-04-08T13:35:26.049+0530] {logging_mixin.py:190} INFO - [2026-04-08T13:35:26.049+0530] {dag.py:3239} INFO - Sync 2 DAGs
[2026-04-08T13:35:26.051+0530] {logging_mixin.py:190} INFO - [2026-04-08T13:35:26.051+0530] {dag.py:4180} INFO - Setting next_dagrun for example_subdag_operator.section-1 to None, run_after=None
[2026-04-08T13:35:26.051+0530] {logging_mixin.py:190} INFO - [2026-04-08T13:35:26.051+0530] {dag.py:4180} INFO - Setting next_dagrun for example_subdag_operator.section-2 to None, run_after=None
[2026-04-08T13:35:26.056+0530] {processor.py:208} INFO - Processing /Users/navalyemul/Documents/uptime/airflow_venv/lib/python3.12/site-packages/airflow/example_dags/example_subdag_operator.py took 0.081 seconds
[2026-04-08T13:46:17.275+0530] {processor.py:186} INFO - Started process (PID=42359) to work on /Users/navalyemul/Documents/uptime/airflow_venv/lib/python3.12/site-packages/airflow/example_dags/example_subdag_operator.py
[2026-04-08T13:46:17.276+0530] {processor.py:914} INFO - Processing file /Users/navalyemul/Documents/uptime/airflow_venv/lib/python3.12/site-packages/airflow/example_dags/example_subdag_operator.py for tasks to queue
[2026-04-08T13:46:17.277+0530] {logging_mixin.py:190} INFO - [2026-04-08T13:46:17.277+0530] {dagbag.py:588} INFO - Filling up the DagBag from /Users/navalyemul/Documents/uptime/airflow_venv/lib/python3.12/site-packages/airflow/example_dags/example_subdag_operator.py
[2026-04-08T13:46:17.321+0530] {processor.py:925} INFO - DAG(s) 'example_subdag_operator.section-1', 'example_subdag_operator.section-2', 'example_subdag_operator' retrieved from /Users/navalyemul/Documents/uptime/airflow_venv/lib/python3.12/site-packages/airflow/example_dags/example_subdag_operator.py
[2026-04-08T13:46:17.328+0530] {logging_mixin.py:190} INFO - [2026-04-08T13:46:17.328+0530] {workday.py:41} WARNING - Could not import pandas. Holidays will not be considered.
[2026-04-08T13:46:17.336+0530] {logging_mixin.py:190} INFO - [2026-04-08T13:46:17.336+0530] {dag.py:3239} INFO - Sync 3 DAGs
[2026-04-08T13:46:17.345+0530] {logging_mixin.py:190} INFO - [2026-04-08T13:46:17.345+0530] {dag.py:4180} INFO - Setting next_dagrun for example_subdag_operator to 2022-01-01 00:00:00+00:00, run_after=2022-01-01 00:00:00+00:00
[2026-04-08T13:46:17.346+0530] {logging_mixin.py:190} INFO - [2026-04-08T13:46:17.346+0530] {dag.py:4180} INFO - Setting next_dagrun for example_subdag_operator.section-1 to None, run_after=None
[2026-04-08T13:46:17.347+0530] {logging_mixin.py:190} INFO - [2026-04-08T13:46:17.346+0530] {dag.py:4180} INFO - Setting next_dagrun for example_subdag_operator.section-2 to None, run_after=None
[2026-04-08T13:46:17.349+0530] {logging_mixin.py:190} INFO - [2026-04-08T13:46:17.349+0530] {dag.py:3239} INFO - Sync 2 DAGs
[2026-04-08T13:46:17.350+0530] {logging_mixin.py:190} INFO - [2026-04-08T13:46:17.350+0530] {dag.py:4180} INFO - Setting next_dagrun for example_subdag_operator.section-1 to None, run_after=None
[2026-04-08T13:46:17.351+0530] {logging_mixin.py:190} INFO - [2026-04-08T13:46:17.351+0530] {dag.py:4180} INFO - Setting next_dagrun for example_subdag_operator.section-2 to None, run_after=None
[2026-04-08T13:46:17.355+0530] {processor.py:208} INFO - Processing /Users/navalyemul/Documents/uptime/airflow_venv/lib/python3.12/site-packages/airflow/example_dags/example_subdag_operator.py took 0.082 seconds
[2026-04-08T13:54:34.781+0530] {processor.py:186} INFO - Started process (PID=43538) to work on /Users/navalyemul/Documents/uptime/airflow_venv/lib/python3.12/site-packages/airflow/example_dags/example_subdag_operator.py
[2026-04-08T13:54:34.782+0530] {processor.py:914} INFO - Processing file /Users/navalyemul/Documents/uptime/airflow_venv/lib/python3.12/site-packages/airflow/example_dags/example_subdag_operator.py for tasks to queue
[2026-04-08T13:54:34.782+0530] {logging_mixin.py:190} INFO - [2026-04-08T13:54:34.782+0530] {dagbag.py:588} INFO - Filling up the DagBag from /Users/navalyemul/Documents/uptime/airflow_venv/lib/python3.12/site-packages/airflow/example_dags/example_subdag_operator.py
[2026-04-08T13:54:34.824+0530] {processor.py:925} INFO - DAG(s) 'example_subdag_operator.section-1', 'example_subdag_operator.section-2', 'example_subdag_operator' retrieved from /Users/navalyemul/Documents/uptime/airflow_venv/lib/python3.12/site-packages/airflow/example_dags/example_subdag_operator.py
[2026-04-08T13:54:34.831+0530] {logging_mixin.py:190} INFO - [2026-04-08T13:54:34.831+0530] {workday.py:41} WARNING - Could not import pandas. Holidays will not be considered.
[2026-04-08T13:54:34.840+0530] {logging_mixin.py:190} INFO - [2026-04-08T13:54:34.840+0530] {dag.py:3239} INFO - Sync 3 DAGs
[2026-04-08T13:54:34.849+0530] {logging_mixin.py:190} INFO - [2026-04-08T13:54:34.849+0530] {dag.py:4180} INFO - Setting next_dagrun for example_subdag_operator to 2022-01-01 00:00:00+00:00, run_after=2022-01-01 00:00:00+00:00
[2026-04-08T13:54:34.850+0530] {logging_mixin.py:190} INFO - [2026-04-08T13:54:34.850+0530] {dag.py:4180} INFO - Setting next_dagrun for example_subdag_operator.section-1 to None, run_after=None
[2026-04-08T13:54:34.851+0530] {logging_mixin.py:190} INFO - [2026-04-08T13:54:34.851+0530] {dag.py:4180} INFO - Setting next_dagrun for example_subdag_operator.section-2 to None, run_after=None
[2026-04-08T13:54:34.854+0530] {logging_mixin.py:190} INFO - [2026-04-08T13:54:34.853+0530] {dag.py:3239} INFO - Sync 2 DAGs
[2026-04-08T13:54:34.855+0530] {logging_mixin.py:190} INFO - [2026-04-08T13:54:34.855+0530] {dag.py:4180} INFO - Setting next_dagrun for example_subdag_operator.section-1 to None, run_after=None
[2026-04-08T13:54:34.856+0530] {logging_mixin.py:190} INFO - [2026-04-08T13:54:34.856+0530] {dag.py:4180} INFO - Setting next_dagrun for example_subdag_operator.section-2 to None, run_after=None
[2026-04-08T13:54:34.861+0530] {processor.py:208} INFO - Processing /Users/navalyemul/Documents/uptime/airflow_venv/lib/python3.12/site-packages/airflow/example_dags/example_subdag_operator.py took 0.081 seconds
[2026-04-08T13:56:29.685+0530] {processor.py:186} INFO - Started process (PID=44614) to work on /Users/navalyemul/Documents/uptime/airflow_venv/lib/python3.12/site-packages/airflow/example_dags/example_subdag_operator.py
[2026-04-08T13:56:29.686+0530] {processor.py:914} INFO - Processing file /Users/navalyemul/Documents/uptime/airflow_venv/lib/python3.12/site-packages/airflow/example_dags/example_subdag_operator.py for tasks to queue
[2026-04-08T13:56:29.686+0530] {logging_mixin.py:190} INFO - [2026-04-08T13:56:29.686+0530] {dagbag.py:588} INFO - Filling up the DagBag from /Users/navalyemul/Documents/uptime/airflow_venv/lib/python3.12/site-packages/airflow/example_dags/example_subdag_operator.py
[2026-04-08T13:56:29.734+0530] {processor.py:925} INFO - DAG(s) 'example_subdag_operator.section-1', 'example_subdag_operator.section-2', 'example_subdag_operator' retrieved from /Users/navalyemul/Documents/uptime/airflow_venv/lib/python3.12/site-packages/airflow/example_dags/example_subdag_operator.py
[2026-04-08T13:56:29.742+0530] {logging_mixin.py:190} INFO - [2026-04-08T13:56:29.741+0530] {workday.py:41} WARNING - Could not import pandas. Holidays will not be considered.
[2026-04-08T13:56:29.750+0530] {logging_mixin.py:190} INFO - [2026-04-08T13:56:29.750+0530] {dag.py:3239} INFO - Sync 3 DAGs
[2026-04-08T13:56:29.760+0530] {logging_mixin.py:190} INFO - [2026-04-08T13:56:29.760+0530] {dag.py:4180} INFO - Setting next_dagrun for example_subdag_operator to 2022-01-01 00:00:00+00:00, run_after=2022-01-01 00:00:00+00:00
[2026-04-08T13:56:29.761+0530] {logging_mixin.py:190} INFO - [2026-04-08T13:56:29.761+0530] {dag.py:4180} INFO - Setting next_dagrun for example_subdag_operator.section-1 to None, run_after=None
[2026-04-08T13:56:29.762+0530] {logging_mixin.py:190} INFO - [2026-04-08T13:56:29.762+0530] {dag.py:4180} INFO - Setting next_dagrun for example_subdag_operator.section-2 to None, run_after=None
[2026-04-08T13:56:29.764+0530] {logging_mixin.py:190} INFO - [2026-04-08T13:56:29.764+0530] {dag.py:3239} INFO - Sync 2 DAGs
[2026-04-08T13:56:29.766+0530] {logging_mixin.py:190} INFO - [2026-04-08T13:56:29.766+0530] {dag.py:4180} INFO - Setting next_dagrun for example_subdag_operator.section-1 to None, run_after=None
[2026-04-08T13:56:29.766+0530] {logging_mixin.py:190} INFO - [2026-04-08T13:56:29.766+0530] {dag.py:4180} INFO - Setting next_dagrun for example_subdag_operator.section-2 to None, run_after=None
[2026-04-08T13:56:29.773+0530] {processor.py:208} INFO - Processing /Users/navalyemul/Documents/uptime/airflow_venv/lib/python3.12/site-packages/airflow/example_dags/example_subdag_operator.py took 0.089 seconds
[2026-04-08T13:58:11.939+0530] {processor.py:186} INFO - Started process (PID=45647) to work on /Users/navalyemul/Documents/uptime/airflow_venv/lib/python3.12/site-packages/airflow/example_dags/example_subdag_operator.py
[2026-04-08T13:58:11.940+0530] {processor.py:914} INFO - Processing file /Users/navalyemul/Documents/uptime/airflow_venv/lib/python3.12/site-packages/airflow/example_dags/example_subdag_operator.py for tasks to queue
[2026-04-08T13:58:11.940+0530] {logging_mixin.py:190} INFO - [2026-04-08T13:58:11.940+0530] {dagbag.py:588} INFO - Filling up the DagBag from /Users/navalyemul/Documents/uptime/airflow_venv/lib/python3.12/site-packages/airflow/example_dags/example_subdag_operator.py
[2026-04-08T13:58:11.992+0530] {processor.py:925} INFO - DAG(s) 'example_subdag_operator.section-1', 'example_subdag_operator.section-2', 'example_subdag_operator' retrieved from /Users/navalyemul/Documents/uptime/airflow_venv/lib/python3.12/site-packages/airflow/example_dags/example_subdag_operator.py
[2026-04-08T13:58:12.000+0530] {logging_mixin.py:190} INFO - [2026-04-08T13:58:12.000+0530] {workday.py:41} WARNING - Could not import pandas. Holidays will not be considered.
[2026-04-08T13:58:12.010+0530] {logging_mixin.py:190} INFO - [2026-04-08T13:58:12.009+0530] {dag.py:3239} INFO - Sync 3 DAGs
[2026-04-08T13:58:12.020+0530] {logging_mixin.py:190} INFO - [2026-04-08T13:58:12.019+0530] {dag.py:4180} INFO - Setting next_dagrun for example_subdag_operator to 2022-01-01 00:00:00+00:00, run_after=2022-01-01 00:00:00+00:00
[2026-04-08T13:58:12.021+0530] {logging_mixin.py:190} INFO - [2026-04-08T13:58:12.021+0530] {dag.py:4180} INFO - Setting next_dagrun for example_subdag_operator.section-1 to None, run_after=None
[2026-04-08T13:58:12.022+0530] {logging_mixin.py:190} INFO - [2026-04-08T13:58:12.022+0530] {dag.py:4180} INFO - Setting next_dagrun for example_subdag_operator.section-2 to None, run_after=None
[2026-04-08T13:58:12.024+0530] {logging_mixin.py:190} INFO - [2026-04-08T13:58:12.024+0530] {dag.py:3239} INFO - Sync 2 DAGs
[2026-04-08T13:58:12.026+0530] {logging_mixin.py:190} INFO - [2026-04-08T13:58:12.026+0530] {dag.py:4180} INFO - Setting next_dagrun for example_subdag_operator.section-1 to None, run_after=None
[2026-04-08T13:58:12.026+0530] {logging_mixin.py:190} INFO - [2026-04-08T13:58:12.026+0530] {dag.py:4180} INFO - Setting next_dagrun for example_subdag_operator.section-2 to None, run_after=None
[2026-04-08T13:58:12.031+0530] {processor.py:208} INFO - Processing /Users/navalyemul/Documents/uptime/airflow_venv/lib/python3.12/site-packages/airflow/example_dags/example_subdag_operator.py took 0.094 seconds
