[2026-04-08T12:48:05.446+0530] {processor.py:186} INFO - Started process (PID=18237) to work on /Users/navalyemul/Documents/uptime/airflow_venv/lib/python3.12/site-packages/airflow/example_dags/example_bash_operator.py
[2026-04-08T12:48:05.447+0530] {processor.py:914} INFO - Processing file /Users/navalyemul/Documents/uptime/airflow_venv/lib/python3.12/site-packages/airflow/example_dags/example_bash_operator.py for tasks to queue
[2026-04-08T12:48:05.448+0530] {logging_mixin.py:190} INFO - [2026-04-08T12:48:05.447+0530] {dagbag.py:588} INFO - Filling up the DagBag from /Users/navalyemul/Documents/uptime/airflow_venv/lib/python3.12/site-packages/airflow/example_dags/example_bash_operator.py
[2026-04-08T12:48:05.455+0530] {processor.py:925} INFO - DAG(s) 'example_bash_operator' retrieved from /Users/navalyemul/Documents/uptime/airflow_venv/lib/python3.12/site-packages/airflow/example_dags/example_bash_operator.py
[2026-04-08T12:48:05.541+0530] {logging_mixin.py:190} INFO - [2026-04-08T12:48:05.541+0530] {override.py:1912} INFO - Created Permission View: can delete on DAG:example_bash_operator
[2026-04-08T12:48:05.545+0530] {logging_mixin.py:190} INFO - [2026-04-08T12:48:05.545+0530] {override.py:1912} INFO - Created Permission View: can edit on DAG:example_bash_operator
[2026-04-08T12:48:05.548+0530] {logging_mixin.py:190} INFO - [2026-04-08T12:48:05.547+0530] {override.py:1912} INFO - Created Permission View: can read on DAG:example_bash_operator
[2026-04-08T12:48:05.551+0530] {logging_mixin.py:190} INFO - [2026-04-08T12:48:05.551+0530] {override.py:1912} INFO - Created Permission View: can create on DAG Run:example_bash_operator
[2026-04-08T12:48:05.554+0530] {logging_mixin.py:190} INFO - [2026-04-08T12:48:05.553+0530] {override.py:1912} INFO - Created Permission View: can delete on DAG Run:example_bash_operator
[2026-04-08T12:48:05.556+0530] {logging_mixin.py:190} INFO - [2026-04-08T12:48:05.556+0530] {override.py:1912} INFO - Created Permission View: menu access on DAG Run:example_bash_operator
[2026-04-08T12:48:05.559+0530] {logging_mixin.py:190} INFO - [2026-04-08T12:48:05.559+0530] {override.py:1912} INFO - Created Permission View: can read on DAG Run:example_bash_operator
[2026-04-08T12:48:05.559+0530] {logging_mixin.py:190} INFO - [2026-04-08T12:48:05.559+0530] {dag.py:3239} INFO - Sync 1 DAGs
[2026-04-08T12:48:05.564+0530] {logging_mixin.py:190} INFO - [2026-04-08T12:48:05.564+0530] {dag.py:3262} INFO - Creating ORM DAG for example_bash_operator
[2026-04-08T12:48:05.568+0530] {logging_mixin.py:190} INFO - [2026-04-08T12:48:05.567+0530] {dag.py:4180} INFO - Setting next_dagrun for example_bash_operator to 2026-04-07 00:00:00+00:00, run_after=2026-04-08 00:00:00+00:00
[2026-04-08T12:48:05.576+0530] {processor.py:208} INFO - Processing /Users/navalyemul/Documents/uptime/airflow_venv/lib/python3.12/site-packages/airflow/example_dags/example_bash_operator.py took 0.131 seconds
[2026-04-08T12:50:55.322+0530] {processor.py:186} INFO - Started process (PID=20160) to work on /Users/navalyemul/Documents/uptime/airflow_venv/lib/python3.12/site-packages/airflow/example_dags/example_bash_operator.py
[2026-04-08T12:50:55.323+0530] {processor.py:914} INFO - Processing file /Users/navalyemul/Documents/uptime/airflow_venv/lib/python3.12/site-packages/airflow/example_dags/example_bash_operator.py for tasks to queue
[2026-04-08T12:50:55.324+0530] {logging_mixin.py:190} INFO - [2026-04-08T12:50:55.324+0530] {dagbag.py:588} INFO - Filling up the DagBag from /Users/navalyemul/Documents/uptime/airflow_venv/lib/python3.12/site-packages/airflow/example_dags/example_bash_operator.py
[2026-04-08T12:50:55.338+0530] {processor.py:925} INFO - DAG(s) 'example_bash_operator' retrieved from /Users/navalyemul/Documents/uptime/airflow_venv/lib/python3.12/site-packages/airflow/example_dags/example_bash_operator.py
[2026-04-08T12:50:55.384+0530] {logging_mixin.py:190} INFO - [2026-04-08T12:50:55.384+0530] {dag.py:3239} INFO - Sync 1 DAGs
[2026-04-08T12:50:55.394+0530] {logging_mixin.py:190} INFO - [2026-04-08T12:50:55.394+0530] {dag.py:4180} INFO - Setting next_dagrun for example_bash_operator to 2026-04-07 00:00:00+00:00, run_after=2026-04-08 00:00:00+00:00
[2026-04-08T12:50:55.403+0530] {processor.py:208} INFO - Processing /Users/navalyemul/Documents/uptime/airflow_venv/lib/python3.12/site-packages/airflow/example_dags/example_bash_operator.py took 0.083 seconds
[2026-04-08T12:54:27.451+0530] {processor.py:186} INFO - Started process (PID=22014) to work on /Users/navalyemul/Documents/uptime/airflow_venv/lib/python3.12/site-packages/airflow/example_dags/example_bash_operator.py
[2026-04-08T12:54:27.453+0530] {processor.py:914} INFO - Processing file /Users/navalyemul/Documents/uptime/airflow_venv/lib/python3.12/site-packages/airflow/example_dags/example_bash_operator.py for tasks to queue
[2026-04-08T12:54:27.454+0530] {logging_mixin.py:190} INFO - [2026-04-08T12:54:27.454+0530] {dagbag.py:588} INFO - Filling up the DagBag from /Users/navalyemul/Documents/uptime/airflow_venv/lib/python3.12/site-packages/airflow/example_dags/example_bash_operator.py
[2026-04-08T12:54:27.464+0530] {processor.py:925} INFO - DAG(s) 'example_bash_operator' retrieved from /Users/navalyemul/Documents/uptime/airflow_venv/lib/python3.12/site-packages/airflow/example_dags/example_bash_operator.py
[2026-04-08T12:54:27.520+0530] {logging_mixin.py:190} INFO - [2026-04-08T12:54:27.519+0530] {dag.py:3239} INFO - Sync 1 DAGs
[2026-04-08T12:54:27.531+0530] {logging_mixin.py:190} INFO - [2026-04-08T12:54:27.530+0530] {dag.py:4180} INFO - Setting next_dagrun for example_bash_operator to 2026-04-07 00:00:00+00:00, run_after=2026-04-08 00:00:00+00:00
[2026-04-08T12:54:27.541+0530] {processor.py:208} INFO - Processing /Users/navalyemul/Documents/uptime/airflow_venv/lib/python3.12/site-packages/airflow/example_dags/example_bash_operator.py took 0.092 seconds
[2026-04-08T12:57:36.734+0530] {processor.py:186} INFO - Started process (PID=23891) to work on /Users/navalyemul/Documents/uptime/airflow_venv/lib/python3.12/site-packages/airflow/example_dags/example_bash_operator.py
[2026-04-08T12:57:36.735+0530] {processor.py:914} INFO - Processing file /Users/navalyemul/Documents/uptime/airflow_venv/lib/python3.12/site-packages/airflow/example_dags/example_bash_operator.py for tasks to queue
[2026-04-08T12:57:36.736+0530] {logging_mixin.py:190} INFO - [2026-04-08T12:57:36.736+0530] {dagbag.py:588} INFO - Filling up the DagBag from /Users/navalyemul/Documents/uptime/airflow_venv/lib/python3.12/site-packages/airflow/example_dags/example_bash_operator.py
[2026-04-08T12:57:36.743+0530] {processor.py:925} INFO - DAG(s) 'example_bash_operator' retrieved from /Users/navalyemul/Documents/uptime/airflow_venv/lib/python3.12/site-packages/airflow/example_dags/example_bash_operator.py
[2026-04-08T12:57:36.786+0530] {logging_mixin.py:190} INFO - [2026-04-08T12:57:36.786+0530] {dag.py:3239} INFO - Sync 1 DAGs
[2026-04-08T12:57:36.796+0530] {logging_mixin.py:190} INFO - [2026-04-08T12:57:36.796+0530] {dag.py:4180} INFO - Setting next_dagrun for example_bash_operator to 2026-04-07 00:00:00+00:00, run_after=2026-04-08 00:00:00+00:00
[2026-04-08T12:57:36.805+0530] {processor.py:208} INFO - Processing /Users/navalyemul/Documents/uptime/airflow_venv/lib/python3.12/site-packages/airflow/example_dags/example_bash_operator.py took 0.073 seconds
[2026-04-08T13:00:24.002+0530] {processor.py:186} INFO - Started process (PID=25708) to work on /Users/navalyemul/Documents/uptime/airflow_venv/lib/python3.12/site-packages/airflow/example_dags/example_bash_operator.py
[2026-04-08T13:00:24.003+0530] {processor.py:914} INFO - Processing file /Users/navalyemul/Documents/uptime/airflow_venv/lib/python3.12/site-packages/airflow/example_dags/example_bash_operator.py for tasks to queue
[2026-04-08T13:00:24.004+0530] {logging_mixin.py:190} INFO - [2026-04-08T13:00:24.004+0530] {dagbag.py:588} INFO - Filling up the DagBag from /Users/navalyemul/Documents/uptime/airflow_venv/lib/python3.12/site-packages/airflow/example_dags/example_bash_operator.py
[2026-04-08T13:00:24.011+0530] {processor.py:925} INFO - DAG(s) 'example_bash_operator' retrieved from /Users/navalyemul/Documents/uptime/airflow_venv/lib/python3.12/site-packages/airflow/example_dags/example_bash_operator.py
[2026-04-08T13:00:24.056+0530] {logging_mixin.py:190} INFO - [2026-04-08T13:00:24.056+0530] {dag.py:3239} INFO - Sync 1 DAGs
[2026-04-08T13:00:24.065+0530] {logging_mixin.py:190} INFO - [2026-04-08T13:00:24.065+0530] {dag.py:4180} INFO - Setting next_dagrun for example_bash_operator to 2026-04-07 00:00:00+00:00, run_after=2026-04-08 00:00:00+00:00
[2026-04-08T13:00:24.073+0530] {processor.py:208} INFO - Processing /Users/navalyemul/Documents/uptime/airflow_venv/lib/python3.12/site-packages/airflow/example_dags/example_bash_operator.py took 0.073 seconds
[2026-04-08T13:03:05.857+0530] {processor.py:186} INFO - Started process (PID=27571) to work on /Users/navalyemul/Documents/uptime/airflow_venv/lib/python3.12/site-packages/airflow/example_dags/example_bash_operator.py
[2026-04-08T13:03:05.858+0530] {processor.py:914} INFO - Processing file /Users/navalyemul/Documents/uptime/airflow_venv/lib/python3.12/site-packages/airflow/example_dags/example_bash_operator.py for tasks to queue
[2026-04-08T13:03:05.859+0530] {logging_mixin.py:190} INFO - [2026-04-08T13:03:05.859+0530] {dagbag.py:588} INFO - Filling up the DagBag from /Users/navalyemul/Documents/uptime/airflow_venv/lib/python3.12/site-packages/airflow/example_dags/example_bash_operator.py
[2026-04-08T13:03:05.866+0530] {processor.py:925} INFO - DAG(s) 'example_bash_operator' retrieved from /Users/navalyemul/Documents/uptime/airflow_venv/lib/python3.12/site-packages/airflow/example_dags/example_bash_operator.py
[2026-04-08T13:03:05.910+0530] {logging_mixin.py:190} INFO - [2026-04-08T13:03:05.910+0530] {dag.py:3239} INFO - Sync 1 DAGs
[2026-04-08T13:03:05.919+0530] {logging_mixin.py:190} INFO - [2026-04-08T13:03:05.919+0530] {dag.py:4180} INFO - Setting next_dagrun for example_bash_operator to 2026-04-07 00:00:00+00:00, run_after=2026-04-08 00:00:00+00:00
[2026-04-08T13:03:05.929+0530] {processor.py:208} INFO - Processing /Users/navalyemul/Documents/uptime/airflow_venv/lib/python3.12/site-packages/airflow/example_dags/example_bash_operator.py took 0.074 seconds
[2026-04-08T13:05:56.053+0530] {processor.py:186} INFO - Started process (PID=29525) to work on /Users/navalyemul/Documents/uptime/airflow_venv/lib/python3.12/site-packages/airflow/example_dags/example_bash_operator.py
[2026-04-08T13:05:56.053+0530] {processor.py:914} INFO - Processing file /Users/navalyemul/Documents/uptime/airflow_venv/lib/python3.12/site-packages/airflow/example_dags/example_bash_operator.py for tasks to queue
[2026-04-08T13:05:56.054+0530] {logging_mixin.py:190} INFO - [2026-04-08T13:05:56.054+0530] {dagbag.py:588} INFO - Filling up the DagBag from /Users/navalyemul/Documents/uptime/airflow_venv/lib/python3.12/site-packages/airflow/example_dags/example_bash_operator.py
[2026-04-08T13:05:56.060+0530] {processor.py:925} INFO - DAG(s) 'example_bash_operator' retrieved from /Users/navalyemul/Documents/uptime/airflow_venv/lib/python3.12/site-packages/airflow/example_dags/example_bash_operator.py
[2026-04-08T13:05:56.104+0530] {logging_mixin.py:190} INFO - [2026-04-08T13:05:56.104+0530] {dag.py:3239} INFO - Sync 1 DAGs
[2026-04-08T13:05:56.113+0530] {logging_mixin.py:190} INFO - [2026-04-08T13:05:56.113+0530] {dag.py:4180} INFO - Setting next_dagrun for example_bash_operator to 2026-04-07 00:00:00+00:00, run_after=2026-04-08 00:00:00+00:00
[2026-04-08T13:05:56.122+0530] {processor.py:208} INFO - Processing /Users/navalyemul/Documents/uptime/airflow_venv/lib/python3.12/site-packages/airflow/example_dags/example_bash_operator.py took 0.070 seconds
[2026-04-08T13:08:43.154+0530] {processor.py:186} INFO - Started process (PID=31337) to work on /Users/navalyemul/Documents/uptime/airflow_venv/lib/python3.12/site-packages/airflow/example_dags/example_bash_operator.py
[2026-04-08T13:08:43.155+0530] {processor.py:914} INFO - Processing file /Users/navalyemul/Documents/uptime/airflow_venv/lib/python3.12/site-packages/airflow/example_dags/example_bash_operator.py for tasks to queue
[2026-04-08T13:08:43.155+0530] {logging_mixin.py:190} INFO - [2026-04-08T13:08:43.155+0530] {dagbag.py:588} INFO - Filling up the DagBag from /Users/navalyemul/Documents/uptime/airflow_venv/lib/python3.12/site-packages/airflow/example_dags/example_bash_operator.py
[2026-04-08T13:08:43.162+0530] {processor.py:925} INFO - DAG(s) 'example_bash_operator' retrieved from /Users/navalyemul/Documents/uptime/airflow_venv/lib/python3.12/site-packages/airflow/example_dags/example_bash_operator.py
[2026-04-08T13:08:43.206+0530] {logging_mixin.py:190} INFO - [2026-04-08T13:08:43.206+0530] {dag.py:3239} INFO - Sync 1 DAGs
[2026-04-08T13:08:43.216+0530] {logging_mixin.py:190} INFO - [2026-04-08T13:08:43.216+0530] {dag.py:4180} INFO - Setting next_dagrun for example_bash_operator to 2026-04-07 00:00:00+00:00, run_after=2026-04-08 00:00:00+00:00
[2026-04-08T13:08:43.226+0530] {processor.py:208} INFO - Processing /Users/navalyemul/Documents/uptime/airflow_venv/lib/python3.12/site-packages/airflow/example_dags/example_bash_operator.py took 0.074 seconds
[2026-04-08T13:11:27.161+0530] {processor.py:186} INFO - Started process (PID=33190) to work on /Users/navalyemul/Documents/uptime/airflow_venv/lib/python3.12/site-packages/airflow/example_dags/example_bash_operator.py
[2026-04-08T13:11:27.161+0530] {processor.py:914} INFO - Processing file /Users/navalyemul/Documents/uptime/airflow_venv/lib/python3.12/site-packages/airflow/example_dags/example_bash_operator.py for tasks to queue
[2026-04-08T13:11:27.162+0530] {logging_mixin.py:190} INFO - [2026-04-08T13:11:27.162+0530] {dagbag.py:588} INFO - Filling up the DagBag from /Users/navalyemul/Documents/uptime/airflow_venv/lib/python3.12/site-packages/airflow/example_dags/example_bash_operator.py
[2026-04-08T13:11:27.169+0530] {processor.py:925} INFO - DAG(s) 'example_bash_operator' retrieved from /Users/navalyemul/Documents/uptime/airflow_venv/lib/python3.12/site-packages/airflow/example_dags/example_bash_operator.py
[2026-04-08T13:11:27.212+0530] {logging_mixin.py:190} INFO - [2026-04-08T13:11:27.211+0530] {dag.py:3239} INFO - Sync 1 DAGs
[2026-04-08T13:11:27.220+0530] {logging_mixin.py:190} INFO - [2026-04-08T13:11:27.220+0530] {dag.py:4180} INFO - Setting next_dagrun for example_bash_operator to 2026-04-07 00:00:00+00:00, run_after=2026-04-08 00:00:00+00:00
[2026-04-08T13:11:27.228+0530] {processor.py:208} INFO - Processing /Users/navalyemul/Documents/uptime/airflow_venv/lib/python3.12/site-packages/airflow/example_dags/example_bash_operator.py took 0.069 seconds
[2026-04-08T13:14:12.778+0530] {processor.py:186} INFO - Started process (PID=35035) to work on /Users/navalyemul/Documents/uptime/airflow_venv/lib/python3.12/site-packages/airflow/example_dags/example_bash_operator.py
[2026-04-08T13:14:12.779+0530] {processor.py:914} INFO - Processing file /Users/navalyemul/Documents/uptime/airflow_venv/lib/python3.12/site-packages/airflow/example_dags/example_bash_operator.py for tasks to queue
[2026-04-08T13:14:12.779+0530] {logging_mixin.py:190} INFO - [2026-04-08T13:14:12.779+0530] {dagbag.py:588} INFO - Filling up the DagBag from /Users/navalyemul/Documents/uptime/airflow_venv/lib/python3.12/site-packages/airflow/example_dags/example_bash_operator.py
[2026-04-08T13:14:12.786+0530] {processor.py:925} INFO - DAG(s) 'example_bash_operator' retrieved from /Users/navalyemul/Documents/uptime/airflow_venv/lib/python3.12/site-packages/airflow/example_dags/example_bash_operator.py
[2026-04-08T13:14:12.831+0530] {logging_mixin.py:190} INFO - [2026-04-08T13:14:12.831+0530] {dag.py:3239} INFO - Sync 1 DAGs
[2026-04-08T13:14:12.841+0530] {logging_mixin.py:190} INFO - [2026-04-08T13:14:12.841+0530] {dag.py:4180} INFO - Setting next_dagrun for example_bash_operator to 2026-04-07 00:00:00+00:00, run_after=2026-04-08 00:00:00+00:00
[2026-04-08T13:14:12.850+0530] {processor.py:208} INFO - Processing /Users/navalyemul/Documents/uptime/airflow_venv/lib/python3.12/site-packages/airflow/example_dags/example_bash_operator.py took 0.075 seconds
[2026-04-08T13:17:01.243+0530] {processor.py:186} INFO - Started process (PID=36934) to work on /Users/navalyemul/Documents/uptime/airflow_venv/lib/python3.12/site-packages/airflow/example_dags/example_bash_operator.py
[2026-04-08T13:17:01.244+0530] {processor.py:914} INFO - Processing file /Users/navalyemul/Documents/uptime/airflow_venv/lib/python3.12/site-packages/airflow/example_dags/example_bash_operator.py for tasks to queue
[2026-04-08T13:17:01.245+0530] {logging_mixin.py:190} INFO - [2026-04-08T13:17:01.245+0530] {dagbag.py:588} INFO - Filling up the DagBag from /Users/navalyemul/Documents/uptime/airflow_venv/lib/python3.12/site-packages/airflow/example_dags/example_bash_operator.py
[2026-04-08T13:17:01.251+0530] {processor.py:925} INFO - DAG(s) 'example_bash_operator' retrieved from /Users/navalyemul/Documents/uptime/airflow_venv/lib/python3.12/site-packages/airflow/example_dags/example_bash_operator.py
[2026-04-08T13:17:01.294+0530] {logging_mixin.py:190} INFO - [2026-04-08T13:17:01.294+0530] {dag.py:3239} INFO - Sync 1 DAGs
[2026-04-08T13:17:01.303+0530] {logging_mixin.py:190} INFO - [2026-04-08T13:17:01.303+0530] {dag.py:4180} INFO - Setting next_dagrun for example_bash_operator to 2026-04-07 00:00:00+00:00, run_after=2026-04-08 00:00:00+00:00
[2026-04-08T13:17:01.311+0530] {processor.py:208} INFO - Processing /Users/navalyemul/Documents/uptime/airflow_venv/lib/python3.12/site-packages/airflow/example_dags/example_bash_operator.py took 0.070 seconds
[2026-04-08T13:20:35.812+0530] {processor.py:186} INFO - Started process (PID=38827) to work on /Users/navalyemul/Documents/uptime/airflow_venv/lib/python3.12/site-packages/airflow/example_dags/example_bash_operator.py
[2026-04-08T13:20:35.813+0530] {processor.py:914} INFO - Processing file /Users/navalyemul/Documents/uptime/airflow_venv/lib/python3.12/site-packages/airflow/example_dags/example_bash_operator.py for tasks to queue
[2026-04-08T13:20:35.813+0530] {logging_mixin.py:190} INFO - [2026-04-08T13:20:35.813+0530] {dagbag.py:588} INFO - Filling up the DagBag from /Users/navalyemul/Documents/uptime/airflow_venv/lib/python3.12/site-packages/airflow/example_dags/example_bash_operator.py
[2026-04-08T13:20:35.820+0530] {processor.py:925} INFO - DAG(s) 'example_bash_operator' retrieved from /Users/navalyemul/Documents/uptime/airflow_venv/lib/python3.12/site-packages/airflow/example_dags/example_bash_operator.py
[2026-04-08T13:20:35.863+0530] {logging_mixin.py:190} INFO - [2026-04-08T13:20:35.863+0530] {dag.py:3239} INFO - Sync 1 DAGs
[2026-04-08T13:20:35.874+0530] {logging_mixin.py:190} INFO - [2026-04-08T13:20:35.874+0530] {dag.py:4180} INFO - Setting next_dagrun for example_bash_operator to 2026-04-07 00:00:00+00:00, run_after=2026-04-08 00:00:00+00:00
[2026-04-08T13:20:35.882+0530] {processor.py:208} INFO - Processing /Users/navalyemul/Documents/uptime/airflow_venv/lib/python3.12/site-packages/airflow/example_dags/example_bash_operator.py took 0.071 seconds
[2026-04-08T13:34:41.896+0530] {processor.py:186} INFO - Started process (PID=40946) to work on /Users/navalyemul/Documents/uptime/airflow_venv/lib/python3.12/site-packages/airflow/example_dags/example_bash_operator.py
[2026-04-08T13:34:41.896+0530] {processor.py:914} INFO - Processing file /Users/navalyemul/Documents/uptime/airflow_venv/lib/python3.12/site-packages/airflow/example_dags/example_bash_operator.py for tasks to queue
[2026-04-08T13:34:41.897+0530] {logging_mixin.py:190} INFO - [2026-04-08T13:34:41.897+0530] {dagbag.py:588} INFO - Filling up the DagBag from /Users/navalyemul/Documents/uptime/airflow_venv/lib/python3.12/site-packages/airflow/example_dags/example_bash_operator.py
[2026-04-08T13:34:41.904+0530] {processor.py:925} INFO - DAG(s) 'example_bash_operator' retrieved from /Users/navalyemul/Documents/uptime/airflow_venv/lib/python3.12/site-packages/airflow/example_dags/example_bash_operator.py
[2026-04-08T13:34:41.947+0530] {logging_mixin.py:190} INFO - [2026-04-08T13:34:41.947+0530] {dag.py:3239} INFO - Sync 1 DAGs
[2026-04-08T13:34:41.955+0530] {logging_mixin.py:190} INFO - [2026-04-08T13:34:41.955+0530] {dag.py:4180} INFO - Setting next_dagrun for example_bash_operator to 2026-04-07 00:00:00+00:00, run_after=2026-04-08 00:00:00+00:00
[2026-04-08T13:34:41.964+0530] {processor.py:208} INFO - Processing /Users/navalyemul/Documents/uptime/airflow_venv/lib/python3.12/site-packages/airflow/example_dags/example_bash_operator.py took 0.070 seconds
[2026-04-08T13:53:53.577+0530] {processor.py:186} INFO - Started process (PID=43070) to work on /Users/navalyemul/Documents/uptime/airflow_venv/lib/python3.12/site-packages/airflow/example_dags/example_bash_operator.py
[2026-04-08T13:53:53.578+0530] {processor.py:914} INFO - Processing file /Users/navalyemul/Documents/uptime/airflow_venv/lib/python3.12/site-packages/airflow/example_dags/example_bash_operator.py for tasks to queue
[2026-04-08T13:53:53.578+0530] {logging_mixin.py:190} INFO - [2026-04-08T13:53:53.578+0530] {dagbag.py:588} INFO - Filling up the DagBag from /Users/navalyemul/Documents/uptime/airflow_venv/lib/python3.12/site-packages/airflow/example_dags/example_bash_operator.py
[2026-04-08T13:53:53.584+0530] {processor.py:925} INFO - DAG(s) 'example_bash_operator' retrieved from /Users/navalyemul/Documents/uptime/airflow_venv/lib/python3.12/site-packages/airflow/example_dags/example_bash_operator.py
[2026-04-08T13:53:53.629+0530] {logging_mixin.py:190} INFO - [2026-04-08T13:53:53.629+0530] {dag.py:3239} INFO - Sync 1 DAGs
[2026-04-08T13:53:53.638+0530] {logging_mixin.py:190} INFO - [2026-04-08T13:53:53.638+0530] {dag.py:4180} INFO - Setting next_dagrun for example_bash_operator to 2026-04-07 00:00:00+00:00, run_after=2026-04-08 00:00:00+00:00
[2026-04-08T13:53:53.647+0530] {processor.py:208} INFO - Processing /Users/navalyemul/Documents/uptime/airflow_venv/lib/python3.12/site-packages/airflow/example_dags/example_bash_operator.py took 0.072 seconds
[2026-04-08T13:57:22.090+0530] {processor.py:186} INFO - Started process (PID=45154) to work on /Users/navalyemul/Documents/uptime/airflow_venv/lib/python3.12/site-packages/airflow/example_dags/example_bash_operator.py
[2026-04-08T13:57:22.092+0530] {processor.py:914} INFO - Processing file /Users/navalyemul/Documents/uptime/airflow_venv/lib/python3.12/site-packages/airflow/example_dags/example_bash_operator.py for tasks to queue
[2026-04-08T13:57:22.093+0530] {logging_mixin.py:190} INFO - [2026-04-08T13:57:22.093+0530] {dagbag.py:588} INFO - Filling up the DagBag from /Users/navalyemul/Documents/uptime/airflow_venv/lib/python3.12/site-packages/airflow/example_dags/example_bash_operator.py
[2026-04-08T13:57:22.105+0530] {processor.py:925} INFO - DAG(s) 'example_bash_operator' retrieved from /Users/navalyemul/Documents/uptime/airflow_venv/lib/python3.12/site-packages/airflow/example_dags/example_bash_operator.py
[2026-04-08T13:57:22.166+0530] {logging_mixin.py:190} INFO - [2026-04-08T13:57:22.165+0530] {dag.py:3239} INFO - Sync 1 DAGs
[2026-04-08T13:57:22.176+0530] {logging_mixin.py:190} INFO - [2026-04-08T13:57:22.176+0530] {dag.py:4180} INFO - Setting next_dagrun for example_bash_operator to 2026-04-07 00:00:00+00:00, run_after=2026-04-08 00:00:00+00:00
[2026-04-08T13:57:22.188+0530] {processor.py:208} INFO - Processing /Users/navalyemul/Documents/uptime/airflow_venv/lib/python3.12/site-packages/airflow/example_dags/example_bash_operator.py took 0.103 seconds
