[2026-04-08T12:44:44.588+0530] {processor.py:186} INFO - Started process (PID=16134) to work on /Users/navalyemul/Documents/uptime/airflow_venv/lib/python3.12/site-packages/airflow/example_dags/example_params_ui_tutorial.py
[2026-04-08T12:44:44.590+0530] {processor.py:914} INFO - Processing file /Users/navalyemul/Documents/uptime/airflow_venv/lib/python3.12/site-packages/airflow/example_dags/example_params_ui_tutorial.py for tasks to queue
[2026-04-08T12:44:44.591+0530] {logging_mixin.py:190} INFO - [2026-04-08T12:44:44.591+0530] {dagbag.py:588} INFO - Filling up the DagBag from /Users/navalyemul/Documents/uptime/airflow_venv/lib/python3.12/site-packages/airflow/example_dags/example_params_ui_tutorial.py
[2026-04-08T12:44:44.635+0530] {processor.py:925} INFO - DAG(s) 'example_params_ui_tutorial' retrieved from /Users/navalyemul/Documents/uptime/airflow_venv/lib/python3.12/site-packages/airflow/example_dags/example_params_ui_tutorial.py
[2026-04-08T12:44:44.779+0530] {logging_mixin.py:190} INFO - [2026-04-08T12:44:44.778+0530] {override.py:1912} INFO - Created Permission View: can read on DAG:example_params_ui_tutorial
[2026-04-08T12:44:44.783+0530] {logging_mixin.py:190} INFO - [2026-04-08T12:44:44.783+0530] {override.py:1912} INFO - Created Permission View: can delete on DAG:example_params_ui_tutorial
[2026-04-08T12:44:44.786+0530] {logging_mixin.py:190} INFO - [2026-04-08T12:44:44.786+0530] {override.py:1912} INFO - Created Permission View: can edit on DAG:example_params_ui_tutorial
[2026-04-08T12:44:44.792+0530] {logging_mixin.py:190} INFO - [2026-04-08T12:44:44.791+0530] {override.py:1912} INFO - Created Permission View: can read on DAG Run:example_params_ui_tutorial
[2026-04-08T12:44:44.796+0530] {logging_mixin.py:190} INFO - [2026-04-08T12:44:44.795+0530] {override.py:1912} INFO - Created Permission View: menu access on DAG Run:example_params_ui_tutorial
[2026-04-08T12:44:44.799+0530] {logging_mixin.py:190} INFO - [2026-04-08T12:44:44.799+0530] {override.py:1912} INFO - Created Permission View: can create on DAG Run:example_params_ui_tutorial
[2026-04-08T12:44:44.804+0530] {logging_mixin.py:190} INFO - [2026-04-08T12:44:44.804+0530] {override.py:1912} INFO - Created Permission View: can delete on DAG Run:example_params_ui_tutorial
[2026-04-08T12:44:44.805+0530] {logging_mixin.py:190} INFO - [2026-04-08T12:44:44.804+0530] {dag.py:3239} INFO - Sync 1 DAGs
[2026-04-08T12:44:44.814+0530] {logging_mixin.py:190} INFO - [2026-04-08T12:44:44.814+0530] {dag.py:3262} INFO - Creating ORM DAG for example_params_ui_tutorial
[2026-04-08T12:44:44.815+0530] {logging_mixin.py:190} INFO - [2026-04-08T12:44:44.815+0530] {dag.py:4180} INFO - Setting next_dagrun for example_params_ui_tutorial to None, run_after=None
[2026-04-08T12:44:44.898+0530] {processor.py:208} INFO - Processing /Users/navalyemul/Documents/uptime/airflow_venv/lib/python3.12/site-packages/airflow/example_dags/example_params_ui_tutorial.py took 0.314 seconds
[2026-04-08T12:47:15.784+0530] {processor.py:186} INFO - Started process (PID=17651) to work on /Users/navalyemul/Documents/uptime/airflow_venv/lib/python3.12/site-packages/airflow/example_dags/example_params_ui_tutorial.py
[2026-04-08T12:47:15.785+0530] {processor.py:914} INFO - Processing file /Users/navalyemul/Documents/uptime/airflow_venv/lib/python3.12/site-packages/airflow/example_dags/example_params_ui_tutorial.py for tasks to queue
[2026-04-08T12:47:15.786+0530] {logging_mixin.py:190} INFO - [2026-04-08T12:47:15.785+0530] {dagbag.py:588} INFO - Filling up the DagBag from /Users/navalyemul/Documents/uptime/airflow_venv/lib/python3.12/site-packages/airflow/example_dags/example_params_ui_tutorial.py
[2026-04-08T12:47:15.808+0530] {processor.py:925} INFO - DAG(s) 'example_params_ui_tutorial' retrieved from /Users/navalyemul/Documents/uptime/airflow_venv/lib/python3.12/site-packages/airflow/example_dags/example_params_ui_tutorial.py
[2026-04-08T12:47:15.859+0530] {logging_mixin.py:190} INFO - [2026-04-08T12:47:15.859+0530] {dag.py:3239} INFO - Sync 1 DAGs
[2026-04-08T12:47:15.864+0530] {logging_mixin.py:190} INFO - [2026-04-08T12:47:15.864+0530] {dag.py:4180} INFO - Setting next_dagrun for example_params_ui_tutorial to None, run_after=None
[2026-04-08T12:47:15.873+0530] {processor.py:208} INFO - Processing /Users/navalyemul/Documents/uptime/airflow_venv/lib/python3.12/site-packages/airflow/example_dags/example_params_ui_tutorial.py took 0.091 seconds
[2026-04-08T12:49:10.613+0530] {processor.py:186} INFO - Started process (PID=18977) to work on /Users/navalyemul/Documents/uptime/airflow_venv/lib/python3.12/site-packages/airflow/example_dags/example_params_ui_tutorial.py
[2026-04-08T12:49:10.614+0530] {processor.py:914} INFO - Processing file /Users/navalyemul/Documents/uptime/airflow_venv/lib/python3.12/site-packages/airflow/example_dags/example_params_ui_tutorial.py for tasks to queue
[2026-04-08T12:49:10.615+0530] {logging_mixin.py:190} INFO - [2026-04-08T12:49:10.615+0530] {dagbag.py:588} INFO - Filling up the DagBag from /Users/navalyemul/Documents/uptime/airflow_venv/lib/python3.12/site-packages/airflow/example_dags/example_params_ui_tutorial.py
[2026-04-08T12:49:10.637+0530] {processor.py:925} INFO - DAG(s) 'example_params_ui_tutorial' retrieved from /Users/navalyemul/Documents/uptime/airflow_venv/lib/python3.12/site-packages/airflow/example_dags/example_params_ui_tutorial.py
[2026-04-08T12:49:10.689+0530] {logging_mixin.py:190} INFO - [2026-04-08T12:49:10.689+0530] {dag.py:3239} INFO - Sync 1 DAGs
[2026-04-08T12:49:10.694+0530] {logging_mixin.py:190} INFO - [2026-04-08T12:49:10.694+0530] {dag.py:4180} INFO - Setting next_dagrun for example_params_ui_tutorial to None, run_after=None
[2026-04-08T12:49:10.703+0530] {processor.py:208} INFO - Processing /Users/navalyemul/Documents/uptime/airflow_venv/lib/python3.12/site-packages/airflow/example_dags/example_params_ui_tutorial.py took 0.091 seconds
[2026-04-08T12:52:07.712+0530] {processor.py:186} INFO - Started process (PID=20877) to work on /Users/navalyemul/Documents/uptime/airflow_venv/lib/python3.12/site-packages/airflow/example_dags/example_params_ui_tutorial.py
[2026-04-08T12:52:07.713+0530] {processor.py:914} INFO - Processing file /Users/navalyemul/Documents/uptime/airflow_venv/lib/python3.12/site-packages/airflow/example_dags/example_params_ui_tutorial.py for tasks to queue
[2026-04-08T12:52:07.714+0530] {logging_mixin.py:190} INFO - [2026-04-08T12:52:07.713+0530] {dagbag.py:588} INFO - Filling up the DagBag from /Users/navalyemul/Documents/uptime/airflow_venv/lib/python3.12/site-packages/airflow/example_dags/example_params_ui_tutorial.py
[2026-04-08T12:52:07.737+0530] {processor.py:925} INFO - DAG(s) 'example_params_ui_tutorial' retrieved from /Users/navalyemul/Documents/uptime/airflow_venv/lib/python3.12/site-packages/airflow/example_dags/example_params_ui_tutorial.py
[2026-04-08T12:52:07.788+0530] {logging_mixin.py:190} INFO - [2026-04-08T12:52:07.788+0530] {dag.py:3239} INFO - Sync 1 DAGs
[2026-04-08T12:52:07.793+0530] {logging_mixin.py:190} INFO - [2026-04-08T12:52:07.793+0530] {dag.py:4180} INFO - Setting next_dagrun for example_params_ui_tutorial to None, run_after=None
[2026-04-08T12:52:07.803+0530] {processor.py:208} INFO - Processing /Users/navalyemul/Documents/uptime/airflow_venv/lib/python3.12/site-packages/airflow/example_dags/example_params_ui_tutorial.py took 0.095 seconds
[2026-04-08T12:55:43.336+0530] {processor.py:186} INFO - Started process (PID=22680) to work on /Users/navalyemul/Documents/uptime/airflow_venv/lib/python3.12/site-packages/airflow/example_dags/example_params_ui_tutorial.py
[2026-04-08T12:55:43.337+0530] {processor.py:914} INFO - Processing file /Users/navalyemul/Documents/uptime/airflow_venv/lib/python3.12/site-packages/airflow/example_dags/example_params_ui_tutorial.py for tasks to queue
[2026-04-08T12:55:43.338+0530] {logging_mixin.py:190} INFO - [2026-04-08T12:55:43.338+0530] {dagbag.py:588} INFO - Filling up the DagBag from /Users/navalyemul/Documents/uptime/airflow_venv/lib/python3.12/site-packages/airflow/example_dags/example_params_ui_tutorial.py
[2026-04-08T12:55:43.359+0530] {processor.py:925} INFO - DAG(s) 'example_params_ui_tutorial' retrieved from /Users/navalyemul/Documents/uptime/airflow_venv/lib/python3.12/site-packages/airflow/example_dags/example_params_ui_tutorial.py
[2026-04-08T12:55:43.410+0530] {logging_mixin.py:190} INFO - [2026-04-08T12:55:43.409+0530] {dag.py:3239} INFO - Sync 1 DAGs
[2026-04-08T12:55:43.415+0530] {logging_mixin.py:190} INFO - [2026-04-08T12:55:43.414+0530] {dag.py:4180} INFO - Setting next_dagrun for example_params_ui_tutorial to None, run_after=None
[2026-04-08T12:55:43.423+0530] {processor.py:208} INFO - Processing /Users/navalyemul/Documents/uptime/airflow_venv/lib/python3.12/site-packages/airflow/example_dags/example_params_ui_tutorial.py took 0.089 seconds
[2026-04-08T12:58:37.669+0530] {processor.py:186} INFO - Started process (PID=24514) to work on /Users/navalyemul/Documents/uptime/airflow_venv/lib/python3.12/site-packages/airflow/example_dags/example_params_ui_tutorial.py
[2026-04-08T12:58:37.671+0530] {processor.py:914} INFO - Processing file /Users/navalyemul/Documents/uptime/airflow_venv/lib/python3.12/site-packages/airflow/example_dags/example_params_ui_tutorial.py for tasks to queue
[2026-04-08T12:58:37.671+0530] {logging_mixin.py:190} INFO - [2026-04-08T12:58:37.671+0530] {dagbag.py:588} INFO - Filling up the DagBag from /Users/navalyemul/Documents/uptime/airflow_venv/lib/python3.12/site-packages/airflow/example_dags/example_params_ui_tutorial.py
[2026-04-08T12:58:37.692+0530] {processor.py:925} INFO - DAG(s) 'example_params_ui_tutorial' retrieved from /Users/navalyemul/Documents/uptime/airflow_venv/lib/python3.12/site-packages/airflow/example_dags/example_params_ui_tutorial.py
[2026-04-08T12:58:37.742+0530] {logging_mixin.py:190} INFO - [2026-04-08T12:58:37.742+0530] {dag.py:3239} INFO - Sync 1 DAGs
[2026-04-08T12:58:37.748+0530] {logging_mixin.py:190} INFO - [2026-04-08T12:58:37.748+0530] {dag.py:4180} INFO - Setting next_dagrun for example_params_ui_tutorial to None, run_after=None
[2026-04-08T12:58:37.757+0530] {processor.py:208} INFO - Processing /Users/navalyemul/Documents/uptime/airflow_venv/lib/python3.12/site-packages/airflow/example_dags/example_params_ui_tutorial.py took 0.090 seconds
[2026-04-08T13:01:20.558+0530] {processor.py:186} INFO - Started process (PID=26364) to work on /Users/navalyemul/Documents/uptime/airflow_venv/lib/python3.12/site-packages/airflow/example_dags/example_params_ui_tutorial.py
[2026-04-08T13:01:20.559+0530] {processor.py:914} INFO - Processing file /Users/navalyemul/Documents/uptime/airflow_venv/lib/python3.12/site-packages/airflow/example_dags/example_params_ui_tutorial.py for tasks to queue
[2026-04-08T13:01:20.560+0530] {logging_mixin.py:190} INFO - [2026-04-08T13:01:20.560+0530] {dagbag.py:588} INFO - Filling up the DagBag from /Users/navalyemul/Documents/uptime/airflow_venv/lib/python3.12/site-packages/airflow/example_dags/example_params_ui_tutorial.py
[2026-04-08T13:01:20.581+0530] {processor.py:925} INFO - DAG(s) 'example_params_ui_tutorial' retrieved from /Users/navalyemul/Documents/uptime/airflow_venv/lib/python3.12/site-packages/airflow/example_dags/example_params_ui_tutorial.py
[2026-04-08T13:01:20.630+0530] {logging_mixin.py:190} INFO - [2026-04-08T13:01:20.630+0530] {dag.py:3239} INFO - Sync 1 DAGs
[2026-04-08T13:01:20.635+0530] {logging_mixin.py:190} INFO - [2026-04-08T13:01:20.635+0530] {dag.py:4180} INFO - Setting next_dagrun for example_params_ui_tutorial to None, run_after=None
[2026-04-08T13:01:20.642+0530] {processor.py:208} INFO - Processing /Users/navalyemul/Documents/uptime/airflow_venv/lib/python3.12/site-packages/airflow/example_dags/example_params_ui_tutorial.py took 0.086 seconds
[2026-04-08T13:04:06.440+0530] {processor.py:186} INFO - Started process (PID=28311) to work on /Users/navalyemul/Documents/uptime/airflow_venv/lib/python3.12/site-packages/airflow/example_dags/example_params_ui_tutorial.py
[2026-04-08T13:04:06.441+0530] {processor.py:914} INFO - Processing file /Users/navalyemul/Documents/uptime/airflow_venv/lib/python3.12/site-packages/airflow/example_dags/example_params_ui_tutorial.py for tasks to queue
[2026-04-08T13:04:06.442+0530] {logging_mixin.py:190} INFO - [2026-04-08T13:04:06.442+0530] {dagbag.py:588} INFO - Filling up the DagBag from /Users/navalyemul/Documents/uptime/airflow_venv/lib/python3.12/site-packages/airflow/example_dags/example_params_ui_tutorial.py
[2026-04-08T13:04:06.463+0530] {processor.py:925} INFO - DAG(s) 'example_params_ui_tutorial' retrieved from /Users/navalyemul/Documents/uptime/airflow_venv/lib/python3.12/site-packages/airflow/example_dags/example_params_ui_tutorial.py
[2026-04-08T13:04:06.513+0530] {logging_mixin.py:190} INFO - [2026-04-08T13:04:06.513+0530] {dag.py:3239} INFO - Sync 1 DAGs
[2026-04-08T13:04:06.518+0530] {logging_mixin.py:190} INFO - [2026-04-08T13:04:06.518+0530] {dag.py:4180} INFO - Setting next_dagrun for example_params_ui_tutorial to None, run_after=None
[2026-04-08T13:04:06.526+0530] {processor.py:208} INFO - Processing /Users/navalyemul/Documents/uptime/airflow_venv/lib/python3.12/site-packages/airflow/example_dags/example_params_ui_tutorial.py took 0.087 seconds
[2026-04-08T13:06:54.658+0530] {processor.py:186} INFO - Started process (PID=30160) to work on /Users/navalyemul/Documents/uptime/airflow_venv/lib/python3.12/site-packages/airflow/example_dags/example_params_ui_tutorial.py
[2026-04-08T13:06:54.659+0530] {processor.py:914} INFO - Processing file /Users/navalyemul/Documents/uptime/airflow_venv/lib/python3.12/site-packages/airflow/example_dags/example_params_ui_tutorial.py for tasks to queue
[2026-04-08T13:06:54.659+0530] {logging_mixin.py:190} INFO - [2026-04-08T13:06:54.659+0530] {dagbag.py:588} INFO - Filling up the DagBag from /Users/navalyemul/Documents/uptime/airflow_venv/lib/python3.12/site-packages/airflow/example_dags/example_params_ui_tutorial.py
[2026-04-08T13:06:54.680+0530] {processor.py:925} INFO - DAG(s) 'example_params_ui_tutorial' retrieved from /Users/navalyemul/Documents/uptime/airflow_venv/lib/python3.12/site-packages/airflow/example_dags/example_params_ui_tutorial.py
[2026-04-08T13:06:54.730+0530] {logging_mixin.py:190} INFO - [2026-04-08T13:06:54.730+0530] {dag.py:3239} INFO - Sync 1 DAGs
[2026-04-08T13:06:54.735+0530] {logging_mixin.py:190} INFO - [2026-04-08T13:06:54.735+0530] {dag.py:4180} INFO - Setting next_dagrun for example_params_ui_tutorial to None, run_after=None
[2026-04-08T13:06:54.743+0530] {processor.py:208} INFO - Processing /Users/navalyemul/Documents/uptime/airflow_venv/lib/python3.12/site-packages/airflow/example_dags/example_params_ui_tutorial.py took 0.087 seconds
[2026-04-08T13:09:41.251+0530] {processor.py:186} INFO - Started process (PID=31970) to work on /Users/navalyemul/Documents/uptime/airflow_venv/lib/python3.12/site-packages/airflow/example_dags/example_params_ui_tutorial.py
[2026-04-08T13:09:41.252+0530] {processor.py:914} INFO - Processing file /Users/navalyemul/Documents/uptime/airflow_venv/lib/python3.12/site-packages/airflow/example_dags/example_params_ui_tutorial.py for tasks to queue
[2026-04-08T13:09:41.252+0530] {logging_mixin.py:190} INFO - [2026-04-08T13:09:41.252+0530] {dagbag.py:588} INFO - Filling up the DagBag from /Users/navalyemul/Documents/uptime/airflow_venv/lib/python3.12/site-packages/airflow/example_dags/example_params_ui_tutorial.py
[2026-04-08T13:09:41.274+0530] {processor.py:925} INFO - DAG(s) 'example_params_ui_tutorial' retrieved from /Users/navalyemul/Documents/uptime/airflow_venv/lib/python3.12/site-packages/airflow/example_dags/example_params_ui_tutorial.py
[2026-04-08T13:09:41.327+0530] {logging_mixin.py:190} INFO - [2026-04-08T13:09:41.327+0530] {dag.py:3239} INFO - Sync 1 DAGs
[2026-04-08T13:09:41.332+0530] {logging_mixin.py:190} INFO - [2026-04-08T13:09:41.332+0530] {dag.py:4180} INFO - Setting next_dagrun for example_params_ui_tutorial to None, run_after=None
[2026-04-08T13:09:41.341+0530] {processor.py:208} INFO - Processing /Users/navalyemul/Documents/uptime/airflow_venv/lib/python3.12/site-packages/airflow/example_dags/example_params_ui_tutorial.py took 0.092 seconds
[2026-04-08T13:12:26.682+0530] {processor.py:186} INFO - Started process (PID=33848) to work on /Users/navalyemul/Documents/uptime/airflow_venv/lib/python3.12/site-packages/airflow/example_dags/example_params_ui_tutorial.py
[2026-04-08T13:12:26.683+0530] {processor.py:914} INFO - Processing file /Users/navalyemul/Documents/uptime/airflow_venv/lib/python3.12/site-packages/airflow/example_dags/example_params_ui_tutorial.py for tasks to queue
[2026-04-08T13:12:26.683+0530] {logging_mixin.py:190} INFO - [2026-04-08T13:12:26.683+0530] {dagbag.py:588} INFO - Filling up the DagBag from /Users/navalyemul/Documents/uptime/airflow_venv/lib/python3.12/site-packages/airflow/example_dags/example_params_ui_tutorial.py
[2026-04-08T13:12:26.704+0530] {processor.py:925} INFO - DAG(s) 'example_params_ui_tutorial' retrieved from /Users/navalyemul/Documents/uptime/airflow_venv/lib/python3.12/site-packages/airflow/example_dags/example_params_ui_tutorial.py
[2026-04-08T13:12:26.759+0530] {logging_mixin.py:190} INFO - [2026-04-08T13:12:26.759+0530] {dag.py:3239} INFO - Sync 1 DAGs
[2026-04-08T13:12:26.764+0530] {logging_mixin.py:190} INFO - [2026-04-08T13:12:26.764+0530] {dag.py:4180} INFO - Setting next_dagrun for example_params_ui_tutorial to None, run_after=None
[2026-04-08T13:12:26.772+0530] {processor.py:208} INFO - Processing /Users/navalyemul/Documents/uptime/airflow_venv/lib/python3.12/site-packages/airflow/example_dags/example_params_ui_tutorial.py took 0.092 seconds
[2026-04-08T13:15:13.144+0530] {processor.py:186} INFO - Started process (PID=35713) to work on /Users/navalyemul/Documents/uptime/airflow_venv/lib/python3.12/site-packages/airflow/example_dags/example_params_ui_tutorial.py
[2026-04-08T13:15:13.145+0530] {processor.py:914} INFO - Processing file /Users/navalyemul/Documents/uptime/airflow_venv/lib/python3.12/site-packages/airflow/example_dags/example_params_ui_tutorial.py for tasks to queue
[2026-04-08T13:15:13.145+0530] {logging_mixin.py:190} INFO - [2026-04-08T13:15:13.145+0530] {dagbag.py:588} INFO - Filling up the DagBag from /Users/navalyemul/Documents/uptime/airflow_venv/lib/python3.12/site-packages/airflow/example_dags/example_params_ui_tutorial.py
[2026-04-08T13:15:13.168+0530] {processor.py:925} INFO - DAG(s) 'example_params_ui_tutorial' retrieved from /Users/navalyemul/Documents/uptime/airflow_venv/lib/python3.12/site-packages/airflow/example_dags/example_params_ui_tutorial.py
[2026-04-08T13:15:13.220+0530] {logging_mixin.py:190} INFO - [2026-04-08T13:15:13.220+0530] {dag.py:3239} INFO - Sync 1 DAGs
[2026-04-08T13:15:13.225+0530] {logging_mixin.py:190} INFO - [2026-04-08T13:15:13.225+0530] {dag.py:4180} INFO - Setting next_dagrun for example_params_ui_tutorial to None, run_after=None
[2026-04-08T13:15:13.233+0530] {processor.py:208} INFO - Processing /Users/navalyemul/Documents/uptime/airflow_venv/lib/python3.12/site-packages/airflow/example_dags/example_params_ui_tutorial.py took 0.091 seconds
[2026-04-08T13:18:00.834+0530] {processor.py:186} INFO - Started process (PID=37604) to work on /Users/navalyemul/Documents/uptime/airflow_venv/lib/python3.12/site-packages/airflow/example_dags/example_params_ui_tutorial.py
[2026-04-08T13:18:00.835+0530] {processor.py:914} INFO - Processing file /Users/navalyemul/Documents/uptime/airflow_venv/lib/python3.12/site-packages/airflow/example_dags/example_params_ui_tutorial.py for tasks to queue
[2026-04-08T13:18:00.835+0530] {logging_mixin.py:190} INFO - [2026-04-08T13:18:00.835+0530] {dagbag.py:588} INFO - Filling up the DagBag from /Users/navalyemul/Documents/uptime/airflow_venv/lib/python3.12/site-packages/airflow/example_dags/example_params_ui_tutorial.py
[2026-04-08T13:18:00.856+0530] {processor.py:925} INFO - DAG(s) 'example_params_ui_tutorial' retrieved from /Users/navalyemul/Documents/uptime/airflow_venv/lib/python3.12/site-packages/airflow/example_dags/example_params_ui_tutorial.py
[2026-04-08T13:18:00.908+0530] {logging_mixin.py:190} INFO - [2026-04-08T13:18:00.907+0530] {dag.py:3239} INFO - Sync 1 DAGs
[2026-04-08T13:18:00.913+0530] {logging_mixin.py:190} INFO - [2026-04-08T13:18:00.913+0530] {dag.py:4180} INFO - Setting next_dagrun for example_params_ui_tutorial to None, run_after=None
[2026-04-08T13:18:00.921+0530] {processor.py:208} INFO - Processing /Users/navalyemul/Documents/uptime/airflow_venv/lib/python3.12/site-packages/airflow/example_dags/example_params_ui_tutorial.py took 0.090 seconds
[2026-04-08T13:29:08.937+0530] {processor.py:186} INFO - Started process (PID=39570) to work on /Users/navalyemul/Documents/uptime/airflow_venv/lib/python3.12/site-packages/airflow/example_dags/example_params_ui_tutorial.py
[2026-04-08T13:29:08.938+0530] {processor.py:914} INFO - Processing file /Users/navalyemul/Documents/uptime/airflow_venv/lib/python3.12/site-packages/airflow/example_dags/example_params_ui_tutorial.py for tasks to queue
[2026-04-08T13:29:08.939+0530] {logging_mixin.py:190} INFO - [2026-04-08T13:29:08.938+0530] {dagbag.py:588} INFO - Filling up the DagBag from /Users/navalyemul/Documents/uptime/airflow_venv/lib/python3.12/site-packages/airflow/example_dags/example_params_ui_tutorial.py
[2026-04-08T13:29:08.960+0530] {processor.py:925} INFO - DAG(s) 'example_params_ui_tutorial' retrieved from /Users/navalyemul/Documents/uptime/airflow_venv/lib/python3.12/site-packages/airflow/example_dags/example_params_ui_tutorial.py
[2026-04-08T13:29:09.009+0530] {logging_mixin.py:190} INFO - [2026-04-08T13:29:09.009+0530] {dag.py:3239} INFO - Sync 1 DAGs
[2026-04-08T13:29:09.014+0530] {logging_mixin.py:190} INFO - [2026-04-08T13:29:09.014+0530] {dag.py:4180} INFO - Setting next_dagrun for example_params_ui_tutorial to None, run_after=None
[2026-04-08T13:29:09.021+0530] {processor.py:208} INFO - Processing /Users/navalyemul/Documents/uptime/airflow_venv/lib/python3.12/site-packages/airflow/example_dags/example_params_ui_tutorial.py took 0.086 seconds
[2026-04-08T13:34:09.196+0530] {processor.py:186} INFO - Started process (PID=40555) to work on /Users/navalyemul/Documents/uptime/airflow_venv/lib/python3.12/site-packages/airflow/example_dags/example_params_ui_tutorial.py
[2026-04-08T13:34:09.197+0530] {processor.py:914} INFO - Processing file /Users/navalyemul/Documents/uptime/airflow_venv/lib/python3.12/site-packages/airflow/example_dags/example_params_ui_tutorial.py for tasks to queue
[2026-04-08T13:34:09.197+0530] {logging_mixin.py:190} INFO - [2026-04-08T13:34:09.197+0530] {dagbag.py:588} INFO - Filling up the DagBag from /Users/navalyemul/Documents/uptime/airflow_venv/lib/python3.12/site-packages/airflow/example_dags/example_params_ui_tutorial.py
[2026-04-08T13:34:09.219+0530] {processor.py:925} INFO - DAG(s) 'example_params_ui_tutorial' retrieved from /Users/navalyemul/Documents/uptime/airflow_venv/lib/python3.12/site-packages/airflow/example_dags/example_params_ui_tutorial.py
[2026-04-08T13:34:09.269+0530] {logging_mixin.py:190} INFO - [2026-04-08T13:34:09.269+0530] {dag.py:3239} INFO - Sync 1 DAGs
[2026-04-08T13:34:09.275+0530] {logging_mixin.py:190} INFO - [2026-04-08T13:34:09.274+0530] {dag.py:4180} INFO - Setting next_dagrun for example_params_ui_tutorial to None, run_after=None
[2026-04-08T13:34:09.284+0530] {processor.py:208} INFO - Processing /Users/navalyemul/Documents/uptime/airflow_venv/lib/python3.12/site-packages/airflow/example_dags/example_params_ui_tutorial.py took 0.090 seconds
[2026-04-08T13:35:50.092+0530] {processor.py:186} INFO - Started process (PID=41724) to work on /Users/navalyemul/Documents/uptime/airflow_venv/lib/python3.12/site-packages/airflow/example_dags/example_params_ui_tutorial.py
[2026-04-08T13:35:50.093+0530] {processor.py:914} INFO - Processing file /Users/navalyemul/Documents/uptime/airflow_venv/lib/python3.12/site-packages/airflow/example_dags/example_params_ui_tutorial.py for tasks to queue
[2026-04-08T13:35:50.093+0530] {logging_mixin.py:190} INFO - [2026-04-08T13:35:50.093+0530] {dagbag.py:588} INFO - Filling up the DagBag from /Users/navalyemul/Documents/uptime/airflow_venv/lib/python3.12/site-packages/airflow/example_dags/example_params_ui_tutorial.py
[2026-04-08T13:35:50.113+0530] {processor.py:925} INFO - DAG(s) 'example_params_ui_tutorial' retrieved from /Users/navalyemul/Documents/uptime/airflow_venv/lib/python3.12/site-packages/airflow/example_dags/example_params_ui_tutorial.py
[2026-04-08T13:35:50.162+0530] {logging_mixin.py:190} INFO - [2026-04-08T13:35:50.162+0530] {dag.py:3239} INFO - Sync 1 DAGs
[2026-04-08T13:35:50.167+0530] {logging_mixin.py:190} INFO - [2026-04-08T13:35:50.167+0530] {dag.py:4180} INFO - Setting next_dagrun for example_params_ui_tutorial to None, run_after=None
[2026-04-08T13:35:50.176+0530] {processor.py:208} INFO - Processing /Users/navalyemul/Documents/uptime/airflow_venv/lib/python3.12/site-packages/airflow/example_dags/example_params_ui_tutorial.py took 0.085 seconds
[2026-04-08T13:46:40.470+0530] {processor.py:186} INFO - Started process (PID=42638) to work on /Users/navalyemul/Documents/uptime/airflow_venv/lib/python3.12/site-packages/airflow/example_dags/example_params_ui_tutorial.py
[2026-04-08T13:46:40.471+0530] {processor.py:914} INFO - Processing file /Users/navalyemul/Documents/uptime/airflow_venv/lib/python3.12/site-packages/airflow/example_dags/example_params_ui_tutorial.py for tasks to queue
[2026-04-08T13:46:40.471+0530] {logging_mixin.py:190} INFO - [2026-04-08T13:46:40.471+0530] {dagbag.py:588} INFO - Filling up the DagBag from /Users/navalyemul/Documents/uptime/airflow_venv/lib/python3.12/site-packages/airflow/example_dags/example_params_ui_tutorial.py
[2026-04-08T13:46:40.493+0530] {processor.py:925} INFO - DAG(s) 'example_params_ui_tutorial' retrieved from /Users/navalyemul/Documents/uptime/airflow_venv/lib/python3.12/site-packages/airflow/example_dags/example_params_ui_tutorial.py
[2026-04-08T13:46:40.542+0530] {logging_mixin.py:190} INFO - [2026-04-08T13:46:40.542+0530] {dag.py:3239} INFO - Sync 1 DAGs
[2026-04-08T13:46:40.546+0530] {logging_mixin.py:190} INFO - [2026-04-08T13:46:40.546+0530] {dag.py:4180} INFO - Setting next_dagrun for example_params_ui_tutorial to None, run_after=None
[2026-04-08T13:46:40.554+0530] {processor.py:208} INFO - Processing /Users/navalyemul/Documents/uptime/airflow_venv/lib/python3.12/site-packages/airflow/example_dags/example_params_ui_tutorial.py took 0.085 seconds
[2026-04-08T13:54:59.001+0530] {processor.py:186} INFO - Started process (PID=43810) to work on /Users/navalyemul/Documents/uptime/airflow_venv/lib/python3.12/site-packages/airflow/example_dags/example_params_ui_tutorial.py
[2026-04-08T13:54:59.002+0530] {processor.py:914} INFO - Processing file /Users/navalyemul/Documents/uptime/airflow_venv/lib/python3.12/site-packages/airflow/example_dags/example_params_ui_tutorial.py for tasks to queue
[2026-04-08T13:54:59.003+0530] {logging_mixin.py:190} INFO - [2026-04-08T13:54:59.003+0530] {dagbag.py:588} INFO - Filling up the DagBag from /Users/navalyemul/Documents/uptime/airflow_venv/lib/python3.12/site-packages/airflow/example_dags/example_params_ui_tutorial.py
[2026-04-08T13:54:59.025+0530] {processor.py:925} INFO - DAG(s) 'example_params_ui_tutorial' retrieved from /Users/navalyemul/Documents/uptime/airflow_venv/lib/python3.12/site-packages/airflow/example_dags/example_params_ui_tutorial.py
[2026-04-08T13:54:59.079+0530] {logging_mixin.py:190} INFO - [2026-04-08T13:54:59.079+0530] {dag.py:3239} INFO - Sync 1 DAGs
[2026-04-08T13:54:59.084+0530] {logging_mixin.py:190} INFO - [2026-04-08T13:54:59.084+0530] {dag.py:4180} INFO - Setting next_dagrun for example_params_ui_tutorial to None, run_after=None
[2026-04-08T13:54:59.094+0530] {processor.py:208} INFO - Processing /Users/navalyemul/Documents/uptime/airflow_venv/lib/python3.12/site-packages/airflow/example_dags/example_params_ui_tutorial.py took 0.094 seconds
[2026-04-08T13:56:54.458+0530] {processor.py:186} INFO - Started process (PID=44860) to work on /Users/navalyemul/Documents/uptime/airflow_venv/lib/python3.12/site-packages/airflow/example_dags/example_params_ui_tutorial.py
[2026-04-08T13:56:54.459+0530] {processor.py:914} INFO - Processing file /Users/navalyemul/Documents/uptime/airflow_venv/lib/python3.12/site-packages/airflow/example_dags/example_params_ui_tutorial.py for tasks to queue
[2026-04-08T13:56:54.460+0530] {logging_mixin.py:190} INFO - [2026-04-08T13:56:54.460+0530] {dagbag.py:588} INFO - Filling up the DagBag from /Users/navalyemul/Documents/uptime/airflow_venv/lib/python3.12/site-packages/airflow/example_dags/example_params_ui_tutorial.py
[2026-04-08T13:56:54.483+0530] {processor.py:925} INFO - DAG(s) 'example_params_ui_tutorial' retrieved from /Users/navalyemul/Documents/uptime/airflow_venv/lib/python3.12/site-packages/airflow/example_dags/example_params_ui_tutorial.py
[2026-04-08T13:56:54.535+0530] {logging_mixin.py:190} INFO - [2026-04-08T13:56:54.535+0530] {dag.py:3239} INFO - Sync 1 DAGs
[2026-04-08T13:56:54.540+0530] {logging_mixin.py:190} INFO - [2026-04-08T13:56:54.540+0530] {dag.py:4180} INFO - Setting next_dagrun for example_params_ui_tutorial to None, run_after=None
[2026-04-08T13:56:54.549+0530] {processor.py:208} INFO - Processing /Users/navalyemul/Documents/uptime/airflow_venv/lib/python3.12/site-packages/airflow/example_dags/example_params_ui_tutorial.py took 0.094 seconds
[2026-04-08T13:58:42.383+0530] {processor.py:186} INFO - Started process (PID=45938) to work on /Users/navalyemul/Documents/uptime/airflow_venv/lib/python3.12/site-packages/airflow/example_dags/example_params_ui_tutorial.py
[2026-04-08T13:58:42.384+0530] {processor.py:914} INFO - Processing file /Users/navalyemul/Documents/uptime/airflow_venv/lib/python3.12/site-packages/airflow/example_dags/example_params_ui_tutorial.py for tasks to queue
[2026-04-08T13:58:42.384+0530] {logging_mixin.py:190} INFO - [2026-04-08T13:58:42.384+0530] {dagbag.py:588} INFO - Filling up the DagBag from /Users/navalyemul/Documents/uptime/airflow_venv/lib/python3.12/site-packages/airflow/example_dags/example_params_ui_tutorial.py
[2026-04-08T13:58:42.407+0530] {processor.py:925} INFO - DAG(s) 'example_params_ui_tutorial' retrieved from /Users/navalyemul/Documents/uptime/airflow_venv/lib/python3.12/site-packages/airflow/example_dags/example_params_ui_tutorial.py
[2026-04-08T13:58:42.462+0530] {logging_mixin.py:190} INFO - [2026-04-08T13:58:42.462+0530] {dag.py:3239} INFO - Sync 1 DAGs
[2026-04-08T13:58:42.467+0530] {logging_mixin.py:190} INFO - [2026-04-08T13:58:42.467+0530] {dag.py:4180} INFO - Setting next_dagrun for example_params_ui_tutorial to None, run_after=None
[2026-04-08T13:58:42.476+0530] {processor.py:208} INFO - Processing /Users/navalyemul/Documents/uptime/airflow_venv/lib/python3.12/site-packages/airflow/example_dags/example_params_ui_tutorial.py took 0.095 seconds
