[2026-04-08T12:45:03.229+0530] {processor.py:186} INFO - Started process (PID=16320) to work on /Users/navalyemul/Documents/uptime/airflow_venv/lib/python3.12/site-packages/airflow/example_dags/example_latest_only.py
[2026-04-08T12:45:03.230+0530] {processor.py:914} INFO - Processing file /Users/navalyemul/Documents/uptime/airflow_venv/lib/python3.12/site-packages/airflow/example_dags/example_latest_only.py for tasks to queue
[2026-04-08T12:45:03.231+0530] {logging_mixin.py:190} INFO - [2026-04-08T12:45:03.231+0530] {dagbag.py:588} INFO - Filling up the DagBag from /Users/navalyemul/Documents/uptime/airflow_venv/lib/python3.12/site-packages/airflow/example_dags/example_latest_only.py
[2026-04-08T12:45:03.240+0530] {processor.py:925} INFO - DAG(s) 'latest_only' retrieved from /Users/navalyemul/Documents/uptime/airflow_venv/lib/python3.12/site-packages/airflow/example_dags/example_latest_only.py
[2026-04-08T12:45:03.364+0530] {logging_mixin.py:190} INFO - [2026-04-08T12:45:03.364+0530] {override.py:1912} INFO - Created Permission View: can delete on DAG:latest_only
[2026-04-08T12:45:03.369+0530] {logging_mixin.py:190} INFO - [2026-04-08T12:45:03.369+0530] {override.py:1912} INFO - Created Permission View: can read on DAG:latest_only
[2026-04-08T12:45:03.373+0530] {logging_mixin.py:190} INFO - [2026-04-08T12:45:03.373+0530] {override.py:1912} INFO - Created Permission View: can edit on DAG:latest_only
[2026-04-08T12:45:03.378+0530] {logging_mixin.py:190} INFO - [2026-04-08T12:45:03.378+0530] {override.py:1912} INFO - Created Permission View: can read on DAG Run:latest_only
[2026-04-08T12:45:03.381+0530] {logging_mixin.py:190} INFO - [2026-04-08T12:45:03.380+0530] {override.py:1912} INFO - Created Permission View: can delete on DAG Run:latest_only
[2026-04-08T12:45:03.384+0530] {logging_mixin.py:190} INFO - [2026-04-08T12:45:03.383+0530] {override.py:1912} INFO - Created Permission View: menu access on DAG Run:latest_only
[2026-04-08T12:45:03.387+0530] {logging_mixin.py:190} INFO - [2026-04-08T12:45:03.387+0530] {override.py:1912} INFO - Created Permission View: can create on DAG Run:latest_only
[2026-04-08T12:45:03.387+0530] {logging_mixin.py:190} INFO - [2026-04-08T12:45:03.387+0530] {dag.py:3239} INFO - Sync 1 DAGs
[2026-04-08T12:45:03.393+0530] {logging_mixin.py:190} INFO - [2026-04-08T12:45:03.393+0530] {dag.py:3262} INFO - Creating ORM DAG for latest_only
[2026-04-08T12:45:03.397+0530] {logging_mixin.py:190} INFO - [2026-04-08T12:45:03.397+0530] {dag.py:4180} INFO - Setting next_dagrun for latest_only to 2026-04-08 00:00:00+00:00, run_after=2026-04-08 04:00:00+00:00
[2026-04-08T12:45:03.409+0530] {processor.py:208} INFO - Processing /Users/navalyemul/Documents/uptime/airflow_venv/lib/python3.12/site-packages/airflow/example_dags/example_latest_only.py took 0.182 seconds
[2026-04-08T12:47:28.256+0530] {processor.py:186} INFO - Started process (PID=17786) to work on /Users/navalyemul/Documents/uptime/airflow_venv/lib/python3.12/site-packages/airflow/example_dags/example_latest_only.py
[2026-04-08T12:47:28.257+0530] {processor.py:914} INFO - Processing file /Users/navalyemul/Documents/uptime/airflow_venv/lib/python3.12/site-packages/airflow/example_dags/example_latest_only.py for tasks to queue
[2026-04-08T12:47:28.258+0530] {logging_mixin.py:190} INFO - [2026-04-08T12:47:28.257+0530] {dagbag.py:588} INFO - Filling up the DagBag from /Users/navalyemul/Documents/uptime/airflow_venv/lib/python3.12/site-packages/airflow/example_dags/example_latest_only.py
[2026-04-08T12:47:28.262+0530] {processor.py:925} INFO - DAG(s) 'latest_only' retrieved from /Users/navalyemul/Documents/uptime/airflow_venv/lib/python3.12/site-packages/airflow/example_dags/example_latest_only.py
[2026-04-08T12:47:28.308+0530] {logging_mixin.py:190} INFO - [2026-04-08T12:47:28.308+0530] {dag.py:3239} INFO - Sync 1 DAGs
[2026-04-08T12:47:28.321+0530] {logging_mixin.py:190} INFO - [2026-04-08T12:47:28.321+0530] {dag.py:4180} INFO - Setting next_dagrun for latest_only to 2026-04-08 00:00:00+00:00, run_after=2026-04-08 04:00:00+00:00
[2026-04-08T12:47:28.330+0530] {processor.py:208} INFO - Processing /Users/navalyemul/Documents/uptime/airflow_venv/lib/python3.12/site-packages/airflow/example_dags/example_latest_only.py took 0.076 seconds
[2026-04-08T12:49:22.871+0530] {processor.py:186} INFO - Started process (PID=19118) to work on /Users/navalyemul/Documents/uptime/airflow_venv/lib/python3.12/site-packages/airflow/example_dags/example_latest_only.py
[2026-04-08T12:49:22.871+0530] {processor.py:914} INFO - Processing file /Users/navalyemul/Documents/uptime/airflow_venv/lib/python3.12/site-packages/airflow/example_dags/example_latest_only.py for tasks to queue
[2026-04-08T12:49:22.872+0530] {logging_mixin.py:190} INFO - [2026-04-08T12:49:22.872+0530] {dagbag.py:588} INFO - Filling up the DagBag from /Users/navalyemul/Documents/uptime/airflow_venv/lib/python3.12/site-packages/airflow/example_dags/example_latest_only.py
[2026-04-08T12:49:22.880+0530] {processor.py:925} INFO - DAG(s) 'latest_only' retrieved from /Users/navalyemul/Documents/uptime/airflow_venv/lib/python3.12/site-packages/airflow/example_dags/example_latest_only.py
[2026-04-08T12:49:22.921+0530] {logging_mixin.py:190} INFO - [2026-04-08T12:49:22.921+0530] {dag.py:3239} INFO - Sync 1 DAGs
[2026-04-08T12:49:22.929+0530] {logging_mixin.py:190} INFO - [2026-04-08T12:49:22.929+0530] {dag.py:4180} INFO - Setting next_dagrun for latest_only to 2026-04-08 00:00:00+00:00, run_after=2026-04-08 04:00:00+00:00
[2026-04-08T12:49:22.938+0530] {processor.py:208} INFO - Processing /Users/navalyemul/Documents/uptime/airflow_venv/lib/python3.12/site-packages/airflow/example_dags/example_latest_only.py took 0.069 seconds
[2026-04-08T12:52:19.624+0530] {processor.py:186} INFO - Started process (PID=21022) to work on /Users/navalyemul/Documents/uptime/airflow_venv/lib/python3.12/site-packages/airflow/example_dags/example_latest_only.py
[2026-04-08T12:52:19.625+0530] {processor.py:914} INFO - Processing file /Users/navalyemul/Documents/uptime/airflow_venv/lib/python3.12/site-packages/airflow/example_dags/example_latest_only.py for tasks to queue
[2026-04-08T12:52:19.627+0530] {logging_mixin.py:190} INFO - [2026-04-08T12:52:19.626+0530] {dagbag.py:588} INFO - Filling up the DagBag from /Users/navalyemul/Documents/uptime/airflow_venv/lib/python3.12/site-packages/airflow/example_dags/example_latest_only.py
[2026-04-08T12:52:19.638+0530] {processor.py:925} INFO - DAG(s) 'latest_only' retrieved from /Users/navalyemul/Documents/uptime/airflow_venv/lib/python3.12/site-packages/airflow/example_dags/example_latest_only.py
[2026-04-08T12:52:19.723+0530] {logging_mixin.py:190} INFO - [2026-04-08T12:52:19.723+0530] {dag.py:3239} INFO - Sync 1 DAGs
[2026-04-08T12:52:19.735+0530] {logging_mixin.py:190} INFO - [2026-04-08T12:52:19.735+0530] {dag.py:4180} INFO - Setting next_dagrun for latest_only to 2026-04-08 00:00:00+00:00, run_after=2026-04-08 04:00:00+00:00
[2026-04-08T12:52:19.746+0530] {processor.py:208} INFO - Processing /Users/navalyemul/Documents/uptime/airflow_venv/lib/python3.12/site-packages/airflow/example_dags/example_latest_only.py took 0.125 seconds
[2026-04-08T12:55:57.706+0530] {processor.py:186} INFO - Started process (PID=22819) to work on /Users/navalyemul/Documents/uptime/airflow_venv/lib/python3.12/site-packages/airflow/example_dags/example_latest_only.py
[2026-04-08T12:55:57.706+0530] {processor.py:914} INFO - Processing file /Users/navalyemul/Documents/uptime/airflow_venv/lib/python3.12/site-packages/airflow/example_dags/example_latest_only.py for tasks to queue
[2026-04-08T12:55:57.707+0530] {logging_mixin.py:190} INFO - [2026-04-08T12:55:57.707+0530] {dagbag.py:588} INFO - Filling up the DagBag from /Users/navalyemul/Documents/uptime/airflow_venv/lib/python3.12/site-packages/airflow/example_dags/example_latest_only.py
[2026-04-08T12:55:57.712+0530] {processor.py:925} INFO - DAG(s) 'latest_only' retrieved from /Users/navalyemul/Documents/uptime/airflow_venv/lib/python3.12/site-packages/airflow/example_dags/example_latest_only.py
[2026-04-08T12:55:57.756+0530] {logging_mixin.py:190} INFO - [2026-04-08T12:55:57.755+0530] {dag.py:3239} INFO - Sync 1 DAGs
[2026-04-08T12:55:57.765+0530] {logging_mixin.py:190} INFO - [2026-04-08T12:55:57.765+0530] {dag.py:4180} INFO - Setting next_dagrun for latest_only to 2026-04-08 00:00:00+00:00, run_after=2026-04-08 04:00:00+00:00
[2026-04-08T12:55:57.774+0530] {processor.py:208} INFO - Processing /Users/navalyemul/Documents/uptime/airflow_venv/lib/python3.12/site-packages/airflow/example_dags/example_latest_only.py took 0.070 seconds
[2026-04-08T12:58:50.536+0530] {processor.py:186} INFO - Started process (PID=24646) to work on /Users/navalyemul/Documents/uptime/airflow_venv/lib/python3.12/site-packages/airflow/example_dags/example_latest_only.py
[2026-04-08T12:58:50.537+0530] {processor.py:914} INFO - Processing file /Users/navalyemul/Documents/uptime/airflow_venv/lib/python3.12/site-packages/airflow/example_dags/example_latest_only.py for tasks to queue
[2026-04-08T12:58:50.537+0530] {logging_mixin.py:190} INFO - [2026-04-08T12:58:50.537+0530] {dagbag.py:588} INFO - Filling up the DagBag from /Users/navalyemul/Documents/uptime/airflow_venv/lib/python3.12/site-packages/airflow/example_dags/example_latest_only.py
[2026-04-08T12:58:50.541+0530] {processor.py:925} INFO - DAG(s) 'latest_only' retrieved from /Users/navalyemul/Documents/uptime/airflow_venv/lib/python3.12/site-packages/airflow/example_dags/example_latest_only.py
[2026-04-08T12:58:50.581+0530] {logging_mixin.py:190} INFO - [2026-04-08T12:58:50.581+0530] {dag.py:3239} INFO - Sync 1 DAGs
[2026-04-08T12:58:50.593+0530] {logging_mixin.py:190} INFO - [2026-04-08T12:58:50.592+0530] {dag.py:4180} INFO - Setting next_dagrun for latest_only to 2026-04-08 00:00:00+00:00, run_after=2026-04-08 04:00:00+00:00
[2026-04-08T12:58:50.601+0530] {processor.py:208} INFO - Processing /Users/navalyemul/Documents/uptime/airflow_venv/lib/python3.12/site-packages/airflow/example_dags/example_latest_only.py took 0.067 seconds
[2026-04-08T13:01:32.712+0530] {processor.py:186} INFO - Started process (PID=26494) to work on /Users/navalyemul/Documents/uptime/airflow_venv/lib/python3.12/site-packages/airflow/example_dags/example_latest_only.py
[2026-04-08T13:01:32.713+0530] {processor.py:914} INFO - Processing file /Users/navalyemul/Documents/uptime/airflow_venv/lib/python3.12/site-packages/airflow/example_dags/example_latest_only.py for tasks to queue
[2026-04-08T13:01:32.713+0530] {logging_mixin.py:190} INFO - [2026-04-08T13:01:32.713+0530] {dagbag.py:588} INFO - Filling up the DagBag from /Users/navalyemul/Documents/uptime/airflow_venv/lib/python3.12/site-packages/airflow/example_dags/example_latest_only.py
[2026-04-08T13:01:32.719+0530] {processor.py:925} INFO - DAG(s) 'latest_only' retrieved from /Users/navalyemul/Documents/uptime/airflow_venv/lib/python3.12/site-packages/airflow/example_dags/example_latest_only.py
[2026-04-08T13:01:32.762+0530] {logging_mixin.py:190} INFO - [2026-04-08T13:01:32.762+0530] {dag.py:3239} INFO - Sync 1 DAGs
[2026-04-08T13:01:32.770+0530] {logging_mixin.py:190} INFO - [2026-04-08T13:01:32.770+0530] {dag.py:4180} INFO - Setting next_dagrun for latest_only to 2026-04-08 00:00:00+00:00, run_after=2026-04-08 04:00:00+00:00
[2026-04-08T13:01:32.778+0530] {processor.py:208} INFO - Processing /Users/navalyemul/Documents/uptime/airflow_venv/lib/python3.12/site-packages/airflow/example_dags/example_latest_only.py took 0.068 seconds
[2026-04-08T13:04:18.705+0530] {processor.py:186} INFO - Started process (PID=28451) to work on /Users/navalyemul/Documents/uptime/airflow_venv/lib/python3.12/site-packages/airflow/example_dags/example_latest_only.py
[2026-04-08T13:04:18.706+0530] {processor.py:914} INFO - Processing file /Users/navalyemul/Documents/uptime/airflow_venv/lib/python3.12/site-packages/airflow/example_dags/example_latest_only.py for tasks to queue
[2026-04-08T13:04:18.707+0530] {logging_mixin.py:190} INFO - [2026-04-08T13:04:18.707+0530] {dagbag.py:588} INFO - Filling up the DagBag from /Users/navalyemul/Documents/uptime/airflow_venv/lib/python3.12/site-packages/airflow/example_dags/example_latest_only.py
[2026-04-08T13:04:18.712+0530] {processor.py:925} INFO - DAG(s) 'latest_only' retrieved from /Users/navalyemul/Documents/uptime/airflow_venv/lib/python3.12/site-packages/airflow/example_dags/example_latest_only.py
[2026-04-08T13:04:18.754+0530] {logging_mixin.py:190} INFO - [2026-04-08T13:04:18.753+0530] {dag.py:3239} INFO - Sync 1 DAGs
[2026-04-08T13:04:18.763+0530] {logging_mixin.py:190} INFO - [2026-04-08T13:04:18.763+0530] {dag.py:4180} INFO - Setting next_dagrun for latest_only to 2026-04-08 00:00:00+00:00, run_after=2026-04-08 04:00:00+00:00
[2026-04-08T13:04:18.773+0530] {processor.py:208} INFO - Processing /Users/navalyemul/Documents/uptime/airflow_venv/lib/python3.12/site-packages/airflow/example_dags/example_latest_only.py took 0.070 seconds
[2026-04-08T13:07:06.921+0530] {processor.py:186} INFO - Started process (PID=30294) to work on /Users/navalyemul/Documents/uptime/airflow_venv/lib/python3.12/site-packages/airflow/example_dags/example_latest_only.py
[2026-04-08T13:07:06.922+0530] {processor.py:914} INFO - Processing file /Users/navalyemul/Documents/uptime/airflow_venv/lib/python3.12/site-packages/airflow/example_dags/example_latest_only.py for tasks to queue
[2026-04-08T13:07:06.922+0530] {logging_mixin.py:190} INFO - [2026-04-08T13:07:06.922+0530] {dagbag.py:588} INFO - Filling up the DagBag from /Users/navalyemul/Documents/uptime/airflow_venv/lib/python3.12/site-packages/airflow/example_dags/example_latest_only.py
[2026-04-08T13:07:06.926+0530] {processor.py:925} INFO - DAG(s) 'latest_only' retrieved from /Users/navalyemul/Documents/uptime/airflow_venv/lib/python3.12/site-packages/airflow/example_dags/example_latest_only.py
[2026-04-08T13:07:06.967+0530] {logging_mixin.py:190} INFO - [2026-04-08T13:07:06.966+0530] {dag.py:3239} INFO - Sync 1 DAGs
[2026-04-08T13:07:06.975+0530] {logging_mixin.py:190} INFO - [2026-04-08T13:07:06.974+0530] {dag.py:4180} INFO - Setting next_dagrun for latest_only to 2026-04-08 00:00:00+00:00, run_after=2026-04-08 04:00:00+00:00
[2026-04-08T13:07:06.983+0530] {processor.py:208} INFO - Processing /Users/navalyemul/Documents/uptime/airflow_venv/lib/python3.12/site-packages/airflow/example_dags/example_latest_only.py took 0.064 seconds
[2026-04-08T13:09:53.277+0530] {processor.py:186} INFO - Started process (PID=32122) to work on /Users/navalyemul/Documents/uptime/airflow_venv/lib/python3.12/site-packages/airflow/example_dags/example_latest_only.py
[2026-04-08T13:09:53.277+0530] {processor.py:914} INFO - Processing file /Users/navalyemul/Documents/uptime/airflow_venv/lib/python3.12/site-packages/airflow/example_dags/example_latest_only.py for tasks to queue
[2026-04-08T13:09:53.278+0530] {logging_mixin.py:190} INFO - [2026-04-08T13:09:53.278+0530] {dagbag.py:588} INFO - Filling up the DagBag from /Users/navalyemul/Documents/uptime/airflow_venv/lib/python3.12/site-packages/airflow/example_dags/example_latest_only.py
[2026-04-08T13:09:53.282+0530] {processor.py:925} INFO - DAG(s) 'latest_only' retrieved from /Users/navalyemul/Documents/uptime/airflow_venv/lib/python3.12/site-packages/airflow/example_dags/example_latest_only.py
[2026-04-08T13:09:53.328+0530] {logging_mixin.py:190} INFO - [2026-04-08T13:09:53.327+0530] {dag.py:3239} INFO - Sync 1 DAGs
[2026-04-08T13:09:53.337+0530] {logging_mixin.py:190} INFO - [2026-04-08T13:09:53.337+0530] {dag.py:4180} INFO - Setting next_dagrun for latest_only to 2026-04-08 00:00:00+00:00, run_after=2026-04-08 04:00:00+00:00
[2026-04-08T13:09:53.347+0530] {processor.py:208} INFO - Processing /Users/navalyemul/Documents/uptime/airflow_venv/lib/python3.12/site-packages/airflow/example_dags/example_latest_only.py took 0.072 seconds
[2026-04-08T13:12:38.707+0530] {processor.py:186} INFO - Started process (PID=33978) to work on /Users/navalyemul/Documents/uptime/airflow_venv/lib/python3.12/site-packages/airflow/example_dags/example_latest_only.py
[2026-04-08T13:12:38.708+0530] {processor.py:914} INFO - Processing file /Users/navalyemul/Documents/uptime/airflow_venv/lib/python3.12/site-packages/airflow/example_dags/example_latest_only.py for tasks to queue
[2026-04-08T13:12:38.709+0530] {logging_mixin.py:190} INFO - [2026-04-08T13:12:38.709+0530] {dagbag.py:588} INFO - Filling up the DagBag from /Users/navalyemul/Documents/uptime/airflow_venv/lib/python3.12/site-packages/airflow/example_dags/example_latest_only.py
[2026-04-08T13:12:38.713+0530] {processor.py:925} INFO - DAG(s) 'latest_only' retrieved from /Users/navalyemul/Documents/uptime/airflow_venv/lib/python3.12/site-packages/airflow/example_dags/example_latest_only.py
[2026-04-08T13:12:38.755+0530] {logging_mixin.py:190} INFO - [2026-04-08T13:12:38.755+0530] {dag.py:3239} INFO - Sync 1 DAGs
[2026-04-08T13:12:38.764+0530] {logging_mixin.py:190} INFO - [2026-04-08T13:12:38.764+0530] {dag.py:4180} INFO - Setting next_dagrun for latest_only to 2026-04-08 00:00:00+00:00, run_after=2026-04-08 04:00:00+00:00
[2026-04-08T13:12:38.772+0530] {processor.py:208} INFO - Processing /Users/navalyemul/Documents/uptime/airflow_venv/lib/python3.12/site-packages/airflow/example_dags/example_latest_only.py took 0.067 seconds
[2026-04-08T13:15:25.326+0530] {processor.py:186} INFO - Started process (PID=35854) to work on /Users/navalyemul/Documents/uptime/airflow_venv/lib/python3.12/site-packages/airflow/example_dags/example_latest_only.py
[2026-04-08T13:15:25.327+0530] {processor.py:914} INFO - Processing file /Users/navalyemul/Documents/uptime/airflow_venv/lib/python3.12/site-packages/airflow/example_dags/example_latest_only.py for tasks to queue
[2026-04-08T13:15:25.327+0530] {logging_mixin.py:190} INFO - [2026-04-08T13:15:25.327+0530] {dagbag.py:588} INFO - Filling up the DagBag from /Users/navalyemul/Documents/uptime/airflow_venv/lib/python3.12/site-packages/airflow/example_dags/example_latest_only.py
[2026-04-08T13:15:25.331+0530] {processor.py:925} INFO - DAG(s) 'latest_only' retrieved from /Users/navalyemul/Documents/uptime/airflow_venv/lib/python3.12/site-packages/airflow/example_dags/example_latest_only.py
[2026-04-08T13:15:25.371+0530] {logging_mixin.py:190} INFO - [2026-04-08T13:15:25.370+0530] {dag.py:3239} INFO - Sync 1 DAGs
[2026-04-08T13:15:25.380+0530] {logging_mixin.py:190} INFO - [2026-04-08T13:15:25.380+0530] {dag.py:4180} INFO - Setting next_dagrun for latest_only to 2026-04-08 00:00:00+00:00, run_after=2026-04-08 04:00:00+00:00
[2026-04-08T13:15:25.388+0530] {processor.py:208} INFO - Processing /Users/navalyemul/Documents/uptime/airflow_venv/lib/python3.12/site-packages/airflow/example_dags/example_latest_only.py took 0.064 seconds
[2026-04-08T13:18:12.199+0530] {processor.py:186} INFO - Started process (PID=37733) to work on /Users/navalyemul/Documents/uptime/airflow_venv/lib/python3.12/site-packages/airflow/example_dags/example_latest_only.py
[2026-04-08T13:18:12.199+0530] {processor.py:914} INFO - Processing file /Users/navalyemul/Documents/uptime/airflow_venv/lib/python3.12/site-packages/airflow/example_dags/example_latest_only.py for tasks to queue
[2026-04-08T13:18:12.201+0530] {logging_mixin.py:190} INFO - [2026-04-08T13:18:12.200+0530] {dagbag.py:588} INFO - Filling up the DagBag from /Users/navalyemul/Documents/uptime/airflow_venv/lib/python3.12/site-packages/airflow/example_dags/example_latest_only.py
[2026-04-08T13:18:12.205+0530] {processor.py:925} INFO - DAG(s) 'latest_only' retrieved from /Users/navalyemul/Documents/uptime/airflow_venv/lib/python3.12/site-packages/airflow/example_dags/example_latest_only.py
[2026-04-08T13:18:12.246+0530] {logging_mixin.py:190} INFO - [2026-04-08T13:18:12.246+0530] {dag.py:3239} INFO - Sync 1 DAGs
[2026-04-08T13:18:12.257+0530] {logging_mixin.py:190} INFO - [2026-04-08T13:18:12.256+0530] {dag.py:4180} INFO - Setting next_dagrun for latest_only to 2026-04-08 00:00:00+00:00, run_after=2026-04-08 04:00:00+00:00
[2026-04-08T13:18:12.265+0530] {processor.py:208} INFO - Processing /Users/navalyemul/Documents/uptime/airflow_venv/lib/python3.12/site-packages/airflow/example_dags/example_latest_only.py took 0.068 seconds
[2026-04-08T13:29:21.159+0530] {processor.py:186} INFO - Started process (PID=39708) to work on /Users/navalyemul/Documents/uptime/airflow_venv/lib/python3.12/site-packages/airflow/example_dags/example_latest_only.py
[2026-04-08T13:29:21.160+0530] {processor.py:914} INFO - Processing file /Users/navalyemul/Documents/uptime/airflow_venv/lib/python3.12/site-packages/airflow/example_dags/example_latest_only.py for tasks to queue
[2026-04-08T13:29:21.160+0530] {logging_mixin.py:190} INFO - [2026-04-08T13:29:21.160+0530] {dagbag.py:588} INFO - Filling up the DagBag from /Users/navalyemul/Documents/uptime/airflow_venv/lib/python3.12/site-packages/airflow/example_dags/example_latest_only.py
[2026-04-08T13:29:21.164+0530] {processor.py:925} INFO - DAG(s) 'latest_only' retrieved from /Users/navalyemul/Documents/uptime/airflow_venv/lib/python3.12/site-packages/airflow/example_dags/example_latest_only.py
[2026-04-08T13:29:35.118+0530] {logging_mixin.py:190} INFO - [2026-04-08T13:29:35.117+0530] {dag.py:3239} INFO - Sync 1 DAGs
[2026-04-08T13:29:35.211+0530] {logging_mixin.py:190} INFO - [2026-04-08T13:29:35.211+0530] {dag.py:4180} INFO - Setting next_dagrun for latest_only to 2026-04-08 00:00:00+00:00, run_after=2026-04-08 04:00:00+00:00
[2026-04-08T13:29:35.248+0530] {processor.py:208} INFO - Processing /Users/navalyemul/Documents/uptime/airflow_venv/lib/python3.12/site-packages/airflow/example_dags/example_latest_only.py took 0.299 seconds
[2026-04-08T13:34:20.613+0530] {processor.py:186} INFO - Started process (PID=40690) to work on /Users/navalyemul/Documents/uptime/airflow_venv/lib/python3.12/site-packages/airflow/example_dags/example_latest_only.py
[2026-04-08T13:34:20.613+0530] {processor.py:914} INFO - Processing file /Users/navalyemul/Documents/uptime/airflow_venv/lib/python3.12/site-packages/airflow/example_dags/example_latest_only.py for tasks to queue
[2026-04-08T13:34:20.614+0530] {logging_mixin.py:190} INFO - [2026-04-08T13:34:20.614+0530] {dagbag.py:588} INFO - Filling up the DagBag from /Users/navalyemul/Documents/uptime/airflow_venv/lib/python3.12/site-packages/airflow/example_dags/example_latest_only.py
[2026-04-08T13:34:20.618+0530] {processor.py:925} INFO - DAG(s) 'latest_only' retrieved from /Users/navalyemul/Documents/uptime/airflow_venv/lib/python3.12/site-packages/airflow/example_dags/example_latest_only.py
[2026-04-08T13:34:20.657+0530] {logging_mixin.py:190} INFO - [2026-04-08T13:34:20.657+0530] {dag.py:3239} INFO - Sync 1 DAGs
[2026-04-08T13:34:20.666+0530] {logging_mixin.py:190} INFO - [2026-04-08T13:34:20.666+0530] {dag.py:4180} INFO - Setting next_dagrun for latest_only to 2026-04-08 04:00:00+00:00, run_after=2026-04-08 08:00:00+00:00
[2026-04-08T13:34:20.674+0530] {processor.py:208} INFO - Processing /Users/navalyemul/Documents/uptime/airflow_venv/lib/python3.12/site-packages/airflow/example_dags/example_latest_only.py took 0.063 seconds
[2026-04-08T13:46:51.499+0530] {processor.py:186} INFO - Started process (PID=42766) to work on /Users/navalyemul/Documents/uptime/airflow_venv/lib/python3.12/site-packages/airflow/example_dags/example_latest_only.py
[2026-04-08T13:46:51.500+0530] {processor.py:914} INFO - Processing file /Users/navalyemul/Documents/uptime/airflow_venv/lib/python3.12/site-packages/airflow/example_dags/example_latest_only.py for tasks to queue
[2026-04-08T13:46:51.500+0530] {logging_mixin.py:190} INFO - [2026-04-08T13:46:51.500+0530] {dagbag.py:588} INFO - Filling up the DagBag from /Users/navalyemul/Documents/uptime/airflow_venv/lib/python3.12/site-packages/airflow/example_dags/example_latest_only.py
[2026-04-08T13:46:51.504+0530] {processor.py:925} INFO - DAG(s) 'latest_only' retrieved from /Users/navalyemul/Documents/uptime/airflow_venv/lib/python3.12/site-packages/airflow/example_dags/example_latest_only.py
[2026-04-08T13:46:51.544+0530] {logging_mixin.py:190} INFO - [2026-04-08T13:46:51.544+0530] {dag.py:3239} INFO - Sync 1 DAGs
[2026-04-08T13:46:51.552+0530] {logging_mixin.py:190} INFO - [2026-04-08T13:46:51.552+0530] {dag.py:4180} INFO - Setting next_dagrun for latest_only to 2026-04-08 04:00:00+00:00, run_after=2026-04-08 08:00:00+00:00
[2026-04-08T13:46:51.560+0530] {processor.py:208} INFO - Processing /Users/navalyemul/Documents/uptime/airflow_venv/lib/python3.12/site-packages/airflow/example_dags/example_latest_only.py took 0.063 seconds
[2026-04-08T13:55:13.395+0530] {processor.py:186} INFO - Started process (PID=43949) to work on /Users/navalyemul/Documents/uptime/airflow_venv/lib/python3.12/site-packages/airflow/example_dags/example_latest_only.py
[2026-04-08T13:55:13.396+0530] {processor.py:914} INFO - Processing file /Users/navalyemul/Documents/uptime/airflow_venv/lib/python3.12/site-packages/airflow/example_dags/example_latest_only.py for tasks to queue
[2026-04-08T13:55:13.397+0530] {logging_mixin.py:190} INFO - [2026-04-08T13:55:13.397+0530] {dagbag.py:588} INFO - Filling up the DagBag from /Users/navalyemul/Documents/uptime/airflow_venv/lib/python3.12/site-packages/airflow/example_dags/example_latest_only.py
[2026-04-08T13:55:13.405+0530] {processor.py:925} INFO - DAG(s) 'latest_only' retrieved from /Users/navalyemul/Documents/uptime/airflow_venv/lib/python3.12/site-packages/airflow/example_dags/example_latest_only.py
[2026-04-08T13:55:13.457+0530] {logging_mixin.py:190} INFO - [2026-04-08T13:55:13.457+0530] {dag.py:3239} INFO - Sync 1 DAGs
[2026-04-08T13:55:13.467+0530] {logging_mixin.py:190} INFO - [2026-04-08T13:55:13.467+0530] {dag.py:4180} INFO - Setting next_dagrun for latest_only to 2026-04-08 04:00:00+00:00, run_after=2026-04-08 08:00:00+00:00
[2026-04-08T13:55:13.478+0530] {processor.py:208} INFO - Processing /Users/navalyemul/Documents/uptime/airflow_venv/lib/python3.12/site-packages/airflow/example_dags/example_latest_only.py took 0.086 seconds
[2026-04-08T13:57:06.657+0530] {processor.py:186} INFO - Started process (PID=44984) to work on /Users/navalyemul/Documents/uptime/airflow_venv/lib/python3.12/site-packages/airflow/example_dags/example_latest_only.py
[2026-04-08T13:57:06.659+0530] {processor.py:914} INFO - Processing file /Users/navalyemul/Documents/uptime/airflow_venv/lib/python3.12/site-packages/airflow/example_dags/example_latest_only.py for tasks to queue
[2026-04-08T13:57:06.660+0530] {logging_mixin.py:190} INFO - [2026-04-08T13:57:06.660+0530] {dagbag.py:588} INFO - Filling up the DagBag from /Users/navalyemul/Documents/uptime/airflow_venv/lib/python3.12/site-packages/airflow/example_dags/example_latest_only.py
[2026-04-08T13:57:06.666+0530] {processor.py:925} INFO - DAG(s) 'latest_only' retrieved from /Users/navalyemul/Documents/uptime/airflow_venv/lib/python3.12/site-packages/airflow/example_dags/example_latest_only.py
[2026-04-08T13:57:06.723+0530] {logging_mixin.py:190} INFO - [2026-04-08T13:57:06.723+0530] {dag.py:3239} INFO - Sync 1 DAGs
[2026-04-08T13:57:06.734+0530] {logging_mixin.py:190} INFO - [2026-04-08T13:57:06.733+0530] {dag.py:4180} INFO - Setting next_dagrun for latest_only to 2026-04-08 04:00:00+00:00, run_after=2026-04-08 08:00:00+00:00
[2026-04-08T13:57:06.744+0530] {processor.py:208} INFO - Processing /Users/navalyemul/Documents/uptime/airflow_venv/lib/python3.12/site-packages/airflow/example_dags/example_latest_only.py took 0.090 seconds
