[2026-04-08T12:47:53.273+0530] {processor.py:186} INFO - Started process (PID=18097) to work on /Users/navalyemul/Documents/uptime/airflow_venv/lib/python3.12/site-packages/airflow/example_dags/example_branch_python_dop_operator_3.py
[2026-04-08T12:47:53.273+0530] {processor.py:914} INFO - Processing file /Users/navalyemul/Documents/uptime/airflow_venv/lib/python3.12/site-packages/airflow/example_dags/example_branch_python_dop_operator_3.py for tasks to queue
[2026-04-08T12:47:53.274+0530] {logging_mixin.py:190} INFO - [2026-04-08T12:47:53.274+0530] {dagbag.py:588} INFO - Filling up the DagBag from /Users/navalyemul/Documents/uptime/airflow_venv/lib/python3.12/site-packages/airflow/example_dags/example_branch_python_dop_operator_3.py
[2026-04-08T12:47:53.305+0530] {processor.py:925} INFO - DAG(s) 'example_branch_dop_operator_v3' retrieved from /Users/navalyemul/Documents/uptime/airflow_venv/lib/python3.12/site-packages/airflow/example_dags/example_branch_python_dop_operator_3.py
[2026-04-08T12:47:53.385+0530] {logging_mixin.py:190} INFO - [2026-04-08T12:47:53.385+0530] {override.py:1912} INFO - Created Permission View: can read on DAG:example_branch_dop_operator_v3
[2026-04-08T12:47:53.389+0530] {logging_mixin.py:190} INFO - [2026-04-08T12:47:53.389+0530] {override.py:1912} INFO - Created Permission View: can edit on DAG:example_branch_dop_operator_v3
[2026-04-08T12:47:53.392+0530] {logging_mixin.py:190} INFO - [2026-04-08T12:47:53.392+0530] {override.py:1912} INFO - Created Permission View: can delete on DAG:example_branch_dop_operator_v3
[2026-04-08T12:47:53.395+0530] {logging_mixin.py:190} INFO - [2026-04-08T12:47:53.395+0530] {override.py:1912} INFO - Created Permission View: can read on DAG Run:example_branch_dop_operator_v3
[2026-04-08T12:47:53.397+0530] {logging_mixin.py:190} INFO - [2026-04-08T12:47:53.397+0530] {override.py:1912} INFO - Created Permission View: menu access on DAG Run:example_branch_dop_operator_v3
[2026-04-08T12:47:53.400+0530] {logging_mixin.py:190} INFO - [2026-04-08T12:47:53.400+0530] {override.py:1912} INFO - Created Permission View: can create on DAG Run:example_branch_dop_operator_v3
[2026-04-08T12:47:53.402+0530] {logging_mixin.py:190} INFO - [2026-04-08T12:47:53.402+0530] {override.py:1912} INFO - Created Permission View: can delete on DAG Run:example_branch_dop_operator_v3
[2026-04-08T12:47:53.402+0530] {logging_mixin.py:190} INFO - [2026-04-08T12:47:53.402+0530] {dag.py:3239} INFO - Sync 1 DAGs
[2026-04-08T12:47:53.407+0530] {logging_mixin.py:190} INFO - [2026-04-08T12:47:53.407+0530] {dag.py:3262} INFO - Creating ORM DAG for example_branch_dop_operator_v3
[2026-04-08T12:47:53.448+0530] {logging_mixin.py:190} INFO - [2026-04-08T12:47:53.448+0530] {dag.py:4180} INFO - Setting next_dagrun for example_branch_dop_operator_v3 to 2026-04-08 07:16:00+00:00, run_after=2026-04-08 07:17:00+00:00
[2026-04-08T12:47:53.457+0530] {processor.py:208} INFO - Processing /Users/navalyemul/Documents/uptime/airflow_venv/lib/python3.12/site-packages/airflow/example_dags/example_branch_python_dop_operator_3.py took 0.188 seconds
[2026-04-08T12:50:39.979+0530] {processor.py:186} INFO - Started process (PID=20008) to work on /Users/navalyemul/Documents/uptime/airflow_venv/lib/python3.12/site-packages/airflow/example_dags/example_branch_python_dop_operator_3.py
[2026-04-08T12:50:39.980+0530] {processor.py:914} INFO - Processing file /Users/navalyemul/Documents/uptime/airflow_venv/lib/python3.12/site-packages/airflow/example_dags/example_branch_python_dop_operator_3.py for tasks to queue
[2026-04-08T12:50:39.980+0530] {logging_mixin.py:190} INFO - [2026-04-08T12:50:39.980+0530] {dagbag.py:588} INFO - Filling up the DagBag from /Users/navalyemul/Documents/uptime/airflow_venv/lib/python3.12/site-packages/airflow/example_dags/example_branch_python_dop_operator_3.py
[2026-04-08T12:50:40.002+0530] {processor.py:925} INFO - DAG(s) 'example_branch_dop_operator_v3' retrieved from /Users/navalyemul/Documents/uptime/airflow_venv/lib/python3.12/site-packages/airflow/example_dags/example_branch_python_dop_operator_3.py
[2026-04-08T12:50:40.046+0530] {logging_mixin.py:190} INFO - [2026-04-08T12:50:40.045+0530] {dag.py:3239} INFO - Sync 1 DAGs
[2026-04-08T12:50:40.055+0530] {logging_mixin.py:190} INFO - [2026-04-08T12:50:40.055+0530] {dag.py:4180} INFO - Setting next_dagrun for example_branch_dop_operator_v3 to 2026-04-08 07:19:00+00:00, run_after=2026-04-08 07:20:00+00:00
[2026-04-08T12:50:40.063+0530] {processor.py:208} INFO - Processing /Users/navalyemul/Documents/uptime/airflow_venv/lib/python3.12/site-packages/airflow/example_dags/example_branch_python_dop_operator_3.py took 0.086 seconds
[2026-04-08T12:54:13.229+0530] {processor.py:186} INFO - Started process (PID=21891) to work on /Users/navalyemul/Documents/uptime/airflow_venv/lib/python3.12/site-packages/airflow/example_dags/example_branch_python_dop_operator_3.py
[2026-04-08T12:54:13.234+0530] {processor.py:914} INFO - Processing file /Users/navalyemul/Documents/uptime/airflow_venv/lib/python3.12/site-packages/airflow/example_dags/example_branch_python_dop_operator_3.py for tasks to queue
[2026-04-08T12:54:13.235+0530] {logging_mixin.py:190} INFO - [2026-04-08T12:54:13.235+0530] {dagbag.py:588} INFO - Filling up the DagBag from /Users/navalyemul/Documents/uptime/airflow_venv/lib/python3.12/site-packages/airflow/example_dags/example_branch_python_dop_operator_3.py
[2026-04-08T12:54:13.288+0530] {processor.py:925} INFO - DAG(s) 'example_branch_dop_operator_v3' retrieved from /Users/navalyemul/Documents/uptime/airflow_venv/lib/python3.12/site-packages/airflow/example_dags/example_branch_python_dop_operator_3.py
[2026-04-08T12:54:13.372+0530] {logging_mixin.py:190} INFO - [2026-04-08T12:54:13.372+0530] {dag.py:3239} INFO - Sync 1 DAGs
[2026-04-08T12:54:13.388+0530] {logging_mixin.py:190} INFO - [2026-04-08T12:54:13.388+0530] {dag.py:4180} INFO - Setting next_dagrun for example_branch_dop_operator_v3 to 2026-04-08 07:23:00+00:00, run_after=2026-04-08 07:24:00+00:00
[2026-04-08T12:54:13.402+0530] {processor.py:208} INFO - Processing /Users/navalyemul/Documents/uptime/airflow_venv/lib/python3.12/site-packages/airflow/example_dags/example_branch_python_dop_operator_3.py took 0.179 seconds
[2026-04-08T12:57:23.816+0530] {processor.py:186} INFO - Started process (PID=23752) to work on /Users/navalyemul/Documents/uptime/airflow_venv/lib/python3.12/site-packages/airflow/example_dags/example_branch_python_dop_operator_3.py
[2026-04-08T12:57:23.816+0530] {processor.py:914} INFO - Processing file /Users/navalyemul/Documents/uptime/airflow_venv/lib/python3.12/site-packages/airflow/example_dags/example_branch_python_dop_operator_3.py for tasks to queue
[2026-04-08T12:57:23.817+0530] {logging_mixin.py:190} INFO - [2026-04-08T12:57:23.817+0530] {dagbag.py:588} INFO - Filling up the DagBag from /Users/navalyemul/Documents/uptime/airflow_venv/lib/python3.12/site-packages/airflow/example_dags/example_branch_python_dop_operator_3.py
[2026-04-08T12:57:23.838+0530] {processor.py:925} INFO - DAG(s) 'example_branch_dop_operator_v3' retrieved from /Users/navalyemul/Documents/uptime/airflow_venv/lib/python3.12/site-packages/airflow/example_dags/example_branch_python_dop_operator_3.py
[2026-04-08T12:57:23.879+0530] {logging_mixin.py:190} INFO - [2026-04-08T12:57:23.879+0530] {dag.py:3239} INFO - Sync 1 DAGs
[2026-04-08T12:57:23.889+0530] {logging_mixin.py:190} INFO - [2026-04-08T12:57:23.888+0530] {dag.py:4180} INFO - Setting next_dagrun for example_branch_dop_operator_v3 to 2026-04-08 07:26:00+00:00, run_after=2026-04-08 07:27:00+00:00
[2026-04-08T12:57:23.906+0530] {processor.py:208} INFO - Processing /Users/navalyemul/Documents/uptime/airflow_venv/lib/python3.12/site-packages/airflow/example_dags/example_branch_python_dop_operator_3.py took 0.092 seconds
[2026-04-08T13:00:14.300+0530] {processor.py:186} INFO - Started process (PID=25594) to work on /Users/navalyemul/Documents/uptime/airflow_venv/lib/python3.12/site-packages/airflow/example_dags/example_branch_python_dop_operator_3.py
[2026-04-08T13:00:14.301+0530] {processor.py:914} INFO - Processing file /Users/navalyemul/Documents/uptime/airflow_venv/lib/python3.12/site-packages/airflow/example_dags/example_branch_python_dop_operator_3.py for tasks to queue
[2026-04-08T13:00:14.302+0530] {logging_mixin.py:190} INFO - [2026-04-08T13:00:14.302+0530] {dagbag.py:588} INFO - Filling up the DagBag from /Users/navalyemul/Documents/uptime/airflow_venv/lib/python3.12/site-packages/airflow/example_dags/example_branch_python_dop_operator_3.py
[2026-04-08T13:00:14.322+0530] {processor.py:925} INFO - DAG(s) 'example_branch_dop_operator_v3' retrieved from /Users/navalyemul/Documents/uptime/airflow_venv/lib/python3.12/site-packages/airflow/example_dags/example_branch_python_dop_operator_3.py
[2026-04-08T13:00:14.361+0530] {logging_mixin.py:190} INFO - [2026-04-08T13:00:14.360+0530] {dag.py:3239} INFO - Sync 1 DAGs
[2026-04-08T13:00:14.369+0530] {logging_mixin.py:190} INFO - [2026-04-08T13:00:14.369+0530] {dag.py:4180} INFO - Setting next_dagrun for example_branch_dop_operator_v3 to 2026-04-08 07:29:00+00:00, run_after=2026-04-08 07:30:00+00:00
[2026-04-08T13:00:14.377+0530] {processor.py:208} INFO - Processing /Users/navalyemul/Documents/uptime/airflow_venv/lib/python3.12/site-packages/airflow/example_dags/example_branch_python_dop_operator_3.py took 0.078 seconds
[2026-04-08T13:02:55.590+0530] {processor.py:186} INFO - Started process (PID=27450) to work on /Users/navalyemul/Documents/uptime/airflow_venv/lib/python3.12/site-packages/airflow/example_dags/example_branch_python_dop_operator_3.py
[2026-04-08T13:02:55.591+0530] {processor.py:914} INFO - Processing file /Users/navalyemul/Documents/uptime/airflow_venv/lib/python3.12/site-packages/airflow/example_dags/example_branch_python_dop_operator_3.py for tasks to queue
[2026-04-08T13:02:55.591+0530] {logging_mixin.py:190} INFO - [2026-04-08T13:02:55.591+0530] {dagbag.py:588} INFO - Filling up the DagBag from /Users/navalyemul/Documents/uptime/airflow_venv/lib/python3.12/site-packages/airflow/example_dags/example_branch_python_dop_operator_3.py
[2026-04-08T13:02:55.612+0530] {processor.py:925} INFO - DAG(s) 'example_branch_dop_operator_v3' retrieved from /Users/navalyemul/Documents/uptime/airflow_venv/lib/python3.12/site-packages/airflow/example_dags/example_branch_python_dop_operator_3.py
[2026-04-08T13:02:55.651+0530] {logging_mixin.py:190} INFO - [2026-04-08T13:02:55.651+0530] {dag.py:3239} INFO - Sync 1 DAGs
[2026-04-08T13:02:55.661+0530] {logging_mixin.py:190} INFO - [2026-04-08T13:02:55.660+0530] {dag.py:4180} INFO - Setting next_dagrun for example_branch_dop_operator_v3 to 2026-04-08 07:31:00+00:00, run_after=2026-04-08 07:32:00+00:00
[2026-04-08T13:02:55.669+0530] {processor.py:208} INFO - Processing /Users/navalyemul/Documents/uptime/airflow_venv/lib/python3.12/site-packages/airflow/example_dags/example_branch_python_dop_operator_3.py took 0.081 seconds
[2026-04-08T13:05:44.270+0530] {processor.py:186} INFO - Started process (PID=29391) to work on /Users/navalyemul/Documents/uptime/airflow_venv/lib/python3.12/site-packages/airflow/example_dags/example_branch_python_dop_operator_3.py
[2026-04-08T13:05:44.271+0530] {processor.py:914} INFO - Processing file /Users/navalyemul/Documents/uptime/airflow_venv/lib/python3.12/site-packages/airflow/example_dags/example_branch_python_dop_operator_3.py for tasks to queue
[2026-04-08T13:05:44.272+0530] {logging_mixin.py:190} INFO - [2026-04-08T13:05:44.272+0530] {dagbag.py:588} INFO - Filling up the DagBag from /Users/navalyemul/Documents/uptime/airflow_venv/lib/python3.12/site-packages/airflow/example_dags/example_branch_python_dop_operator_3.py
[2026-04-08T13:05:44.293+0530] {processor.py:925} INFO - DAG(s) 'example_branch_dop_operator_v3' retrieved from /Users/navalyemul/Documents/uptime/airflow_venv/lib/python3.12/site-packages/airflow/example_dags/example_branch_python_dop_operator_3.py
[2026-04-08T13:05:44.333+0530] {logging_mixin.py:190} INFO - [2026-04-08T13:05:44.333+0530] {dag.py:3239} INFO - Sync 1 DAGs
[2026-04-08T13:05:44.342+0530] {logging_mixin.py:190} INFO - [2026-04-08T13:05:44.342+0530] {dag.py:4180} INFO - Setting next_dagrun for example_branch_dop_operator_v3 to 2026-04-08 07:34:00+00:00, run_after=2026-04-08 07:35:00+00:00
[2026-04-08T13:05:44.352+0530] {processor.py:208} INFO - Processing /Users/navalyemul/Documents/uptime/airflow_venv/lib/python3.12/site-packages/airflow/example_dags/example_branch_python_dop_operator_3.py took 0.083 seconds
[2026-04-08T13:08:30.844+0530] {processor.py:186} INFO - Started process (PID=31205) to work on /Users/navalyemul/Documents/uptime/airflow_venv/lib/python3.12/site-packages/airflow/example_dags/example_branch_python_dop_operator_3.py
[2026-04-08T13:08:30.844+0530] {processor.py:914} INFO - Processing file /Users/navalyemul/Documents/uptime/airflow_venv/lib/python3.12/site-packages/airflow/example_dags/example_branch_python_dop_operator_3.py for tasks to queue
[2026-04-08T13:08:30.845+0530] {logging_mixin.py:190} INFO - [2026-04-08T13:08:30.845+0530] {dagbag.py:588} INFO - Filling up the DagBag from /Users/navalyemul/Documents/uptime/airflow_venv/lib/python3.12/site-packages/airflow/example_dags/example_branch_python_dop_operator_3.py
[2026-04-08T13:08:30.868+0530] {processor.py:925} INFO - DAG(s) 'example_branch_dop_operator_v3' retrieved from /Users/navalyemul/Documents/uptime/airflow_venv/lib/python3.12/site-packages/airflow/example_dags/example_branch_python_dop_operator_3.py
[2026-04-08T13:08:30.909+0530] {logging_mixin.py:190} INFO - [2026-04-08T13:08:30.909+0530] {dag.py:3239} INFO - Sync 1 DAGs
[2026-04-08T13:08:30.918+0530] {logging_mixin.py:190} INFO - [2026-04-08T13:08:30.918+0530] {dag.py:4180} INFO - Setting next_dagrun for example_branch_dop_operator_v3 to 2026-04-08 07:37:00+00:00, run_after=2026-04-08 07:38:00+00:00
[2026-04-08T13:08:30.927+0530] {processor.py:208} INFO - Processing /Users/navalyemul/Documents/uptime/airflow_venv/lib/python3.12/site-packages/airflow/example_dags/example_branch_python_dop_operator_3.py took 0.085 seconds
[2026-04-08T13:11:14.859+0530] {processor.py:186} INFO - Started process (PID=33075) to work on /Users/navalyemul/Documents/uptime/airflow_venv/lib/python3.12/site-packages/airflow/example_dags/example_branch_python_dop_operator_3.py
[2026-04-08T13:11:14.859+0530] {processor.py:914} INFO - Processing file /Users/navalyemul/Documents/uptime/airflow_venv/lib/python3.12/site-packages/airflow/example_dags/example_branch_python_dop_operator_3.py for tasks to queue
[2026-04-08T13:11:14.860+0530] {logging_mixin.py:190} INFO - [2026-04-08T13:11:14.860+0530] {dagbag.py:588} INFO - Filling up the DagBag from /Users/navalyemul/Documents/uptime/airflow_venv/lib/python3.12/site-packages/airflow/example_dags/example_branch_python_dop_operator_3.py
[2026-04-08T13:11:14.882+0530] {processor.py:925} INFO - DAG(s) 'example_branch_dop_operator_v3' retrieved from /Users/navalyemul/Documents/uptime/airflow_venv/lib/python3.12/site-packages/airflow/example_dags/example_branch_python_dop_operator_3.py
[2026-04-08T13:11:14.923+0530] {logging_mixin.py:190} INFO - [2026-04-08T13:11:14.923+0530] {dag.py:3239} INFO - Sync 1 DAGs
[2026-04-08T13:11:14.932+0530] {logging_mixin.py:190} INFO - [2026-04-08T13:11:14.932+0530] {dag.py:4180} INFO - Setting next_dagrun for example_branch_dop_operator_v3 to 2026-04-08 07:40:00+00:00, run_after=2026-04-08 07:41:00+00:00
[2026-04-08T13:11:14.940+0530] {processor.py:208} INFO - Processing /Users/navalyemul/Documents/uptime/airflow_venv/lib/python3.12/site-packages/airflow/example_dags/example_branch_python_dop_operator_3.py took 0.083 seconds
[2026-04-08T13:14:01.276+0530] {processor.py:186} INFO - Started process (PID=34897) to work on /Users/navalyemul/Documents/uptime/airflow_venv/lib/python3.12/site-packages/airflow/example_dags/example_branch_python_dop_operator_3.py
[2026-04-08T13:14:01.277+0530] {processor.py:914} INFO - Processing file /Users/navalyemul/Documents/uptime/airflow_venv/lib/python3.12/site-packages/airflow/example_dags/example_branch_python_dop_operator_3.py for tasks to queue
[2026-04-08T13:14:01.278+0530] {logging_mixin.py:190} INFO - [2026-04-08T13:14:01.278+0530] {dagbag.py:588} INFO - Filling up the DagBag from /Users/navalyemul/Documents/uptime/airflow_venv/lib/python3.12/site-packages/airflow/example_dags/example_branch_python_dop_operator_3.py
[2026-04-08T13:14:01.301+0530] {processor.py:925} INFO - DAG(s) 'example_branch_dop_operator_v3' retrieved from /Users/navalyemul/Documents/uptime/airflow_venv/lib/python3.12/site-packages/airflow/example_dags/example_branch_python_dop_operator_3.py
[2026-04-08T13:14:01.340+0530] {logging_mixin.py:190} INFO - [2026-04-08T13:14:01.340+0530] {dag.py:3239} INFO - Sync 1 DAGs
[2026-04-08T13:14:01.349+0530] {logging_mixin.py:190} INFO - [2026-04-08T13:14:01.349+0530] {dag.py:4180} INFO - Setting next_dagrun for example_branch_dop_operator_v3 to 2026-04-08 07:43:00+00:00, run_after=2026-04-08 07:44:00+00:00
[2026-04-08T13:14:01.358+0530] {processor.py:208} INFO - Processing /Users/navalyemul/Documents/uptime/airflow_venv/lib/python3.12/site-packages/airflow/example_dags/example_branch_python_dop_operator_3.py took 0.083 seconds
[2026-04-08T13:16:48.996+0530] {processor.py:186} INFO - Started process (PID=36799) to work on /Users/navalyemul/Documents/uptime/airflow_venv/lib/python3.12/site-packages/airflow/example_dags/example_branch_python_dop_operator_3.py
[2026-04-08T13:16:48.997+0530] {processor.py:914} INFO - Processing file /Users/navalyemul/Documents/uptime/airflow_venv/lib/python3.12/site-packages/airflow/example_dags/example_branch_python_dop_operator_3.py for tasks to queue
[2026-04-08T13:16:48.998+0530] {logging_mixin.py:190} INFO - [2026-04-08T13:16:48.997+0530] {dagbag.py:588} INFO - Filling up the DagBag from /Users/navalyemul/Documents/uptime/airflow_venv/lib/python3.12/site-packages/airflow/example_dags/example_branch_python_dop_operator_3.py
[2026-04-08T13:16:49.020+0530] {processor.py:925} INFO - DAG(s) 'example_branch_dop_operator_v3' retrieved from /Users/navalyemul/Documents/uptime/airflow_venv/lib/python3.12/site-packages/airflow/example_dags/example_branch_python_dop_operator_3.py
[2026-04-08T13:16:49.060+0530] {logging_mixin.py:190} INFO - [2026-04-08T13:16:49.060+0530] {dag.py:3239} INFO - Sync 1 DAGs
[2026-04-08T13:16:49.069+0530] {logging_mixin.py:190} INFO - [2026-04-08T13:16:49.069+0530] {dag.py:4180} INFO - Setting next_dagrun for example_branch_dop_operator_v3 to 2026-04-08 07:45:00+00:00, run_after=2026-04-08 07:46:00+00:00
[2026-04-08T13:16:49.078+0530] {processor.py:208} INFO - Processing /Users/navalyemul/Documents/uptime/airflow_venv/lib/python3.12/site-packages/airflow/example_dags/example_branch_python_dop_operator_3.py took 0.083 seconds
[2026-04-08T13:20:22.498+0530] {processor.py:186} INFO - Started process (PID=38701) to work on /Users/navalyemul/Documents/uptime/airflow_venv/lib/python3.12/site-packages/airflow/example_dags/example_branch_python_dop_operator_3.py
[2026-04-08T13:20:22.499+0530] {processor.py:914} INFO - Processing file /Users/navalyemul/Documents/uptime/airflow_venv/lib/python3.12/site-packages/airflow/example_dags/example_branch_python_dop_operator_3.py for tasks to queue
[2026-04-08T13:20:22.499+0530] {logging_mixin.py:190} INFO - [2026-04-08T13:20:22.499+0530] {dagbag.py:588} INFO - Filling up the DagBag from /Users/navalyemul/Documents/uptime/airflow_venv/lib/python3.12/site-packages/airflow/example_dags/example_branch_python_dop_operator_3.py
[2026-04-08T13:20:22.525+0530] {processor.py:925} INFO - DAG(s) 'example_branch_dop_operator_v3' retrieved from /Users/navalyemul/Documents/uptime/airflow_venv/lib/python3.12/site-packages/airflow/example_dags/example_branch_python_dop_operator_3.py
[2026-04-08T13:20:22.567+0530] {logging_mixin.py:190} INFO - [2026-04-08T13:20:22.567+0530] {dag.py:3239} INFO - Sync 1 DAGs
[2026-04-08T13:20:22.577+0530] {logging_mixin.py:190} INFO - [2026-04-08T13:20:22.577+0530] {dag.py:4180} INFO - Setting next_dagrun for example_branch_dop_operator_v3 to 2026-04-08 07:49:00+00:00, run_after=2026-04-08 07:50:00+00:00
[2026-04-08T13:20:22.585+0530] {processor.py:208} INFO - Processing /Users/navalyemul/Documents/uptime/airflow_venv/lib/python3.12/site-packages/airflow/example_dags/example_branch_python_dop_operator_3.py took 0.088 seconds
[2026-04-08T13:34:29.644+0530] {processor.py:186} INFO - Started process (PID=40800) to work on /Users/navalyemul/Documents/uptime/airflow_venv/lib/python3.12/site-packages/airflow/example_dags/example_branch_python_dop_operator_3.py
[2026-04-08T13:34:29.645+0530] {processor.py:914} INFO - Processing file /Users/navalyemul/Documents/uptime/airflow_venv/lib/python3.12/site-packages/airflow/example_dags/example_branch_python_dop_operator_3.py for tasks to queue
[2026-04-08T13:34:29.646+0530] {logging_mixin.py:190} INFO - [2026-04-08T13:34:29.645+0530] {dagbag.py:588} INFO - Filling up the DagBag from /Users/navalyemul/Documents/uptime/airflow_venv/lib/python3.12/site-packages/airflow/example_dags/example_branch_python_dop_operator_3.py
[2026-04-08T13:34:29.667+0530] {processor.py:925} INFO - DAG(s) 'example_branch_dop_operator_v3' retrieved from /Users/navalyemul/Documents/uptime/airflow_venv/lib/python3.12/site-packages/airflow/example_dags/example_branch_python_dop_operator_3.py
[2026-04-08T13:34:29.706+0530] {logging_mixin.py:190} INFO - [2026-04-08T13:34:29.706+0530] {dag.py:3239} INFO - Sync 1 DAGs
[2026-04-08T13:34:29.716+0530] {logging_mixin.py:190} INFO - [2026-04-08T13:34:29.715+0530] {dag.py:4180} INFO - Setting next_dagrun for example_branch_dop_operator_v3 to 2026-04-08 08:03:00+00:00, run_after=2026-04-08 08:04:00+00:00
[2026-04-08T13:34:29.723+0530] {processor.py:208} INFO - Processing /Users/navalyemul/Documents/uptime/airflow_venv/lib/python3.12/site-packages/airflow/example_dags/example_branch_python_dop_operator_3.py took 0.081 seconds
[2026-04-08T13:53:33.795+0530] {processor.py:186} INFO - Started process (PID=42914) to work on /Users/navalyemul/Documents/uptime/airflow_venv/lib/python3.12/site-packages/airflow/example_dags/example_branch_python_dop_operator_3.py
[2026-04-08T13:53:33.797+0530] {processor.py:914} INFO - Processing file /Users/navalyemul/Documents/uptime/airflow_venv/lib/python3.12/site-packages/airflow/example_dags/example_branch_python_dop_operator_3.py for tasks to queue
[2026-04-08T13:53:33.798+0530] {logging_mixin.py:190} INFO - [2026-04-08T13:53:33.798+0530] {dagbag.py:588} INFO - Filling up the DagBag from /Users/navalyemul/Documents/uptime/airflow_venv/lib/python3.12/site-packages/airflow/example_dags/example_branch_python_dop_operator_3.py
[2026-04-08T13:53:33.844+0530] {processor.py:925} INFO - DAG(s) 'example_branch_dop_operator_v3' retrieved from /Users/navalyemul/Documents/uptime/airflow_venv/lib/python3.12/site-packages/airflow/example_dags/example_branch_python_dop_operator_3.py
[2026-04-08T13:53:33.993+0530] {logging_mixin.py:190} INFO - [2026-04-08T13:53:33.992+0530] {dag.py:3239} INFO - Sync 1 DAGs
[2026-04-08T13:53:34.013+0530] {logging_mixin.py:190} INFO - [2026-04-08T13:53:34.013+0530] {dag.py:4180} INFO - Setting next_dagrun for example_branch_dop_operator_v3 to 2026-04-08 08:22:00+00:00, run_after=2026-04-08 08:23:00+00:00
[2026-04-08T13:53:34.037+0530] {processor.py:208} INFO - Processing /Users/navalyemul/Documents/uptime/airflow_venv/lib/python3.12/site-packages/airflow/example_dags/example_branch_python_dop_operator_3.py took 0.246 seconds
[2026-04-08T13:57:08.969+0530] {processor.py:186} INFO - Started process (PID=45002) to work on /Users/navalyemul/Documents/uptime/airflow_venv/lib/python3.12/site-packages/airflow/example_dags/example_branch_python_dop_operator_3.py
[2026-04-08T13:57:08.972+0530] {processor.py:914} INFO - Processing file /Users/navalyemul/Documents/uptime/airflow_venv/lib/python3.12/site-packages/airflow/example_dags/example_branch_python_dop_operator_3.py for tasks to queue
[2026-04-08T13:57:08.973+0530] {logging_mixin.py:190} INFO - [2026-04-08T13:57:08.973+0530] {dagbag.py:588} INFO - Filling up the DagBag from /Users/navalyemul/Documents/uptime/airflow_venv/lib/python3.12/site-packages/airflow/example_dags/example_branch_python_dop_operator_3.py
[2026-04-08T13:57:09.015+0530] {processor.py:925} INFO - DAG(s) 'example_branch_dop_operator_v3' retrieved from /Users/navalyemul/Documents/uptime/airflow_venv/lib/python3.12/site-packages/airflow/example_dags/example_branch_python_dop_operator_3.py
[2026-04-08T13:57:09.063+0530] {logging_mixin.py:190} INFO - [2026-04-08T13:57:09.062+0530] {dag.py:3239} INFO - Sync 1 DAGs
[2026-04-08T13:57:09.076+0530] {logging_mixin.py:190} INFO - [2026-04-08T13:57:09.076+0530] {dag.py:4180} INFO - Setting next_dagrun for example_branch_dop_operator_v3 to 2026-04-08 08:26:00+00:00, run_after=2026-04-08 08:27:00+00:00
[2026-04-08T13:57:09.089+0530] {processor.py:208} INFO - Processing /Users/navalyemul/Documents/uptime/airflow_venv/lib/python3.12/site-packages/airflow/example_dags/example_branch_python_dop_operator_3.py took 0.122 seconds
