[2026-04-08T12:44:20.683+0530] {processor.py:186} INFO - Started process (PID=15879) to work on /Users/navalyemul/Documents/uptime/airflow_venv/lib/python3.12/site-packages/airflow/example_dags/example_short_circuit_operator.py
[2026-04-08T12:44:20.686+0530] {processor.py:914} INFO - Processing file /Users/navalyemul/Documents/uptime/airflow_venv/lib/python3.12/site-packages/airflow/example_dags/example_short_circuit_operator.py for tasks to queue
[2026-04-08T12:44:20.687+0530] {logging_mixin.py:190} INFO - [2026-04-08T12:44:20.686+0530] {dagbag.py:588} INFO - Filling up the DagBag from /Users/navalyemul/Documents/uptime/airflow_venv/lib/python3.12/site-packages/airflow/example_dags/example_short_circuit_operator.py
[2026-04-08T12:44:20.720+0530] {processor.py:925} INFO - DAG(s) 'example_short_circuit_operator' retrieved from /Users/navalyemul/Documents/uptime/airflow_venv/lib/python3.12/site-packages/airflow/example_dags/example_short_circuit_operator.py
[2026-04-08T12:44:20.860+0530] {logging_mixin.py:190} INFO - [2026-04-08T12:44:20.860+0530] {override.py:1912} INFO - Created Permission View: can edit on DAG:example_short_circuit_operator
[2026-04-08T12:44:20.867+0530] {logging_mixin.py:190} INFO - [2026-04-08T12:44:20.866+0530] {override.py:1912} INFO - Created Permission View: can read on DAG:example_short_circuit_operator
[2026-04-08T12:44:20.873+0530] {logging_mixin.py:190} INFO - [2026-04-08T12:44:20.872+0530] {override.py:1912} INFO - Created Permission View: can delete on DAG:example_short_circuit_operator
[2026-04-08T12:44:20.878+0530] {logging_mixin.py:190} INFO - [2026-04-08T12:44:20.878+0530] {override.py:1912} INFO - Created Permission View: can read on DAG Run:example_short_circuit_operator
[2026-04-08T12:44:20.882+0530] {logging_mixin.py:190} INFO - [2026-04-08T12:44:20.882+0530] {override.py:1912} INFO - Created Permission View: menu access on DAG Run:example_short_circuit_operator
[2026-04-08T12:44:20.886+0530] {logging_mixin.py:190} INFO - [2026-04-08T12:44:20.885+0530] {override.py:1912} INFO - Created Permission View: can create on DAG Run:example_short_circuit_operator
[2026-04-08T12:44:20.890+0530] {logging_mixin.py:190} INFO - [2026-04-08T12:44:20.890+0530] {override.py:1912} INFO - Created Permission View: can delete on DAG Run:example_short_circuit_operator
[2026-04-08T12:44:20.890+0530] {logging_mixin.py:190} INFO - [2026-04-08T12:44:20.890+0530] {dag.py:3239} INFO - Sync 1 DAGs
[2026-04-08T12:44:20.897+0530] {logging_mixin.py:190} INFO - [2026-04-08T12:44:20.897+0530] {dag.py:3262} INFO - Creating ORM DAG for example_short_circuit_operator
[2026-04-08T12:44:20.897+0530] {logging_mixin.py:190} INFO - [2026-04-08T12:44:20.897+0530] {dag.py:4180} INFO - Setting next_dagrun for example_short_circuit_operator to None, run_after=None
[2026-04-08T12:44:20.910+0530] {processor.py:208} INFO - Processing /Users/navalyemul/Documents/uptime/airflow_venv/lib/python3.12/site-packages/airflow/example_dags/example_short_circuit_operator.py took 0.229 seconds
[2026-04-08T12:46:56.108+0530] {processor.py:186} INFO - Started process (PID=17462) to work on /Users/navalyemul/Documents/uptime/airflow_venv/lib/python3.12/site-packages/airflow/example_dags/example_short_circuit_operator.py
[2026-04-08T12:46:56.109+0530] {processor.py:914} INFO - Processing file /Users/navalyemul/Documents/uptime/airflow_venv/lib/python3.12/site-packages/airflow/example_dags/example_short_circuit_operator.py for tasks to queue
[2026-04-08T12:46:56.109+0530] {logging_mixin.py:190} INFO - [2026-04-08T12:46:56.109+0530] {dagbag.py:588} INFO - Filling up the DagBag from /Users/navalyemul/Documents/uptime/airflow_venv/lib/python3.12/site-packages/airflow/example_dags/example_short_circuit_operator.py
[2026-04-08T12:46:56.141+0530] {processor.py:925} INFO - DAG(s) 'example_short_circuit_operator' retrieved from /Users/navalyemul/Documents/uptime/airflow_venv/lib/python3.12/site-packages/airflow/example_dags/example_short_circuit_operator.py
[2026-04-08T12:46:56.196+0530] {logging_mixin.py:190} INFO - [2026-04-08T12:46:56.196+0530] {dag.py:3239} INFO - Sync 1 DAGs
[2026-04-08T12:46:56.206+0530] {logging_mixin.py:190} INFO - [2026-04-08T12:46:56.206+0530] {dag.py:4180} INFO - Setting next_dagrun for example_short_circuit_operator to None, run_after=None
[2026-04-08T12:46:56.220+0530] {processor.py:208} INFO - Processing /Users/navalyemul/Documents/uptime/airflow_venv/lib/python3.12/site-packages/airflow/example_dags/example_short_circuit_operator.py took 0.114 seconds
[2026-04-08T12:48:52.226+0530] {processor.py:186} INFO - Started process (PID=18769) to work on /Users/navalyemul/Documents/uptime/airflow_venv/lib/python3.12/site-packages/airflow/example_dags/example_short_circuit_operator.py
[2026-04-08T12:48:52.227+0530] {processor.py:914} INFO - Processing file /Users/navalyemul/Documents/uptime/airflow_venv/lib/python3.12/site-packages/airflow/example_dags/example_short_circuit_operator.py for tasks to queue
[2026-04-08T12:48:52.227+0530] {logging_mixin.py:190} INFO - [2026-04-08T12:48:52.227+0530] {dagbag.py:588} INFO - Filling up the DagBag from /Users/navalyemul/Documents/uptime/airflow_venv/lib/python3.12/site-packages/airflow/example_dags/example_short_circuit_operator.py
[2026-04-08T12:48:52.243+0530] {processor.py:925} INFO - DAG(s) 'example_short_circuit_operator' retrieved from /Users/navalyemul/Documents/uptime/airflow_venv/lib/python3.12/site-packages/airflow/example_dags/example_short_circuit_operator.py
[2026-04-08T12:48:52.285+0530] {logging_mixin.py:190} INFO - [2026-04-08T12:48:52.284+0530] {dag.py:3239} INFO - Sync 1 DAGs
[2026-04-08T12:48:52.289+0530] {logging_mixin.py:190} INFO - [2026-04-08T12:48:52.289+0530] {dag.py:4180} INFO - Setting next_dagrun for example_short_circuit_operator to None, run_after=None
[2026-04-08T12:48:52.298+0530] {processor.py:208} INFO - Processing /Users/navalyemul/Documents/uptime/airflow_venv/lib/python3.12/site-packages/airflow/example_dags/example_short_circuit_operator.py took 0.074 seconds
[2026-04-08T12:50:15.648+0530] {processor.py:186} INFO - Started process (PID=19728) to work on /Users/navalyemul/Documents/uptime/airflow_venv/lib/python3.12/site-packages/airflow/example_dags/example_short_circuit_operator.py
[2026-04-08T12:50:15.649+0530] {processor.py:914} INFO - Processing file /Users/navalyemul/Documents/uptime/airflow_venv/lib/python3.12/site-packages/airflow/example_dags/example_short_circuit_operator.py for tasks to queue
[2026-04-08T12:50:15.649+0530] {logging_mixin.py:190} INFO - [2026-04-08T12:50:15.649+0530] {dagbag.py:588} INFO - Filling up the DagBag from /Users/navalyemul/Documents/uptime/airflow_venv/lib/python3.12/site-packages/airflow/example_dags/example_short_circuit_operator.py
[2026-04-08T12:50:15.664+0530] {processor.py:925} INFO - DAG(s) 'example_short_circuit_operator' retrieved from /Users/navalyemul/Documents/uptime/airflow_venv/lib/python3.12/site-packages/airflow/example_dags/example_short_circuit_operator.py
[2026-04-08T12:50:15.706+0530] {logging_mixin.py:190} INFO - [2026-04-08T12:50:15.705+0530] {dag.py:3239} INFO - Sync 1 DAGs
[2026-04-08T12:50:15.711+0530] {logging_mixin.py:190} INFO - [2026-04-08T12:50:15.710+0530] {dag.py:4180} INFO - Setting next_dagrun for example_short_circuit_operator to None, run_after=None
[2026-04-08T12:50:15.719+0530] {processor.py:208} INFO - Processing /Users/navalyemul/Documents/uptime/airflow_venv/lib/python3.12/site-packages/airflow/example_dags/example_short_circuit_operator.py took 0.072 seconds
[2026-04-08T12:51:48.855+0530] {processor.py:186} INFO - Started process (PID=20663) to work on /Users/navalyemul/Documents/uptime/airflow_venv/lib/python3.12/site-packages/airflow/example_dags/example_short_circuit_operator.py
[2026-04-08T12:51:48.856+0530] {processor.py:914} INFO - Processing file /Users/navalyemul/Documents/uptime/airflow_venv/lib/python3.12/site-packages/airflow/example_dags/example_short_circuit_operator.py for tasks to queue
[2026-04-08T12:51:48.857+0530] {logging_mixin.py:190} INFO - [2026-04-08T12:51:48.857+0530] {dagbag.py:588} INFO - Filling up the DagBag from /Users/navalyemul/Documents/uptime/airflow_venv/lib/python3.12/site-packages/airflow/example_dags/example_short_circuit_operator.py
[2026-04-08T12:51:48.882+0530] {processor.py:925} INFO - DAG(s) 'example_short_circuit_operator' retrieved from /Users/navalyemul/Documents/uptime/airflow_venv/lib/python3.12/site-packages/airflow/example_dags/example_short_circuit_operator.py
[2026-04-08T12:51:48.930+0530] {logging_mixin.py:190} INFO - [2026-04-08T12:51:48.930+0530] {dag.py:3239} INFO - Sync 1 DAGs
[2026-04-08T12:51:48.935+0530] {logging_mixin.py:190} INFO - [2026-04-08T12:51:48.935+0530] {dag.py:4180} INFO - Setting next_dagrun for example_short_circuit_operator to None, run_after=None
[2026-04-08T12:51:48.944+0530] {processor.py:208} INFO - Processing /Users/navalyemul/Documents/uptime/airflow_venv/lib/python3.12/site-packages/airflow/example_dags/example_short_circuit_operator.py took 0.095 seconds
[2026-04-08T12:53:36.859+0530] {processor.py:186} INFO - Started process (PID=21610) to work on /Users/navalyemul/Documents/uptime/airflow_venv/lib/python3.12/site-packages/airflow/example_dags/example_short_circuit_operator.py
[2026-04-08T12:53:36.862+0530] {processor.py:914} INFO - Processing file /Users/navalyemul/Documents/uptime/airflow_venv/lib/python3.12/site-packages/airflow/example_dags/example_short_circuit_operator.py for tasks to queue
[2026-04-08T12:53:36.864+0530] {logging_mixin.py:190} INFO - [2026-04-08T12:53:36.863+0530] {dagbag.py:588} INFO - Filling up the DagBag from /Users/navalyemul/Documents/uptime/airflow_venv/lib/python3.12/site-packages/airflow/example_dags/example_short_circuit_operator.py
[2026-04-08T12:53:36.906+0530] {processor.py:925} INFO - DAG(s) 'example_short_circuit_operator' retrieved from /Users/navalyemul/Documents/uptime/airflow_venv/lib/python3.12/site-packages/airflow/example_dags/example_short_circuit_operator.py
[2026-04-08T12:53:36.961+0530] {logging_mixin.py:190} INFO - [2026-04-08T12:53:36.960+0530] {dag.py:3239} INFO - Sync 1 DAGs
[2026-04-08T12:53:36.967+0530] {logging_mixin.py:190} INFO - [2026-04-08T12:53:36.967+0530] {dag.py:4180} INFO - Setting next_dagrun for example_short_circuit_operator to None, run_after=None
[2026-04-08T12:53:36.985+0530] {processor.py:208} INFO - Processing /Users/navalyemul/Documents/uptime/airflow_venv/lib/python3.12/site-packages/airflow/example_dags/example_short_circuit_operator.py took 0.128 seconds
[2026-04-08T12:55:24.681+0530] {processor.py:186} INFO - Started process (PID=22490) to work on /Users/navalyemul/Documents/uptime/airflow_venv/lib/python3.12/site-packages/airflow/example_dags/example_short_circuit_operator.py
[2026-04-08T12:55:24.682+0530] {processor.py:914} INFO - Processing file /Users/navalyemul/Documents/uptime/airflow_venv/lib/python3.12/site-packages/airflow/example_dags/example_short_circuit_operator.py for tasks to queue
[2026-04-08T12:55:24.683+0530] {logging_mixin.py:190} INFO - [2026-04-08T12:55:24.683+0530] {dagbag.py:588} INFO - Filling up the DagBag from /Users/navalyemul/Documents/uptime/airflow_venv/lib/python3.12/site-packages/airflow/example_dags/example_short_circuit_operator.py
[2026-04-08T12:55:24.698+0530] {processor.py:925} INFO - DAG(s) 'example_short_circuit_operator' retrieved from /Users/navalyemul/Documents/uptime/airflow_venv/lib/python3.12/site-packages/airflow/example_dags/example_short_circuit_operator.py
[2026-04-08T12:55:24.739+0530] {logging_mixin.py:190} INFO - [2026-04-08T12:55:24.739+0530] {dag.py:3239} INFO - Sync 1 DAGs
[2026-04-08T12:55:24.743+0530] {logging_mixin.py:190} INFO - [2026-04-08T12:55:24.743+0530] {dag.py:4180} INFO - Setting next_dagrun for example_short_circuit_operator to None, run_after=None
[2026-04-08T12:55:24.754+0530] {processor.py:208} INFO - Processing /Users/navalyemul/Documents/uptime/airflow_venv/lib/python3.12/site-packages/airflow/example_dags/example_short_circuit_operator.py took 0.075 seconds
[2026-04-08T12:56:57.369+0530] {processor.py:186} INFO - Started process (PID=23468) to work on /Users/navalyemul/Documents/uptime/airflow_venv/lib/python3.12/site-packages/airflow/example_dags/example_short_circuit_operator.py
[2026-04-08T12:56:57.370+0530] {processor.py:914} INFO - Processing file /Users/navalyemul/Documents/uptime/airflow_venv/lib/python3.12/site-packages/airflow/example_dags/example_short_circuit_operator.py for tasks to queue
[2026-04-08T12:56:57.370+0530] {logging_mixin.py:190} INFO - [2026-04-08T12:56:57.370+0530] {dagbag.py:588} INFO - Filling up the DagBag from /Users/navalyemul/Documents/uptime/airflow_venv/lib/python3.12/site-packages/airflow/example_dags/example_short_circuit_operator.py
[2026-04-08T12:56:57.385+0530] {processor.py:925} INFO - DAG(s) 'example_short_circuit_operator' retrieved from /Users/navalyemul/Documents/uptime/airflow_venv/lib/python3.12/site-packages/airflow/example_dags/example_short_circuit_operator.py
[2026-04-08T12:56:57.425+0530] {logging_mixin.py:190} INFO - [2026-04-08T12:56:57.425+0530] {dag.py:3239} INFO - Sync 1 DAGs
[2026-04-08T12:56:57.430+0530] {logging_mixin.py:190} INFO - [2026-04-08T12:56:57.430+0530] {dag.py:4180} INFO - Setting next_dagrun for example_short_circuit_operator to None, run_after=None
[2026-04-08T12:56:57.439+0530] {processor.py:208} INFO - Processing /Users/navalyemul/Documents/uptime/airflow_venv/lib/python3.12/site-packages/airflow/example_dags/example_short_circuit_operator.py took 0.072 seconds
[2026-04-08T12:58:26.501+0530] {processor.py:186} INFO - Started process (PID=24402) to work on /Users/navalyemul/Documents/uptime/airflow_venv/lib/python3.12/site-packages/airflow/example_dags/example_short_circuit_operator.py
[2026-04-08T12:58:26.503+0530] {processor.py:914} INFO - Processing file /Users/navalyemul/Documents/uptime/airflow_venv/lib/python3.12/site-packages/airflow/example_dags/example_short_circuit_operator.py for tasks to queue
[2026-04-08T12:58:26.503+0530] {logging_mixin.py:190} INFO - [2026-04-08T12:58:26.503+0530] {dagbag.py:588} INFO - Filling up the DagBag from /Users/navalyemul/Documents/uptime/airflow_venv/lib/python3.12/site-packages/airflow/example_dags/example_short_circuit_operator.py
[2026-04-08T12:58:26.524+0530] {processor.py:925} INFO - DAG(s) 'example_short_circuit_operator' retrieved from /Users/navalyemul/Documents/uptime/airflow_venv/lib/python3.12/site-packages/airflow/example_dags/example_short_circuit_operator.py
[2026-04-08T12:58:26.566+0530] {logging_mixin.py:190} INFO - [2026-04-08T12:58:26.565+0530] {dag.py:3239} INFO - Sync 1 DAGs
[2026-04-08T12:58:26.570+0530] {logging_mixin.py:190} INFO - [2026-04-08T12:58:26.570+0530] {dag.py:4180} INFO - Setting next_dagrun for example_short_circuit_operator to None, run_after=None
[2026-04-08T12:58:26.578+0530] {processor.py:208} INFO - Processing /Users/navalyemul/Documents/uptime/airflow_venv/lib/python3.12/site-packages/airflow/example_dags/example_short_circuit_operator.py took 0.081 seconds
[2026-04-08T12:59:50.509+0530] {processor.py:186} INFO - Started process (PID=25324) to work on /Users/navalyemul/Documents/uptime/airflow_venv/lib/python3.12/site-packages/airflow/example_dags/example_short_circuit_operator.py
[2026-04-08T12:59:50.510+0530] {processor.py:914} INFO - Processing file /Users/navalyemul/Documents/uptime/airflow_venv/lib/python3.12/site-packages/airflow/example_dags/example_short_circuit_operator.py for tasks to queue
[2026-04-08T12:59:50.511+0530] {logging_mixin.py:190} INFO - [2026-04-08T12:59:50.510+0530] {dagbag.py:588} INFO - Filling up the DagBag from /Users/navalyemul/Documents/uptime/airflow_venv/lib/python3.12/site-packages/airflow/example_dags/example_short_circuit_operator.py
[2026-04-08T12:59:50.525+0530] {processor.py:925} INFO - DAG(s) 'example_short_circuit_operator' retrieved from /Users/navalyemul/Documents/uptime/airflow_venv/lib/python3.12/site-packages/airflow/example_dags/example_short_circuit_operator.py
[2026-04-08T12:59:50.565+0530] {logging_mixin.py:190} INFO - [2026-04-08T12:59:50.565+0530] {dag.py:3239} INFO - Sync 1 DAGs
[2026-04-08T12:59:50.569+0530] {logging_mixin.py:190} INFO - [2026-04-08T12:59:50.569+0530] {dag.py:4180} INFO - Setting next_dagrun for example_short_circuit_operator to None, run_after=None
[2026-04-08T12:59:50.579+0530] {processor.py:208} INFO - Processing /Users/navalyemul/Documents/uptime/airflow_venv/lib/python3.12/site-packages/airflow/example_dags/example_short_circuit_operator.py took 0.072 seconds
[2026-04-08T13:01:11.169+0530] {processor.py:186} INFO - Started process (PID=26255) to work on /Users/navalyemul/Documents/uptime/airflow_venv/lib/python3.12/site-packages/airflow/example_dags/example_short_circuit_operator.py
[2026-04-08T13:01:11.170+0530] {processor.py:914} INFO - Processing file /Users/navalyemul/Documents/uptime/airflow_venv/lib/python3.12/site-packages/airflow/example_dags/example_short_circuit_operator.py for tasks to queue
[2026-04-08T13:01:11.170+0530] {logging_mixin.py:190} INFO - [2026-04-08T13:01:11.170+0530] {dagbag.py:588} INFO - Filling up the DagBag from /Users/navalyemul/Documents/uptime/airflow_venv/lib/python3.12/site-packages/airflow/example_dags/example_short_circuit_operator.py
[2026-04-08T13:01:11.186+0530] {processor.py:925} INFO - DAG(s) 'example_short_circuit_operator' retrieved from /Users/navalyemul/Documents/uptime/airflow_venv/lib/python3.12/site-packages/airflow/example_dags/example_short_circuit_operator.py
[2026-04-08T13:01:11.229+0530] {logging_mixin.py:190} INFO - [2026-04-08T13:01:11.229+0530] {dag.py:3239} INFO - Sync 1 DAGs
[2026-04-08T13:01:11.234+0530] {logging_mixin.py:190} INFO - [2026-04-08T13:01:11.234+0530] {dag.py:4180} INFO - Setting next_dagrun for example_short_circuit_operator to None, run_after=None
[2026-04-08T13:01:11.242+0530] {processor.py:208} INFO - Processing /Users/navalyemul/Documents/uptime/airflow_venv/lib/python3.12/site-packages/airflow/example_dags/example_short_circuit_operator.py took 0.075 seconds
[2026-04-08T13:02:31.311+0530] {processor.py:186} INFO - Started process (PID=27172) to work on /Users/navalyemul/Documents/uptime/airflow_venv/lib/python3.12/site-packages/airflow/example_dags/example_short_circuit_operator.py
[2026-04-08T13:02:31.312+0530] {processor.py:914} INFO - Processing file /Users/navalyemul/Documents/uptime/airflow_venv/lib/python3.12/site-packages/airflow/example_dags/example_short_circuit_operator.py for tasks to queue
[2026-04-08T13:02:31.312+0530] {logging_mixin.py:190} INFO - [2026-04-08T13:02:31.312+0530] {dagbag.py:588} INFO - Filling up the DagBag from /Users/navalyemul/Documents/uptime/airflow_venv/lib/python3.12/site-packages/airflow/example_dags/example_short_circuit_operator.py
[2026-04-08T13:02:31.326+0530] {processor.py:925} INFO - DAG(s) 'example_short_circuit_operator' retrieved from /Users/navalyemul/Documents/uptime/airflow_venv/lib/python3.12/site-packages/airflow/example_dags/example_short_circuit_operator.py
[2026-04-08T13:02:31.367+0530] {logging_mixin.py:190} INFO - [2026-04-08T13:02:31.367+0530] {dag.py:3239} INFO - Sync 1 DAGs
[2026-04-08T13:02:31.372+0530] {logging_mixin.py:190} INFO - [2026-04-08T13:02:31.372+0530] {dag.py:4180} INFO - Setting next_dagrun for example_short_circuit_operator to None, run_after=None
[2026-04-08T13:02:31.379+0530] {processor.py:208} INFO - Processing /Users/navalyemul/Documents/uptime/airflow_venv/lib/python3.12/site-packages/airflow/example_dags/example_short_circuit_operator.py took 0.070 seconds
[2026-04-08T13:03:55.921+0530] {processor.py:186} INFO - Started process (PID=28188) to work on /Users/navalyemul/Documents/uptime/airflow_venv/lib/python3.12/site-packages/airflow/example_dags/example_short_circuit_operator.py
[2026-04-08T13:03:55.923+0530] {processor.py:914} INFO - Processing file /Users/navalyemul/Documents/uptime/airflow_venv/lib/python3.12/site-packages/airflow/example_dags/example_short_circuit_operator.py for tasks to queue
[2026-04-08T13:03:55.923+0530] {logging_mixin.py:190} INFO - [2026-04-08T13:03:55.923+0530] {dagbag.py:588} INFO - Filling up the DagBag from /Users/navalyemul/Documents/uptime/airflow_venv/lib/python3.12/site-packages/airflow/example_dags/example_short_circuit_operator.py
[2026-04-08T13:03:55.943+0530] {processor.py:925} INFO - DAG(s) 'example_short_circuit_operator' retrieved from /Users/navalyemul/Documents/uptime/airflow_venv/lib/python3.12/site-packages/airflow/example_dags/example_short_circuit_operator.py
[2026-04-08T13:03:55.987+0530] {logging_mixin.py:190} INFO - [2026-04-08T13:03:55.987+0530] {dag.py:3239} INFO - Sync 1 DAGs
[2026-04-08T13:03:55.993+0530] {logging_mixin.py:190} INFO - [2026-04-08T13:03:55.993+0530] {dag.py:4180} INFO - Setting next_dagrun for example_short_circuit_operator to None, run_after=None
[2026-04-08T13:03:56.002+0530] {processor.py:208} INFO - Processing /Users/navalyemul/Documents/uptime/airflow_venv/lib/python3.12/site-packages/airflow/example_dags/example_short_circuit_operator.py took 0.083 seconds
[2026-04-08T13:05:19.981+0530] {processor.py:186} INFO - Started process (PID=29130) to work on /Users/navalyemul/Documents/uptime/airflow_venv/lib/python3.12/site-packages/airflow/example_dags/example_short_circuit_operator.py
[2026-04-08T13:05:19.982+0530] {processor.py:914} INFO - Processing file /Users/navalyemul/Documents/uptime/airflow_venv/lib/python3.12/site-packages/airflow/example_dags/example_short_circuit_operator.py for tasks to queue
[2026-04-08T13:05:19.982+0530] {logging_mixin.py:190} INFO - [2026-04-08T13:05:19.982+0530] {dagbag.py:588} INFO - Filling up the DagBag from /Users/navalyemul/Documents/uptime/airflow_venv/lib/python3.12/site-packages/airflow/example_dags/example_short_circuit_operator.py
[2026-04-08T13:05:19.997+0530] {processor.py:925} INFO - DAG(s) 'example_short_circuit_operator' retrieved from /Users/navalyemul/Documents/uptime/airflow_venv/lib/python3.12/site-packages/airflow/example_dags/example_short_circuit_operator.py
[2026-04-08T13:05:20.038+0530] {logging_mixin.py:190} INFO - [2026-04-08T13:05:20.038+0530] {dag.py:3239} INFO - Sync 1 DAGs
[2026-04-08T13:05:20.043+0530] {logging_mixin.py:190} INFO - [2026-04-08T13:05:20.043+0530] {dag.py:4180} INFO - Setting next_dagrun for example_short_circuit_operator to None, run_after=None
[2026-04-08T13:05:20.052+0530] {processor.py:208} INFO - Processing /Users/navalyemul/Documents/uptime/airflow_venv/lib/python3.12/site-packages/airflow/example_dags/example_short_circuit_operator.py took 0.073 seconds
[2026-04-08T13:06:43.552+0530] {processor.py:186} INFO - Started process (PID=30038) to work on /Users/navalyemul/Documents/uptime/airflow_venv/lib/python3.12/site-packages/airflow/example_dags/example_short_circuit_operator.py
[2026-04-08T13:06:43.553+0530] {processor.py:914} INFO - Processing file /Users/navalyemul/Documents/uptime/airflow_venv/lib/python3.12/site-packages/airflow/example_dags/example_short_circuit_operator.py for tasks to queue
[2026-04-08T13:06:43.554+0530] {logging_mixin.py:190} INFO - [2026-04-08T13:06:43.553+0530] {dagbag.py:588} INFO - Filling up the DagBag from /Users/navalyemul/Documents/uptime/airflow_venv/lib/python3.12/site-packages/airflow/example_dags/example_short_circuit_operator.py
[2026-04-08T13:06:43.569+0530] {processor.py:925} INFO - DAG(s) 'example_short_circuit_operator' retrieved from /Users/navalyemul/Documents/uptime/airflow_venv/lib/python3.12/site-packages/airflow/example_dags/example_short_circuit_operator.py
[2026-04-08T13:06:43.610+0530] {logging_mixin.py:190} INFO - [2026-04-08T13:06:43.610+0530] {dag.py:3239} INFO - Sync 1 DAGs
[2026-04-08T13:06:43.615+0530] {logging_mixin.py:190} INFO - [2026-04-08T13:06:43.615+0530] {dag.py:4180} INFO - Setting next_dagrun for example_short_circuit_operator to None, run_after=None
[2026-04-08T13:06:43.623+0530] {processor.py:208} INFO - Processing /Users/navalyemul/Documents/uptime/airflow_venv/lib/python3.12/site-packages/airflow/example_dags/example_short_circuit_operator.py took 0.072 seconds
[2026-04-08T13:08:07.386+0530] {processor.py:186} INFO - Started process (PID=30945) to work on /Users/navalyemul/Documents/uptime/airflow_venv/lib/python3.12/site-packages/airflow/example_dags/example_short_circuit_operator.py
[2026-04-08T13:08:07.387+0530] {processor.py:914} INFO - Processing file /Users/navalyemul/Documents/uptime/airflow_venv/lib/python3.12/site-packages/airflow/example_dags/example_short_circuit_operator.py for tasks to queue
[2026-04-08T13:08:07.388+0530] {logging_mixin.py:190} INFO - [2026-04-08T13:08:07.388+0530] {dagbag.py:588} INFO - Filling up the DagBag from /Users/navalyemul/Documents/uptime/airflow_venv/lib/python3.12/site-packages/airflow/example_dags/example_short_circuit_operator.py
[2026-04-08T13:08:07.406+0530] {processor.py:925} INFO - DAG(s) 'example_short_circuit_operator' retrieved from /Users/navalyemul/Documents/uptime/airflow_venv/lib/python3.12/site-packages/airflow/example_dags/example_short_circuit_operator.py
[2026-04-08T13:08:07.448+0530] {logging_mixin.py:190} INFO - [2026-04-08T13:08:07.448+0530] {dag.py:3239} INFO - Sync 1 DAGs
[2026-04-08T13:08:07.453+0530] {logging_mixin.py:190} INFO - [2026-04-08T13:08:07.453+0530] {dag.py:4180} INFO - Setting next_dagrun for example_short_circuit_operator to None, run_after=None
[2026-04-08T13:08:07.462+0530] {processor.py:208} INFO - Processing /Users/navalyemul/Documents/uptime/airflow_venv/lib/python3.12/site-packages/airflow/example_dags/example_short_circuit_operator.py took 0.077 seconds
[2026-04-08T13:09:29.035+0530] {processor.py:186} INFO - Started process (PID=31831) to work on /Users/navalyemul/Documents/uptime/airflow_venv/lib/python3.12/site-packages/airflow/example_dags/example_short_circuit_operator.py
[2026-04-08T13:09:29.036+0530] {processor.py:914} INFO - Processing file /Users/navalyemul/Documents/uptime/airflow_venv/lib/python3.12/site-packages/airflow/example_dags/example_short_circuit_operator.py for tasks to queue
[2026-04-08T13:09:29.037+0530] {logging_mixin.py:190} INFO - [2026-04-08T13:09:29.036+0530] {dagbag.py:588} INFO - Filling up the DagBag from /Users/navalyemul/Documents/uptime/airflow_venv/lib/python3.12/site-packages/airflow/example_dags/example_short_circuit_operator.py
[2026-04-08T13:09:29.058+0530] {processor.py:925} INFO - DAG(s) 'example_short_circuit_operator' retrieved from /Users/navalyemul/Documents/uptime/airflow_venv/lib/python3.12/site-packages/airflow/example_dags/example_short_circuit_operator.py
[2026-04-08T13:09:29.104+0530] {logging_mixin.py:190} INFO - [2026-04-08T13:09:29.104+0530] {dag.py:3239} INFO - Sync 1 DAGs
[2026-04-08T13:09:29.109+0530] {logging_mixin.py:190} INFO - [2026-04-08T13:09:29.109+0530] {dag.py:4180} INFO - Setting next_dagrun for example_short_circuit_operator to None, run_after=None
[2026-04-08T13:09:29.119+0530] {processor.py:208} INFO - Processing /Users/navalyemul/Documents/uptime/airflow_venv/lib/python3.12/site-packages/airflow/example_dags/example_short_circuit_operator.py took 0.086 seconds
[2026-04-08T13:10:51.241+0530] {processor.py:186} INFO - Started process (PID=32802) to work on /Users/navalyemul/Documents/uptime/airflow_venv/lib/python3.12/site-packages/airflow/example_dags/example_short_circuit_operator.py
[2026-04-08T13:10:51.242+0530] {processor.py:914} INFO - Processing file /Users/navalyemul/Documents/uptime/airflow_venv/lib/python3.12/site-packages/airflow/example_dags/example_short_circuit_operator.py for tasks to queue
[2026-04-08T13:10:51.243+0530] {logging_mixin.py:190} INFO - [2026-04-08T13:10:51.242+0530] {dagbag.py:588} INFO - Filling up the DagBag from /Users/navalyemul/Documents/uptime/airflow_venv/lib/python3.12/site-packages/airflow/example_dags/example_short_circuit_operator.py
[2026-04-08T13:10:51.257+0530] {processor.py:925} INFO - DAG(s) 'example_short_circuit_operator' retrieved from /Users/navalyemul/Documents/uptime/airflow_venv/lib/python3.12/site-packages/airflow/example_dags/example_short_circuit_operator.py
[2026-04-08T13:10:51.298+0530] {logging_mixin.py:190} INFO - [2026-04-08T13:10:51.297+0530] {dag.py:3239} INFO - Sync 1 DAGs
[2026-04-08T13:10:51.302+0530] {logging_mixin.py:190} INFO - [2026-04-08T13:10:51.302+0530] {dag.py:4180} INFO - Setting next_dagrun for example_short_circuit_operator to None, run_after=None
[2026-04-08T13:10:51.311+0530] {processor.py:208} INFO - Processing /Users/navalyemul/Documents/uptime/airflow_venv/lib/python3.12/site-packages/airflow/example_dags/example_short_circuit_operator.py took 0.072 seconds
[2026-04-08T13:12:15.194+0530] {processor.py:186} INFO - Started process (PID=33719) to work on /Users/navalyemul/Documents/uptime/airflow_venv/lib/python3.12/site-packages/airflow/example_dags/example_short_circuit_operator.py
[2026-04-08T13:12:15.195+0530] {processor.py:914} INFO - Processing file /Users/navalyemul/Documents/uptime/airflow_venv/lib/python3.12/site-packages/airflow/example_dags/example_short_circuit_operator.py for tasks to queue
[2026-04-08T13:12:15.196+0530] {logging_mixin.py:190} INFO - [2026-04-08T13:12:15.196+0530] {dagbag.py:588} INFO - Filling up the DagBag from /Users/navalyemul/Documents/uptime/airflow_venv/lib/python3.12/site-packages/airflow/example_dags/example_short_circuit_operator.py
[2026-04-08T13:12:15.211+0530] {processor.py:925} INFO - DAG(s) 'example_short_circuit_operator' retrieved from /Users/navalyemul/Documents/uptime/airflow_venv/lib/python3.12/site-packages/airflow/example_dags/example_short_circuit_operator.py
[2026-04-08T13:12:15.253+0530] {logging_mixin.py:190} INFO - [2026-04-08T13:12:15.253+0530] {dag.py:3239} INFO - Sync 1 DAGs
[2026-04-08T13:12:15.258+0530] {logging_mixin.py:190} INFO - [2026-04-08T13:12:15.257+0530] {dag.py:4180} INFO - Setting next_dagrun for example_short_circuit_operator to None, run_after=None
[2026-04-08T13:12:15.266+0530] {processor.py:208} INFO - Processing /Users/navalyemul/Documents/uptime/airflow_venv/lib/python3.12/site-packages/airflow/example_dags/example_short_circuit_operator.py took 0.073 seconds
[2026-04-08T13:13:37.610+0530] {processor.py:186} INFO - Started process (PID=34636) to work on /Users/navalyemul/Documents/uptime/airflow_venv/lib/python3.12/site-packages/airflow/example_dags/example_short_circuit_operator.py
[2026-04-08T13:13:37.611+0530] {processor.py:914} INFO - Processing file /Users/navalyemul/Documents/uptime/airflow_venv/lib/python3.12/site-packages/airflow/example_dags/example_short_circuit_operator.py for tasks to queue
[2026-04-08T13:13:37.611+0530] {logging_mixin.py:190} INFO - [2026-04-08T13:13:37.611+0530] {dagbag.py:588} INFO - Filling up the DagBag from /Users/navalyemul/Documents/uptime/airflow_venv/lib/python3.12/site-packages/airflow/example_dags/example_short_circuit_operator.py
[2026-04-08T13:13:37.626+0530] {processor.py:925} INFO - DAG(s) 'example_short_circuit_operator' retrieved from /Users/navalyemul/Documents/uptime/airflow_venv/lib/python3.12/site-packages/airflow/example_dags/example_short_circuit_operator.py
[2026-04-08T13:13:37.669+0530] {logging_mixin.py:190} INFO - [2026-04-08T13:13:37.669+0530] {dag.py:3239} INFO - Sync 1 DAGs
[2026-04-08T13:13:37.673+0530] {logging_mixin.py:190} INFO - [2026-04-08T13:13:37.673+0530] {dag.py:4180} INFO - Setting next_dagrun for example_short_circuit_operator to None, run_after=None
[2026-04-08T13:13:37.689+0530] {processor.py:208} INFO - Processing /Users/navalyemul/Documents/uptime/airflow_venv/lib/python3.12/site-packages/airflow/example_dags/example_short_circuit_operator.py took 0.080 seconds
[2026-04-08T13:15:00.993+0530] {processor.py:186} INFO - Started process (PID=35577) to work on /Users/navalyemul/Documents/uptime/airflow_venv/lib/python3.12/site-packages/airflow/example_dags/example_short_circuit_operator.py
[2026-04-08T13:15:00.993+0530] {processor.py:914} INFO - Processing file /Users/navalyemul/Documents/uptime/airflow_venv/lib/python3.12/site-packages/airflow/example_dags/example_short_circuit_operator.py for tasks to queue
[2026-04-08T13:15:00.994+0530] {logging_mixin.py:190} INFO - [2026-04-08T13:15:00.994+0530] {dagbag.py:588} INFO - Filling up the DagBag from /Users/navalyemul/Documents/uptime/airflow_venv/lib/python3.12/site-packages/airflow/example_dags/example_short_circuit_operator.py
[2026-04-08T13:15:01.012+0530] {processor.py:925} INFO - DAG(s) 'example_short_circuit_operator' retrieved from /Users/navalyemul/Documents/uptime/airflow_venv/lib/python3.12/site-packages/airflow/example_dags/example_short_circuit_operator.py
[2026-04-08T13:15:01.054+0530] {logging_mixin.py:190} INFO - [2026-04-08T13:15:01.053+0530] {dag.py:3239} INFO - Sync 1 DAGs
[2026-04-08T13:15:01.059+0530] {logging_mixin.py:190} INFO - [2026-04-08T13:15:01.059+0530] {dag.py:4180} INFO - Setting next_dagrun for example_short_circuit_operator to None, run_after=None
[2026-04-08T13:15:01.068+0530] {processor.py:208} INFO - Processing /Users/navalyemul/Documents/uptime/airflow_venv/lib/python3.12/site-packages/airflow/example_dags/example_short_circuit_operator.py took 0.077 seconds
[2026-04-08T13:16:25.528+0530] {processor.py:186} INFO - Started process (PID=36540) to work on /Users/navalyemul/Documents/uptime/airflow_venv/lib/python3.12/site-packages/airflow/example_dags/example_short_circuit_operator.py
[2026-04-08T13:16:25.529+0530] {processor.py:914} INFO - Processing file /Users/navalyemul/Documents/uptime/airflow_venv/lib/python3.12/site-packages/airflow/example_dags/example_short_circuit_operator.py for tasks to queue
[2026-04-08T13:16:25.529+0530] {logging_mixin.py:190} INFO - [2026-04-08T13:16:25.529+0530] {dagbag.py:588} INFO - Filling up the DagBag from /Users/navalyemul/Documents/uptime/airflow_venv/lib/python3.12/site-packages/airflow/example_dags/example_short_circuit_operator.py
[2026-04-08T13:16:25.544+0530] {processor.py:925} INFO - DAG(s) 'example_short_circuit_operator' retrieved from /Users/navalyemul/Documents/uptime/airflow_venv/lib/python3.12/site-packages/airflow/example_dags/example_short_circuit_operator.py
[2026-04-08T13:16:25.584+0530] {logging_mixin.py:190} INFO - [2026-04-08T13:16:25.584+0530] {dag.py:3239} INFO - Sync 1 DAGs
[2026-04-08T13:16:25.589+0530] {logging_mixin.py:190} INFO - [2026-04-08T13:16:25.589+0530] {dag.py:4180} INFO - Setting next_dagrun for example_short_circuit_operator to None, run_after=None
[2026-04-08T13:16:25.599+0530] {processor.py:208} INFO - Processing /Users/navalyemul/Documents/uptime/airflow_venv/lib/python3.12/site-packages/airflow/example_dags/example_short_circuit_operator.py took 0.072 seconds
[2026-04-08T13:17:48.451+0530] {processor.py:186} INFO - Started process (PID=37467) to work on /Users/navalyemul/Documents/uptime/airflow_venv/lib/python3.12/site-packages/airflow/example_dags/example_short_circuit_operator.py
[2026-04-08T13:17:48.451+0530] {processor.py:914} INFO - Processing file /Users/navalyemul/Documents/uptime/airflow_venv/lib/python3.12/site-packages/airflow/example_dags/example_short_circuit_operator.py for tasks to queue
[2026-04-08T13:17:48.452+0530] {logging_mixin.py:190} INFO - [2026-04-08T13:17:48.452+0530] {dagbag.py:588} INFO - Filling up the DagBag from /Users/navalyemul/Documents/uptime/airflow_venv/lib/python3.12/site-packages/airflow/example_dags/example_short_circuit_operator.py
[2026-04-08T13:17:48.468+0530] {processor.py:925} INFO - DAG(s) 'example_short_circuit_operator' retrieved from /Users/navalyemul/Documents/uptime/airflow_venv/lib/python3.12/site-packages/airflow/example_dags/example_short_circuit_operator.py
[2026-04-08T13:17:48.509+0530] {logging_mixin.py:190} INFO - [2026-04-08T13:17:48.509+0530] {dag.py:3239} INFO - Sync 1 DAGs
[2026-04-08T13:17:48.513+0530] {logging_mixin.py:190} INFO - [2026-04-08T13:17:48.513+0530] {dag.py:4180} INFO - Setting next_dagrun for example_short_circuit_operator to None, run_after=None
[2026-04-08T13:17:48.521+0530] {processor.py:208} INFO - Processing /Users/navalyemul/Documents/uptime/airflow_venv/lib/python3.12/site-packages/airflow/example_dags/example_short_circuit_operator.py took 0.072 seconds
[2026-04-08T13:19:18.307+0530] {processor.py:186} INFO - Started process (PID=38427) to work on /Users/navalyemul/Documents/uptime/airflow_venv/lib/python3.12/site-packages/airflow/example_dags/example_short_circuit_operator.py
[2026-04-08T13:19:18.309+0530] {processor.py:914} INFO - Processing file /Users/navalyemul/Documents/uptime/airflow_venv/lib/python3.12/site-packages/airflow/example_dags/example_short_circuit_operator.py for tasks to queue
[2026-04-08T13:19:18.309+0530] {logging_mixin.py:190} INFO - [2026-04-08T13:19:18.309+0530] {dagbag.py:588} INFO - Filling up the DagBag from /Users/navalyemul/Documents/uptime/airflow_venv/lib/python3.12/site-packages/airflow/example_dags/example_short_circuit_operator.py
[2026-04-08T13:19:18.329+0530] {processor.py:925} INFO - DAG(s) 'example_short_circuit_operator' retrieved from /Users/navalyemul/Documents/uptime/airflow_venv/lib/python3.12/site-packages/airflow/example_dags/example_short_circuit_operator.py
[2026-04-08T13:19:18.373+0530] {logging_mixin.py:190} INFO - [2026-04-08T13:19:18.373+0530] {dag.py:3239} INFO - Sync 1 DAGs
[2026-04-08T13:19:18.379+0530] {logging_mixin.py:190} INFO - [2026-04-08T13:19:18.379+0530] {dag.py:4180} INFO - Setting next_dagrun for example_short_circuit_operator to None, run_after=None
[2026-04-08T13:19:18.389+0530] {processor.py:208} INFO - Processing /Users/navalyemul/Documents/uptime/airflow_venv/lib/python3.12/site-packages/airflow/example_dags/example_short_circuit_operator.py took 0.085 seconds
[2026-04-08T13:28:51.065+0530] {processor.py:186} INFO - Started process (PID=39367) to work on /Users/navalyemul/Documents/uptime/airflow_venv/lib/python3.12/site-packages/airflow/example_dags/example_short_circuit_operator.py
[2026-04-08T13:28:51.066+0530] {processor.py:914} INFO - Processing file /Users/navalyemul/Documents/uptime/airflow_venv/lib/python3.12/site-packages/airflow/example_dags/example_short_circuit_operator.py for tasks to queue
[2026-04-08T13:28:51.066+0530] {logging_mixin.py:190} INFO - [2026-04-08T13:28:51.066+0530] {dagbag.py:588} INFO - Filling up the DagBag from /Users/navalyemul/Documents/uptime/airflow_venv/lib/python3.12/site-packages/airflow/example_dags/example_short_circuit_operator.py
[2026-04-08T13:28:51.084+0530] {processor.py:925} INFO - DAG(s) 'example_short_circuit_operator' retrieved from /Users/navalyemul/Documents/uptime/airflow_venv/lib/python3.12/site-packages/airflow/example_dags/example_short_circuit_operator.py
[2026-04-08T13:28:51.124+0530] {logging_mixin.py:190} INFO - [2026-04-08T13:28:51.124+0530] {dag.py:3239} INFO - Sync 1 DAGs
[2026-04-08T13:28:51.128+0530] {logging_mixin.py:190} INFO - [2026-04-08T13:28:51.128+0530] {dag.py:4180} INFO - Setting next_dagrun for example_short_circuit_operator to None, run_after=None
[2026-04-08T13:28:51.138+0530] {processor.py:208} INFO - Processing /Users/navalyemul/Documents/uptime/airflow_venv/lib/python3.12/site-packages/airflow/example_dags/example_short_circuit_operator.py took 0.075 seconds
[2026-04-08T13:33:51.621+0530] {processor.py:186} INFO - Started process (PID=40325) to work on /Users/navalyemul/Documents/uptime/airflow_venv/lib/python3.12/site-packages/airflow/example_dags/example_short_circuit_operator.py
[2026-04-08T13:33:51.622+0530] {processor.py:914} INFO - Processing file /Users/navalyemul/Documents/uptime/airflow_venv/lib/python3.12/site-packages/airflow/example_dags/example_short_circuit_operator.py for tasks to queue
[2026-04-08T13:33:51.622+0530] {logging_mixin.py:190} INFO - [2026-04-08T13:33:51.622+0530] {dagbag.py:588} INFO - Filling up the DagBag from /Users/navalyemul/Documents/uptime/airflow_venv/lib/python3.12/site-packages/airflow/example_dags/example_short_circuit_operator.py
[2026-04-08T13:33:51.637+0530] {processor.py:925} INFO - DAG(s) 'example_short_circuit_operator' retrieved from /Users/navalyemul/Documents/uptime/airflow_venv/lib/python3.12/site-packages/airflow/example_dags/example_short_circuit_operator.py
[2026-04-08T13:33:51.678+0530] {logging_mixin.py:190} INFO - [2026-04-08T13:33:51.678+0530] {dag.py:3239} INFO - Sync 1 DAGs
[2026-04-08T13:33:51.683+0530] {logging_mixin.py:190} INFO - [2026-04-08T13:33:51.683+0530] {dag.py:4180} INFO - Setting next_dagrun for example_short_circuit_operator to None, run_after=None
[2026-04-08T13:33:51.690+0530] {processor.py:208} INFO - Processing /Users/navalyemul/Documents/uptime/airflow_venv/lib/python3.12/site-packages/airflow/example_dags/example_short_circuit_operator.py took 0.071 seconds
[2026-04-08T13:35:31.932+0530] {processor.py:186} INFO - Started process (PID=41506) to work on /Users/navalyemul/Documents/uptime/airflow_venv/lib/python3.12/site-packages/airflow/example_dags/example_short_circuit_operator.py
[2026-04-08T13:35:31.933+0530] {processor.py:914} INFO - Processing file /Users/navalyemul/Documents/uptime/airflow_venv/lib/python3.12/site-packages/airflow/example_dags/example_short_circuit_operator.py for tasks to queue
[2026-04-08T13:35:31.933+0530] {logging_mixin.py:190} INFO - [2026-04-08T13:35:31.933+0530] {dagbag.py:588} INFO - Filling up the DagBag from /Users/navalyemul/Documents/uptime/airflow_venv/lib/python3.12/site-packages/airflow/example_dags/example_short_circuit_operator.py
[2026-04-08T13:35:31.951+0530] {processor.py:925} INFO - DAG(s) 'example_short_circuit_operator' retrieved from /Users/navalyemul/Documents/uptime/airflow_venv/lib/python3.12/site-packages/airflow/example_dags/example_short_circuit_operator.py
[2026-04-08T13:35:31.991+0530] {logging_mixin.py:190} INFO - [2026-04-08T13:35:31.990+0530] {dag.py:3239} INFO - Sync 1 DAGs
[2026-04-08T13:35:31.995+0530] {logging_mixin.py:190} INFO - [2026-04-08T13:35:31.995+0530] {dag.py:4180} INFO - Setting next_dagrun for example_short_circuit_operator to None, run_after=None
[2026-04-08T13:35:32.003+0530] {processor.py:208} INFO - Processing /Users/navalyemul/Documents/uptime/airflow_venv/lib/python3.12/site-packages/airflow/example_dags/example_short_circuit_operator.py took 0.073 seconds
[2026-04-08T13:46:22.926+0530] {processor.py:186} INFO - Started process (PID=42424) to work on /Users/navalyemul/Documents/uptime/airflow_venv/lib/python3.12/site-packages/airflow/example_dags/example_short_circuit_operator.py
[2026-04-08T13:46:22.927+0530] {processor.py:914} INFO - Processing file /Users/navalyemul/Documents/uptime/airflow_venv/lib/python3.12/site-packages/airflow/example_dags/example_short_circuit_operator.py for tasks to queue
[2026-04-08T13:46:22.927+0530] {logging_mixin.py:190} INFO - [2026-04-08T13:46:22.927+0530] {dagbag.py:588} INFO - Filling up the DagBag from /Users/navalyemul/Documents/uptime/airflow_venv/lib/python3.12/site-packages/airflow/example_dags/example_short_circuit_operator.py
[2026-04-08T13:46:22.942+0530] {processor.py:925} INFO - DAG(s) 'example_short_circuit_operator' retrieved from /Users/navalyemul/Documents/uptime/airflow_venv/lib/python3.12/site-packages/airflow/example_dags/example_short_circuit_operator.py
[2026-04-08T13:46:22.983+0530] {logging_mixin.py:190} INFO - [2026-04-08T13:46:22.983+0530] {dag.py:3239} INFO - Sync 1 DAGs
[2026-04-08T13:46:22.988+0530] {logging_mixin.py:190} INFO - [2026-04-08T13:46:22.988+0530] {dag.py:4180} INFO - Setting next_dagrun for example_short_circuit_operator to None, run_after=None
[2026-04-08T13:46:22.996+0530] {processor.py:208} INFO - Processing /Users/navalyemul/Documents/uptime/airflow_venv/lib/python3.12/site-packages/airflow/example_dags/example_short_circuit_operator.py took 0.072 seconds
[2026-04-08T13:54:40.915+0530] {processor.py:186} INFO - Started process (PID=43608) to work on /Users/navalyemul/Documents/uptime/airflow_venv/lib/python3.12/site-packages/airflow/example_dags/example_short_circuit_operator.py
[2026-04-08T13:54:40.916+0530] {processor.py:914} INFO - Processing file /Users/navalyemul/Documents/uptime/airflow_venv/lib/python3.12/site-packages/airflow/example_dags/example_short_circuit_operator.py for tasks to queue
[2026-04-08T13:54:40.916+0530] {logging_mixin.py:190} INFO - [2026-04-08T13:54:40.916+0530] {dagbag.py:588} INFO - Filling up the DagBag from /Users/navalyemul/Documents/uptime/airflow_venv/lib/python3.12/site-packages/airflow/example_dags/example_short_circuit_operator.py
[2026-04-08T13:54:40.931+0530] {processor.py:925} INFO - DAG(s) 'example_short_circuit_operator' retrieved from /Users/navalyemul/Documents/uptime/airflow_venv/lib/python3.12/site-packages/airflow/example_dags/example_short_circuit_operator.py
[2026-04-08T13:54:40.974+0530] {logging_mixin.py:190} INFO - [2026-04-08T13:54:40.973+0530] {dag.py:3239} INFO - Sync 1 DAGs
[2026-04-08T13:54:40.979+0530] {logging_mixin.py:190} INFO - [2026-04-08T13:54:40.978+0530] {dag.py:4180} INFO - Setting next_dagrun for example_short_circuit_operator to None, run_after=None
[2026-04-08T13:54:40.987+0530] {processor.py:208} INFO - Processing /Users/navalyemul/Documents/uptime/airflow_venv/lib/python3.12/site-packages/airflow/example_dags/example_short_circuit_operator.py took 0.073 seconds
[2026-04-08T13:56:35.971+0530] {processor.py:186} INFO - Started process (PID=44672) to work on /Users/navalyemul/Documents/uptime/airflow_venv/lib/python3.12/site-packages/airflow/example_dags/example_short_circuit_operator.py
[2026-04-08T13:56:35.972+0530] {processor.py:914} INFO - Processing file /Users/navalyemul/Documents/uptime/airflow_venv/lib/python3.12/site-packages/airflow/example_dags/example_short_circuit_operator.py for tasks to queue
[2026-04-08T13:56:35.972+0530] {logging_mixin.py:190} INFO - [2026-04-08T13:56:35.972+0530] {dagbag.py:588} INFO - Filling up the DagBag from /Users/navalyemul/Documents/uptime/airflow_venv/lib/python3.12/site-packages/airflow/example_dags/example_short_circuit_operator.py
[2026-04-08T13:56:35.992+0530] {processor.py:925} INFO - DAG(s) 'example_short_circuit_operator' retrieved from /Users/navalyemul/Documents/uptime/airflow_venv/lib/python3.12/site-packages/airflow/example_dags/example_short_circuit_operator.py
[2026-04-08T13:56:36.037+0530] {logging_mixin.py:190} INFO - [2026-04-08T13:56:36.036+0530] {dag.py:3239} INFO - Sync 1 DAGs
[2026-04-08T13:56:36.042+0530] {logging_mixin.py:190} INFO - [2026-04-08T13:56:36.042+0530] {dag.py:4180} INFO - Setting next_dagrun for example_short_circuit_operator to None, run_after=None
[2026-04-08T13:56:36.050+0530] {processor.py:208} INFO - Processing /Users/navalyemul/Documents/uptime/airflow_venv/lib/python3.12/site-packages/airflow/example_dags/example_short_circuit_operator.py took 0.081 seconds
[2026-04-08T13:58:20.127+0530] {processor.py:186} INFO - Started process (PID=45714) to work on /Users/navalyemul/Documents/uptime/airflow_venv/lib/python3.12/site-packages/airflow/example_dags/example_short_circuit_operator.py
[2026-04-08T13:58:20.128+0530] {processor.py:914} INFO - Processing file /Users/navalyemul/Documents/uptime/airflow_venv/lib/python3.12/site-packages/airflow/example_dags/example_short_circuit_operator.py for tasks to queue
[2026-04-08T13:58:20.129+0530] {logging_mixin.py:190} INFO - [2026-04-08T13:58:20.129+0530] {dagbag.py:588} INFO - Filling up the DagBag from /Users/navalyemul/Documents/uptime/airflow_venv/lib/python3.12/site-packages/airflow/example_dags/example_short_circuit_operator.py
[2026-04-08T13:58:20.154+0530] {processor.py:925} INFO - DAG(s) 'example_short_circuit_operator' retrieved from /Users/navalyemul/Documents/uptime/airflow_venv/lib/python3.12/site-packages/airflow/example_dags/example_short_circuit_operator.py
[2026-04-08T13:58:20.207+0530] {logging_mixin.py:190} INFO - [2026-04-08T13:58:20.207+0530] {dag.py:3239} INFO - Sync 1 DAGs
[2026-04-08T13:58:20.213+0530] {logging_mixin.py:190} INFO - [2026-04-08T13:58:20.213+0530] {dag.py:4180} INFO - Setting next_dagrun for example_short_circuit_operator to None, run_after=None
[2026-04-08T13:58:20.225+0530] {processor.py:208} INFO - Processing /Users/navalyemul/Documents/uptime/airflow_venv/lib/python3.12/site-packages/airflow/example_dags/example_short_circuit_operator.py took 0.101 seconds
