[2026-04-08T12:44:38.036+0530] {processor.py:186} INFO - Started process (PID=16079) to work on /Users/navalyemul/Documents/uptime/airflow_venv/lib/python3.12/site-packages/airflow/example_dags/example_python_decorator.py
[2026-04-08T12:44:38.036+0530] {processor.py:914} INFO - Processing file /Users/navalyemul/Documents/uptime/airflow_venv/lib/python3.12/site-packages/airflow/example_dags/example_python_decorator.py for tasks to queue
[2026-04-08T12:44:38.037+0530] {logging_mixin.py:190} INFO - [2026-04-08T12:44:38.037+0530] {dagbag.py:588} INFO - Filling up the DagBag from /Users/navalyemul/Documents/uptime/airflow_venv/lib/python3.12/site-packages/airflow/example_dags/example_python_decorator.py
[2026-04-08T12:44:38.059+0530] {logging_mixin.py:190} INFO - [2026-04-08T12:44:38.059+0530] {example_python_decorator.py:80} WARNING - The virtalenv_python example task requires virtualenv, please install it.
[2026-04-08T12:44:38.060+0530] {processor.py:925} INFO - DAG(s) 'example_python_decorator' retrieved from /Users/navalyemul/Documents/uptime/airflow_venv/lib/python3.12/site-packages/airflow/example_dags/example_python_decorator.py
[2026-04-08T12:44:38.142+0530] {logging_mixin.py:190} INFO - [2026-04-08T12:44:38.142+0530] {override.py:1912} INFO - Created Permission View: can read on DAG:example_python_decorator
[2026-04-08T12:44:38.146+0530] {logging_mixin.py:190} INFO - [2026-04-08T12:44:38.146+0530] {override.py:1912} INFO - Created Permission View: can edit on DAG:example_python_decorator
[2026-04-08T12:44:38.149+0530] {logging_mixin.py:190} INFO - [2026-04-08T12:44:38.149+0530] {override.py:1912} INFO - Created Permission View: can delete on DAG:example_python_decorator
[2026-04-08T12:44:38.153+0530] {logging_mixin.py:190} INFO - [2026-04-08T12:44:38.153+0530] {override.py:1912} INFO - Created Permission View: menu access on DAG Run:example_python_decorator
[2026-04-08T12:44:38.156+0530] {logging_mixin.py:190} INFO - [2026-04-08T12:44:38.156+0530] {override.py:1912} INFO - Created Permission View: can read on DAG Run:example_python_decorator
[2026-04-08T12:44:38.158+0530] {logging_mixin.py:190} INFO - [2026-04-08T12:44:38.158+0530] {override.py:1912} INFO - Created Permission View: can create on DAG Run:example_python_decorator
[2026-04-08T12:44:38.161+0530] {logging_mixin.py:190} INFO - [2026-04-08T12:44:38.161+0530] {override.py:1912} INFO - Created Permission View: can delete on DAG Run:example_python_decorator
[2026-04-08T12:44:38.161+0530] {logging_mixin.py:190} INFO - [2026-04-08T12:44:38.161+0530] {dag.py:3239} INFO - Sync 1 DAGs
[2026-04-08T12:44:38.166+0530] {logging_mixin.py:190} INFO - [2026-04-08T12:44:38.166+0530] {dag.py:3262} INFO - Creating ORM DAG for example_python_decorator
[2026-04-08T12:44:38.166+0530] {logging_mixin.py:190} INFO - [2026-04-08T12:44:38.166+0530] {dag.py:4180} INFO - Setting next_dagrun for example_python_decorator to None, run_after=None
[2026-04-08T12:44:38.222+0530] {processor.py:208} INFO - Processing /Users/navalyemul/Documents/uptime/airflow_venv/lib/python3.12/site-packages/airflow/example_dags/example_python_decorator.py took 0.189 seconds
[2026-04-08T12:47:11.795+0530] {processor.py:186} INFO - Started process (PID=17607) to work on /Users/navalyemul/Documents/uptime/airflow_venv/lib/python3.12/site-packages/airflow/example_dags/example_python_decorator.py
[2026-04-08T12:47:11.796+0530] {processor.py:914} INFO - Processing file /Users/navalyemul/Documents/uptime/airflow_venv/lib/python3.12/site-packages/airflow/example_dags/example_python_decorator.py for tasks to queue
[2026-04-08T12:47:11.797+0530] {logging_mixin.py:190} INFO - [2026-04-08T12:47:11.797+0530] {dagbag.py:588} INFO - Filling up the DagBag from /Users/navalyemul/Documents/uptime/airflow_venv/lib/python3.12/site-packages/airflow/example_dags/example_python_decorator.py
[2026-04-08T12:47:11.821+0530] {logging_mixin.py:190} INFO - [2026-04-08T12:47:11.821+0530] {example_python_decorator.py:80} WARNING - The virtalenv_python example task requires virtualenv, please install it.
[2026-04-08T12:47:11.823+0530] {processor.py:925} INFO - DAG(s) 'example_python_decorator' retrieved from /Users/navalyemul/Documents/uptime/airflow_venv/lib/python3.12/site-packages/airflow/example_dags/example_python_decorator.py
[2026-04-08T12:47:11.864+0530] {logging_mixin.py:190} INFO - [2026-04-08T12:47:11.864+0530] {dag.py:3239} INFO - Sync 1 DAGs
[2026-04-08T12:47:11.869+0530] {logging_mixin.py:190} INFO - [2026-04-08T12:47:11.869+0530] {dag.py:4180} INFO - Setting next_dagrun for example_python_decorator to None, run_after=None
[2026-04-08T12:47:11.878+0530] {processor.py:208} INFO - Processing /Users/navalyemul/Documents/uptime/airflow_venv/lib/python3.12/site-packages/airflow/example_dags/example_python_decorator.py took 0.085 seconds
[2026-04-08T12:49:06.499+0530] {processor.py:186} INFO - Started process (PID=18932) to work on /Users/navalyemul/Documents/uptime/airflow_venv/lib/python3.12/site-packages/airflow/example_dags/example_python_decorator.py
[2026-04-08T12:49:06.500+0530] {processor.py:914} INFO - Processing file /Users/navalyemul/Documents/uptime/airflow_venv/lib/python3.12/site-packages/airflow/example_dags/example_python_decorator.py for tasks to queue
[2026-04-08T12:49:06.501+0530] {logging_mixin.py:190} INFO - [2026-04-08T12:49:06.500+0530] {dagbag.py:588} INFO - Filling up the DagBag from /Users/navalyemul/Documents/uptime/airflow_venv/lib/python3.12/site-packages/airflow/example_dags/example_python_decorator.py
[2026-04-08T12:49:06.520+0530] {logging_mixin.py:190} INFO - [2026-04-08T12:49:06.520+0530] {example_python_decorator.py:80} WARNING - The virtalenv_python example task requires virtualenv, please install it.
[2026-04-08T12:49:06.522+0530] {processor.py:925} INFO - DAG(s) 'example_python_decorator' retrieved from /Users/navalyemul/Documents/uptime/airflow_venv/lib/python3.12/site-packages/airflow/example_dags/example_python_decorator.py
[2026-04-08T12:49:06.561+0530] {logging_mixin.py:190} INFO - [2026-04-08T12:49:06.561+0530] {dag.py:3239} INFO - Sync 1 DAGs
[2026-04-08T12:49:06.566+0530] {logging_mixin.py:190} INFO - [2026-04-08T12:49:06.566+0530] {dag.py:4180} INFO - Setting next_dagrun for example_python_decorator to None, run_after=None
[2026-04-08T12:49:06.574+0530] {processor.py:208} INFO - Processing /Users/navalyemul/Documents/uptime/airflow_venv/lib/python3.12/site-packages/airflow/example_dags/example_python_decorator.py took 0.077 seconds
[2026-04-08T12:52:03.623+0530] {processor.py:186} INFO - Started process (PID=20815) to work on /Users/navalyemul/Documents/uptime/airflow_venv/lib/python3.12/site-packages/airflow/example_dags/example_python_decorator.py
[2026-04-08T12:52:03.624+0530] {processor.py:914} INFO - Processing file /Users/navalyemul/Documents/uptime/airflow_venv/lib/python3.12/site-packages/airflow/example_dags/example_python_decorator.py for tasks to queue
[2026-04-08T12:52:03.625+0530] {logging_mixin.py:190} INFO - [2026-04-08T12:52:03.624+0530] {dagbag.py:588} INFO - Filling up the DagBag from /Users/navalyemul/Documents/uptime/airflow_venv/lib/python3.12/site-packages/airflow/example_dags/example_python_decorator.py
[2026-04-08T12:52:03.647+0530] {logging_mixin.py:190} INFO - [2026-04-08T12:52:03.647+0530] {example_python_decorator.py:80} WARNING - The virtalenv_python example task requires virtualenv, please install it.
[2026-04-08T12:52:03.648+0530] {processor.py:925} INFO - DAG(s) 'example_python_decorator' retrieved from /Users/navalyemul/Documents/uptime/airflow_venv/lib/python3.12/site-packages/airflow/example_dags/example_python_decorator.py
[2026-04-08T12:52:03.694+0530] {logging_mixin.py:190} INFO - [2026-04-08T12:52:03.694+0530] {dag.py:3239} INFO - Sync 1 DAGs
[2026-04-08T12:52:03.699+0530] {logging_mixin.py:190} INFO - [2026-04-08T12:52:03.699+0530] {dag.py:4180} INFO - Setting next_dagrun for example_python_decorator to None, run_after=None
[2026-04-08T12:52:03.708+0530] {processor.py:208} INFO - Processing /Users/navalyemul/Documents/uptime/airflow_venv/lib/python3.12/site-packages/airflow/example_dags/example_python_decorator.py took 0.087 seconds
[2026-04-08T12:53:56.126+0530] {processor.py:186} INFO - Started process (PID=21760) to work on /Users/navalyemul/Documents/uptime/airflow_venv/lib/python3.12/site-packages/airflow/example_dags/example_python_decorator.py
[2026-04-08T12:53:56.130+0530] {processor.py:914} INFO - Processing file /Users/navalyemul/Documents/uptime/airflow_venv/lib/python3.12/site-packages/airflow/example_dags/example_python_decorator.py for tasks to queue
[2026-04-08T12:53:56.134+0530] {logging_mixin.py:190} INFO - [2026-04-08T12:53:56.134+0530] {dagbag.py:588} INFO - Filling up the DagBag from /Users/navalyemul/Documents/uptime/airflow_venv/lib/python3.12/site-packages/airflow/example_dags/example_python_decorator.py
[2026-04-08T12:53:56.178+0530] {logging_mixin.py:190} INFO - [2026-04-08T12:53:56.178+0530] {example_python_decorator.py:80} WARNING - The virtalenv_python example task requires virtualenv, please install it.
[2026-04-08T12:53:56.181+0530] {processor.py:925} INFO - DAG(s) 'example_python_decorator' retrieved from /Users/navalyemul/Documents/uptime/airflow_venv/lib/python3.12/site-packages/airflow/example_dags/example_python_decorator.py
[2026-04-08T12:53:56.243+0530] {logging_mixin.py:190} INFO - [2026-04-08T12:53:56.243+0530] {dag.py:3239} INFO - Sync 1 DAGs
[2026-04-08T12:53:56.250+0530] {logging_mixin.py:190} INFO - [2026-04-08T12:53:56.250+0530] {dag.py:4180} INFO - Setting next_dagrun for example_python_decorator to None, run_after=None
[2026-04-08T12:53:56.261+0530] {processor.py:208} INFO - Processing /Users/navalyemul/Documents/uptime/airflow_venv/lib/python3.12/site-packages/airflow/example_dags/example_python_decorator.py took 0.139 seconds
[2026-04-08T12:55:39.367+0530] {processor.py:186} INFO - Started process (PID=22635) to work on /Users/navalyemul/Documents/uptime/airflow_venv/lib/python3.12/site-packages/airflow/example_dags/example_python_decorator.py
[2026-04-08T12:55:39.368+0530] {processor.py:914} INFO - Processing file /Users/navalyemul/Documents/uptime/airflow_venv/lib/python3.12/site-packages/airflow/example_dags/example_python_decorator.py for tasks to queue
[2026-04-08T12:55:39.368+0530] {logging_mixin.py:190} INFO - [2026-04-08T12:55:39.368+0530] {dagbag.py:588} INFO - Filling up the DagBag from /Users/navalyemul/Documents/uptime/airflow_venv/lib/python3.12/site-packages/airflow/example_dags/example_python_decorator.py
[2026-04-08T12:55:39.388+0530] {logging_mixin.py:190} INFO - [2026-04-08T12:55:39.388+0530] {example_python_decorator.py:80} WARNING - The virtalenv_python example task requires virtualenv, please install it.
[2026-04-08T12:55:39.389+0530] {processor.py:925} INFO - DAG(s) 'example_python_decorator' retrieved from /Users/navalyemul/Documents/uptime/airflow_venv/lib/python3.12/site-packages/airflow/example_dags/example_python_decorator.py
[2026-04-08T12:55:39.430+0530] {logging_mixin.py:190} INFO - [2026-04-08T12:55:39.430+0530] {dag.py:3239} INFO - Sync 1 DAGs
[2026-04-08T12:55:39.435+0530] {logging_mixin.py:190} INFO - [2026-04-08T12:55:39.435+0530] {dag.py:4180} INFO - Setting next_dagrun for example_python_decorator to None, run_after=None
[2026-04-08T12:55:39.443+0530] {processor.py:208} INFO - Processing /Users/navalyemul/Documents/uptime/airflow_venv/lib/python3.12/site-packages/airflow/example_dags/example_python_decorator.py took 0.078 seconds
[2026-04-08T12:57:12.134+0530] {processor.py:186} INFO - Started process (PID=23628) to work on /Users/navalyemul/Documents/uptime/airflow_venv/lib/python3.12/site-packages/airflow/example_dags/example_python_decorator.py
[2026-04-08T12:57:12.135+0530] {processor.py:914} INFO - Processing file /Users/navalyemul/Documents/uptime/airflow_venv/lib/python3.12/site-packages/airflow/example_dags/example_python_decorator.py for tasks to queue
[2026-04-08T12:57:12.135+0530] {logging_mixin.py:190} INFO - [2026-04-08T12:57:12.135+0530] {dagbag.py:588} INFO - Filling up the DagBag from /Users/navalyemul/Documents/uptime/airflow_venv/lib/python3.12/site-packages/airflow/example_dags/example_python_decorator.py
[2026-04-08T12:57:12.155+0530] {logging_mixin.py:190} INFO - [2026-04-08T12:57:12.155+0530] {example_python_decorator.py:80} WARNING - The virtalenv_python example task requires virtualenv, please install it.
[2026-04-08T12:57:12.157+0530] {processor.py:925} INFO - DAG(s) 'example_python_decorator' retrieved from /Users/navalyemul/Documents/uptime/airflow_venv/lib/python3.12/site-packages/airflow/example_dags/example_python_decorator.py
[2026-04-08T12:57:12.197+0530] {logging_mixin.py:190} INFO - [2026-04-08T12:57:12.197+0530] {dag.py:3239} INFO - Sync 1 DAGs
[2026-04-08T12:57:12.202+0530] {logging_mixin.py:190} INFO - [2026-04-08T12:57:12.202+0530] {dag.py:4180} INFO - Setting next_dagrun for example_python_decorator to None, run_after=None
[2026-04-08T12:57:12.209+0530] {processor.py:208} INFO - Processing /Users/navalyemul/Documents/uptime/airflow_venv/lib/python3.12/site-packages/airflow/example_dags/example_python_decorator.py took 0.077 seconds
[2026-04-08T13:00:02.705+0530] {processor.py:186} INFO - Started process (PID=25460) to work on /Users/navalyemul/Documents/uptime/airflow_venv/lib/python3.12/site-packages/airflow/example_dags/example_python_decorator.py
[2026-04-08T13:00:02.706+0530] {processor.py:914} INFO - Processing file /Users/navalyemul/Documents/uptime/airflow_venv/lib/python3.12/site-packages/airflow/example_dags/example_python_decorator.py for tasks to queue
[2026-04-08T13:00:02.707+0530] {logging_mixin.py:190} INFO - [2026-04-08T13:00:02.706+0530] {dagbag.py:588} INFO - Filling up the DagBag from /Users/navalyemul/Documents/uptime/airflow_venv/lib/python3.12/site-packages/airflow/example_dags/example_python_decorator.py
[2026-04-08T13:00:02.727+0530] {logging_mixin.py:190} INFO - [2026-04-08T13:00:02.727+0530] {example_python_decorator.py:80} WARNING - The virtalenv_python example task requires virtualenv, please install it.
[2026-04-08T13:00:02.728+0530] {processor.py:925} INFO - DAG(s) 'example_python_decorator' retrieved from /Users/navalyemul/Documents/uptime/airflow_venv/lib/python3.12/site-packages/airflow/example_dags/example_python_decorator.py
[2026-04-08T13:00:02.767+0530] {logging_mixin.py:190} INFO - [2026-04-08T13:00:02.767+0530] {dag.py:3239} INFO - Sync 1 DAGs
[2026-04-08T13:00:02.772+0530] {logging_mixin.py:190} INFO - [2026-04-08T13:00:02.772+0530] {dag.py:4180} INFO - Setting next_dagrun for example_python_decorator to None, run_after=None
[2026-04-08T13:00:02.781+0530] {processor.py:208} INFO - Processing /Users/navalyemul/Documents/uptime/airflow_venv/lib/python3.12/site-packages/airflow/example_dags/example_python_decorator.py took 0.079 seconds
[2026-04-08T13:02:43.373+0530] {processor.py:186} INFO - Started process (PID=27311) to work on /Users/navalyemul/Documents/uptime/airflow_venv/lib/python3.12/site-packages/airflow/example_dags/example_python_decorator.py
[2026-04-08T13:02:43.373+0530] {processor.py:914} INFO - Processing file /Users/navalyemul/Documents/uptime/airflow_venv/lib/python3.12/site-packages/airflow/example_dags/example_python_decorator.py for tasks to queue
[2026-04-08T13:02:43.374+0530] {logging_mixin.py:190} INFO - [2026-04-08T13:02:43.374+0530] {dagbag.py:588} INFO - Filling up the DagBag from /Users/navalyemul/Documents/uptime/airflow_venv/lib/python3.12/site-packages/airflow/example_dags/example_python_decorator.py
[2026-04-08T13:02:43.413+0530] {logging_mixin.py:190} INFO - [2026-04-08T13:02:43.413+0530] {example_python_decorator.py:80} WARNING - The virtalenv_python example task requires virtualenv, please install it.
[2026-04-08T13:02:43.414+0530] {processor.py:925} INFO - DAG(s) 'example_python_decorator' retrieved from /Users/navalyemul/Documents/uptime/airflow_venv/lib/python3.12/site-packages/airflow/example_dags/example_python_decorator.py
[2026-04-08T13:02:43.456+0530] {logging_mixin.py:190} INFO - [2026-04-08T13:02:43.456+0530] {dag.py:3239} INFO - Sync 1 DAGs
[2026-04-08T13:02:43.461+0530] {logging_mixin.py:190} INFO - [2026-04-08T13:02:43.461+0530] {dag.py:4180} INFO - Setting next_dagrun for example_python_decorator to None, run_after=None
[2026-04-08T13:02:43.478+0530] {processor.py:208} INFO - Processing /Users/navalyemul/Documents/uptime/airflow_venv/lib/python3.12/site-packages/airflow/example_dags/example_python_decorator.py took 0.107 seconds
[2026-04-08T13:05:32.068+0530] {processor.py:186} INFO - Started process (PID=29261) to work on /Users/navalyemul/Documents/uptime/airflow_venv/lib/python3.12/site-packages/airflow/example_dags/example_python_decorator.py
[2026-04-08T13:05:32.068+0530] {processor.py:914} INFO - Processing file /Users/navalyemul/Documents/uptime/airflow_venv/lib/python3.12/site-packages/airflow/example_dags/example_python_decorator.py for tasks to queue
[2026-04-08T13:05:32.069+0530] {logging_mixin.py:190} INFO - [2026-04-08T13:05:32.069+0530] {dagbag.py:588} INFO - Filling up the DagBag from /Users/navalyemul/Documents/uptime/airflow_venv/lib/python3.12/site-packages/airflow/example_dags/example_python_decorator.py
[2026-04-08T13:05:32.091+0530] {logging_mixin.py:190} INFO - [2026-04-08T13:05:32.091+0530] {example_python_decorator.py:80} WARNING - The virtalenv_python example task requires virtualenv, please install it.
[2026-04-08T13:05:32.092+0530] {processor.py:925} INFO - DAG(s) 'example_python_decorator' retrieved from /Users/navalyemul/Documents/uptime/airflow_venv/lib/python3.12/site-packages/airflow/example_dags/example_python_decorator.py
[2026-04-08T13:05:32.132+0530] {logging_mixin.py:190} INFO - [2026-04-08T13:05:32.132+0530] {dag.py:3239} INFO - Sync 1 DAGs
[2026-04-08T13:05:32.137+0530] {logging_mixin.py:190} INFO - [2026-04-08T13:05:32.137+0530] {dag.py:4180} INFO - Setting next_dagrun for example_python_decorator to None, run_after=None
[2026-04-08T13:05:32.145+0530] {processor.py:208} INFO - Processing /Users/navalyemul/Documents/uptime/airflow_venv/lib/python3.12/site-packages/airflow/example_dags/example_python_decorator.py took 0.079 seconds
[2026-04-08T13:08:18.530+0530] {processor.py:186} INFO - Started process (PID=31067) to work on /Users/navalyemul/Documents/uptime/airflow_venv/lib/python3.12/site-packages/airflow/example_dags/example_python_decorator.py
[2026-04-08T13:08:18.530+0530] {processor.py:914} INFO - Processing file /Users/navalyemul/Documents/uptime/airflow_venv/lib/python3.12/site-packages/airflow/example_dags/example_python_decorator.py for tasks to queue
[2026-04-08T13:08:18.531+0530] {logging_mixin.py:190} INFO - [2026-04-08T13:08:18.531+0530] {dagbag.py:588} INFO - Filling up the DagBag from /Users/navalyemul/Documents/uptime/airflow_venv/lib/python3.12/site-packages/airflow/example_dags/example_python_decorator.py
[2026-04-08T13:08:18.552+0530] {logging_mixin.py:190} INFO - [2026-04-08T13:08:18.552+0530] {example_python_decorator.py:80} WARNING - The virtalenv_python example task requires virtualenv, please install it.
[2026-04-08T13:08:18.553+0530] {processor.py:925} INFO - DAG(s) 'example_python_decorator' retrieved from /Users/navalyemul/Documents/uptime/airflow_venv/lib/python3.12/site-packages/airflow/example_dags/example_python_decorator.py
[2026-04-08T13:08:18.593+0530] {logging_mixin.py:190} INFO - [2026-04-08T13:08:18.593+0530] {dag.py:3239} INFO - Sync 1 DAGs
[2026-04-08T13:08:18.598+0530] {logging_mixin.py:190} INFO - [2026-04-08T13:08:18.597+0530] {dag.py:4180} INFO - Setting next_dagrun for example_python_decorator to None, run_after=None
[2026-04-08T13:08:18.606+0530] {processor.py:208} INFO - Processing /Users/navalyemul/Documents/uptime/airflow_venv/lib/python3.12/site-packages/airflow/example_dags/example_python_decorator.py took 0.078 seconds
[2026-04-08T13:11:02.670+0530] {processor.py:186} INFO - Started process (PID=32934) to work on /Users/navalyemul/Documents/uptime/airflow_venv/lib/python3.12/site-packages/airflow/example_dags/example_python_decorator.py
[2026-04-08T13:11:02.670+0530] {processor.py:914} INFO - Processing file /Users/navalyemul/Documents/uptime/airflow_venv/lib/python3.12/site-packages/airflow/example_dags/example_python_decorator.py for tasks to queue
[2026-04-08T13:11:02.671+0530] {logging_mixin.py:190} INFO - [2026-04-08T13:11:02.671+0530] {dagbag.py:588} INFO - Filling up the DagBag from /Users/navalyemul/Documents/uptime/airflow_venv/lib/python3.12/site-packages/airflow/example_dags/example_python_decorator.py
[2026-04-08T13:11:02.691+0530] {logging_mixin.py:190} INFO - [2026-04-08T13:11:02.691+0530] {example_python_decorator.py:80} WARNING - The virtalenv_python example task requires virtualenv, please install it.
[2026-04-08T13:11:02.692+0530] {processor.py:925} INFO - DAG(s) 'example_python_decorator' retrieved from /Users/navalyemul/Documents/uptime/airflow_venv/lib/python3.12/site-packages/airflow/example_dags/example_python_decorator.py
[2026-04-08T13:11:02.732+0530] {logging_mixin.py:190} INFO - [2026-04-08T13:11:02.732+0530] {dag.py:3239} INFO - Sync 1 DAGs
[2026-04-08T13:11:02.739+0530] {logging_mixin.py:190} INFO - [2026-04-08T13:11:02.739+0530] {dag.py:4180} INFO - Setting next_dagrun for example_python_decorator to None, run_after=None
[2026-04-08T13:11:02.750+0530] {processor.py:208} INFO - Processing /Users/navalyemul/Documents/uptime/airflow_venv/lib/python3.12/site-packages/airflow/example_dags/example_python_decorator.py took 0.082 seconds
[2026-04-08T13:13:49.062+0530] {processor.py:186} INFO - Started process (PID=34763) to work on /Users/navalyemul/Documents/uptime/airflow_venv/lib/python3.12/site-packages/airflow/example_dags/example_python_decorator.py
[2026-04-08T13:13:49.063+0530] {processor.py:914} INFO - Processing file /Users/navalyemul/Documents/uptime/airflow_venv/lib/python3.12/site-packages/airflow/example_dags/example_python_decorator.py for tasks to queue
[2026-04-08T13:13:49.063+0530] {logging_mixin.py:190} INFO - [2026-04-08T13:13:49.063+0530] {dagbag.py:588} INFO - Filling up the DagBag from /Users/navalyemul/Documents/uptime/airflow_venv/lib/python3.12/site-packages/airflow/example_dags/example_python_decorator.py
[2026-04-08T13:13:49.083+0530] {logging_mixin.py:190} INFO - [2026-04-08T13:13:49.083+0530] {example_python_decorator.py:80} WARNING - The virtalenv_python example task requires virtualenv, please install it.
[2026-04-08T13:13:49.084+0530] {processor.py:925} INFO - DAG(s) 'example_python_decorator' retrieved from /Users/navalyemul/Documents/uptime/airflow_venv/lib/python3.12/site-packages/airflow/example_dags/example_python_decorator.py
[2026-04-08T13:13:49.124+0530] {logging_mixin.py:190} INFO - [2026-04-08T13:13:49.124+0530] {dag.py:3239} INFO - Sync 1 DAGs
[2026-04-08T13:13:49.129+0530] {logging_mixin.py:190} INFO - [2026-04-08T13:13:49.129+0530] {dag.py:4180} INFO - Setting next_dagrun for example_python_decorator to None, run_after=None
[2026-04-08T13:13:49.138+0530] {processor.py:208} INFO - Processing /Users/navalyemul/Documents/uptime/airflow_venv/lib/python3.12/site-packages/airflow/example_dags/example_python_decorator.py took 0.077 seconds
[2026-04-08T13:16:36.748+0530] {processor.py:186} INFO - Started process (PID=36664) to work on /Users/navalyemul/Documents/uptime/airflow_venv/lib/python3.12/site-packages/airflow/example_dags/example_python_decorator.py
[2026-04-08T13:16:36.749+0530] {processor.py:914} INFO - Processing file /Users/navalyemul/Documents/uptime/airflow_venv/lib/python3.12/site-packages/airflow/example_dags/example_python_decorator.py for tasks to queue
[2026-04-08T13:16:36.749+0530] {logging_mixin.py:190} INFO - [2026-04-08T13:16:36.749+0530] {dagbag.py:588} INFO - Filling up the DagBag from /Users/navalyemul/Documents/uptime/airflow_venv/lib/python3.12/site-packages/airflow/example_dags/example_python_decorator.py
[2026-04-08T13:16:36.770+0530] {logging_mixin.py:190} INFO - [2026-04-08T13:16:36.769+0530] {example_python_decorator.py:80} WARNING - The virtalenv_python example task requires virtualenv, please install it.
[2026-04-08T13:16:36.771+0530] {processor.py:925} INFO - DAG(s) 'example_python_decorator' retrieved from /Users/navalyemul/Documents/uptime/airflow_venv/lib/python3.12/site-packages/airflow/example_dags/example_python_decorator.py
[2026-04-08T13:16:36.811+0530] {logging_mixin.py:190} INFO - [2026-04-08T13:16:36.811+0530] {dag.py:3239} INFO - Sync 1 DAGs
[2026-04-08T13:16:36.816+0530] {logging_mixin.py:190} INFO - [2026-04-08T13:16:36.815+0530] {dag.py:4180} INFO - Setting next_dagrun for example_python_decorator to None, run_after=None
[2026-04-08T13:16:36.825+0530] {processor.py:208} INFO - Processing /Users/navalyemul/Documents/uptime/airflow_venv/lib/python3.12/site-packages/airflow/example_dags/example_python_decorator.py took 0.079 seconds
[2026-04-08T13:19:29.561+0530] {processor.py:186} INFO - Started process (PID=38556) to work on /Users/navalyemul/Documents/uptime/airflow_venv/lib/python3.12/site-packages/airflow/example_dags/example_python_decorator.py
[2026-04-08T13:19:29.562+0530] {processor.py:914} INFO - Processing file /Users/navalyemul/Documents/uptime/airflow_venv/lib/python3.12/site-packages/airflow/example_dags/example_python_decorator.py for tasks to queue
[2026-04-08T13:19:29.562+0530] {logging_mixin.py:190} INFO - [2026-04-08T13:19:29.562+0530] {dagbag.py:588} INFO - Filling up the DagBag from /Users/navalyemul/Documents/uptime/airflow_venv/lib/python3.12/site-packages/airflow/example_dags/example_python_decorator.py
[2026-04-08T13:19:29.583+0530] {logging_mixin.py:190} INFO - [2026-04-08T13:19:29.583+0530] {example_python_decorator.py:80} WARNING - The virtalenv_python example task requires virtualenv, please install it.
[2026-04-08T13:19:29.584+0530] {processor.py:925} INFO - DAG(s) 'example_python_decorator' retrieved from /Users/navalyemul/Documents/uptime/airflow_venv/lib/python3.12/site-packages/airflow/example_dags/example_python_decorator.py
[2026-04-08T13:19:29.626+0530] {logging_mixin.py:190} INFO - [2026-04-08T13:19:29.626+0530] {dag.py:3239} INFO - Sync 1 DAGs
[2026-04-08T13:19:29.631+0530] {logging_mixin.py:190} INFO - [2026-04-08T13:19:29.630+0530] {dag.py:4180} INFO - Setting next_dagrun for example_python_decorator to None, run_after=None
[2026-04-08T13:19:29.639+0530] {processor.py:208} INFO - Processing /Users/navalyemul/Documents/uptime/airflow_venv/lib/python3.12/site-packages/airflow/example_dags/example_python_decorator.py took 0.080 seconds
[2026-04-08T13:29:04.928+0530] {processor.py:186} INFO - Started process (PID=39525) to work on /Users/navalyemul/Documents/uptime/airflow_venv/lib/python3.12/site-packages/airflow/example_dags/example_python_decorator.py
[2026-04-08T13:29:04.928+0530] {processor.py:914} INFO - Processing file /Users/navalyemul/Documents/uptime/airflow_venv/lib/python3.12/site-packages/airflow/example_dags/example_python_decorator.py for tasks to queue
[2026-04-08T13:29:04.929+0530] {logging_mixin.py:190} INFO - [2026-04-08T13:29:04.929+0530] {dagbag.py:588} INFO - Filling up the DagBag from /Users/navalyemul/Documents/uptime/airflow_venv/lib/python3.12/site-packages/airflow/example_dags/example_python_decorator.py
[2026-04-08T13:29:04.949+0530] {logging_mixin.py:190} INFO - [2026-04-08T13:29:04.949+0530] {example_python_decorator.py:80} WARNING - The virtalenv_python example task requires virtualenv, please install it.
[2026-04-08T13:29:04.950+0530] {processor.py:925} INFO - DAG(s) 'example_python_decorator' retrieved from /Users/navalyemul/Documents/uptime/airflow_venv/lib/python3.12/site-packages/airflow/example_dags/example_python_decorator.py
[2026-04-08T13:29:04.990+0530] {logging_mixin.py:190} INFO - [2026-04-08T13:29:04.990+0530] {dag.py:3239} INFO - Sync 1 DAGs
[2026-04-08T13:29:04.994+0530] {logging_mixin.py:190} INFO - [2026-04-08T13:29:04.994+0530] {dag.py:4180} INFO - Setting next_dagrun for example_python_decorator to None, run_after=None
[2026-04-08T13:29:05.002+0530] {processor.py:208} INFO - Processing /Users/navalyemul/Documents/uptime/airflow_venv/lib/python3.12/site-packages/airflow/example_dags/example_python_decorator.py took 0.075 seconds
[2026-04-08T13:34:05.517+0530] {processor.py:186} INFO - Started process (PID=40494) to work on /Users/navalyemul/Documents/uptime/airflow_venv/lib/python3.12/site-packages/airflow/example_dags/example_python_decorator.py
[2026-04-08T13:34:05.517+0530] {processor.py:914} INFO - Processing file /Users/navalyemul/Documents/uptime/airflow_venv/lib/python3.12/site-packages/airflow/example_dags/example_python_decorator.py for tasks to queue
[2026-04-08T13:34:05.518+0530] {logging_mixin.py:190} INFO - [2026-04-08T13:34:05.518+0530] {dagbag.py:588} INFO - Filling up the DagBag from /Users/navalyemul/Documents/uptime/airflow_venv/lib/python3.12/site-packages/airflow/example_dags/example_python_decorator.py
[2026-04-08T13:34:05.539+0530] {logging_mixin.py:190} INFO - [2026-04-08T13:34:05.539+0530] {example_python_decorator.py:80} WARNING - The virtalenv_python example task requires virtualenv, please install it.
[2026-04-08T13:34:05.540+0530] {processor.py:925} INFO - DAG(s) 'example_python_decorator' retrieved from /Users/navalyemul/Documents/uptime/airflow_venv/lib/python3.12/site-packages/airflow/example_dags/example_python_decorator.py
[2026-04-08T13:34:05.579+0530] {logging_mixin.py:190} INFO - [2026-04-08T13:34:05.579+0530] {dag.py:3239} INFO - Sync 1 DAGs
[2026-04-08T13:34:05.583+0530] {logging_mixin.py:190} INFO - [2026-04-08T13:34:05.583+0530] {dag.py:4180} INFO - Setting next_dagrun for example_python_decorator to None, run_after=None
[2026-04-08T13:34:05.591+0530] {processor.py:208} INFO - Processing /Users/navalyemul/Documents/uptime/airflow_venv/lib/python3.12/site-packages/airflow/example_dags/example_python_decorator.py took 0.076 seconds
[2026-04-08T13:35:45.983+0530] {processor.py:186} INFO - Started process (PID=41675) to work on /Users/navalyemul/Documents/uptime/airflow_venv/lib/python3.12/site-packages/airflow/example_dags/example_python_decorator.py
[2026-04-08T13:35:45.983+0530] {processor.py:914} INFO - Processing file /Users/navalyemul/Documents/uptime/airflow_venv/lib/python3.12/site-packages/airflow/example_dags/example_python_decorator.py for tasks to queue
[2026-04-08T13:35:45.984+0530] {logging_mixin.py:190} INFO - [2026-04-08T13:35:45.984+0530] {dagbag.py:588} INFO - Filling up the DagBag from /Users/navalyemul/Documents/uptime/airflow_venv/lib/python3.12/site-packages/airflow/example_dags/example_python_decorator.py
[2026-04-08T13:35:46.003+0530] {logging_mixin.py:190} INFO - [2026-04-08T13:35:46.003+0530] {example_python_decorator.py:80} WARNING - The virtalenv_python example task requires virtualenv, please install it.
[2026-04-08T13:35:46.004+0530] {processor.py:925} INFO - DAG(s) 'example_python_decorator' retrieved from /Users/navalyemul/Documents/uptime/airflow_venv/lib/python3.12/site-packages/airflow/example_dags/example_python_decorator.py
[2026-04-08T13:35:46.044+0530] {logging_mixin.py:190} INFO - [2026-04-08T13:35:46.043+0530] {dag.py:3239} INFO - Sync 1 DAGs
[2026-04-08T13:35:46.048+0530] {logging_mixin.py:190} INFO - [2026-04-08T13:35:46.048+0530] {dag.py:4180} INFO - Setting next_dagrun for example_python_decorator to None, run_after=None
[2026-04-08T13:35:46.056+0530] {processor.py:208} INFO - Processing /Users/navalyemul/Documents/uptime/airflow_venv/lib/python3.12/site-packages/airflow/example_dags/example_python_decorator.py took 0.075 seconds
[2026-04-08T13:46:36.379+0530] {processor.py:186} INFO - Started process (PID=42584) to work on /Users/navalyemul/Documents/uptime/airflow_venv/lib/python3.12/site-packages/airflow/example_dags/example_python_decorator.py
[2026-04-08T13:46:36.380+0530] {processor.py:914} INFO - Processing file /Users/navalyemul/Documents/uptime/airflow_venv/lib/python3.12/site-packages/airflow/example_dags/example_python_decorator.py for tasks to queue
[2026-04-08T13:46:36.380+0530] {logging_mixin.py:190} INFO - [2026-04-08T13:46:36.380+0530] {dagbag.py:588} INFO - Filling up the DagBag from /Users/navalyemul/Documents/uptime/airflow_venv/lib/python3.12/site-packages/airflow/example_dags/example_python_decorator.py
[2026-04-08T13:46:36.400+0530] {logging_mixin.py:190} INFO - [2026-04-08T13:46:36.400+0530] {example_python_decorator.py:80} WARNING - The virtalenv_python example task requires virtualenv, please install it.
[2026-04-08T13:46:36.401+0530] {processor.py:925} INFO - DAG(s) 'example_python_decorator' retrieved from /Users/navalyemul/Documents/uptime/airflow_venv/lib/python3.12/site-packages/airflow/example_dags/example_python_decorator.py
[2026-04-08T13:46:36.441+0530] {logging_mixin.py:190} INFO - [2026-04-08T13:46:36.441+0530] {dag.py:3239} INFO - Sync 1 DAGs
[2026-04-08T13:46:36.445+0530] {logging_mixin.py:190} INFO - [2026-04-08T13:46:36.445+0530] {dag.py:4180} INFO - Setting next_dagrun for example_python_decorator to None, run_after=None
[2026-04-08T13:46:36.453+0530] {processor.py:208} INFO - Processing /Users/navalyemul/Documents/uptime/airflow_venv/lib/python3.12/site-packages/airflow/example_dags/example_python_decorator.py took 0.075 seconds
[2026-04-08T13:54:54.539+0530] {processor.py:186} INFO - Started process (PID=43762) to work on /Users/navalyemul/Documents/uptime/airflow_venv/lib/python3.12/site-packages/airflow/example_dags/example_python_decorator.py
[2026-04-08T13:54:54.540+0530] {processor.py:914} INFO - Processing file /Users/navalyemul/Documents/uptime/airflow_venv/lib/python3.12/site-packages/airflow/example_dags/example_python_decorator.py for tasks to queue
[2026-04-08T13:54:54.541+0530] {logging_mixin.py:190} INFO - [2026-04-08T13:54:54.541+0530] {dagbag.py:588} INFO - Filling up the DagBag from /Users/navalyemul/Documents/uptime/airflow_venv/lib/python3.12/site-packages/airflow/example_dags/example_python_decorator.py
[2026-04-08T13:54:54.563+0530] {logging_mixin.py:190} INFO - [2026-04-08T13:54:54.563+0530] {example_python_decorator.py:80} WARNING - The virtalenv_python example task requires virtualenv, please install it.
[2026-04-08T13:54:54.564+0530] {processor.py:925} INFO - DAG(s) 'example_python_decorator' retrieved from /Users/navalyemul/Documents/uptime/airflow_venv/lib/python3.12/site-packages/airflow/example_dags/example_python_decorator.py
[2026-04-08T13:54:54.607+0530] {logging_mixin.py:190} INFO - [2026-04-08T13:54:54.607+0530] {dag.py:3239} INFO - Sync 1 DAGs
[2026-04-08T13:54:54.612+0530] {logging_mixin.py:190} INFO - [2026-04-08T13:54:54.612+0530] {dag.py:4180} INFO - Setting next_dagrun for example_python_decorator to None, run_after=None
[2026-04-08T13:54:54.622+0530] {processor.py:208} INFO - Processing /Users/navalyemul/Documents/uptime/airflow_venv/lib/python3.12/site-packages/airflow/example_dags/example_python_decorator.py took 0.084 seconds
[2026-04-08T13:56:50.774+0530] {processor.py:186} INFO - Started process (PID=44824) to work on /Users/navalyemul/Documents/uptime/airflow_venv/lib/python3.12/site-packages/airflow/example_dags/example_python_decorator.py
[2026-04-08T13:56:50.776+0530] {processor.py:914} INFO - Processing file /Users/navalyemul/Documents/uptime/airflow_venv/lib/python3.12/site-packages/airflow/example_dags/example_python_decorator.py for tasks to queue
[2026-04-08T13:56:50.776+0530] {logging_mixin.py:190} INFO - [2026-04-08T13:56:50.776+0530] {dagbag.py:588} INFO - Filling up the DagBag from /Users/navalyemul/Documents/uptime/airflow_venv/lib/python3.12/site-packages/airflow/example_dags/example_python_decorator.py
[2026-04-08T13:56:50.799+0530] {logging_mixin.py:190} INFO - [2026-04-08T13:56:50.799+0530] {example_python_decorator.py:80} WARNING - The virtalenv_python example task requires virtualenv, please install it.
[2026-04-08T13:56:50.800+0530] {processor.py:925} INFO - DAG(s) 'example_python_decorator' retrieved from /Users/navalyemul/Documents/uptime/airflow_venv/lib/python3.12/site-packages/airflow/example_dags/example_python_decorator.py
[2026-04-08T13:56:50.844+0530] {logging_mixin.py:190} INFO - [2026-04-08T13:56:50.843+0530] {dag.py:3239} INFO - Sync 1 DAGs
[2026-04-08T13:56:50.848+0530] {logging_mixin.py:190} INFO - [2026-04-08T13:56:50.848+0530] {dag.py:4180} INFO - Setting next_dagrun for example_python_decorator to None, run_after=None
[2026-04-08T13:56:50.857+0530] {processor.py:208} INFO - Processing /Users/navalyemul/Documents/uptime/airflow_venv/lib/python3.12/site-packages/airflow/example_dags/example_python_decorator.py took 0.087 seconds
[2026-04-08T13:58:36.338+0530] {processor.py:186} INFO - Started process (PID=45870) to work on /Users/navalyemul/Documents/uptime/airflow_venv/lib/python3.12/site-packages/airflow/example_dags/example_python_decorator.py
[2026-04-08T13:58:36.339+0530] {processor.py:914} INFO - Processing file /Users/navalyemul/Documents/uptime/airflow_venv/lib/python3.12/site-packages/airflow/example_dags/example_python_decorator.py for tasks to queue
[2026-04-08T13:58:36.340+0530] {logging_mixin.py:190} INFO - [2026-04-08T13:58:36.340+0530] {dagbag.py:588} INFO - Filling up the DagBag from /Users/navalyemul/Documents/uptime/airflow_venv/lib/python3.12/site-packages/airflow/example_dags/example_python_decorator.py
[2026-04-08T13:58:36.369+0530] {logging_mixin.py:190} INFO - [2026-04-08T13:58:36.369+0530] {example_python_decorator.py:80} WARNING - The virtalenv_python example task requires virtualenv, please install it.
[2026-04-08T13:58:36.371+0530] {processor.py:925} INFO - DAG(s) 'example_python_decorator' retrieved from /Users/navalyemul/Documents/uptime/airflow_venv/lib/python3.12/site-packages/airflow/example_dags/example_python_decorator.py
[2026-04-08T13:58:36.420+0530] {logging_mixin.py:190} INFO - [2026-04-08T13:58:36.419+0530] {dag.py:3239} INFO - Sync 1 DAGs
[2026-04-08T13:58:36.424+0530] {logging_mixin.py:190} INFO - [2026-04-08T13:58:36.424+0530] {dag.py:4180} INFO - Setting next_dagrun for example_python_decorator to None, run_after=None
[2026-04-08T13:58:36.434+0530] {processor.py:208} INFO - Processing /Users/navalyemul/Documents/uptime/airflow_venv/lib/python3.12/site-packages/airflow/example_dags/example_python_decorator.py took 0.099 seconds
