[2026-04-08T12:48:03.359+0530] {processor.py:186} INFO - Started process (PID=18216) to work on /Users/navalyemul/Documents/uptime/airflow_venv/lib/python3.12/site-packages/airflow/example_dags/example_branch_datetime_operator.py
[2026-04-08T12:48:03.359+0530] {processor.py:914} INFO - Processing file /Users/navalyemul/Documents/uptime/airflow_venv/lib/python3.12/site-packages/airflow/example_dags/example_branch_datetime_operator.py for tasks to queue
[2026-04-08T12:48:03.360+0530] {logging_mixin.py:190} INFO - [2026-04-08T12:48:03.360+0530] {dagbag.py:588} INFO - Filling up the DagBag from /Users/navalyemul/Documents/uptime/airflow_venv/lib/python3.12/site-packages/airflow/example_dags/example_branch_datetime_operator.py
[2026-04-08T12:48:03.367+0530] {processor.py:925} INFO - DAG(s) 'example_branch_datetime_operator_2', 'example_branch_datetime_operator_3', 'example_branch_datetime_operator' retrieved from /Users/navalyemul/Documents/uptime/airflow_venv/lib/python3.12/site-packages/airflow/example_dags/example_branch_datetime_operator.py
[2026-04-08T12:48:03.447+0530] {logging_mixin.py:190} INFO - [2026-04-08T12:48:03.447+0530] {override.py:1912} INFO - Created Permission View: can delete on DAG:example_branch_datetime_operator_2
[2026-04-08T12:48:03.452+0530] {logging_mixin.py:190} INFO - [2026-04-08T12:48:03.452+0530] {override.py:1912} INFO - Created Permission View: can edit on DAG:example_branch_datetime_operator_2
[2026-04-08T12:48:03.455+0530] {logging_mixin.py:190} INFO - [2026-04-08T12:48:03.455+0530] {override.py:1912} INFO - Created Permission View: can read on DAG:example_branch_datetime_operator_2
[2026-04-08T12:48:03.459+0530] {logging_mixin.py:190} INFO - [2026-04-08T12:48:03.459+0530] {override.py:1912} INFO - Created Permission View: can delete on DAG Run:example_branch_datetime_operator_2
[2026-04-08T12:48:03.461+0530] {logging_mixin.py:190} INFO - [2026-04-08T12:48:03.461+0530] {override.py:1912} INFO - Created Permission View: can create on DAG Run:example_branch_datetime_operator_2
[2026-04-08T12:48:03.464+0530] {logging_mixin.py:190} INFO - [2026-04-08T12:48:03.464+0530] {override.py:1912} INFO - Created Permission View: menu access on DAG Run:example_branch_datetime_operator_2
[2026-04-08T12:48:03.467+0530] {logging_mixin.py:190} INFO - [2026-04-08T12:48:03.467+0530] {override.py:1912} INFO - Created Permission View: can read on DAG Run:example_branch_datetime_operator_2
[2026-04-08T12:48:03.472+0530] {logging_mixin.py:190} INFO - [2026-04-08T12:48:03.472+0530] {override.py:1912} INFO - Created Permission View: can delete on DAG:example_branch_datetime_operator_3
[2026-04-08T12:48:03.475+0530] {logging_mixin.py:190} INFO - [2026-04-08T12:48:03.475+0530] {override.py:1912} INFO - Created Permission View: can edit on DAG:example_branch_datetime_operator_3
[2026-04-08T12:48:03.478+0530] {logging_mixin.py:190} INFO - [2026-04-08T12:48:03.477+0530] {override.py:1912} INFO - Created Permission View: can read on DAG:example_branch_datetime_operator_3
[2026-04-08T12:48:03.481+0530] {logging_mixin.py:190} INFO - [2026-04-08T12:48:03.481+0530] {override.py:1912} INFO - Created Permission View: can delete on DAG Run:example_branch_datetime_operator_3
[2026-04-08T12:48:03.483+0530] {logging_mixin.py:190} INFO - [2026-04-08T12:48:03.483+0530] {override.py:1912} INFO - Created Permission View: can create on DAG Run:example_branch_datetime_operator_3
[2026-04-08T12:48:03.486+0530] {logging_mixin.py:190} INFO - [2026-04-08T12:48:03.485+0530] {override.py:1912} INFO - Created Permission View: menu access on DAG Run:example_branch_datetime_operator_3
[2026-04-08T12:48:03.488+0530] {logging_mixin.py:190} INFO - [2026-04-08T12:48:03.488+0530] {override.py:1912} INFO - Created Permission View: can read on DAG Run:example_branch_datetime_operator_3
[2026-04-08T12:48:03.493+0530] {logging_mixin.py:190} INFO - [2026-04-08T12:48:03.493+0530] {override.py:1912} INFO - Created Permission View: can delete on DAG:example_branch_datetime_operator
[2026-04-08T12:48:03.495+0530] {logging_mixin.py:190} INFO - [2026-04-08T12:48:03.495+0530] {override.py:1912} INFO - Created Permission View: can edit on DAG:example_branch_datetime_operator
[2026-04-08T12:48:03.498+0530] {logging_mixin.py:190} INFO - [2026-04-08T12:48:03.498+0530] {override.py:1912} INFO - Created Permission View: can read on DAG:example_branch_datetime_operator
[2026-04-08T12:48:03.501+0530] {logging_mixin.py:190} INFO - [2026-04-08T12:48:03.501+0530] {override.py:1912} INFO - Created Permission View: can delete on DAG Run:example_branch_datetime_operator
[2026-04-08T12:48:03.504+0530] {logging_mixin.py:190} INFO - [2026-04-08T12:48:03.503+0530] {override.py:1912} INFO - Created Permission View: can create on DAG Run:example_branch_datetime_operator
[2026-04-08T12:48:03.506+0530] {logging_mixin.py:190} INFO - [2026-04-08T12:48:03.506+0530] {override.py:1912} INFO - Created Permission View: menu access on DAG Run:example_branch_datetime_operator
[2026-04-08T12:48:03.509+0530] {logging_mixin.py:190} INFO - [2026-04-08T12:48:03.509+0530] {override.py:1912} INFO - Created Permission View: can read on DAG Run:example_branch_datetime_operator
[2026-04-08T12:48:03.509+0530] {logging_mixin.py:190} INFO - [2026-04-08T12:48:03.509+0530] {dag.py:3239} INFO - Sync 3 DAGs
[2026-04-08T12:48:03.514+0530] {logging_mixin.py:190} INFO - [2026-04-08T12:48:03.514+0530] {dag.py:3262} INFO - Creating ORM DAG for example_branch_datetime_operator
[2026-04-08T12:48:03.514+0530] {logging_mixin.py:190} INFO - [2026-04-08T12:48:03.514+0530] {dag.py:3262} INFO - Creating ORM DAG for example_branch_datetime_operator_3
[2026-04-08T12:48:03.514+0530] {logging_mixin.py:190} INFO - [2026-04-08T12:48:03.514+0530] {dag.py:3262} INFO - Creating ORM DAG for example_branch_datetime_operator_2
[2026-04-08T12:48:03.518+0530] {logging_mixin.py:190} INFO - [2026-04-08T12:48:03.518+0530] {dag.py:4180} INFO - Setting next_dagrun for example_branch_datetime_operator to 2026-04-07 00:00:00+00:00, run_after=2026-04-08 00:00:00+00:00
[2026-04-08T12:48:03.519+0530] {logging_mixin.py:190} INFO - [2026-04-08T12:48:03.519+0530] {dag.py:4180} INFO - Setting next_dagrun for example_branch_datetime_operator_2 to 2026-04-07 00:00:00+00:00, run_after=2026-04-08 00:00:00+00:00
[2026-04-08T12:48:03.519+0530] {logging_mixin.py:190} INFO - [2026-04-08T12:48:03.519+0530] {dag.py:4180} INFO - Setting next_dagrun for example_branch_datetime_operator_3 to 2026-04-07 00:00:00+00:00, run_after=2026-04-08 00:00:00+00:00
[2026-04-08T12:48:03.527+0530] {processor.py:208} INFO - Processing /Users/navalyemul/Documents/uptime/airflow_venv/lib/python3.12/site-packages/airflow/example_dags/example_branch_datetime_operator.py took 0.171 seconds
[2026-04-08T12:50:52.931+0530] {processor.py:186} INFO - Started process (PID=20135) to work on /Users/navalyemul/Documents/uptime/airflow_venv/lib/python3.12/site-packages/airflow/example_dags/example_branch_datetime_operator.py
[2026-04-08T12:50:52.932+0530] {processor.py:914} INFO - Processing file /Users/navalyemul/Documents/uptime/airflow_venv/lib/python3.12/site-packages/airflow/example_dags/example_branch_datetime_operator.py for tasks to queue
[2026-04-08T12:50:52.933+0530] {logging_mixin.py:190} INFO - [2026-04-08T12:50:52.933+0530] {dagbag.py:588} INFO - Filling up the DagBag from /Users/navalyemul/Documents/uptime/airflow_venv/lib/python3.12/site-packages/airflow/example_dags/example_branch_datetime_operator.py
[2026-04-08T12:50:52.942+0530] {processor.py:925} INFO - DAG(s) 'example_branch_datetime_operator_2', 'example_branch_datetime_operator', 'example_branch_datetime_operator_3' retrieved from /Users/navalyemul/Documents/uptime/airflow_venv/lib/python3.12/site-packages/airflow/example_dags/example_branch_datetime_operator.py
[2026-04-08T12:50:53.001+0530] {logging_mixin.py:190} INFO - [2026-04-08T12:50:53.000+0530] {dag.py:3239} INFO - Sync 3 DAGs
[2026-04-08T12:50:53.012+0530] {logging_mixin.py:190} INFO - [2026-04-08T12:50:53.012+0530] {dag.py:4180} INFO - Setting next_dagrun for example_branch_datetime_operator to 2026-04-07 00:00:00+00:00, run_after=2026-04-08 00:00:00+00:00
[2026-04-08T12:50:53.014+0530] {logging_mixin.py:190} INFO - [2026-04-08T12:50:53.014+0530] {dag.py:4180} INFO - Setting next_dagrun for example_branch_datetime_operator_2 to 2026-04-07 00:00:00+00:00, run_after=2026-04-08 00:00:00+00:00
[2026-04-08T12:50:53.015+0530] {logging_mixin.py:190} INFO - [2026-04-08T12:50:53.015+0530] {dag.py:4180} INFO - Setting next_dagrun for example_branch_datetime_operator_3 to 2026-04-07 00:00:00+00:00, run_after=2026-04-08 00:00:00+00:00
[2026-04-08T12:50:53.024+0530] {processor.py:208} INFO - Processing /Users/navalyemul/Documents/uptime/airflow_venv/lib/python3.12/site-packages/airflow/example_dags/example_branch_datetime_operator.py took 0.096 seconds
[2026-04-08T12:54:25.123+0530] {processor.py:186} INFO - Started process (PID=21995) to work on /Users/navalyemul/Documents/uptime/airflow_venv/lib/python3.12/site-packages/airflow/example_dags/example_branch_datetime_operator.py
[2026-04-08T12:54:25.124+0530] {processor.py:914} INFO - Processing file /Users/navalyemul/Documents/uptime/airflow_venv/lib/python3.12/site-packages/airflow/example_dags/example_branch_datetime_operator.py for tasks to queue
[2026-04-08T12:54:25.125+0530] {logging_mixin.py:190} INFO - [2026-04-08T12:54:25.125+0530] {dagbag.py:588} INFO - Filling up the DagBag from /Users/navalyemul/Documents/uptime/airflow_venv/lib/python3.12/site-packages/airflow/example_dags/example_branch_datetime_operator.py
[2026-04-08T12:54:25.131+0530] {processor.py:925} INFO - DAG(s) 'example_branch_datetime_operator', 'example_branch_datetime_operator_2', 'example_branch_datetime_operator_3' retrieved from /Users/navalyemul/Documents/uptime/airflow_venv/lib/python3.12/site-packages/airflow/example_dags/example_branch_datetime_operator.py
[2026-04-08T12:54:25.175+0530] {logging_mixin.py:190} INFO - [2026-04-08T12:54:25.175+0530] {dag.py:3239} INFO - Sync 3 DAGs
[2026-04-08T12:54:25.184+0530] {logging_mixin.py:190} INFO - [2026-04-08T12:54:25.184+0530] {dag.py:4180} INFO - Setting next_dagrun for example_branch_datetime_operator to 2026-04-07 00:00:00+00:00, run_after=2026-04-08 00:00:00+00:00
[2026-04-08T12:54:25.185+0530] {logging_mixin.py:190} INFO - [2026-04-08T12:54:25.185+0530] {dag.py:4180} INFO - Setting next_dagrun for example_branch_datetime_operator_2 to 2026-04-07 00:00:00+00:00, run_after=2026-04-08 00:00:00+00:00
[2026-04-08T12:54:25.186+0530] {logging_mixin.py:190} INFO - [2026-04-08T12:54:25.186+0530] {dag.py:4180} INFO - Setting next_dagrun for example_branch_datetime_operator_3 to 2026-04-07 00:00:00+00:00, run_after=2026-04-08 00:00:00+00:00
[2026-04-08T12:54:25.193+0530] {processor.py:208} INFO - Processing /Users/navalyemul/Documents/uptime/airflow_venv/lib/python3.12/site-packages/airflow/example_dags/example_branch_datetime_operator.py took 0.072 seconds
[2026-04-08T12:57:34.450+0530] {processor.py:186} INFO - Started process (PID=23865) to work on /Users/navalyemul/Documents/uptime/airflow_venv/lib/python3.12/site-packages/airflow/example_dags/example_branch_datetime_operator.py
[2026-04-08T12:57:34.451+0530] {processor.py:914} INFO - Processing file /Users/navalyemul/Documents/uptime/airflow_venv/lib/python3.12/site-packages/airflow/example_dags/example_branch_datetime_operator.py for tasks to queue
[2026-04-08T12:57:34.451+0530] {logging_mixin.py:190} INFO - [2026-04-08T12:57:34.451+0530] {dagbag.py:588} INFO - Filling up the DagBag from /Users/navalyemul/Documents/uptime/airflow_venv/lib/python3.12/site-packages/airflow/example_dags/example_branch_datetime_operator.py
[2026-04-08T12:57:34.461+0530] {processor.py:925} INFO - DAG(s) 'example_branch_datetime_operator_3', 'example_branch_datetime_operator', 'example_branch_datetime_operator_2' retrieved from /Users/navalyemul/Documents/uptime/airflow_venv/lib/python3.12/site-packages/airflow/example_dags/example_branch_datetime_operator.py
[2026-04-08T12:57:34.507+0530] {logging_mixin.py:190} INFO - [2026-04-08T12:57:34.507+0530] {dag.py:3239} INFO - Sync 3 DAGs
[2026-04-08T12:57:34.516+0530] {logging_mixin.py:190} INFO - [2026-04-08T12:57:34.516+0530] {dag.py:4180} INFO - Setting next_dagrun for example_branch_datetime_operator to 2026-04-07 00:00:00+00:00, run_after=2026-04-08 00:00:00+00:00
[2026-04-08T12:57:34.518+0530] {logging_mixin.py:190} INFO - [2026-04-08T12:57:34.518+0530] {dag.py:4180} INFO - Setting next_dagrun for example_branch_datetime_operator_2 to 2026-04-07 00:00:00+00:00, run_after=2026-04-08 00:00:00+00:00
[2026-04-08T12:57:34.519+0530] {logging_mixin.py:190} INFO - [2026-04-08T12:57:34.519+0530] {dag.py:4180} INFO - Setting next_dagrun for example_branch_datetime_operator_3 to 2026-04-07 00:00:00+00:00, run_after=2026-04-08 00:00:00+00:00
[2026-04-08T12:57:34.526+0530] {processor.py:208} INFO - Processing /Users/navalyemul/Documents/uptime/airflow_venv/lib/python3.12/site-packages/airflow/example_dags/example_branch_datetime_operator.py took 0.079 seconds
[2026-04-08T13:00:21.909+0530] {processor.py:186} INFO - Started process (PID=25685) to work on /Users/navalyemul/Documents/uptime/airflow_venv/lib/python3.12/site-packages/airflow/example_dags/example_branch_datetime_operator.py
[2026-04-08T13:00:21.909+0530] {processor.py:914} INFO - Processing file /Users/navalyemul/Documents/uptime/airflow_venv/lib/python3.12/site-packages/airflow/example_dags/example_branch_datetime_operator.py for tasks to queue
[2026-04-08T13:00:21.910+0530] {logging_mixin.py:190} INFO - [2026-04-08T13:00:21.910+0530] {dagbag.py:588} INFO - Filling up the DagBag from /Users/navalyemul/Documents/uptime/airflow_venv/lib/python3.12/site-packages/airflow/example_dags/example_branch_datetime_operator.py
[2026-04-08T13:00:21.916+0530] {processor.py:925} INFO - DAG(s) 'example_branch_datetime_operator_3', 'example_branch_datetime_operator_2', 'example_branch_datetime_operator' retrieved from /Users/navalyemul/Documents/uptime/airflow_venv/lib/python3.12/site-packages/airflow/example_dags/example_branch_datetime_operator.py
[2026-04-08T13:00:21.958+0530] {logging_mixin.py:190} INFO - [2026-04-08T13:00:21.958+0530] {dag.py:3239} INFO - Sync 3 DAGs
[2026-04-08T13:00:21.967+0530] {logging_mixin.py:190} INFO - [2026-04-08T13:00:21.967+0530] {dag.py:4180} INFO - Setting next_dagrun for example_branch_datetime_operator to 2026-04-07 00:00:00+00:00, run_after=2026-04-08 00:00:00+00:00
[2026-04-08T13:00:21.969+0530] {logging_mixin.py:190} INFO - [2026-04-08T13:00:21.969+0530] {dag.py:4180} INFO - Setting next_dagrun for example_branch_datetime_operator_2 to 2026-04-07 00:00:00+00:00, run_after=2026-04-08 00:00:00+00:00
[2026-04-08T13:00:21.969+0530] {logging_mixin.py:190} INFO - [2026-04-08T13:00:21.969+0530] {dag.py:4180} INFO - Setting next_dagrun for example_branch_datetime_operator_3 to 2026-04-07 00:00:00+00:00, run_after=2026-04-08 00:00:00+00:00
[2026-04-08T13:00:21.976+0530] {processor.py:208} INFO - Processing /Users/navalyemul/Documents/uptime/airflow_venv/lib/python3.12/site-packages/airflow/example_dags/example_branch_datetime_operator.py took 0.069 seconds
[2026-04-08T13:03:03.789+0530] {processor.py:186} INFO - Started process (PID=27547) to work on /Users/navalyemul/Documents/uptime/airflow_venv/lib/python3.12/site-packages/airflow/example_dags/example_branch_datetime_operator.py
[2026-04-08T13:03:03.790+0530] {processor.py:914} INFO - Processing file /Users/navalyemul/Documents/uptime/airflow_venv/lib/python3.12/site-packages/airflow/example_dags/example_branch_datetime_operator.py for tasks to queue
[2026-04-08T13:03:03.790+0530] {logging_mixin.py:190} INFO - [2026-04-08T13:03:03.790+0530] {dagbag.py:588} INFO - Filling up the DagBag from /Users/navalyemul/Documents/uptime/airflow_venv/lib/python3.12/site-packages/airflow/example_dags/example_branch_datetime_operator.py
[2026-04-08T13:03:03.796+0530] {processor.py:925} INFO - DAG(s) 'example_branch_datetime_operator', 'example_branch_datetime_operator_3', 'example_branch_datetime_operator_2' retrieved from /Users/navalyemul/Documents/uptime/airflow_venv/lib/python3.12/site-packages/airflow/example_dags/example_branch_datetime_operator.py
[2026-04-08T13:03:03.839+0530] {logging_mixin.py:190} INFO - [2026-04-08T13:03:03.839+0530] {dag.py:3239} INFO - Sync 3 DAGs
[2026-04-08T13:03:03.848+0530] {logging_mixin.py:190} INFO - [2026-04-08T13:03:03.848+0530] {dag.py:4180} INFO - Setting next_dagrun for example_branch_datetime_operator to 2026-04-07 00:00:00+00:00, run_after=2026-04-08 00:00:00+00:00
[2026-04-08T13:03:03.850+0530] {logging_mixin.py:190} INFO - [2026-04-08T13:03:03.850+0530] {dag.py:4180} INFO - Setting next_dagrun for example_branch_datetime_operator_2 to 2026-04-07 00:00:00+00:00, run_after=2026-04-08 00:00:00+00:00
[2026-04-08T13:03:03.851+0530] {logging_mixin.py:190} INFO - [2026-04-08T13:03:03.850+0530] {dag.py:4180} INFO - Setting next_dagrun for example_branch_datetime_operator_3 to 2026-04-07 00:00:00+00:00, run_after=2026-04-08 00:00:00+00:00
[2026-04-08T13:03:03.858+0530] {processor.py:208} INFO - Processing /Users/navalyemul/Documents/uptime/airflow_venv/lib/python3.12/site-packages/airflow/example_dags/example_branch_datetime_operator.py took 0.070 seconds
[2026-04-08T13:05:53.930+0530] {processor.py:186} INFO - Started process (PID=29500) to work on /Users/navalyemul/Documents/uptime/airflow_venv/lib/python3.12/site-packages/airflow/example_dags/example_branch_datetime_operator.py
[2026-04-08T13:05:53.931+0530] {processor.py:914} INFO - Processing file /Users/navalyemul/Documents/uptime/airflow_venv/lib/python3.12/site-packages/airflow/example_dags/example_branch_datetime_operator.py for tasks to queue
[2026-04-08T13:05:53.931+0530] {logging_mixin.py:190} INFO - [2026-04-08T13:05:53.931+0530] {dagbag.py:588} INFO - Filling up the DagBag from /Users/navalyemul/Documents/uptime/airflow_venv/lib/python3.12/site-packages/airflow/example_dags/example_branch_datetime_operator.py
[2026-04-08T13:05:53.938+0530] {processor.py:925} INFO - DAG(s) 'example_branch_datetime_operator_2', 'example_branch_datetime_operator', 'example_branch_datetime_operator_3' retrieved from /Users/navalyemul/Documents/uptime/airflow_venv/lib/python3.12/site-packages/airflow/example_dags/example_branch_datetime_operator.py
[2026-04-08T13:05:53.984+0530] {logging_mixin.py:190} INFO - [2026-04-08T13:05:53.983+0530] {dag.py:3239} INFO - Sync 3 DAGs
[2026-04-08T13:05:53.993+0530] {logging_mixin.py:190} INFO - [2026-04-08T13:05:53.992+0530] {dag.py:4180} INFO - Setting next_dagrun for example_branch_datetime_operator to 2026-04-07 00:00:00+00:00, run_after=2026-04-08 00:00:00+00:00
[2026-04-08T13:05:53.995+0530] {logging_mixin.py:190} INFO - [2026-04-08T13:05:53.995+0530] {dag.py:4180} INFO - Setting next_dagrun for example_branch_datetime_operator_2 to 2026-04-07 00:00:00+00:00, run_after=2026-04-08 00:00:00+00:00
[2026-04-08T13:05:53.996+0530] {logging_mixin.py:190} INFO - [2026-04-08T13:05:53.996+0530] {dag.py:4180} INFO - Setting next_dagrun for example_branch_datetime_operator_3 to 2026-04-07 00:00:00+00:00, run_after=2026-04-08 00:00:00+00:00
[2026-04-08T13:05:54.004+0530] {processor.py:208} INFO - Processing /Users/navalyemul/Documents/uptime/airflow_venv/lib/python3.12/site-packages/airflow/example_dags/example_branch_datetime_operator.py took 0.076 seconds
[2026-04-08T13:08:40.888+0530] {processor.py:186} INFO - Started process (PID=31313) to work on /Users/navalyemul/Documents/uptime/airflow_venv/lib/python3.12/site-packages/airflow/example_dags/example_branch_datetime_operator.py
[2026-04-08T13:08:40.889+0530] {processor.py:914} INFO - Processing file /Users/navalyemul/Documents/uptime/airflow_venv/lib/python3.12/site-packages/airflow/example_dags/example_branch_datetime_operator.py for tasks to queue
[2026-04-08T13:08:40.890+0530] {logging_mixin.py:190} INFO - [2026-04-08T13:08:40.890+0530] {dagbag.py:588} INFO - Filling up the DagBag from /Users/navalyemul/Documents/uptime/airflow_venv/lib/python3.12/site-packages/airflow/example_dags/example_branch_datetime_operator.py
[2026-04-08T13:08:40.896+0530] {processor.py:925} INFO - DAG(s) 'example_branch_datetime_operator_2', 'example_branch_datetime_operator_3', 'example_branch_datetime_operator' retrieved from /Users/navalyemul/Documents/uptime/airflow_venv/lib/python3.12/site-packages/airflow/example_dags/example_branch_datetime_operator.py
[2026-04-08T13:08:40.943+0530] {logging_mixin.py:190} INFO - [2026-04-08T13:08:40.942+0530] {dag.py:3239} INFO - Sync 3 DAGs
[2026-04-08T13:08:40.953+0530] {logging_mixin.py:190} INFO - [2026-04-08T13:08:40.952+0530] {dag.py:4180} INFO - Setting next_dagrun for example_branch_datetime_operator to 2026-04-07 00:00:00+00:00, run_after=2026-04-08 00:00:00+00:00
[2026-04-08T13:08:40.954+0530] {logging_mixin.py:190} INFO - [2026-04-08T13:08:40.954+0530] {dag.py:4180} INFO - Setting next_dagrun for example_branch_datetime_operator_2 to 2026-04-07 00:00:00+00:00, run_after=2026-04-08 00:00:00+00:00
[2026-04-08T13:08:40.957+0530] {logging_mixin.py:190} INFO - [2026-04-08T13:08:40.957+0530] {dag.py:4180} INFO - Setting next_dagrun for example_branch_datetime_operator_3 to 2026-04-07 00:00:00+00:00, run_after=2026-04-08 00:00:00+00:00
[2026-04-08T13:08:40.971+0530] {processor.py:208} INFO - Processing /Users/navalyemul/Documents/uptime/airflow_venv/lib/python3.12/site-packages/airflow/example_dags/example_branch_datetime_operator.py took 0.084 seconds
[2026-04-08T13:11:25.503+0530] {processor.py:186} INFO - Started process (PID=33170) to work on /Users/navalyemul/Documents/uptime/airflow_venv/lib/python3.12/site-packages/airflow/example_dags/example_branch_datetime_operator.py
[2026-04-08T13:11:25.504+0530] {processor.py:914} INFO - Processing file /Users/navalyemul/Documents/uptime/airflow_venv/lib/python3.12/site-packages/airflow/example_dags/example_branch_datetime_operator.py for tasks to queue
[2026-04-08T13:11:25.504+0530] {logging_mixin.py:190} INFO - [2026-04-08T13:11:25.504+0530] {dagbag.py:588} INFO - Filling up the DagBag from /Users/navalyemul/Documents/uptime/airflow_venv/lib/python3.12/site-packages/airflow/example_dags/example_branch_datetime_operator.py
[2026-04-08T13:11:25.510+0530] {processor.py:925} INFO - DAG(s) 'example_branch_datetime_operator_3', 'example_branch_datetime_operator_2', 'example_branch_datetime_operator' retrieved from /Users/navalyemul/Documents/uptime/airflow_venv/lib/python3.12/site-packages/airflow/example_dags/example_branch_datetime_operator.py
[2026-04-08T13:11:25.554+0530] {logging_mixin.py:190} INFO - [2026-04-08T13:11:25.554+0530] {dag.py:3239} INFO - Sync 3 DAGs
[2026-04-08T13:11:25.563+0530] {logging_mixin.py:190} INFO - [2026-04-08T13:11:25.563+0530] {dag.py:4180} INFO - Setting next_dagrun for example_branch_datetime_operator to 2026-04-07 00:00:00+00:00, run_after=2026-04-08 00:00:00+00:00
[2026-04-08T13:11:25.565+0530] {logging_mixin.py:190} INFO - [2026-04-08T13:11:25.565+0530] {dag.py:4180} INFO - Setting next_dagrun for example_branch_datetime_operator_2 to 2026-04-07 00:00:00+00:00, run_after=2026-04-08 00:00:00+00:00
[2026-04-08T13:11:25.566+0530] {logging_mixin.py:190} INFO - [2026-04-08T13:11:25.566+0530] {dag.py:4180} INFO - Setting next_dagrun for example_branch_datetime_operator_3 to 2026-04-07 00:00:00+00:00, run_after=2026-04-08 00:00:00+00:00
[2026-04-08T13:11:25.574+0530] {processor.py:208} INFO - Processing /Users/navalyemul/Documents/uptime/airflow_venv/lib/python3.12/site-packages/airflow/example_dags/example_branch_datetime_operator.py took 0.072 seconds
[2026-04-08T13:14:10.655+0530] {processor.py:186} INFO - Started process (PID=35010) to work on /Users/navalyemul/Documents/uptime/airflow_venv/lib/python3.12/site-packages/airflow/example_dags/example_branch_datetime_operator.py
[2026-04-08T13:14:10.656+0530] {processor.py:914} INFO - Processing file /Users/navalyemul/Documents/uptime/airflow_venv/lib/python3.12/site-packages/airflow/example_dags/example_branch_datetime_operator.py for tasks to queue
[2026-04-08T13:14:10.657+0530] {logging_mixin.py:190} INFO - [2026-04-08T13:14:10.657+0530] {dagbag.py:588} INFO - Filling up the DagBag from /Users/navalyemul/Documents/uptime/airflow_venv/lib/python3.12/site-packages/airflow/example_dags/example_branch_datetime_operator.py
[2026-04-08T13:14:10.663+0530] {processor.py:925} INFO - DAG(s) 'example_branch_datetime_operator_3', 'example_branch_datetime_operator', 'example_branch_datetime_operator_2' retrieved from /Users/navalyemul/Documents/uptime/airflow_venv/lib/python3.12/site-packages/airflow/example_dags/example_branch_datetime_operator.py
[2026-04-08T13:14:10.710+0530] {logging_mixin.py:190} INFO - [2026-04-08T13:14:10.709+0530] {dag.py:3239} INFO - Sync 3 DAGs
[2026-04-08T13:14:10.719+0530] {logging_mixin.py:190} INFO - [2026-04-08T13:14:10.719+0530] {dag.py:4180} INFO - Setting next_dagrun for example_branch_datetime_operator to 2026-04-07 00:00:00+00:00, run_after=2026-04-08 00:00:00+00:00
[2026-04-08T13:14:10.721+0530] {logging_mixin.py:190} INFO - [2026-04-08T13:14:10.721+0530] {dag.py:4180} INFO - Setting next_dagrun for example_branch_datetime_operator_2 to 2026-04-07 00:00:00+00:00, run_after=2026-04-08 00:00:00+00:00
[2026-04-08T13:14:10.722+0530] {logging_mixin.py:190} INFO - [2026-04-08T13:14:10.722+0530] {dag.py:4180} INFO - Setting next_dagrun for example_branch_datetime_operator_3 to 2026-04-07 00:00:00+00:00, run_after=2026-04-08 00:00:00+00:00
[2026-04-08T13:14:10.729+0530] {processor.py:208} INFO - Processing /Users/navalyemul/Documents/uptime/airflow_venv/lib/python3.12/site-packages/airflow/example_dags/example_branch_datetime_operator.py took 0.076 seconds
[2026-04-08T13:16:59.347+0530] {processor.py:186} INFO - Started process (PID=36912) to work on /Users/navalyemul/Documents/uptime/airflow_venv/lib/python3.12/site-packages/airflow/example_dags/example_branch_datetime_operator.py
[2026-04-08T13:16:59.348+0530] {processor.py:914} INFO - Processing file /Users/navalyemul/Documents/uptime/airflow_venv/lib/python3.12/site-packages/airflow/example_dags/example_branch_datetime_operator.py for tasks to queue
[2026-04-08T13:16:59.349+0530] {logging_mixin.py:190} INFO - [2026-04-08T13:16:59.349+0530] {dagbag.py:588} INFO - Filling up the DagBag from /Users/navalyemul/Documents/uptime/airflow_venv/lib/python3.12/site-packages/airflow/example_dags/example_branch_datetime_operator.py
[2026-04-08T13:16:59.355+0530] {processor.py:925} INFO - DAG(s) 'example_branch_datetime_operator_3', 'example_branch_datetime_operator_2', 'example_branch_datetime_operator' retrieved from /Users/navalyemul/Documents/uptime/airflow_venv/lib/python3.12/site-packages/airflow/example_dags/example_branch_datetime_operator.py
[2026-04-08T13:16:59.401+0530] {logging_mixin.py:190} INFO - [2026-04-08T13:16:59.400+0530] {dag.py:3239} INFO - Sync 3 DAGs
[2026-04-08T13:16:59.410+0530] {logging_mixin.py:190} INFO - [2026-04-08T13:16:59.410+0530] {dag.py:4180} INFO - Setting next_dagrun for example_branch_datetime_operator to 2026-04-07 00:00:00+00:00, run_after=2026-04-08 00:00:00+00:00
[2026-04-08T13:16:59.412+0530] {logging_mixin.py:190} INFO - [2026-04-08T13:16:59.412+0530] {dag.py:4180} INFO - Setting next_dagrun for example_branch_datetime_operator_2 to 2026-04-07 00:00:00+00:00, run_after=2026-04-08 00:00:00+00:00
[2026-04-08T13:16:59.413+0530] {logging_mixin.py:190} INFO - [2026-04-08T13:16:59.413+0530] {dag.py:4180} INFO - Setting next_dagrun for example_branch_datetime_operator_3 to 2026-04-07 00:00:00+00:00, run_after=2026-04-08 00:00:00+00:00
[2026-04-08T13:16:59.420+0530] {processor.py:208} INFO - Processing /Users/navalyemul/Documents/uptime/airflow_venv/lib/python3.12/site-packages/airflow/example_dags/example_branch_datetime_operator.py took 0.075 seconds
[2026-04-08T13:20:33.932+0530] {processor.py:186} INFO - Started process (PID=38805) to work on /Users/navalyemul/Documents/uptime/airflow_venv/lib/python3.12/site-packages/airflow/example_dags/example_branch_datetime_operator.py
[2026-04-08T13:20:33.933+0530] {processor.py:914} INFO - Processing file /Users/navalyemul/Documents/uptime/airflow_venv/lib/python3.12/site-packages/airflow/example_dags/example_branch_datetime_operator.py for tasks to queue
[2026-04-08T13:20:33.934+0530] {logging_mixin.py:190} INFO - [2026-04-08T13:20:33.934+0530] {dagbag.py:588} INFO - Filling up the DagBag from /Users/navalyemul/Documents/uptime/airflow_venv/lib/python3.12/site-packages/airflow/example_dags/example_branch_datetime_operator.py
[2026-04-08T13:20:33.940+0530] {processor.py:925} INFO - DAG(s) 'example_branch_datetime_operator', 'example_branch_datetime_operator_3', 'example_branch_datetime_operator_2' retrieved from /Users/navalyemul/Documents/uptime/airflow_venv/lib/python3.12/site-packages/airflow/example_dags/example_branch_datetime_operator.py
[2026-04-08T13:20:33.985+0530] {logging_mixin.py:190} INFO - [2026-04-08T13:20:33.985+0530] {dag.py:3239} INFO - Sync 3 DAGs
[2026-04-08T13:20:33.994+0530] {logging_mixin.py:190} INFO - [2026-04-08T13:20:33.994+0530] {dag.py:4180} INFO - Setting next_dagrun for example_branch_datetime_operator to 2026-04-07 00:00:00+00:00, run_after=2026-04-08 00:00:00+00:00
[2026-04-08T13:20:33.996+0530] {logging_mixin.py:190} INFO - [2026-04-08T13:20:33.996+0530] {dag.py:4180} INFO - Setting next_dagrun for example_branch_datetime_operator_2 to 2026-04-07 00:00:00+00:00, run_after=2026-04-08 00:00:00+00:00
[2026-04-08T13:20:33.997+0530] {logging_mixin.py:190} INFO - [2026-04-08T13:20:33.997+0530] {dag.py:4180} INFO - Setting next_dagrun for example_branch_datetime_operator_3 to 2026-04-07 00:00:00+00:00, run_after=2026-04-08 00:00:00+00:00
[2026-04-08T13:20:34.004+0530] {processor.py:208} INFO - Processing /Users/navalyemul/Documents/uptime/airflow_venv/lib/python3.12/site-packages/airflow/example_dags/example_branch_datetime_operator.py took 0.073 seconds
[2026-04-08T13:34:39.848+0530] {processor.py:186} INFO - Started process (PID=40921) to work on /Users/navalyemul/Documents/uptime/airflow_venv/lib/python3.12/site-packages/airflow/example_dags/example_branch_datetime_operator.py
[2026-04-08T13:34:39.849+0530] {processor.py:914} INFO - Processing file /Users/navalyemul/Documents/uptime/airflow_venv/lib/python3.12/site-packages/airflow/example_dags/example_branch_datetime_operator.py for tasks to queue
[2026-04-08T13:34:39.850+0530] {logging_mixin.py:190} INFO - [2026-04-08T13:34:39.850+0530] {dagbag.py:588} INFO - Filling up the DagBag from /Users/navalyemul/Documents/uptime/airflow_venv/lib/python3.12/site-packages/airflow/example_dags/example_branch_datetime_operator.py
[2026-04-08T13:34:39.856+0530] {processor.py:925} INFO - DAG(s) 'example_branch_datetime_operator', 'example_branch_datetime_operator_2', 'example_branch_datetime_operator_3' retrieved from /Users/navalyemul/Documents/uptime/airflow_venv/lib/python3.12/site-packages/airflow/example_dags/example_branch_datetime_operator.py
[2026-04-08T13:34:39.901+0530] {logging_mixin.py:190} INFO - [2026-04-08T13:34:39.901+0530] {dag.py:3239} INFO - Sync 3 DAGs
[2026-04-08T13:34:39.909+0530] {logging_mixin.py:190} INFO - [2026-04-08T13:34:39.909+0530] {dag.py:4180} INFO - Setting next_dagrun for example_branch_datetime_operator to 2026-04-07 00:00:00+00:00, run_after=2026-04-08 00:00:00+00:00
[2026-04-08T13:34:39.911+0530] {logging_mixin.py:190} INFO - [2026-04-08T13:34:39.911+0530] {dag.py:4180} INFO - Setting next_dagrun for example_branch_datetime_operator_2 to 2026-04-07 00:00:00+00:00, run_after=2026-04-08 00:00:00+00:00
[2026-04-08T13:34:39.912+0530] {logging_mixin.py:190} INFO - [2026-04-08T13:34:39.912+0530] {dag.py:4180} INFO - Setting next_dagrun for example_branch_datetime_operator_3 to 2026-04-07 00:00:00+00:00, run_after=2026-04-08 00:00:00+00:00
[2026-04-08T13:34:39.920+0530] {processor.py:208} INFO - Processing /Users/navalyemul/Documents/uptime/airflow_venv/lib/python3.12/site-packages/airflow/example_dags/example_branch_datetime_operator.py took 0.073 seconds
[2026-04-08T13:53:51.104+0530] {processor.py:186} INFO - Started process (PID=43048) to work on /Users/navalyemul/Documents/uptime/airflow_venv/lib/python3.12/site-packages/airflow/example_dags/example_branch_datetime_operator.py
[2026-04-08T13:53:51.106+0530] {processor.py:914} INFO - Processing file /Users/navalyemul/Documents/uptime/airflow_venv/lib/python3.12/site-packages/airflow/example_dags/example_branch_datetime_operator.py for tasks to queue
[2026-04-08T13:53:51.107+0530] {logging_mixin.py:190} INFO - [2026-04-08T13:53:51.107+0530] {dagbag.py:588} INFO - Filling up the DagBag from /Users/navalyemul/Documents/uptime/airflow_venv/lib/python3.12/site-packages/airflow/example_dags/example_branch_datetime_operator.py
[2026-04-08T13:53:51.121+0530] {processor.py:925} INFO - DAG(s) 'example_branch_datetime_operator_2', 'example_branch_datetime_operator', 'example_branch_datetime_operator_3' retrieved from /Users/navalyemul/Documents/uptime/airflow_venv/lib/python3.12/site-packages/airflow/example_dags/example_branch_datetime_operator.py
[2026-04-08T13:53:51.185+0530] {logging_mixin.py:190} INFO - [2026-04-08T13:53:51.185+0530] {dag.py:3239} INFO - Sync 3 DAGs
[2026-04-08T13:53:51.198+0530] {logging_mixin.py:190} INFO - [2026-04-08T13:53:51.198+0530] {dag.py:4180} INFO - Setting next_dagrun for example_branch_datetime_operator to 2026-04-07 00:00:00+00:00, run_after=2026-04-08 00:00:00+00:00
[2026-04-08T13:53:51.201+0530] {logging_mixin.py:190} INFO - [2026-04-08T13:53:51.200+0530] {dag.py:4180} INFO - Setting next_dagrun for example_branch_datetime_operator_2 to 2026-04-07 00:00:00+00:00, run_after=2026-04-08 00:00:00+00:00
[2026-04-08T13:53:51.202+0530] {logging_mixin.py:190} INFO - [2026-04-08T13:53:51.202+0530] {dag.py:4180} INFO - Setting next_dagrun for example_branch_datetime_operator_3 to 2026-04-07 00:00:00+00:00, run_after=2026-04-08 00:00:00+00:00
[2026-04-08T13:53:51.216+0530] {processor.py:208} INFO - Processing /Users/navalyemul/Documents/uptime/airflow_venv/lib/python3.12/site-packages/airflow/example_dags/example_branch_datetime_operator.py took 0.116 seconds
[2026-04-08T13:57:19.269+0530] {processor.py:186} INFO - Started process (PID=45114) to work on /Users/navalyemul/Documents/uptime/airflow_venv/lib/python3.12/site-packages/airflow/example_dags/example_branch_datetime_operator.py
[2026-04-08T13:57:19.270+0530] {processor.py:914} INFO - Processing file /Users/navalyemul/Documents/uptime/airflow_venv/lib/python3.12/site-packages/airflow/example_dags/example_branch_datetime_operator.py for tasks to queue
[2026-04-08T13:57:19.270+0530] {logging_mixin.py:190} INFO - [2026-04-08T13:57:19.270+0530] {dagbag.py:588} INFO - Filling up the DagBag from /Users/navalyemul/Documents/uptime/airflow_venv/lib/python3.12/site-packages/airflow/example_dags/example_branch_datetime_operator.py
[2026-04-08T13:57:19.278+0530] {processor.py:925} INFO - DAG(s) 'example_branch_datetime_operator_2', 'example_branch_datetime_operator', 'example_branch_datetime_operator_3' retrieved from /Users/navalyemul/Documents/uptime/airflow_venv/lib/python3.12/site-packages/airflow/example_dags/example_branch_datetime_operator.py
[2026-04-08T13:57:19.335+0530] {logging_mixin.py:190} INFO - [2026-04-08T13:57:19.335+0530] {dag.py:3239} INFO - Sync 3 DAGs
[2026-04-08T13:57:19.345+0530] {logging_mixin.py:190} INFO - [2026-04-08T13:57:19.345+0530] {dag.py:4180} INFO - Setting next_dagrun for example_branch_datetime_operator to 2026-04-07 00:00:00+00:00, run_after=2026-04-08 00:00:00+00:00
[2026-04-08T13:57:19.347+0530] {logging_mixin.py:190} INFO - [2026-04-08T13:57:19.347+0530] {dag.py:4180} INFO - Setting next_dagrun for example_branch_datetime_operator_2 to 2026-04-07 00:00:00+00:00, run_after=2026-04-08 00:00:00+00:00
[2026-04-08T13:57:19.348+0530] {logging_mixin.py:190} INFO - [2026-04-08T13:57:19.348+0530] {dag.py:4180} INFO - Setting next_dagrun for example_branch_datetime_operator_3 to 2026-04-07 00:00:00+00:00, run_after=2026-04-08 00:00:00+00:00
[2026-04-08T13:57:19.356+0530] {processor.py:208} INFO - Processing /Users/navalyemul/Documents/uptime/airflow_venv/lib/python3.12/site-packages/airflow/example_dags/example_branch_datetime_operator.py took 0.089 seconds
