[2026-04-08T12:39:49.320+0530] {processor.py:186} INFO - Started process (PID=13494) to work on /Users/navalyemul/Documents/uptime/airflow_venv/lib/python3.12/site-packages/airflow/example_dags/example_task_group.py
[2026-04-08T12:39:49.322+0530] {processor.py:914} INFO - Processing file /Users/navalyemul/Documents/uptime/airflow_venv/lib/python3.12/site-packages/airflow/example_dags/example_task_group.py for tasks to queue
[2026-04-08T12:39:49.323+0530] {logging_mixin.py:190} INFO - [2026-04-08T12:39:49.322+0530] {dagbag.py:588} INFO - Filling up the DagBag from /Users/navalyemul/Documents/uptime/airflow_venv/lib/python3.12/site-packages/airflow/example_dags/example_task_group.py
[2026-04-08T12:39:49.334+0530] {processor.py:925} INFO - DAG(s) 'example_task_group' retrieved from /Users/navalyemul/Documents/uptime/airflow_venv/lib/python3.12/site-packages/airflow/example_dags/example_task_group.py
[2026-04-08T12:39:49.535+0530] {logging_mixin.py:190} INFO - [2026-04-08T12:39:49.535+0530] {override.py:1912} INFO - Created Permission View: can delete on DAG:example_task_group
[2026-04-08T12:39:49.540+0530] {logging_mixin.py:190} INFO - [2026-04-08T12:39:49.540+0530] {override.py:1912} INFO - Created Permission View: can edit on DAG:example_task_group
[2026-04-08T12:39:49.544+0530] {logging_mixin.py:190} INFO - [2026-04-08T12:39:49.543+0530] {override.py:1912} INFO - Created Permission View: can read on DAG:example_task_group
[2026-04-08T12:39:49.548+0530] {logging_mixin.py:190} INFO - [2026-04-08T12:39:49.548+0530] {override.py:1912} INFO - Created Permission View: can delete on DAG Run:example_task_group
[2026-04-08T12:39:49.551+0530] {logging_mixin.py:190} INFO - [2026-04-08T12:39:49.550+0530] {override.py:1912} INFO - Created Permission View: can create on DAG Run:example_task_group
[2026-04-08T12:39:49.553+0530] {logging_mixin.py:190} INFO - [2026-04-08T12:39:49.553+0530] {override.py:1912} INFO - Created Permission View: can read on DAG Run:example_task_group
[2026-04-08T12:39:49.557+0530] {logging_mixin.py:190} INFO - [2026-04-08T12:39:49.556+0530] {override.py:1912} INFO - Created Permission View: menu access on DAG Run:example_task_group
[2026-04-08T12:39:49.557+0530] {logging_mixin.py:190} INFO - [2026-04-08T12:39:49.557+0530] {dag.py:3239} INFO - Sync 1 DAGs
[2026-04-08T12:39:49.563+0530] {logging_mixin.py:190} INFO - [2026-04-08T12:39:49.563+0530] {dag.py:3262} INFO - Creating ORM DAG for example_task_group
[2026-04-08T12:39:49.563+0530] {logging_mixin.py:190} INFO - [2026-04-08T12:39:49.563+0530] {dag.py:4180} INFO - Setting next_dagrun for example_task_group to None, run_after=None
[2026-04-08T12:39:49.575+0530] {processor.py:208} INFO - Processing /Users/navalyemul/Documents/uptime/airflow_venv/lib/python3.12/site-packages/airflow/example_dags/example_task_group.py took 0.257 seconds
[2026-04-08T12:44:10.506+0530] {processor.py:186} INFO - Started process (PID=15778) to work on /Users/navalyemul/Documents/uptime/airflow_venv/lib/python3.12/site-packages/airflow/example_dags/example_task_group.py
[2026-04-08T12:44:10.508+0530] {processor.py:914} INFO - Processing file /Users/navalyemul/Documents/uptime/airflow_venv/lib/python3.12/site-packages/airflow/example_dags/example_task_group.py for tasks to queue
[2026-04-08T12:44:10.509+0530] {logging_mixin.py:190} INFO - [2026-04-08T12:44:10.508+0530] {dagbag.py:588} INFO - Filling up the DagBag from /Users/navalyemul/Documents/uptime/airflow_venv/lib/python3.12/site-packages/airflow/example_dags/example_task_group.py
[2026-04-08T12:44:10.517+0530] {processor.py:925} INFO - DAG(s) 'example_task_group' retrieved from /Users/navalyemul/Documents/uptime/airflow_venv/lib/python3.12/site-packages/airflow/example_dags/example_task_group.py
[2026-04-08T12:44:10.568+0530] {logging_mixin.py:190} INFO - [2026-04-08T12:44:10.568+0530] {dag.py:3239} INFO - Sync 1 DAGs
[2026-04-08T12:44:10.574+0530] {logging_mixin.py:190} INFO - [2026-04-08T12:44:10.574+0530] {dag.py:4180} INFO - Setting next_dagrun for example_task_group to None, run_after=None
[2026-04-08T12:44:10.583+0530] {processor.py:208} INFO - Processing /Users/navalyemul/Documents/uptime/airflow_venv/lib/python3.12/site-packages/airflow/example_dags/example_task_group.py took 0.079 seconds
[2026-04-08T12:46:48.515+0530] {processor.py:186} INFO - Started process (PID=17348) to work on /Users/navalyemul/Documents/uptime/airflow_venv/lib/python3.12/site-packages/airflow/example_dags/example_task_group.py
[2026-04-08T12:46:48.516+0530] {processor.py:914} INFO - Processing file /Users/navalyemul/Documents/uptime/airflow_venv/lib/python3.12/site-packages/airflow/example_dags/example_task_group.py for tasks to queue
[2026-04-08T12:46:48.517+0530] {logging_mixin.py:190} INFO - [2026-04-08T12:46:48.517+0530] {dagbag.py:588} INFO - Filling up the DagBag from /Users/navalyemul/Documents/uptime/airflow_venv/lib/python3.12/site-packages/airflow/example_dags/example_task_group.py
[2026-04-08T12:46:48.522+0530] {processor.py:925} INFO - DAG(s) 'example_task_group' retrieved from /Users/navalyemul/Documents/uptime/airflow_venv/lib/python3.12/site-packages/airflow/example_dags/example_task_group.py
[2026-04-08T12:46:48.567+0530] {logging_mixin.py:190} INFO - [2026-04-08T12:46:48.567+0530] {dag.py:3239} INFO - Sync 1 DAGs
[2026-04-08T12:46:48.573+0530] {logging_mixin.py:190} INFO - [2026-04-08T12:46:48.572+0530] {dag.py:4180} INFO - Setting next_dagrun for example_task_group to None, run_after=None
[2026-04-08T12:46:48.584+0530] {processor.py:208} INFO - Processing /Users/navalyemul/Documents/uptime/airflow_venv/lib/python3.12/site-packages/airflow/example_dags/example_task_group.py took 0.071 seconds
[2026-04-08T12:48:45.101+0530] {processor.py:186} INFO - Started process (PID=18682) to work on /Users/navalyemul/Documents/uptime/airflow_venv/lib/python3.12/site-packages/airflow/example_dags/example_task_group.py
[2026-04-08T12:48:45.102+0530] {processor.py:914} INFO - Processing file /Users/navalyemul/Documents/uptime/airflow_venv/lib/python3.12/site-packages/airflow/example_dags/example_task_group.py for tasks to queue
[2026-04-08T12:48:45.103+0530] {logging_mixin.py:190} INFO - [2026-04-08T12:48:45.102+0530] {dagbag.py:588} INFO - Filling up the DagBag from /Users/navalyemul/Documents/uptime/airflow_venv/lib/python3.12/site-packages/airflow/example_dags/example_task_group.py
[2026-04-08T12:48:45.107+0530] {processor.py:925} INFO - DAG(s) 'example_task_group' retrieved from /Users/navalyemul/Documents/uptime/airflow_venv/lib/python3.12/site-packages/airflow/example_dags/example_task_group.py
[2026-04-08T12:48:45.149+0530] {logging_mixin.py:190} INFO - [2026-04-08T12:48:45.148+0530] {dag.py:3239} INFO - Sync 1 DAGs
[2026-04-08T12:48:45.153+0530] {logging_mixin.py:190} INFO - [2026-04-08T12:48:45.153+0530] {dag.py:4180} INFO - Setting next_dagrun for example_task_group to None, run_after=None
[2026-04-08T12:48:45.161+0530] {processor.py:208} INFO - Processing /Users/navalyemul/Documents/uptime/airflow_venv/lib/python3.12/site-packages/airflow/example_dags/example_task_group.py took 0.062 seconds
[2026-04-08T12:50:07.918+0530] {processor.py:186} INFO - Started process (PID=19638) to work on /Users/navalyemul/Documents/uptime/airflow_venv/lib/python3.12/site-packages/airflow/example_dags/example_task_group.py
[2026-04-08T12:50:07.919+0530] {processor.py:914} INFO - Processing file /Users/navalyemul/Documents/uptime/airflow_venv/lib/python3.12/site-packages/airflow/example_dags/example_task_group.py for tasks to queue
[2026-04-08T12:50:07.919+0530] {logging_mixin.py:190} INFO - [2026-04-08T12:50:07.919+0530] {dagbag.py:588} INFO - Filling up the DagBag from /Users/navalyemul/Documents/uptime/airflow_venv/lib/python3.12/site-packages/airflow/example_dags/example_task_group.py
[2026-04-08T12:50:07.924+0530] {processor.py:925} INFO - DAG(s) 'example_task_group' retrieved from /Users/navalyemul/Documents/uptime/airflow_venv/lib/python3.12/site-packages/airflow/example_dags/example_task_group.py
[2026-04-08T12:50:07.965+0530] {logging_mixin.py:190} INFO - [2026-04-08T12:50:07.965+0530] {dag.py:3239} INFO - Sync 1 DAGs
[2026-04-08T12:50:07.970+0530] {logging_mixin.py:190} INFO - [2026-04-08T12:50:07.970+0530] {dag.py:4180} INFO - Setting next_dagrun for example_task_group to None, run_after=None
[2026-04-08T12:50:07.979+0530] {processor.py:208} INFO - Processing /Users/navalyemul/Documents/uptime/airflow_venv/lib/python3.12/site-packages/airflow/example_dags/example_task_group.py took 0.063 seconds
[2026-04-08T12:51:41.148+0530] {processor.py:186} INFO - Started process (PID=20581) to work on /Users/navalyemul/Documents/uptime/airflow_venv/lib/python3.12/site-packages/airflow/example_dags/example_task_group.py
[2026-04-08T12:51:41.149+0530] {processor.py:914} INFO - Processing file /Users/navalyemul/Documents/uptime/airflow_venv/lib/python3.12/site-packages/airflow/example_dags/example_task_group.py for tasks to queue
[2026-04-08T12:51:41.149+0530] {logging_mixin.py:190} INFO - [2026-04-08T12:51:41.149+0530] {dagbag.py:588} INFO - Filling up the DagBag from /Users/navalyemul/Documents/uptime/airflow_venv/lib/python3.12/site-packages/airflow/example_dags/example_task_group.py
[2026-04-08T12:51:41.154+0530] {processor.py:925} INFO - DAG(s) 'example_task_group' retrieved from /Users/navalyemul/Documents/uptime/airflow_venv/lib/python3.12/site-packages/airflow/example_dags/example_task_group.py
[2026-04-08T12:51:41.196+0530] {logging_mixin.py:190} INFO - [2026-04-08T12:51:41.196+0530] {dag.py:3239} INFO - Sync 1 DAGs
[2026-04-08T12:51:41.201+0530] {logging_mixin.py:190} INFO - [2026-04-08T12:51:41.201+0530] {dag.py:4180} INFO - Setting next_dagrun for example_task_group to None, run_after=None
[2026-04-08T12:51:41.210+0530] {processor.py:208} INFO - Processing /Users/navalyemul/Documents/uptime/airflow_venv/lib/python3.12/site-packages/airflow/example_dags/example_task_group.py took 0.064 seconds
[2026-04-08T12:53:25.413+0530] {processor.py:186} INFO - Started process (PID=21532) to work on /Users/navalyemul/Documents/uptime/airflow_venv/lib/python3.12/site-packages/airflow/example_dags/example_task_group.py
[2026-04-08T12:53:25.415+0530] {processor.py:914} INFO - Processing file /Users/navalyemul/Documents/uptime/airflow_venv/lib/python3.12/site-packages/airflow/example_dags/example_task_group.py for tasks to queue
[2026-04-08T12:53:25.417+0530] {logging_mixin.py:190} INFO - [2026-04-08T12:53:25.416+0530] {dagbag.py:588} INFO - Filling up the DagBag from /Users/navalyemul/Documents/uptime/airflow_venv/lib/python3.12/site-packages/airflow/example_dags/example_task_group.py
[2026-04-08T12:53:25.426+0530] {processor.py:925} INFO - DAG(s) 'example_task_group' retrieved from /Users/navalyemul/Documents/uptime/airflow_venv/lib/python3.12/site-packages/airflow/example_dags/example_task_group.py
[2026-04-08T12:53:25.478+0530] {logging_mixin.py:190} INFO - [2026-04-08T12:53:25.478+0530] {dag.py:3239} INFO - Sync 1 DAGs
[2026-04-08T12:53:25.486+0530] {logging_mixin.py:190} INFO - [2026-04-08T12:53:25.485+0530] {dag.py:4180} INFO - Setting next_dagrun for example_task_group to None, run_after=None
[2026-04-08T12:53:25.496+0530] {processor.py:208} INFO - Processing /Users/navalyemul/Documents/uptime/airflow_venv/lib/python3.12/site-packages/airflow/example_dags/example_task_group.py took 0.087 seconds
[2026-04-08T12:55:16.751+0530] {processor.py:186} INFO - Started process (PID=22417) to work on /Users/navalyemul/Documents/uptime/airflow_venv/lib/python3.12/site-packages/airflow/example_dags/example_task_group.py
[2026-04-08T12:55:16.753+0530] {processor.py:914} INFO - Processing file /Users/navalyemul/Documents/uptime/airflow_venv/lib/python3.12/site-packages/airflow/example_dags/example_task_group.py for tasks to queue
[2026-04-08T12:55:16.756+0530] {logging_mixin.py:190} INFO - [2026-04-08T12:55:16.756+0530] {dagbag.py:588} INFO - Filling up the DagBag from /Users/navalyemul/Documents/uptime/airflow_venv/lib/python3.12/site-packages/airflow/example_dags/example_task_group.py
[2026-04-08T12:55:16.767+0530] {processor.py:925} INFO - DAG(s) 'example_task_group' retrieved from /Users/navalyemul/Documents/uptime/airflow_venv/lib/python3.12/site-packages/airflow/example_dags/example_task_group.py
[2026-04-08T12:55:16.827+0530] {logging_mixin.py:190} INFO - [2026-04-08T12:55:16.827+0530] {dag.py:3239} INFO - Sync 1 DAGs
[2026-04-08T12:55:16.832+0530] {logging_mixin.py:190} INFO - [2026-04-08T12:55:16.832+0530] {dag.py:4180} INFO - Setting next_dagrun for example_task_group to None, run_after=None
[2026-04-08T12:55:16.843+0530] {processor.py:208} INFO - Processing /Users/navalyemul/Documents/uptime/airflow_venv/lib/python3.12/site-packages/airflow/example_dags/example_task_group.py took 0.094 seconds
[2026-04-08T12:56:50.317+0530] {processor.py:186} INFO - Started process (PID=23385) to work on /Users/navalyemul/Documents/uptime/airflow_venv/lib/python3.12/site-packages/airflow/example_dags/example_task_group.py
[2026-04-08T12:56:50.318+0530] {processor.py:914} INFO - Processing file /Users/navalyemul/Documents/uptime/airflow_venv/lib/python3.12/site-packages/airflow/example_dags/example_task_group.py for tasks to queue
[2026-04-08T12:56:50.318+0530] {logging_mixin.py:190} INFO - [2026-04-08T12:56:50.318+0530] {dagbag.py:588} INFO - Filling up the DagBag from /Users/navalyemul/Documents/uptime/airflow_venv/lib/python3.12/site-packages/airflow/example_dags/example_task_group.py
[2026-04-08T12:56:50.322+0530] {processor.py:925} INFO - DAG(s) 'example_task_group' retrieved from /Users/navalyemul/Documents/uptime/airflow_venv/lib/python3.12/site-packages/airflow/example_dags/example_task_group.py
[2026-04-08T12:56:50.364+0530] {logging_mixin.py:190} INFO - [2026-04-08T12:56:50.364+0530] {dag.py:3239} INFO - Sync 1 DAGs
[2026-04-08T12:56:50.369+0530] {logging_mixin.py:190} INFO - [2026-04-08T12:56:50.369+0530] {dag.py:4180} INFO - Setting next_dagrun for example_task_group to None, run_after=None
[2026-04-08T12:56:50.379+0530] {processor.py:208} INFO - Processing /Users/navalyemul/Documents/uptime/airflow_venv/lib/python3.12/site-packages/airflow/example_dags/example_task_group.py took 0.064 seconds
[2026-04-08T12:58:17.318+0530] {processor.py:186} INFO - Started process (PID=24311) to work on /Users/navalyemul/Documents/uptime/airflow_venv/lib/python3.12/site-packages/airflow/example_dags/example_task_group.py
[2026-04-08T12:58:17.319+0530] {processor.py:914} INFO - Processing file /Users/navalyemul/Documents/uptime/airflow_venv/lib/python3.12/site-packages/airflow/example_dags/example_task_group.py for tasks to queue
[2026-04-08T12:58:17.320+0530] {logging_mixin.py:190} INFO - [2026-04-08T12:58:17.320+0530] {dagbag.py:588} INFO - Filling up the DagBag from /Users/navalyemul/Documents/uptime/airflow_venv/lib/python3.12/site-packages/airflow/example_dags/example_task_group.py
[2026-04-08T12:58:17.341+0530] {processor.py:925} INFO - DAG(s) 'example_task_group' retrieved from /Users/navalyemul/Documents/uptime/airflow_venv/lib/python3.12/site-packages/airflow/example_dags/example_task_group.py
[2026-04-08T12:58:17.460+0530] {logging_mixin.py:190} INFO - [2026-04-08T12:58:17.460+0530] {dag.py:3239} INFO - Sync 1 DAGs
[2026-04-08T12:58:17.466+0530] {logging_mixin.py:190} INFO - [2026-04-08T12:58:17.466+0530] {dag.py:4180} INFO - Setting next_dagrun for example_task_group to None, run_after=None
[2026-04-08T12:58:17.485+0530] {processor.py:208} INFO - Processing /Users/navalyemul/Documents/uptime/airflow_venv/lib/python3.12/site-packages/airflow/example_dags/example_task_group.py took 0.173 seconds
[2026-04-08T12:59:42.335+0530] {processor.py:186} INFO - Started process (PID=25226) to work on /Users/navalyemul/Documents/uptime/airflow_venv/lib/python3.12/site-packages/airflow/example_dags/example_task_group.py
[2026-04-08T12:59:42.336+0530] {processor.py:914} INFO - Processing file /Users/navalyemul/Documents/uptime/airflow_venv/lib/python3.12/site-packages/airflow/example_dags/example_task_group.py for tasks to queue
[2026-04-08T12:59:42.336+0530] {logging_mixin.py:190} INFO - [2026-04-08T12:59:42.336+0530] {dagbag.py:588} INFO - Filling up the DagBag from /Users/navalyemul/Documents/uptime/airflow_venv/lib/python3.12/site-packages/airflow/example_dags/example_task_group.py
[2026-04-08T12:59:42.341+0530] {processor.py:925} INFO - DAG(s) 'example_task_group' retrieved from /Users/navalyemul/Documents/uptime/airflow_venv/lib/python3.12/site-packages/airflow/example_dags/example_task_group.py
[2026-04-08T12:59:42.383+0530] {logging_mixin.py:190} INFO - [2026-04-08T12:59:42.383+0530] {dag.py:3239} INFO - Sync 1 DAGs
[2026-04-08T12:59:42.388+0530] {logging_mixin.py:190} INFO - [2026-04-08T12:59:42.388+0530] {dag.py:4180} INFO - Setting next_dagrun for example_task_group to None, run_after=None
[2026-04-08T12:59:42.396+0530] {processor.py:208} INFO - Processing /Users/navalyemul/Documents/uptime/airflow_venv/lib/python3.12/site-packages/airflow/example_dags/example_task_group.py took 0.064 seconds
[2026-04-08T13:01:03.518+0530] {processor.py:186} INFO - Started process (PID=26166) to work on /Users/navalyemul/Documents/uptime/airflow_venv/lib/python3.12/site-packages/airflow/example_dags/example_task_group.py
[2026-04-08T13:01:03.519+0530] {processor.py:914} INFO - Processing file /Users/navalyemul/Documents/uptime/airflow_venv/lib/python3.12/site-packages/airflow/example_dags/example_task_group.py for tasks to queue
[2026-04-08T13:01:03.519+0530] {logging_mixin.py:190} INFO - [2026-04-08T13:01:03.519+0530] {dagbag.py:588} INFO - Filling up the DagBag from /Users/navalyemul/Documents/uptime/airflow_venv/lib/python3.12/site-packages/airflow/example_dags/example_task_group.py
[2026-04-08T13:01:03.524+0530] {processor.py:925} INFO - DAG(s) 'example_task_group' retrieved from /Users/navalyemul/Documents/uptime/airflow_venv/lib/python3.12/site-packages/airflow/example_dags/example_task_group.py
[2026-04-08T13:01:03.564+0530] {logging_mixin.py:190} INFO - [2026-04-08T13:01:03.564+0530] {dag.py:3239} INFO - Sync 1 DAGs
[2026-04-08T13:01:03.569+0530] {logging_mixin.py:190} INFO - [2026-04-08T13:01:03.568+0530] {dag.py:4180} INFO - Setting next_dagrun for example_task_group to None, run_after=None
[2026-04-08T13:01:03.577+0530] {processor.py:208} INFO - Processing /Users/navalyemul/Documents/uptime/airflow_venv/lib/python3.12/site-packages/airflow/example_dags/example_task_group.py took 0.061 seconds
[2026-04-08T13:02:23.254+0530] {processor.py:186} INFO - Started process (PID=27077) to work on /Users/navalyemul/Documents/uptime/airflow_venv/lib/python3.12/site-packages/airflow/example_dags/example_task_group.py
[2026-04-08T13:02:23.255+0530] {processor.py:914} INFO - Processing file /Users/navalyemul/Documents/uptime/airflow_venv/lib/python3.12/site-packages/airflow/example_dags/example_task_group.py for tasks to queue
[2026-04-08T13:02:23.256+0530] {logging_mixin.py:190} INFO - [2026-04-08T13:02:23.256+0530] {dagbag.py:588} INFO - Filling up the DagBag from /Users/navalyemul/Documents/uptime/airflow_venv/lib/python3.12/site-packages/airflow/example_dags/example_task_group.py
[2026-04-08T13:02:23.260+0530] {processor.py:925} INFO - DAG(s) 'example_task_group' retrieved from /Users/navalyemul/Documents/uptime/airflow_venv/lib/python3.12/site-packages/airflow/example_dags/example_task_group.py
[2026-04-08T13:02:23.303+0530] {logging_mixin.py:190} INFO - [2026-04-08T13:02:23.303+0530] {dag.py:3239} INFO - Sync 1 DAGs
[2026-04-08T13:02:23.308+0530] {logging_mixin.py:190} INFO - [2026-04-08T13:02:23.308+0530] {dag.py:4180} INFO - Setting next_dagrun for example_task_group to None, run_after=None
[2026-04-08T13:02:23.318+0530] {processor.py:208} INFO - Processing /Users/navalyemul/Documents/uptime/airflow_venv/lib/python3.12/site-packages/airflow/example_dags/example_task_group.py took 0.066 seconds
[2026-04-08T13:03:47.001+0530] {processor.py:186} INFO - Started process (PID=28094) to work on /Users/navalyemul/Documents/uptime/airflow_venv/lib/python3.12/site-packages/airflow/example_dags/example_task_group.py
[2026-04-08T13:03:47.002+0530] {processor.py:914} INFO - Processing file /Users/navalyemul/Documents/uptime/airflow_venv/lib/python3.12/site-packages/airflow/example_dags/example_task_group.py for tasks to queue
[2026-04-08T13:03:47.003+0530] {logging_mixin.py:190} INFO - [2026-04-08T13:03:47.002+0530] {dagbag.py:588} INFO - Filling up the DagBag from /Users/navalyemul/Documents/uptime/airflow_venv/lib/python3.12/site-packages/airflow/example_dags/example_task_group.py
[2026-04-08T13:03:47.009+0530] {processor.py:925} INFO - DAG(s) 'example_task_group' retrieved from /Users/navalyemul/Documents/uptime/airflow_venv/lib/python3.12/site-packages/airflow/example_dags/example_task_group.py
[2026-04-08T13:03:47.058+0530] {logging_mixin.py:190} INFO - [2026-04-08T13:03:47.058+0530] {dag.py:3239} INFO - Sync 1 DAGs
[2026-04-08T13:03:47.064+0530] {logging_mixin.py:190} INFO - [2026-04-08T13:03:47.064+0530] {dag.py:4180} INFO - Setting next_dagrun for example_task_group to None, run_after=None
[2026-04-08T13:03:47.074+0530] {processor.py:208} INFO - Processing /Users/navalyemul/Documents/uptime/airflow_venv/lib/python3.12/site-packages/airflow/example_dags/example_task_group.py took 0.075 seconds
[2026-04-08T13:05:12.118+0530] {processor.py:186} INFO - Started process (PID=29043) to work on /Users/navalyemul/Documents/uptime/airflow_venv/lib/python3.12/site-packages/airflow/example_dags/example_task_group.py
[2026-04-08T13:05:12.118+0530] {processor.py:914} INFO - Processing file /Users/navalyemul/Documents/uptime/airflow_venv/lib/python3.12/site-packages/airflow/example_dags/example_task_group.py for tasks to queue
[2026-04-08T13:05:12.119+0530] {logging_mixin.py:190} INFO - [2026-04-08T13:05:12.119+0530] {dagbag.py:588} INFO - Filling up the DagBag from /Users/navalyemul/Documents/uptime/airflow_venv/lib/python3.12/site-packages/airflow/example_dags/example_task_group.py
[2026-04-08T13:05:12.124+0530] {processor.py:925} INFO - DAG(s) 'example_task_group' retrieved from /Users/navalyemul/Documents/uptime/airflow_venv/lib/python3.12/site-packages/airflow/example_dags/example_task_group.py
[2026-04-08T13:05:12.168+0530] {logging_mixin.py:190} INFO - [2026-04-08T13:05:12.168+0530] {dag.py:3239} INFO - Sync 1 DAGs
[2026-04-08T13:05:12.173+0530] {logging_mixin.py:190} INFO - [2026-04-08T13:05:12.173+0530] {dag.py:4180} INFO - Setting next_dagrun for example_task_group to None, run_after=None
[2026-04-08T13:05:12.183+0530] {processor.py:208} INFO - Processing /Users/navalyemul/Documents/uptime/airflow_venv/lib/python3.12/site-packages/airflow/example_dags/example_task_group.py took 0.067 seconds
[2026-04-08T13:06:36.771+0530] {processor.py:186} INFO - Started process (PID=29960) to work on /Users/navalyemul/Documents/uptime/airflow_venv/lib/python3.12/site-packages/airflow/example_dags/example_task_group.py
[2026-04-08T13:06:36.772+0530] {processor.py:914} INFO - Processing file /Users/navalyemul/Documents/uptime/airflow_venv/lib/python3.12/site-packages/airflow/example_dags/example_task_group.py for tasks to queue
[2026-04-08T13:06:36.773+0530] {logging_mixin.py:190} INFO - [2026-04-08T13:06:36.773+0530] {dagbag.py:588} INFO - Filling up the DagBag from /Users/navalyemul/Documents/uptime/airflow_venv/lib/python3.12/site-packages/airflow/example_dags/example_task_group.py
[2026-04-08T13:06:36.778+0530] {processor.py:925} INFO - DAG(s) 'example_task_group' retrieved from /Users/navalyemul/Documents/uptime/airflow_venv/lib/python3.12/site-packages/airflow/example_dags/example_task_group.py
[2026-04-08T13:06:36.821+0530] {logging_mixin.py:190} INFO - [2026-04-08T13:06:36.821+0530] {dag.py:3239} INFO - Sync 1 DAGs
[2026-04-08T13:06:36.825+0530] {logging_mixin.py:190} INFO - [2026-04-08T13:06:36.825+0530] {dag.py:4180} INFO - Setting next_dagrun for example_task_group to None, run_after=None
[2026-04-08T13:06:36.834+0530] {processor.py:208} INFO - Processing /Users/navalyemul/Documents/uptime/airflow_venv/lib/python3.12/site-packages/airflow/example_dags/example_task_group.py took 0.064 seconds
[2026-04-08T13:07:59.093+0530] {processor.py:186} INFO - Started process (PID=30860) to work on /Users/navalyemul/Documents/uptime/airflow_venv/lib/python3.12/site-packages/airflow/example_dags/example_task_group.py
[2026-04-08T13:07:59.094+0530] {processor.py:914} INFO - Processing file /Users/navalyemul/Documents/uptime/airflow_venv/lib/python3.12/site-packages/airflow/example_dags/example_task_group.py for tasks to queue
[2026-04-08T13:07:59.095+0530] {logging_mixin.py:190} INFO - [2026-04-08T13:07:59.095+0530] {dagbag.py:588} INFO - Filling up the DagBag from /Users/navalyemul/Documents/uptime/airflow_venv/lib/python3.12/site-packages/airflow/example_dags/example_task_group.py
[2026-04-08T13:07:59.101+0530] {processor.py:925} INFO - DAG(s) 'example_task_group' retrieved from /Users/navalyemul/Documents/uptime/airflow_venv/lib/python3.12/site-packages/airflow/example_dags/example_task_group.py
[2026-04-08T13:07:59.145+0530] {logging_mixin.py:190} INFO - [2026-04-08T13:07:59.145+0530] {dag.py:3239} INFO - Sync 1 DAGs
[2026-04-08T13:07:59.150+0530] {logging_mixin.py:190} INFO - [2026-04-08T13:07:59.150+0530] {dag.py:4180} INFO - Setting next_dagrun for example_task_group to None, run_after=None
[2026-04-08T13:07:59.161+0530] {processor.py:208} INFO - Processing /Users/navalyemul/Documents/uptime/airflow_venv/lib/python3.12/site-packages/airflow/example_dags/example_task_group.py took 0.070 seconds
[2026-04-08T13:09:20.987+0530] {processor.py:186} INFO - Started process (PID=31746) to work on /Users/navalyemul/Documents/uptime/airflow_venv/lib/python3.12/site-packages/airflow/example_dags/example_task_group.py
[2026-04-08T13:09:20.988+0530] {processor.py:914} INFO - Processing file /Users/navalyemul/Documents/uptime/airflow_venv/lib/python3.12/site-packages/airflow/example_dags/example_task_group.py for tasks to queue
[2026-04-08T13:09:20.989+0530] {logging_mixin.py:190} INFO - [2026-04-08T13:09:20.988+0530] {dagbag.py:588} INFO - Filling up the DagBag from /Users/navalyemul/Documents/uptime/airflow_venv/lib/python3.12/site-packages/airflow/example_dags/example_task_group.py
[2026-04-08T13:09:20.993+0530] {processor.py:925} INFO - DAG(s) 'example_task_group' retrieved from /Users/navalyemul/Documents/uptime/airflow_venv/lib/python3.12/site-packages/airflow/example_dags/example_task_group.py
[2026-04-08T13:09:21.035+0530] {logging_mixin.py:190} INFO - [2026-04-08T13:09:21.034+0530] {dag.py:3239} INFO - Sync 1 DAGs
[2026-04-08T13:09:21.039+0530] {logging_mixin.py:190} INFO - [2026-04-08T13:09:21.039+0530] {dag.py:4180} INFO - Setting next_dagrun for example_task_group to None, run_after=None
[2026-04-08T13:09:21.047+0530] {processor.py:208} INFO - Processing /Users/navalyemul/Documents/uptime/airflow_venv/lib/python3.12/site-packages/airflow/example_dags/example_task_group.py took 0.061 seconds
[2026-04-08T13:10:43.155+0530] {processor.py:186} INFO - Started process (PID=32708) to work on /Users/navalyemul/Documents/uptime/airflow_venv/lib/python3.12/site-packages/airflow/example_dags/example_task_group.py
[2026-04-08T13:10:43.155+0530] {processor.py:914} INFO - Processing file /Users/navalyemul/Documents/uptime/airflow_venv/lib/python3.12/site-packages/airflow/example_dags/example_task_group.py for tasks to queue
[2026-04-08T13:10:43.156+0530] {logging_mixin.py:190} INFO - [2026-04-08T13:10:43.156+0530] {dagbag.py:588} INFO - Filling up the DagBag from /Users/navalyemul/Documents/uptime/airflow_venv/lib/python3.12/site-packages/airflow/example_dags/example_task_group.py
[2026-04-08T13:10:43.160+0530] {processor.py:925} INFO - DAG(s) 'example_task_group' retrieved from /Users/navalyemul/Documents/uptime/airflow_venv/lib/python3.12/site-packages/airflow/example_dags/example_task_group.py
[2026-04-08T13:10:43.202+0530] {logging_mixin.py:190} INFO - [2026-04-08T13:10:43.202+0530] {dag.py:3239} INFO - Sync 1 DAGs
[2026-04-08T13:10:43.207+0530] {logging_mixin.py:190} INFO - [2026-04-08T13:10:43.207+0530] {dag.py:4180} INFO - Setting next_dagrun for example_task_group to None, run_after=None
[2026-04-08T13:10:43.215+0530] {processor.py:208} INFO - Processing /Users/navalyemul/Documents/uptime/airflow_venv/lib/python3.12/site-packages/airflow/example_dags/example_task_group.py took 0.062 seconds
[2026-04-08T13:12:07.305+0530] {processor.py:186} INFO - Started process (PID=33632) to work on /Users/navalyemul/Documents/uptime/airflow_venv/lib/python3.12/site-packages/airflow/example_dags/example_task_group.py
[2026-04-08T13:12:07.306+0530] {processor.py:914} INFO - Processing file /Users/navalyemul/Documents/uptime/airflow_venv/lib/python3.12/site-packages/airflow/example_dags/example_task_group.py for tasks to queue
[2026-04-08T13:12:07.307+0530] {logging_mixin.py:190} INFO - [2026-04-08T13:12:07.307+0530] {dagbag.py:588} INFO - Filling up the DagBag from /Users/navalyemul/Documents/uptime/airflow_venv/lib/python3.12/site-packages/airflow/example_dags/example_task_group.py
[2026-04-08T13:12:07.311+0530] {processor.py:925} INFO - DAG(s) 'example_task_group' retrieved from /Users/navalyemul/Documents/uptime/airflow_venv/lib/python3.12/site-packages/airflow/example_dags/example_task_group.py
[2026-04-08T13:12:07.353+0530] {logging_mixin.py:190} INFO - [2026-04-08T13:12:07.353+0530] {dag.py:3239} INFO - Sync 1 DAGs
[2026-04-08T13:12:07.358+0530] {logging_mixin.py:190} INFO - [2026-04-08T13:12:07.357+0530] {dag.py:4180} INFO - Setting next_dagrun for example_task_group to None, run_after=None
[2026-04-08T13:12:07.366+0530] {processor.py:208} INFO - Processing /Users/navalyemul/Documents/uptime/airflow_venv/lib/python3.12/site-packages/airflow/example_dags/example_task_group.py took 0.062 seconds
[2026-04-08T13:13:29.414+0530] {processor.py:186} INFO - Started process (PID=34547) to work on /Users/navalyemul/Documents/uptime/airflow_venv/lib/python3.12/site-packages/airflow/example_dags/example_task_group.py
[2026-04-08T13:13:29.414+0530] {processor.py:914} INFO - Processing file /Users/navalyemul/Documents/uptime/airflow_venv/lib/python3.12/site-packages/airflow/example_dags/example_task_group.py for tasks to queue
[2026-04-08T13:13:29.415+0530] {logging_mixin.py:190} INFO - [2026-04-08T13:13:29.415+0530] {dagbag.py:588} INFO - Filling up the DagBag from /Users/navalyemul/Documents/uptime/airflow_venv/lib/python3.12/site-packages/airflow/example_dags/example_task_group.py
[2026-04-08T13:13:29.420+0530] {processor.py:925} INFO - DAG(s) 'example_task_group' retrieved from /Users/navalyemul/Documents/uptime/airflow_venv/lib/python3.12/site-packages/airflow/example_dags/example_task_group.py
[2026-04-08T13:13:29.463+0530] {logging_mixin.py:190} INFO - [2026-04-08T13:13:29.462+0530] {dag.py:3239} INFO - Sync 1 DAGs
[2026-04-08T13:13:29.467+0530] {logging_mixin.py:190} INFO - [2026-04-08T13:13:29.467+0530] {dag.py:4180} INFO - Setting next_dagrun for example_task_group to None, run_after=None
[2026-04-08T13:13:29.476+0530] {processor.py:208} INFO - Processing /Users/navalyemul/Documents/uptime/airflow_venv/lib/python3.12/site-packages/airflow/example_dags/example_task_group.py took 0.064 seconds
[2026-04-08T13:14:53.067+0530] {processor.py:186} INFO - Started process (PID=35494) to work on /Users/navalyemul/Documents/uptime/airflow_venv/lib/python3.12/site-packages/airflow/example_dags/example_task_group.py
[2026-04-08T13:14:53.067+0530] {processor.py:914} INFO - Processing file /Users/navalyemul/Documents/uptime/airflow_venv/lib/python3.12/site-packages/airflow/example_dags/example_task_group.py for tasks to queue
[2026-04-08T13:14:53.068+0530] {logging_mixin.py:190} INFO - [2026-04-08T13:14:53.068+0530] {dagbag.py:588} INFO - Filling up the DagBag from /Users/navalyemul/Documents/uptime/airflow_venv/lib/python3.12/site-packages/airflow/example_dags/example_task_group.py
[2026-04-08T13:14:53.073+0530] {processor.py:925} INFO - DAG(s) 'example_task_group' retrieved from /Users/navalyemul/Documents/uptime/airflow_venv/lib/python3.12/site-packages/airflow/example_dags/example_task_group.py
[2026-04-08T13:14:53.117+0530] {logging_mixin.py:190} INFO - [2026-04-08T13:14:53.116+0530] {dag.py:3239} INFO - Sync 1 DAGs
[2026-04-08T13:14:53.122+0530] {logging_mixin.py:190} INFO - [2026-04-08T13:14:53.122+0530] {dag.py:4180} INFO - Setting next_dagrun for example_task_group to None, run_after=None
[2026-04-08T13:14:53.134+0530] {processor.py:208} INFO - Processing /Users/navalyemul/Documents/uptime/airflow_venv/lib/python3.12/site-packages/airflow/example_dags/example_task_group.py took 0.069 seconds
[2026-04-08T13:16:17.579+0530] {processor.py:186} INFO - Started process (PID=36453) to work on /Users/navalyemul/Documents/uptime/airflow_venv/lib/python3.12/site-packages/airflow/example_dags/example_task_group.py
[2026-04-08T13:16:17.580+0530] {processor.py:914} INFO - Processing file /Users/navalyemul/Documents/uptime/airflow_venv/lib/python3.12/site-packages/airflow/example_dags/example_task_group.py for tasks to queue
[2026-04-08T13:16:17.580+0530] {logging_mixin.py:190} INFO - [2026-04-08T13:16:17.580+0530] {dagbag.py:588} INFO - Filling up the DagBag from /Users/navalyemul/Documents/uptime/airflow_venv/lib/python3.12/site-packages/airflow/example_dags/example_task_group.py
[2026-04-08T13:16:17.585+0530] {processor.py:925} INFO - DAG(s) 'example_task_group' retrieved from /Users/navalyemul/Documents/uptime/airflow_venv/lib/python3.12/site-packages/airflow/example_dags/example_task_group.py
[2026-04-08T13:16:17.631+0530] {logging_mixin.py:190} INFO - [2026-04-08T13:16:17.631+0530] {dag.py:3239} INFO - Sync 1 DAGs
[2026-04-08T13:16:17.637+0530] {logging_mixin.py:190} INFO - [2026-04-08T13:16:17.637+0530] {dag.py:4180} INFO - Setting next_dagrun for example_task_group to None, run_after=None
[2026-04-08T13:16:17.647+0530] {processor.py:208} INFO - Processing /Users/navalyemul/Documents/uptime/airflow_venv/lib/python3.12/site-packages/airflow/example_dags/example_task_group.py took 0.070 seconds
[2026-04-08T13:17:40.171+0530] {processor.py:186} INFO - Started process (PID=37376) to work on /Users/navalyemul/Documents/uptime/airflow_venv/lib/python3.12/site-packages/airflow/example_dags/example_task_group.py
[2026-04-08T13:17:40.171+0530] {processor.py:914} INFO - Processing file /Users/navalyemul/Documents/uptime/airflow_venv/lib/python3.12/site-packages/airflow/example_dags/example_task_group.py for tasks to queue
[2026-04-08T13:17:40.172+0530] {logging_mixin.py:190} INFO - [2026-04-08T13:17:40.172+0530] {dagbag.py:588} INFO - Filling up the DagBag from /Users/navalyemul/Documents/uptime/airflow_venv/lib/python3.12/site-packages/airflow/example_dags/example_task_group.py
[2026-04-08T13:17:40.177+0530] {processor.py:925} INFO - DAG(s) 'example_task_group' retrieved from /Users/navalyemul/Documents/uptime/airflow_venv/lib/python3.12/site-packages/airflow/example_dags/example_task_group.py
[2026-04-08T13:17:40.220+0530] {logging_mixin.py:190} INFO - [2026-04-08T13:17:40.220+0530] {dag.py:3239} INFO - Sync 1 DAGs
[2026-04-08T13:17:40.224+0530] {logging_mixin.py:190} INFO - [2026-04-08T13:17:40.224+0530] {dag.py:4180} INFO - Setting next_dagrun for example_task_group to None, run_after=None
[2026-04-08T13:17:40.234+0530] {processor.py:208} INFO - Processing /Users/navalyemul/Documents/uptime/airflow_venv/lib/python3.12/site-packages/airflow/example_dags/example_task_group.py took 0.065 seconds
[2026-04-08T13:19:10.132+0530] {processor.py:186} INFO - Started process (PID=38336) to work on /Users/navalyemul/Documents/uptime/airflow_venv/lib/python3.12/site-packages/airflow/example_dags/example_task_group.py
[2026-04-08T13:19:10.133+0530] {processor.py:914} INFO - Processing file /Users/navalyemul/Documents/uptime/airflow_venv/lib/python3.12/site-packages/airflow/example_dags/example_task_group.py for tasks to queue
[2026-04-08T13:19:10.134+0530] {logging_mixin.py:190} INFO - [2026-04-08T13:19:10.133+0530] {dagbag.py:588} INFO - Filling up the DagBag from /Users/navalyemul/Documents/uptime/airflow_venv/lib/python3.12/site-packages/airflow/example_dags/example_task_group.py
[2026-04-08T13:19:10.139+0530] {processor.py:925} INFO - DAG(s) 'example_task_group' retrieved from /Users/navalyemul/Documents/uptime/airflow_venv/lib/python3.12/site-packages/airflow/example_dags/example_task_group.py
[2026-04-08T13:19:10.181+0530] {logging_mixin.py:190} INFO - [2026-04-08T13:19:10.181+0530] {dag.py:3239} INFO - Sync 1 DAGs
[2026-04-08T13:19:10.186+0530] {logging_mixin.py:190} INFO - [2026-04-08T13:19:10.186+0530] {dag.py:4180} INFO - Setting next_dagrun for example_task_group to None, run_after=None
[2026-04-08T13:19:10.194+0530] {processor.py:208} INFO - Processing /Users/navalyemul/Documents/uptime/airflow_venv/lib/python3.12/site-packages/airflow/example_dags/example_task_group.py took 0.064 seconds
[2026-04-08T13:28:43.576+0530] {processor.py:186} INFO - Started process (PID=39280) to work on /Users/navalyemul/Documents/uptime/airflow_venv/lib/python3.12/site-packages/airflow/example_dags/example_task_group.py
[2026-04-08T13:28:43.576+0530] {processor.py:914} INFO - Processing file /Users/navalyemul/Documents/uptime/airflow_venv/lib/python3.12/site-packages/airflow/example_dags/example_task_group.py for tasks to queue
[2026-04-08T13:28:43.577+0530] {logging_mixin.py:190} INFO - [2026-04-08T13:28:43.577+0530] {dagbag.py:588} INFO - Filling up the DagBag from /Users/navalyemul/Documents/uptime/airflow_venv/lib/python3.12/site-packages/airflow/example_dags/example_task_group.py
[2026-04-08T13:28:43.581+0530] {processor.py:925} INFO - DAG(s) 'example_task_group' retrieved from /Users/navalyemul/Documents/uptime/airflow_venv/lib/python3.12/site-packages/airflow/example_dags/example_task_group.py
[2026-04-08T13:28:43.624+0530] {logging_mixin.py:190} INFO - [2026-04-08T13:28:43.624+0530] {dag.py:3239} INFO - Sync 1 DAGs
[2026-04-08T13:28:43.630+0530] {logging_mixin.py:190} INFO - [2026-04-08T13:28:43.629+0530] {dag.py:4180} INFO - Setting next_dagrun for example_task_group to None, run_after=None
[2026-04-08T13:28:43.640+0530] {processor.py:208} INFO - Processing /Users/navalyemul/Documents/uptime/airflow_venv/lib/python3.12/site-packages/airflow/example_dags/example_task_group.py took 0.066 seconds
[2026-04-08T13:33:44.388+0530] {processor.py:186} INFO - Started process (PID=40239) to work on /Users/navalyemul/Documents/uptime/airflow_venv/lib/python3.12/site-packages/airflow/example_dags/example_task_group.py
[2026-04-08T13:33:44.389+0530] {processor.py:914} INFO - Processing file /Users/navalyemul/Documents/uptime/airflow_venv/lib/python3.12/site-packages/airflow/example_dags/example_task_group.py for tasks to queue
[2026-04-08T13:33:44.390+0530] {logging_mixin.py:190} INFO - [2026-04-08T13:33:44.390+0530] {dagbag.py:588} INFO - Filling up the DagBag from /Users/navalyemul/Documents/uptime/airflow_venv/lib/python3.12/site-packages/airflow/example_dags/example_task_group.py
[2026-04-08T13:33:44.396+0530] {processor.py:925} INFO - DAG(s) 'example_task_group' retrieved from /Users/navalyemul/Documents/uptime/airflow_venv/lib/python3.12/site-packages/airflow/example_dags/example_task_group.py
[2026-04-08T13:33:44.440+0530] {logging_mixin.py:190} INFO - [2026-04-08T13:33:44.440+0530] {dag.py:3239} INFO - Sync 1 DAGs
[2026-04-08T13:33:44.445+0530] {logging_mixin.py:190} INFO - [2026-04-08T13:33:44.445+0530] {dag.py:4180} INFO - Setting next_dagrun for example_task_group to None, run_after=None
[2026-04-08T13:33:44.455+0530] {processor.py:208} INFO - Processing /Users/navalyemul/Documents/uptime/airflow_venv/lib/python3.12/site-packages/airflow/example_dags/example_task_group.py took 0.071 seconds
[2026-04-08T13:35:23.894+0530] {processor.py:186} INFO - Started process (PID=41409) to work on /Users/navalyemul/Documents/uptime/airflow_venv/lib/python3.12/site-packages/airflow/example_dags/example_task_group.py
[2026-04-08T13:35:23.894+0530] {processor.py:914} INFO - Processing file /Users/navalyemul/Documents/uptime/airflow_venv/lib/python3.12/site-packages/airflow/example_dags/example_task_group.py for tasks to queue
[2026-04-08T13:35:23.895+0530] {logging_mixin.py:190} INFO - [2026-04-08T13:35:23.895+0530] {dagbag.py:588} INFO - Filling up the DagBag from /Users/navalyemul/Documents/uptime/airflow_venv/lib/python3.12/site-packages/airflow/example_dags/example_task_group.py
[2026-04-08T13:35:23.899+0530] {processor.py:925} INFO - DAG(s) 'example_task_group' retrieved from /Users/navalyemul/Documents/uptime/airflow_venv/lib/python3.12/site-packages/airflow/example_dags/example_task_group.py
[2026-04-08T13:35:23.941+0530] {logging_mixin.py:190} INFO - [2026-04-08T13:35:23.941+0530] {dag.py:3239} INFO - Sync 1 DAGs
[2026-04-08T13:35:23.946+0530] {logging_mixin.py:190} INFO - [2026-04-08T13:35:23.945+0530] {dag.py:4180} INFO - Setting next_dagrun for example_task_group to None, run_after=None
[2026-04-08T13:35:23.954+0530] {processor.py:208} INFO - Processing /Users/navalyemul/Documents/uptime/airflow_venv/lib/python3.12/site-packages/airflow/example_dags/example_task_group.py took 0.062 seconds
[2026-04-08T13:41:47.496+0530] {processor.py:186} INFO - Started process (PID=42338) to work on /Users/navalyemul/Documents/uptime/airflow_venv/lib/python3.12/site-packages/airflow/example_dags/example_task_group.py
[2026-04-08T13:41:47.497+0530] {processor.py:914} INFO - Processing file /Users/navalyemul/Documents/uptime/airflow_venv/lib/python3.12/site-packages/airflow/example_dags/example_task_group.py for tasks to queue
[2026-04-08T13:41:47.497+0530] {logging_mixin.py:190} INFO - [2026-04-08T13:41:47.497+0530] {dagbag.py:588} INFO - Filling up the DagBag from /Users/navalyemul/Documents/uptime/airflow_venv/lib/python3.12/site-packages/airflow/example_dags/example_task_group.py
[2026-04-08T13:41:47.502+0530] {processor.py:925} INFO - DAG(s) 'example_task_group' retrieved from /Users/navalyemul/Documents/uptime/airflow_venv/lib/python3.12/site-packages/airflow/example_dags/example_task_group.py
[2026-04-08T13:41:47.543+0530] {logging_mixin.py:190} INFO - [2026-04-08T13:41:47.543+0530] {dag.py:3239} INFO - Sync 1 DAGs
[2026-04-08T13:41:47.548+0530] {logging_mixin.py:190} INFO - [2026-04-08T13:41:47.548+0530] {dag.py:4180} INFO - Setting next_dagrun for example_task_group to None, run_after=None
[2026-04-08T13:41:47.559+0530] {processor.py:208} INFO - Processing /Users/navalyemul/Documents/uptime/airflow_venv/lib/python3.12/site-packages/airflow/example_dags/example_task_group.py took 0.065 seconds
[2026-04-08T13:54:32.700+0530] {processor.py:186} INFO - Started process (PID=43515) to work on /Users/navalyemul/Documents/uptime/airflow_venv/lib/python3.12/site-packages/airflow/example_dags/example_task_group.py
[2026-04-08T13:54:32.702+0530] {processor.py:914} INFO - Processing file /Users/navalyemul/Documents/uptime/airflow_venv/lib/python3.12/site-packages/airflow/example_dags/example_task_group.py for tasks to queue
[2026-04-08T13:54:32.702+0530] {logging_mixin.py:190} INFO - [2026-04-08T13:54:32.702+0530] {dagbag.py:588} INFO - Filling up the DagBag from /Users/navalyemul/Documents/uptime/airflow_venv/lib/python3.12/site-packages/airflow/example_dags/example_task_group.py
[2026-04-08T13:54:32.708+0530] {processor.py:925} INFO - DAG(s) 'example_task_group' retrieved from /Users/navalyemul/Documents/uptime/airflow_venv/lib/python3.12/site-packages/airflow/example_dags/example_task_group.py
[2026-04-08T13:54:32.751+0530] {logging_mixin.py:190} INFO - [2026-04-08T13:54:32.751+0530] {dag.py:3239} INFO - Sync 1 DAGs
[2026-04-08T13:54:32.756+0530] {logging_mixin.py:190} INFO - [2026-04-08T13:54:32.756+0530] {dag.py:4180} INFO - Setting next_dagrun for example_task_group to None, run_after=None
[2026-04-08T13:54:32.766+0530] {processor.py:208} INFO - Processing /Users/navalyemul/Documents/uptime/airflow_venv/lib/python3.12/site-packages/airflow/example_dags/example_task_group.py took 0.068 seconds
[2026-04-08T13:56:27.963+0530] {processor.py:186} INFO - Started process (PID=44596) to work on /Users/navalyemul/Documents/uptime/airflow_venv/lib/python3.12/site-packages/airflow/example_dags/example_task_group.py
[2026-04-08T13:56:27.963+0530] {processor.py:914} INFO - Processing file /Users/navalyemul/Documents/uptime/airflow_venv/lib/python3.12/site-packages/airflow/example_dags/example_task_group.py for tasks to queue
[2026-04-08T13:56:27.964+0530] {logging_mixin.py:190} INFO - [2026-04-08T13:56:27.964+0530] {dagbag.py:588} INFO - Filling up the DagBag from /Users/navalyemul/Documents/uptime/airflow_venv/lib/python3.12/site-packages/airflow/example_dags/example_task_group.py
[2026-04-08T13:56:27.969+0530] {processor.py:925} INFO - DAG(s) 'example_task_group' retrieved from /Users/navalyemul/Documents/uptime/airflow_venv/lib/python3.12/site-packages/airflow/example_dags/example_task_group.py
[2026-04-08T13:56:28.018+0530] {logging_mixin.py:190} INFO - [2026-04-08T13:56:28.017+0530] {dag.py:3239} INFO - Sync 1 DAGs
[2026-04-08T13:56:28.022+0530] {logging_mixin.py:190} INFO - [2026-04-08T13:56:28.022+0530] {dag.py:4180} INFO - Setting next_dagrun for example_task_group to None, run_after=None
[2026-04-08T13:56:28.032+0530] {processor.py:208} INFO - Processing /Users/navalyemul/Documents/uptime/airflow_venv/lib/python3.12/site-packages/airflow/example_dags/example_task_group.py took 0.075 seconds
[2026-04-08T13:58:09.531+0530] {processor.py:186} INFO - Started process (PID=45623) to work on /Users/navalyemul/Documents/uptime/airflow_venv/lib/python3.12/site-packages/airflow/example_dags/example_task_group.py
[2026-04-08T13:58:09.532+0530] {processor.py:914} INFO - Processing file /Users/navalyemul/Documents/uptime/airflow_venv/lib/python3.12/site-packages/airflow/example_dags/example_task_group.py for tasks to queue
[2026-04-08T13:58:09.533+0530] {logging_mixin.py:190} INFO - [2026-04-08T13:58:09.533+0530] {dagbag.py:588} INFO - Filling up the DagBag from /Users/navalyemul/Documents/uptime/airflow_venv/lib/python3.12/site-packages/airflow/example_dags/example_task_group.py
[2026-04-08T13:58:09.544+0530] {processor.py:925} INFO - DAG(s) 'example_task_group' retrieved from /Users/navalyemul/Documents/uptime/airflow_venv/lib/python3.12/site-packages/airflow/example_dags/example_task_group.py
[2026-04-08T13:58:09.600+0530] {logging_mixin.py:190} INFO - [2026-04-08T13:58:09.600+0530] {dag.py:3239} INFO - Sync 1 DAGs
[2026-04-08T13:58:09.605+0530] {logging_mixin.py:190} INFO - [2026-04-08T13:58:09.605+0530] {dag.py:4180} INFO - Setting next_dagrun for example_task_group to None, run_after=None
[2026-04-08T13:58:09.617+0530] {processor.py:208} INFO - Processing /Users/navalyemul/Documents/uptime/airflow_venv/lib/python3.12/site-packages/airflow/example_dags/example_task_group.py took 0.087 seconds
