[2026-04-08T12:44:48.255+0530] {processor.py:186} INFO - Started process (PID=16165) to work on /Users/navalyemul/Documents/uptime/airflow_venv/lib/python3.12/site-packages/airflow/example_dags/example_params_trigger_ui.py
[2026-04-08T12:44:48.257+0530] {processor.py:914} INFO - Processing file /Users/navalyemul/Documents/uptime/airflow_venv/lib/python3.12/site-packages/airflow/example_dags/example_params_trigger_ui.py for tasks to queue
[2026-04-08T12:44:48.258+0530] {logging_mixin.py:190} INFO - [2026-04-08T12:44:48.258+0530] {dagbag.py:588} INFO - Filling up the DagBag from /Users/navalyemul/Documents/uptime/airflow_venv/lib/python3.12/site-packages/airflow/example_dags/example_params_trigger_ui.py
[2026-04-08T12:44:48.305+0530] {processor.py:925} INFO - DAG(s) 'example_params_trigger_ui' retrieved from /Users/navalyemul/Documents/uptime/airflow_venv/lib/python3.12/site-packages/airflow/example_dags/example_params_trigger_ui.py
[2026-04-08T12:44:48.483+0530] {logging_mixin.py:190} INFO - [2026-04-08T12:44:48.483+0530] {override.py:1912} INFO - Created Permission View: can read on DAG:example_params_trigger_ui
[2026-04-08T12:44:48.489+0530] {logging_mixin.py:190} INFO - [2026-04-08T12:44:48.489+0530] {override.py:1912} INFO - Created Permission View: can delete on DAG:example_params_trigger_ui
[2026-04-08T12:44:48.494+0530] {logging_mixin.py:190} INFO - [2026-04-08T12:44:48.494+0530] {override.py:1912} INFO - Created Permission View: can edit on DAG:example_params_trigger_ui
[2026-04-08T12:44:48.500+0530] {logging_mixin.py:190} INFO - [2026-04-08T12:44:48.499+0530] {override.py:1912} INFO - Created Permission View: can read on DAG Run:example_params_trigger_ui
[2026-04-08T12:44:48.512+0530] {logging_mixin.py:190} INFO - [2026-04-08T12:44:48.511+0530] {override.py:1912} INFO - Created Permission View: can delete on DAG Run:example_params_trigger_ui
[2026-04-08T12:44:48.516+0530] {logging_mixin.py:190} INFO - [2026-04-08T12:44:48.516+0530] {override.py:1912} INFO - Created Permission View: can create on DAG Run:example_params_trigger_ui
[2026-04-08T12:44:48.519+0530] {logging_mixin.py:190} INFO - [2026-04-08T12:44:48.519+0530] {override.py:1912} INFO - Created Permission View: menu access on DAG Run:example_params_trigger_ui
[2026-04-08T12:44:48.519+0530] {logging_mixin.py:190} INFO - [2026-04-08T12:44:48.519+0530] {dag.py:3239} INFO - Sync 1 DAGs
[2026-04-08T12:44:48.527+0530] {logging_mixin.py:190} INFO - [2026-04-08T12:44:48.527+0530] {dag.py:3262} INFO - Creating ORM DAG for example_params_trigger_ui
[2026-04-08T12:44:48.528+0530] {logging_mixin.py:190} INFO - [2026-04-08T12:44:48.527+0530] {dag.py:4180} INFO - Setting next_dagrun for example_params_trigger_ui to None, run_after=None
[2026-04-08T12:44:48.608+0530] {processor.py:208} INFO - Processing /Users/navalyemul/Documents/uptime/airflow_venv/lib/python3.12/site-packages/airflow/example_dags/example_params_trigger_ui.py took 0.360 seconds
[2026-04-08T12:47:17.887+0530] {processor.py:186} INFO - Started process (PID=17674) to work on /Users/navalyemul/Documents/uptime/airflow_venv/lib/python3.12/site-packages/airflow/example_dags/example_params_trigger_ui.py
[2026-04-08T12:47:17.888+0530] {processor.py:914} INFO - Processing file /Users/navalyemul/Documents/uptime/airflow_venv/lib/python3.12/site-packages/airflow/example_dags/example_params_trigger_ui.py for tasks to queue
[2026-04-08T12:47:17.888+0530] {logging_mixin.py:190} INFO - [2026-04-08T12:47:17.888+0530] {dagbag.py:588} INFO - Filling up the DagBag from /Users/navalyemul/Documents/uptime/airflow_venv/lib/python3.12/site-packages/airflow/example_dags/example_params_trigger_ui.py
[2026-04-08T12:47:17.910+0530] {processor.py:925} INFO - DAG(s) 'example_params_trigger_ui' retrieved from /Users/navalyemul/Documents/uptime/airflow_venv/lib/python3.12/site-packages/airflow/example_dags/example_params_trigger_ui.py
[2026-04-08T12:47:17.958+0530] {logging_mixin.py:190} INFO - [2026-04-08T12:47:17.958+0530] {dag.py:3239} INFO - Sync 1 DAGs
[2026-04-08T12:47:17.963+0530] {logging_mixin.py:190} INFO - [2026-04-08T12:47:17.963+0530] {dag.py:4180} INFO - Setting next_dagrun for example_params_trigger_ui to None, run_after=None
[2026-04-08T12:47:17.972+0530] {processor.py:208} INFO - Processing /Users/navalyemul/Documents/uptime/airflow_venv/lib/python3.12/site-packages/airflow/example_dags/example_params_trigger_ui.py took 0.087 seconds
[2026-04-08T12:49:12.727+0530] {processor.py:186} INFO - Started process (PID=19001) to work on /Users/navalyemul/Documents/uptime/airflow_venv/lib/python3.12/site-packages/airflow/example_dags/example_params_trigger_ui.py
[2026-04-08T12:49:12.728+0530] {processor.py:914} INFO - Processing file /Users/navalyemul/Documents/uptime/airflow_venv/lib/python3.12/site-packages/airflow/example_dags/example_params_trigger_ui.py for tasks to queue
[2026-04-08T12:49:12.728+0530] {logging_mixin.py:190} INFO - [2026-04-08T12:49:12.728+0530] {dagbag.py:588} INFO - Filling up the DagBag from /Users/navalyemul/Documents/uptime/airflow_venv/lib/python3.12/site-packages/airflow/example_dags/example_params_trigger_ui.py
[2026-04-08T12:49:12.751+0530] {processor.py:925} INFO - DAG(s) 'example_params_trigger_ui' retrieved from /Users/navalyemul/Documents/uptime/airflow_venv/lib/python3.12/site-packages/airflow/example_dags/example_params_trigger_ui.py
[2026-04-08T12:49:12.799+0530] {logging_mixin.py:190} INFO - [2026-04-08T12:49:12.799+0530] {dag.py:3239} INFO - Sync 1 DAGs
[2026-04-08T12:49:12.804+0530] {logging_mixin.py:190} INFO - [2026-04-08T12:49:12.804+0530] {dag.py:4180} INFO - Setting next_dagrun for example_params_trigger_ui to None, run_after=None
[2026-04-08T12:49:12.812+0530] {processor.py:208} INFO - Processing /Users/navalyemul/Documents/uptime/airflow_venv/lib/python3.12/site-packages/airflow/example_dags/example_params_trigger_ui.py took 0.090 seconds
[2026-04-08T12:52:09.155+0530] {processor.py:186} INFO - Started process (PID=20894) to work on /Users/navalyemul/Documents/uptime/airflow_venv/lib/python3.12/site-packages/airflow/example_dags/example_params_trigger_ui.py
[2026-04-08T12:52:09.156+0530] {processor.py:914} INFO - Processing file /Users/navalyemul/Documents/uptime/airflow_venv/lib/python3.12/site-packages/airflow/example_dags/example_params_trigger_ui.py for tasks to queue
[2026-04-08T12:52:09.157+0530] {logging_mixin.py:190} INFO - [2026-04-08T12:52:09.157+0530] {dagbag.py:588} INFO - Filling up the DagBag from /Users/navalyemul/Documents/uptime/airflow_venv/lib/python3.12/site-packages/airflow/example_dags/example_params_trigger_ui.py
[2026-04-08T12:52:09.183+0530] {processor.py:925} INFO - DAG(s) 'example_params_trigger_ui' retrieved from /Users/navalyemul/Documents/uptime/airflow_venv/lib/python3.12/site-packages/airflow/example_dags/example_params_trigger_ui.py
[2026-04-08T12:52:09.233+0530] {logging_mixin.py:190} INFO - [2026-04-08T12:52:09.233+0530] {dag.py:3239} INFO - Sync 1 DAGs
[2026-04-08T12:52:09.238+0530] {logging_mixin.py:190} INFO - [2026-04-08T12:52:09.238+0530] {dag.py:4180} INFO - Setting next_dagrun for example_params_trigger_ui to None, run_after=None
[2026-04-08T12:52:09.247+0530] {processor.py:208} INFO - Processing /Users/navalyemul/Documents/uptime/airflow_venv/lib/python3.12/site-packages/airflow/example_dags/example_params_trigger_ui.py took 0.094 seconds
[2026-04-08T12:55:45.522+0530] {processor.py:186} INFO - Started process (PID=22707) to work on /Users/navalyemul/Documents/uptime/airflow_venv/lib/python3.12/site-packages/airflow/example_dags/example_params_trigger_ui.py
[2026-04-08T12:55:45.523+0530] {processor.py:914} INFO - Processing file /Users/navalyemul/Documents/uptime/airflow_venv/lib/python3.12/site-packages/airflow/example_dags/example_params_trigger_ui.py for tasks to queue
[2026-04-08T12:55:45.523+0530] {logging_mixin.py:190} INFO - [2026-04-08T12:55:45.523+0530] {dagbag.py:588} INFO - Filling up the DagBag from /Users/navalyemul/Documents/uptime/airflow_venv/lib/python3.12/site-packages/airflow/example_dags/example_params_trigger_ui.py
[2026-04-08T12:55:45.546+0530] {processor.py:925} INFO - DAG(s) 'example_params_trigger_ui' retrieved from /Users/navalyemul/Documents/uptime/airflow_venv/lib/python3.12/site-packages/airflow/example_dags/example_params_trigger_ui.py
[2026-04-08T12:55:45.596+0530] {logging_mixin.py:190} INFO - [2026-04-08T12:55:45.596+0530] {dag.py:3239} INFO - Sync 1 DAGs
[2026-04-08T12:55:45.601+0530] {logging_mixin.py:190} INFO - [2026-04-08T12:55:45.601+0530] {dag.py:4180} INFO - Setting next_dagrun for example_params_trigger_ui to None, run_after=None
[2026-04-08T12:55:45.610+0530] {processor.py:208} INFO - Processing /Users/navalyemul/Documents/uptime/airflow_venv/lib/python3.12/site-packages/airflow/example_dags/example_params_trigger_ui.py took 0.090 seconds
[2026-04-08T12:58:39.835+0530] {processor.py:186} INFO - Started process (PID=24538) to work on /Users/navalyemul/Documents/uptime/airflow_venv/lib/python3.12/site-packages/airflow/example_dags/example_params_trigger_ui.py
[2026-04-08T12:58:39.836+0530] {processor.py:914} INFO - Processing file /Users/navalyemul/Documents/uptime/airflow_venv/lib/python3.12/site-packages/airflow/example_dags/example_params_trigger_ui.py for tasks to queue
[2026-04-08T12:58:39.836+0530] {logging_mixin.py:190} INFO - [2026-04-08T12:58:39.836+0530] {dagbag.py:588} INFO - Filling up the DagBag from /Users/navalyemul/Documents/uptime/airflow_venv/lib/python3.12/site-packages/airflow/example_dags/example_params_trigger_ui.py
[2026-04-08T12:58:39.862+0530] {processor.py:925} INFO - DAG(s) 'example_params_trigger_ui' retrieved from /Users/navalyemul/Documents/uptime/airflow_venv/lib/python3.12/site-packages/airflow/example_dags/example_params_trigger_ui.py
[2026-04-08T12:58:39.912+0530] {logging_mixin.py:190} INFO - [2026-04-08T12:58:39.911+0530] {dag.py:3239} INFO - Sync 1 DAGs
[2026-04-08T12:58:39.916+0530] {logging_mixin.py:190} INFO - [2026-04-08T12:58:39.916+0530] {dag.py:4180} INFO - Setting next_dagrun for example_params_trigger_ui to None, run_after=None
[2026-04-08T12:58:39.924+0530] {processor.py:208} INFO - Processing /Users/navalyemul/Documents/uptime/airflow_venv/lib/python3.12/site-packages/airflow/example_dags/example_params_trigger_ui.py took 0.091 seconds
[2026-04-08T13:01:22.909+0530] {processor.py:186} INFO - Started process (PID=26383) to work on /Users/navalyemul/Documents/uptime/airflow_venv/lib/python3.12/site-packages/airflow/example_dags/example_params_trigger_ui.py
[2026-04-08T13:01:22.910+0530] {processor.py:914} INFO - Processing file /Users/navalyemul/Documents/uptime/airflow_venv/lib/python3.12/site-packages/airflow/example_dags/example_params_trigger_ui.py for tasks to queue
[2026-04-08T13:01:22.911+0530] {logging_mixin.py:190} INFO - [2026-04-08T13:01:22.911+0530] {dagbag.py:588} INFO - Filling up the DagBag from /Users/navalyemul/Documents/uptime/airflow_venv/lib/python3.12/site-packages/airflow/example_dags/example_params_trigger_ui.py
[2026-04-08T13:01:22.939+0530] {processor.py:925} INFO - DAG(s) 'example_params_trigger_ui' retrieved from /Users/navalyemul/Documents/uptime/airflow_venv/lib/python3.12/site-packages/airflow/example_dags/example_params_trigger_ui.py
[2026-04-08T13:01:22.990+0530] {logging_mixin.py:190} INFO - [2026-04-08T13:01:22.990+0530] {dag.py:3239} INFO - Sync 1 DAGs
[2026-04-08T13:01:22.995+0530] {logging_mixin.py:190} INFO - [2026-04-08T13:01:22.995+0530] {dag.py:4180} INFO - Setting next_dagrun for example_params_trigger_ui to None, run_after=None
[2026-04-08T13:01:23.004+0530] {processor.py:208} INFO - Processing /Users/navalyemul/Documents/uptime/airflow_venv/lib/python3.12/site-packages/airflow/example_dags/example_params_trigger_ui.py took 0.097 seconds
[2026-04-08T13:04:08.639+0530] {processor.py:186} INFO - Started process (PID=28336) to work on /Users/navalyemul/Documents/uptime/airflow_venv/lib/python3.12/site-packages/airflow/example_dags/example_params_trigger_ui.py
[2026-04-08T13:04:08.640+0530] {processor.py:914} INFO - Processing file /Users/navalyemul/Documents/uptime/airflow_venv/lib/python3.12/site-packages/airflow/example_dags/example_params_trigger_ui.py for tasks to queue
[2026-04-08T13:04:08.641+0530] {logging_mixin.py:190} INFO - [2026-04-08T13:04:08.640+0530] {dagbag.py:588} INFO - Filling up the DagBag from /Users/navalyemul/Documents/uptime/airflow_venv/lib/python3.12/site-packages/airflow/example_dags/example_params_trigger_ui.py
[2026-04-08T13:04:08.662+0530] {processor.py:925} INFO - DAG(s) 'example_params_trigger_ui' retrieved from /Users/navalyemul/Documents/uptime/airflow_venv/lib/python3.12/site-packages/airflow/example_dags/example_params_trigger_ui.py
[2026-04-08T13:04:08.712+0530] {logging_mixin.py:190} INFO - [2026-04-08T13:04:08.711+0530] {dag.py:3239} INFO - Sync 1 DAGs
[2026-04-08T13:04:08.717+0530] {logging_mixin.py:190} INFO - [2026-04-08T13:04:08.717+0530] {dag.py:4180} INFO - Setting next_dagrun for example_params_trigger_ui to None, run_after=None
[2026-04-08T13:04:08.727+0530] {processor.py:208} INFO - Processing /Users/navalyemul/Documents/uptime/airflow_venv/lib/python3.12/site-packages/airflow/example_dags/example_params_trigger_ui.py took 0.089 seconds
[2026-04-08T13:06:56.449+0530] {processor.py:186} INFO - Started process (PID=30179) to work on /Users/navalyemul/Documents/uptime/airflow_venv/lib/python3.12/site-packages/airflow/example_dags/example_params_trigger_ui.py
[2026-04-08T13:06:56.450+0530] {processor.py:914} INFO - Processing file /Users/navalyemul/Documents/uptime/airflow_venv/lib/python3.12/site-packages/airflow/example_dags/example_params_trigger_ui.py for tasks to queue
[2026-04-08T13:06:56.450+0530] {logging_mixin.py:190} INFO - [2026-04-08T13:06:56.450+0530] {dagbag.py:588} INFO - Filling up the DagBag from /Users/navalyemul/Documents/uptime/airflow_venv/lib/python3.12/site-packages/airflow/example_dags/example_params_trigger_ui.py
[2026-04-08T13:06:56.472+0530] {processor.py:925} INFO - DAG(s) 'example_params_trigger_ui' retrieved from /Users/navalyemul/Documents/uptime/airflow_venv/lib/python3.12/site-packages/airflow/example_dags/example_params_trigger_ui.py
[2026-04-08T13:06:56.521+0530] {logging_mixin.py:190} INFO - [2026-04-08T13:06:56.521+0530] {dag.py:3239} INFO - Sync 1 DAGs
[2026-04-08T13:06:56.525+0530] {logging_mixin.py:190} INFO - [2026-04-08T13:06:56.525+0530] {dag.py:4180} INFO - Setting next_dagrun for example_params_trigger_ui to None, run_after=None
[2026-04-08T13:06:56.534+0530] {processor.py:208} INFO - Processing /Users/navalyemul/Documents/uptime/airflow_venv/lib/python3.12/site-packages/airflow/example_dags/example_params_trigger_ui.py took 0.087 seconds
[2026-04-08T13:09:43.366+0530] {processor.py:186} INFO - Started process (PID=31999) to work on /Users/navalyemul/Documents/uptime/airflow_venv/lib/python3.12/site-packages/airflow/example_dags/example_params_trigger_ui.py
[2026-04-08T13:09:43.367+0530] {processor.py:914} INFO - Processing file /Users/navalyemul/Documents/uptime/airflow_venv/lib/python3.12/site-packages/airflow/example_dags/example_params_trigger_ui.py for tasks to queue
[2026-04-08T13:09:43.368+0530] {logging_mixin.py:190} INFO - [2026-04-08T13:09:43.368+0530] {dagbag.py:588} INFO - Filling up the DagBag from /Users/navalyemul/Documents/uptime/airflow_venv/lib/python3.12/site-packages/airflow/example_dags/example_params_trigger_ui.py
[2026-04-08T13:09:43.390+0530] {processor.py:925} INFO - DAG(s) 'example_params_trigger_ui' retrieved from /Users/navalyemul/Documents/uptime/airflow_venv/lib/python3.12/site-packages/airflow/example_dags/example_params_trigger_ui.py
[2026-04-08T13:09:43.438+0530] {logging_mixin.py:190} INFO - [2026-04-08T13:09:43.437+0530] {dag.py:3239} INFO - Sync 1 DAGs
[2026-04-08T13:09:43.443+0530] {logging_mixin.py:190} INFO - [2026-04-08T13:09:43.443+0530] {dag.py:4180} INFO - Setting next_dagrun for example_params_trigger_ui to None, run_after=None
[2026-04-08T13:09:43.451+0530] {processor.py:208} INFO - Processing /Users/navalyemul/Documents/uptime/airflow_venv/lib/python3.12/site-packages/airflow/example_dags/example_params_trigger_ui.py took 0.086 seconds
[2026-04-08T13:12:28.252+0530] {processor.py:186} INFO - Started process (PID=33864) to work on /Users/navalyemul/Documents/uptime/airflow_venv/lib/python3.12/site-packages/airflow/example_dags/example_params_trigger_ui.py
[2026-04-08T13:12:28.253+0530] {processor.py:914} INFO - Processing file /Users/navalyemul/Documents/uptime/airflow_venv/lib/python3.12/site-packages/airflow/example_dags/example_params_trigger_ui.py for tasks to queue
[2026-04-08T13:12:28.253+0530] {logging_mixin.py:190} INFO - [2026-04-08T13:12:28.253+0530] {dagbag.py:588} INFO - Filling up the DagBag from /Users/navalyemul/Documents/uptime/airflow_venv/lib/python3.12/site-packages/airflow/example_dags/example_params_trigger_ui.py
[2026-04-08T13:12:28.274+0530] {processor.py:925} INFO - DAG(s) 'example_params_trigger_ui' retrieved from /Users/navalyemul/Documents/uptime/airflow_venv/lib/python3.12/site-packages/airflow/example_dags/example_params_trigger_ui.py
[2026-04-08T13:12:28.322+0530] {logging_mixin.py:190} INFO - [2026-04-08T13:12:28.322+0530] {dag.py:3239} INFO - Sync 1 DAGs
[2026-04-08T13:12:28.327+0530] {logging_mixin.py:190} INFO - [2026-04-08T13:12:28.327+0530] {dag.py:4180} INFO - Setting next_dagrun for example_params_trigger_ui to None, run_after=None
[2026-04-08T13:12:28.336+0530] {processor.py:208} INFO - Processing /Users/navalyemul/Documents/uptime/airflow_venv/lib/python3.12/site-packages/airflow/example_dags/example_params_trigger_ui.py took 0.086 seconds
[2026-04-08T13:15:15.250+0530] {processor.py:186} INFO - Started process (PID=35739) to work on /Users/navalyemul/Documents/uptime/airflow_venv/lib/python3.12/site-packages/airflow/example_dags/example_params_trigger_ui.py
[2026-04-08T13:15:15.251+0530] {processor.py:914} INFO - Processing file /Users/navalyemul/Documents/uptime/airflow_venv/lib/python3.12/site-packages/airflow/example_dags/example_params_trigger_ui.py for tasks to queue
[2026-04-08T13:15:15.251+0530] {logging_mixin.py:190} INFO - [2026-04-08T13:15:15.251+0530] {dagbag.py:588} INFO - Filling up the DagBag from /Users/navalyemul/Documents/uptime/airflow_venv/lib/python3.12/site-packages/airflow/example_dags/example_params_trigger_ui.py
[2026-04-08T13:15:15.273+0530] {processor.py:925} INFO - DAG(s) 'example_params_trigger_ui' retrieved from /Users/navalyemul/Documents/uptime/airflow_venv/lib/python3.12/site-packages/airflow/example_dags/example_params_trigger_ui.py
[2026-04-08T13:15:15.322+0530] {logging_mixin.py:190} INFO - [2026-04-08T13:15:15.322+0530] {dag.py:3239} INFO - Sync 1 DAGs
[2026-04-08T13:15:15.326+0530] {logging_mixin.py:190} INFO - [2026-04-08T13:15:15.326+0530] {dag.py:4180} INFO - Setting next_dagrun for example_params_trigger_ui to None, run_after=None
[2026-04-08T13:15:15.333+0530] {processor.py:208} INFO - Processing /Users/navalyemul/Documents/uptime/airflow_venv/lib/python3.12/site-packages/airflow/example_dags/example_params_trigger_ui.py took 0.086 seconds
[2026-04-08T13:18:02.924+0530] {processor.py:186} INFO - Started process (PID=37629) to work on /Users/navalyemul/Documents/uptime/airflow_venv/lib/python3.12/site-packages/airflow/example_dags/example_params_trigger_ui.py
[2026-04-08T13:18:02.925+0530] {processor.py:914} INFO - Processing file /Users/navalyemul/Documents/uptime/airflow_venv/lib/python3.12/site-packages/airflow/example_dags/example_params_trigger_ui.py for tasks to queue
[2026-04-08T13:18:02.926+0530] {logging_mixin.py:190} INFO - [2026-04-08T13:18:02.925+0530] {dagbag.py:588} INFO - Filling up the DagBag from /Users/navalyemul/Documents/uptime/airflow_venv/lib/python3.12/site-packages/airflow/example_dags/example_params_trigger_ui.py
[2026-04-08T13:18:02.946+0530] {processor.py:925} INFO - DAG(s) 'example_params_trigger_ui' retrieved from /Users/navalyemul/Documents/uptime/airflow_venv/lib/python3.12/site-packages/airflow/example_dags/example_params_trigger_ui.py
[2026-04-08T13:18:02.995+0530] {logging_mixin.py:190} INFO - [2026-04-08T13:18:02.994+0530] {dag.py:3239} INFO - Sync 1 DAGs
[2026-04-08T13:18:02.999+0530] {logging_mixin.py:190} INFO - [2026-04-08T13:18:02.999+0530] {dag.py:4180} INFO - Setting next_dagrun for example_params_trigger_ui to None, run_after=None
[2026-04-08T13:18:03.008+0530] {processor.py:208} INFO - Processing /Users/navalyemul/Documents/uptime/airflow_venv/lib/python3.12/site-packages/airflow/example_dags/example_params_trigger_ui.py took 0.085 seconds
[2026-04-08T13:29:11.035+0530] {processor.py:186} INFO - Started process (PID=39595) to work on /Users/navalyemul/Documents/uptime/airflow_venv/lib/python3.12/site-packages/airflow/example_dags/example_params_trigger_ui.py
[2026-04-08T13:29:11.036+0530] {processor.py:914} INFO - Processing file /Users/navalyemul/Documents/uptime/airflow_venv/lib/python3.12/site-packages/airflow/example_dags/example_params_trigger_ui.py for tasks to queue
[2026-04-08T13:29:11.036+0530] {logging_mixin.py:190} INFO - [2026-04-08T13:29:11.036+0530] {dagbag.py:588} INFO - Filling up the DagBag from /Users/navalyemul/Documents/uptime/airflow_venv/lib/python3.12/site-packages/airflow/example_dags/example_params_trigger_ui.py
[2026-04-08T13:29:11.058+0530] {processor.py:925} INFO - DAG(s) 'example_params_trigger_ui' retrieved from /Users/navalyemul/Documents/uptime/airflow_venv/lib/python3.12/site-packages/airflow/example_dags/example_params_trigger_ui.py
[2026-04-08T13:29:11.107+0530] {logging_mixin.py:190} INFO - [2026-04-08T13:29:11.107+0530] {dag.py:3239} INFO - Sync 1 DAGs
[2026-04-08T13:29:11.112+0530] {logging_mixin.py:190} INFO - [2026-04-08T13:29:11.112+0530] {dag.py:4180} INFO - Setting next_dagrun for example_params_trigger_ui to None, run_after=None
[2026-04-08T13:29:11.120+0530] {processor.py:208} INFO - Processing /Users/navalyemul/Documents/uptime/airflow_venv/lib/python3.12/site-packages/airflow/example_dags/example_params_trigger_ui.py took 0.087 seconds
[2026-04-08T13:34:11.273+0530] {processor.py:186} INFO - Started process (PID=40580) to work on /Users/navalyemul/Documents/uptime/airflow_venv/lib/python3.12/site-packages/airflow/example_dags/example_params_trigger_ui.py
[2026-04-08T13:34:11.274+0530] {processor.py:914} INFO - Processing file /Users/navalyemul/Documents/uptime/airflow_venv/lib/python3.12/site-packages/airflow/example_dags/example_params_trigger_ui.py for tasks to queue
[2026-04-08T13:34:11.274+0530] {logging_mixin.py:190} INFO - [2026-04-08T13:34:11.274+0530] {dagbag.py:588} INFO - Filling up the DagBag from /Users/navalyemul/Documents/uptime/airflow_venv/lib/python3.12/site-packages/airflow/example_dags/example_params_trigger_ui.py
[2026-04-08T13:34:11.295+0530] {processor.py:925} INFO - DAG(s) 'example_params_trigger_ui' retrieved from /Users/navalyemul/Documents/uptime/airflow_venv/lib/python3.12/site-packages/airflow/example_dags/example_params_trigger_ui.py
[2026-04-08T13:34:11.343+0530] {logging_mixin.py:190} INFO - [2026-04-08T13:34:11.343+0530] {dag.py:3239} INFO - Sync 1 DAGs
[2026-04-08T13:34:11.348+0530] {logging_mixin.py:190} INFO - [2026-04-08T13:34:11.348+0530] {dag.py:4180} INFO - Setting next_dagrun for example_params_trigger_ui to None, run_after=None
[2026-04-08T13:34:11.356+0530] {processor.py:208} INFO - Processing /Users/navalyemul/Documents/uptime/airflow_venv/lib/python3.12/site-packages/airflow/example_dags/example_params_trigger_ui.py took 0.084 seconds
[2026-04-08T13:35:51.999+0530] {processor.py:186} INFO - Started process (PID=41747) to work on /Users/navalyemul/Documents/uptime/airflow_venv/lib/python3.12/site-packages/airflow/example_dags/example_params_trigger_ui.py
[2026-04-08T13:35:52.000+0530] {processor.py:914} INFO - Processing file /Users/navalyemul/Documents/uptime/airflow_venv/lib/python3.12/site-packages/airflow/example_dags/example_params_trigger_ui.py for tasks to queue
[2026-04-08T13:35:52.000+0530] {logging_mixin.py:190} INFO - [2026-04-08T13:35:52.000+0530] {dagbag.py:588} INFO - Filling up the DagBag from /Users/navalyemul/Documents/uptime/airflow_venv/lib/python3.12/site-packages/airflow/example_dags/example_params_trigger_ui.py
[2026-04-08T13:35:52.022+0530] {processor.py:925} INFO - DAG(s) 'example_params_trigger_ui' retrieved from /Users/navalyemul/Documents/uptime/airflow_venv/lib/python3.12/site-packages/airflow/example_dags/example_params_trigger_ui.py
[2026-04-08T13:35:52.070+0530] {logging_mixin.py:190} INFO - [2026-04-08T13:35:52.069+0530] {dag.py:3239} INFO - Sync 1 DAGs
[2026-04-08T13:35:52.074+0530] {logging_mixin.py:190} INFO - [2026-04-08T13:35:52.074+0530] {dag.py:4180} INFO - Setting next_dagrun for example_params_trigger_ui to None, run_after=None
[2026-04-08T13:35:52.081+0530] {processor.py:208} INFO - Processing /Users/navalyemul/Documents/uptime/airflow_venv/lib/python3.12/site-packages/airflow/example_dags/example_params_trigger_ui.py took 0.084 seconds
[2026-04-08T13:46:42.399+0530] {processor.py:186} INFO - Started process (PID=42660) to work on /Users/navalyemul/Documents/uptime/airflow_venv/lib/python3.12/site-packages/airflow/example_dags/example_params_trigger_ui.py
[2026-04-08T13:46:42.400+0530] {processor.py:914} INFO - Processing file /Users/navalyemul/Documents/uptime/airflow_venv/lib/python3.12/site-packages/airflow/example_dags/example_params_trigger_ui.py for tasks to queue
[2026-04-08T13:46:42.400+0530] {logging_mixin.py:190} INFO - [2026-04-08T13:46:42.400+0530] {dagbag.py:588} INFO - Filling up the DagBag from /Users/navalyemul/Documents/uptime/airflow_venv/lib/python3.12/site-packages/airflow/example_dags/example_params_trigger_ui.py
[2026-04-08T13:46:42.421+0530] {processor.py:925} INFO - DAG(s) 'example_params_trigger_ui' retrieved from /Users/navalyemul/Documents/uptime/airflow_venv/lib/python3.12/site-packages/airflow/example_dags/example_params_trigger_ui.py
[2026-04-08T13:46:42.469+0530] {logging_mixin.py:190} INFO - [2026-04-08T13:46:42.469+0530] {dag.py:3239} INFO - Sync 1 DAGs
[2026-04-08T13:46:42.473+0530] {logging_mixin.py:190} INFO - [2026-04-08T13:46:42.473+0530] {dag.py:4180} INFO - Setting next_dagrun for example_params_trigger_ui to None, run_after=None
[2026-04-08T13:46:42.481+0530] {processor.py:208} INFO - Processing /Users/navalyemul/Documents/uptime/airflow_venv/lib/python3.12/site-packages/airflow/example_dags/example_params_trigger_ui.py took 0.083 seconds
[2026-04-08T13:55:01.120+0530] {processor.py:186} INFO - Started process (PID=43831) to work on /Users/navalyemul/Documents/uptime/airflow_venv/lib/python3.12/site-packages/airflow/example_dags/example_params_trigger_ui.py
[2026-04-08T13:55:01.121+0530] {processor.py:914} INFO - Processing file /Users/navalyemul/Documents/uptime/airflow_venv/lib/python3.12/site-packages/airflow/example_dags/example_params_trigger_ui.py for tasks to queue
[2026-04-08T13:55:01.121+0530] {logging_mixin.py:190} INFO - [2026-04-08T13:55:01.121+0530] {dagbag.py:588} INFO - Filling up the DagBag from /Users/navalyemul/Documents/uptime/airflow_venv/lib/python3.12/site-packages/airflow/example_dags/example_params_trigger_ui.py
[2026-04-08T13:55:01.147+0530] {processor.py:925} INFO - DAG(s) 'example_params_trigger_ui' retrieved from /Users/navalyemul/Documents/uptime/airflow_venv/lib/python3.12/site-packages/airflow/example_dags/example_params_trigger_ui.py
[2026-04-08T13:55:01.200+0530] {logging_mixin.py:190} INFO - [2026-04-08T13:55:01.200+0530] {dag.py:3239} INFO - Sync 1 DAGs
[2026-04-08T13:55:01.209+0530] {logging_mixin.py:190} INFO - [2026-04-08T13:55:01.209+0530] {dag.py:4180} INFO - Setting next_dagrun for example_params_trigger_ui to None, run_after=None
[2026-04-08T13:55:01.219+0530] {processor.py:208} INFO - Processing /Users/navalyemul/Documents/uptime/airflow_venv/lib/python3.12/site-packages/airflow/example_dags/example_params_trigger_ui.py took 0.101 seconds
[2026-04-08T13:56:55.745+0530] {processor.py:186} INFO - Started process (PID=44874) to work on /Users/navalyemul/Documents/uptime/airflow_venv/lib/python3.12/site-packages/airflow/example_dags/example_params_trigger_ui.py
[2026-04-08T13:56:55.746+0530] {processor.py:914} INFO - Processing file /Users/navalyemul/Documents/uptime/airflow_venv/lib/python3.12/site-packages/airflow/example_dags/example_params_trigger_ui.py for tasks to queue
[2026-04-08T13:56:55.747+0530] {logging_mixin.py:190} INFO - [2026-04-08T13:56:55.747+0530] {dagbag.py:588} INFO - Filling up the DagBag from /Users/navalyemul/Documents/uptime/airflow_venv/lib/python3.12/site-packages/airflow/example_dags/example_params_trigger_ui.py
[2026-04-08T13:56:55.768+0530] {processor.py:925} INFO - DAG(s) 'example_params_trigger_ui' retrieved from /Users/navalyemul/Documents/uptime/airflow_venv/lib/python3.12/site-packages/airflow/example_dags/example_params_trigger_ui.py
[2026-04-08T13:56:55.817+0530] {logging_mixin.py:190} INFO - [2026-04-08T13:56:55.817+0530] {dag.py:3239} INFO - Sync 1 DAGs
[2026-04-08T13:56:55.821+0530] {logging_mixin.py:190} INFO - [2026-04-08T13:56:55.821+0530] {dag.py:4180} INFO - Setting next_dagrun for example_params_trigger_ui to None, run_after=None
[2026-04-08T13:56:55.830+0530] {processor.py:208} INFO - Processing /Users/navalyemul/Documents/uptime/airflow_venv/lib/python3.12/site-packages/airflow/example_dags/example_params_trigger_ui.py took 0.086 seconds
[2026-04-08T13:58:44.163+0530] {processor.py:186} INFO - Started process (PID=45954) to work on /Users/navalyemul/Documents/uptime/airflow_venv/lib/python3.12/site-packages/airflow/example_dags/example_params_trigger_ui.py
[2026-04-08T13:58:44.165+0530] {processor.py:914} INFO - Processing file /Users/navalyemul/Documents/uptime/airflow_venv/lib/python3.12/site-packages/airflow/example_dags/example_params_trigger_ui.py for tasks to queue
[2026-04-08T13:58:44.167+0530] {logging_mixin.py:190} INFO - [2026-04-08T13:58:44.166+0530] {dagbag.py:588} INFO - Filling up the DagBag from /Users/navalyemul/Documents/uptime/airflow_venv/lib/python3.12/site-packages/airflow/example_dags/example_params_trigger_ui.py
[2026-04-08T13:58:44.192+0530] {processor.py:925} INFO - DAG(s) 'example_params_trigger_ui' retrieved from /Users/navalyemul/Documents/uptime/airflow_venv/lib/python3.12/site-packages/airflow/example_dags/example_params_trigger_ui.py
[2026-04-08T13:58:44.245+0530] {logging_mixin.py:190} INFO - [2026-04-08T13:58:44.245+0530] {dag.py:3239} INFO - Sync 1 DAGs
[2026-04-08T13:58:44.250+0530] {logging_mixin.py:190} INFO - [2026-04-08T13:58:44.250+0530] {dag.py:4180} INFO - Setting next_dagrun for example_params_trigger_ui to None, run_after=None
[2026-04-08T13:58:44.259+0530] {processor.py:208} INFO - Processing /Users/navalyemul/Documents/uptime/airflow_venv/lib/python3.12/site-packages/airflow/example_dags/example_params_trigger_ui.py took 0.104 seconds
