[2026-04-08T12:44:28.865+0530] {processor.py:186} INFO - Started process (PID=15985) to work on /Users/navalyemul/Documents/uptime/airflow_venv/lib/python3.12/site-packages/airflow/example_dags/example_setup_teardown.py
[2026-04-08T12:44:28.865+0530] {processor.py:914} INFO - Processing file /Users/navalyemul/Documents/uptime/airflow_venv/lib/python3.12/site-packages/airflow/example_dags/example_setup_teardown.py for tasks to queue
[2026-04-08T12:44:28.866+0530] {logging_mixin.py:190} INFO - [2026-04-08T12:44:28.866+0530] {dagbag.py:588} INFO - Filling up the DagBag from /Users/navalyemul/Documents/uptime/airflow_venv/lib/python3.12/site-packages/airflow/example_dags/example_setup_teardown.py
[2026-04-08T12:44:28.872+0530] {processor.py:925} INFO - DAG(s) 'example_setup_teardown' retrieved from /Users/navalyemul/Documents/uptime/airflow_venv/lib/python3.12/site-packages/airflow/example_dags/example_setup_teardown.py
[2026-04-08T12:44:28.957+0530] {logging_mixin.py:190} INFO - [2026-04-08T12:44:28.957+0530] {override.py:1912} INFO - Created Permission View: can delete on DAG:example_setup_teardown
[2026-04-08T12:44:28.962+0530] {logging_mixin.py:190} INFO - [2026-04-08T12:44:28.962+0530] {override.py:1912} INFO - Created Permission View: can read on DAG:example_setup_teardown
[2026-04-08T12:44:28.965+0530] {logging_mixin.py:190} INFO - [2026-04-08T12:44:28.965+0530] {override.py:1912} INFO - Created Permission View: can edit on DAG:example_setup_teardown
[2026-04-08T12:44:28.968+0530] {logging_mixin.py:190} INFO - [2026-04-08T12:44:28.968+0530] {override.py:1912} INFO - Created Permission View: menu access on DAG Run:example_setup_teardown
[2026-04-08T12:44:28.972+0530] {logging_mixin.py:190} INFO - [2026-04-08T12:44:28.971+0530] {override.py:1912} INFO - Created Permission View: can create on DAG Run:example_setup_teardown
[2026-04-08T12:44:28.974+0530] {logging_mixin.py:190} INFO - [2026-04-08T12:44:28.974+0530] {override.py:1912} INFO - Created Permission View: can read on DAG Run:example_setup_teardown
[2026-04-08T12:44:28.977+0530] {logging_mixin.py:190} INFO - [2026-04-08T12:44:28.977+0530] {override.py:1912} INFO - Created Permission View: can delete on DAG Run:example_setup_teardown
[2026-04-08T12:44:28.977+0530] {logging_mixin.py:190} INFO - [2026-04-08T12:44:28.977+0530] {dag.py:3239} INFO - Sync 1 DAGs
[2026-04-08T12:44:28.982+0530] {logging_mixin.py:190} INFO - [2026-04-08T12:44:28.982+0530] {dag.py:3262} INFO - Creating ORM DAG for example_setup_teardown
[2026-04-08T12:44:28.983+0530] {logging_mixin.py:190} INFO - [2026-04-08T12:44:28.983+0530] {dag.py:4180} INFO - Setting next_dagrun for example_setup_teardown to None, run_after=None
[2026-04-08T12:44:28.990+0530] {processor.py:208} INFO - Processing /Users/navalyemul/Documents/uptime/airflow_venv/lib/python3.12/site-packages/airflow/example_dags/example_setup_teardown.py took 0.127 seconds
[2026-04-08T12:47:03.117+0530] {processor.py:186} INFO - Started process (PID=17522) to work on /Users/navalyemul/Documents/uptime/airflow_venv/lib/python3.12/site-packages/airflow/example_dags/example_setup_teardown.py
[2026-04-08T12:47:03.118+0530] {processor.py:914} INFO - Processing file /Users/navalyemul/Documents/uptime/airflow_venv/lib/python3.12/site-packages/airflow/example_dags/example_setup_teardown.py for tasks to queue
[2026-04-08T12:47:03.119+0530] {logging_mixin.py:190} INFO - [2026-04-08T12:47:03.119+0530] {dagbag.py:588} INFO - Filling up the DagBag from /Users/navalyemul/Documents/uptime/airflow_venv/lib/python3.12/site-packages/airflow/example_dags/example_setup_teardown.py
[2026-04-08T12:47:03.126+0530] {processor.py:925} INFO - DAG(s) 'example_setup_teardown' retrieved from /Users/navalyemul/Documents/uptime/airflow_venv/lib/python3.12/site-packages/airflow/example_dags/example_setup_teardown.py
[2026-04-08T12:47:03.174+0530] {logging_mixin.py:190} INFO - [2026-04-08T12:47:03.174+0530] {dag.py:3239} INFO - Sync 1 DAGs
[2026-04-08T12:47:03.179+0530] {logging_mixin.py:190} INFO - [2026-04-08T12:47:03.179+0530] {dag.py:4180} INFO - Setting next_dagrun for example_setup_teardown to None, run_after=None
[2026-04-08T12:47:03.190+0530] {processor.py:208} INFO - Processing /Users/navalyemul/Documents/uptime/airflow_venv/lib/python3.12/site-packages/airflow/example_dags/example_setup_teardown.py took 0.077 seconds
[2026-04-08T12:48:58.400+0530] {processor.py:186} INFO - Started process (PID=18839) to work on /Users/navalyemul/Documents/uptime/airflow_venv/lib/python3.12/site-packages/airflow/example_dags/example_setup_teardown.py
[2026-04-08T12:48:58.401+0530] {processor.py:914} INFO - Processing file /Users/navalyemul/Documents/uptime/airflow_venv/lib/python3.12/site-packages/airflow/example_dags/example_setup_teardown.py for tasks to queue
[2026-04-08T12:48:58.401+0530] {logging_mixin.py:190} INFO - [2026-04-08T12:48:58.401+0530] {dagbag.py:588} INFO - Filling up the DagBag from /Users/navalyemul/Documents/uptime/airflow_venv/lib/python3.12/site-packages/airflow/example_dags/example_setup_teardown.py
[2026-04-08T12:48:58.405+0530] {processor.py:925} INFO - DAG(s) 'example_setup_teardown' retrieved from /Users/navalyemul/Documents/uptime/airflow_venv/lib/python3.12/site-packages/airflow/example_dags/example_setup_teardown.py
[2026-04-08T12:48:58.446+0530] {logging_mixin.py:190} INFO - [2026-04-08T12:48:58.446+0530] {dag.py:3239} INFO - Sync 1 DAGs
[2026-04-08T12:48:58.450+0530] {logging_mixin.py:190} INFO - [2026-04-08T12:48:58.450+0530] {dag.py:4180} INFO - Setting next_dagrun for example_setup_teardown to None, run_after=None
[2026-04-08T12:48:58.460+0530] {processor.py:208} INFO - Processing /Users/navalyemul/Documents/uptime/airflow_venv/lib/python3.12/site-packages/airflow/example_dags/example_setup_teardown.py took 0.062 seconds
[2026-04-08T12:50:21.686+0530] {processor.py:186} INFO - Started process (PID=19799) to work on /Users/navalyemul/Documents/uptime/airflow_venv/lib/python3.12/site-packages/airflow/example_dags/example_setup_teardown.py
[2026-04-08T12:50:21.687+0530] {processor.py:914} INFO - Processing file /Users/navalyemul/Documents/uptime/airflow_venv/lib/python3.12/site-packages/airflow/example_dags/example_setup_teardown.py for tasks to queue
[2026-04-08T12:50:21.687+0530] {logging_mixin.py:190} INFO - [2026-04-08T12:50:21.687+0530] {dagbag.py:588} INFO - Filling up the DagBag from /Users/navalyemul/Documents/uptime/airflow_venv/lib/python3.12/site-packages/airflow/example_dags/example_setup_teardown.py
[2026-04-08T12:50:21.692+0530] {processor.py:925} INFO - DAG(s) 'example_setup_teardown' retrieved from /Users/navalyemul/Documents/uptime/airflow_venv/lib/python3.12/site-packages/airflow/example_dags/example_setup_teardown.py
[2026-04-08T12:50:21.733+0530] {logging_mixin.py:190} INFO - [2026-04-08T12:50:21.733+0530] {dag.py:3239} INFO - Sync 1 DAGs
[2026-04-08T12:50:21.737+0530] {logging_mixin.py:190} INFO - [2026-04-08T12:50:21.737+0530] {dag.py:4180} INFO - Setting next_dagrun for example_setup_teardown to None, run_after=None
[2026-04-08T12:50:21.745+0530] {processor.py:208} INFO - Processing /Users/navalyemul/Documents/uptime/airflow_venv/lib/python3.12/site-packages/airflow/example_dags/example_setup_teardown.py took 0.061 seconds
[2026-04-08T12:51:55.229+0530] {processor.py:186} INFO - Started process (PID=20721) to work on /Users/navalyemul/Documents/uptime/airflow_venv/lib/python3.12/site-packages/airflow/example_dags/example_setup_teardown.py
[2026-04-08T12:51:55.230+0530] {processor.py:914} INFO - Processing file /Users/navalyemul/Documents/uptime/airflow_venv/lib/python3.12/site-packages/airflow/example_dags/example_setup_teardown.py for tasks to queue
[2026-04-08T12:51:55.230+0530] {logging_mixin.py:190} INFO - [2026-04-08T12:51:55.230+0530] {dagbag.py:588} INFO - Filling up the DagBag from /Users/navalyemul/Documents/uptime/airflow_venv/lib/python3.12/site-packages/airflow/example_dags/example_setup_teardown.py
[2026-04-08T12:51:55.235+0530] {processor.py:925} INFO - DAG(s) 'example_setup_teardown' retrieved from /Users/navalyemul/Documents/uptime/airflow_venv/lib/python3.12/site-packages/airflow/example_dags/example_setup_teardown.py
[2026-04-08T12:51:55.278+0530] {logging_mixin.py:190} INFO - [2026-04-08T12:51:55.278+0530] {dag.py:3239} INFO - Sync 1 DAGs
[2026-04-08T12:51:55.282+0530] {logging_mixin.py:190} INFO - [2026-04-08T12:51:55.282+0530] {dag.py:4180} INFO - Setting next_dagrun for example_setup_teardown to None, run_after=None
[2026-04-08T12:51:55.292+0530] {processor.py:208} INFO - Processing /Users/navalyemul/Documents/uptime/airflow_venv/lib/python3.12/site-packages/airflow/example_dags/example_setup_teardown.py took 0.065 seconds
[2026-04-08T12:53:44.810+0530] {processor.py:186} INFO - Started process (PID=21671) to work on /Users/navalyemul/Documents/uptime/airflow_venv/lib/python3.12/site-packages/airflow/example_dags/example_setup_teardown.py
[2026-04-08T12:53:44.811+0530] {processor.py:914} INFO - Processing file /Users/navalyemul/Documents/uptime/airflow_venv/lib/python3.12/site-packages/airflow/example_dags/example_setup_teardown.py for tasks to queue
[2026-04-08T12:53:44.813+0530] {logging_mixin.py:190} INFO - [2026-04-08T12:53:44.812+0530] {dagbag.py:588} INFO - Filling up the DagBag from /Users/navalyemul/Documents/uptime/airflow_venv/lib/python3.12/site-packages/airflow/example_dags/example_setup_teardown.py
[2026-04-08T12:53:44.819+0530] {processor.py:925} INFO - DAG(s) 'example_setup_teardown' retrieved from /Users/navalyemul/Documents/uptime/airflow_venv/lib/python3.12/site-packages/airflow/example_dags/example_setup_teardown.py
[2026-04-08T12:53:44.869+0530] {logging_mixin.py:190} INFO - [2026-04-08T12:53:44.869+0530] {dag.py:3239} INFO - Sync 1 DAGs
[2026-04-08T12:53:44.876+0530] {logging_mixin.py:190} INFO - [2026-04-08T12:53:44.876+0530] {dag.py:4180} INFO - Setting next_dagrun for example_setup_teardown to None, run_after=None
[2026-04-08T12:53:44.890+0530] {processor.py:208} INFO - Processing /Users/navalyemul/Documents/uptime/airflow_venv/lib/python3.12/site-packages/airflow/example_dags/example_setup_teardown.py took 0.082 seconds
[2026-04-08T12:55:30.991+0530] {processor.py:186} INFO - Started process (PID=22554) to work on /Users/navalyemul/Documents/uptime/airflow_venv/lib/python3.12/site-packages/airflow/example_dags/example_setup_teardown.py
[2026-04-08T12:55:30.992+0530] {processor.py:914} INFO - Processing file /Users/navalyemul/Documents/uptime/airflow_venv/lib/python3.12/site-packages/airflow/example_dags/example_setup_teardown.py for tasks to queue
[2026-04-08T12:55:30.993+0530] {logging_mixin.py:190} INFO - [2026-04-08T12:55:30.993+0530] {dagbag.py:588} INFO - Filling up the DagBag from /Users/navalyemul/Documents/uptime/airflow_venv/lib/python3.12/site-packages/airflow/example_dags/example_setup_teardown.py
[2026-04-08T12:55:30.998+0530] {processor.py:925} INFO - DAG(s) 'example_setup_teardown' retrieved from /Users/navalyemul/Documents/uptime/airflow_venv/lib/python3.12/site-packages/airflow/example_dags/example_setup_teardown.py
[2026-04-08T12:55:31.043+0530] {logging_mixin.py:190} INFO - [2026-04-08T12:55:31.042+0530] {dag.py:3239} INFO - Sync 1 DAGs
[2026-04-08T12:55:31.047+0530] {logging_mixin.py:190} INFO - [2026-04-08T12:55:31.047+0530] {dag.py:4180} INFO - Setting next_dagrun for example_setup_teardown to None, run_after=None
[2026-04-08T12:55:31.056+0530] {processor.py:208} INFO - Processing /Users/navalyemul/Documents/uptime/airflow_venv/lib/python3.12/site-packages/airflow/example_dags/example_setup_teardown.py took 0.067 seconds
[2026-04-08T12:57:03.666+0530] {processor.py:186} INFO - Started process (PID=23536) to work on /Users/navalyemul/Documents/uptime/airflow_venv/lib/python3.12/site-packages/airflow/example_dags/example_setup_teardown.py
[2026-04-08T12:57:03.667+0530] {processor.py:914} INFO - Processing file /Users/navalyemul/Documents/uptime/airflow_venv/lib/python3.12/site-packages/airflow/example_dags/example_setup_teardown.py for tasks to queue
[2026-04-08T12:57:03.667+0530] {logging_mixin.py:190} INFO - [2026-04-08T12:57:03.667+0530] {dagbag.py:588} INFO - Filling up the DagBag from /Users/navalyemul/Documents/uptime/airflow_venv/lib/python3.12/site-packages/airflow/example_dags/example_setup_teardown.py
[2026-04-08T12:57:03.672+0530] {processor.py:925} INFO - DAG(s) 'example_setup_teardown' retrieved from /Users/navalyemul/Documents/uptime/airflow_venv/lib/python3.12/site-packages/airflow/example_dags/example_setup_teardown.py
[2026-04-08T12:57:03.714+0530] {logging_mixin.py:190} INFO - [2026-04-08T12:57:03.714+0530] {dag.py:3239} INFO - Sync 1 DAGs
[2026-04-08T12:57:03.719+0530] {logging_mixin.py:190} INFO - [2026-04-08T12:57:03.719+0530] {dag.py:4180} INFO - Setting next_dagrun for example_setup_teardown to None, run_after=None
[2026-04-08T12:57:03.729+0530] {processor.py:208} INFO - Processing /Users/navalyemul/Documents/uptime/airflow_venv/lib/python3.12/site-packages/airflow/example_dags/example_setup_teardown.py took 0.065 seconds
[2026-04-08T12:58:32.315+0530] {processor.py:186} INFO - Started process (PID=24459) to work on /Users/navalyemul/Documents/uptime/airflow_venv/lib/python3.12/site-packages/airflow/example_dags/example_setup_teardown.py
[2026-04-08T12:58:32.316+0530] {processor.py:914} INFO - Processing file /Users/navalyemul/Documents/uptime/airflow_venv/lib/python3.12/site-packages/airflow/example_dags/example_setup_teardown.py for tasks to queue
[2026-04-08T12:58:32.317+0530] {logging_mixin.py:190} INFO - [2026-04-08T12:58:32.317+0530] {dagbag.py:588} INFO - Filling up the DagBag from /Users/navalyemul/Documents/uptime/airflow_venv/lib/python3.12/site-packages/airflow/example_dags/example_setup_teardown.py
[2026-04-08T12:58:32.322+0530] {processor.py:925} INFO - DAG(s) 'example_setup_teardown' retrieved from /Users/navalyemul/Documents/uptime/airflow_venv/lib/python3.12/site-packages/airflow/example_dags/example_setup_teardown.py
[2026-04-08T12:58:32.364+0530] {logging_mixin.py:190} INFO - [2026-04-08T12:58:32.364+0530] {dag.py:3239} INFO - Sync 1 DAGs
[2026-04-08T12:58:32.370+0530] {logging_mixin.py:190} INFO - [2026-04-08T12:58:32.370+0530] {dag.py:4180} INFO - Setting next_dagrun for example_setup_teardown to None, run_after=None
[2026-04-08T12:58:32.380+0530] {processor.py:208} INFO - Processing /Users/navalyemul/Documents/uptime/airflow_venv/lib/python3.12/site-packages/airflow/example_dags/example_setup_teardown.py took 0.067 seconds
[2026-04-08T12:59:56.590+0530] {processor.py:186} INFO - Started process (PID=25393) to work on /Users/navalyemul/Documents/uptime/airflow_venv/lib/python3.12/site-packages/airflow/example_dags/example_setup_teardown.py
[2026-04-08T12:59:56.591+0530] {processor.py:914} INFO - Processing file /Users/navalyemul/Documents/uptime/airflow_venv/lib/python3.12/site-packages/airflow/example_dags/example_setup_teardown.py for tasks to queue
[2026-04-08T12:59:56.591+0530] {logging_mixin.py:190} INFO - [2026-04-08T12:59:56.591+0530] {dagbag.py:588} INFO - Filling up the DagBag from /Users/navalyemul/Documents/uptime/airflow_venv/lib/python3.12/site-packages/airflow/example_dags/example_setup_teardown.py
[2026-04-08T12:59:56.595+0530] {processor.py:925} INFO - DAG(s) 'example_setup_teardown' retrieved from /Users/navalyemul/Documents/uptime/airflow_venv/lib/python3.12/site-packages/airflow/example_dags/example_setup_teardown.py
[2026-04-08T12:59:56.636+0530] {logging_mixin.py:190} INFO - [2026-04-08T12:59:56.636+0530] {dag.py:3239} INFO - Sync 1 DAGs
[2026-04-08T12:59:56.640+0530] {logging_mixin.py:190} INFO - [2026-04-08T12:59:56.640+0530] {dag.py:4180} INFO - Setting next_dagrun for example_setup_teardown to None, run_after=None
[2026-04-08T12:59:56.650+0530] {processor.py:208} INFO - Processing /Users/navalyemul/Documents/uptime/airflow_venv/lib/python3.12/site-packages/airflow/example_dags/example_setup_teardown.py took 0.061 seconds
[2026-04-08T13:01:16.659+0530] {processor.py:186} INFO - Started process (PID=26321) to work on /Users/navalyemul/Documents/uptime/airflow_venv/lib/python3.12/site-packages/airflow/example_dags/example_setup_teardown.py
[2026-04-08T13:01:16.660+0530] {processor.py:914} INFO - Processing file /Users/navalyemul/Documents/uptime/airflow_venv/lib/python3.12/site-packages/airflow/example_dags/example_setup_teardown.py for tasks to queue
[2026-04-08T13:01:16.661+0530] {logging_mixin.py:190} INFO - [2026-04-08T13:01:16.661+0530] {dagbag.py:588} INFO - Filling up the DagBag from /Users/navalyemul/Documents/uptime/airflow_venv/lib/python3.12/site-packages/airflow/example_dags/example_setup_teardown.py
[2026-04-08T13:01:16.666+0530] {processor.py:925} INFO - DAG(s) 'example_setup_teardown' retrieved from /Users/navalyemul/Documents/uptime/airflow_venv/lib/python3.12/site-packages/airflow/example_dags/example_setup_teardown.py
[2026-04-08T13:01:16.709+0530] {logging_mixin.py:190} INFO - [2026-04-08T13:01:16.709+0530] {dag.py:3239} INFO - Sync 1 DAGs
[2026-04-08T13:01:16.714+0530] {logging_mixin.py:190} INFO - [2026-04-08T13:01:16.714+0530] {dag.py:4180} INFO - Setting next_dagrun for example_setup_teardown to None, run_after=None
[2026-04-08T13:01:16.724+0530] {processor.py:208} INFO - Processing /Users/navalyemul/Documents/uptime/airflow_venv/lib/python3.12/site-packages/airflow/example_dags/example_setup_teardown.py took 0.067 seconds
[2026-04-08T13:02:37.457+0530] {processor.py:186} INFO - Started process (PID=27243) to work on /Users/navalyemul/Documents/uptime/airflow_venv/lib/python3.12/site-packages/airflow/example_dags/example_setup_teardown.py
[2026-04-08T13:02:37.458+0530] {processor.py:914} INFO - Processing file /Users/navalyemul/Documents/uptime/airflow_venv/lib/python3.12/site-packages/airflow/example_dags/example_setup_teardown.py for tasks to queue
[2026-04-08T13:02:37.459+0530] {logging_mixin.py:190} INFO - [2026-04-08T13:02:37.459+0530] {dagbag.py:588} INFO - Filling up the DagBag from /Users/navalyemul/Documents/uptime/airflow_venv/lib/python3.12/site-packages/airflow/example_dags/example_setup_teardown.py
[2026-04-08T13:02:37.465+0530] {processor.py:925} INFO - DAG(s) 'example_setup_teardown' retrieved from /Users/navalyemul/Documents/uptime/airflow_venv/lib/python3.12/site-packages/airflow/example_dags/example_setup_teardown.py
[2026-04-08T13:02:37.506+0530] {logging_mixin.py:190} INFO - [2026-04-08T13:02:37.506+0530] {dag.py:3239} INFO - Sync 1 DAGs
[2026-04-08T13:02:37.510+0530] {logging_mixin.py:190} INFO - [2026-04-08T13:02:37.510+0530] {dag.py:4180} INFO - Setting next_dagrun for example_setup_teardown to None, run_after=None
[2026-04-08T13:02:37.519+0530] {processor.py:208} INFO - Processing /Users/navalyemul/Documents/uptime/airflow_venv/lib/python3.12/site-packages/airflow/example_dags/example_setup_teardown.py took 0.063 seconds
[2026-04-08T13:04:02.615+0530] {processor.py:186} INFO - Started process (PID=28267) to work on /Users/navalyemul/Documents/uptime/airflow_venv/lib/python3.12/site-packages/airflow/example_dags/example_setup_teardown.py
[2026-04-08T13:04:02.616+0530] {processor.py:914} INFO - Processing file /Users/navalyemul/Documents/uptime/airflow_venv/lib/python3.12/site-packages/airflow/example_dags/example_setup_teardown.py for tasks to queue
[2026-04-08T13:04:02.617+0530] {logging_mixin.py:190} INFO - [2026-04-08T13:04:02.617+0530] {dagbag.py:588} INFO - Filling up the DagBag from /Users/navalyemul/Documents/uptime/airflow_venv/lib/python3.12/site-packages/airflow/example_dags/example_setup_teardown.py
[2026-04-08T13:04:02.624+0530] {processor.py:925} INFO - DAG(s) 'example_setup_teardown' retrieved from /Users/navalyemul/Documents/uptime/airflow_venv/lib/python3.12/site-packages/airflow/example_dags/example_setup_teardown.py
[2026-04-08T13:04:02.670+0530] {logging_mixin.py:190} INFO - [2026-04-08T13:04:02.670+0530] {dag.py:3239} INFO - Sync 1 DAGs
[2026-04-08T13:04:02.676+0530] {logging_mixin.py:190} INFO - [2026-04-08T13:04:02.676+0530] {dag.py:4180} INFO - Setting next_dagrun for example_setup_teardown to None, run_after=None
[2026-04-08T13:04:02.685+0530] {processor.py:208} INFO - Processing /Users/navalyemul/Documents/uptime/airflow_venv/lib/python3.12/site-packages/airflow/example_dags/example_setup_teardown.py took 0.074 seconds
[2026-04-08T13:05:25.960+0530] {processor.py:186} INFO - Started process (PID=29195) to work on /Users/navalyemul/Documents/uptime/airflow_venv/lib/python3.12/site-packages/airflow/example_dags/example_setup_teardown.py
[2026-04-08T13:05:25.960+0530] {processor.py:914} INFO - Processing file /Users/navalyemul/Documents/uptime/airflow_venv/lib/python3.12/site-packages/airflow/example_dags/example_setup_teardown.py for tasks to queue
[2026-04-08T13:05:25.961+0530] {logging_mixin.py:190} INFO - [2026-04-08T13:05:25.961+0530] {dagbag.py:588} INFO - Filling up the DagBag from /Users/navalyemul/Documents/uptime/airflow_venv/lib/python3.12/site-packages/airflow/example_dags/example_setup_teardown.py
[2026-04-08T13:05:25.965+0530] {processor.py:925} INFO - DAG(s) 'example_setup_teardown' retrieved from /Users/navalyemul/Documents/uptime/airflow_venv/lib/python3.12/site-packages/airflow/example_dags/example_setup_teardown.py
[2026-04-08T13:05:26.007+0530] {logging_mixin.py:190} INFO - [2026-04-08T13:05:26.006+0530] {dag.py:3239} INFO - Sync 1 DAGs
[2026-04-08T13:05:26.011+0530] {logging_mixin.py:190} INFO - [2026-04-08T13:05:26.011+0530] {dag.py:4180} INFO - Setting next_dagrun for example_setup_teardown to None, run_after=None
[2026-04-08T13:05:26.020+0530] {processor.py:208} INFO - Processing /Users/navalyemul/Documents/uptime/airflow_venv/lib/python3.12/site-packages/airflow/example_dags/example_setup_teardown.py took 0.062 seconds
[2026-04-08T13:06:48.994+0530] {processor.py:186} INFO - Started process (PID=30099) to work on /Users/navalyemul/Documents/uptime/airflow_venv/lib/python3.12/site-packages/airflow/example_dags/example_setup_teardown.py
[2026-04-08T13:06:48.995+0530] {processor.py:914} INFO - Processing file /Users/navalyemul/Documents/uptime/airflow_venv/lib/python3.12/site-packages/airflow/example_dags/example_setup_teardown.py for tasks to queue
[2026-04-08T13:06:48.996+0530] {logging_mixin.py:190} INFO - [2026-04-08T13:06:48.996+0530] {dagbag.py:588} INFO - Filling up the DagBag from /Users/navalyemul/Documents/uptime/airflow_venv/lib/python3.12/site-packages/airflow/example_dags/example_setup_teardown.py
[2026-04-08T13:06:49.000+0530] {processor.py:925} INFO - DAG(s) 'example_setup_teardown' retrieved from /Users/navalyemul/Documents/uptime/airflow_venv/lib/python3.12/site-packages/airflow/example_dags/example_setup_teardown.py
[2026-04-08T13:06:49.043+0530] {logging_mixin.py:190} INFO - [2026-04-08T13:06:49.043+0530] {dag.py:3239} INFO - Sync 1 DAGs
[2026-04-08T13:06:49.048+0530] {logging_mixin.py:190} INFO - [2026-04-08T13:06:49.048+0530] {dag.py:4180} INFO - Setting next_dagrun for example_setup_teardown to None, run_after=None
[2026-04-08T13:06:49.058+0530] {processor.py:208} INFO - Processing /Users/navalyemul/Documents/uptime/airflow_venv/lib/python3.12/site-packages/airflow/example_dags/example_setup_teardown.py took 0.065 seconds
[2026-04-08T13:08:13.492+0530] {processor.py:186} INFO - Started process (PID=31014) to work on /Users/navalyemul/Documents/uptime/airflow_venv/lib/python3.12/site-packages/airflow/example_dags/example_setup_teardown.py
[2026-04-08T13:08:13.493+0530] {processor.py:914} INFO - Processing file /Users/navalyemul/Documents/uptime/airflow_venv/lib/python3.12/site-packages/airflow/example_dags/example_setup_teardown.py for tasks to queue
[2026-04-08T13:08:13.493+0530] {logging_mixin.py:190} INFO - [2026-04-08T13:08:13.493+0530] {dagbag.py:588} INFO - Filling up the DagBag from /Users/navalyemul/Documents/uptime/airflow_venv/lib/python3.12/site-packages/airflow/example_dags/example_setup_teardown.py
[2026-04-08T13:08:13.498+0530] {processor.py:925} INFO - DAG(s) 'example_setup_teardown' retrieved from /Users/navalyemul/Documents/uptime/airflow_venv/lib/python3.12/site-packages/airflow/example_dags/example_setup_teardown.py
[2026-04-08T13:08:13.541+0530] {logging_mixin.py:190} INFO - [2026-04-08T13:08:13.541+0530] {dag.py:3239} INFO - Sync 1 DAGs
[2026-04-08T13:08:13.545+0530] {logging_mixin.py:190} INFO - [2026-04-08T13:08:13.545+0530] {dag.py:4180} INFO - Setting next_dagrun for example_setup_teardown to None, run_after=None
[2026-04-08T13:08:13.554+0530] {processor.py:208} INFO - Processing /Users/navalyemul/Documents/uptime/airflow_venv/lib/python3.12/site-packages/airflow/example_dags/example_setup_teardown.py took 0.064 seconds
[2026-04-08T13:09:35.135+0530] {processor.py:186} INFO - Started process (PID=31905) to work on /Users/navalyemul/Documents/uptime/airflow_venv/lib/python3.12/site-packages/airflow/example_dags/example_setup_teardown.py
[2026-04-08T13:09:35.136+0530] {processor.py:914} INFO - Processing file /Users/navalyemul/Documents/uptime/airflow_venv/lib/python3.12/site-packages/airflow/example_dags/example_setup_teardown.py for tasks to queue
[2026-04-08T13:09:35.137+0530] {logging_mixin.py:190} INFO - [2026-04-08T13:09:35.137+0530] {dagbag.py:588} INFO - Filling up the DagBag from /Users/navalyemul/Documents/uptime/airflow_venv/lib/python3.12/site-packages/airflow/example_dags/example_setup_teardown.py
[2026-04-08T13:09:35.142+0530] {processor.py:925} INFO - DAG(s) 'example_setup_teardown' retrieved from /Users/navalyemul/Documents/uptime/airflow_venv/lib/python3.12/site-packages/airflow/example_dags/example_setup_teardown.py
[2026-04-08T13:09:35.185+0530] {logging_mixin.py:190} INFO - [2026-04-08T13:09:35.185+0530] {dag.py:3239} INFO - Sync 1 DAGs
[2026-04-08T13:09:35.191+0530] {logging_mixin.py:190} INFO - [2026-04-08T13:09:35.191+0530] {dag.py:4180} INFO - Setting next_dagrun for example_setup_teardown to None, run_after=None
[2026-04-08T13:09:35.202+0530] {processor.py:208} INFO - Processing /Users/navalyemul/Documents/uptime/airflow_venv/lib/python3.12/site-packages/airflow/example_dags/example_setup_teardown.py took 0.069 seconds
[2026-04-08T13:10:57.191+0530] {processor.py:186} INFO - Started process (PID=32872) to work on /Users/navalyemul/Documents/uptime/airflow_venv/lib/python3.12/site-packages/airflow/example_dags/example_setup_teardown.py
[2026-04-08T13:10:57.191+0530] {processor.py:914} INFO - Processing file /Users/navalyemul/Documents/uptime/airflow_venv/lib/python3.12/site-packages/airflow/example_dags/example_setup_teardown.py for tasks to queue
[2026-04-08T13:10:57.192+0530] {logging_mixin.py:190} INFO - [2026-04-08T13:10:57.192+0530] {dagbag.py:588} INFO - Filling up the DagBag from /Users/navalyemul/Documents/uptime/airflow_venv/lib/python3.12/site-packages/airflow/example_dags/example_setup_teardown.py
[2026-04-08T13:10:57.197+0530] {processor.py:925} INFO - DAG(s) 'example_setup_teardown' retrieved from /Users/navalyemul/Documents/uptime/airflow_venv/lib/python3.12/site-packages/airflow/example_dags/example_setup_teardown.py
[2026-04-08T13:10:57.239+0530] {logging_mixin.py:190} INFO - [2026-04-08T13:10:57.239+0530] {dag.py:3239} INFO - Sync 1 DAGs
[2026-04-08T13:10:57.243+0530] {logging_mixin.py:190} INFO - [2026-04-08T13:10:57.243+0530] {dag.py:4180} INFO - Setting next_dagrun for example_setup_teardown to None, run_after=None
[2026-04-08T13:10:57.253+0530] {processor.py:208} INFO - Processing /Users/navalyemul/Documents/uptime/airflow_venv/lib/python3.12/site-packages/airflow/example_dags/example_setup_teardown.py took 0.064 seconds
[2026-04-08T13:12:20.682+0530] {processor.py:186} INFO - Started process (PID=33778) to work on /Users/navalyemul/Documents/uptime/airflow_venv/lib/python3.12/site-packages/airflow/example_dags/example_setup_teardown.py
[2026-04-08T13:12:20.683+0530] {processor.py:914} INFO - Processing file /Users/navalyemul/Documents/uptime/airflow_venv/lib/python3.12/site-packages/airflow/example_dags/example_setup_teardown.py for tasks to queue
[2026-04-08T13:12:20.683+0530] {logging_mixin.py:190} INFO - [2026-04-08T13:12:20.683+0530] {dagbag.py:588} INFO - Filling up the DagBag from /Users/navalyemul/Documents/uptime/airflow_venv/lib/python3.12/site-packages/airflow/example_dags/example_setup_teardown.py
[2026-04-08T13:12:20.688+0530] {processor.py:925} INFO - DAG(s) 'example_setup_teardown' retrieved from /Users/navalyemul/Documents/uptime/airflow_venv/lib/python3.12/site-packages/airflow/example_dags/example_setup_teardown.py
[2026-04-08T13:12:20.733+0530] {logging_mixin.py:190} INFO - [2026-04-08T13:12:20.733+0530] {dag.py:3239} INFO - Sync 1 DAGs
[2026-04-08T13:12:20.737+0530] {logging_mixin.py:190} INFO - [2026-04-08T13:12:20.737+0530] {dag.py:4180} INFO - Setting next_dagrun for example_setup_teardown to None, run_after=None
[2026-04-08T13:12:20.746+0530] {processor.py:208} INFO - Processing /Users/navalyemul/Documents/uptime/airflow_venv/lib/python3.12/site-packages/airflow/example_dags/example_setup_teardown.py took 0.066 seconds
[2026-04-08T13:13:43.725+0530] {processor.py:186} INFO - Started process (PID=34702) to work on /Users/navalyemul/Documents/uptime/airflow_venv/lib/python3.12/site-packages/airflow/example_dags/example_setup_teardown.py
[2026-04-08T13:13:43.727+0530] {processor.py:914} INFO - Processing file /Users/navalyemul/Documents/uptime/airflow_venv/lib/python3.12/site-packages/airflow/example_dags/example_setup_teardown.py for tasks to queue
[2026-04-08T13:13:43.727+0530] {logging_mixin.py:190} INFO - [2026-04-08T13:13:43.727+0530] {dagbag.py:588} INFO - Filling up the DagBag from /Users/navalyemul/Documents/uptime/airflow_venv/lib/python3.12/site-packages/airflow/example_dags/example_setup_teardown.py
[2026-04-08T13:13:43.731+0530] {processor.py:925} INFO - DAG(s) 'example_setup_teardown' retrieved from /Users/navalyemul/Documents/uptime/airflow_venv/lib/python3.12/site-packages/airflow/example_dags/example_setup_teardown.py
[2026-04-08T13:13:43.772+0530] {logging_mixin.py:190} INFO - [2026-04-08T13:13:43.772+0530] {dag.py:3239} INFO - Sync 1 DAGs
[2026-04-08T13:13:43.777+0530] {logging_mixin.py:190} INFO - [2026-04-08T13:13:43.777+0530] {dag.py:4180} INFO - Setting next_dagrun for example_setup_teardown to None, run_after=None
[2026-04-08T13:13:43.786+0530] {processor.py:208} INFO - Processing /Users/navalyemul/Documents/uptime/airflow_venv/lib/python3.12/site-packages/airflow/example_dags/example_setup_teardown.py took 0.062 seconds
[2026-04-08T13:15:07.086+0530] {processor.py:186} INFO - Started process (PID=35645) to work on /Users/navalyemul/Documents/uptime/airflow_venv/lib/python3.12/site-packages/airflow/example_dags/example_setup_teardown.py
[2026-04-08T13:15:07.087+0530] {processor.py:914} INFO - Processing file /Users/navalyemul/Documents/uptime/airflow_venv/lib/python3.12/site-packages/airflow/example_dags/example_setup_teardown.py for tasks to queue
[2026-04-08T13:15:07.087+0530] {logging_mixin.py:190} INFO - [2026-04-08T13:15:07.087+0530] {dagbag.py:588} INFO - Filling up the DagBag from /Users/navalyemul/Documents/uptime/airflow_venv/lib/python3.12/site-packages/airflow/example_dags/example_setup_teardown.py
[2026-04-08T13:15:07.092+0530] {processor.py:925} INFO - DAG(s) 'example_setup_teardown' retrieved from /Users/navalyemul/Documents/uptime/airflow_venv/lib/python3.12/site-packages/airflow/example_dags/example_setup_teardown.py
[2026-04-08T13:15:07.133+0530] {logging_mixin.py:190} INFO - [2026-04-08T13:15:07.133+0530] {dag.py:3239} INFO - Sync 1 DAGs
[2026-04-08T13:15:07.138+0530] {logging_mixin.py:190} INFO - [2026-04-08T13:15:07.138+0530] {dag.py:4180} INFO - Setting next_dagrun for example_setup_teardown to None, run_after=None
[2026-04-08T13:15:07.148+0530] {processor.py:208} INFO - Processing /Users/navalyemul/Documents/uptime/airflow_venv/lib/python3.12/site-packages/airflow/example_dags/example_setup_teardown.py took 0.064 seconds
[2026-04-08T13:16:31.398+0530] {processor.py:186} INFO - Started process (PID=36603) to work on /Users/navalyemul/Documents/uptime/airflow_venv/lib/python3.12/site-packages/airflow/example_dags/example_setup_teardown.py
[2026-04-08T13:16:31.399+0530] {processor.py:914} INFO - Processing file /Users/navalyemul/Documents/uptime/airflow_venv/lib/python3.12/site-packages/airflow/example_dags/example_setup_teardown.py for tasks to queue
[2026-04-08T13:16:31.399+0530] {logging_mixin.py:190} INFO - [2026-04-08T13:16:31.399+0530] {dagbag.py:588} INFO - Filling up the DagBag from /Users/navalyemul/Documents/uptime/airflow_venv/lib/python3.12/site-packages/airflow/example_dags/example_setup_teardown.py
[2026-04-08T13:16:31.404+0530] {processor.py:925} INFO - DAG(s) 'example_setup_teardown' retrieved from /Users/navalyemul/Documents/uptime/airflow_venv/lib/python3.12/site-packages/airflow/example_dags/example_setup_teardown.py
[2026-04-08T13:16:31.444+0530] {logging_mixin.py:190} INFO - [2026-04-08T13:16:31.444+0530] {dag.py:3239} INFO - Sync 1 DAGs
[2026-04-08T13:16:31.450+0530] {logging_mixin.py:190} INFO - [2026-04-08T13:16:31.449+0530] {dag.py:4180} INFO - Setting next_dagrun for example_setup_teardown to None, run_after=None
[2026-04-08T13:16:31.460+0530] {processor.py:208} INFO - Processing /Users/navalyemul/Documents/uptime/airflow_venv/lib/python3.12/site-packages/airflow/example_dags/example_setup_teardown.py took 0.063 seconds
[2026-04-08T13:17:54.566+0530] {processor.py:186} INFO - Started process (PID=37534) to work on /Users/navalyemul/Documents/uptime/airflow_venv/lib/python3.12/site-packages/airflow/example_dags/example_setup_teardown.py
[2026-04-08T13:17:54.568+0530] {processor.py:914} INFO - Processing file /Users/navalyemul/Documents/uptime/airflow_venv/lib/python3.12/site-packages/airflow/example_dags/example_setup_teardown.py for tasks to queue
[2026-04-08T13:17:54.568+0530] {logging_mixin.py:190} INFO - [2026-04-08T13:17:54.568+0530] {dagbag.py:588} INFO - Filling up the DagBag from /Users/navalyemul/Documents/uptime/airflow_venv/lib/python3.12/site-packages/airflow/example_dags/example_setup_teardown.py
[2026-04-08T13:17:54.573+0530] {processor.py:925} INFO - DAG(s) 'example_setup_teardown' retrieved from /Users/navalyemul/Documents/uptime/airflow_venv/lib/python3.12/site-packages/airflow/example_dags/example_setup_teardown.py
[2026-04-08T13:17:54.614+0530] {logging_mixin.py:190} INFO - [2026-04-08T13:17:54.614+0530] {dag.py:3239} INFO - Sync 1 DAGs
[2026-04-08T13:17:54.619+0530] {logging_mixin.py:190} INFO - [2026-04-08T13:17:54.619+0530] {dag.py:4180} INFO - Setting next_dagrun for example_setup_teardown to None, run_after=None
[2026-04-08T13:17:54.628+0530] {processor.py:208} INFO - Processing /Users/navalyemul/Documents/uptime/airflow_venv/lib/python3.12/site-packages/airflow/example_dags/example_setup_teardown.py took 0.063 seconds
[2026-04-08T13:19:23.327+0530] {processor.py:186} INFO - Started process (PID=38484) to work on /Users/navalyemul/Documents/uptime/airflow_venv/lib/python3.12/site-packages/airflow/example_dags/example_setup_teardown.py
[2026-04-08T13:19:23.327+0530] {processor.py:914} INFO - Processing file /Users/navalyemul/Documents/uptime/airflow_venv/lib/python3.12/site-packages/airflow/example_dags/example_setup_teardown.py for tasks to queue
[2026-04-08T13:19:23.328+0530] {logging_mixin.py:190} INFO - [2026-04-08T13:19:23.328+0530] {dagbag.py:588} INFO - Filling up the DagBag from /Users/navalyemul/Documents/uptime/airflow_venv/lib/python3.12/site-packages/airflow/example_dags/example_setup_teardown.py
[2026-04-08T13:19:23.333+0530] {processor.py:925} INFO - DAG(s) 'example_setup_teardown' retrieved from /Users/navalyemul/Documents/uptime/airflow_venv/lib/python3.12/site-packages/airflow/example_dags/example_setup_teardown.py
[2026-04-08T13:19:23.375+0530] {logging_mixin.py:190} INFO - [2026-04-08T13:19:23.375+0530] {dag.py:3239} INFO - Sync 1 DAGs
[2026-04-08T13:19:23.380+0530] {logging_mixin.py:190} INFO - [2026-04-08T13:19:23.380+0530] {dag.py:4180} INFO - Setting next_dagrun for example_setup_teardown to None, run_after=None
[2026-04-08T13:19:23.389+0530] {processor.py:208} INFO - Processing /Users/navalyemul/Documents/uptime/airflow_venv/lib/python3.12/site-packages/airflow/example_dags/example_setup_teardown.py took 0.064 seconds
[2026-04-08T13:28:56.743+0530] {processor.py:186} INFO - Started process (PID=39432) to work on /Users/navalyemul/Documents/uptime/airflow_venv/lib/python3.12/site-packages/airflow/example_dags/example_setup_teardown.py
[2026-04-08T13:28:56.744+0530] {processor.py:914} INFO - Processing file /Users/navalyemul/Documents/uptime/airflow_venv/lib/python3.12/site-packages/airflow/example_dags/example_setup_teardown.py for tasks to queue
[2026-04-08T13:28:56.744+0530] {logging_mixin.py:190} INFO - [2026-04-08T13:28:56.744+0530] {dagbag.py:588} INFO - Filling up the DagBag from /Users/navalyemul/Documents/uptime/airflow_venv/lib/python3.12/site-packages/airflow/example_dags/example_setup_teardown.py
[2026-04-08T13:28:56.749+0530] {processor.py:925} INFO - DAG(s) 'example_setup_teardown' retrieved from /Users/navalyemul/Documents/uptime/airflow_venv/lib/python3.12/site-packages/airflow/example_dags/example_setup_teardown.py
[2026-04-08T13:28:56.791+0530] {logging_mixin.py:190} INFO - [2026-04-08T13:28:56.791+0530] {dag.py:3239} INFO - Sync 1 DAGs
[2026-04-08T13:28:56.795+0530] {logging_mixin.py:190} INFO - [2026-04-08T13:28:56.795+0530] {dag.py:4180} INFO - Setting next_dagrun for example_setup_teardown to None, run_after=None
[2026-04-08T13:28:56.804+0530] {processor.py:208} INFO - Processing /Users/navalyemul/Documents/uptime/airflow_venv/lib/python3.12/site-packages/airflow/example_dags/example_setup_teardown.py took 0.063 seconds
[2026-04-08T13:33:57.162+0530] {processor.py:186} INFO - Started process (PID=40390) to work on /Users/navalyemul/Documents/uptime/airflow_venv/lib/python3.12/site-packages/airflow/example_dags/example_setup_teardown.py
[2026-04-08T13:33:57.163+0530] {processor.py:914} INFO - Processing file /Users/navalyemul/Documents/uptime/airflow_venv/lib/python3.12/site-packages/airflow/example_dags/example_setup_teardown.py for tasks to queue
[2026-04-08T13:33:57.164+0530] {logging_mixin.py:190} INFO - [2026-04-08T13:33:57.164+0530] {dagbag.py:588} INFO - Filling up the DagBag from /Users/navalyemul/Documents/uptime/airflow_venv/lib/python3.12/site-packages/airflow/example_dags/example_setup_teardown.py
[2026-04-08T13:33:57.168+0530] {processor.py:925} INFO - DAG(s) 'example_setup_teardown' retrieved from /Users/navalyemul/Documents/uptime/airflow_venv/lib/python3.12/site-packages/airflow/example_dags/example_setup_teardown.py
[2026-04-08T13:33:57.209+0530] {logging_mixin.py:190} INFO - [2026-04-08T13:33:57.209+0530] {dag.py:3239} INFO - Sync 1 DAGs
[2026-04-08T13:33:57.214+0530] {logging_mixin.py:190} INFO - [2026-04-08T13:33:57.213+0530] {dag.py:4180} INFO - Setting next_dagrun for example_setup_teardown to None, run_after=None
[2026-04-08T13:33:57.222+0530] {processor.py:208} INFO - Processing /Users/navalyemul/Documents/uptime/airflow_venv/lib/python3.12/site-packages/airflow/example_dags/example_setup_teardown.py took 0.061 seconds
[2026-04-08T13:35:37.987+0530] {processor.py:186} INFO - Started process (PID=41578) to work on /Users/navalyemul/Documents/uptime/airflow_venv/lib/python3.12/site-packages/airflow/example_dags/example_setup_teardown.py
[2026-04-08T13:35:37.988+0530] {processor.py:914} INFO - Processing file /Users/navalyemul/Documents/uptime/airflow_venv/lib/python3.12/site-packages/airflow/example_dags/example_setup_teardown.py for tasks to queue
[2026-04-08T13:35:37.988+0530] {logging_mixin.py:190} INFO - [2026-04-08T13:35:37.988+0530] {dagbag.py:588} INFO - Filling up the DagBag from /Users/navalyemul/Documents/uptime/airflow_venv/lib/python3.12/site-packages/airflow/example_dags/example_setup_teardown.py
[2026-04-08T13:35:37.993+0530] {processor.py:925} INFO - DAG(s) 'example_setup_teardown' retrieved from /Users/navalyemul/Documents/uptime/airflow_venv/lib/python3.12/site-packages/airflow/example_dags/example_setup_teardown.py
[2026-04-08T13:35:38.033+0530] {logging_mixin.py:190} INFO - [2026-04-08T13:35:38.033+0530] {dag.py:3239} INFO - Sync 1 DAGs
[2026-04-08T13:35:38.038+0530] {logging_mixin.py:190} INFO - [2026-04-08T13:35:38.038+0530] {dag.py:4180} INFO - Setting next_dagrun for example_setup_teardown to None, run_after=None
[2026-04-08T13:35:38.047+0530] {processor.py:208} INFO - Processing /Users/navalyemul/Documents/uptime/airflow_venv/lib/python3.12/site-packages/airflow/example_dags/example_setup_teardown.py took 0.061 seconds
[2026-04-08T13:46:28.314+0530] {processor.py:186} INFO - Started process (PID=42486) to work on /Users/navalyemul/Documents/uptime/airflow_venv/lib/python3.12/site-packages/airflow/example_dags/example_setup_teardown.py
[2026-04-08T13:46:28.314+0530] {processor.py:914} INFO - Processing file /Users/navalyemul/Documents/uptime/airflow_venv/lib/python3.12/site-packages/airflow/example_dags/example_setup_teardown.py for tasks to queue
[2026-04-08T13:46:28.315+0530] {logging_mixin.py:190} INFO - [2026-04-08T13:46:28.315+0530] {dagbag.py:588} INFO - Filling up the DagBag from /Users/navalyemul/Documents/uptime/airflow_venv/lib/python3.12/site-packages/airflow/example_dags/example_setup_teardown.py
[2026-04-08T13:46:28.320+0530] {processor.py:925} INFO - DAG(s) 'example_setup_teardown' retrieved from /Users/navalyemul/Documents/uptime/airflow_venv/lib/python3.12/site-packages/airflow/example_dags/example_setup_teardown.py
[2026-04-08T13:46:28.360+0530] {logging_mixin.py:190} INFO - [2026-04-08T13:46:28.360+0530] {dag.py:3239} INFO - Sync 1 DAGs
[2026-04-08T13:46:28.365+0530] {logging_mixin.py:190} INFO - [2026-04-08T13:46:28.365+0530] {dag.py:4180} INFO - Setting next_dagrun for example_setup_teardown to None, run_after=None
[2026-04-08T13:46:28.375+0530] {processor.py:208} INFO - Processing /Users/navalyemul/Documents/uptime/airflow_venv/lib/python3.12/site-packages/airflow/example_dags/example_setup_teardown.py took 0.063 seconds
[2026-04-08T13:54:46.912+0530] {processor.py:186} INFO - Started process (PID=43671) to work on /Users/navalyemul/Documents/uptime/airflow_venv/lib/python3.12/site-packages/airflow/example_dags/example_setup_teardown.py
[2026-04-08T13:54:46.913+0530] {processor.py:914} INFO - Processing file /Users/navalyemul/Documents/uptime/airflow_venv/lib/python3.12/site-packages/airflow/example_dags/example_setup_teardown.py for tasks to queue
[2026-04-08T13:54:46.913+0530] {logging_mixin.py:190} INFO - [2026-04-08T13:54:46.913+0530] {dagbag.py:588} INFO - Filling up the DagBag from /Users/navalyemul/Documents/uptime/airflow_venv/lib/python3.12/site-packages/airflow/example_dags/example_setup_teardown.py
[2026-04-08T13:54:46.918+0530] {processor.py:925} INFO - DAG(s) 'example_setup_teardown' retrieved from /Users/navalyemul/Documents/uptime/airflow_venv/lib/python3.12/site-packages/airflow/example_dags/example_setup_teardown.py
[2026-04-08T13:54:46.960+0530] {logging_mixin.py:190} INFO - [2026-04-08T13:54:46.960+0530] {dag.py:3239} INFO - Sync 1 DAGs
[2026-04-08T13:54:46.964+0530] {logging_mixin.py:190} INFO - [2026-04-08T13:54:46.964+0530] {dag.py:4180} INFO - Setting next_dagrun for example_setup_teardown to None, run_after=None
[2026-04-08T13:54:46.973+0530] {processor.py:208} INFO - Processing /Users/navalyemul/Documents/uptime/airflow_venv/lib/python3.12/site-packages/airflow/example_dags/example_setup_teardown.py took 0.063 seconds
[2026-04-08T13:56:42.424+0530] {processor.py:186} INFO - Started process (PID=44737) to work on /Users/navalyemul/Documents/uptime/airflow_venv/lib/python3.12/site-packages/airflow/example_dags/example_setup_teardown.py
[2026-04-08T13:56:42.425+0530] {processor.py:914} INFO - Processing file /Users/navalyemul/Documents/uptime/airflow_venv/lib/python3.12/site-packages/airflow/example_dags/example_setup_teardown.py for tasks to queue
[2026-04-08T13:56:42.426+0530] {logging_mixin.py:190} INFO - [2026-04-08T13:56:42.426+0530] {dagbag.py:588} INFO - Filling up the DagBag from /Users/navalyemul/Documents/uptime/airflow_venv/lib/python3.12/site-packages/airflow/example_dags/example_setup_teardown.py
[2026-04-08T13:56:42.430+0530] {processor.py:925} INFO - DAG(s) 'example_setup_teardown' retrieved from /Users/navalyemul/Documents/uptime/airflow_venv/lib/python3.12/site-packages/airflow/example_dags/example_setup_teardown.py
[2026-04-08T13:56:42.473+0530] {logging_mixin.py:190} INFO - [2026-04-08T13:56:42.473+0530] {dag.py:3239} INFO - Sync 1 DAGs
[2026-04-08T13:56:42.477+0530] {logging_mixin.py:190} INFO - [2026-04-08T13:56:42.477+0530] {dag.py:4180} INFO - Setting next_dagrun for example_setup_teardown to None, run_after=None
[2026-04-08T13:56:42.486+0530] {processor.py:208} INFO - Processing /Users/navalyemul/Documents/uptime/airflow_venv/lib/python3.12/site-packages/airflow/example_dags/example_setup_teardown.py took 0.064 seconds
[2026-04-08T13:58:27.844+0530] {processor.py:186} INFO - Started process (PID=45783) to work on /Users/navalyemul/Documents/uptime/airflow_venv/lib/python3.12/site-packages/airflow/example_dags/example_setup_teardown.py
[2026-04-08T13:58:27.845+0530] {processor.py:914} INFO - Processing file /Users/navalyemul/Documents/uptime/airflow_venv/lib/python3.12/site-packages/airflow/example_dags/example_setup_teardown.py for tasks to queue
[2026-04-08T13:58:27.845+0530] {logging_mixin.py:190} INFO - [2026-04-08T13:58:27.845+0530] {dagbag.py:588} INFO - Filling up the DagBag from /Users/navalyemul/Documents/uptime/airflow_venv/lib/python3.12/site-packages/airflow/example_dags/example_setup_teardown.py
[2026-04-08T13:58:27.851+0530] {processor.py:925} INFO - DAG(s) 'example_setup_teardown' retrieved from /Users/navalyemul/Documents/uptime/airflow_venv/lib/python3.12/site-packages/airflow/example_dags/example_setup_teardown.py
[2026-04-08T13:58:27.897+0530] {logging_mixin.py:190} INFO - [2026-04-08T13:58:27.897+0530] {dag.py:3239} INFO - Sync 1 DAGs
[2026-04-08T13:58:27.902+0530] {logging_mixin.py:190} INFO - [2026-04-08T13:58:27.902+0530] {dag.py:4180} INFO - Setting next_dagrun for example_setup_teardown to None, run_after=None
[2026-04-08T13:58:27.912+0530] {processor.py:208} INFO - Processing /Users/navalyemul/Documents/uptime/airflow_venv/lib/python3.12/site-packages/airflow/example_dags/example_setup_teardown.py took 0.070 seconds
