[2026-04-08T12:47:46.960+0530] {processor.py:186} INFO - Started process (PID=18029) to work on /Users/navalyemul/Documents/uptime/airflow_venv/lib/python3.12/site-packages/airflow/example_dags/example_dataset_alias.py
[2026-04-08T12:47:46.960+0530] {processor.py:914} INFO - Processing file /Users/navalyemul/Documents/uptime/airflow_venv/lib/python3.12/site-packages/airflow/example_dags/example_dataset_alias.py for tasks to queue
[2026-04-08T12:47:46.961+0530] {logging_mixin.py:190} INFO - [2026-04-08T12:47:46.961+0530] {dagbag.py:588} INFO - Filling up the DagBag from /Users/navalyemul/Documents/uptime/airflow_venv/lib/python3.12/site-packages/airflow/example_dags/example_dataset_alias.py
[2026-04-08T12:47:47.031+0530] {processor.py:925} INFO - DAG(s) 'dataset_s3_bucket_producer', 'dataset_alias_example_alias_producer', 'dataset_s3_bucket_consumer', 'dataset_alias_example_alias_consumer' retrieved from /Users/navalyemul/Documents/uptime/airflow_venv/lib/python3.12/site-packages/airflow/example_dags/example_dataset_alias.py
[2026-04-08T12:47:47.079+0530] {logging_mixin.py:190} INFO - [2026-04-08T12:47:47.079+0530] {override.py:1912} INFO - Created Permission View: can delete on DAG:dataset_s3_bucket_producer
[2026-04-08T12:47:47.084+0530] {logging_mixin.py:190} INFO - [2026-04-08T12:47:47.083+0530] {override.py:1912} INFO - Created Permission View: can read on DAG:dataset_s3_bucket_producer
[2026-04-08T12:47:47.086+0530] {logging_mixin.py:190} INFO - [2026-04-08T12:47:47.086+0530] {override.py:1912} INFO - Created Permission View: can edit on DAG:dataset_s3_bucket_producer
[2026-04-08T12:47:47.091+0530] {logging_mixin.py:190} INFO - [2026-04-08T12:47:47.091+0530] {override.py:1912} INFO - Created Permission View: can delete on DAG Run:dataset_s3_bucket_producer
[2026-04-08T12:47:47.094+0530] {logging_mixin.py:190} INFO - [2026-04-08T12:47:47.094+0530] {override.py:1912} INFO - Created Permission View: can create on DAG Run:dataset_s3_bucket_producer
[2026-04-08T12:47:47.097+0530] {logging_mixin.py:190} INFO - [2026-04-08T12:47:47.097+0530] {override.py:1912} INFO - Created Permission View: can read on DAG Run:dataset_s3_bucket_producer
[2026-04-08T12:47:47.099+0530] {logging_mixin.py:190} INFO - [2026-04-08T12:47:47.099+0530] {override.py:1912} INFO - Created Permission View: menu access on DAG Run:dataset_s3_bucket_producer
[2026-04-08T12:47:47.106+0530] {logging_mixin.py:190} INFO - [2026-04-08T12:47:47.106+0530] {override.py:1912} INFO - Created Permission View: can delete on DAG:dataset_alias_example_alias_producer
[2026-04-08T12:47:47.109+0530] {logging_mixin.py:190} INFO - [2026-04-08T12:47:47.108+0530] {override.py:1912} INFO - Created Permission View: can read on DAG:dataset_alias_example_alias_producer
[2026-04-08T12:47:47.111+0530] {logging_mixin.py:190} INFO - [2026-04-08T12:47:47.111+0530] {override.py:1912} INFO - Created Permission View: can edit on DAG:dataset_alias_example_alias_producer
[2026-04-08T12:47:47.114+0530] {logging_mixin.py:190} INFO - [2026-04-08T12:47:47.114+0530] {override.py:1912} INFO - Created Permission View: can delete on DAG Run:dataset_alias_example_alias_producer
[2026-04-08T12:47:47.117+0530] {logging_mixin.py:190} INFO - [2026-04-08T12:47:47.116+0530] {override.py:1912} INFO - Created Permission View: can create on DAG Run:dataset_alias_example_alias_producer
[2026-04-08T12:47:47.119+0530] {logging_mixin.py:190} INFO - [2026-04-08T12:47:47.119+0530] {override.py:1912} INFO - Created Permission View: can read on DAG Run:dataset_alias_example_alias_producer
[2026-04-08T12:47:47.122+0530] {logging_mixin.py:190} INFO - [2026-04-08T12:47:47.122+0530] {override.py:1912} INFO - Created Permission View: menu access on DAG Run:dataset_alias_example_alias_producer
[2026-04-08T12:47:47.127+0530] {logging_mixin.py:190} INFO - [2026-04-08T12:47:47.127+0530] {override.py:1912} INFO - Created Permission View: can delete on DAG:dataset_s3_bucket_consumer
[2026-04-08T12:47:47.129+0530] {logging_mixin.py:190} INFO - [2026-04-08T12:47:47.129+0530] {override.py:1912} INFO - Created Permission View: can read on DAG:dataset_s3_bucket_consumer
[2026-04-08T12:47:47.132+0530] {logging_mixin.py:190} INFO - [2026-04-08T12:47:47.131+0530] {override.py:1912} INFO - Created Permission View: can edit on DAG:dataset_s3_bucket_consumer
[2026-04-08T12:47:47.135+0530] {logging_mixin.py:190} INFO - [2026-04-08T12:47:47.135+0530] {override.py:1912} INFO - Created Permission View: can delete on DAG Run:dataset_s3_bucket_consumer
[2026-04-08T12:47:47.137+0530] {logging_mixin.py:190} INFO - [2026-04-08T12:47:47.137+0530] {override.py:1912} INFO - Created Permission View: can create on DAG Run:dataset_s3_bucket_consumer
[2026-04-08T12:47:47.140+0530] {logging_mixin.py:190} INFO - [2026-04-08T12:47:47.140+0530] {override.py:1912} INFO - Created Permission View: can read on DAG Run:dataset_s3_bucket_consumer
[2026-04-08T12:47:47.143+0530] {logging_mixin.py:190} INFO - [2026-04-08T12:47:47.143+0530] {override.py:1912} INFO - Created Permission View: menu access on DAG Run:dataset_s3_bucket_consumer
[2026-04-08T12:47:47.148+0530] {logging_mixin.py:190} INFO - [2026-04-08T12:47:47.148+0530] {override.py:1912} INFO - Created Permission View: can delete on DAG:dataset_alias_example_alias_consumer
[2026-04-08T12:47:47.150+0530] {logging_mixin.py:190} INFO - [2026-04-08T12:47:47.150+0530] {override.py:1912} INFO - Created Permission View: can read on DAG:dataset_alias_example_alias_consumer
[2026-04-08T12:47:47.153+0530] {logging_mixin.py:190} INFO - [2026-04-08T12:47:47.153+0530] {override.py:1912} INFO - Created Permission View: can edit on DAG:dataset_alias_example_alias_consumer
[2026-04-08T12:47:47.156+0530] {logging_mixin.py:190} INFO - [2026-04-08T12:47:47.156+0530] {override.py:1912} INFO - Created Permission View: can delete on DAG Run:dataset_alias_example_alias_consumer
[2026-04-08T12:47:47.159+0530] {logging_mixin.py:190} INFO - [2026-04-08T12:47:47.159+0530] {override.py:1912} INFO - Created Permission View: can create on DAG Run:dataset_alias_example_alias_consumer
[2026-04-08T12:47:47.162+0530] {logging_mixin.py:190} INFO - [2026-04-08T12:47:47.161+0530] {override.py:1912} INFO - Created Permission View: can read on DAG Run:dataset_alias_example_alias_consumer
[2026-04-08T12:47:47.165+0530] {logging_mixin.py:190} INFO - [2026-04-08T12:47:47.165+0530] {override.py:1912} INFO - Created Permission View: menu access on DAG Run:dataset_alias_example_alias_consumer
[2026-04-08T12:47:47.165+0530] {logging_mixin.py:190} INFO - [2026-04-08T12:47:47.165+0530] {dag.py:3239} INFO - Sync 4 DAGs
[2026-04-08T12:47:47.207+0530] {logging_mixin.py:190} INFO - [2026-04-08T12:47:47.207+0530] {dag.py:3262} INFO - Creating ORM DAG for dataset_s3_bucket_producer
[2026-04-08T12:47:47.207+0530] {logging_mixin.py:190} INFO - [2026-04-08T12:47:47.207+0530] {dag.py:3262} INFO - Creating ORM DAG for dataset_alias_example_alias_consumer
[2026-04-08T12:47:47.208+0530] {logging_mixin.py:190} INFO - [2026-04-08T12:47:47.208+0530] {dag.py:3262} INFO - Creating ORM DAG for dataset_s3_bucket_consumer
[2026-04-08T12:47:47.208+0530] {logging_mixin.py:190} INFO - [2026-04-08T12:47:47.208+0530] {dag.py:3262} INFO - Creating ORM DAG for dataset_alias_example_alias_producer
[2026-04-08T12:47:47.211+0530] {logging_mixin.py:190} INFO - [2026-04-08T12:47:47.211+0530] {dag.py:4180} INFO - Setting next_dagrun for dataset_alias_example_alias_consumer to None, run_after=None
[2026-04-08T12:47:47.211+0530] {logging_mixin.py:190} INFO - [2026-04-08T12:47:47.211+0530] {dag.py:4180} INFO - Setting next_dagrun for dataset_alias_example_alias_producer to None, run_after=None
[2026-04-08T12:47:47.211+0530] {logging_mixin.py:190} INFO - [2026-04-08T12:47:47.211+0530] {dag.py:4180} INFO - Setting next_dagrun for dataset_s3_bucket_consumer to None, run_after=None
[2026-04-08T12:47:47.212+0530] {logging_mixin.py:190} INFO - [2026-04-08T12:47:47.212+0530] {dag.py:4180} INFO - Setting next_dagrun for dataset_s3_bucket_producer to None, run_after=None
[2026-04-08T12:47:47.218+0530] {logging_mixin.py:190} INFO - [2026-04-08T12:47:47.218+0530] {workday.py:41} WARNING - Could not import pandas. Holidays will not be considered.
[2026-04-08T12:47:47.226+0530] {processor.py:208} INFO - Processing /Users/navalyemul/Documents/uptime/airflow_venv/lib/python3.12/site-packages/airflow/example_dags/example_dataset_alias.py took 0.268 seconds
[2026-04-08T12:50:33.807+0530] {processor.py:186} INFO - Started process (PID=19936) to work on /Users/navalyemul/Documents/uptime/airflow_venv/lib/python3.12/site-packages/airflow/example_dags/example_dataset_alias.py
[2026-04-08T12:50:33.808+0530] {processor.py:914} INFO - Processing file /Users/navalyemul/Documents/uptime/airflow_venv/lib/python3.12/site-packages/airflow/example_dags/example_dataset_alias.py for tasks to queue
[2026-04-08T12:50:33.809+0530] {logging_mixin.py:190} INFO - [2026-04-08T12:50:33.809+0530] {dagbag.py:588} INFO - Filling up the DagBag from /Users/navalyemul/Documents/uptime/airflow_venv/lib/python3.12/site-packages/airflow/example_dags/example_dataset_alias.py
[2026-04-08T12:50:33.880+0530] {processor.py:925} INFO - DAG(s) 'dataset_alias_example_alias_consumer', 'dataset_alias_example_alias_producer', 'dataset_s3_bucket_consumer', 'dataset_s3_bucket_producer' retrieved from /Users/navalyemul/Documents/uptime/airflow_venv/lib/python3.12/site-packages/airflow/example_dags/example_dataset_alias.py
[2026-04-08T12:50:33.894+0530] {logging_mixin.py:190} INFO - [2026-04-08T12:50:33.894+0530] {dag.py:3239} INFO - Sync 4 DAGs
[2026-04-08T12:50:33.902+0530] {logging_mixin.py:190} INFO - [2026-04-08T12:50:33.902+0530] {dag.py:4180} INFO - Setting next_dagrun for dataset_alias_example_alias_consumer to None, run_after=None
[2026-04-08T12:50:33.903+0530] {logging_mixin.py:190} INFO - [2026-04-08T12:50:33.903+0530] {dag.py:4180} INFO - Setting next_dagrun for dataset_alias_example_alias_producer to None, run_after=None
[2026-04-08T12:50:33.903+0530] {logging_mixin.py:190} INFO - [2026-04-08T12:50:33.903+0530] {dag.py:4180} INFO - Setting next_dagrun for dataset_s3_bucket_consumer to None, run_after=None
[2026-04-08T12:50:33.904+0530] {logging_mixin.py:190} INFO - [2026-04-08T12:50:33.904+0530] {dag.py:4180} INFO - Setting next_dagrun for dataset_s3_bucket_producer to None, run_after=None
[2026-04-08T12:50:33.914+0530] {processor.py:208} INFO - Processing /Users/navalyemul/Documents/uptime/airflow_venv/lib/python3.12/site-packages/airflow/example_dags/example_dataset_alias.py took 0.108 seconds
[2026-04-08T12:54:03.802+0530] {processor.py:186} INFO - Started process (PID=21825) to work on /Users/navalyemul/Documents/uptime/airflow_venv/lib/python3.12/site-packages/airflow/example_dags/example_dataset_alias.py
[2026-04-08T12:54:03.803+0530] {processor.py:914} INFO - Processing file /Users/navalyemul/Documents/uptime/airflow_venv/lib/python3.12/site-packages/airflow/example_dags/example_dataset_alias.py for tasks to queue
[2026-04-08T12:54:03.804+0530] {logging_mixin.py:190} INFO - [2026-04-08T12:54:03.804+0530] {dagbag.py:588} INFO - Filling up the DagBag from /Users/navalyemul/Documents/uptime/airflow_venv/lib/python3.12/site-packages/airflow/example_dags/example_dataset_alias.py
[2026-04-08T12:54:03.891+0530] {processor.py:925} INFO - DAG(s) 'dataset_alias_example_alias_producer', 'dataset_alias_example_alias_consumer', 'dataset_s3_bucket_consumer', 'dataset_s3_bucket_producer' retrieved from /Users/navalyemul/Documents/uptime/airflow_venv/lib/python3.12/site-packages/airflow/example_dags/example_dataset_alias.py
[2026-04-08T12:54:03.904+0530] {logging_mixin.py:190} INFO - [2026-04-08T12:54:03.904+0530] {dag.py:3239} INFO - Sync 4 DAGs
[2026-04-08T12:54:03.914+0530] {logging_mixin.py:190} INFO - [2026-04-08T12:54:03.914+0530] {dag.py:4180} INFO - Setting next_dagrun for dataset_alias_example_alias_consumer to None, run_after=None
[2026-04-08T12:54:03.916+0530] {logging_mixin.py:190} INFO - [2026-04-08T12:54:03.916+0530] {dag.py:4180} INFO - Setting next_dagrun for dataset_alias_example_alias_producer to None, run_after=None
[2026-04-08T12:54:03.916+0530] {logging_mixin.py:190} INFO - [2026-04-08T12:54:03.916+0530] {dag.py:4180} INFO - Setting next_dagrun for dataset_s3_bucket_consumer to None, run_after=None
[2026-04-08T12:54:03.917+0530] {logging_mixin.py:190} INFO - [2026-04-08T12:54:03.917+0530] {dag.py:4180} INFO - Setting next_dagrun for dataset_s3_bucket_producer to None, run_after=None
[2026-04-08T12:54:03.931+0530] {processor.py:208} INFO - Processing /Users/navalyemul/Documents/uptime/airflow_venv/lib/python3.12/site-packages/airflow/example_dags/example_dataset_alias.py took 0.133 seconds
[2026-04-08T12:57:18.214+0530] {processor.py:186} INFO - Started process (PID=23693) to work on /Users/navalyemul/Documents/uptime/airflow_venv/lib/python3.12/site-packages/airflow/example_dags/example_dataset_alias.py
[2026-04-08T12:57:18.215+0530] {processor.py:914} INFO - Processing file /Users/navalyemul/Documents/uptime/airflow_venv/lib/python3.12/site-packages/airflow/example_dags/example_dataset_alias.py for tasks to queue
[2026-04-08T12:57:18.216+0530] {logging_mixin.py:190} INFO - [2026-04-08T12:57:18.216+0530] {dagbag.py:588} INFO - Filling up the DagBag from /Users/navalyemul/Documents/uptime/airflow_venv/lib/python3.12/site-packages/airflow/example_dags/example_dataset_alias.py
[2026-04-08T12:57:18.287+0530] {processor.py:925} INFO - DAG(s) 'dataset_s3_bucket_producer', 'dataset_alias_example_alias_producer', 'dataset_alias_example_alias_consumer', 'dataset_s3_bucket_consumer' retrieved from /Users/navalyemul/Documents/uptime/airflow_venv/lib/python3.12/site-packages/airflow/example_dags/example_dataset_alias.py
[2026-04-08T12:57:18.299+0530] {logging_mixin.py:190} INFO - [2026-04-08T12:57:18.298+0530] {dag.py:3239} INFO - Sync 4 DAGs
[2026-04-08T12:57:18.306+0530] {logging_mixin.py:190} INFO - [2026-04-08T12:57:18.306+0530] {dag.py:4180} INFO - Setting next_dagrun for dataset_alias_example_alias_consumer to None, run_after=None
[2026-04-08T12:57:18.307+0530] {logging_mixin.py:190} INFO - [2026-04-08T12:57:18.307+0530] {dag.py:4180} INFO - Setting next_dagrun for dataset_alias_example_alias_producer to None, run_after=None
[2026-04-08T12:57:18.307+0530] {logging_mixin.py:190} INFO - [2026-04-08T12:57:18.307+0530] {dag.py:4180} INFO - Setting next_dagrun for dataset_s3_bucket_consumer to None, run_after=None
[2026-04-08T12:57:18.308+0530] {logging_mixin.py:190} INFO - [2026-04-08T12:57:18.308+0530] {dag.py:4180} INFO - Setting next_dagrun for dataset_s3_bucket_producer to None, run_after=None
[2026-04-08T12:57:18.317+0530] {processor.py:208} INFO - Processing /Users/navalyemul/Documents/uptime/airflow_venv/lib/python3.12/site-packages/airflow/example_dags/example_dataset_alias.py took 0.105 seconds
[2026-04-08T13:00:08.771+0530] {processor.py:186} INFO - Started process (PID=25531) to work on /Users/navalyemul/Documents/uptime/airflow_venv/lib/python3.12/site-packages/airflow/example_dags/example_dataset_alias.py
[2026-04-08T13:00:08.772+0530] {processor.py:914} INFO - Processing file /Users/navalyemul/Documents/uptime/airflow_venv/lib/python3.12/site-packages/airflow/example_dags/example_dataset_alias.py for tasks to queue
[2026-04-08T13:00:08.772+0530] {logging_mixin.py:190} INFO - [2026-04-08T13:00:08.772+0530] {dagbag.py:588} INFO - Filling up the DagBag from /Users/navalyemul/Documents/uptime/airflow_venv/lib/python3.12/site-packages/airflow/example_dags/example_dataset_alias.py
[2026-04-08T13:00:08.841+0530] {processor.py:925} INFO - DAG(s) 'dataset_s3_bucket_consumer', 'dataset_alias_example_alias_producer', 'dataset_s3_bucket_producer', 'dataset_alias_example_alias_consumer' retrieved from /Users/navalyemul/Documents/uptime/airflow_venv/lib/python3.12/site-packages/airflow/example_dags/example_dataset_alias.py
[2026-04-08T13:00:08.853+0530] {logging_mixin.py:190} INFO - [2026-04-08T13:00:08.853+0530] {dag.py:3239} INFO - Sync 4 DAGs
[2026-04-08T13:00:08.862+0530] {logging_mixin.py:190} INFO - [2026-04-08T13:00:08.861+0530] {dag.py:4180} INFO - Setting next_dagrun for dataset_alias_example_alias_consumer to None, run_after=None
[2026-04-08T13:00:08.862+0530] {logging_mixin.py:190} INFO - [2026-04-08T13:00:08.862+0530] {dag.py:4180} INFO - Setting next_dagrun for dataset_alias_example_alias_producer to None, run_after=None
[2026-04-08T13:00:08.863+0530] {logging_mixin.py:190} INFO - [2026-04-08T13:00:08.863+0530] {dag.py:4180} INFO - Setting next_dagrun for dataset_s3_bucket_consumer to None, run_after=None
[2026-04-08T13:00:08.863+0530] {logging_mixin.py:190} INFO - [2026-04-08T13:00:08.863+0530] {dag.py:4180} INFO - Setting next_dagrun for dataset_s3_bucket_producer to None, run_after=None
[2026-04-08T13:00:08.873+0530] {processor.py:208} INFO - Processing /Users/navalyemul/Documents/uptime/airflow_venv/lib/python3.12/site-packages/airflow/example_dags/example_dataset_alias.py took 0.104 seconds
[2026-04-08T13:02:49.516+0530] {processor.py:186} INFO - Started process (PID=27380) to work on /Users/navalyemul/Documents/uptime/airflow_venv/lib/python3.12/site-packages/airflow/example_dags/example_dataset_alias.py
[2026-04-08T13:02:49.517+0530] {processor.py:914} INFO - Processing file /Users/navalyemul/Documents/uptime/airflow_venv/lib/python3.12/site-packages/airflow/example_dags/example_dataset_alias.py for tasks to queue
[2026-04-08T13:02:49.518+0530] {logging_mixin.py:190} INFO - [2026-04-08T13:02:49.518+0530] {dagbag.py:588} INFO - Filling up the DagBag from /Users/navalyemul/Documents/uptime/airflow_venv/lib/python3.12/site-packages/airflow/example_dags/example_dataset_alias.py
[2026-04-08T13:02:49.586+0530] {processor.py:925} INFO - DAG(s) 'dataset_alias_example_alias_consumer', 'dataset_alias_example_alias_producer', 'dataset_s3_bucket_consumer', 'dataset_s3_bucket_producer' retrieved from /Users/navalyemul/Documents/uptime/airflow_venv/lib/python3.12/site-packages/airflow/example_dags/example_dataset_alias.py
[2026-04-08T13:02:49.597+0530] {logging_mixin.py:190} INFO - [2026-04-08T13:02:49.597+0530] {dag.py:3239} INFO - Sync 4 DAGs
[2026-04-08T13:02:49.605+0530] {logging_mixin.py:190} INFO - [2026-04-08T13:02:49.605+0530] {dag.py:4180} INFO - Setting next_dagrun for dataset_alias_example_alias_consumer to None, run_after=None
[2026-04-08T13:02:49.606+0530] {logging_mixin.py:190} INFO - [2026-04-08T13:02:49.606+0530] {dag.py:4180} INFO - Setting next_dagrun for dataset_alias_example_alias_producer to None, run_after=None
[2026-04-08T13:02:49.606+0530] {logging_mixin.py:190} INFO - [2026-04-08T13:02:49.606+0530] {dag.py:4180} INFO - Setting next_dagrun for dataset_s3_bucket_consumer to None, run_after=None
[2026-04-08T13:02:49.607+0530] {logging_mixin.py:190} INFO - [2026-04-08T13:02:49.606+0530] {dag.py:4180} INFO - Setting next_dagrun for dataset_s3_bucket_producer to None, run_after=None
[2026-04-08T13:02:49.616+0530] {processor.py:208} INFO - Processing /Users/navalyemul/Documents/uptime/airflow_venv/lib/python3.12/site-packages/airflow/example_dags/example_dataset_alias.py took 0.101 seconds
[2026-04-08T13:05:38.158+0530] {processor.py:186} INFO - Started process (PID=29328) to work on /Users/navalyemul/Documents/uptime/airflow_venv/lib/python3.12/site-packages/airflow/example_dags/example_dataset_alias.py
[2026-04-08T13:05:38.159+0530] {processor.py:914} INFO - Processing file /Users/navalyemul/Documents/uptime/airflow_venv/lib/python3.12/site-packages/airflow/example_dags/example_dataset_alias.py for tasks to queue
[2026-04-08T13:05:38.159+0530] {logging_mixin.py:190} INFO - [2026-04-08T13:05:38.159+0530] {dagbag.py:588} INFO - Filling up the DagBag from /Users/navalyemul/Documents/uptime/airflow_venv/lib/python3.12/site-packages/airflow/example_dags/example_dataset_alias.py
[2026-04-08T13:05:38.235+0530] {processor.py:925} INFO - DAG(s) 'dataset_alias_example_alias_producer', 'dataset_s3_bucket_producer', 'dataset_s3_bucket_consumer', 'dataset_alias_example_alias_consumer' retrieved from /Users/navalyemul/Documents/uptime/airflow_venv/lib/python3.12/site-packages/airflow/example_dags/example_dataset_alias.py
[2026-04-08T13:05:38.247+0530] {logging_mixin.py:190} INFO - [2026-04-08T13:05:38.246+0530] {dag.py:3239} INFO - Sync 4 DAGs
[2026-04-08T13:05:38.254+0530] {logging_mixin.py:190} INFO - [2026-04-08T13:05:38.254+0530] {dag.py:4180} INFO - Setting next_dagrun for dataset_alias_example_alias_consumer to None, run_after=None
[2026-04-08T13:05:38.255+0530] {logging_mixin.py:190} INFO - [2026-04-08T13:05:38.255+0530] {dag.py:4180} INFO - Setting next_dagrun for dataset_alias_example_alias_producer to None, run_after=None
[2026-04-08T13:05:38.256+0530] {logging_mixin.py:190} INFO - [2026-04-08T13:05:38.256+0530] {dag.py:4180} INFO - Setting next_dagrun for dataset_s3_bucket_consumer to None, run_after=None
[2026-04-08T13:05:38.256+0530] {logging_mixin.py:190} INFO - [2026-04-08T13:05:38.256+0530] {dag.py:4180} INFO - Setting next_dagrun for dataset_s3_bucket_producer to None, run_after=None
[2026-04-08T13:05:38.266+0530] {processor.py:208} INFO - Processing /Users/navalyemul/Documents/uptime/airflow_venv/lib/python3.12/site-packages/airflow/example_dags/example_dataset_alias.py took 0.110 seconds
[2026-04-08T13:08:24.970+0530] {processor.py:186} INFO - Started process (PID=31139) to work on /Users/navalyemul/Documents/uptime/airflow_venv/lib/python3.12/site-packages/airflow/example_dags/example_dataset_alias.py
[2026-04-08T13:08:24.971+0530] {processor.py:914} INFO - Processing file /Users/navalyemul/Documents/uptime/airflow_venv/lib/python3.12/site-packages/airflow/example_dags/example_dataset_alias.py for tasks to queue
[2026-04-08T13:08:24.971+0530] {logging_mixin.py:190} INFO - [2026-04-08T13:08:24.971+0530] {dagbag.py:588} INFO - Filling up the DagBag from /Users/navalyemul/Documents/uptime/airflow_venv/lib/python3.12/site-packages/airflow/example_dags/example_dataset_alias.py
[2026-04-08T13:08:25.045+0530] {processor.py:925} INFO - DAG(s) 'dataset_s3_bucket_consumer', 'dataset_alias_example_alias_consumer', 'dataset_alias_example_alias_producer', 'dataset_s3_bucket_producer' retrieved from /Users/navalyemul/Documents/uptime/airflow_venv/lib/python3.12/site-packages/airflow/example_dags/example_dataset_alias.py
[2026-04-08T13:08:25.056+0530] {logging_mixin.py:190} INFO - [2026-04-08T13:08:25.056+0530] {dag.py:3239} INFO - Sync 4 DAGs
[2026-04-08T13:08:25.064+0530] {logging_mixin.py:190} INFO - [2026-04-08T13:08:25.064+0530] {dag.py:4180} INFO - Setting next_dagrun for dataset_alias_example_alias_consumer to None, run_after=None
[2026-04-08T13:08:25.065+0530] {logging_mixin.py:190} INFO - [2026-04-08T13:08:25.065+0530] {dag.py:4180} INFO - Setting next_dagrun for dataset_alias_example_alias_producer to None, run_after=None
[2026-04-08T13:08:25.065+0530] {logging_mixin.py:190} INFO - [2026-04-08T13:08:25.065+0530] {dag.py:4180} INFO - Setting next_dagrun for dataset_s3_bucket_consumer to None, run_after=None
[2026-04-08T13:08:25.066+0530] {logging_mixin.py:190} INFO - [2026-04-08T13:08:25.066+0530] {dag.py:4180} INFO - Setting next_dagrun for dataset_s3_bucket_producer to None, run_after=None
[2026-04-08T13:08:25.076+0530] {processor.py:208} INFO - Processing /Users/navalyemul/Documents/uptime/airflow_venv/lib/python3.12/site-packages/airflow/example_dags/example_dataset_alias.py took 0.108 seconds
[2026-04-08T13:11:08.751+0530] {processor.py:186} INFO - Started process (PID=33005) to work on /Users/navalyemul/Documents/uptime/airflow_venv/lib/python3.12/site-packages/airflow/example_dags/example_dataset_alias.py
[2026-04-08T13:11:08.751+0530] {processor.py:914} INFO - Processing file /Users/navalyemul/Documents/uptime/airflow_venv/lib/python3.12/site-packages/airflow/example_dags/example_dataset_alias.py for tasks to queue
[2026-04-08T13:11:08.752+0530] {logging_mixin.py:190} INFO - [2026-04-08T13:11:08.752+0530] {dagbag.py:588} INFO - Filling up the DagBag from /Users/navalyemul/Documents/uptime/airflow_venv/lib/python3.12/site-packages/airflow/example_dags/example_dataset_alias.py
[2026-04-08T13:11:08.823+0530] {processor.py:925} INFO - DAG(s) 'dataset_alias_example_alias_producer', 'dataset_s3_bucket_consumer', 'dataset_alias_example_alias_consumer', 'dataset_s3_bucket_producer' retrieved from /Users/navalyemul/Documents/uptime/airflow_venv/lib/python3.12/site-packages/airflow/example_dags/example_dataset_alias.py
[2026-04-08T13:11:08.834+0530] {logging_mixin.py:190} INFO - [2026-04-08T13:11:08.834+0530] {dag.py:3239} INFO - Sync 4 DAGs
[2026-04-08T13:11:08.841+0530] {logging_mixin.py:190} INFO - [2026-04-08T13:11:08.841+0530] {dag.py:4180} INFO - Setting next_dagrun for dataset_alias_example_alias_consumer to None, run_after=None
[2026-04-08T13:11:08.842+0530] {logging_mixin.py:190} INFO - [2026-04-08T13:11:08.842+0530] {dag.py:4180} INFO - Setting next_dagrun for dataset_alias_example_alias_producer to None, run_after=None
[2026-04-08T13:11:08.843+0530] {logging_mixin.py:190} INFO - [2026-04-08T13:11:08.843+0530] {dag.py:4180} INFO - Setting next_dagrun for dataset_s3_bucket_consumer to None, run_after=None
[2026-04-08T13:11:08.843+0530] {logging_mixin.py:190} INFO - [2026-04-08T13:11:08.843+0530] {dag.py:4180} INFO - Setting next_dagrun for dataset_s3_bucket_producer to None, run_after=None
[2026-04-08T13:11:08.853+0530] {processor.py:208} INFO - Processing /Users/navalyemul/Documents/uptime/airflow_venv/lib/python3.12/site-packages/airflow/example_dags/example_dataset_alias.py took 0.104 seconds
[2026-04-08T13:13:55.149+0530] {processor.py:186} INFO - Started process (PID=34830) to work on /Users/navalyemul/Documents/uptime/airflow_venv/lib/python3.12/site-packages/airflow/example_dags/example_dataset_alias.py
[2026-04-08T13:13:55.150+0530] {processor.py:914} INFO - Processing file /Users/navalyemul/Documents/uptime/airflow_venv/lib/python3.12/site-packages/airflow/example_dags/example_dataset_alias.py for tasks to queue
[2026-04-08T13:13:55.151+0530] {logging_mixin.py:190} INFO - [2026-04-08T13:13:55.151+0530] {dagbag.py:588} INFO - Filling up the DagBag from /Users/navalyemul/Documents/uptime/airflow_venv/lib/python3.12/site-packages/airflow/example_dags/example_dataset_alias.py
[2026-04-08T13:13:55.223+0530] {processor.py:925} INFO - DAG(s) 'dataset_alias_example_alias_consumer', 'dataset_s3_bucket_producer', 'dataset_alias_example_alias_producer', 'dataset_s3_bucket_consumer' retrieved from /Users/navalyemul/Documents/uptime/airflow_venv/lib/python3.12/site-packages/airflow/example_dags/example_dataset_alias.py
[2026-04-08T13:13:55.235+0530] {logging_mixin.py:190} INFO - [2026-04-08T13:13:55.234+0530] {dag.py:3239} INFO - Sync 4 DAGs
[2026-04-08T13:13:55.242+0530] {logging_mixin.py:190} INFO - [2026-04-08T13:13:55.242+0530] {dag.py:4180} INFO - Setting next_dagrun for dataset_alias_example_alias_consumer to None, run_after=None
[2026-04-08T13:13:55.243+0530] {logging_mixin.py:190} INFO - [2026-04-08T13:13:55.243+0530] {dag.py:4180} INFO - Setting next_dagrun for dataset_alias_example_alias_producer to None, run_after=None
[2026-04-08T13:13:55.244+0530] {logging_mixin.py:190} INFO - [2026-04-08T13:13:55.243+0530] {dag.py:4180} INFO - Setting next_dagrun for dataset_s3_bucket_consumer to None, run_after=None
[2026-04-08T13:13:55.244+0530] {logging_mixin.py:190} INFO - [2026-04-08T13:13:55.244+0530] {dag.py:4180} INFO - Setting next_dagrun for dataset_s3_bucket_producer to None, run_after=None
[2026-04-08T13:13:55.254+0530] {processor.py:208} INFO - Processing /Users/navalyemul/Documents/uptime/airflow_venv/lib/python3.12/site-packages/airflow/example_dags/example_dataset_alias.py took 0.106 seconds
[2026-04-08T13:16:42.848+0530] {processor.py:186} INFO - Started process (PID=36733) to work on /Users/navalyemul/Documents/uptime/airflow_venv/lib/python3.12/site-packages/airflow/example_dags/example_dataset_alias.py
[2026-04-08T13:16:42.849+0530] {processor.py:914} INFO - Processing file /Users/navalyemul/Documents/uptime/airflow_venv/lib/python3.12/site-packages/airflow/example_dags/example_dataset_alias.py for tasks to queue
[2026-04-08T13:16:42.850+0530] {logging_mixin.py:190} INFO - [2026-04-08T13:16:42.850+0530] {dagbag.py:588} INFO - Filling up the DagBag from /Users/navalyemul/Documents/uptime/airflow_venv/lib/python3.12/site-packages/airflow/example_dags/example_dataset_alias.py
[2026-04-08T13:16:42.928+0530] {processor.py:925} INFO - DAG(s) 'dataset_alias_example_alias_producer', 'dataset_s3_bucket_producer', 'dataset_alias_example_alias_consumer', 'dataset_s3_bucket_consumer' retrieved from /Users/navalyemul/Documents/uptime/airflow_venv/lib/python3.12/site-packages/airflow/example_dags/example_dataset_alias.py
[2026-04-08T13:16:42.940+0530] {logging_mixin.py:190} INFO - [2026-04-08T13:16:42.939+0530] {dag.py:3239} INFO - Sync 4 DAGs
[2026-04-08T13:16:42.947+0530] {logging_mixin.py:190} INFO - [2026-04-08T13:16:42.947+0530] {dag.py:4180} INFO - Setting next_dagrun for dataset_alias_example_alias_consumer to None, run_after=None
[2026-04-08T13:16:42.949+0530] {logging_mixin.py:190} INFO - [2026-04-08T13:16:42.948+0530] {dag.py:4180} INFO - Setting next_dagrun for dataset_alias_example_alias_producer to None, run_after=None
[2026-04-08T13:16:42.949+0530] {logging_mixin.py:190} INFO - [2026-04-08T13:16:42.949+0530] {dag.py:4180} INFO - Setting next_dagrun for dataset_s3_bucket_consumer to None, run_after=None
[2026-04-08T13:16:42.949+0530] {logging_mixin.py:190} INFO - [2026-04-08T13:16:42.949+0530] {dag.py:4180} INFO - Setting next_dagrun for dataset_s3_bucket_producer to None, run_after=None
[2026-04-08T13:16:42.960+0530] {processor.py:208} INFO - Processing /Users/navalyemul/Documents/uptime/airflow_venv/lib/python3.12/site-packages/airflow/example_dags/example_dataset_alias.py took 0.114 seconds
[2026-04-08T13:19:35.723+0530] {processor.py:186} INFO - Started process (PID=38630) to work on /Users/navalyemul/Documents/uptime/airflow_venv/lib/python3.12/site-packages/airflow/example_dags/example_dataset_alias.py
[2026-04-08T13:19:35.724+0530] {processor.py:914} INFO - Processing file /Users/navalyemul/Documents/uptime/airflow_venv/lib/python3.12/site-packages/airflow/example_dags/example_dataset_alias.py for tasks to queue
[2026-04-08T13:19:35.724+0530] {logging_mixin.py:190} INFO - [2026-04-08T13:19:35.724+0530] {dagbag.py:588} INFO - Filling up the DagBag from /Users/navalyemul/Documents/uptime/airflow_venv/lib/python3.12/site-packages/airflow/example_dags/example_dataset_alias.py
[2026-04-08T13:19:35.798+0530] {processor.py:925} INFO - DAG(s) 'dataset_alias_example_alias_producer', 'dataset_alias_example_alias_consumer', 'dataset_s3_bucket_consumer', 'dataset_s3_bucket_producer' retrieved from /Users/navalyemul/Documents/uptime/airflow_venv/lib/python3.12/site-packages/airflow/example_dags/example_dataset_alias.py
[2026-04-08T13:19:35.811+0530] {logging_mixin.py:190} INFO - [2026-04-08T13:19:35.810+0530] {dag.py:3239} INFO - Sync 4 DAGs
[2026-04-08T13:19:35.818+0530] {logging_mixin.py:190} INFO - [2026-04-08T13:19:35.818+0530] {dag.py:4180} INFO - Setting next_dagrun for dataset_alias_example_alias_consumer to None, run_after=None
[2026-04-08T13:19:35.819+0530] {logging_mixin.py:190} INFO - [2026-04-08T13:19:35.819+0530] {dag.py:4180} INFO - Setting next_dagrun for dataset_alias_example_alias_producer to None, run_after=None
[2026-04-08T13:19:35.819+0530] {logging_mixin.py:190} INFO - [2026-04-08T13:19:35.819+0530] {dag.py:4180} INFO - Setting next_dagrun for dataset_s3_bucket_consumer to None, run_after=None
[2026-04-08T13:19:35.820+0530] {logging_mixin.py:190} INFO - [2026-04-08T13:19:35.820+0530] {dag.py:4180} INFO - Setting next_dagrun for dataset_s3_bucket_producer to None, run_after=None
[2026-04-08T13:19:35.831+0530] {processor.py:208} INFO - Processing /Users/navalyemul/Documents/uptime/airflow_venv/lib/python3.12/site-packages/airflow/example_dags/example_dataset_alias.py took 0.110 seconds
[2026-04-08T13:30:10.764+0530] {processor.py:186} INFO - Started process (PID=39872) to work on /Users/navalyemul/Documents/uptime/airflow_venv/lib/python3.12/site-packages/airflow/example_dags/example_dataset_alias.py
[2026-04-08T13:30:10.766+0530] {processor.py:914} INFO - Processing file /Users/navalyemul/Documents/uptime/airflow_venv/lib/python3.12/site-packages/airflow/example_dags/example_dataset_alias.py for tasks to queue
[2026-04-08T13:30:10.768+0530] {logging_mixin.py:190} INFO - [2026-04-08T13:30:10.768+0530] {dagbag.py:588} INFO - Filling up the DagBag from /Users/navalyemul/Documents/uptime/airflow_venv/lib/python3.12/site-packages/airflow/example_dags/example_dataset_alias.py
[2026-04-08T13:30:11.053+0530] {processor.py:925} INFO - DAG(s) 'dataset_alias_example_alias_consumer', 'dataset_s3_bucket_consumer', 'dataset_alias_example_alias_producer', 'dataset_s3_bucket_producer' retrieved from /Users/navalyemul/Documents/uptime/airflow_venv/lib/python3.12/site-packages/airflow/example_dags/example_dataset_alias.py
[2026-04-08T13:30:11.093+0530] {logging_mixin.py:190} INFO - [2026-04-08T13:30:11.093+0530] {dag.py:3239} INFO - Sync 4 DAGs
[2026-04-08T13:30:11.122+0530] {logging_mixin.py:190} INFO - [2026-04-08T13:30:11.121+0530] {dag.py:4180} INFO - Setting next_dagrun for dataset_alias_example_alias_consumer to None, run_after=None
[2026-04-08T13:30:11.125+0530] {logging_mixin.py:190} INFO - [2026-04-08T13:30:11.125+0530] {dag.py:4180} INFO - Setting next_dagrun for dataset_alias_example_alias_producer to None, run_after=None
[2026-04-08T13:30:11.127+0530] {logging_mixin.py:190} INFO - [2026-04-08T13:30:11.126+0530] {dag.py:4180} INFO - Setting next_dagrun for dataset_s3_bucket_consumer to None, run_after=None
[2026-04-08T13:30:11.128+0530] {logging_mixin.py:190} INFO - [2026-04-08T13:30:11.128+0530] {dag.py:4180} INFO - Setting next_dagrun for dataset_s3_bucket_producer to None, run_after=None
[2026-04-08T13:30:11.163+0530] {processor.py:208} INFO - Processing /Users/navalyemul/Documents/uptime/airflow_venv/lib/python3.12/site-packages/airflow/example_dags/example_dataset_alias.py took 0.405 seconds
[2026-04-08T13:41:09.707+0530] {processor.py:186} INFO - Started process (PID=41894) to work on /Users/navalyemul/Documents/uptime/airflow_venv/lib/python3.12/site-packages/airflow/example_dags/example_dataset_alias.py
[2026-04-08T13:41:09.708+0530] {processor.py:914} INFO - Processing file /Users/navalyemul/Documents/uptime/airflow_venv/lib/python3.12/site-packages/airflow/example_dags/example_dataset_alias.py for tasks to queue
[2026-04-08T13:41:09.708+0530] {logging_mixin.py:190} INFO - [2026-04-08T13:41:09.708+0530] {dagbag.py:588} INFO - Filling up the DagBag from /Users/navalyemul/Documents/uptime/airflow_venv/lib/python3.12/site-packages/airflow/example_dags/example_dataset_alias.py
[2026-04-08T13:41:09.778+0530] {processor.py:925} INFO - DAG(s) 'dataset_alias_example_alias_consumer', 'dataset_s3_bucket_producer', 'dataset_s3_bucket_consumer', 'dataset_alias_example_alias_producer' retrieved from /Users/navalyemul/Documents/uptime/airflow_venv/lib/python3.12/site-packages/airflow/example_dags/example_dataset_alias.py
[2026-04-08T13:41:09.788+0530] {logging_mixin.py:190} INFO - [2026-04-08T13:41:09.788+0530] {dag.py:3239} INFO - Sync 4 DAGs
[2026-04-08T13:41:09.796+0530] {logging_mixin.py:190} INFO - [2026-04-08T13:41:09.796+0530] {dag.py:4180} INFO - Setting next_dagrun for dataset_alias_example_alias_consumer to None, run_after=None
[2026-04-08T13:41:09.797+0530] {logging_mixin.py:190} INFO - [2026-04-08T13:41:09.797+0530] {dag.py:4180} INFO - Setting next_dagrun for dataset_alias_example_alias_producer to None, run_after=None
[2026-04-08T13:41:09.797+0530] {logging_mixin.py:190} INFO - [2026-04-08T13:41:09.797+0530] {dag.py:4180} INFO - Setting next_dagrun for dataset_s3_bucket_consumer to None, run_after=None
[2026-04-08T13:41:09.798+0530] {logging_mixin.py:190} INFO - [2026-04-08T13:41:09.798+0530] {dag.py:4180} INFO - Setting next_dagrun for dataset_s3_bucket_producer to None, run_after=None
[2026-04-08T13:41:09.807+0530] {processor.py:208} INFO - Processing /Users/navalyemul/Documents/uptime/airflow_venv/lib/python3.12/site-packages/airflow/example_dags/example_dataset_alias.py took 0.102 seconds
[2026-04-08T13:55:39.445+0530] {processor.py:186} INFO - Started process (PID=44148) to work on /Users/navalyemul/Documents/uptime/airflow_venv/lib/python3.12/site-packages/airflow/example_dags/example_dataset_alias.py
[2026-04-08T13:55:39.446+0530] {processor.py:914} INFO - Processing file /Users/navalyemul/Documents/uptime/airflow_venv/lib/python3.12/site-packages/airflow/example_dags/example_dataset_alias.py for tasks to queue
[2026-04-08T13:55:39.447+0530] {logging_mixin.py:190} INFO - [2026-04-08T13:55:39.447+0530] {dagbag.py:588} INFO - Filling up the DagBag from /Users/navalyemul/Documents/uptime/airflow_venv/lib/python3.12/site-packages/airflow/example_dags/example_dataset_alias.py
[2026-04-08T13:55:39.552+0530] {processor.py:925} INFO - DAG(s) 'dataset_s3_bucket_producer', 'dataset_alias_example_alias_consumer', 'dataset_s3_bucket_consumer', 'dataset_alias_example_alias_producer' retrieved from /Users/navalyemul/Documents/uptime/airflow_venv/lib/python3.12/site-packages/airflow/example_dags/example_dataset_alias.py
[2026-04-08T13:55:39.564+0530] {logging_mixin.py:190} INFO - [2026-04-08T13:55:39.564+0530] {dag.py:3239} INFO - Sync 4 DAGs
[2026-04-08T13:55:39.572+0530] {logging_mixin.py:190} INFO - [2026-04-08T13:55:39.572+0530] {dag.py:4180} INFO - Setting next_dagrun for dataset_alias_example_alias_consumer to None, run_after=None
[2026-04-08T13:55:39.574+0530] {logging_mixin.py:190} INFO - [2026-04-08T13:55:39.574+0530] {dag.py:4180} INFO - Setting next_dagrun for dataset_alias_example_alias_producer to None, run_after=None
[2026-04-08T13:55:39.575+0530] {logging_mixin.py:190} INFO - [2026-04-08T13:55:39.575+0530] {dag.py:4180} INFO - Setting next_dagrun for dataset_s3_bucket_consumer to None, run_after=None
[2026-04-08T13:55:39.575+0530] {logging_mixin.py:190} INFO - [2026-04-08T13:55:39.575+0530] {dag.py:4180} INFO - Setting next_dagrun for dataset_s3_bucket_producer to None, run_after=None
[2026-04-08T13:55:39.587+0530] {processor.py:208} INFO - Processing /Users/navalyemul/Documents/uptime/airflow_venv/lib/python3.12/site-packages/airflow/example_dags/example_dataset_alias.py took 0.144 seconds
[2026-04-08T13:59:02.827+0530] {processor.py:186} INFO - Started process (PID=46130) to work on /Users/navalyemul/Documents/uptime/airflow_venv/lib/python3.12/site-packages/airflow/example_dags/example_dataset_alias.py
[2026-04-08T13:59:02.829+0530] {processor.py:914} INFO - Processing file /Users/navalyemul/Documents/uptime/airflow_venv/lib/python3.12/site-packages/airflow/example_dags/example_dataset_alias.py for tasks to queue
[2026-04-08T13:59:02.830+0530] {logging_mixin.py:190} INFO - [2026-04-08T13:59:02.830+0530] {dagbag.py:588} INFO - Filling up the DagBag from /Users/navalyemul/Documents/uptime/airflow_venv/lib/python3.12/site-packages/airflow/example_dags/example_dataset_alias.py
[2026-04-08T13:59:02.918+0530] {processor.py:925} INFO - DAG(s) 'dataset_alias_example_alias_consumer', 'dataset_alias_example_alias_producer', 'dataset_s3_bucket_consumer', 'dataset_s3_bucket_producer' retrieved from /Users/navalyemul/Documents/uptime/airflow_venv/lib/python3.12/site-packages/airflow/example_dags/example_dataset_alias.py
[2026-04-08T13:59:02.931+0530] {logging_mixin.py:190} INFO - [2026-04-08T13:59:02.931+0530] {dag.py:3239} INFO - Sync 4 DAGs
[2026-04-08T13:59:02.939+0530] {logging_mixin.py:190} INFO - [2026-04-08T13:59:02.939+0530] {dag.py:4180} INFO - Setting next_dagrun for dataset_alias_example_alias_consumer to None, run_after=None
[2026-04-08T13:59:02.941+0530] {logging_mixin.py:190} INFO - [2026-04-08T13:59:02.941+0530] {dag.py:4180} INFO - Setting next_dagrun for dataset_alias_example_alias_producer to None, run_after=None
[2026-04-08T13:59:02.941+0530] {logging_mixin.py:190} INFO - [2026-04-08T13:59:02.941+0530] {dag.py:4180} INFO - Setting next_dagrun for dataset_s3_bucket_consumer to None, run_after=None
[2026-04-08T13:59:02.942+0530] {logging_mixin.py:190} INFO - [2026-04-08T13:59:02.942+0530] {dag.py:4180} INFO - Setting next_dagrun for dataset_s3_bucket_producer to None, run_after=None
[2026-04-08T13:59:02.954+0530] {processor.py:208} INFO - Processing /Users/navalyemul/Documents/uptime/airflow_venv/lib/python3.12/site-packages/airflow/example_dags/example_dataset_alias.py took 0.129 seconds
