[2026-04-08T12:47:32.856+0530] {processor.py:186} INFO - Started process (PID=17840) to work on /Users/navalyemul/Documents/uptime/airflow_venv/lib/python3.12/site-packages/airflow/example_dags/example_inlet_event_extra.py
[2026-04-08T12:47:32.857+0530] {processor.py:914} INFO - Processing file /Users/navalyemul/Documents/uptime/airflow_venv/lib/python3.12/site-packages/airflow/example_dags/example_inlet_event_extra.py for tasks to queue
[2026-04-08T12:47:32.857+0530] {logging_mixin.py:190} INFO - [2026-04-08T12:47:32.857+0530] {dagbag.py:588} INFO - Filling up the DagBag from /Users/navalyemul/Documents/uptime/airflow_venv/lib/python3.12/site-packages/airflow/example_dags/example_inlet_event_extra.py
[2026-04-08T12:47:32.898+0530] {processor.py:925} INFO - DAG(s) 'read_dataset_event_from_classic', 'read_dataset_event' retrieved from /Users/navalyemul/Documents/uptime/airflow_venv/lib/python3.12/site-packages/airflow/example_dags/example_inlet_event_extra.py
[2026-04-08T12:47:32.976+0530] {logging_mixin.py:190} INFO - [2026-04-08T12:47:32.976+0530] {override.py:1912} INFO - Created Permission View: can read on DAG:read_dataset_event_from_classic
[2026-04-08T12:47:32.980+0530] {logging_mixin.py:190} INFO - [2026-04-08T12:47:32.980+0530] {override.py:1912} INFO - Created Permission View: can edit on DAG:read_dataset_event_from_classic
[2026-04-08T12:47:32.983+0530] {logging_mixin.py:190} INFO - [2026-04-08T12:47:32.983+0530] {override.py:1912} INFO - Created Permission View: can delete on DAG:read_dataset_event_from_classic
[2026-04-08T12:47:32.987+0530] {logging_mixin.py:190} INFO - [2026-04-08T12:47:32.986+0530] {override.py:1912} INFO - Created Permission View: can read on DAG Run:read_dataset_event_from_classic
[2026-04-08T12:47:32.989+0530] {logging_mixin.py:190} INFO - [2026-04-08T12:47:32.989+0530] {override.py:1912} INFO - Created Permission View: can create on DAG Run:read_dataset_event_from_classic
[2026-04-08T12:47:32.991+0530] {logging_mixin.py:190} INFO - [2026-04-08T12:47:32.991+0530] {override.py:1912} INFO - Created Permission View: menu access on DAG Run:read_dataset_event_from_classic
[2026-04-08T12:47:32.994+0530] {logging_mixin.py:190} INFO - [2026-04-08T12:47:32.993+0530] {override.py:1912} INFO - Created Permission View: can delete on DAG Run:read_dataset_event_from_classic
[2026-04-08T12:47:32.999+0530] {logging_mixin.py:190} INFO - [2026-04-08T12:47:32.999+0530] {override.py:1912} INFO - Created Permission View: can read on DAG:read_dataset_event
[2026-04-08T12:47:33.001+0530] {logging_mixin.py:190} INFO - [2026-04-08T12:47:33.001+0530] {override.py:1912} INFO - Created Permission View: can edit on DAG:read_dataset_event
[2026-04-08T12:47:33.004+0530] {logging_mixin.py:190} INFO - [2026-04-08T12:47:33.004+0530] {override.py:1912} INFO - Created Permission View: can delete on DAG:read_dataset_event
[2026-04-08T12:47:33.007+0530] {logging_mixin.py:190} INFO - [2026-04-08T12:47:33.007+0530] {override.py:1912} INFO - Created Permission View: can read on DAG Run:read_dataset_event
[2026-04-08T12:47:33.009+0530] {logging_mixin.py:190} INFO - [2026-04-08T12:47:33.009+0530] {override.py:1912} INFO - Created Permission View: can create on DAG Run:read_dataset_event
[2026-04-08T12:47:33.011+0530] {logging_mixin.py:190} INFO - [2026-04-08T12:47:33.011+0530] {override.py:1912} INFO - Created Permission View: menu access on DAG Run:read_dataset_event
[2026-04-08T12:47:33.013+0530] {logging_mixin.py:190} INFO - [2026-04-08T12:47:33.013+0530] {override.py:1912} INFO - Created Permission View: can delete on DAG Run:read_dataset_event
[2026-04-08T12:47:33.013+0530] {logging_mixin.py:190} INFO - [2026-04-08T12:47:33.013+0530] {dag.py:3239} INFO - Sync 2 DAGs
[2026-04-08T12:47:33.056+0530] {logging_mixin.py:190} INFO - [2026-04-08T12:47:33.056+0530] {dag.py:3262} INFO - Creating ORM DAG for read_dataset_event_from_classic
[2026-04-08T12:47:33.056+0530] {logging_mixin.py:190} INFO - [2026-04-08T12:47:33.056+0530] {dag.py:3262} INFO - Creating ORM DAG for read_dataset_event
[2026-04-08T12:47:33.060+0530] {logging_mixin.py:190} INFO - [2026-04-08T12:47:33.060+0530] {dag.py:4180} INFO - Setting next_dagrun for read_dataset_event to 2026-04-07 00:00:00+00:00, run_after=2026-04-08 00:00:00+00:00
[2026-04-08T12:47:33.060+0530] {logging_mixin.py:190} INFO - [2026-04-08T12:47:33.060+0530] {dag.py:4180} INFO - Setting next_dagrun for read_dataset_event_from_classic to 2026-04-07 00:00:00+00:00, run_after=2026-04-08 00:00:00+00:00
[2026-04-08T12:47:33.068+0530] {processor.py:208} INFO - Processing /Users/navalyemul/Documents/uptime/airflow_venv/lib/python3.12/site-packages/airflow/example_dags/example_inlet_event_extra.py took 0.214 seconds
[2026-04-08T12:49:26.932+0530] {processor.py:186} INFO - Started process (PID=19167) to work on /Users/navalyemul/Documents/uptime/airflow_venv/lib/python3.12/site-packages/airflow/example_dags/example_inlet_event_extra.py
[2026-04-08T12:49:26.933+0530] {processor.py:914} INFO - Processing file /Users/navalyemul/Documents/uptime/airflow_venv/lib/python3.12/site-packages/airflow/example_dags/example_inlet_event_extra.py for tasks to queue
[2026-04-08T12:49:26.933+0530] {logging_mixin.py:190} INFO - [2026-04-08T12:49:26.933+0530] {dagbag.py:588} INFO - Filling up the DagBag from /Users/navalyemul/Documents/uptime/airflow_venv/lib/python3.12/site-packages/airflow/example_dags/example_inlet_event_extra.py
[2026-04-08T12:49:26.973+0530] {processor.py:925} INFO - DAG(s) 'read_dataset_event', 'read_dataset_event_from_classic' retrieved from /Users/navalyemul/Documents/uptime/airflow_venv/lib/python3.12/site-packages/airflow/example_dags/example_inlet_event_extra.py
[2026-04-08T12:49:27.014+0530] {logging_mixin.py:190} INFO - [2026-04-08T12:49:27.014+0530] {dag.py:3239} INFO - Sync 2 DAGs
[2026-04-08T12:49:27.022+0530] {logging_mixin.py:190} INFO - [2026-04-08T12:49:27.022+0530] {dag.py:4180} INFO - Setting next_dagrun for read_dataset_event to 2026-04-07 00:00:00+00:00, run_after=2026-04-08 00:00:00+00:00
[2026-04-08T12:49:27.024+0530] {logging_mixin.py:190} INFO - [2026-04-08T12:49:27.024+0530] {dag.py:4180} INFO - Setting next_dagrun for read_dataset_event_from_classic to 2026-04-07 00:00:00+00:00, run_after=2026-04-08 00:00:00+00:00
[2026-04-08T12:49:27.032+0530] {processor.py:208} INFO - Processing /Users/navalyemul/Documents/uptime/airflow_venv/lib/python3.12/site-packages/airflow/example_dags/example_inlet_event_extra.py took 0.102 seconds
[2026-04-08T12:52:25.366+0530] {processor.py:186} INFO - Started process (PID=21067) to work on /Users/navalyemul/Documents/uptime/airflow_venv/lib/python3.12/site-packages/airflow/example_dags/example_inlet_event_extra.py
[2026-04-08T12:52:25.367+0530] {processor.py:914} INFO - Processing file /Users/navalyemul/Documents/uptime/airflow_venv/lib/python3.12/site-packages/airflow/example_dags/example_inlet_event_extra.py for tasks to queue
[2026-04-08T12:52:25.368+0530] {logging_mixin.py:190} INFO - [2026-04-08T12:52:25.368+0530] {dagbag.py:588} INFO - Filling up the DagBag from /Users/navalyemul/Documents/uptime/airflow_venv/lib/python3.12/site-packages/airflow/example_dags/example_inlet_event_extra.py
[2026-04-08T12:52:25.420+0530] {processor.py:925} INFO - DAG(s) 'read_dataset_event_from_classic', 'read_dataset_event' retrieved from /Users/navalyemul/Documents/uptime/airflow_venv/lib/python3.12/site-packages/airflow/example_dags/example_inlet_event_extra.py
[2026-04-08T12:52:25.469+0530] {logging_mixin.py:190} INFO - [2026-04-08T12:52:25.469+0530] {dag.py:3239} INFO - Sync 2 DAGs
[2026-04-08T12:52:25.479+0530] {logging_mixin.py:190} INFO - [2026-04-08T12:52:25.478+0530] {dag.py:4180} INFO - Setting next_dagrun for read_dataset_event to 2026-04-07 00:00:00+00:00, run_after=2026-04-08 00:00:00+00:00
[2026-04-08T12:52:25.481+0530] {logging_mixin.py:190} INFO - [2026-04-08T12:52:25.481+0530] {dag.py:4180} INFO - Setting next_dagrun for read_dataset_event_from_classic to 2026-04-07 00:00:00+00:00, run_after=2026-04-08 00:00:00+00:00
[2026-04-08T12:52:25.493+0530] {processor.py:208} INFO - Processing /Users/navalyemul/Documents/uptime/airflow_venv/lib/python3.12/site-packages/airflow/example_dags/example_inlet_event_extra.py took 0.131 seconds
[2026-04-08T12:56:01.539+0530] {processor.py:186} INFO - Started process (PID=22860) to work on /Users/navalyemul/Documents/uptime/airflow_venv/lib/python3.12/site-packages/airflow/example_dags/example_inlet_event_extra.py
[2026-04-08T12:56:01.540+0530] {processor.py:914} INFO - Processing file /Users/navalyemul/Documents/uptime/airflow_venv/lib/python3.12/site-packages/airflow/example_dags/example_inlet_event_extra.py for tasks to queue
[2026-04-08T12:56:01.541+0530] {logging_mixin.py:190} INFO - [2026-04-08T12:56:01.541+0530] {dagbag.py:588} INFO - Filling up the DagBag from /Users/navalyemul/Documents/uptime/airflow_venv/lib/python3.12/site-packages/airflow/example_dags/example_inlet_event_extra.py
[2026-04-08T12:56:01.583+0530] {processor.py:925} INFO - DAG(s) 'read_dataset_event', 'read_dataset_event_from_classic' retrieved from /Users/navalyemul/Documents/uptime/airflow_venv/lib/python3.12/site-packages/airflow/example_dags/example_inlet_event_extra.py
[2026-04-08T12:56:01.625+0530] {logging_mixin.py:190} INFO - [2026-04-08T12:56:01.624+0530] {dag.py:3239} INFO - Sync 2 DAGs
[2026-04-08T12:56:01.633+0530] {logging_mixin.py:190} INFO - [2026-04-08T12:56:01.633+0530] {dag.py:4180} INFO - Setting next_dagrun for read_dataset_event to 2026-04-07 00:00:00+00:00, run_after=2026-04-08 00:00:00+00:00
[2026-04-08T12:56:01.635+0530] {logging_mixin.py:190} INFO - [2026-04-08T12:56:01.635+0530] {dag.py:4180} INFO - Setting next_dagrun for read_dataset_event_from_classic to 2026-04-07 00:00:00+00:00, run_after=2026-04-08 00:00:00+00:00
[2026-04-08T12:56:01.643+0530] {processor.py:208} INFO - Processing /Users/navalyemul/Documents/uptime/airflow_venv/lib/python3.12/site-packages/airflow/example_dags/example_inlet_event_extra.py took 0.106 seconds
[2026-04-08T12:58:54.405+0530] {processor.py:186} INFO - Started process (PID=24685) to work on /Users/navalyemul/Documents/uptime/airflow_venv/lib/python3.12/site-packages/airflow/example_dags/example_inlet_event_extra.py
[2026-04-08T12:58:54.406+0530] {processor.py:914} INFO - Processing file /Users/navalyemul/Documents/uptime/airflow_venv/lib/python3.12/site-packages/airflow/example_dags/example_inlet_event_extra.py for tasks to queue
[2026-04-08T12:58:54.407+0530] {logging_mixin.py:190} INFO - [2026-04-08T12:58:54.407+0530] {dagbag.py:588} INFO - Filling up the DagBag from /Users/navalyemul/Documents/uptime/airflow_venv/lib/python3.12/site-packages/airflow/example_dags/example_inlet_event_extra.py
[2026-04-08T12:58:54.459+0530] {processor.py:925} INFO - DAG(s) 'read_dataset_event', 'read_dataset_event_from_classic' retrieved from /Users/navalyemul/Documents/uptime/airflow_venv/lib/python3.12/site-packages/airflow/example_dags/example_inlet_event_extra.py
[2026-04-08T12:58:54.499+0530] {logging_mixin.py:190} INFO - [2026-04-08T12:58:54.499+0530] {dag.py:3239} INFO - Sync 2 DAGs
[2026-04-08T12:58:54.507+0530] {logging_mixin.py:190} INFO - [2026-04-08T12:58:54.507+0530] {dag.py:4180} INFO - Setting next_dagrun for read_dataset_event to 2026-04-07 00:00:00+00:00, run_after=2026-04-08 00:00:00+00:00
[2026-04-08T12:58:54.509+0530] {logging_mixin.py:190} INFO - [2026-04-08T12:58:54.509+0530] {dag.py:4180} INFO - Setting next_dagrun for read_dataset_event_from_classic to 2026-04-07 00:00:00+00:00, run_after=2026-04-08 00:00:00+00:00
[2026-04-08T12:58:54.517+0530] {processor.py:208} INFO - Processing /Users/navalyemul/Documents/uptime/airflow_venv/lib/python3.12/site-packages/airflow/example_dags/example_inlet_event_extra.py took 0.113 seconds
[2026-04-08T13:01:36.425+0530] {processor.py:186} INFO - Started process (PID=26534) to work on /Users/navalyemul/Documents/uptime/airflow_venv/lib/python3.12/site-packages/airflow/example_dags/example_inlet_event_extra.py
[2026-04-08T13:01:36.426+0530] {processor.py:914} INFO - Processing file /Users/navalyemul/Documents/uptime/airflow_venv/lib/python3.12/site-packages/airflow/example_dags/example_inlet_event_extra.py for tasks to queue
[2026-04-08T13:01:36.427+0530] {logging_mixin.py:190} INFO - [2026-04-08T13:01:36.427+0530] {dagbag.py:588} INFO - Filling up the DagBag from /Users/navalyemul/Documents/uptime/airflow_venv/lib/python3.12/site-packages/airflow/example_dags/example_inlet_event_extra.py
[2026-04-08T13:01:36.467+0530] {processor.py:925} INFO - DAG(s) 'read_dataset_event', 'read_dataset_event_from_classic' retrieved from /Users/navalyemul/Documents/uptime/airflow_venv/lib/python3.12/site-packages/airflow/example_dags/example_inlet_event_extra.py
[2026-04-08T13:01:36.510+0530] {logging_mixin.py:190} INFO - [2026-04-08T13:01:36.510+0530] {dag.py:3239} INFO - Sync 2 DAGs
[2026-04-08T13:01:36.518+0530] {logging_mixin.py:190} INFO - [2026-04-08T13:01:36.518+0530] {dag.py:4180} INFO - Setting next_dagrun for read_dataset_event to 2026-04-07 00:00:00+00:00, run_after=2026-04-08 00:00:00+00:00
[2026-04-08T13:01:36.520+0530] {logging_mixin.py:190} INFO - [2026-04-08T13:01:36.520+0530] {dag.py:4180} INFO - Setting next_dagrun for read_dataset_event_from_classic to 2026-04-07 00:00:00+00:00, run_after=2026-04-08 00:00:00+00:00
[2026-04-08T13:01:36.528+0530] {processor.py:208} INFO - Processing /Users/navalyemul/Documents/uptime/airflow_venv/lib/python3.12/site-packages/airflow/example_dags/example_inlet_event_extra.py took 0.105 seconds
[2026-04-08T13:04:22.591+0530] {processor.py:186} INFO - Started process (PID=28493) to work on /Users/navalyemul/Documents/uptime/airflow_venv/lib/python3.12/site-packages/airflow/example_dags/example_inlet_event_extra.py
[2026-04-08T13:04:22.592+0530] {processor.py:914} INFO - Processing file /Users/navalyemul/Documents/uptime/airflow_venv/lib/python3.12/site-packages/airflow/example_dags/example_inlet_event_extra.py for tasks to queue
[2026-04-08T13:04:22.593+0530] {logging_mixin.py:190} INFO - [2026-04-08T13:04:22.593+0530] {dagbag.py:588} INFO - Filling up the DagBag from /Users/navalyemul/Documents/uptime/airflow_venv/lib/python3.12/site-packages/airflow/example_dags/example_inlet_event_extra.py
[2026-04-08T13:04:22.637+0530] {processor.py:925} INFO - DAG(s) 'read_dataset_event_from_classic', 'read_dataset_event' retrieved from /Users/navalyemul/Documents/uptime/airflow_venv/lib/python3.12/site-packages/airflow/example_dags/example_inlet_event_extra.py
[2026-04-08T13:04:22.682+0530] {logging_mixin.py:190} INFO - [2026-04-08T13:04:22.682+0530] {dag.py:3239} INFO - Sync 2 DAGs
[2026-04-08T13:04:22.691+0530] {logging_mixin.py:190} INFO - [2026-04-08T13:04:22.691+0530] {dag.py:4180} INFO - Setting next_dagrun for read_dataset_event to 2026-04-07 00:00:00+00:00, run_after=2026-04-08 00:00:00+00:00
[2026-04-08T13:04:22.693+0530] {logging_mixin.py:190} INFO - [2026-04-08T13:04:22.693+0530] {dag.py:4180} INFO - Setting next_dagrun for read_dataset_event_from_classic to 2026-04-07 00:00:00+00:00, run_after=2026-04-08 00:00:00+00:00
[2026-04-08T13:04:22.703+0530] {processor.py:208} INFO - Processing /Users/navalyemul/Documents/uptime/airflow_venv/lib/python3.12/site-packages/airflow/example_dags/example_inlet_event_extra.py took 0.113 seconds
[2026-04-08T13:07:11.033+0530] {processor.py:186} INFO - Started process (PID=30339) to work on /Users/navalyemul/Documents/uptime/airflow_venv/lib/python3.12/site-packages/airflow/example_dags/example_inlet_event_extra.py
[2026-04-08T13:07:11.034+0530] {processor.py:914} INFO - Processing file /Users/navalyemul/Documents/uptime/airflow_venv/lib/python3.12/site-packages/airflow/example_dags/example_inlet_event_extra.py for tasks to queue
[2026-04-08T13:07:11.035+0530] {logging_mixin.py:190} INFO - [2026-04-08T13:07:11.035+0530] {dagbag.py:588} INFO - Filling up the DagBag from /Users/navalyemul/Documents/uptime/airflow_venv/lib/python3.12/site-packages/airflow/example_dags/example_inlet_event_extra.py
[2026-04-08T13:07:11.078+0530] {processor.py:925} INFO - DAG(s) 'read_dataset_event_from_classic', 'read_dataset_event' retrieved from /Users/navalyemul/Documents/uptime/airflow_venv/lib/python3.12/site-packages/airflow/example_dags/example_inlet_event_extra.py
[2026-04-08T13:07:11.120+0530] {logging_mixin.py:190} INFO - [2026-04-08T13:07:11.120+0530] {dag.py:3239} INFO - Sync 2 DAGs
[2026-04-08T13:07:11.129+0530] {logging_mixin.py:190} INFO - [2026-04-08T13:07:11.129+0530] {dag.py:4180} INFO - Setting next_dagrun for read_dataset_event to 2026-04-07 00:00:00+00:00, run_after=2026-04-08 00:00:00+00:00
[2026-04-08T13:07:11.132+0530] {logging_mixin.py:190} INFO - [2026-04-08T13:07:11.132+0530] {dag.py:4180} INFO - Setting next_dagrun for read_dataset_event_from_classic to 2026-04-07 00:00:00+00:00, run_after=2026-04-08 00:00:00+00:00
[2026-04-08T13:07:11.140+0530] {processor.py:208} INFO - Processing /Users/navalyemul/Documents/uptime/airflow_venv/lib/python3.12/site-packages/airflow/example_dags/example_inlet_event_extra.py took 0.109 seconds
[2026-04-08T13:09:56.682+0530] {processor.py:186} INFO - Started process (PID=32159) to work on /Users/navalyemul/Documents/uptime/airflow_venv/lib/python3.12/site-packages/airflow/example_dags/example_inlet_event_extra.py
[2026-04-08T13:09:56.682+0530] {processor.py:914} INFO - Processing file /Users/navalyemul/Documents/uptime/airflow_venv/lib/python3.12/site-packages/airflow/example_dags/example_inlet_event_extra.py for tasks to queue
[2026-04-08T13:09:56.683+0530] {logging_mixin.py:190} INFO - [2026-04-08T13:09:56.683+0530] {dagbag.py:588} INFO - Filling up the DagBag from /Users/navalyemul/Documents/uptime/airflow_venv/lib/python3.12/site-packages/airflow/example_dags/example_inlet_event_extra.py
[2026-04-08T13:09:56.726+0530] {processor.py:925} INFO - DAG(s) 'read_dataset_event', 'read_dataset_event_from_classic' retrieved from /Users/navalyemul/Documents/uptime/airflow_venv/lib/python3.12/site-packages/airflow/example_dags/example_inlet_event_extra.py
[2026-04-08T13:09:56.766+0530] {logging_mixin.py:190} INFO - [2026-04-08T13:09:56.766+0530] {dag.py:3239} INFO - Sync 2 DAGs
[2026-04-08T13:09:56.774+0530] {logging_mixin.py:190} INFO - [2026-04-08T13:09:56.774+0530] {dag.py:4180} INFO - Setting next_dagrun for read_dataset_event to 2026-04-07 00:00:00+00:00, run_after=2026-04-08 00:00:00+00:00
[2026-04-08T13:09:56.776+0530] {logging_mixin.py:190} INFO - [2026-04-08T13:09:56.776+0530] {dag.py:4180} INFO - Setting next_dagrun for read_dataset_event_from_classic to 2026-04-07 00:00:00+00:00, run_after=2026-04-08 00:00:00+00:00
[2026-04-08T13:09:56.785+0530] {processor.py:208} INFO - Processing /Users/navalyemul/Documents/uptime/airflow_venv/lib/python3.12/site-packages/airflow/example_dags/example_inlet_event_extra.py took 0.105 seconds
[2026-04-08T13:12:42.959+0530] {processor.py:186} INFO - Started process (PID=34024) to work on /Users/navalyemul/Documents/uptime/airflow_venv/lib/python3.12/site-packages/airflow/example_dags/example_inlet_event_extra.py
[2026-04-08T13:12:42.960+0530] {processor.py:914} INFO - Processing file /Users/navalyemul/Documents/uptime/airflow_venv/lib/python3.12/site-packages/airflow/example_dags/example_inlet_event_extra.py for tasks to queue
[2026-04-08T13:12:42.960+0530] {logging_mixin.py:190} INFO - [2026-04-08T13:12:42.960+0530] {dagbag.py:588} INFO - Filling up the DagBag from /Users/navalyemul/Documents/uptime/airflow_venv/lib/python3.12/site-packages/airflow/example_dags/example_inlet_event_extra.py
[2026-04-08T13:12:43.003+0530] {processor.py:925} INFO - DAG(s) 'read_dataset_event', 'read_dataset_event_from_classic' retrieved from /Users/navalyemul/Documents/uptime/airflow_venv/lib/python3.12/site-packages/airflow/example_dags/example_inlet_event_extra.py
[2026-04-08T13:12:43.043+0530] {logging_mixin.py:190} INFO - [2026-04-08T13:12:43.043+0530] {dag.py:3239} INFO - Sync 2 DAGs
[2026-04-08T13:12:43.051+0530] {logging_mixin.py:190} INFO - [2026-04-08T13:12:43.051+0530] {dag.py:4180} INFO - Setting next_dagrun for read_dataset_event to 2026-04-07 00:00:00+00:00, run_after=2026-04-08 00:00:00+00:00
[2026-04-08T13:12:43.053+0530] {logging_mixin.py:190} INFO - [2026-04-08T13:12:43.053+0530] {dag.py:4180} INFO - Setting next_dagrun for read_dataset_event_from_classic to 2026-04-07 00:00:00+00:00, run_after=2026-04-08 00:00:00+00:00
[2026-04-08T13:12:43.061+0530] {processor.py:208} INFO - Processing /Users/navalyemul/Documents/uptime/airflow_venv/lib/python3.12/site-packages/airflow/example_dags/example_inlet_event_extra.py took 0.103 seconds
[2026-04-08T13:15:29.242+0530] {processor.py:186} INFO - Started process (PID=35899) to work on /Users/navalyemul/Documents/uptime/airflow_venv/lib/python3.12/site-packages/airflow/example_dags/example_inlet_event_extra.py
[2026-04-08T13:15:29.243+0530] {processor.py:914} INFO - Processing file /Users/navalyemul/Documents/uptime/airflow_venv/lib/python3.12/site-packages/airflow/example_dags/example_inlet_event_extra.py for tasks to queue
[2026-04-08T13:15:29.244+0530] {logging_mixin.py:190} INFO - [2026-04-08T13:15:29.244+0530] {dagbag.py:588} INFO - Filling up the DagBag from /Users/navalyemul/Documents/uptime/airflow_venv/lib/python3.12/site-packages/airflow/example_dags/example_inlet_event_extra.py
[2026-04-08T13:15:29.289+0530] {processor.py:925} INFO - DAG(s) 'read_dataset_event_from_classic', 'read_dataset_event' retrieved from /Users/navalyemul/Documents/uptime/airflow_venv/lib/python3.12/site-packages/airflow/example_dags/example_inlet_event_extra.py
[2026-04-08T13:15:29.334+0530] {logging_mixin.py:190} INFO - [2026-04-08T13:15:29.334+0530] {dag.py:3239} INFO - Sync 2 DAGs
[2026-04-08T13:15:29.343+0530] {logging_mixin.py:190} INFO - [2026-04-08T13:15:29.343+0530] {dag.py:4180} INFO - Setting next_dagrun for read_dataset_event to 2026-04-07 00:00:00+00:00, run_after=2026-04-08 00:00:00+00:00
[2026-04-08T13:15:29.345+0530] {logging_mixin.py:190} INFO - [2026-04-08T13:15:29.345+0530] {dag.py:4180} INFO - Setting next_dagrun for read_dataset_event_from_classic to 2026-04-07 00:00:00+00:00, run_after=2026-04-08 00:00:00+00:00
[2026-04-08T13:15:29.353+0530] {processor.py:208} INFO - Processing /Users/navalyemul/Documents/uptime/airflow_venv/lib/python3.12/site-packages/airflow/example_dags/example_inlet_event_extra.py took 0.113 seconds
[2026-04-08T13:18:16.353+0530] {processor.py:186} INFO - Started process (PID=37784) to work on /Users/navalyemul/Documents/uptime/airflow_venv/lib/python3.12/site-packages/airflow/example_dags/example_inlet_event_extra.py
[2026-04-08T13:18:16.354+0530] {processor.py:914} INFO - Processing file /Users/navalyemul/Documents/uptime/airflow_venv/lib/python3.12/site-packages/airflow/example_dags/example_inlet_event_extra.py for tasks to queue
[2026-04-08T13:18:16.354+0530] {logging_mixin.py:190} INFO - [2026-04-08T13:18:16.354+0530] {dagbag.py:588} INFO - Filling up the DagBag from /Users/navalyemul/Documents/uptime/airflow_venv/lib/python3.12/site-packages/airflow/example_dags/example_inlet_event_extra.py
[2026-04-08T13:18:16.397+0530] {processor.py:925} INFO - DAG(s) 'read_dataset_event_from_classic', 'read_dataset_event' retrieved from /Users/navalyemul/Documents/uptime/airflow_venv/lib/python3.12/site-packages/airflow/example_dags/example_inlet_event_extra.py
[2026-04-08T13:18:16.440+0530] {logging_mixin.py:190} INFO - [2026-04-08T13:18:16.440+0530] {dag.py:3239} INFO - Sync 2 DAGs
[2026-04-08T13:18:16.449+0530] {logging_mixin.py:190} INFO - [2026-04-08T13:18:16.449+0530] {dag.py:4180} INFO - Setting next_dagrun for read_dataset_event to 2026-04-07 00:00:00+00:00, run_after=2026-04-08 00:00:00+00:00
[2026-04-08T13:18:16.451+0530] {logging_mixin.py:190} INFO - [2026-04-08T13:18:16.451+0530] {dag.py:4180} INFO - Setting next_dagrun for read_dataset_event_from_classic to 2026-04-07 00:00:00+00:00, run_after=2026-04-08 00:00:00+00:00
[2026-04-08T13:18:16.460+0530] {processor.py:208} INFO - Processing /Users/navalyemul/Documents/uptime/airflow_venv/lib/python3.12/site-packages/airflow/example_dags/example_inlet_event_extra.py took 0.109 seconds
[2026-04-08T13:29:39.029+0530] {processor.py:186} INFO - Started process (PID=39753) to work on /Users/navalyemul/Documents/uptime/airflow_venv/lib/python3.12/site-packages/airflow/example_dags/example_inlet_event_extra.py
[2026-04-08T13:29:39.030+0530] {processor.py:914} INFO - Processing file /Users/navalyemul/Documents/uptime/airflow_venv/lib/python3.12/site-packages/airflow/example_dags/example_inlet_event_extra.py for tasks to queue
[2026-04-08T13:29:39.031+0530] {logging_mixin.py:190} INFO - [2026-04-08T13:29:39.030+0530] {dagbag.py:588} INFO - Filling up the DagBag from /Users/navalyemul/Documents/uptime/airflow_venv/lib/python3.12/site-packages/airflow/example_dags/example_inlet_event_extra.py
[2026-04-08T13:29:39.075+0530] {processor.py:925} INFO - DAG(s) 'read_dataset_event_from_classic', 'read_dataset_event' retrieved from /Users/navalyemul/Documents/uptime/airflow_venv/lib/python3.12/site-packages/airflow/example_dags/example_inlet_event_extra.py
[2026-04-08T13:29:39.118+0530] {logging_mixin.py:190} INFO - [2026-04-08T13:29:39.117+0530] {dag.py:3239} INFO - Sync 2 DAGs
[2026-04-08T13:29:39.127+0530] {logging_mixin.py:190} INFO - [2026-04-08T13:29:39.126+0530] {dag.py:4180} INFO - Setting next_dagrun for read_dataset_event to 2026-04-07 00:00:00+00:00, run_after=2026-04-08 00:00:00+00:00
[2026-04-08T13:29:39.129+0530] {logging_mixin.py:190} INFO - [2026-04-08T13:29:39.129+0530] {dag.py:4180} INFO - Setting next_dagrun for read_dataset_event_from_classic to 2026-04-07 00:00:00+00:00, run_after=2026-04-08 00:00:00+00:00
[2026-04-08T13:29:39.137+0530] {processor.py:208} INFO - Processing /Users/navalyemul/Documents/uptime/airflow_venv/lib/python3.12/site-packages/airflow/example_dags/example_inlet_event_extra.py took 0.110 seconds
[2026-04-08T13:34:24.686+0530] {processor.py:186} INFO - Started process (PID=40738) to work on /Users/navalyemul/Documents/uptime/airflow_venv/lib/python3.12/site-packages/airflow/example_dags/example_inlet_event_extra.py
[2026-04-08T13:34:24.686+0530] {processor.py:914} INFO - Processing file /Users/navalyemul/Documents/uptime/airflow_venv/lib/python3.12/site-packages/airflow/example_dags/example_inlet_event_extra.py for tasks to queue
[2026-04-08T13:34:24.687+0530] {logging_mixin.py:190} INFO - [2026-04-08T13:34:24.687+0530] {dagbag.py:588} INFO - Filling up the DagBag from /Users/navalyemul/Documents/uptime/airflow_venv/lib/python3.12/site-packages/airflow/example_dags/example_inlet_event_extra.py
[2026-04-08T13:34:24.726+0530] {processor.py:925} INFO - DAG(s) 'read_dataset_event', 'read_dataset_event_from_classic' retrieved from /Users/navalyemul/Documents/uptime/airflow_venv/lib/python3.12/site-packages/airflow/example_dags/example_inlet_event_extra.py
[2026-04-08T13:34:24.768+0530] {logging_mixin.py:190} INFO - [2026-04-08T13:34:24.767+0530] {dag.py:3239} INFO - Sync 2 DAGs
[2026-04-08T13:34:24.776+0530] {logging_mixin.py:190} INFO - [2026-04-08T13:34:24.776+0530] {dag.py:4180} INFO - Setting next_dagrun for read_dataset_event to 2026-04-07 00:00:00+00:00, run_after=2026-04-08 00:00:00+00:00
[2026-04-08T13:34:24.778+0530] {logging_mixin.py:190} INFO - [2026-04-08T13:34:24.778+0530] {dag.py:4180} INFO - Setting next_dagrun for read_dataset_event_from_classic to 2026-04-07 00:00:00+00:00, run_after=2026-04-08 00:00:00+00:00
[2026-04-08T13:34:24.785+0530] {processor.py:208} INFO - Processing /Users/navalyemul/Documents/uptime/airflow_venv/lib/python3.12/site-packages/airflow/example_dags/example_inlet_event_extra.py took 0.101 seconds
[2026-04-08T13:46:55.544+0530] {processor.py:186} INFO - Started process (PID=42813) to work on /Users/navalyemul/Documents/uptime/airflow_venv/lib/python3.12/site-packages/airflow/example_dags/example_inlet_event_extra.py
[2026-04-08T13:46:55.545+0530] {processor.py:914} INFO - Processing file /Users/navalyemul/Documents/uptime/airflow_venv/lib/python3.12/site-packages/airflow/example_dags/example_inlet_event_extra.py for tasks to queue
[2026-04-08T13:46:55.545+0530] {logging_mixin.py:190} INFO - [2026-04-08T13:46:55.545+0530] {dagbag.py:588} INFO - Filling up the DagBag from /Users/navalyemul/Documents/uptime/airflow_venv/lib/python3.12/site-packages/airflow/example_dags/example_inlet_event_extra.py
[2026-04-08T13:46:55.587+0530] {processor.py:925} INFO - DAG(s) 'read_dataset_event_from_classic', 'read_dataset_event' retrieved from /Users/navalyemul/Documents/uptime/airflow_venv/lib/python3.12/site-packages/airflow/example_dags/example_inlet_event_extra.py
[2026-04-08T13:46:55.629+0530] {logging_mixin.py:190} INFO - [2026-04-08T13:46:55.628+0530] {dag.py:3239} INFO - Sync 2 DAGs
[2026-04-08T13:46:55.637+0530] {logging_mixin.py:190} INFO - [2026-04-08T13:46:55.637+0530] {dag.py:4180} INFO - Setting next_dagrun for read_dataset_event to 2026-04-07 00:00:00+00:00, run_after=2026-04-08 00:00:00+00:00
[2026-04-08T13:46:55.640+0530] {logging_mixin.py:190} INFO - [2026-04-08T13:46:55.640+0530] {dag.py:4180} INFO - Setting next_dagrun for read_dataset_event_from_classic to 2026-04-07 00:00:00+00:00, run_after=2026-04-08 00:00:00+00:00
[2026-04-08T13:46:55.648+0530] {processor.py:208} INFO - Processing /Users/navalyemul/Documents/uptime/airflow_venv/lib/python3.12/site-packages/airflow/example_dags/example_inlet_event_extra.py took 0.106 seconds
[2026-04-08T13:55:19.661+0530] {processor.py:186} INFO - Started process (PID=43991) to work on /Users/navalyemul/Documents/uptime/airflow_venv/lib/python3.12/site-packages/airflow/example_dags/example_inlet_event_extra.py
[2026-04-08T13:55:19.662+0530] {processor.py:914} INFO - Processing file /Users/navalyemul/Documents/uptime/airflow_venv/lib/python3.12/site-packages/airflow/example_dags/example_inlet_event_extra.py for tasks to queue
[2026-04-08T13:55:19.663+0530] {logging_mixin.py:190} INFO - [2026-04-08T13:55:19.663+0530] {dagbag.py:588} INFO - Filling up the DagBag from /Users/navalyemul/Documents/uptime/airflow_venv/lib/python3.12/site-packages/airflow/example_dags/example_inlet_event_extra.py
[2026-04-08T13:55:19.736+0530] {processor.py:925} INFO - DAG(s) 'read_dataset_event', 'read_dataset_event_from_classic' retrieved from /Users/navalyemul/Documents/uptime/airflow_venv/lib/python3.12/site-packages/airflow/example_dags/example_inlet_event_extra.py
[2026-04-08T13:55:19.798+0530] {logging_mixin.py:190} INFO - [2026-04-08T13:55:19.798+0530] {dag.py:3239} INFO - Sync 2 DAGs
[2026-04-08T13:55:19.808+0530] {logging_mixin.py:190} INFO - [2026-04-08T13:55:19.808+0530] {dag.py:4180} INFO - Setting next_dagrun for read_dataset_event to 2026-04-07 00:00:00+00:00, run_after=2026-04-08 00:00:00+00:00
[2026-04-08T13:55:19.811+0530] {logging_mixin.py:190} INFO - [2026-04-08T13:55:19.810+0530] {dag.py:4180} INFO - Setting next_dagrun for read_dataset_event_from_classic to 2026-04-07 00:00:00+00:00, run_after=2026-04-08 00:00:00+00:00
[2026-04-08T13:55:19.820+0530] {processor.py:208} INFO - Processing /Users/navalyemul/Documents/uptime/airflow_venv/lib/python3.12/site-packages/airflow/example_dags/example_inlet_event_extra.py took 0.163 seconds
[2026-04-08T13:58:47.547+0530] {processor.py:186} INFO - Started process (PID=45990) to work on /Users/navalyemul/Documents/uptime/airflow_venv/lib/python3.12/site-packages/airflow/example_dags/example_inlet_event_extra.py
[2026-04-08T13:58:47.548+0530] {processor.py:914} INFO - Processing file /Users/navalyemul/Documents/uptime/airflow_venv/lib/python3.12/site-packages/airflow/example_dags/example_inlet_event_extra.py for tasks to queue
[2026-04-08T13:58:47.549+0530] {logging_mixin.py:190} INFO - [2026-04-08T13:58:47.548+0530] {dagbag.py:588} INFO - Filling up the DagBag from /Users/navalyemul/Documents/uptime/airflow_venv/lib/python3.12/site-packages/airflow/example_dags/example_inlet_event_extra.py
[2026-04-08T13:58:47.593+0530] {processor.py:925} INFO - DAG(s) 'read_dataset_event_from_classic', 'read_dataset_event' retrieved from /Users/navalyemul/Documents/uptime/airflow_venv/lib/python3.12/site-packages/airflow/example_dags/example_inlet_event_extra.py
[2026-04-08T13:58:47.639+0530] {logging_mixin.py:190} INFO - [2026-04-08T13:58:47.639+0530] {dag.py:3239} INFO - Sync 2 DAGs
[2026-04-08T13:58:47.648+0530] {logging_mixin.py:190} INFO - [2026-04-08T13:58:47.647+0530] {dag.py:4180} INFO - Setting next_dagrun for read_dataset_event to 2026-04-07 00:00:00+00:00, run_after=2026-04-08 00:00:00+00:00
[2026-04-08T13:58:47.650+0530] {logging_mixin.py:190} INFO - [2026-04-08T13:58:47.650+0530] {dag.py:4180} INFO - Setting next_dagrun for read_dataset_event_from_classic to 2026-04-07 00:00:00+00:00, run_after=2026-04-08 00:00:00+00:00
[2026-04-08T13:58:47.660+0530] {processor.py:208} INFO - Processing /Users/navalyemul/Documents/uptime/airflow_venv/lib/python3.12/site-packages/airflow/example_dags/example_inlet_event_extra.py took 0.115 seconds
