[2026-04-08T12:39:28.819+0530] {processor.py:186} INFO - Started process (PID=13320) to work on /Users/navalyemul/Documents/uptime/airflow_venv/lib/python3.12/site-packages/airflow/example_dags/example_workday_timetable.py
[2026-04-08T12:39:28.822+0530] {processor.py:914} INFO - Processing file /Users/navalyemul/Documents/uptime/airflow_venv/lib/python3.12/site-packages/airflow/example_dags/example_workday_timetable.py for tasks to queue
[2026-04-08T12:39:28.826+0530] {logging_mixin.py:190} INFO - [2026-04-08T12:39:28.825+0530] {dagbag.py:588} INFO - Filling up the DagBag from /Users/navalyemul/Documents/uptime/airflow_venv/lib/python3.12/site-packages/airflow/example_dags/example_workday_timetable.py
[2026-04-08T12:39:28.832+0530] {logging_mixin.py:190} INFO - [2026-04-08T12:39:28.832+0530] {workday.py:41} WARNING - Could not import pandas. Holidays will not be considered.
[2026-04-08T12:39:28.842+0530] {processor.py:925} INFO - DAG(s) 'example_workday_timetable' retrieved from /Users/navalyemul/Documents/uptime/airflow_venv/lib/python3.12/site-packages/airflow/example_dags/example_workday_timetable.py
[2026-04-08T12:39:28.920+0530] {logging_mixin.py:190} INFO - [2026-04-08T12:39:28.920+0530] {workday.py:41} WARNING - Could not import pandas. Holidays will not be considered.
[2026-04-08T12:39:29.042+0530] {logging_mixin.py:190} INFO - [2026-04-08T12:39:29.042+0530] {override.py:1912} INFO - Created Permission View: can edit on DAG:example_workday_timetable
[2026-04-08T12:39:29.053+0530] {logging_mixin.py:190} INFO - [2026-04-08T12:39:29.053+0530] {override.py:1912} INFO - Created Permission View: can delete on DAG:example_workday_timetable
[2026-04-08T12:39:29.057+0530] {logging_mixin.py:190} INFO - [2026-04-08T12:39:29.057+0530] {override.py:1912} INFO - Created Permission View: can read on DAG:example_workday_timetable
[2026-04-08T12:39:29.067+0530] {logging_mixin.py:190} INFO - [2026-04-08T12:39:29.067+0530] {override.py:1912} INFO - Created Permission View: can create on DAG Run:example_workday_timetable
[2026-04-08T12:39:29.072+0530] {logging_mixin.py:190} INFO - [2026-04-08T12:39:29.071+0530] {override.py:1912} INFO - Created Permission View: menu access on DAG Run:example_workday_timetable
[2026-04-08T12:39:29.076+0530] {logging_mixin.py:190} INFO - [2026-04-08T12:39:29.075+0530] {override.py:1912} INFO - Created Permission View: can delete on DAG Run:example_workday_timetable
[2026-04-08T12:39:29.084+0530] {logging_mixin.py:190} INFO - [2026-04-08T12:39:29.083+0530] {override.py:1912} INFO - Created Permission View: can read on DAG Run:example_workday_timetable
[2026-04-08T12:39:29.084+0530] {logging_mixin.py:190} INFO - [2026-04-08T12:39:29.084+0530] {dag.py:3239} INFO - Sync 1 DAGs
[2026-04-08T12:39:29.092+0530] {logging_mixin.py:190} INFO - [2026-04-08T12:39:29.092+0530] {dag.py:3262} INFO - Creating ORM DAG for example_workday_timetable
[2026-04-08T12:39:29.100+0530] {logging_mixin.py:190} INFO - [2026-04-08T12:39:29.100+0530] {dag.py:4180} INFO - Setting next_dagrun for example_workday_timetable to 2021-01-01 00:00:00+00:00, run_after=2021-01-02 00:00:00+00:00
[2026-04-08T12:39:29.114+0530] {processor.py:208} INFO - Processing /Users/navalyemul/Documents/uptime/airflow_venv/lib/python3.12/site-packages/airflow/example_dags/example_workday_timetable.py took 0.298 seconds
[2026-04-08T12:43:58.895+0530] {processor.py:186} INFO - Started process (PID=15660) to work on /Users/navalyemul/Documents/uptime/airflow_venv/lib/python3.12/site-packages/airflow/example_dags/example_workday_timetable.py
[2026-04-08T12:43:58.897+0530] {processor.py:914} INFO - Processing file /Users/navalyemul/Documents/uptime/airflow_venv/lib/python3.12/site-packages/airflow/example_dags/example_workday_timetable.py for tasks to queue
[2026-04-08T12:43:58.897+0530] {logging_mixin.py:190} INFO - [2026-04-08T12:43:58.897+0530] {dagbag.py:588} INFO - Filling up the DagBag from /Users/navalyemul/Documents/uptime/airflow_venv/lib/python3.12/site-packages/airflow/example_dags/example_workday_timetable.py
[2026-04-08T12:43:58.901+0530] {logging_mixin.py:190} INFO - [2026-04-08T12:43:58.901+0530] {workday.py:41} WARNING - Could not import pandas. Holidays will not be considered.
[2026-04-08T12:43:58.911+0530] {processor.py:925} INFO - DAG(s) 'example_workday_timetable' retrieved from /Users/navalyemul/Documents/uptime/airflow_venv/lib/python3.12/site-packages/airflow/example_dags/example_workday_timetable.py
[2026-04-08T12:43:58.985+0530] {logging_mixin.py:190} INFO - [2026-04-08T12:43:58.984+0530] {workday.py:41} WARNING - Could not import pandas. Holidays will not be considered.
[2026-04-08T12:43:58.999+0530] {logging_mixin.py:190} INFO - [2026-04-08T12:43:58.998+0530] {dag.py:3239} INFO - Sync 1 DAGs
[2026-04-08T12:43:59.014+0530] {logging_mixin.py:190} INFO - [2026-04-08T12:43:59.014+0530] {dag.py:4180} INFO - Setting next_dagrun for example_workday_timetable to 2021-01-01 00:00:00+00:00, run_after=2021-01-02 00:00:00+00:00
[2026-04-08T12:43:59.028+0530] {processor.py:208} INFO - Processing /Users/navalyemul/Documents/uptime/airflow_venv/lib/python3.12/site-packages/airflow/example_dags/example_workday_timetable.py took 0.139 seconds
[2026-04-08T12:46:37.532+0530] {processor.py:186} INFO - Started process (PID=17233) to work on /Users/navalyemul/Documents/uptime/airflow_venv/lib/python3.12/site-packages/airflow/example_dags/example_workday_timetable.py
[2026-04-08T12:46:37.533+0530] {processor.py:914} INFO - Processing file /Users/navalyemul/Documents/uptime/airflow_venv/lib/python3.12/site-packages/airflow/example_dags/example_workday_timetable.py for tasks to queue
[2026-04-08T12:46:37.534+0530] {logging_mixin.py:190} INFO - [2026-04-08T12:46:37.533+0530] {dagbag.py:588} INFO - Filling up the DagBag from /Users/navalyemul/Documents/uptime/airflow_venv/lib/python3.12/site-packages/airflow/example_dags/example_workday_timetable.py
[2026-04-08T12:46:37.535+0530] {logging_mixin.py:190} INFO - [2026-04-08T12:46:37.535+0530] {workday.py:41} WARNING - Could not import pandas. Holidays will not be considered.
[2026-04-08T12:46:37.538+0530] {processor.py:925} INFO - DAG(s) 'example_workday_timetable' retrieved from /Users/navalyemul/Documents/uptime/airflow_venv/lib/python3.12/site-packages/airflow/example_dags/example_workday_timetable.py
[2026-04-08T12:46:37.576+0530] {logging_mixin.py:190} INFO - [2026-04-08T12:46:37.576+0530] {workday.py:41} WARNING - Could not import pandas. Holidays will not be considered.
[2026-04-08T12:46:37.585+0530] {logging_mixin.py:190} INFO - [2026-04-08T12:46:37.585+0530] {dag.py:3239} INFO - Sync 1 DAGs
[2026-04-08T12:46:37.594+0530] {logging_mixin.py:190} INFO - [2026-04-08T12:46:37.594+0530] {dag.py:4180} INFO - Setting next_dagrun for example_workday_timetable to 2021-01-01 00:00:00+00:00, run_after=2021-01-02 00:00:00+00:00
[2026-04-08T12:46:37.603+0530] {processor.py:208} INFO - Processing /Users/navalyemul/Documents/uptime/airflow_venv/lib/python3.12/site-packages/airflow/example_dags/example_workday_timetable.py took 0.074 seconds
[2026-04-08T12:48:35.080+0530] {processor.py:186} INFO - Started process (PID=18566) to work on /Users/navalyemul/Documents/uptime/airflow_venv/lib/python3.12/site-packages/airflow/example_dags/example_workday_timetable.py
[2026-04-08T12:48:35.081+0530] {processor.py:914} INFO - Processing file /Users/navalyemul/Documents/uptime/airflow_venv/lib/python3.12/site-packages/airflow/example_dags/example_workday_timetable.py for tasks to queue
[2026-04-08T12:48:35.082+0530] {logging_mixin.py:190} INFO - [2026-04-08T12:48:35.082+0530] {dagbag.py:588} INFO - Filling up the DagBag from /Users/navalyemul/Documents/uptime/airflow_venv/lib/python3.12/site-packages/airflow/example_dags/example_workday_timetable.py
[2026-04-08T12:48:35.083+0530] {logging_mixin.py:190} INFO - [2026-04-08T12:48:35.083+0530] {workday.py:41} WARNING - Could not import pandas. Holidays will not be considered.
[2026-04-08T12:48:35.086+0530] {processor.py:925} INFO - DAG(s) 'example_workday_timetable' retrieved from /Users/navalyemul/Documents/uptime/airflow_venv/lib/python3.12/site-packages/airflow/example_dags/example_workday_timetable.py
[2026-04-08T12:48:35.121+0530] {logging_mixin.py:190} INFO - [2026-04-08T12:48:35.121+0530] {workday.py:41} WARNING - Could not import pandas. Holidays will not be considered.
[2026-04-08T12:48:35.131+0530] {logging_mixin.py:190} INFO - [2026-04-08T12:48:35.131+0530] {dag.py:3239} INFO - Sync 1 DAGs
[2026-04-08T12:48:35.140+0530] {logging_mixin.py:190} INFO - [2026-04-08T12:48:35.140+0530] {dag.py:4180} INFO - Setting next_dagrun for example_workday_timetable to 2021-01-01 00:00:00+00:00, run_after=2021-01-02 00:00:00+00:00
[2026-04-08T12:48:35.148+0530] {processor.py:208} INFO - Processing /Users/navalyemul/Documents/uptime/airflow_venv/lib/python3.12/site-packages/airflow/example_dags/example_workday_timetable.py took 0.070 seconds
[2026-04-08T12:49:58.226+0530] {processor.py:186} INFO - Started process (PID=19525) to work on /Users/navalyemul/Documents/uptime/airflow_venv/lib/python3.12/site-packages/airflow/example_dags/example_workday_timetable.py
[2026-04-08T12:49:58.227+0530] {processor.py:914} INFO - Processing file /Users/navalyemul/Documents/uptime/airflow_venv/lib/python3.12/site-packages/airflow/example_dags/example_workday_timetable.py for tasks to queue
[2026-04-08T12:49:58.227+0530] {logging_mixin.py:190} INFO - [2026-04-08T12:49:58.227+0530] {dagbag.py:588} INFO - Filling up the DagBag from /Users/navalyemul/Documents/uptime/airflow_venv/lib/python3.12/site-packages/airflow/example_dags/example_workday_timetable.py
[2026-04-08T12:49:58.229+0530] {logging_mixin.py:190} INFO - [2026-04-08T12:49:58.229+0530] {workday.py:41} WARNING - Could not import pandas. Holidays will not be considered.
[2026-04-08T12:49:58.232+0530] {processor.py:925} INFO - DAG(s) 'example_workday_timetable' retrieved from /Users/navalyemul/Documents/uptime/airflow_venv/lib/python3.12/site-packages/airflow/example_dags/example_workday_timetable.py
[2026-04-08T12:49:58.268+0530] {logging_mixin.py:190} INFO - [2026-04-08T12:49:58.268+0530] {workday.py:41} WARNING - Could not import pandas. Holidays will not be considered.
[2026-04-08T12:49:58.278+0530] {logging_mixin.py:190} INFO - [2026-04-08T12:49:58.278+0530] {dag.py:3239} INFO - Sync 1 DAGs
[2026-04-08T12:49:58.287+0530] {logging_mixin.py:190} INFO - [2026-04-08T12:49:58.287+0530] {dag.py:4180} INFO - Setting next_dagrun for example_workday_timetable to 2021-01-01 00:00:00+00:00, run_after=2021-01-02 00:00:00+00:00
[2026-04-08T12:49:58.295+0530] {processor.py:208} INFO - Processing /Users/navalyemul/Documents/uptime/airflow_venv/lib/python3.12/site-packages/airflow/example_dags/example_workday_timetable.py took 0.071 seconds
[2026-04-08T12:51:31.053+0530] {processor.py:186} INFO - Started process (PID=20481) to work on /Users/navalyemul/Documents/uptime/airflow_venv/lib/python3.12/site-packages/airflow/example_dags/example_workday_timetable.py
[2026-04-08T12:51:31.054+0530] {processor.py:914} INFO - Processing file /Users/navalyemul/Documents/uptime/airflow_venv/lib/python3.12/site-packages/airflow/example_dags/example_workday_timetable.py for tasks to queue
[2026-04-08T12:51:31.054+0530] {logging_mixin.py:190} INFO - [2026-04-08T12:51:31.054+0530] {dagbag.py:588} INFO - Filling up the DagBag from /Users/navalyemul/Documents/uptime/airflow_venv/lib/python3.12/site-packages/airflow/example_dags/example_workday_timetable.py
[2026-04-08T12:51:31.059+0530] {logging_mixin.py:190} INFO - [2026-04-08T12:51:31.058+0530] {workday.py:41} WARNING - Could not import pandas. Holidays will not be considered.
[2026-04-08T12:51:31.065+0530] {processor.py:925} INFO - DAG(s) 'example_workday_timetable' retrieved from /Users/navalyemul/Documents/uptime/airflow_venv/lib/python3.12/site-packages/airflow/example_dags/example_workday_timetable.py
[2026-04-08T12:51:31.113+0530] {logging_mixin.py:190} INFO - [2026-04-08T12:51:31.113+0530] {workday.py:41} WARNING - Could not import pandas. Holidays will not be considered.
[2026-04-08T12:51:31.123+0530] {logging_mixin.py:190} INFO - [2026-04-08T12:51:31.123+0530] {dag.py:3239} INFO - Sync 1 DAGs
[2026-04-08T12:51:31.132+0530] {logging_mixin.py:190} INFO - [2026-04-08T12:51:31.132+0530] {dag.py:4180} INFO - Setting next_dagrun for example_workday_timetable to 2021-01-01 00:00:00+00:00, run_after=2021-01-02 00:00:00+00:00
[2026-04-08T12:51:31.141+0530] {processor.py:208} INFO - Processing /Users/navalyemul/Documents/uptime/airflow_venv/lib/python3.12/site-packages/airflow/example_dags/example_workday_timetable.py took 0.094 seconds
[2026-04-08T12:53:10.965+0530] {processor.py:186} INFO - Started process (PID=21428) to work on /Users/navalyemul/Documents/uptime/airflow_venv/lib/python3.12/site-packages/airflow/example_dags/example_workday_timetable.py
[2026-04-08T12:53:10.967+0530] {processor.py:914} INFO - Processing file /Users/navalyemul/Documents/uptime/airflow_venv/lib/python3.12/site-packages/airflow/example_dags/example_workday_timetable.py for tasks to queue
[2026-04-08T12:53:10.969+0530] {logging_mixin.py:190} INFO - [2026-04-08T12:53:10.969+0530] {dagbag.py:588} INFO - Filling up the DagBag from /Users/navalyemul/Documents/uptime/airflow_venv/lib/python3.12/site-packages/airflow/example_dags/example_workday_timetable.py
[2026-04-08T12:53:10.972+0530] {logging_mixin.py:190} INFO - [2026-04-08T12:53:10.972+0530] {workday.py:41} WARNING - Could not import pandas. Holidays will not be considered.
[2026-04-08T12:53:10.975+0530] {processor.py:925} INFO - DAG(s) 'example_workday_timetable' retrieved from /Users/navalyemul/Documents/uptime/airflow_venv/lib/python3.12/site-packages/airflow/example_dags/example_workday_timetable.py
[2026-04-08T12:53:11.026+0530] {logging_mixin.py:190} INFO - [2026-04-08T12:53:11.026+0530] {workday.py:41} WARNING - Could not import pandas. Holidays will not be considered.
[2026-04-08T12:53:11.039+0530] {logging_mixin.py:190} INFO - [2026-04-08T12:53:11.039+0530] {dag.py:3239} INFO - Sync 1 DAGs
[2026-04-08T12:53:11.055+0530] {logging_mixin.py:190} INFO - [2026-04-08T12:53:11.054+0530] {dag.py:4180} INFO - Setting next_dagrun for example_workday_timetable to 2021-01-01 00:00:00+00:00, run_after=2021-01-02 00:00:00+00:00
[2026-04-08T12:53:11.073+0530] {processor.py:208} INFO - Processing /Users/navalyemul/Documents/uptime/airflow_venv/lib/python3.12/site-packages/airflow/example_dags/example_workday_timetable.py took 0.112 seconds
[2026-04-08T12:55:05.809+0530] {processor.py:186} INFO - Started process (PID=22315) to work on /Users/navalyemul/Documents/uptime/airflow_venv/lib/python3.12/site-packages/airflow/example_dags/example_workday_timetable.py
[2026-04-08T12:55:05.811+0530] {processor.py:914} INFO - Processing file /Users/navalyemul/Documents/uptime/airflow_venv/lib/python3.12/site-packages/airflow/example_dags/example_workday_timetable.py for tasks to queue
[2026-04-08T12:55:05.811+0530] {logging_mixin.py:190} INFO - [2026-04-08T12:55:05.811+0530] {dagbag.py:588} INFO - Filling up the DagBag from /Users/navalyemul/Documents/uptime/airflow_venv/lib/python3.12/site-packages/airflow/example_dags/example_workday_timetable.py
[2026-04-08T12:55:05.814+0530] {logging_mixin.py:190} INFO - [2026-04-08T12:55:05.814+0530] {workday.py:41} WARNING - Could not import pandas. Holidays will not be considered.
[2026-04-08T12:55:05.817+0530] {processor.py:925} INFO - DAG(s) 'example_workday_timetable' retrieved from /Users/navalyemul/Documents/uptime/airflow_venv/lib/python3.12/site-packages/airflow/example_dags/example_workday_timetable.py
[2026-04-08T12:55:05.875+0530] {logging_mixin.py:190} INFO - [2026-04-08T12:55:05.875+0530] {workday.py:41} WARNING - Could not import pandas. Holidays will not be considered.
[2026-04-08T12:55:05.889+0530] {logging_mixin.py:190} INFO - [2026-04-08T12:55:05.889+0530] {dag.py:3239} INFO - Sync 1 DAGs
[2026-04-08T12:55:05.904+0530] {logging_mixin.py:190} INFO - [2026-04-08T12:55:05.904+0530] {dag.py:4180} INFO - Setting next_dagrun for example_workday_timetable to 2021-01-01 00:00:00+00:00, run_after=2021-01-02 00:00:00+00:00
[2026-04-08T12:55:05.918+0530] {processor.py:208} INFO - Processing /Users/navalyemul/Documents/uptime/airflow_venv/lib/python3.12/site-packages/airflow/example_dags/example_workday_timetable.py took 0.112 seconds
[2026-04-08T12:56:40.574+0530] {processor.py:186} INFO - Started process (PID=23281) to work on /Users/navalyemul/Documents/uptime/airflow_venv/lib/python3.12/site-packages/airflow/example_dags/example_workday_timetable.py
[2026-04-08T12:56:40.575+0530] {processor.py:914} INFO - Processing file /Users/navalyemul/Documents/uptime/airflow_venv/lib/python3.12/site-packages/airflow/example_dags/example_workday_timetable.py for tasks to queue
[2026-04-08T12:56:40.575+0530] {logging_mixin.py:190} INFO - [2026-04-08T12:56:40.575+0530] {dagbag.py:588} INFO - Filling up the DagBag from /Users/navalyemul/Documents/uptime/airflow_venv/lib/python3.12/site-packages/airflow/example_dags/example_workday_timetable.py
[2026-04-08T12:56:40.577+0530] {logging_mixin.py:190} INFO - [2026-04-08T12:56:40.577+0530] {workday.py:41} WARNING - Could not import pandas. Holidays will not be considered.
[2026-04-08T12:56:40.580+0530] {processor.py:925} INFO - DAG(s) 'example_workday_timetable' retrieved from /Users/navalyemul/Documents/uptime/airflow_venv/lib/python3.12/site-packages/airflow/example_dags/example_workday_timetable.py
[2026-04-08T12:56:40.617+0530] {logging_mixin.py:190} INFO - [2026-04-08T12:56:40.617+0530] {workday.py:41} WARNING - Could not import pandas. Holidays will not be considered.
[2026-04-08T12:56:40.627+0530] {logging_mixin.py:190} INFO - [2026-04-08T12:56:40.627+0530] {dag.py:3239} INFO - Sync 1 DAGs
[2026-04-08T12:56:40.636+0530] {logging_mixin.py:190} INFO - [2026-04-08T12:56:40.636+0530] {dag.py:4180} INFO - Setting next_dagrun for example_workday_timetable to 2021-01-01 00:00:00+00:00, run_after=2021-01-02 00:00:00+00:00
[2026-04-08T12:56:40.643+0530] {processor.py:208} INFO - Processing /Users/navalyemul/Documents/uptime/airflow_venv/lib/python3.12/site-packages/airflow/example_dags/example_workday_timetable.py took 0.072 seconds
[2026-04-08T12:58:07.705+0530] {processor.py:186} INFO - Started process (PID=24218) to work on /Users/navalyemul/Documents/uptime/airflow_venv/lib/python3.12/site-packages/airflow/example_dags/example_workday_timetable.py
[2026-04-08T12:58:07.706+0530] {processor.py:914} INFO - Processing file /Users/navalyemul/Documents/uptime/airflow_venv/lib/python3.12/site-packages/airflow/example_dags/example_workday_timetable.py for tasks to queue
[2026-04-08T12:58:07.706+0530] {logging_mixin.py:190} INFO - [2026-04-08T12:58:07.706+0530] {dagbag.py:588} INFO - Filling up the DagBag from /Users/navalyemul/Documents/uptime/airflow_venv/lib/python3.12/site-packages/airflow/example_dags/example_workday_timetable.py
[2026-04-08T12:58:07.709+0530] {logging_mixin.py:190} INFO - [2026-04-08T12:58:07.709+0530] {workday.py:41} WARNING - Could not import pandas. Holidays will not be considered.
[2026-04-08T12:58:07.713+0530] {processor.py:925} INFO - DAG(s) 'example_workday_timetable' retrieved from /Users/navalyemul/Documents/uptime/airflow_venv/lib/python3.12/site-packages/airflow/example_dags/example_workday_timetable.py
[2026-04-08T12:58:07.752+0530] {logging_mixin.py:190} INFO - [2026-04-08T12:58:07.752+0530] {workday.py:41} WARNING - Could not import pandas. Holidays will not be considered.
[2026-04-08T12:58:07.764+0530] {logging_mixin.py:190} INFO - [2026-04-08T12:58:07.763+0530] {dag.py:3239} INFO - Sync 1 DAGs
[2026-04-08T12:58:07.773+0530] {logging_mixin.py:190} INFO - [2026-04-08T12:58:07.773+0530] {dag.py:4180} INFO - Setting next_dagrun for example_workday_timetable to 2021-01-01 00:00:00+00:00, run_after=2021-01-02 00:00:00+00:00
[2026-04-08T12:58:07.782+0530] {processor.py:208} INFO - Processing /Users/navalyemul/Documents/uptime/airflow_venv/lib/python3.12/site-packages/airflow/example_dags/example_workday_timetable.py took 0.079 seconds
[2026-04-08T12:59:32.437+0530] {processor.py:186} INFO - Started process (PID=25111) to work on /Users/navalyemul/Documents/uptime/airflow_venv/lib/python3.12/site-packages/airflow/example_dags/example_workday_timetable.py
[2026-04-08T12:59:32.438+0530] {processor.py:914} INFO - Processing file /Users/navalyemul/Documents/uptime/airflow_venv/lib/python3.12/site-packages/airflow/example_dags/example_workday_timetable.py for tasks to queue
[2026-04-08T12:59:32.439+0530] {logging_mixin.py:190} INFO - [2026-04-08T12:59:32.438+0530] {dagbag.py:588} INFO - Filling up the DagBag from /Users/navalyemul/Documents/uptime/airflow_venv/lib/python3.12/site-packages/airflow/example_dags/example_workday_timetable.py
[2026-04-08T12:59:32.442+0530] {logging_mixin.py:190} INFO - [2026-04-08T12:59:32.442+0530] {workday.py:41} WARNING - Could not import pandas. Holidays will not be considered.
[2026-04-08T12:59:32.446+0530] {processor.py:925} INFO - DAG(s) 'example_workday_timetable' retrieved from /Users/navalyemul/Documents/uptime/airflow_venv/lib/python3.12/site-packages/airflow/example_dags/example_workday_timetable.py
[2026-04-08T12:59:32.483+0530] {logging_mixin.py:190} INFO - [2026-04-08T12:59:32.483+0530] {workday.py:41} WARNING - Could not import pandas. Holidays will not be considered.
[2026-04-08T12:59:32.493+0530] {logging_mixin.py:190} INFO - [2026-04-08T12:59:32.493+0530] {dag.py:3239} INFO - Sync 1 DAGs
[2026-04-08T12:59:32.501+0530] {logging_mixin.py:190} INFO - [2026-04-08T12:59:32.501+0530] {dag.py:4180} INFO - Setting next_dagrun for example_workday_timetable to 2021-01-01 00:00:00+00:00, run_after=2021-01-02 00:00:00+00:00
[2026-04-08T12:59:32.508+0530] {processor.py:208} INFO - Processing /Users/navalyemul/Documents/uptime/airflow_venv/lib/python3.12/site-packages/airflow/example_dags/example_workday_timetable.py took 0.073 seconds
[2026-04-08T13:00:53.340+0530] {processor.py:186} INFO - Started process (PID=26048) to work on /Users/navalyemul/Documents/uptime/airflow_venv/lib/python3.12/site-packages/airflow/example_dags/example_workday_timetable.py
[2026-04-08T13:00:53.342+0530] {processor.py:914} INFO - Processing file /Users/navalyemul/Documents/uptime/airflow_venv/lib/python3.12/site-packages/airflow/example_dags/example_workday_timetable.py for tasks to queue
[2026-04-08T13:00:53.343+0530] {logging_mixin.py:190} INFO - [2026-04-08T13:00:53.343+0530] {dagbag.py:588} INFO - Filling up the DagBag from /Users/navalyemul/Documents/uptime/airflow_venv/lib/python3.12/site-packages/airflow/example_dags/example_workday_timetable.py
[2026-04-08T13:00:53.346+0530] {logging_mixin.py:190} INFO - [2026-04-08T13:00:53.346+0530] {workday.py:41} WARNING - Could not import pandas. Holidays will not be considered.
[2026-04-08T13:00:53.349+0530] {processor.py:925} INFO - DAG(s) 'example_workday_timetable' retrieved from /Users/navalyemul/Documents/uptime/airflow_venv/lib/python3.12/site-packages/airflow/example_dags/example_workday_timetable.py
[2026-04-08T13:00:53.391+0530] {logging_mixin.py:190} INFO - [2026-04-08T13:00:53.390+0530] {workday.py:41} WARNING - Could not import pandas. Holidays will not be considered.
[2026-04-08T13:00:53.401+0530] {logging_mixin.py:190} INFO - [2026-04-08T13:00:53.400+0530] {dag.py:3239} INFO - Sync 1 DAGs
[2026-04-08T13:00:53.409+0530] {logging_mixin.py:190} INFO - [2026-04-08T13:00:53.409+0530] {dag.py:4180} INFO - Setting next_dagrun for example_workday_timetable to 2021-01-01 00:00:00+00:00, run_after=2021-01-02 00:00:00+00:00
[2026-04-08T13:00:53.419+0530] {processor.py:208} INFO - Processing /Users/navalyemul/Documents/uptime/airflow_venv/lib/python3.12/site-packages/airflow/example_dags/example_workday_timetable.py took 0.081 seconds
[2026-04-08T13:02:13.999+0530] {processor.py:186} INFO - Started process (PID=26966) to work on /Users/navalyemul/Documents/uptime/airflow_venv/lib/python3.12/site-packages/airflow/example_dags/example_workday_timetable.py
[2026-04-08T13:02:14.000+0530] {processor.py:914} INFO - Processing file /Users/navalyemul/Documents/uptime/airflow_venv/lib/python3.12/site-packages/airflow/example_dags/example_workday_timetable.py for tasks to queue
[2026-04-08T13:02:14.001+0530] {logging_mixin.py:190} INFO - [2026-04-08T13:02:14.001+0530] {dagbag.py:588} INFO - Filling up the DagBag from /Users/navalyemul/Documents/uptime/airflow_venv/lib/python3.12/site-packages/airflow/example_dags/example_workday_timetable.py
[2026-04-08T13:02:14.002+0530] {logging_mixin.py:190} INFO - [2026-04-08T13:02:14.002+0530] {workday.py:41} WARNING - Could not import pandas. Holidays will not be considered.
[2026-04-08T13:02:14.005+0530] {processor.py:925} INFO - DAG(s) 'example_workday_timetable' retrieved from /Users/navalyemul/Documents/uptime/airflow_venv/lib/python3.12/site-packages/airflow/example_dags/example_workday_timetable.py
[2026-04-08T13:02:14.041+0530] {logging_mixin.py:190} INFO - [2026-04-08T13:02:14.040+0530] {workday.py:41} WARNING - Could not import pandas. Holidays will not be considered.
[2026-04-08T13:02:14.050+0530] {logging_mixin.py:190} INFO - [2026-04-08T13:02:14.050+0530] {dag.py:3239} INFO - Sync 1 DAGs
[2026-04-08T13:02:14.059+0530] {logging_mixin.py:190} INFO - [2026-04-08T13:02:14.059+0530] {dag.py:4180} INFO - Setting next_dagrun for example_workday_timetable to 2021-01-01 00:00:00+00:00, run_after=2021-01-02 00:00:00+00:00
[2026-04-08T13:02:14.067+0530] {processor.py:208} INFO - Processing /Users/navalyemul/Documents/uptime/airflow_venv/lib/python3.12/site-packages/airflow/example_dags/example_workday_timetable.py took 0.069 seconds
[2026-04-08T13:03:35.423+0530] {processor.py:186} INFO - Started process (PID=27923) to work on /Users/navalyemul/Documents/uptime/airflow_venv/lib/python3.12/site-packages/airflow/example_dags/example_workday_timetable.py
[2026-04-08T13:03:35.425+0530] {processor.py:914} INFO - Processing file /Users/navalyemul/Documents/uptime/airflow_venv/lib/python3.12/site-packages/airflow/example_dags/example_workday_timetable.py for tasks to queue
[2026-04-08T13:03:35.426+0530] {logging_mixin.py:190} INFO - [2026-04-08T13:03:35.426+0530] {dagbag.py:588} INFO - Filling up the DagBag from /Users/navalyemul/Documents/uptime/airflow_venv/lib/python3.12/site-packages/airflow/example_dags/example_workday_timetable.py
[2026-04-08T13:03:35.428+0530] {logging_mixin.py:190} INFO - [2026-04-08T13:03:35.428+0530] {workday.py:41} WARNING - Could not import pandas. Holidays will not be considered.
[2026-04-08T13:03:35.432+0530] {processor.py:925} INFO - DAG(s) 'example_workday_timetable' retrieved from /Users/navalyemul/Documents/uptime/airflow_venv/lib/python3.12/site-packages/airflow/example_dags/example_workday_timetable.py
[2026-04-08T13:03:35.473+0530] {logging_mixin.py:190} INFO - [2026-04-08T13:03:35.473+0530] {workday.py:41} WARNING - Could not import pandas. Holidays will not be considered.
[2026-04-08T13:03:35.484+0530] {logging_mixin.py:190} INFO - [2026-04-08T13:03:35.484+0530] {dag.py:3239} INFO - Sync 1 DAGs
[2026-04-08T13:03:35.495+0530] {logging_mixin.py:190} INFO - [2026-04-08T13:03:35.494+0530] {dag.py:4180} INFO - Setting next_dagrun for example_workday_timetable to 2021-01-01 00:00:00+00:00, run_after=2021-01-02 00:00:00+00:00
[2026-04-08T13:03:35.504+0530] {processor.py:208} INFO - Processing /Users/navalyemul/Documents/uptime/airflow_venv/lib/python3.12/site-packages/airflow/example_dags/example_workday_timetable.py took 0.084 seconds
[2026-04-08T13:05:01.767+0530] {processor.py:186} INFO - Started process (PID=28927) to work on /Users/navalyemul/Documents/uptime/airflow_venv/lib/python3.12/site-packages/airflow/example_dags/example_workday_timetable.py
[2026-04-08T13:05:01.768+0530] {processor.py:914} INFO - Processing file /Users/navalyemul/Documents/uptime/airflow_venv/lib/python3.12/site-packages/airflow/example_dags/example_workday_timetable.py for tasks to queue
[2026-04-08T13:05:01.768+0530] {logging_mixin.py:190} INFO - [2026-04-08T13:05:01.768+0530] {dagbag.py:588} INFO - Filling up the DagBag from /Users/navalyemul/Documents/uptime/airflow_venv/lib/python3.12/site-packages/airflow/example_dags/example_workday_timetable.py
[2026-04-08T13:05:01.771+0530] {logging_mixin.py:190} INFO - [2026-04-08T13:05:01.770+0530] {workday.py:41} WARNING - Could not import pandas. Holidays will not be considered.
[2026-04-08T13:05:01.774+0530] {processor.py:925} INFO - DAG(s) 'example_workday_timetable' retrieved from /Users/navalyemul/Documents/uptime/airflow_venv/lib/python3.12/site-packages/airflow/example_dags/example_workday_timetable.py
[2026-04-08T13:05:01.810+0530] {logging_mixin.py:190} INFO - [2026-04-08T13:05:01.810+0530] {workday.py:41} WARNING - Could not import pandas. Holidays will not be considered.
[2026-04-08T13:05:01.822+0530] {logging_mixin.py:190} INFO - [2026-04-08T13:05:01.822+0530] {dag.py:3239} INFO - Sync 1 DAGs
[2026-04-08T13:05:01.831+0530] {logging_mixin.py:190} INFO - [2026-04-08T13:05:01.831+0530] {dag.py:4180} INFO - Setting next_dagrun for example_workday_timetable to 2021-01-01 00:00:00+00:00, run_after=2021-01-02 00:00:00+00:00
[2026-04-08T13:05:01.839+0530] {processor.py:208} INFO - Processing /Users/navalyemul/Documents/uptime/airflow_venv/lib/python3.12/site-packages/airflow/example_dags/example_workday_timetable.py took 0.074 seconds
[2026-04-08T13:06:26.316+0530] {processor.py:186} INFO - Started process (PID=29848) to work on /Users/navalyemul/Documents/uptime/airflow_venv/lib/python3.12/site-packages/airflow/example_dags/example_workday_timetable.py
[2026-04-08T13:06:26.317+0530] {processor.py:914} INFO - Processing file /Users/navalyemul/Documents/uptime/airflow_venv/lib/python3.12/site-packages/airflow/example_dags/example_workday_timetable.py for tasks to queue
[2026-04-08T13:06:26.318+0530] {logging_mixin.py:190} INFO - [2026-04-08T13:06:26.318+0530] {dagbag.py:588} INFO - Filling up the DagBag from /Users/navalyemul/Documents/uptime/airflow_venv/lib/python3.12/site-packages/airflow/example_dags/example_workday_timetable.py
[2026-04-08T13:06:26.319+0530] {logging_mixin.py:190} INFO - [2026-04-08T13:06:26.319+0530] {workday.py:41} WARNING - Could not import pandas. Holidays will not be considered.
[2026-04-08T13:06:26.322+0530] {processor.py:925} INFO - DAG(s) 'example_workday_timetable' retrieved from /Users/navalyemul/Documents/uptime/airflow_venv/lib/python3.12/site-packages/airflow/example_dags/example_workday_timetable.py
[2026-04-08T13:06:26.360+0530] {logging_mixin.py:190} INFO - [2026-04-08T13:06:26.360+0530] {workday.py:41} WARNING - Could not import pandas. Holidays will not be considered.
[2026-04-08T13:06:26.371+0530] {logging_mixin.py:190} INFO - [2026-04-08T13:06:26.371+0530] {dag.py:3239} INFO - Sync 1 DAGs
[2026-04-08T13:06:26.380+0530] {logging_mixin.py:190} INFO - [2026-04-08T13:06:26.380+0530] {dag.py:4180} INFO - Setting next_dagrun for example_workday_timetable to 2021-01-01 00:00:00+00:00, run_after=2021-01-02 00:00:00+00:00
[2026-04-08T13:06:26.390+0530] {processor.py:208} INFO - Processing /Users/navalyemul/Documents/uptime/airflow_venv/lib/python3.12/site-packages/airflow/example_dags/example_workday_timetable.py took 0.075 seconds
[2026-04-08T13:07:48.935+0530] {processor.py:186} INFO - Started process (PID=30751) to work on /Users/navalyemul/Documents/uptime/airflow_venv/lib/python3.12/site-packages/airflow/example_dags/example_workday_timetable.py
[2026-04-08T13:07:48.936+0530] {processor.py:914} INFO - Processing file /Users/navalyemul/Documents/uptime/airflow_venv/lib/python3.12/site-packages/airflow/example_dags/example_workday_timetable.py for tasks to queue
[2026-04-08T13:07:48.937+0530] {logging_mixin.py:190} INFO - [2026-04-08T13:07:48.937+0530] {dagbag.py:588} INFO - Filling up the DagBag from /Users/navalyemul/Documents/uptime/airflow_venv/lib/python3.12/site-packages/airflow/example_dags/example_workday_timetable.py
[2026-04-08T13:07:48.939+0530] {logging_mixin.py:190} INFO - [2026-04-08T13:07:48.939+0530] {workday.py:41} WARNING - Could not import pandas. Holidays will not be considered.
[2026-04-08T13:07:48.943+0530] {processor.py:925} INFO - DAG(s) 'example_workday_timetable' retrieved from /Users/navalyemul/Documents/uptime/airflow_venv/lib/python3.12/site-packages/airflow/example_dags/example_workday_timetable.py
[2026-04-08T13:07:48.980+0530] {logging_mixin.py:190} INFO - [2026-04-08T13:07:48.980+0530] {workday.py:41} WARNING - Could not import pandas. Holidays will not be considered.
[2026-04-08T13:07:48.992+0530] {logging_mixin.py:190} INFO - [2026-04-08T13:07:48.992+0530] {dag.py:3239} INFO - Sync 1 DAGs
[2026-04-08T13:07:49.000+0530] {logging_mixin.py:190} INFO - [2026-04-08T13:07:49.000+0530] {dag.py:4180} INFO - Setting next_dagrun for example_workday_timetable to 2021-01-01 00:00:00+00:00, run_after=2021-01-02 00:00:00+00:00
[2026-04-08T13:07:49.009+0530] {processor.py:208} INFO - Processing /Users/navalyemul/Documents/uptime/airflow_venv/lib/python3.12/site-packages/airflow/example_dags/example_workday_timetable.py took 0.075 seconds
[2026-04-08T13:09:11.372+0530] {processor.py:186} INFO - Started process (PID=31644) to work on /Users/navalyemul/Documents/uptime/airflow_venv/lib/python3.12/site-packages/airflow/example_dags/example_workday_timetable.py
[2026-04-08T13:09:11.373+0530] {processor.py:914} INFO - Processing file /Users/navalyemul/Documents/uptime/airflow_venv/lib/python3.12/site-packages/airflow/example_dags/example_workday_timetable.py for tasks to queue
[2026-04-08T13:09:11.373+0530] {logging_mixin.py:190} INFO - [2026-04-08T13:09:11.373+0530] {dagbag.py:588} INFO - Filling up the DagBag from /Users/navalyemul/Documents/uptime/airflow_venv/lib/python3.12/site-packages/airflow/example_dags/example_workday_timetable.py
[2026-04-08T13:09:11.376+0530] {logging_mixin.py:190} INFO - [2026-04-08T13:09:11.376+0530] {workday.py:41} WARNING - Could not import pandas. Holidays will not be considered.
[2026-04-08T13:09:11.378+0530] {processor.py:925} INFO - DAG(s) 'example_workday_timetable' retrieved from /Users/navalyemul/Documents/uptime/airflow_venv/lib/python3.12/site-packages/airflow/example_dags/example_workday_timetable.py
[2026-04-08T13:09:11.417+0530] {logging_mixin.py:190} INFO - [2026-04-08T13:09:11.417+0530] {workday.py:41} WARNING - Could not import pandas. Holidays will not be considered.
[2026-04-08T13:09:11.428+0530] {logging_mixin.py:190} INFO - [2026-04-08T13:09:11.428+0530] {dag.py:3239} INFO - Sync 1 DAGs
[2026-04-08T13:09:11.438+0530] {logging_mixin.py:190} INFO - [2026-04-08T13:09:11.438+0530] {dag.py:4180} INFO - Setting next_dagrun for example_workday_timetable to 2021-01-01 00:00:00+00:00, run_after=2021-01-02 00:00:00+00:00
[2026-04-08T13:09:11.450+0530] {processor.py:208} INFO - Processing /Users/navalyemul/Documents/uptime/airflow_venv/lib/python3.12/site-packages/airflow/example_dags/example_workday_timetable.py took 0.080 seconds
[2026-04-08T13:10:33.088+0530] {processor.py:186} INFO - Started process (PID=32584) to work on /Users/navalyemul/Documents/uptime/airflow_venv/lib/python3.12/site-packages/airflow/example_dags/example_workday_timetable.py
[2026-04-08T13:10:33.089+0530] {processor.py:914} INFO - Processing file /Users/navalyemul/Documents/uptime/airflow_venv/lib/python3.12/site-packages/airflow/example_dags/example_workday_timetable.py for tasks to queue
[2026-04-08T13:10:33.089+0530] {logging_mixin.py:190} INFO - [2026-04-08T13:10:33.089+0530] {dagbag.py:588} INFO - Filling up the DagBag from /Users/navalyemul/Documents/uptime/airflow_venv/lib/python3.12/site-packages/airflow/example_dags/example_workday_timetable.py
[2026-04-08T13:10:33.091+0530] {logging_mixin.py:190} INFO - [2026-04-08T13:10:33.091+0530] {workday.py:41} WARNING - Could not import pandas. Holidays will not be considered.
[2026-04-08T13:10:33.094+0530] {processor.py:925} INFO - DAG(s) 'example_workday_timetable' retrieved from /Users/navalyemul/Documents/uptime/airflow_venv/lib/python3.12/site-packages/airflow/example_dags/example_workday_timetable.py
[2026-04-08T13:10:33.130+0530] {logging_mixin.py:190} INFO - [2026-04-08T13:10:33.130+0530] {workday.py:41} WARNING - Could not import pandas. Holidays will not be considered.
[2026-04-08T13:10:33.141+0530] {logging_mixin.py:190} INFO - [2026-04-08T13:10:33.140+0530] {dag.py:3239} INFO - Sync 1 DAGs
[2026-04-08T13:10:33.149+0530] {logging_mixin.py:190} INFO - [2026-04-08T13:10:33.149+0530] {dag.py:4180} INFO - Setting next_dagrun for example_workday_timetable to 2021-01-01 00:00:00+00:00, run_after=2021-01-02 00:00:00+00:00
[2026-04-08T13:10:33.158+0530] {processor.py:208} INFO - Processing /Users/navalyemul/Documents/uptime/airflow_venv/lib/python3.12/site-packages/airflow/example_dags/example_workday_timetable.py took 0.071 seconds
[2026-04-08T13:11:56.959+0530] {processor.py:186} INFO - Started process (PID=33517) to work on /Users/navalyemul/Documents/uptime/airflow_venv/lib/python3.12/site-packages/airflow/example_dags/example_workday_timetable.py
[2026-04-08T13:11:56.960+0530] {processor.py:914} INFO - Processing file /Users/navalyemul/Documents/uptime/airflow_venv/lib/python3.12/site-packages/airflow/example_dags/example_workday_timetable.py for tasks to queue
[2026-04-08T13:11:56.960+0530] {logging_mixin.py:190} INFO - [2026-04-08T13:11:56.960+0530] {dagbag.py:588} INFO - Filling up the DagBag from /Users/navalyemul/Documents/uptime/airflow_venv/lib/python3.12/site-packages/airflow/example_dags/example_workday_timetable.py
[2026-04-08T13:11:56.962+0530] {logging_mixin.py:190} INFO - [2026-04-08T13:11:56.962+0530] {workday.py:41} WARNING - Could not import pandas. Holidays will not be considered.
[2026-04-08T13:11:56.964+0530] {processor.py:925} INFO - DAG(s) 'example_workday_timetable' retrieved from /Users/navalyemul/Documents/uptime/airflow_venv/lib/python3.12/site-packages/airflow/example_dags/example_workday_timetable.py
[2026-04-08T13:11:57.001+0530] {logging_mixin.py:190} INFO - [2026-04-08T13:11:57.001+0530] {workday.py:41} WARNING - Could not import pandas. Holidays will not be considered.
[2026-04-08T13:11:57.010+0530] {logging_mixin.py:190} INFO - [2026-04-08T13:11:57.010+0530] {dag.py:3239} INFO - Sync 1 DAGs
[2026-04-08T13:11:57.019+0530] {logging_mixin.py:190} INFO - [2026-04-08T13:11:57.019+0530] {dag.py:4180} INFO - Setting next_dagrun for example_workday_timetable to 2021-01-01 00:00:00+00:00, run_after=2021-01-02 00:00:00+00:00
[2026-04-08T13:11:57.027+0530] {processor.py:208} INFO - Processing /Users/navalyemul/Documents/uptime/airflow_venv/lib/python3.12/site-packages/airflow/example_dags/example_workday_timetable.py took 0.070 seconds
[2026-04-08T13:13:20.177+0530] {processor.py:186} INFO - Started process (PID=34440) to work on /Users/navalyemul/Documents/uptime/airflow_venv/lib/python3.12/site-packages/airflow/example_dags/example_workday_timetable.py
[2026-04-08T13:13:20.178+0530] {processor.py:914} INFO - Processing file /Users/navalyemul/Documents/uptime/airflow_venv/lib/python3.12/site-packages/airflow/example_dags/example_workday_timetable.py for tasks to queue
[2026-04-08T13:13:20.179+0530] {logging_mixin.py:190} INFO - [2026-04-08T13:13:20.179+0530] {dagbag.py:588} INFO - Filling up the DagBag from /Users/navalyemul/Documents/uptime/airflow_venv/lib/python3.12/site-packages/airflow/example_dags/example_workday_timetable.py
[2026-04-08T13:13:20.180+0530] {logging_mixin.py:190} INFO - [2026-04-08T13:13:20.180+0530] {workday.py:41} WARNING - Could not import pandas. Holidays will not be considered.
[2026-04-08T13:13:20.183+0530] {processor.py:925} INFO - DAG(s) 'example_workday_timetable' retrieved from /Users/navalyemul/Documents/uptime/airflow_venv/lib/python3.12/site-packages/airflow/example_dags/example_workday_timetable.py
[2026-04-08T13:13:20.220+0530] {logging_mixin.py:190} INFO - [2026-04-08T13:13:20.220+0530] {workday.py:41} WARNING - Could not import pandas. Holidays will not be considered.
[2026-04-08T13:13:20.230+0530] {logging_mixin.py:190} INFO - [2026-04-08T13:13:20.230+0530] {dag.py:3239} INFO - Sync 1 DAGs
[2026-04-08T13:13:20.239+0530] {logging_mixin.py:190} INFO - [2026-04-08T13:13:20.238+0530] {dag.py:4180} INFO - Setting next_dagrun for example_workday_timetable to 2021-01-01 00:00:00+00:00, run_after=2021-01-02 00:00:00+00:00
[2026-04-08T13:13:20.247+0530] {processor.py:208} INFO - Processing /Users/navalyemul/Documents/uptime/airflow_venv/lib/python3.12/site-packages/airflow/example_dags/example_workday_timetable.py took 0.071 seconds
[2026-04-08T13:14:42.519+0530] {processor.py:186} INFO - Started process (PID=35375) to work on /Users/navalyemul/Documents/uptime/airflow_venv/lib/python3.12/site-packages/airflow/example_dags/example_workday_timetable.py
[2026-04-08T13:14:42.520+0530] {processor.py:914} INFO - Processing file /Users/navalyemul/Documents/uptime/airflow_venv/lib/python3.12/site-packages/airflow/example_dags/example_workday_timetable.py for tasks to queue
[2026-04-08T13:14:42.520+0530] {logging_mixin.py:190} INFO - [2026-04-08T13:14:42.520+0530] {dagbag.py:588} INFO - Filling up the DagBag from /Users/navalyemul/Documents/uptime/airflow_venv/lib/python3.12/site-packages/airflow/example_dags/example_workday_timetable.py
[2026-04-08T13:14:42.522+0530] {logging_mixin.py:190} INFO - [2026-04-08T13:14:42.522+0530] {workday.py:41} WARNING - Could not import pandas. Holidays will not be considered.
[2026-04-08T13:14:42.525+0530] {processor.py:925} INFO - DAG(s) 'example_workday_timetable' retrieved from /Users/navalyemul/Documents/uptime/airflow_venv/lib/python3.12/site-packages/airflow/example_dags/example_workday_timetable.py
[2026-04-08T13:14:42.561+0530] {logging_mixin.py:190} INFO - [2026-04-08T13:14:42.561+0530] {workday.py:41} WARNING - Could not import pandas. Holidays will not be considered.
[2026-04-08T13:14:42.570+0530] {logging_mixin.py:190} INFO - [2026-04-08T13:14:42.570+0530] {dag.py:3239} INFO - Sync 1 DAGs
[2026-04-08T13:14:42.579+0530] {logging_mixin.py:190} INFO - [2026-04-08T13:14:42.579+0530] {dag.py:4180} INFO - Setting next_dagrun for example_workday_timetable to 2021-01-01 00:00:00+00:00, run_after=2021-01-02 00:00:00+00:00
[2026-04-08T13:14:42.586+0530] {processor.py:208} INFO - Processing /Users/navalyemul/Documents/uptime/airflow_venv/lib/python3.12/site-packages/airflow/example_dags/example_workday_timetable.py took 0.069 seconds
[2026-04-08T13:16:07.218+0530] {processor.py:186} INFO - Started process (PID=36336) to work on /Users/navalyemul/Documents/uptime/airflow_venv/lib/python3.12/site-packages/airflow/example_dags/example_workday_timetable.py
[2026-04-08T13:16:07.219+0530] {processor.py:914} INFO - Processing file /Users/navalyemul/Documents/uptime/airflow_venv/lib/python3.12/site-packages/airflow/example_dags/example_workday_timetable.py for tasks to queue
[2026-04-08T13:16:07.219+0530] {logging_mixin.py:190} INFO - [2026-04-08T13:16:07.219+0530] {dagbag.py:588} INFO - Filling up the DagBag from /Users/navalyemul/Documents/uptime/airflow_venv/lib/python3.12/site-packages/airflow/example_dags/example_workday_timetable.py
[2026-04-08T13:16:07.221+0530] {logging_mixin.py:190} INFO - [2026-04-08T13:16:07.221+0530] {workday.py:41} WARNING - Could not import pandas. Holidays will not be considered.
[2026-04-08T13:16:07.223+0530] {processor.py:925} INFO - DAG(s) 'example_workday_timetable' retrieved from /Users/navalyemul/Documents/uptime/airflow_venv/lib/python3.12/site-packages/airflow/example_dags/example_workday_timetable.py
[2026-04-08T13:16:07.259+0530] {logging_mixin.py:190} INFO - [2026-04-08T13:16:07.259+0530] {workday.py:41} WARNING - Could not import pandas. Holidays will not be considered.
[2026-04-08T13:16:07.269+0530] {logging_mixin.py:190} INFO - [2026-04-08T13:16:07.269+0530] {dag.py:3239} INFO - Sync 1 DAGs
[2026-04-08T13:16:07.279+0530] {logging_mixin.py:190} INFO - [2026-04-08T13:16:07.278+0530] {dag.py:4180} INFO - Setting next_dagrun for example_workday_timetable to 2021-01-01 00:00:00+00:00, run_after=2021-01-02 00:00:00+00:00
[2026-04-08T13:16:07.288+0530] {processor.py:208} INFO - Processing /Users/navalyemul/Documents/uptime/airflow_venv/lib/python3.12/site-packages/airflow/example_dags/example_workday_timetable.py took 0.072 seconds
[2026-04-08T13:17:30.994+0530] {processor.py:186} INFO - Started process (PID=37273) to work on /Users/navalyemul/Documents/uptime/airflow_venv/lib/python3.12/site-packages/airflow/example_dags/example_workday_timetable.py
[2026-04-08T13:17:30.995+0530] {processor.py:914} INFO - Processing file /Users/navalyemul/Documents/uptime/airflow_venv/lib/python3.12/site-packages/airflow/example_dags/example_workday_timetable.py for tasks to queue
[2026-04-08T13:17:30.995+0530] {logging_mixin.py:190} INFO - [2026-04-08T13:17:30.995+0530] {dagbag.py:588} INFO - Filling up the DagBag from /Users/navalyemul/Documents/uptime/airflow_venv/lib/python3.12/site-packages/airflow/example_dags/example_workday_timetable.py
[2026-04-08T13:17:30.997+0530] {logging_mixin.py:190} INFO - [2026-04-08T13:17:30.997+0530] {workday.py:41} WARNING - Could not import pandas. Holidays will not be considered.
[2026-04-08T13:17:30.999+0530] {processor.py:925} INFO - DAG(s) 'example_workday_timetable' retrieved from /Users/navalyemul/Documents/uptime/airflow_venv/lib/python3.12/site-packages/airflow/example_dags/example_workday_timetable.py
[2026-04-08T13:17:31.035+0530] {logging_mixin.py:190} INFO - [2026-04-08T13:17:31.035+0530] {workday.py:41} WARNING - Could not import pandas. Holidays will not be considered.
[2026-04-08T13:17:31.045+0530] {logging_mixin.py:190} INFO - [2026-04-08T13:17:31.045+0530] {dag.py:3239} INFO - Sync 1 DAGs
[2026-04-08T13:17:31.054+0530] {logging_mixin.py:190} INFO - [2026-04-08T13:17:31.054+0530] {dag.py:4180} INFO - Setting next_dagrun for example_workday_timetable to 2021-01-01 00:00:00+00:00, run_after=2021-01-02 00:00:00+00:00
[2026-04-08T13:17:31.062+0530] {processor.py:208} INFO - Processing /Users/navalyemul/Documents/uptime/airflow_venv/lib/python3.12/site-packages/airflow/example_dags/example_workday_timetable.py took 0.069 seconds
[2026-04-08T13:18:58.799+0530] {processor.py:186} INFO - Started process (PID=38234) to work on /Users/navalyemul/Documents/uptime/airflow_venv/lib/python3.12/site-packages/airflow/example_dags/example_workday_timetable.py
[2026-04-08T13:18:58.800+0530] {processor.py:914} INFO - Processing file /Users/navalyemul/Documents/uptime/airflow_venv/lib/python3.12/site-packages/airflow/example_dags/example_workday_timetable.py for tasks to queue
[2026-04-08T13:18:58.801+0530] {logging_mixin.py:190} INFO - [2026-04-08T13:18:58.801+0530] {dagbag.py:588} INFO - Filling up the DagBag from /Users/navalyemul/Documents/uptime/airflow_venv/lib/python3.12/site-packages/airflow/example_dags/example_workday_timetable.py
[2026-04-08T13:18:58.803+0530] {logging_mixin.py:190} INFO - [2026-04-08T13:18:58.803+0530] {workday.py:41} WARNING - Could not import pandas. Holidays will not be considered.
[2026-04-08T13:18:58.806+0530] {processor.py:925} INFO - DAG(s) 'example_workday_timetable' retrieved from /Users/navalyemul/Documents/uptime/airflow_venv/lib/python3.12/site-packages/airflow/example_dags/example_workday_timetable.py
[2026-04-08T13:18:58.854+0530] {logging_mixin.py:190} INFO - [2026-04-08T13:18:58.853+0530] {workday.py:41} WARNING - Could not import pandas. Holidays will not be considered.
[2026-04-08T13:18:58.866+0530] {logging_mixin.py:190} INFO - [2026-04-08T13:18:58.866+0530] {dag.py:3239} INFO - Sync 1 DAGs
[2026-04-08T13:18:58.877+0530] {logging_mixin.py:190} INFO - [2026-04-08T13:18:58.876+0530] {dag.py:4180} INFO - Setting next_dagrun for example_workday_timetable to 2021-01-01 00:00:00+00:00, run_after=2021-01-02 00:00:00+00:00
[2026-04-08T13:18:58.886+0530] {processor.py:208} INFO - Processing /Users/navalyemul/Documents/uptime/airflow_venv/lib/python3.12/site-packages/airflow/example_dags/example_workday_timetable.py took 0.088 seconds
[2026-04-08T13:21:05.193+0530] {processor.py:186} INFO - Started process (PID=39164) to work on /Users/navalyemul/Documents/uptime/airflow_venv/lib/python3.12/site-packages/airflow/example_dags/example_workday_timetable.py
[2026-04-08T13:21:05.195+0530] {processor.py:914} INFO - Processing file /Users/navalyemul/Documents/uptime/airflow_venv/lib/python3.12/site-packages/airflow/example_dags/example_workday_timetable.py for tasks to queue
[2026-04-08T13:21:05.196+0530] {logging_mixin.py:190} INFO - [2026-04-08T13:21:05.195+0530] {dagbag.py:588} INFO - Filling up the DagBag from /Users/navalyemul/Documents/uptime/airflow_venv/lib/python3.12/site-packages/airflow/example_dags/example_workday_timetable.py
[2026-04-08T13:21:05.198+0530] {logging_mixin.py:190} INFO - [2026-04-08T13:21:05.198+0530] {workday.py:41} WARNING - Could not import pandas. Holidays will not be considered.
[2026-04-08T13:21:05.200+0530] {processor.py:925} INFO - DAG(s) 'example_workday_timetable' retrieved from /Users/navalyemul/Documents/uptime/airflow_venv/lib/python3.12/site-packages/airflow/example_dags/example_workday_timetable.py
[2026-04-08T13:21:05.237+0530] {logging_mixin.py:190} INFO - [2026-04-08T13:21:05.237+0530] {workday.py:41} WARNING - Could not import pandas. Holidays will not be considered.
[2026-04-08T13:21:05.247+0530] {logging_mixin.py:190} INFO - [2026-04-08T13:21:05.246+0530] {dag.py:3239} INFO - Sync 1 DAGs
[2026-04-08T13:21:05.255+0530] {logging_mixin.py:190} INFO - [2026-04-08T13:21:05.255+0530] {dag.py:4180} INFO - Setting next_dagrun for example_workday_timetable to 2021-01-01 00:00:00+00:00, run_after=2021-01-02 00:00:00+00:00
[2026-04-08T13:21:05.263+0530] {processor.py:208} INFO - Processing /Users/navalyemul/Documents/uptime/airflow_venv/lib/python3.12/site-packages/airflow/example_dags/example_workday_timetable.py took 0.073 seconds
[2026-04-08T13:31:12.393+0530] {processor.py:186} INFO - Started process (PID=40125) to work on /Users/navalyemul/Documents/uptime/airflow_venv/lib/python3.12/site-packages/airflow/example_dags/example_workday_timetable.py
[2026-04-08T13:31:12.395+0530] {processor.py:914} INFO - Processing file /Users/navalyemul/Documents/uptime/airflow_venv/lib/python3.12/site-packages/airflow/example_dags/example_workday_timetable.py for tasks to queue
[2026-04-08T13:31:12.397+0530] {logging_mixin.py:190} INFO - [2026-04-08T13:31:12.397+0530] {dagbag.py:588} INFO - Filling up the DagBag from /Users/navalyemul/Documents/uptime/airflow_venv/lib/python3.12/site-packages/airflow/example_dags/example_workday_timetable.py
[2026-04-08T13:31:12.404+0530] {logging_mixin.py:190} INFO - [2026-04-08T13:31:12.403+0530] {workday.py:41} WARNING - Could not import pandas. Holidays will not be considered.
[2026-04-08T13:31:12.413+0530] {processor.py:925} INFO - DAG(s) 'example_workday_timetable' retrieved from /Users/navalyemul/Documents/uptime/airflow_venv/lib/python3.12/site-packages/airflow/example_dags/example_workday_timetable.py
[2026-04-08T13:31:12.555+0530] {logging_mixin.py:190} INFO - [2026-04-08T13:31:12.554+0530] {workday.py:41} WARNING - Could not import pandas. Holidays will not be considered.
[2026-04-08T13:31:12.589+0530] {logging_mixin.py:190} INFO - [2026-04-08T13:31:12.589+0530] {dag.py:3239} INFO - Sync 1 DAGs
[2026-04-08T13:31:12.620+0530] {logging_mixin.py:190} INFO - [2026-04-08T13:31:12.620+0530] {dag.py:4180} INFO - Setting next_dagrun for example_workday_timetable to 2021-01-01 00:00:00+00:00, run_after=2021-01-02 00:00:00+00:00
[2026-04-08T13:31:12.649+0530] {processor.py:208} INFO - Processing /Users/navalyemul/Documents/uptime/airflow_venv/lib/python3.12/site-packages/airflow/example_dags/example_workday_timetable.py took 0.261 seconds
[2026-04-08T13:35:12.477+0530] {processor.py:186} INFO - Started process (PID=41296) to work on /Users/navalyemul/Documents/uptime/airflow_venv/lib/python3.12/site-packages/airflow/example_dags/example_workday_timetable.py
[2026-04-08T13:35:12.478+0530] {processor.py:914} INFO - Processing file /Users/navalyemul/Documents/uptime/airflow_venv/lib/python3.12/site-packages/airflow/example_dags/example_workday_timetable.py for tasks to queue
[2026-04-08T13:35:12.478+0530] {logging_mixin.py:190} INFO - [2026-04-08T13:35:12.478+0530] {dagbag.py:588} INFO - Filling up the DagBag from /Users/navalyemul/Documents/uptime/airflow_venv/lib/python3.12/site-packages/airflow/example_dags/example_workday_timetable.py
[2026-04-08T13:35:12.480+0530] {logging_mixin.py:190} INFO - [2026-04-08T13:35:12.480+0530] {workday.py:41} WARNING - Could not import pandas. Holidays will not be considered.
[2026-04-08T13:35:12.482+0530] {processor.py:925} INFO - DAG(s) 'example_workday_timetable' retrieved from /Users/navalyemul/Documents/uptime/airflow_venv/lib/python3.12/site-packages/airflow/example_dags/example_workday_timetable.py
[2026-04-08T13:35:12.518+0530] {logging_mixin.py:190} INFO - [2026-04-08T13:35:12.518+0530] {workday.py:41} WARNING - Could not import pandas. Holidays will not be considered.
[2026-04-08T13:35:12.528+0530] {logging_mixin.py:190} INFO - [2026-04-08T13:35:12.528+0530] {dag.py:3239} INFO - Sync 1 DAGs
[2026-04-08T13:35:12.536+0530] {logging_mixin.py:190} INFO - [2026-04-08T13:35:12.535+0530] {dag.py:4180} INFO - Setting next_dagrun for example_workday_timetable to 2021-01-01 00:00:00+00:00, run_after=2021-01-02 00:00:00+00:00
[2026-04-08T13:35:12.543+0530] {processor.py:208} INFO - Processing /Users/navalyemul/Documents/uptime/airflow_venv/lib/python3.12/site-packages/airflow/example_dags/example_workday_timetable.py took 0.067 seconds
[2026-04-08T13:41:38.384+0530] {processor.py:186} INFO - Started process (PID=42229) to work on /Users/navalyemul/Documents/uptime/airflow_venv/lib/python3.12/site-packages/airflow/example_dags/example_workday_timetable.py
[2026-04-08T13:41:38.385+0530] {processor.py:914} INFO - Processing file /Users/navalyemul/Documents/uptime/airflow_venv/lib/python3.12/site-packages/airflow/example_dags/example_workday_timetable.py for tasks to queue
[2026-04-08T13:41:38.385+0530] {logging_mixin.py:190} INFO - [2026-04-08T13:41:38.385+0530] {dagbag.py:588} INFO - Filling up the DagBag from /Users/navalyemul/Documents/uptime/airflow_venv/lib/python3.12/site-packages/airflow/example_dags/example_workday_timetable.py
[2026-04-08T13:41:38.387+0530] {logging_mixin.py:190} INFO - [2026-04-08T13:41:38.387+0530] {workday.py:41} WARNING - Could not import pandas. Holidays will not be considered.
[2026-04-08T13:41:38.389+0530] {processor.py:925} INFO - DAG(s) 'example_workday_timetable' retrieved from /Users/navalyemul/Documents/uptime/airflow_venv/lib/python3.12/site-packages/airflow/example_dags/example_workday_timetable.py
[2026-04-08T13:41:38.426+0530] {logging_mixin.py:190} INFO - [2026-04-08T13:41:38.426+0530] {workday.py:41} WARNING - Could not import pandas. Holidays will not be considered.
[2026-04-08T13:41:38.436+0530] {logging_mixin.py:190} INFO - [2026-04-08T13:41:38.436+0530] {dag.py:3239} INFO - Sync 1 DAGs
[2026-04-08T13:41:38.445+0530] {logging_mixin.py:190} INFO - [2026-04-08T13:41:38.444+0530] {dag.py:4180} INFO - Setting next_dagrun for example_workday_timetable to 2021-01-01 00:00:00+00:00, run_after=2021-01-02 00:00:00+00:00
[2026-04-08T13:41:38.452+0530] {processor.py:208} INFO - Processing /Users/navalyemul/Documents/uptime/airflow_venv/lib/python3.12/site-packages/airflow/example_dags/example_workday_timetable.py took 0.070 seconds
[2026-04-08T13:54:22.543+0530] {processor.py:186} INFO - Started process (PID=43403) to work on /Users/navalyemul/Documents/uptime/airflow_venv/lib/python3.12/site-packages/airflow/example_dags/example_workday_timetable.py
[2026-04-08T13:54:22.543+0530] {processor.py:914} INFO - Processing file /Users/navalyemul/Documents/uptime/airflow_venv/lib/python3.12/site-packages/airflow/example_dags/example_workday_timetable.py for tasks to queue
[2026-04-08T13:54:22.544+0530] {logging_mixin.py:190} INFO - [2026-04-08T13:54:22.543+0530] {dagbag.py:588} INFO - Filling up the DagBag from /Users/navalyemul/Documents/uptime/airflow_venv/lib/python3.12/site-packages/airflow/example_dags/example_workday_timetable.py
[2026-04-08T13:54:22.545+0530] {logging_mixin.py:190} INFO - [2026-04-08T13:54:22.545+0530] {workday.py:41} WARNING - Could not import pandas. Holidays will not be considered.
[2026-04-08T13:54:22.548+0530] {processor.py:925} INFO - DAG(s) 'example_workday_timetable' retrieved from /Users/navalyemul/Documents/uptime/airflow_venv/lib/python3.12/site-packages/airflow/example_dags/example_workday_timetable.py
[2026-04-08T13:54:22.584+0530] {logging_mixin.py:190} INFO - [2026-04-08T13:54:22.584+0530] {workday.py:41} WARNING - Could not import pandas. Holidays will not be considered.
[2026-04-08T13:54:22.594+0530] {logging_mixin.py:190} INFO - [2026-04-08T13:54:22.594+0530] {dag.py:3239} INFO - Sync 1 DAGs
[2026-04-08T13:54:22.603+0530] {logging_mixin.py:190} INFO - [2026-04-08T13:54:22.603+0530] {dag.py:4180} INFO - Setting next_dagrun for example_workday_timetable to 2021-01-01 00:00:00+00:00, run_after=2021-01-02 00:00:00+00:00
[2026-04-08T13:54:22.610+0530] {processor.py:208} INFO - Processing /Users/navalyemul/Documents/uptime/airflow_venv/lib/python3.12/site-packages/airflow/example_dags/example_workday_timetable.py took 0.070 seconds
[2026-04-08T13:56:15.252+0530] {processor.py:186} INFO - Started process (PID=44483) to work on /Users/navalyemul/Documents/uptime/airflow_venv/lib/python3.12/site-packages/airflow/example_dags/example_workday_timetable.py
[2026-04-08T13:56:15.253+0530] {processor.py:914} INFO - Processing file /Users/navalyemul/Documents/uptime/airflow_venv/lib/python3.12/site-packages/airflow/example_dags/example_workday_timetable.py for tasks to queue
[2026-04-08T13:56:15.254+0530] {logging_mixin.py:190} INFO - [2026-04-08T13:56:15.254+0530] {dagbag.py:588} INFO - Filling up the DagBag from /Users/navalyemul/Documents/uptime/airflow_venv/lib/python3.12/site-packages/airflow/example_dags/example_workday_timetable.py
[2026-04-08T13:56:15.256+0530] {logging_mixin.py:190} INFO - [2026-04-08T13:56:15.255+0530] {workday.py:41} WARNING - Could not import pandas. Holidays will not be considered.
[2026-04-08T13:56:15.259+0530] {processor.py:925} INFO - DAG(s) 'example_workday_timetable' retrieved from /Users/navalyemul/Documents/uptime/airflow_venv/lib/python3.12/site-packages/airflow/example_dags/example_workday_timetable.py
[2026-04-08T13:56:15.298+0530] {logging_mixin.py:190} INFO - [2026-04-08T13:56:15.298+0530] {workday.py:41} WARNING - Could not import pandas. Holidays will not be considered.
[2026-04-08T13:56:15.308+0530] {logging_mixin.py:190} INFO - [2026-04-08T13:56:15.308+0530] {dag.py:3239} INFO - Sync 1 DAGs
[2026-04-08T13:56:15.318+0530] {logging_mixin.py:190} INFO - [2026-04-08T13:56:15.318+0530] {dag.py:4180} INFO - Setting next_dagrun for example_workday_timetable to 2021-01-01 00:00:00+00:00, run_after=2021-01-02 00:00:00+00:00
[2026-04-08T13:56:15.327+0530] {processor.py:208} INFO - Processing /Users/navalyemul/Documents/uptime/airflow_venv/lib/python3.12/site-packages/airflow/example_dags/example_workday_timetable.py took 0.077 seconds
[2026-04-08T13:57:56.820+0530] {processor.py:186} INFO - Started process (PID=45532) to work on /Users/navalyemul/Documents/uptime/airflow_venv/lib/python3.12/site-packages/airflow/example_dags/example_workday_timetable.py
[2026-04-08T13:57:56.822+0530] {processor.py:914} INFO - Processing file /Users/navalyemul/Documents/uptime/airflow_venv/lib/python3.12/site-packages/airflow/example_dags/example_workday_timetable.py for tasks to queue
[2026-04-08T13:57:56.822+0530] {logging_mixin.py:190} INFO - [2026-04-08T13:57:56.822+0530] {dagbag.py:588} INFO - Filling up the DagBag from /Users/navalyemul/Documents/uptime/airflow_venv/lib/python3.12/site-packages/airflow/example_dags/example_workday_timetable.py
[2026-04-08T13:57:56.823+0530] {logging_mixin.py:190} INFO - [2026-04-08T13:57:56.823+0530] {workday.py:41} WARNING - Could not import pandas. Holidays will not be considered.
[2026-04-08T13:57:56.826+0530] {processor.py:925} INFO - DAG(s) 'example_workday_timetable' retrieved from /Users/navalyemul/Documents/uptime/airflow_venv/lib/python3.12/site-packages/airflow/example_dags/example_workday_timetable.py
[2026-04-08T13:57:56.871+0530] {logging_mixin.py:190} INFO - [2026-04-08T13:57:56.870+0530] {workday.py:41} WARNING - Could not import pandas. Holidays will not be considered.
[2026-04-08T13:57:56.881+0530] {logging_mixin.py:190} INFO - [2026-04-08T13:57:56.881+0530] {dag.py:3239} INFO - Sync 1 DAGs
[2026-04-08T13:57:56.890+0530] {logging_mixin.py:190} INFO - [2026-04-08T13:57:56.890+0530] {dag.py:4180} INFO - Setting next_dagrun for example_workday_timetable to 2021-01-01 00:00:00+00:00, run_after=2021-01-02 00:00:00+00:00
[2026-04-08T13:57:56.899+0530] {processor.py:208} INFO - Processing /Users/navalyemul/Documents/uptime/airflow_venv/lib/python3.12/site-packages/airflow/example_dags/example_workday_timetable.py took 0.082 seconds
