[2026-04-08T12:44:35.910+0530] {processor.py:186} INFO - Started process (PID=16058) to work on /Users/navalyemul/Documents/uptime/airflow_venv/lib/python3.12/site-packages/airflow/example_dags/example_python_operator.py
[2026-04-08T12:44:35.911+0530] {processor.py:914} INFO - Processing file /Users/navalyemul/Documents/uptime/airflow_venv/lib/python3.12/site-packages/airflow/example_dags/example_python_operator.py for tasks to queue
[2026-04-08T12:44:35.912+0530] {logging_mixin.py:190} INFO - [2026-04-08T12:44:35.912+0530] {dagbag.py:588} INFO - Filling up the DagBag from /Users/navalyemul/Documents/uptime/airflow_venv/lib/python3.12/site-packages/airflow/example_dags/example_python_operator.py
[2026-04-08T12:44:35.930+0530] {logging_mixin.py:190} INFO - [2026-04-08T12:44:35.930+0530] {example_python_operator.py:93} WARNING - The virtalenv_python example task requires virtualenv, please install it.
[2026-04-08T12:44:35.933+0530] {processor.py:925} INFO - DAG(s) 'example_python_operator' retrieved from /Users/navalyemul/Documents/uptime/airflow_venv/lib/python3.12/site-packages/airflow/example_dags/example_python_operator.py
[2026-04-08T12:44:36.016+0530] {logging_mixin.py:190} INFO - [2026-04-08T12:44:36.016+0530] {override.py:1912} INFO - Created Permission View: can delete on DAG:example_python_operator
[2026-04-08T12:44:36.021+0530] {logging_mixin.py:190} INFO - [2026-04-08T12:44:36.021+0530] {override.py:1912} INFO - Created Permission View: can edit on DAG:example_python_operator
[2026-04-08T12:44:36.024+0530] {logging_mixin.py:190} INFO - [2026-04-08T12:44:36.024+0530] {override.py:1912} INFO - Created Permission View: can read on DAG:example_python_operator
[2026-04-08T12:44:36.029+0530] {logging_mixin.py:190} INFO - [2026-04-08T12:44:36.028+0530] {override.py:1912} INFO - Created Permission View: can delete on DAG Run:example_python_operator
[2026-04-08T12:44:36.031+0530] {logging_mixin.py:190} INFO - [2026-04-08T12:44:36.031+0530] {override.py:1912} INFO - Created Permission View: can create on DAG Run:example_python_operator
[2026-04-08T12:44:36.034+0530] {logging_mixin.py:190} INFO - [2026-04-08T12:44:36.034+0530] {override.py:1912} INFO - Created Permission View: menu access on DAG Run:example_python_operator
[2026-04-08T12:44:36.037+0530] {logging_mixin.py:190} INFO - [2026-04-08T12:44:36.037+0530] {override.py:1912} INFO - Created Permission View: can read on DAG Run:example_python_operator
[2026-04-08T12:44:36.037+0530] {logging_mixin.py:190} INFO - [2026-04-08T12:44:36.037+0530] {dag.py:3239} INFO - Sync 1 DAGs
[2026-04-08T12:44:36.043+0530] {logging_mixin.py:190} INFO - [2026-04-08T12:44:36.042+0530] {dag.py:3262} INFO - Creating ORM DAG for example_python_operator
[2026-04-08T12:44:36.043+0530] {logging_mixin.py:190} INFO - [2026-04-08T12:44:36.043+0530] {dag.py:4180} INFO - Setting next_dagrun for example_python_operator to None, run_after=None
[2026-04-08T12:44:36.053+0530] {processor.py:208} INFO - Processing /Users/navalyemul/Documents/uptime/airflow_venv/lib/python3.12/site-packages/airflow/example_dags/example_python_operator.py took 0.146 seconds
[2026-04-08T12:47:09.538+0530] {processor.py:186} INFO - Started process (PID=17585) to work on /Users/navalyemul/Documents/uptime/airflow_venv/lib/python3.12/site-packages/airflow/example_dags/example_python_operator.py
[2026-04-08T12:47:09.540+0530] {processor.py:914} INFO - Processing file /Users/navalyemul/Documents/uptime/airflow_venv/lib/python3.12/site-packages/airflow/example_dags/example_python_operator.py for tasks to queue
[2026-04-08T12:47:09.541+0530] {logging_mixin.py:190} INFO - [2026-04-08T12:47:09.540+0530] {dagbag.py:588} INFO - Filling up the DagBag from /Users/navalyemul/Documents/uptime/airflow_venv/lib/python3.12/site-packages/airflow/example_dags/example_python_operator.py
[2026-04-08T12:47:09.566+0530] {logging_mixin.py:190} INFO - [2026-04-08T12:47:09.566+0530] {example_python_operator.py:93} WARNING - The virtalenv_python example task requires virtualenv, please install it.
[2026-04-08T12:47:09.569+0530] {processor.py:925} INFO - DAG(s) 'example_python_operator' retrieved from /Users/navalyemul/Documents/uptime/airflow_venv/lib/python3.12/site-packages/airflow/example_dags/example_python_operator.py
[2026-04-08T12:47:09.648+0530] {logging_mixin.py:190} INFO - [2026-04-08T12:47:09.647+0530] {dag.py:3239} INFO - Sync 1 DAGs
[2026-04-08T12:47:09.662+0530] {logging_mixin.py:190} INFO - [2026-04-08T12:47:09.662+0530] {dag.py:4180} INFO - Setting next_dagrun for example_python_operator to None, run_after=None
[2026-04-08T12:47:09.689+0530] {processor.py:208} INFO - Processing /Users/navalyemul/Documents/uptime/airflow_venv/lib/python3.12/site-packages/airflow/example_dags/example_python_operator.py took 0.158 seconds
[2026-04-08T12:49:04.435+0530] {processor.py:186} INFO - Started process (PID=18909) to work on /Users/navalyemul/Documents/uptime/airflow_venv/lib/python3.12/site-packages/airflow/example_dags/example_python_operator.py
[2026-04-08T12:49:04.436+0530] {processor.py:914} INFO - Processing file /Users/navalyemul/Documents/uptime/airflow_venv/lib/python3.12/site-packages/airflow/example_dags/example_python_operator.py for tasks to queue
[2026-04-08T12:49:04.436+0530] {logging_mixin.py:190} INFO - [2026-04-08T12:49:04.436+0530] {dagbag.py:588} INFO - Filling up the DagBag from /Users/navalyemul/Documents/uptime/airflow_venv/lib/python3.12/site-packages/airflow/example_dags/example_python_operator.py
[2026-04-08T12:49:04.450+0530] {logging_mixin.py:190} INFO - [2026-04-08T12:49:04.450+0530] {example_python_operator.py:93} WARNING - The virtalenv_python example task requires virtualenv, please install it.
[2026-04-08T12:49:04.452+0530] {processor.py:925} INFO - DAG(s) 'example_python_operator' retrieved from /Users/navalyemul/Documents/uptime/airflow_venv/lib/python3.12/site-packages/airflow/example_dags/example_python_operator.py
[2026-04-08T12:49:04.491+0530] {logging_mixin.py:190} INFO - [2026-04-08T12:49:04.491+0530] {dag.py:3239} INFO - Sync 1 DAGs
[2026-04-08T12:49:04.496+0530] {logging_mixin.py:190} INFO - [2026-04-08T12:49:04.496+0530] {dag.py:4180} INFO - Setting next_dagrun for example_python_operator to None, run_after=None
[2026-04-08T12:49:04.505+0530] {processor.py:208} INFO - Processing /Users/navalyemul/Documents/uptime/airflow_venv/lib/python3.12/site-packages/airflow/example_dags/example_python_operator.py took 0.071 seconds
[2026-04-08T12:52:01.443+0530] {processor.py:186} INFO - Started process (PID=20785) to work on /Users/navalyemul/Documents/uptime/airflow_venv/lib/python3.12/site-packages/airflow/example_dags/example_python_operator.py
[2026-04-08T12:52:01.444+0530] {processor.py:914} INFO - Processing file /Users/navalyemul/Documents/uptime/airflow_venv/lib/python3.12/site-packages/airflow/example_dags/example_python_operator.py for tasks to queue
[2026-04-08T12:52:01.445+0530] {logging_mixin.py:190} INFO - [2026-04-08T12:52:01.444+0530] {dagbag.py:588} INFO - Filling up the DagBag from /Users/navalyemul/Documents/uptime/airflow_venv/lib/python3.12/site-packages/airflow/example_dags/example_python_operator.py
[2026-04-08T12:52:01.464+0530] {logging_mixin.py:190} INFO - [2026-04-08T12:52:01.464+0530] {example_python_operator.py:93} WARNING - The virtalenv_python example task requires virtualenv, please install it.
[2026-04-08T12:52:01.466+0530] {processor.py:925} INFO - DAG(s) 'example_python_operator' retrieved from /Users/navalyemul/Documents/uptime/airflow_venv/lib/python3.12/site-packages/airflow/example_dags/example_python_operator.py
[2026-04-08T12:52:01.511+0530] {logging_mixin.py:190} INFO - [2026-04-08T12:52:01.511+0530] {dag.py:3239} INFO - Sync 1 DAGs
[2026-04-08T12:52:01.517+0530] {logging_mixin.py:190} INFO - [2026-04-08T12:52:01.517+0530] {dag.py:4180} INFO - Setting next_dagrun for example_python_operator to None, run_after=None
[2026-04-08T12:52:01.527+0530] {processor.py:208} INFO - Processing /Users/navalyemul/Documents/uptime/airflow_venv/lib/python3.12/site-packages/airflow/example_dags/example_python_operator.py took 0.086 seconds
[2026-04-08T12:53:53.554+0530] {processor.py:186} INFO - Started process (PID=21737) to work on /Users/navalyemul/Documents/uptime/airflow_venv/lib/python3.12/site-packages/airflow/example_dags/example_python_operator.py
[2026-04-08T12:53:53.555+0530] {processor.py:914} INFO - Processing file /Users/navalyemul/Documents/uptime/airflow_venv/lib/python3.12/site-packages/airflow/example_dags/example_python_operator.py for tasks to queue
[2026-04-08T12:53:53.556+0530] {logging_mixin.py:190} INFO - [2026-04-08T12:53:53.556+0530] {dagbag.py:588} INFO - Filling up the DagBag from /Users/navalyemul/Documents/uptime/airflow_venv/lib/python3.12/site-packages/airflow/example_dags/example_python_operator.py
[2026-04-08T12:53:53.583+0530] {logging_mixin.py:190} INFO - [2026-04-08T12:53:53.582+0530] {example_python_operator.py:93} WARNING - The virtalenv_python example task requires virtualenv, please install it.
[2026-04-08T12:53:53.586+0530] {processor.py:925} INFO - DAG(s) 'example_python_operator' retrieved from /Users/navalyemul/Documents/uptime/airflow_venv/lib/python3.12/site-packages/airflow/example_dags/example_python_operator.py
[2026-04-08T12:53:53.644+0530] {logging_mixin.py:190} INFO - [2026-04-08T12:53:53.644+0530] {dag.py:3239} INFO - Sync 1 DAGs
[2026-04-08T12:53:53.652+0530] {logging_mixin.py:190} INFO - [2026-04-08T12:53:53.652+0530] {dag.py:4180} INFO - Setting next_dagrun for example_python_operator to None, run_after=None
[2026-04-08T12:53:53.663+0530] {processor.py:208} INFO - Processing /Users/navalyemul/Documents/uptime/airflow_venv/lib/python3.12/site-packages/airflow/example_dags/example_python_operator.py took 0.114 seconds
[2026-04-08T12:55:37.236+0530] {processor.py:186} INFO - Started process (PID=22612) to work on /Users/navalyemul/Documents/uptime/airflow_venv/lib/python3.12/site-packages/airflow/example_dags/example_python_operator.py
[2026-04-08T12:55:37.237+0530] {processor.py:914} INFO - Processing file /Users/navalyemul/Documents/uptime/airflow_venv/lib/python3.12/site-packages/airflow/example_dags/example_python_operator.py for tasks to queue
[2026-04-08T12:55:37.238+0530] {logging_mixin.py:190} INFO - [2026-04-08T12:55:37.237+0530] {dagbag.py:588} INFO - Filling up the DagBag from /Users/navalyemul/Documents/uptime/airflow_venv/lib/python3.12/site-packages/airflow/example_dags/example_python_operator.py
[2026-04-08T12:55:37.255+0530] {logging_mixin.py:190} INFO - [2026-04-08T12:55:37.255+0530] {example_python_operator.py:93} WARNING - The virtalenv_python example task requires virtualenv, please install it.
[2026-04-08T12:55:37.257+0530] {processor.py:925} INFO - DAG(s) 'example_python_operator' retrieved from /Users/navalyemul/Documents/uptime/airflow_venv/lib/python3.12/site-packages/airflow/example_dags/example_python_operator.py
[2026-04-08T12:55:37.297+0530] {logging_mixin.py:190} INFO - [2026-04-08T12:55:37.297+0530] {dag.py:3239} INFO - Sync 1 DAGs
[2026-04-08T12:55:37.302+0530] {logging_mixin.py:190} INFO - [2026-04-08T12:55:37.302+0530] {dag.py:4180} INFO - Setting next_dagrun for example_python_operator to None, run_after=None
[2026-04-08T12:55:37.310+0530] {processor.py:208} INFO - Processing /Users/navalyemul/Documents/uptime/airflow_venv/lib/python3.12/site-packages/airflow/example_dags/example_python_operator.py took 0.077 seconds
[2026-04-08T12:57:09.989+0530] {processor.py:186} INFO - Started process (PID=23604) to work on /Users/navalyemul/Documents/uptime/airflow_venv/lib/python3.12/site-packages/airflow/example_dags/example_python_operator.py
[2026-04-08T12:57:09.990+0530] {processor.py:914} INFO - Processing file /Users/navalyemul/Documents/uptime/airflow_venv/lib/python3.12/site-packages/airflow/example_dags/example_python_operator.py for tasks to queue
[2026-04-08T12:57:09.991+0530] {logging_mixin.py:190} INFO - [2026-04-08T12:57:09.991+0530] {dagbag.py:588} INFO - Filling up the DagBag from /Users/navalyemul/Documents/uptime/airflow_venv/lib/python3.12/site-packages/airflow/example_dags/example_python_operator.py
[2026-04-08T12:57:10.005+0530] {logging_mixin.py:190} INFO - [2026-04-08T12:57:10.005+0530] {example_python_operator.py:93} WARNING - The virtalenv_python example task requires virtualenv, please install it.
[2026-04-08T12:57:10.007+0530] {processor.py:925} INFO - DAG(s) 'example_python_operator' retrieved from /Users/navalyemul/Documents/uptime/airflow_venv/lib/python3.12/site-packages/airflow/example_dags/example_python_operator.py
[2026-04-08T12:57:10.047+0530] {logging_mixin.py:190} INFO - [2026-04-08T12:57:10.047+0530] {dag.py:3239} INFO - Sync 1 DAGs
[2026-04-08T12:57:10.052+0530] {logging_mixin.py:190} INFO - [2026-04-08T12:57:10.052+0530] {dag.py:4180} INFO - Setting next_dagrun for example_python_operator to None, run_after=None
[2026-04-08T12:57:10.062+0530] {processor.py:208} INFO - Processing /Users/navalyemul/Documents/uptime/airflow_venv/lib/python3.12/site-packages/airflow/example_dags/example_python_operator.py took 0.074 seconds
[2026-04-08T13:00:00.614+0530] {processor.py:186} INFO - Started process (PID=25437) to work on /Users/navalyemul/Documents/uptime/airflow_venv/lib/python3.12/site-packages/airflow/example_dags/example_python_operator.py
[2026-04-08T13:00:00.616+0530] {processor.py:914} INFO - Processing file /Users/navalyemul/Documents/uptime/airflow_venv/lib/python3.12/site-packages/airflow/example_dags/example_python_operator.py for tasks to queue
[2026-04-08T13:00:00.618+0530] {logging_mixin.py:190} INFO - [2026-04-08T13:00:00.617+0530] {dagbag.py:588} INFO - Filling up the DagBag from /Users/navalyemul/Documents/uptime/airflow_venv/lib/python3.12/site-packages/airflow/example_dags/example_python_operator.py
[2026-04-08T13:00:00.639+0530] {logging_mixin.py:190} INFO - [2026-04-08T13:00:00.639+0530] {example_python_operator.py:93} WARNING - The virtalenv_python example task requires virtualenv, please install it.
[2026-04-08T13:00:00.641+0530] {processor.py:925} INFO - DAG(s) 'example_python_operator' retrieved from /Users/navalyemul/Documents/uptime/airflow_venv/lib/python3.12/site-packages/airflow/example_dags/example_python_operator.py
[2026-04-08T13:00:00.685+0530] {logging_mixin.py:190} INFO - [2026-04-08T13:00:00.684+0530] {dag.py:3239} INFO - Sync 1 DAGs
[2026-04-08T13:00:00.689+0530] {logging_mixin.py:190} INFO - [2026-04-08T13:00:00.689+0530] {dag.py:4180} INFO - Setting next_dagrun for example_python_operator to None, run_after=None
[2026-04-08T13:00:00.698+0530] {processor.py:208} INFO - Processing /Users/navalyemul/Documents/uptime/airflow_venv/lib/python3.12/site-packages/airflow/example_dags/example_python_operator.py took 0.087 seconds
[2026-04-08T13:02:41.302+0530] {processor.py:186} INFO - Started process (PID=27287) to work on /Users/navalyemul/Documents/uptime/airflow_venv/lib/python3.12/site-packages/airflow/example_dags/example_python_operator.py
[2026-04-08T13:02:41.302+0530] {processor.py:914} INFO - Processing file /Users/navalyemul/Documents/uptime/airflow_venv/lib/python3.12/site-packages/airflow/example_dags/example_python_operator.py for tasks to queue
[2026-04-08T13:02:41.303+0530] {logging_mixin.py:190} INFO - [2026-04-08T13:02:41.303+0530] {dagbag.py:588} INFO - Filling up the DagBag from /Users/navalyemul/Documents/uptime/airflow_venv/lib/python3.12/site-packages/airflow/example_dags/example_python_operator.py
[2026-04-08T13:02:41.317+0530] {logging_mixin.py:190} INFO - [2026-04-08T13:02:41.317+0530] {example_python_operator.py:93} WARNING - The virtalenv_python example task requires virtualenv, please install it.
[2026-04-08T13:02:41.319+0530] {processor.py:925} INFO - DAG(s) 'example_python_operator' retrieved from /Users/navalyemul/Documents/uptime/airflow_venv/lib/python3.12/site-packages/airflow/example_dags/example_python_operator.py
[2026-04-08T13:02:41.359+0530] {logging_mixin.py:190} INFO - [2026-04-08T13:02:41.359+0530] {dag.py:3239} INFO - Sync 1 DAGs
[2026-04-08T13:02:41.364+0530] {logging_mixin.py:190} INFO - [2026-04-08T13:02:41.364+0530] {dag.py:4180} INFO - Setting next_dagrun for example_python_operator to None, run_after=None
[2026-04-08T13:02:41.374+0530] {processor.py:208} INFO - Processing /Users/navalyemul/Documents/uptime/airflow_venv/lib/python3.12/site-packages/airflow/example_dags/example_python_operator.py took 0.074 seconds
[2026-04-08T13:05:30.387+0530] {processor.py:186} INFO - Started process (PID=29243) to work on /Users/navalyemul/Documents/uptime/airflow_venv/lib/python3.12/site-packages/airflow/example_dags/example_python_operator.py
[2026-04-08T13:05:30.387+0530] {processor.py:914} INFO - Processing file /Users/navalyemul/Documents/uptime/airflow_venv/lib/python3.12/site-packages/airflow/example_dags/example_python_operator.py for tasks to queue
[2026-04-08T13:05:30.388+0530] {logging_mixin.py:190} INFO - [2026-04-08T13:05:30.388+0530] {dagbag.py:588} INFO - Filling up the DagBag from /Users/navalyemul/Documents/uptime/airflow_venv/lib/python3.12/site-packages/airflow/example_dags/example_python_operator.py
[2026-04-08T13:05:30.406+0530] {logging_mixin.py:190} INFO - [2026-04-08T13:05:30.405+0530] {example_python_operator.py:93} WARNING - The virtalenv_python example task requires virtualenv, please install it.
[2026-04-08T13:05:30.407+0530] {processor.py:925} INFO - DAG(s) 'example_python_operator' retrieved from /Users/navalyemul/Documents/uptime/airflow_venv/lib/python3.12/site-packages/airflow/example_dags/example_python_operator.py
[2026-04-08T13:05:30.448+0530] {logging_mixin.py:190} INFO - [2026-04-08T13:05:30.448+0530] {dag.py:3239} INFO - Sync 1 DAGs
[2026-04-08T13:05:30.453+0530] {logging_mixin.py:190} INFO - [2026-04-08T13:05:30.453+0530] {dag.py:4180} INFO - Setting next_dagrun for example_python_operator to None, run_after=None
[2026-04-08T13:05:30.461+0530] {processor.py:208} INFO - Processing /Users/navalyemul/Documents/uptime/airflow_venv/lib/python3.12/site-packages/airflow/example_dags/example_python_operator.py took 0.077 seconds
[2026-04-08T13:08:16.903+0530] {processor.py:186} INFO - Started process (PID=31050) to work on /Users/navalyemul/Documents/uptime/airflow_venv/lib/python3.12/site-packages/airflow/example_dags/example_python_operator.py
[2026-04-08T13:08:16.904+0530] {processor.py:914} INFO - Processing file /Users/navalyemul/Documents/uptime/airflow_venv/lib/python3.12/site-packages/airflow/example_dags/example_python_operator.py for tasks to queue
[2026-04-08T13:08:16.905+0530] {logging_mixin.py:190} INFO - [2026-04-08T13:08:16.905+0530] {dagbag.py:588} INFO - Filling up the DagBag from /Users/navalyemul/Documents/uptime/airflow_venv/lib/python3.12/site-packages/airflow/example_dags/example_python_operator.py
[2026-04-08T13:08:16.919+0530] {logging_mixin.py:190} INFO - [2026-04-08T13:08:16.919+0530] {example_python_operator.py:93} WARNING - The virtalenv_python example task requires virtualenv, please install it.
[2026-04-08T13:08:16.921+0530] {processor.py:925} INFO - DAG(s) 'example_python_operator' retrieved from /Users/navalyemul/Documents/uptime/airflow_venv/lib/python3.12/site-packages/airflow/example_dags/example_python_operator.py
[2026-04-08T13:08:16.963+0530] {logging_mixin.py:190} INFO - [2026-04-08T13:08:16.963+0530] {dag.py:3239} INFO - Sync 1 DAGs
[2026-04-08T13:08:16.967+0530] {logging_mixin.py:190} INFO - [2026-04-08T13:08:16.967+0530] {dag.py:4180} INFO - Setting next_dagrun for example_python_operator to None, run_after=None
[2026-04-08T13:08:16.976+0530] {processor.py:208} INFO - Processing /Users/navalyemul/Documents/uptime/airflow_venv/lib/python3.12/site-packages/airflow/example_dags/example_python_operator.py took 0.074 seconds
[2026-04-08T13:11:00.597+0530] {processor.py:186} INFO - Started process (PID=32912) to work on /Users/navalyemul/Documents/uptime/airflow_venv/lib/python3.12/site-packages/airflow/example_dags/example_python_operator.py
[2026-04-08T13:11:00.597+0530] {processor.py:914} INFO - Processing file /Users/navalyemul/Documents/uptime/airflow_venv/lib/python3.12/site-packages/airflow/example_dags/example_python_operator.py for tasks to queue
[2026-04-08T13:11:00.598+0530] {logging_mixin.py:190} INFO - [2026-04-08T13:11:00.598+0530] {dagbag.py:588} INFO - Filling up the DagBag from /Users/navalyemul/Documents/uptime/airflow_venv/lib/python3.12/site-packages/airflow/example_dags/example_python_operator.py
[2026-04-08T13:11:00.611+0530] {logging_mixin.py:190} INFO - [2026-04-08T13:11:00.611+0530] {example_python_operator.py:93} WARNING - The virtalenv_python example task requires virtualenv, please install it.
[2026-04-08T13:11:00.613+0530] {processor.py:925} INFO - DAG(s) 'example_python_operator' retrieved from /Users/navalyemul/Documents/uptime/airflow_venv/lib/python3.12/site-packages/airflow/example_dags/example_python_operator.py
[2026-04-08T13:11:00.653+0530] {logging_mixin.py:190} INFO - [2026-04-08T13:11:00.652+0530] {dag.py:3239} INFO - Sync 1 DAGs
[2026-04-08T13:11:00.657+0530] {logging_mixin.py:190} INFO - [2026-04-08T13:11:00.657+0530] {dag.py:4180} INFO - Setting next_dagrun for example_python_operator to None, run_after=None
[2026-04-08T13:11:00.665+0530] {processor.py:208} INFO - Processing /Users/navalyemul/Documents/uptime/airflow_venv/lib/python3.12/site-packages/airflow/example_dags/example_python_operator.py took 0.070 seconds
[2026-04-08T13:13:46.961+0530] {processor.py:186} INFO - Started process (PID=34740) to work on /Users/navalyemul/Documents/uptime/airflow_venv/lib/python3.12/site-packages/airflow/example_dags/example_python_operator.py
[2026-04-08T13:13:46.962+0530] {processor.py:914} INFO - Processing file /Users/navalyemul/Documents/uptime/airflow_venv/lib/python3.12/site-packages/airflow/example_dags/example_python_operator.py for tasks to queue
[2026-04-08T13:13:46.963+0530] {logging_mixin.py:190} INFO - [2026-04-08T13:13:46.963+0530] {dagbag.py:588} INFO - Filling up the DagBag from /Users/navalyemul/Documents/uptime/airflow_venv/lib/python3.12/site-packages/airflow/example_dags/example_python_operator.py
[2026-04-08T13:13:46.978+0530] {logging_mixin.py:190} INFO - [2026-04-08T13:13:46.977+0530] {example_python_operator.py:93} WARNING - The virtalenv_python example task requires virtualenv, please install it.
[2026-04-08T13:13:46.979+0530] {processor.py:925} INFO - DAG(s) 'example_python_operator' retrieved from /Users/navalyemul/Documents/uptime/airflow_venv/lib/python3.12/site-packages/airflow/example_dags/example_python_operator.py
[2026-04-08T13:13:47.022+0530] {logging_mixin.py:190} INFO - [2026-04-08T13:13:47.022+0530] {dag.py:3239} INFO - Sync 1 DAGs
[2026-04-08T13:13:47.027+0530] {logging_mixin.py:190} INFO - [2026-04-08T13:13:47.027+0530] {dag.py:4180} INFO - Setting next_dagrun for example_python_operator to None, run_after=None
[2026-04-08T13:13:47.035+0530] {processor.py:208} INFO - Processing /Users/navalyemul/Documents/uptime/airflow_venv/lib/python3.12/site-packages/airflow/example_dags/example_python_operator.py took 0.075 seconds
[2026-04-08T13:16:34.592+0530] {processor.py:186} INFO - Started process (PID=36641) to work on /Users/navalyemul/Documents/uptime/airflow_venv/lib/python3.12/site-packages/airflow/example_dags/example_python_operator.py
[2026-04-08T13:16:34.593+0530] {processor.py:914} INFO - Processing file /Users/navalyemul/Documents/uptime/airflow_venv/lib/python3.12/site-packages/airflow/example_dags/example_python_operator.py for tasks to queue
[2026-04-08T13:16:34.593+0530] {logging_mixin.py:190} INFO - [2026-04-08T13:16:34.593+0530] {dagbag.py:588} INFO - Filling up the DagBag from /Users/navalyemul/Documents/uptime/airflow_venv/lib/python3.12/site-packages/airflow/example_dags/example_python_operator.py
[2026-04-08T13:16:34.607+0530] {logging_mixin.py:190} INFO - [2026-04-08T13:16:34.607+0530] {example_python_operator.py:93} WARNING - The virtalenv_python example task requires virtualenv, please install it.
[2026-04-08T13:16:34.609+0530] {processor.py:925} INFO - DAG(s) 'example_python_operator' retrieved from /Users/navalyemul/Documents/uptime/airflow_venv/lib/python3.12/site-packages/airflow/example_dags/example_python_operator.py
[2026-04-08T13:16:34.650+0530] {logging_mixin.py:190} INFO - [2026-04-08T13:16:34.650+0530] {dag.py:3239} INFO - Sync 1 DAGs
[2026-04-08T13:16:34.655+0530] {logging_mixin.py:190} INFO - [2026-04-08T13:16:34.655+0530] {dag.py:4180} INFO - Setting next_dagrun for example_python_operator to None, run_after=None
[2026-04-08T13:16:34.663+0530] {processor.py:208} INFO - Processing /Users/navalyemul/Documents/uptime/airflow_venv/lib/python3.12/site-packages/airflow/example_dags/example_python_operator.py took 0.073 seconds
[2026-04-08T13:19:27.500+0530] {processor.py:186} INFO - Started process (PID=38532) to work on /Users/navalyemul/Documents/uptime/airflow_venv/lib/python3.12/site-packages/airflow/example_dags/example_python_operator.py
[2026-04-08T13:19:27.501+0530] {processor.py:914} INFO - Processing file /Users/navalyemul/Documents/uptime/airflow_venv/lib/python3.12/site-packages/airflow/example_dags/example_python_operator.py for tasks to queue
[2026-04-08T13:19:27.501+0530] {logging_mixin.py:190} INFO - [2026-04-08T13:19:27.501+0530] {dagbag.py:588} INFO - Filling up the DagBag from /Users/navalyemul/Documents/uptime/airflow_venv/lib/python3.12/site-packages/airflow/example_dags/example_python_operator.py
[2026-04-08T13:19:27.515+0530] {logging_mixin.py:190} INFO - [2026-04-08T13:19:27.515+0530] {example_python_operator.py:93} WARNING - The virtalenv_python example task requires virtualenv, please install it.
[2026-04-08T13:19:27.516+0530] {processor.py:925} INFO - DAG(s) 'example_python_operator' retrieved from /Users/navalyemul/Documents/uptime/airflow_venv/lib/python3.12/site-packages/airflow/example_dags/example_python_operator.py
[2026-04-08T13:19:27.557+0530] {logging_mixin.py:190} INFO - [2026-04-08T13:19:27.556+0530] {dag.py:3239} INFO - Sync 1 DAGs
[2026-04-08T13:19:27.561+0530] {logging_mixin.py:190} INFO - [2026-04-08T13:19:27.561+0530] {dag.py:4180} INFO - Setting next_dagrun for example_python_operator to None, run_after=None
[2026-04-08T13:19:27.570+0530] {processor.py:208} INFO - Processing /Users/navalyemul/Documents/uptime/airflow_venv/lib/python3.12/site-packages/airflow/example_dags/example_python_operator.py took 0.072 seconds
[2026-04-08T13:29:02.869+0530] {processor.py:186} INFO - Started process (PID=39503) to work on /Users/navalyemul/Documents/uptime/airflow_venv/lib/python3.12/site-packages/airflow/example_dags/example_python_operator.py
[2026-04-08T13:29:02.870+0530] {processor.py:914} INFO - Processing file /Users/navalyemul/Documents/uptime/airflow_venv/lib/python3.12/site-packages/airflow/example_dags/example_python_operator.py for tasks to queue
[2026-04-08T13:29:02.870+0530] {logging_mixin.py:190} INFO - [2026-04-08T13:29:02.870+0530] {dagbag.py:588} INFO - Filling up the DagBag from /Users/navalyemul/Documents/uptime/airflow_venv/lib/python3.12/site-packages/airflow/example_dags/example_python_operator.py
[2026-04-08T13:29:02.885+0530] {logging_mixin.py:190} INFO - [2026-04-08T13:29:02.885+0530] {example_python_operator.py:93} WARNING - The virtalenv_python example task requires virtualenv, please install it.
[2026-04-08T13:29:02.887+0530] {processor.py:925} INFO - DAG(s) 'example_python_operator' retrieved from /Users/navalyemul/Documents/uptime/airflow_venv/lib/python3.12/site-packages/airflow/example_dags/example_python_operator.py
[2026-04-08T13:29:02.928+0530] {logging_mixin.py:190} INFO - [2026-04-08T13:29:02.928+0530] {dag.py:3239} INFO - Sync 1 DAGs
[2026-04-08T13:29:02.932+0530] {logging_mixin.py:190} INFO - [2026-04-08T13:29:02.932+0530] {dag.py:4180} INFO - Setting next_dagrun for example_python_operator to None, run_after=None
[2026-04-08T13:29:02.939+0530] {processor.py:208} INFO - Processing /Users/navalyemul/Documents/uptime/airflow_venv/lib/python3.12/site-packages/airflow/example_dags/example_python_operator.py took 0.073 seconds
[2026-04-08T13:34:03.448+0530] {processor.py:186} INFO - Started process (PID=40461) to work on /Users/navalyemul/Documents/uptime/airflow_venv/lib/python3.12/site-packages/airflow/example_dags/example_python_operator.py
[2026-04-08T13:34:03.449+0530] {processor.py:914} INFO - Processing file /Users/navalyemul/Documents/uptime/airflow_venv/lib/python3.12/site-packages/airflow/example_dags/example_python_operator.py for tasks to queue
[2026-04-08T13:34:03.449+0530] {logging_mixin.py:190} INFO - [2026-04-08T13:34:03.449+0530] {dagbag.py:588} INFO - Filling up the DagBag from /Users/navalyemul/Documents/uptime/airflow_venv/lib/python3.12/site-packages/airflow/example_dags/example_python_operator.py
[2026-04-08T13:34:03.464+0530] {logging_mixin.py:190} INFO - [2026-04-08T13:34:03.464+0530] {example_python_operator.py:93} WARNING - The virtalenv_python example task requires virtualenv, please install it.
[2026-04-08T13:34:03.466+0530] {processor.py:925} INFO - DAG(s) 'example_python_operator' retrieved from /Users/navalyemul/Documents/uptime/airflow_venv/lib/python3.12/site-packages/airflow/example_dags/example_python_operator.py
[2026-04-08T13:34:03.505+0530] {logging_mixin.py:190} INFO - [2026-04-08T13:34:03.505+0530] {dag.py:3239} INFO - Sync 1 DAGs
[2026-04-08T13:34:03.510+0530] {logging_mixin.py:190} INFO - [2026-04-08T13:34:03.510+0530] {dag.py:4180} INFO - Setting next_dagrun for example_python_operator to None, run_after=None
[2026-04-08T13:34:03.517+0530] {processor.py:208} INFO - Processing /Users/navalyemul/Documents/uptime/airflow_venv/lib/python3.12/site-packages/airflow/example_dags/example_python_operator.py took 0.071 seconds
[2026-04-08T13:35:43.964+0530] {processor.py:186} INFO - Started process (PID=41650) to work on /Users/navalyemul/Documents/uptime/airflow_venv/lib/python3.12/site-packages/airflow/example_dags/example_python_operator.py
[2026-04-08T13:35:43.965+0530] {processor.py:914} INFO - Processing file /Users/navalyemul/Documents/uptime/airflow_venv/lib/python3.12/site-packages/airflow/example_dags/example_python_operator.py for tasks to queue
[2026-04-08T13:35:43.966+0530] {logging_mixin.py:190} INFO - [2026-04-08T13:35:43.966+0530] {dagbag.py:588} INFO - Filling up the DagBag from /Users/navalyemul/Documents/uptime/airflow_venv/lib/python3.12/site-packages/airflow/example_dags/example_python_operator.py
[2026-04-08T13:35:43.979+0530] {logging_mixin.py:190} INFO - [2026-04-08T13:35:43.978+0530] {example_python_operator.py:93} WARNING - The virtalenv_python example task requires virtualenv, please install it.
[2026-04-08T13:35:43.980+0530] {processor.py:925} INFO - DAG(s) 'example_python_operator' retrieved from /Users/navalyemul/Documents/uptime/airflow_venv/lib/python3.12/site-packages/airflow/example_dags/example_python_operator.py
[2026-04-08T13:35:44.021+0530] {logging_mixin.py:190} INFO - [2026-04-08T13:35:44.020+0530] {dag.py:3239} INFO - Sync 1 DAGs
[2026-04-08T13:35:44.025+0530] {logging_mixin.py:190} INFO - [2026-04-08T13:35:44.025+0530] {dag.py:4180} INFO - Setting next_dagrun for example_python_operator to None, run_after=None
[2026-04-08T13:35:44.034+0530] {processor.py:208} INFO - Processing /Users/navalyemul/Documents/uptime/airflow_venv/lib/python3.12/site-packages/airflow/example_dags/example_python_operator.py took 0.071 seconds
[2026-04-08T13:46:34.407+0530] {processor.py:186} INFO - Started process (PID=42561) to work on /Users/navalyemul/Documents/uptime/airflow_venv/lib/python3.12/site-packages/airflow/example_dags/example_python_operator.py
[2026-04-08T13:46:34.408+0530] {processor.py:914} INFO - Processing file /Users/navalyemul/Documents/uptime/airflow_venv/lib/python3.12/site-packages/airflow/example_dags/example_python_operator.py for tasks to queue
[2026-04-08T13:46:34.409+0530] {logging_mixin.py:190} INFO - [2026-04-08T13:46:34.408+0530] {dagbag.py:588} INFO - Filling up the DagBag from /Users/navalyemul/Documents/uptime/airflow_venv/lib/python3.12/site-packages/airflow/example_dags/example_python_operator.py
[2026-04-08T13:46:34.422+0530] {logging_mixin.py:190} INFO - [2026-04-08T13:46:34.422+0530] {example_python_operator.py:93} WARNING - The virtalenv_python example task requires virtualenv, please install it.
[2026-04-08T13:46:34.424+0530] {processor.py:925} INFO - DAG(s) 'example_python_operator' retrieved from /Users/navalyemul/Documents/uptime/airflow_venv/lib/python3.12/site-packages/airflow/example_dags/example_python_operator.py
[2026-04-08T13:46:34.464+0530] {logging_mixin.py:190} INFO - [2026-04-08T13:46:34.464+0530] {dag.py:3239} INFO - Sync 1 DAGs
[2026-04-08T13:46:34.469+0530] {logging_mixin.py:190} INFO - [2026-04-08T13:46:34.468+0530] {dag.py:4180} INFO - Setting next_dagrun for example_python_operator to None, run_after=None
[2026-04-08T13:46:34.477+0530] {processor.py:208} INFO - Processing /Users/navalyemul/Documents/uptime/airflow_venv/lib/python3.12/site-packages/airflow/example_dags/example_python_operator.py took 0.071 seconds
[2026-04-08T13:54:53.040+0530] {processor.py:186} INFO - Started process (PID=43739) to work on /Users/navalyemul/Documents/uptime/airflow_venv/lib/python3.12/site-packages/airflow/example_dags/example_python_operator.py
[2026-04-08T13:54:53.041+0530] {processor.py:914} INFO - Processing file /Users/navalyemul/Documents/uptime/airflow_venv/lib/python3.12/site-packages/airflow/example_dags/example_python_operator.py for tasks to queue
[2026-04-08T13:54:53.041+0530] {logging_mixin.py:190} INFO - [2026-04-08T13:54:53.041+0530] {dagbag.py:588} INFO - Filling up the DagBag from /Users/navalyemul/Documents/uptime/airflow_venv/lib/python3.12/site-packages/airflow/example_dags/example_python_operator.py
[2026-04-08T13:54:53.055+0530] {logging_mixin.py:190} INFO - [2026-04-08T13:54:53.055+0530] {example_python_operator.py:93} WARNING - The virtalenv_python example task requires virtualenv, please install it.
[2026-04-08T13:54:53.057+0530] {processor.py:925} INFO - DAG(s) 'example_python_operator' retrieved from /Users/navalyemul/Documents/uptime/airflow_venv/lib/python3.12/site-packages/airflow/example_dags/example_python_operator.py
[2026-04-08T13:54:53.098+0530] {logging_mixin.py:190} INFO - [2026-04-08T13:54:53.098+0530] {dag.py:3239} INFO - Sync 1 DAGs
[2026-04-08T13:54:53.102+0530] {logging_mixin.py:190} INFO - [2026-04-08T13:54:53.102+0530] {dag.py:4180} INFO - Setting next_dagrun for example_python_operator to None, run_after=None
[2026-04-08T13:54:53.110+0530] {processor.py:208} INFO - Processing /Users/navalyemul/Documents/uptime/airflow_venv/lib/python3.12/site-packages/airflow/example_dags/example_python_operator.py took 0.071 seconds
[2026-04-08T13:56:48.563+0530] {processor.py:186} INFO - Started process (PID=44799) to work on /Users/navalyemul/Documents/uptime/airflow_venv/lib/python3.12/site-packages/airflow/example_dags/example_python_operator.py
[2026-04-08T13:56:48.564+0530] {processor.py:914} INFO - Processing file /Users/navalyemul/Documents/uptime/airflow_venv/lib/python3.12/site-packages/airflow/example_dags/example_python_operator.py for tasks to queue
[2026-04-08T13:56:48.565+0530] {logging_mixin.py:190} INFO - [2026-04-08T13:56:48.565+0530] {dagbag.py:588} INFO - Filling up the DagBag from /Users/navalyemul/Documents/uptime/airflow_venv/lib/python3.12/site-packages/airflow/example_dags/example_python_operator.py
[2026-04-08T13:56:48.579+0530] {logging_mixin.py:190} INFO - [2026-04-08T13:56:48.578+0530] {example_python_operator.py:93} WARNING - The virtalenv_python example task requires virtualenv, please install it.
[2026-04-08T13:56:48.580+0530] {processor.py:925} INFO - DAG(s) 'example_python_operator' retrieved from /Users/navalyemul/Documents/uptime/airflow_venv/lib/python3.12/site-packages/airflow/example_dags/example_python_operator.py
[2026-04-08T13:56:48.622+0530] {logging_mixin.py:190} INFO - [2026-04-08T13:56:48.622+0530] {dag.py:3239} INFO - Sync 1 DAGs
[2026-04-08T13:56:48.627+0530] {logging_mixin.py:190} INFO - [2026-04-08T13:56:48.627+0530] {dag.py:4180} INFO - Setting next_dagrun for example_python_operator to None, run_after=None
[2026-04-08T13:56:48.636+0530] {processor.py:208} INFO - Processing /Users/navalyemul/Documents/uptime/airflow_venv/lib/python3.12/site-packages/airflow/example_dags/example_python_operator.py took 0.075 seconds
[2026-04-08T13:58:34.033+0530] {processor.py:186} INFO - Started process (PID=45850) to work on /Users/navalyemul/Documents/uptime/airflow_venv/lib/python3.12/site-packages/airflow/example_dags/example_python_operator.py
[2026-04-08T13:58:34.036+0530] {processor.py:914} INFO - Processing file /Users/navalyemul/Documents/uptime/airflow_venv/lib/python3.12/site-packages/airflow/example_dags/example_python_operator.py for tasks to queue
[2026-04-08T13:58:34.037+0530] {logging_mixin.py:190} INFO - [2026-04-08T13:58:34.037+0530] {dagbag.py:588} INFO - Filling up the DagBag from /Users/navalyemul/Documents/uptime/airflow_venv/lib/python3.12/site-packages/airflow/example_dags/example_python_operator.py
[2026-04-08T13:58:34.052+0530] {logging_mixin.py:190} INFO - [2026-04-08T13:58:34.051+0530] {example_python_operator.py:93} WARNING - The virtalenv_python example task requires virtualenv, please install it.
[2026-04-08T13:58:34.053+0530] {processor.py:925} INFO - DAG(s) 'example_python_operator' retrieved from /Users/navalyemul/Documents/uptime/airflow_venv/lib/python3.12/site-packages/airflow/example_dags/example_python_operator.py
[2026-04-08T13:58:34.096+0530] {logging_mixin.py:190} INFO - [2026-04-08T13:58:34.096+0530] {dag.py:3239} INFO - Sync 1 DAGs
[2026-04-08T13:58:34.102+0530] {logging_mixin.py:190} INFO - [2026-04-08T13:58:34.102+0530] {dag.py:4180} INFO - Setting next_dagrun for example_python_operator to None, run_after=None
[2026-04-08T13:58:34.112+0530] {processor.py:208} INFO - Processing /Users/navalyemul/Documents/uptime/airflow_venv/lib/python3.12/site-packages/airflow/example_dags/example_python_operator.py took 0.080 seconds
