[2026-04-08T12:39:24.054+0530] {processor.py:186} INFO - Started process (PID=13285) to work on /Users/navalyemul/Documents/uptime/airflow_venv/lib/python3.12/site-packages/airflow/example_dags/example_xcom.py
[2026-04-08T12:39:24.055+0530] {processor.py:914} INFO - Processing file /Users/navalyemul/Documents/uptime/airflow_venv/lib/python3.12/site-packages/airflow/example_dags/example_xcom.py for tasks to queue
[2026-04-08T12:39:24.056+0530] {logging_mixin.py:190} INFO - [2026-04-08T12:39:24.056+0530] {dagbag.py:588} INFO - Filling up the DagBag from /Users/navalyemul/Documents/uptime/airflow_venv/lib/python3.12/site-packages/airflow/example_dags/example_xcom.py
[2026-04-08T12:39:24.097+0530] {processor.py:925} INFO - DAG(s) 'example_xcom' retrieved from /Users/navalyemul/Documents/uptime/airflow_venv/lib/python3.12/site-packages/airflow/example_dags/example_xcom.py
[2026-04-08T12:39:24.232+0530] {logging_mixin.py:190} INFO - [2026-04-08T12:39:24.231+0530] {override.py:1912} INFO - Created Permission View: can read on DAG:example_xcom
[2026-04-08T12:39:24.243+0530] {logging_mixin.py:190} INFO - [2026-04-08T12:39:24.243+0530] {override.py:1912} INFO - Created Permission View: can delete on DAG:example_xcom
[2026-04-08T12:39:24.249+0530] {logging_mixin.py:190} INFO - [2026-04-08T12:39:24.249+0530] {override.py:1912} INFO - Created Permission View: can edit on DAG:example_xcom
[2026-04-08T12:39:24.262+0530] {logging_mixin.py:190} INFO - [2026-04-08T12:39:24.262+0530] {override.py:1912} INFO - Created Permission View: can read on DAG Run:example_xcom
[2026-04-08T12:39:24.267+0530] {logging_mixin.py:190} INFO - [2026-04-08T12:39:24.266+0530] {override.py:1912} INFO - Created Permission View: menu access on DAG Run:example_xcom
[2026-04-08T12:39:24.278+0530] {logging_mixin.py:190} INFO - [2026-04-08T12:39:24.277+0530] {override.py:1912} INFO - Created Permission View: can create on DAG Run:example_xcom
[2026-04-08T12:39:24.287+0530] {logging_mixin.py:190} INFO - [2026-04-08T12:39:24.286+0530] {override.py:1912} INFO - Created Permission View: can delete on DAG Run:example_xcom
[2026-04-08T12:39:24.287+0530] {logging_mixin.py:190} INFO - [2026-04-08T12:39:24.287+0530] {dag.py:3239} INFO - Sync 1 DAGs
[2026-04-08T12:39:24.302+0530] {logging_mixin.py:190} INFO - [2026-04-08T12:39:24.301+0530] {dag.py:3262} INFO - Creating ORM DAG for example_xcom
[2026-04-08T12:39:24.315+0530] {logging_mixin.py:190} INFO - [2026-04-08T12:39:24.315+0530] {dag.py:4180} INFO - Setting next_dagrun for example_xcom to 2021-01-01 00:00:00+00:00, run_after=2021-01-01 00:00:00+00:00
[2026-04-08T12:39:24.434+0530] {processor.py:208} INFO - Processing /Users/navalyemul/Documents/uptime/airflow_venv/lib/python3.12/site-packages/airflow/example_dags/example_xcom.py took 0.383 seconds
[2026-04-08T12:41:09.346+0530] {processor.py:186} INFO - Started process (PID=14016) to work on /Users/navalyemul/Documents/uptime/airflow_venv/lib/python3.12/site-packages/airflow/example_dags/example_xcom.py
[2026-04-08T12:41:09.349+0530] {processor.py:914} INFO - Processing file /Users/navalyemul/Documents/uptime/airflow_venv/lib/python3.12/site-packages/airflow/example_dags/example_xcom.py for tasks to queue
[2026-04-08T12:41:09.350+0530] {logging_mixin.py:190} INFO - [2026-04-08T12:41:09.350+0530] {dagbag.py:588} INFO - Filling up the DagBag from /Users/navalyemul/Documents/uptime/airflow_venv/lib/python3.12/site-packages/airflow/example_dags/example_xcom.py
[2026-04-08T12:41:09.397+0530] {processor.py:925} INFO - DAG(s) 'example_xcom' retrieved from /Users/navalyemul/Documents/uptime/airflow_venv/lib/python3.12/site-packages/airflow/example_dags/example_xcom.py
[2026-04-08T12:41:09.459+0530] {logging_mixin.py:190} INFO - [2026-04-08T12:41:09.458+0530] {dag.py:3239} INFO - Sync 1 DAGs
[2026-04-08T12:41:09.469+0530] {logging_mixin.py:190} INFO - [2026-04-08T12:41:09.469+0530] {dag.py:4180} INFO - Setting next_dagrun for example_xcom to 2021-01-01 00:00:00+00:00, run_after=2021-01-01 00:00:00+00:00
[2026-04-08T12:41:09.482+0530] {processor.py:208} INFO - Processing /Users/navalyemul/Documents/uptime/airflow_venv/lib/python3.12/site-packages/airflow/example_dags/example_xcom.py took 0.140 seconds
[2026-04-08T12:43:56.829+0530] {processor.py:186} INFO - Started process (PID=15644) to work on /Users/navalyemul/Documents/uptime/airflow_venv/lib/python3.12/site-packages/airflow/example_dags/example_xcom.py
[2026-04-08T12:43:56.830+0530] {processor.py:914} INFO - Processing file /Users/navalyemul/Documents/uptime/airflow_venv/lib/python3.12/site-packages/airflow/example_dags/example_xcom.py for tasks to queue
[2026-04-08T12:43:56.830+0530] {logging_mixin.py:190} INFO - [2026-04-08T12:43:56.830+0530] {dagbag.py:588} INFO - Filling up the DagBag from /Users/navalyemul/Documents/uptime/airflow_venv/lib/python3.12/site-packages/airflow/example_dags/example_xcom.py
[2026-04-08T12:43:56.851+0530] {processor.py:925} INFO - DAG(s) 'example_xcom' retrieved from /Users/navalyemul/Documents/uptime/airflow_venv/lib/python3.12/site-packages/airflow/example_dags/example_xcom.py
[2026-04-08T12:43:56.894+0530] {logging_mixin.py:190} INFO - [2026-04-08T12:43:56.894+0530] {dag.py:3239} INFO - Sync 1 DAGs
[2026-04-08T12:43:56.901+0530] {logging_mixin.py:190} INFO - [2026-04-08T12:43:56.901+0530] {dag.py:4180} INFO - Setting next_dagrun for example_xcom to 2021-01-01 00:00:00+00:00, run_after=2021-01-01 00:00:00+00:00
[2026-04-08T12:43:56.909+0530] {processor.py:208} INFO - Processing /Users/navalyemul/Documents/uptime/airflow_venv/lib/python3.12/site-packages/airflow/example_dags/example_xcom.py took 0.082 seconds
[2026-04-08T12:46:35.985+0530] {processor.py:186} INFO - Started process (PID=17214) to work on /Users/navalyemul/Documents/uptime/airflow_venv/lib/python3.12/site-packages/airflow/example_dags/example_xcom.py
[2026-04-08T12:46:35.986+0530] {processor.py:914} INFO - Processing file /Users/navalyemul/Documents/uptime/airflow_venv/lib/python3.12/site-packages/airflow/example_dags/example_xcom.py for tasks to queue
[2026-04-08T12:46:35.986+0530] {logging_mixin.py:190} INFO - [2026-04-08T12:46:35.986+0530] {dagbag.py:588} INFO - Filling up the DagBag from /Users/navalyemul/Documents/uptime/airflow_venv/lib/python3.12/site-packages/airflow/example_dags/example_xcom.py
[2026-04-08T12:46:36.008+0530] {processor.py:925} INFO - DAG(s) 'example_xcom' retrieved from /Users/navalyemul/Documents/uptime/airflow_venv/lib/python3.12/site-packages/airflow/example_dags/example_xcom.py
[2026-04-08T12:46:36.052+0530] {logging_mixin.py:190} INFO - [2026-04-08T12:46:36.052+0530] {dag.py:3239} INFO - Sync 1 DAGs
[2026-04-08T12:46:36.060+0530] {logging_mixin.py:190} INFO - [2026-04-08T12:46:36.060+0530] {dag.py:4180} INFO - Setting next_dagrun for example_xcom to 2021-01-01 00:00:00+00:00, run_after=2021-01-01 00:00:00+00:00
[2026-04-08T12:46:36.068+0530] {processor.py:208} INFO - Processing /Users/navalyemul/Documents/uptime/airflow_venv/lib/python3.12/site-packages/airflow/example_dags/example_xcom.py took 0.086 seconds
[2026-04-08T12:48:33.134+0530] {processor.py:186} INFO - Started process (PID=18544) to work on /Users/navalyemul/Documents/uptime/airflow_venv/lib/python3.12/site-packages/airflow/example_dags/example_xcom.py
[2026-04-08T12:48:33.135+0530] {processor.py:914} INFO - Processing file /Users/navalyemul/Documents/uptime/airflow_venv/lib/python3.12/site-packages/airflow/example_dags/example_xcom.py for tasks to queue
[2026-04-08T12:48:33.135+0530] {logging_mixin.py:190} INFO - [2026-04-08T12:48:33.135+0530] {dagbag.py:588} INFO - Filling up the DagBag from /Users/navalyemul/Documents/uptime/airflow_venv/lib/python3.12/site-packages/airflow/example_dags/example_xcom.py
[2026-04-08T12:48:33.158+0530] {processor.py:925} INFO - DAG(s) 'example_xcom' retrieved from /Users/navalyemul/Documents/uptime/airflow_venv/lib/python3.12/site-packages/airflow/example_dags/example_xcom.py
[2026-04-08T12:48:33.198+0530] {logging_mixin.py:190} INFO - [2026-04-08T12:48:33.198+0530] {dag.py:3239} INFO - Sync 1 DAGs
[2026-04-08T12:48:33.206+0530] {logging_mixin.py:190} INFO - [2026-04-08T12:48:33.205+0530] {dag.py:4180} INFO - Setting next_dagrun for example_xcom to 2021-01-01 00:00:00+00:00, run_after=2021-01-01 00:00:00+00:00
[2026-04-08T12:48:33.213+0530] {processor.py:208} INFO - Processing /Users/navalyemul/Documents/uptime/airflow_venv/lib/python3.12/site-packages/airflow/example_dags/example_xcom.py took 0.081 seconds
[2026-04-08T12:49:56.386+0530] {processor.py:186} INFO - Started process (PID=19503) to work on /Users/navalyemul/Documents/uptime/airflow_venv/lib/python3.12/site-packages/airflow/example_dags/example_xcom.py
[2026-04-08T12:49:56.386+0530] {processor.py:914} INFO - Processing file /Users/navalyemul/Documents/uptime/airflow_venv/lib/python3.12/site-packages/airflow/example_dags/example_xcom.py for tasks to queue
[2026-04-08T12:49:56.387+0530] {logging_mixin.py:190} INFO - [2026-04-08T12:49:56.387+0530] {dagbag.py:588} INFO - Filling up the DagBag from /Users/navalyemul/Documents/uptime/airflow_venv/lib/python3.12/site-packages/airflow/example_dags/example_xcom.py
[2026-04-08T12:49:56.409+0530] {processor.py:925} INFO - DAG(s) 'example_xcom' retrieved from /Users/navalyemul/Documents/uptime/airflow_venv/lib/python3.12/site-packages/airflow/example_dags/example_xcom.py
[2026-04-08T12:49:56.450+0530] {logging_mixin.py:190} INFO - [2026-04-08T12:49:56.450+0530] {dag.py:3239} INFO - Sync 1 DAGs
[2026-04-08T12:49:56.457+0530] {logging_mixin.py:190} INFO - [2026-04-08T12:49:56.457+0530] {dag.py:4180} INFO - Setting next_dagrun for example_xcom to 2021-01-01 00:00:00+00:00, run_after=2021-01-01 00:00:00+00:00
[2026-04-08T12:49:56.465+0530] {processor.py:208} INFO - Processing /Users/navalyemul/Documents/uptime/airflow_venv/lib/python3.12/site-packages/airflow/example_dags/example_xcom.py took 0.081 seconds
[2026-04-08T12:51:28.683+0530] {processor.py:186} INFO - Started process (PID=20457) to work on /Users/navalyemul/Documents/uptime/airflow_venv/lib/python3.12/site-packages/airflow/example_dags/example_xcom.py
[2026-04-08T12:51:28.684+0530] {processor.py:914} INFO - Processing file /Users/navalyemul/Documents/uptime/airflow_venv/lib/python3.12/site-packages/airflow/example_dags/example_xcom.py for tasks to queue
[2026-04-08T12:51:28.685+0530] {logging_mixin.py:190} INFO - [2026-04-08T12:51:28.684+0530] {dagbag.py:588} INFO - Filling up the DagBag from /Users/navalyemul/Documents/uptime/airflow_venv/lib/python3.12/site-packages/airflow/example_dags/example_xcom.py
[2026-04-08T12:51:28.714+0530] {processor.py:925} INFO - DAG(s) 'example_xcom' retrieved from /Users/navalyemul/Documents/uptime/airflow_venv/lib/python3.12/site-packages/airflow/example_dags/example_xcom.py
[2026-04-08T12:51:28.759+0530] {logging_mixin.py:190} INFO - [2026-04-08T12:51:28.759+0530] {dag.py:3239} INFO - Sync 1 DAGs
[2026-04-08T12:51:28.770+0530] {logging_mixin.py:190} INFO - [2026-04-08T12:51:28.769+0530] {dag.py:4180} INFO - Setting next_dagrun for example_xcom to 2021-01-01 00:00:00+00:00, run_after=2021-01-01 00:00:00+00:00
[2026-04-08T12:51:28.781+0530] {processor.py:208} INFO - Processing /Users/navalyemul/Documents/uptime/airflow_venv/lib/python3.12/site-packages/airflow/example_dags/example_xcom.py took 0.101 seconds
[2026-04-08T12:53:07.518+0530] {processor.py:186} INFO - Started process (PID=21409) to work on /Users/navalyemul/Documents/uptime/airflow_venv/lib/python3.12/site-packages/airflow/example_dags/example_xcom.py
[2026-04-08T12:53:07.520+0530] {processor.py:914} INFO - Processing file /Users/navalyemul/Documents/uptime/airflow_venv/lib/python3.12/site-packages/airflow/example_dags/example_xcom.py for tasks to queue
[2026-04-08T12:53:07.521+0530] {logging_mixin.py:190} INFO - [2026-04-08T12:53:07.521+0530] {dagbag.py:588} INFO - Filling up the DagBag from /Users/navalyemul/Documents/uptime/airflow_venv/lib/python3.12/site-packages/airflow/example_dags/example_xcom.py
[2026-04-08T12:53:07.572+0530] {processor.py:925} INFO - DAG(s) 'example_xcom' retrieved from /Users/navalyemul/Documents/uptime/airflow_venv/lib/python3.12/site-packages/airflow/example_dags/example_xcom.py
[2026-04-08T12:53:07.703+0530] {logging_mixin.py:190} INFO - [2026-04-08T12:53:07.702+0530] {dag.py:3239} INFO - Sync 1 DAGs
[2026-04-08T12:53:07.715+0530] {logging_mixin.py:190} INFO - [2026-04-08T12:53:07.714+0530] {dag.py:4180} INFO - Setting next_dagrun for example_xcom to 2021-01-01 00:00:00+00:00, run_after=2021-01-01 00:00:00+00:00
[2026-04-08T12:53:07.728+0530] {processor.py:208} INFO - Processing /Users/navalyemul/Documents/uptime/airflow_venv/lib/python3.12/site-packages/airflow/example_dags/example_xcom.py took 0.216 seconds
[2026-04-08T12:55:03.695+0530] {processor.py:186} INFO - Started process (PID=22303) to work on /Users/navalyemul/Documents/uptime/airflow_venv/lib/python3.12/site-packages/airflow/example_dags/example_xcom.py
[2026-04-08T12:55:03.699+0530] {processor.py:914} INFO - Processing file /Users/navalyemul/Documents/uptime/airflow_venv/lib/python3.12/site-packages/airflow/example_dags/example_xcom.py for tasks to queue
[2026-04-08T12:55:03.700+0530] {logging_mixin.py:190} INFO - [2026-04-08T12:55:03.700+0530] {dagbag.py:588} INFO - Filling up the DagBag from /Users/navalyemul/Documents/uptime/airflow_venv/lib/python3.12/site-packages/airflow/example_dags/example_xcom.py
[2026-04-08T12:55:03.732+0530] {processor.py:925} INFO - DAG(s) 'example_xcom' retrieved from /Users/navalyemul/Documents/uptime/airflow_venv/lib/python3.12/site-packages/airflow/example_dags/example_xcom.py
[2026-04-08T12:55:03.800+0530] {logging_mixin.py:190} INFO - [2026-04-08T12:55:03.800+0530] {dag.py:3239} INFO - Sync 1 DAGs
[2026-04-08T12:55:03.811+0530] {logging_mixin.py:190} INFO - [2026-04-08T12:55:03.810+0530] {dag.py:4180} INFO - Setting next_dagrun for example_xcom to 2021-01-01 00:00:00+00:00, run_after=2021-01-01 00:00:00+00:00
[2026-04-08T12:55:03.826+0530] {processor.py:208} INFO - Processing /Users/navalyemul/Documents/uptime/airflow_venv/lib/python3.12/site-packages/airflow/example_dags/example_xcom.py took 0.136 seconds
[2026-04-08T12:56:38.258+0530] {processor.py:186} INFO - Started process (PID=23260) to work on /Users/navalyemul/Documents/uptime/airflow_venv/lib/python3.12/site-packages/airflow/example_dags/example_xcom.py
[2026-04-08T12:56:38.259+0530] {processor.py:914} INFO - Processing file /Users/navalyemul/Documents/uptime/airflow_venv/lib/python3.12/site-packages/airflow/example_dags/example_xcom.py for tasks to queue
[2026-04-08T12:56:38.260+0530] {logging_mixin.py:190} INFO - [2026-04-08T12:56:38.260+0530] {dagbag.py:588} INFO - Filling up the DagBag from /Users/navalyemul/Documents/uptime/airflow_venv/lib/python3.12/site-packages/airflow/example_dags/example_xcom.py
[2026-04-08T12:56:38.289+0530] {processor.py:925} INFO - DAG(s) 'example_xcom' retrieved from /Users/navalyemul/Documents/uptime/airflow_venv/lib/python3.12/site-packages/airflow/example_dags/example_xcom.py
[2026-04-08T12:56:38.335+0530] {logging_mixin.py:190} INFO - [2026-04-08T12:56:38.335+0530] {dag.py:3239} INFO - Sync 1 DAGs
[2026-04-08T12:56:38.344+0530] {logging_mixin.py:190} INFO - [2026-04-08T12:56:38.344+0530] {dag.py:4180} INFO - Setting next_dagrun for example_xcom to 2021-01-01 00:00:00+00:00, run_after=2021-01-01 00:00:00+00:00
[2026-04-08T12:56:38.352+0530] {processor.py:208} INFO - Processing /Users/navalyemul/Documents/uptime/airflow_venv/lib/python3.12/site-packages/airflow/example_dags/example_xcom.py took 0.097 seconds
[2026-04-08T12:58:05.390+0530] {processor.py:186} INFO - Started process (PID=24196) to work on /Users/navalyemul/Documents/uptime/airflow_venv/lib/python3.12/site-packages/airflow/example_dags/example_xcom.py
[2026-04-08T12:58:05.391+0530] {processor.py:914} INFO - Processing file /Users/navalyemul/Documents/uptime/airflow_venv/lib/python3.12/site-packages/airflow/example_dags/example_xcom.py for tasks to queue
[2026-04-08T12:58:05.393+0530] {logging_mixin.py:190} INFO - [2026-04-08T12:58:05.392+0530] {dagbag.py:588} INFO - Filling up the DagBag from /Users/navalyemul/Documents/uptime/airflow_venv/lib/python3.12/site-packages/airflow/example_dags/example_xcom.py
[2026-04-08T12:58:05.416+0530] {processor.py:925} INFO - DAG(s) 'example_xcom' retrieved from /Users/navalyemul/Documents/uptime/airflow_venv/lib/python3.12/site-packages/airflow/example_dags/example_xcom.py
[2026-04-08T12:58:05.459+0530] {logging_mixin.py:190} INFO - [2026-04-08T12:58:05.459+0530] {dag.py:3239} INFO - Sync 1 DAGs
[2026-04-08T12:58:05.468+0530] {logging_mixin.py:190} INFO - [2026-04-08T12:58:05.468+0530] {dag.py:4180} INFO - Setting next_dagrun for example_xcom to 2021-01-01 00:00:00+00:00, run_after=2021-01-01 00:00:00+00:00
[2026-04-08T12:58:05.476+0530] {processor.py:208} INFO - Processing /Users/navalyemul/Documents/uptime/airflow_venv/lib/python3.12/site-packages/airflow/example_dags/example_xcom.py took 0.089 seconds
[2026-04-08T12:59:30.173+0530] {processor.py:186} INFO - Started process (PID=25086) to work on /Users/navalyemul/Documents/uptime/airflow_venv/lib/python3.12/site-packages/airflow/example_dags/example_xcom.py
[2026-04-08T12:59:30.174+0530] {processor.py:914} INFO - Processing file /Users/navalyemul/Documents/uptime/airflow_venv/lib/python3.12/site-packages/airflow/example_dags/example_xcom.py for tasks to queue
[2026-04-08T12:59:30.174+0530] {logging_mixin.py:190} INFO - [2026-04-08T12:59:30.174+0530] {dagbag.py:588} INFO - Filling up the DagBag from /Users/navalyemul/Documents/uptime/airflow_venv/lib/python3.12/site-packages/airflow/example_dags/example_xcom.py
[2026-04-08T12:59:30.195+0530] {processor.py:925} INFO - DAG(s) 'example_xcom' retrieved from /Users/navalyemul/Documents/uptime/airflow_venv/lib/python3.12/site-packages/airflow/example_dags/example_xcom.py
[2026-04-08T12:59:30.237+0530] {logging_mixin.py:190} INFO - [2026-04-08T12:59:30.237+0530] {dag.py:3239} INFO - Sync 1 DAGs
[2026-04-08T12:59:30.245+0530] {logging_mixin.py:190} INFO - [2026-04-08T12:59:30.244+0530] {dag.py:4180} INFO - Setting next_dagrun for example_xcom to 2021-01-01 00:00:00+00:00, run_after=2021-01-01 00:00:00+00:00
[2026-04-08T12:59:30.252+0530] {processor.py:208} INFO - Processing /Users/navalyemul/Documents/uptime/airflow_venv/lib/python3.12/site-packages/airflow/example_dags/example_xcom.py took 0.081 seconds
[2026-04-08T13:00:52.080+0530] {processor.py:186} INFO - Started process (PID=26035) to work on /Users/navalyemul/Documents/uptime/airflow_venv/lib/python3.12/site-packages/airflow/example_dags/example_xcom.py
[2026-04-08T13:00:52.080+0530] {processor.py:914} INFO - Processing file /Users/navalyemul/Documents/uptime/airflow_venv/lib/python3.12/site-packages/airflow/example_dags/example_xcom.py for tasks to queue
[2026-04-08T13:00:52.081+0530] {logging_mixin.py:190} INFO - [2026-04-08T13:00:52.081+0530] {dagbag.py:588} INFO - Filling up the DagBag from /Users/navalyemul/Documents/uptime/airflow_venv/lib/python3.12/site-packages/airflow/example_dags/example_xcom.py
[2026-04-08T13:00:52.101+0530] {processor.py:925} INFO - DAG(s) 'example_xcom' retrieved from /Users/navalyemul/Documents/uptime/airflow_venv/lib/python3.12/site-packages/airflow/example_dags/example_xcom.py
[2026-04-08T13:00:52.141+0530] {logging_mixin.py:190} INFO - [2026-04-08T13:00:52.141+0530] {dag.py:3239} INFO - Sync 1 DAGs
[2026-04-08T13:00:52.148+0530] {logging_mixin.py:190} INFO - [2026-04-08T13:00:52.147+0530] {dag.py:4180} INFO - Setting next_dagrun for example_xcom to 2021-01-01 00:00:00+00:00, run_after=2021-01-01 00:00:00+00:00
[2026-04-08T13:00:52.155+0530] {processor.py:208} INFO - Processing /Users/navalyemul/Documents/uptime/airflow_venv/lib/python3.12/site-packages/airflow/example_dags/example_xcom.py took 0.077 seconds
[2026-04-08T13:02:12.134+0530] {processor.py:186} INFO - Started process (PID=26945) to work on /Users/navalyemul/Documents/uptime/airflow_venv/lib/python3.12/site-packages/airflow/example_dags/example_xcom.py
[2026-04-08T13:02:12.135+0530] {processor.py:914} INFO - Processing file /Users/navalyemul/Documents/uptime/airflow_venv/lib/python3.12/site-packages/airflow/example_dags/example_xcom.py for tasks to queue
[2026-04-08T13:02:12.135+0530] {logging_mixin.py:190} INFO - [2026-04-08T13:02:12.135+0530] {dagbag.py:588} INFO - Filling up the DagBag from /Users/navalyemul/Documents/uptime/airflow_venv/lib/python3.12/site-packages/airflow/example_dags/example_xcom.py
[2026-04-08T13:02:12.156+0530] {processor.py:925} INFO - DAG(s) 'example_xcom' retrieved from /Users/navalyemul/Documents/uptime/airflow_venv/lib/python3.12/site-packages/airflow/example_dags/example_xcom.py
[2026-04-08T13:02:12.199+0530] {logging_mixin.py:190} INFO - [2026-04-08T13:02:12.198+0530] {dag.py:3239} INFO - Sync 1 DAGs
[2026-04-08T13:02:12.207+0530] {logging_mixin.py:190} INFO - [2026-04-08T13:02:12.207+0530] {dag.py:4180} INFO - Setting next_dagrun for example_xcom to 2021-01-01 00:00:00+00:00, run_after=2021-01-01 00:00:00+00:00
[2026-04-08T13:02:12.216+0530] {processor.py:208} INFO - Processing /Users/navalyemul/Documents/uptime/airflow_venv/lib/python3.12/site-packages/airflow/example_dags/example_xcom.py took 0.084 seconds
[2026-04-08T13:03:33.093+0530] {processor.py:186} INFO - Started process (PID=27888) to work on /Users/navalyemul/Documents/uptime/airflow_venv/lib/python3.12/site-packages/airflow/example_dags/example_xcom.py
[2026-04-08T13:03:33.094+0530] {processor.py:914} INFO - Processing file /Users/navalyemul/Documents/uptime/airflow_venv/lib/python3.12/site-packages/airflow/example_dags/example_xcom.py for tasks to queue
[2026-04-08T13:03:33.095+0530] {logging_mixin.py:190} INFO - [2026-04-08T13:03:33.095+0530] {dagbag.py:588} INFO - Filling up the DagBag from /Users/navalyemul/Documents/uptime/airflow_venv/lib/python3.12/site-packages/airflow/example_dags/example_xcom.py
[2026-04-08T13:03:33.120+0530] {processor.py:925} INFO - DAG(s) 'example_xcom' retrieved from /Users/navalyemul/Documents/uptime/airflow_venv/lib/python3.12/site-packages/airflow/example_dags/example_xcom.py
[2026-04-08T13:03:33.159+0530] {logging_mixin.py:190} INFO - [2026-04-08T13:03:33.159+0530] {dag.py:3239} INFO - Sync 1 DAGs
[2026-04-08T13:03:33.167+0530] {logging_mixin.py:190} INFO - [2026-04-08T13:03:33.166+0530] {dag.py:4180} INFO - Setting next_dagrun for example_xcom to 2021-01-01 00:00:00+00:00, run_after=2021-01-01 00:00:00+00:00
[2026-04-08T13:03:33.174+0530] {processor.py:208} INFO - Processing /Users/navalyemul/Documents/uptime/airflow_venv/lib/python3.12/site-packages/airflow/example_dags/example_xcom.py took 0.082 seconds
[2026-04-08T13:04:59.476+0530] {processor.py:186} INFO - Started process (PID=28904) to work on /Users/navalyemul/Documents/uptime/airflow_venv/lib/python3.12/site-packages/airflow/example_dags/example_xcom.py
[2026-04-08T13:04:59.477+0530] {processor.py:914} INFO - Processing file /Users/navalyemul/Documents/uptime/airflow_venv/lib/python3.12/site-packages/airflow/example_dags/example_xcom.py for tasks to queue
[2026-04-08T13:04:59.478+0530] {logging_mixin.py:190} INFO - [2026-04-08T13:04:59.478+0530] {dagbag.py:588} INFO - Filling up the DagBag from /Users/navalyemul/Documents/uptime/airflow_venv/lib/python3.12/site-packages/airflow/example_dags/example_xcom.py
[2026-04-08T13:04:59.503+0530] {processor.py:925} INFO - DAG(s) 'example_xcom' retrieved from /Users/navalyemul/Documents/uptime/airflow_venv/lib/python3.12/site-packages/airflow/example_dags/example_xcom.py
[2026-04-08T13:04:59.546+0530] {logging_mixin.py:190} INFO - [2026-04-08T13:04:59.546+0530] {dag.py:3239} INFO - Sync 1 DAGs
[2026-04-08T13:04:59.554+0530] {logging_mixin.py:190} INFO - [2026-04-08T13:04:59.554+0530] {dag.py:4180} INFO - Setting next_dagrun for example_xcom to 2021-01-01 00:00:00+00:00, run_after=2021-01-01 00:00:00+00:00
[2026-04-08T13:04:59.563+0530] {processor.py:208} INFO - Processing /Users/navalyemul/Documents/uptime/airflow_venv/lib/python3.12/site-packages/airflow/example_dags/example_xcom.py took 0.088 seconds
[2026-04-08T13:06:24.101+0530] {processor.py:186} INFO - Started process (PID=29823) to work on /Users/navalyemul/Documents/uptime/airflow_venv/lib/python3.12/site-packages/airflow/example_dags/example_xcom.py
[2026-04-08T13:06:24.101+0530] {processor.py:914} INFO - Processing file /Users/navalyemul/Documents/uptime/airflow_venv/lib/python3.12/site-packages/airflow/example_dags/example_xcom.py for tasks to queue
[2026-04-08T13:06:24.102+0530] {logging_mixin.py:190} INFO - [2026-04-08T13:06:24.102+0530] {dagbag.py:588} INFO - Filling up the DagBag from /Users/navalyemul/Documents/uptime/airflow_venv/lib/python3.12/site-packages/airflow/example_dags/example_xcom.py
[2026-04-08T13:06:24.124+0530] {processor.py:925} INFO - DAG(s) 'example_xcom' retrieved from /Users/navalyemul/Documents/uptime/airflow_venv/lib/python3.12/site-packages/airflow/example_dags/example_xcom.py
[2026-04-08T13:06:24.166+0530] {logging_mixin.py:190} INFO - [2026-04-08T13:06:24.166+0530] {dag.py:3239} INFO - Sync 1 DAGs
[2026-04-08T13:06:24.173+0530] {logging_mixin.py:190} INFO - [2026-04-08T13:06:24.173+0530] {dag.py:4180} INFO - Setting next_dagrun for example_xcom to 2021-01-01 00:00:00+00:00, run_after=2021-01-01 00:00:00+00:00
[2026-04-08T13:06:24.181+0530] {processor.py:208} INFO - Processing /Users/navalyemul/Documents/uptime/airflow_venv/lib/python3.12/site-packages/airflow/example_dags/example_xcom.py took 0.083 seconds
[2026-04-08T13:07:46.731+0530] {processor.py:186} INFO - Started process (PID=30729) to work on /Users/navalyemul/Documents/uptime/airflow_venv/lib/python3.12/site-packages/airflow/example_dags/example_xcom.py
[2026-04-08T13:07:46.732+0530] {processor.py:914} INFO - Processing file /Users/navalyemul/Documents/uptime/airflow_venv/lib/python3.12/site-packages/airflow/example_dags/example_xcom.py for tasks to queue
[2026-04-08T13:07:46.732+0530] {logging_mixin.py:190} INFO - [2026-04-08T13:07:46.732+0530] {dagbag.py:588} INFO - Filling up the DagBag from /Users/navalyemul/Documents/uptime/airflow_venv/lib/python3.12/site-packages/airflow/example_dags/example_xcom.py
[2026-04-08T13:07:46.754+0530] {processor.py:925} INFO - DAG(s) 'example_xcom' retrieved from /Users/navalyemul/Documents/uptime/airflow_venv/lib/python3.12/site-packages/airflow/example_dags/example_xcom.py
[2026-04-08T13:07:46.796+0530] {logging_mixin.py:190} INFO - [2026-04-08T13:07:46.796+0530] {dag.py:3239} INFO - Sync 1 DAGs
[2026-04-08T13:07:46.803+0530] {logging_mixin.py:190} INFO - [2026-04-08T13:07:46.803+0530] {dag.py:4180} INFO - Setting next_dagrun for example_xcom to 2021-01-01 00:00:00+00:00, run_after=2021-01-01 00:00:00+00:00
[2026-04-08T13:07:46.812+0530] {processor.py:208} INFO - Processing /Users/navalyemul/Documents/uptime/airflow_venv/lib/python3.12/site-packages/airflow/example_dags/example_xcom.py took 0.083 seconds
[2026-04-08T13:09:09.151+0530] {processor.py:186} INFO - Started process (PID=31620) to work on /Users/navalyemul/Documents/uptime/airflow_venv/lib/python3.12/site-packages/airflow/example_dags/example_xcom.py
[2026-04-08T13:09:09.152+0530] {processor.py:914} INFO - Processing file /Users/navalyemul/Documents/uptime/airflow_venv/lib/python3.12/site-packages/airflow/example_dags/example_xcom.py for tasks to queue
[2026-04-08T13:09:09.153+0530] {logging_mixin.py:190} INFO - [2026-04-08T13:09:09.152+0530] {dagbag.py:588} INFO - Filling up the DagBag from /Users/navalyemul/Documents/uptime/airflow_venv/lib/python3.12/site-packages/airflow/example_dags/example_xcom.py
[2026-04-08T13:09:09.175+0530] {processor.py:925} INFO - DAG(s) 'example_xcom' retrieved from /Users/navalyemul/Documents/uptime/airflow_venv/lib/python3.12/site-packages/airflow/example_dags/example_xcom.py
[2026-04-08T13:09:09.218+0530] {logging_mixin.py:190} INFO - [2026-04-08T13:09:09.218+0530] {dag.py:3239} INFO - Sync 1 DAGs
[2026-04-08T13:09:09.227+0530] {logging_mixin.py:190} INFO - [2026-04-08T13:09:09.227+0530] {dag.py:4180} INFO - Setting next_dagrun for example_xcom to 2021-01-01 00:00:00+00:00, run_after=2021-01-01 00:00:00+00:00
[2026-04-08T13:09:09.235+0530] {processor.py:208} INFO - Processing /Users/navalyemul/Documents/uptime/airflow_venv/lib/python3.12/site-packages/airflow/example_dags/example_xcom.py took 0.088 seconds
[2026-04-08T13:10:31.234+0530] {processor.py:186} INFO - Started process (PID=32564) to work on /Users/navalyemul/Documents/uptime/airflow_venv/lib/python3.12/site-packages/airflow/example_dags/example_xcom.py
[2026-04-08T13:10:31.234+0530] {processor.py:914} INFO - Processing file /Users/navalyemul/Documents/uptime/airflow_venv/lib/python3.12/site-packages/airflow/example_dags/example_xcom.py for tasks to queue
[2026-04-08T13:10:31.235+0530] {logging_mixin.py:190} INFO - [2026-04-08T13:10:31.235+0530] {dagbag.py:588} INFO - Filling up the DagBag from /Users/navalyemul/Documents/uptime/airflow_venv/lib/python3.12/site-packages/airflow/example_dags/example_xcom.py
[2026-04-08T13:10:31.256+0530] {processor.py:925} INFO - DAG(s) 'example_xcom' retrieved from /Users/navalyemul/Documents/uptime/airflow_venv/lib/python3.12/site-packages/airflow/example_dags/example_xcom.py
[2026-04-08T13:10:31.296+0530] {logging_mixin.py:190} INFO - [2026-04-08T13:10:31.296+0530] {dag.py:3239} INFO - Sync 1 DAGs
[2026-04-08T13:10:31.303+0530] {logging_mixin.py:190} INFO - [2026-04-08T13:10:31.303+0530] {dag.py:4180} INFO - Setting next_dagrun for example_xcom to 2021-01-01 00:00:00+00:00, run_after=2021-01-01 00:00:00+00:00
[2026-04-08T13:10:31.311+0530] {processor.py:208} INFO - Processing /Users/navalyemul/Documents/uptime/airflow_venv/lib/python3.12/site-packages/airflow/example_dags/example_xcom.py took 0.079 seconds
[2026-04-08T13:11:55.131+0530] {processor.py:186} INFO - Started process (PID=33496) to work on /Users/navalyemul/Documents/uptime/airflow_venv/lib/python3.12/site-packages/airflow/example_dags/example_xcom.py
[2026-04-08T13:11:55.132+0530] {processor.py:914} INFO - Processing file /Users/navalyemul/Documents/uptime/airflow_venv/lib/python3.12/site-packages/airflow/example_dags/example_xcom.py for tasks to queue
[2026-04-08T13:11:55.133+0530] {logging_mixin.py:190} INFO - [2026-04-08T13:11:55.132+0530] {dagbag.py:588} INFO - Filling up the DagBag from /Users/navalyemul/Documents/uptime/airflow_venv/lib/python3.12/site-packages/airflow/example_dags/example_xcom.py
[2026-04-08T13:11:55.154+0530] {processor.py:925} INFO - DAG(s) 'example_xcom' retrieved from /Users/navalyemul/Documents/uptime/airflow_venv/lib/python3.12/site-packages/airflow/example_dags/example_xcom.py
[2026-04-08T13:11:55.195+0530] {logging_mixin.py:190} INFO - [2026-04-08T13:11:55.195+0530] {dag.py:3239} INFO - Sync 1 DAGs
[2026-04-08T13:11:55.202+0530] {logging_mixin.py:190} INFO - [2026-04-08T13:11:55.202+0530] {dag.py:4180} INFO - Setting next_dagrun for example_xcom to 2021-01-01 00:00:00+00:00, run_after=2021-01-01 00:00:00+00:00
[2026-04-08T13:11:55.210+0530] {processor.py:208} INFO - Processing /Users/navalyemul/Documents/uptime/airflow_venv/lib/python3.12/site-packages/airflow/example_dags/example_xcom.py took 0.080 seconds
[2026-04-08T13:13:18.732+0530] {processor.py:186} INFO - Started process (PID=34423) to work on /Users/navalyemul/Documents/uptime/airflow_venv/lib/python3.12/site-packages/airflow/example_dags/example_xcom.py
[2026-04-08T13:13:18.733+0530] {processor.py:914} INFO - Processing file /Users/navalyemul/Documents/uptime/airflow_venv/lib/python3.12/site-packages/airflow/example_dags/example_xcom.py for tasks to queue
[2026-04-08T13:13:18.734+0530] {logging_mixin.py:190} INFO - [2026-04-08T13:13:18.733+0530] {dagbag.py:588} INFO - Filling up the DagBag from /Users/navalyemul/Documents/uptime/airflow_venv/lib/python3.12/site-packages/airflow/example_dags/example_xcom.py
[2026-04-08T13:13:18.754+0530] {processor.py:925} INFO - DAG(s) 'example_xcom' retrieved from /Users/navalyemul/Documents/uptime/airflow_venv/lib/python3.12/site-packages/airflow/example_dags/example_xcom.py
[2026-04-08T13:13:18.794+0530] {logging_mixin.py:190} INFO - [2026-04-08T13:13:18.794+0530] {dag.py:3239} INFO - Sync 1 DAGs
[2026-04-08T13:13:18.801+0530] {logging_mixin.py:190} INFO - [2026-04-08T13:13:18.801+0530] {dag.py:4180} INFO - Setting next_dagrun for example_xcom to 2021-01-01 00:00:00+00:00, run_after=2021-01-01 00:00:00+00:00
[2026-04-08T13:13:18.809+0530] {processor.py:208} INFO - Processing /Users/navalyemul/Documents/uptime/airflow_venv/lib/python3.12/site-packages/airflow/example_dags/example_xcom.py took 0.079 seconds
[2026-04-08T13:14:40.345+0530] {processor.py:186} INFO - Started process (PID=35352) to work on /Users/navalyemul/Documents/uptime/airflow_venv/lib/python3.12/site-packages/airflow/example_dags/example_xcom.py
[2026-04-08T13:14:40.346+0530] {processor.py:914} INFO - Processing file /Users/navalyemul/Documents/uptime/airflow_venv/lib/python3.12/site-packages/airflow/example_dags/example_xcom.py for tasks to queue
[2026-04-08T13:14:40.347+0530] {logging_mixin.py:190} INFO - [2026-04-08T13:14:40.347+0530] {dagbag.py:588} INFO - Filling up the DagBag from /Users/navalyemul/Documents/uptime/airflow_venv/lib/python3.12/site-packages/airflow/example_dags/example_xcom.py
[2026-04-08T13:14:40.371+0530] {processor.py:925} INFO - DAG(s) 'example_xcom' retrieved from /Users/navalyemul/Documents/uptime/airflow_venv/lib/python3.12/site-packages/airflow/example_dags/example_xcom.py
[2026-04-08T13:14:40.414+0530] {logging_mixin.py:190} INFO - [2026-04-08T13:14:40.413+0530] {dag.py:3239} INFO - Sync 1 DAGs
[2026-04-08T13:14:40.422+0530] {logging_mixin.py:190} INFO - [2026-04-08T13:14:40.422+0530] {dag.py:4180} INFO - Setting next_dagrun for example_xcom to 2021-01-01 00:00:00+00:00, run_after=2021-01-01 00:00:00+00:00
[2026-04-08T13:14:40.431+0530] {processor.py:208} INFO - Processing /Users/navalyemul/Documents/uptime/airflow_venv/lib/python3.12/site-packages/airflow/example_dags/example_xcom.py took 0.088 seconds
[2026-04-08T13:16:05.339+0530] {processor.py:186} INFO - Started process (PID=36315) to work on /Users/navalyemul/Documents/uptime/airflow_venv/lib/python3.12/site-packages/airflow/example_dags/example_xcom.py
[2026-04-08T13:16:05.340+0530] {processor.py:914} INFO - Processing file /Users/navalyemul/Documents/uptime/airflow_venv/lib/python3.12/site-packages/airflow/example_dags/example_xcom.py for tasks to queue
[2026-04-08T13:16:05.340+0530] {logging_mixin.py:190} INFO - [2026-04-08T13:16:05.340+0530] {dagbag.py:588} INFO - Filling up the DagBag from /Users/navalyemul/Documents/uptime/airflow_venv/lib/python3.12/site-packages/airflow/example_dags/example_xcom.py
[2026-04-08T13:16:05.362+0530] {processor.py:925} INFO - DAG(s) 'example_xcom' retrieved from /Users/navalyemul/Documents/uptime/airflow_venv/lib/python3.12/site-packages/airflow/example_dags/example_xcom.py
[2026-04-08T13:16:05.404+0530] {logging_mixin.py:190} INFO - [2026-04-08T13:16:05.404+0530] {dag.py:3239} INFO - Sync 1 DAGs
[2026-04-08T13:16:05.412+0530] {logging_mixin.py:190} INFO - [2026-04-08T13:16:05.412+0530] {dag.py:4180} INFO - Setting next_dagrun for example_xcom to 2021-01-01 00:00:00+00:00, run_after=2021-01-01 00:00:00+00:00
[2026-04-08T13:16:05.420+0530] {processor.py:208} INFO - Processing /Users/navalyemul/Documents/uptime/airflow_venv/lib/python3.12/site-packages/airflow/example_dags/example_xcom.py took 0.083 seconds
[2026-04-08T13:17:29.118+0530] {processor.py:186} INFO - Started process (PID=37253) to work on /Users/navalyemul/Documents/uptime/airflow_venv/lib/python3.12/site-packages/airflow/example_dags/example_xcom.py
[2026-04-08T13:17:29.118+0530] {processor.py:914} INFO - Processing file /Users/navalyemul/Documents/uptime/airflow_venv/lib/python3.12/site-packages/airflow/example_dags/example_xcom.py for tasks to queue
[2026-04-08T13:17:29.119+0530] {logging_mixin.py:190} INFO - [2026-04-08T13:17:29.119+0530] {dagbag.py:588} INFO - Filling up the DagBag from /Users/navalyemul/Documents/uptime/airflow_venv/lib/python3.12/site-packages/airflow/example_dags/example_xcom.py
[2026-04-08T13:17:29.141+0530] {processor.py:925} INFO - DAG(s) 'example_xcom' retrieved from /Users/navalyemul/Documents/uptime/airflow_venv/lib/python3.12/site-packages/airflow/example_dags/example_xcom.py
[2026-04-08T13:17:29.183+0530] {logging_mixin.py:190} INFO - [2026-04-08T13:17:29.183+0530] {dag.py:3239} INFO - Sync 1 DAGs
[2026-04-08T13:17:29.191+0530] {logging_mixin.py:190} INFO - [2026-04-08T13:17:29.191+0530] {dag.py:4180} INFO - Setting next_dagrun for example_xcom to 2021-01-01 00:00:00+00:00, run_after=2021-01-01 00:00:00+00:00
[2026-04-08T13:17:29.200+0530] {processor.py:208} INFO - Processing /Users/navalyemul/Documents/uptime/airflow_venv/lib/python3.12/site-packages/airflow/example_dags/example_xcom.py took 0.084 seconds
[2026-04-08T13:18:56.562+0530] {processor.py:186} INFO - Started process (PID=38210) to work on /Users/navalyemul/Documents/uptime/airflow_venv/lib/python3.12/site-packages/airflow/example_dags/example_xcom.py
[2026-04-08T13:18:56.563+0530] {processor.py:914} INFO - Processing file /Users/navalyemul/Documents/uptime/airflow_venv/lib/python3.12/site-packages/airflow/example_dags/example_xcom.py for tasks to queue
[2026-04-08T13:18:56.564+0530] {logging_mixin.py:190} INFO - [2026-04-08T13:18:56.563+0530] {dagbag.py:588} INFO - Filling up the DagBag from /Users/navalyemul/Documents/uptime/airflow_venv/lib/python3.12/site-packages/airflow/example_dags/example_xcom.py
[2026-04-08T13:18:56.590+0530] {processor.py:925} INFO - DAG(s) 'example_xcom' retrieved from /Users/navalyemul/Documents/uptime/airflow_venv/lib/python3.12/site-packages/airflow/example_dags/example_xcom.py
[2026-04-08T13:18:56.632+0530] {logging_mixin.py:190} INFO - [2026-04-08T13:18:56.631+0530] {dag.py:3239} INFO - Sync 1 DAGs
[2026-04-08T13:18:56.639+0530] {logging_mixin.py:190} INFO - [2026-04-08T13:18:56.639+0530] {dag.py:4180} INFO - Setting next_dagrun for example_xcom to 2021-01-01 00:00:00+00:00, run_after=2021-01-01 00:00:00+00:00
[2026-04-08T13:18:56.647+0530] {processor.py:208} INFO - Processing /Users/navalyemul/Documents/uptime/airflow_venv/lib/python3.12/site-packages/airflow/example_dags/example_xcom.py took 0.087 seconds
[2026-04-08T13:21:03.197+0530] {processor.py:186} INFO - Started process (PID=39142) to work on /Users/navalyemul/Documents/uptime/airflow_venv/lib/python3.12/site-packages/airflow/example_dags/example_xcom.py
[2026-04-08T13:21:03.197+0530] {processor.py:914} INFO - Processing file /Users/navalyemul/Documents/uptime/airflow_venv/lib/python3.12/site-packages/airflow/example_dags/example_xcom.py for tasks to queue
[2026-04-08T13:21:03.198+0530] {logging_mixin.py:190} INFO - [2026-04-08T13:21:03.198+0530] {dagbag.py:588} INFO - Filling up the DagBag from /Users/navalyemul/Documents/uptime/airflow_venv/lib/python3.12/site-packages/airflow/example_dags/example_xcom.py
[2026-04-08T13:21:03.218+0530] {processor.py:925} INFO - DAG(s) 'example_xcom' retrieved from /Users/navalyemul/Documents/uptime/airflow_venv/lib/python3.12/site-packages/airflow/example_dags/example_xcom.py
[2026-04-08T13:21:03.261+0530] {logging_mixin.py:190} INFO - [2026-04-08T13:21:03.261+0530] {dag.py:3239} INFO - Sync 1 DAGs
[2026-04-08T13:21:03.269+0530] {logging_mixin.py:190} INFO - [2026-04-08T13:21:03.269+0530] {dag.py:4180} INFO - Setting next_dagrun for example_xcom to 2021-01-01 00:00:00+00:00, run_after=2021-01-01 00:00:00+00:00
[2026-04-08T13:21:03.279+0530] {processor.py:208} INFO - Processing /Users/navalyemul/Documents/uptime/airflow_venv/lib/python3.12/site-packages/airflow/example_dags/example_xcom.py took 0.084 seconds
[2026-04-08T13:31:07.715+0530] {processor.py:186} INFO - Started process (PID=40109) to work on /Users/navalyemul/Documents/uptime/airflow_venv/lib/python3.12/site-packages/airflow/example_dags/example_xcom.py
[2026-04-08T13:31:07.717+0530] {processor.py:914} INFO - Processing file /Users/navalyemul/Documents/uptime/airflow_venv/lib/python3.12/site-packages/airflow/example_dags/example_xcom.py for tasks to queue
[2026-04-08T13:31:07.719+0530] {logging_mixin.py:190} INFO - [2026-04-08T13:31:07.718+0530] {dagbag.py:588} INFO - Filling up the DagBag from /Users/navalyemul/Documents/uptime/airflow_venv/lib/python3.12/site-packages/airflow/example_dags/example_xcom.py
[2026-04-08T13:31:07.794+0530] {processor.py:925} INFO - DAG(s) 'example_xcom' retrieved from /Users/navalyemul/Documents/uptime/airflow_venv/lib/python3.12/site-packages/airflow/example_dags/example_xcom.py
[2026-04-08T13:31:07.952+0530] {logging_mixin.py:190} INFO - [2026-04-08T13:31:07.951+0530] {dag.py:3239} INFO - Sync 1 DAGs
[2026-04-08T13:31:07.982+0530] {logging_mixin.py:190} INFO - [2026-04-08T13:31:07.982+0530] {dag.py:4180} INFO - Setting next_dagrun for example_xcom to 2021-01-01 00:00:00+00:00, run_after=2021-01-01 00:00:00+00:00
[2026-04-08T13:31:08.013+0530] {processor.py:208} INFO - Processing /Users/navalyemul/Documents/uptime/airflow_venv/lib/python3.12/site-packages/airflow/example_dags/example_xcom.py took 0.304 seconds
[2026-04-08T13:35:11.061+0530] {processor.py:186} INFO - Started process (PID=41277) to work on /Users/navalyemul/Documents/uptime/airflow_venv/lib/python3.12/site-packages/airflow/example_dags/example_xcom.py
[2026-04-08T13:35:11.062+0530] {processor.py:914} INFO - Processing file /Users/navalyemul/Documents/uptime/airflow_venv/lib/python3.12/site-packages/airflow/example_dags/example_xcom.py for tasks to queue
[2026-04-08T13:35:11.062+0530] {logging_mixin.py:190} INFO - [2026-04-08T13:35:11.062+0530] {dagbag.py:588} INFO - Filling up the DagBag from /Users/navalyemul/Documents/uptime/airflow_venv/lib/python3.12/site-packages/airflow/example_dags/example_xcom.py
[2026-04-08T13:35:11.084+0530] {processor.py:925} INFO - DAG(s) 'example_xcom' retrieved from /Users/navalyemul/Documents/uptime/airflow_venv/lib/python3.12/site-packages/airflow/example_dags/example_xcom.py
[2026-04-08T13:35:11.124+0530] {logging_mixin.py:190} INFO - [2026-04-08T13:35:11.124+0530] {dag.py:3239} INFO - Sync 1 DAGs
[2026-04-08T13:35:11.133+0530] {logging_mixin.py:190} INFO - [2026-04-08T13:35:11.132+0530] {dag.py:4180} INFO - Setting next_dagrun for example_xcom to 2021-01-01 00:00:00+00:00, run_after=2021-01-01 00:00:00+00:00
[2026-04-08T13:35:11.141+0530] {processor.py:208} INFO - Processing /Users/navalyemul/Documents/uptime/airflow_venv/lib/python3.12/site-packages/airflow/example_dags/example_xcom.py took 0.081 seconds
[2026-04-08T13:41:37.334+0530] {processor.py:186} INFO - Started process (PID=42213) to work on /Users/navalyemul/Documents/uptime/airflow_venv/lib/python3.12/site-packages/airflow/example_dags/example_xcom.py
[2026-04-08T13:41:37.335+0530] {processor.py:914} INFO - Processing file /Users/navalyemul/Documents/uptime/airflow_venv/lib/python3.12/site-packages/airflow/example_dags/example_xcom.py for tasks to queue
[2026-04-08T13:41:37.335+0530] {logging_mixin.py:190} INFO - [2026-04-08T13:41:37.335+0530] {dagbag.py:588} INFO - Filling up the DagBag from /Users/navalyemul/Documents/uptime/airflow_venv/lib/python3.12/site-packages/airflow/example_dags/example_xcom.py
[2026-04-08T13:41:37.356+0530] {processor.py:925} INFO - DAG(s) 'example_xcom' retrieved from /Users/navalyemul/Documents/uptime/airflow_venv/lib/python3.12/site-packages/airflow/example_dags/example_xcom.py
[2026-04-08T13:41:37.396+0530] {logging_mixin.py:190} INFO - [2026-04-08T13:41:37.396+0530] {dag.py:3239} INFO - Sync 1 DAGs
[2026-04-08T13:41:37.404+0530] {logging_mixin.py:190} INFO - [2026-04-08T13:41:37.404+0530] {dag.py:4180} INFO - Setting next_dagrun for example_xcom to 2021-01-01 00:00:00+00:00, run_after=2021-01-01 00:00:00+00:00
[2026-04-08T13:41:37.411+0530] {processor.py:208} INFO - Processing /Users/navalyemul/Documents/uptime/airflow_venv/lib/python3.12/site-packages/airflow/example_dags/example_xcom.py took 0.079 seconds
[2026-04-08T13:54:20.424+0530] {processor.py:186} INFO - Started process (PID=43379) to work on /Users/navalyemul/Documents/uptime/airflow_venv/lib/python3.12/site-packages/airflow/example_dags/example_xcom.py
[2026-04-08T13:54:20.425+0530] {processor.py:914} INFO - Processing file /Users/navalyemul/Documents/uptime/airflow_venv/lib/python3.12/site-packages/airflow/example_dags/example_xcom.py for tasks to queue
[2026-04-08T13:54:20.426+0530] {logging_mixin.py:190} INFO - [2026-04-08T13:54:20.426+0530] {dagbag.py:588} INFO - Filling up the DagBag from /Users/navalyemul/Documents/uptime/airflow_venv/lib/python3.12/site-packages/airflow/example_dags/example_xcom.py
[2026-04-08T13:54:20.446+0530] {processor.py:925} INFO - DAG(s) 'example_xcom' retrieved from /Users/navalyemul/Documents/uptime/airflow_venv/lib/python3.12/site-packages/airflow/example_dags/example_xcom.py
[2026-04-08T13:54:20.489+0530] {logging_mixin.py:190} INFO - [2026-04-08T13:54:20.489+0530] {dag.py:3239} INFO - Sync 1 DAGs
[2026-04-08T13:54:20.496+0530] {logging_mixin.py:190} INFO - [2026-04-08T13:54:20.496+0530] {dag.py:4180} INFO - Setting next_dagrun for example_xcom to 2021-01-01 00:00:00+00:00, run_after=2021-01-01 00:00:00+00:00
[2026-04-08T13:54:20.504+0530] {processor.py:208} INFO - Processing /Users/navalyemul/Documents/uptime/airflow_venv/lib/python3.12/site-packages/airflow/example_dags/example_xcom.py took 0.081 seconds
[2026-04-08T13:56:12.980+0530] {processor.py:186} INFO - Started process (PID=44459) to work on /Users/navalyemul/Documents/uptime/airflow_venv/lib/python3.12/site-packages/airflow/example_dags/example_xcom.py
[2026-04-08T13:56:12.980+0530] {processor.py:914} INFO - Processing file /Users/navalyemul/Documents/uptime/airflow_venv/lib/python3.12/site-packages/airflow/example_dags/example_xcom.py for tasks to queue
[2026-04-08T13:56:12.981+0530] {logging_mixin.py:190} INFO - [2026-04-08T13:56:12.981+0530] {dagbag.py:588} INFO - Filling up the DagBag from /Users/navalyemul/Documents/uptime/airflow_venv/lib/python3.12/site-packages/airflow/example_dags/example_xcom.py
[2026-04-08T13:56:13.004+0530] {processor.py:925} INFO - DAG(s) 'example_xcom' retrieved from /Users/navalyemul/Documents/uptime/airflow_venv/lib/python3.12/site-packages/airflow/example_dags/example_xcom.py
[2026-04-08T13:56:13.052+0530] {logging_mixin.py:190} INFO - [2026-04-08T13:56:13.052+0530] {dag.py:3239} INFO - Sync 1 DAGs
[2026-04-08T13:56:13.063+0530] {logging_mixin.py:190} INFO - [2026-04-08T13:56:13.062+0530] {dag.py:4180} INFO - Setting next_dagrun for example_xcom to 2021-01-01 00:00:00+00:00, run_after=2021-01-01 00:00:00+00:00
[2026-04-08T13:56:13.071+0530] {processor.py:208} INFO - Processing /Users/navalyemul/Documents/uptime/airflow_venv/lib/python3.12/site-packages/airflow/example_dags/example_xcom.py took 0.093 seconds
[2026-04-08T13:57:54.792+0530] {processor.py:186} INFO - Started process (PID=45501) to work on /Users/navalyemul/Documents/uptime/airflow_venv/lib/python3.12/site-packages/airflow/example_dags/example_xcom.py
[2026-04-08T13:57:54.793+0530] {processor.py:914} INFO - Processing file /Users/navalyemul/Documents/uptime/airflow_venv/lib/python3.12/site-packages/airflow/example_dags/example_xcom.py for tasks to queue
[2026-04-08T13:57:54.794+0530] {logging_mixin.py:190} INFO - [2026-04-08T13:57:54.794+0530] {dagbag.py:588} INFO - Filling up the DagBag from /Users/navalyemul/Documents/uptime/airflow_venv/lib/python3.12/site-packages/airflow/example_dags/example_xcom.py
[2026-04-08T13:57:54.829+0530] {processor.py:925} INFO - DAG(s) 'example_xcom' retrieved from /Users/navalyemul/Documents/uptime/airflow_venv/lib/python3.12/site-packages/airflow/example_dags/example_xcom.py
[2026-04-08T13:57:54.882+0530] {logging_mixin.py:190} INFO - [2026-04-08T13:57:54.882+0530] {dag.py:3239} INFO - Sync 1 DAGs
[2026-04-08T13:57:54.892+0530] {logging_mixin.py:190} INFO - [2026-04-08T13:57:54.892+0530] {dag.py:4180} INFO - Setting next_dagrun for example_xcom to 2021-01-01 00:00:00+00:00, run_after=2021-01-01 00:00:00+00:00
[2026-04-08T13:57:54.902+0530] {processor.py:208} INFO - Processing /Users/navalyemul/Documents/uptime/airflow_venv/lib/python3.12/site-packages/airflow/example_dags/example_xcom.py took 0.115 seconds
