[2026-04-08T12:47:40.740+0530] {processor.py:186} INFO - Started process (PID=17964) to work on /Users/navalyemul/Documents/uptime/airflow_venv/lib/python3.12/site-packages/airflow/example_dags/example_display_name.py
[2026-04-08T12:47:40.741+0530] {processor.py:914} INFO - Processing file /Users/navalyemul/Documents/uptime/airflow_venv/lib/python3.12/site-packages/airflow/example_dags/example_display_name.py for tasks to queue
[2026-04-08T12:47:40.741+0530] {logging_mixin.py:190} INFO - [2026-04-08T12:47:40.741+0530] {dagbag.py:588} INFO - Filling up the DagBag from /Users/navalyemul/Documents/uptime/airflow_venv/lib/python3.12/site-packages/airflow/example_dags/example_display_name.py
[2026-04-08T12:47:40.761+0530] {processor.py:925} INFO - DAG(s) 'example_display_name' retrieved from /Users/navalyemul/Documents/uptime/airflow_venv/lib/python3.12/site-packages/airflow/example_dags/example_display_name.py
[2026-04-08T12:47:40.838+0530] {logging_mixin.py:190} INFO - [2026-04-08T12:47:40.838+0530] {override.py:1912} INFO - Created Permission View: can read on DAG:example_display_name
[2026-04-08T12:47:40.842+0530] {logging_mixin.py:190} INFO - [2026-04-08T12:47:40.842+0530] {override.py:1912} INFO - Created Permission View: can delete on DAG:example_display_name
[2026-04-08T12:47:40.845+0530] {logging_mixin.py:190} INFO - [2026-04-08T12:47:40.845+0530] {override.py:1912} INFO - Created Permission View: can edit on DAG:example_display_name
[2026-04-08T12:47:40.848+0530] {logging_mixin.py:190} INFO - [2026-04-08T12:47:40.848+0530] {override.py:1912} INFO - Created Permission View: can create on DAG Run:example_display_name
[2026-04-08T12:47:40.851+0530] {logging_mixin.py:190} INFO - [2026-04-08T12:47:40.851+0530] {override.py:1912} INFO - Created Permission View: can read on DAG Run:example_display_name
[2026-04-08T12:47:40.853+0530] {logging_mixin.py:190} INFO - [2026-04-08T12:47:40.853+0530] {override.py:1912} INFO - Created Permission View: menu access on DAG Run:example_display_name
[2026-04-08T12:47:40.856+0530] {logging_mixin.py:190} INFO - [2026-04-08T12:47:40.856+0530] {override.py:1912} INFO - Created Permission View: can delete on DAG Run:example_display_name
[2026-04-08T12:47:40.856+0530] {logging_mixin.py:190} INFO - [2026-04-08T12:47:40.856+0530] {dag.py:3239} INFO - Sync 1 DAGs
[2026-04-08T12:47:40.862+0530] {logging_mixin.py:190} INFO - [2026-04-08T12:47:40.862+0530] {dag.py:3262} INFO - Creating ORM DAG for example_display_name
[2026-04-08T12:47:40.862+0530] {logging_mixin.py:190} INFO - [2026-04-08T12:47:40.862+0530] {dag.py:4180} INFO - Setting next_dagrun for example_display_name to None, run_after=None
[2026-04-08T12:47:40.906+0530] {processor.py:208} INFO - Processing /Users/navalyemul/Documents/uptime/airflow_venv/lib/python3.12/site-packages/airflow/example_dags/example_display_name.py took 0.168 seconds
[2026-04-08T12:50:27.717+0530] {processor.py:186} INFO - Started process (PID=19867) to work on /Users/navalyemul/Documents/uptime/airflow_venv/lib/python3.12/site-packages/airflow/example_dags/example_display_name.py
[2026-04-08T12:50:27.718+0530] {processor.py:914} INFO - Processing file /Users/navalyemul/Documents/uptime/airflow_venv/lib/python3.12/site-packages/airflow/example_dags/example_display_name.py for tasks to queue
[2026-04-08T12:50:27.719+0530] {logging_mixin.py:190} INFO - [2026-04-08T12:50:27.719+0530] {dagbag.py:588} INFO - Filling up the DagBag from /Users/navalyemul/Documents/uptime/airflow_venv/lib/python3.12/site-packages/airflow/example_dags/example_display_name.py
[2026-04-08T12:50:27.739+0530] {processor.py:925} INFO - DAG(s) 'example_display_name' retrieved from /Users/navalyemul/Documents/uptime/airflow_venv/lib/python3.12/site-packages/airflow/example_dags/example_display_name.py
[2026-04-08T12:50:27.777+0530] {logging_mixin.py:190} INFO - [2026-04-08T12:50:27.777+0530] {dag.py:3239} INFO - Sync 1 DAGs
[2026-04-08T12:50:27.782+0530] {logging_mixin.py:190} INFO - [2026-04-08T12:50:27.781+0530] {dag.py:4180} INFO - Setting next_dagrun for example_display_name to None, run_after=None
[2026-04-08T12:50:27.789+0530] {processor.py:208} INFO - Processing /Users/navalyemul/Documents/uptime/airflow_venv/lib/python3.12/site-packages/airflow/example_dags/example_display_name.py took 0.075 seconds
[2026-04-08T12:52:34.328+0530] {processor.py:186} INFO - Started process (PID=21147) to work on /Users/navalyemul/Documents/uptime/airflow_venv/lib/python3.12/site-packages/airflow/example_dags/example_display_name.py
[2026-04-08T12:52:34.328+0530] {processor.py:914} INFO - Processing file /Users/navalyemul/Documents/uptime/airflow_venv/lib/python3.12/site-packages/airflow/example_dags/example_display_name.py for tasks to queue
[2026-04-08T12:52:34.329+0530] {logging_mixin.py:190} INFO - [2026-04-08T12:52:34.329+0530] {dagbag.py:588} INFO - Filling up the DagBag from /Users/navalyemul/Documents/uptime/airflow_venv/lib/python3.12/site-packages/airflow/example_dags/example_display_name.py
[2026-04-08T12:52:34.351+0530] {processor.py:925} INFO - DAG(s) 'example_display_name' retrieved from /Users/navalyemul/Documents/uptime/airflow_venv/lib/python3.12/site-packages/airflow/example_dags/example_display_name.py
[2026-04-08T12:52:34.392+0530] {logging_mixin.py:190} INFO - [2026-04-08T12:52:34.391+0530] {dag.py:3239} INFO - Sync 1 DAGs
[2026-04-08T12:52:34.396+0530] {logging_mixin.py:190} INFO - [2026-04-08T12:52:34.396+0530] {dag.py:4180} INFO - Setting next_dagrun for example_display_name to None, run_after=None
[2026-04-08T12:52:34.406+0530] {processor.py:208} INFO - Processing /Users/navalyemul/Documents/uptime/airflow_venv/lib/python3.12/site-packages/airflow/example_dags/example_display_name.py took 0.081 seconds
[2026-04-08T12:56:09.864+0530] {processor.py:186} INFO - Started process (PID=22956) to work on /Users/navalyemul/Documents/uptime/airflow_venv/lib/python3.12/site-packages/airflow/example_dags/example_display_name.py
[2026-04-08T12:56:09.865+0530] {processor.py:914} INFO - Processing file /Users/navalyemul/Documents/uptime/airflow_venv/lib/python3.12/site-packages/airflow/example_dags/example_display_name.py for tasks to queue
[2026-04-08T12:56:09.865+0530] {logging_mixin.py:190} INFO - [2026-04-08T12:56:09.865+0530] {dagbag.py:588} INFO - Filling up the DagBag from /Users/navalyemul/Documents/uptime/airflow_venv/lib/python3.12/site-packages/airflow/example_dags/example_display_name.py
[2026-04-08T12:56:09.885+0530] {processor.py:925} INFO - DAG(s) 'example_display_name' retrieved from /Users/navalyemul/Documents/uptime/airflow_venv/lib/python3.12/site-packages/airflow/example_dags/example_display_name.py
[2026-04-08T12:56:09.924+0530] {logging_mixin.py:190} INFO - [2026-04-08T12:56:09.924+0530] {dag.py:3239} INFO - Sync 1 DAGs
[2026-04-08T12:56:09.929+0530] {logging_mixin.py:190} INFO - [2026-04-08T12:56:09.929+0530] {dag.py:4180} INFO - Setting next_dagrun for example_display_name to None, run_after=None
[2026-04-08T12:56:09.937+0530] {processor.py:208} INFO - Processing /Users/navalyemul/Documents/uptime/airflow_venv/lib/python3.12/site-packages/airflow/example_dags/example_display_name.py took 0.075 seconds
[2026-04-08T12:59:02.322+0530] {processor.py:186} INFO - Started process (PID=24769) to work on /Users/navalyemul/Documents/uptime/airflow_venv/lib/python3.12/site-packages/airflow/example_dags/example_display_name.py
[2026-04-08T12:59:02.323+0530] {processor.py:914} INFO - Processing file /Users/navalyemul/Documents/uptime/airflow_venv/lib/python3.12/site-packages/airflow/example_dags/example_display_name.py for tasks to queue
[2026-04-08T12:59:02.324+0530] {logging_mixin.py:190} INFO - [2026-04-08T12:59:02.323+0530] {dagbag.py:588} INFO - Filling up the DagBag from /Users/navalyemul/Documents/uptime/airflow_venv/lib/python3.12/site-packages/airflow/example_dags/example_display_name.py
[2026-04-08T12:59:02.344+0530] {processor.py:925} INFO - DAG(s) 'example_display_name' retrieved from /Users/navalyemul/Documents/uptime/airflow_venv/lib/python3.12/site-packages/airflow/example_dags/example_display_name.py
[2026-04-08T12:59:02.384+0530] {logging_mixin.py:190} INFO - [2026-04-08T12:59:02.383+0530] {dag.py:3239} INFO - Sync 1 DAGs
[2026-04-08T12:59:02.389+0530] {logging_mixin.py:190} INFO - [2026-04-08T12:59:02.389+0530] {dag.py:4180} INFO - Setting next_dagrun for example_display_name to None, run_after=None
[2026-04-08T12:59:02.397+0530] {processor.py:208} INFO - Processing /Users/navalyemul/Documents/uptime/airflow_venv/lib/python3.12/site-packages/airflow/example_dags/example_display_name.py took 0.076 seconds
[2026-04-08T13:01:44.548+0530] {processor.py:186} INFO - Started process (PID=26627) to work on /Users/navalyemul/Documents/uptime/airflow_venv/lib/python3.12/site-packages/airflow/example_dags/example_display_name.py
[2026-04-08T13:01:44.549+0530] {processor.py:914} INFO - Processing file /Users/navalyemul/Documents/uptime/airflow_venv/lib/python3.12/site-packages/airflow/example_dags/example_display_name.py for tasks to queue
[2026-04-08T13:01:44.549+0530] {logging_mixin.py:190} INFO - [2026-04-08T13:01:44.549+0530] {dagbag.py:588} INFO - Filling up the DagBag from /Users/navalyemul/Documents/uptime/airflow_venv/lib/python3.12/site-packages/airflow/example_dags/example_display_name.py
[2026-04-08T13:01:44.569+0530] {processor.py:925} INFO - DAG(s) 'example_display_name' retrieved from /Users/navalyemul/Documents/uptime/airflow_venv/lib/python3.12/site-packages/airflow/example_dags/example_display_name.py
[2026-04-08T13:01:44.607+0530] {logging_mixin.py:190} INFO - [2026-04-08T13:01:44.607+0530] {dag.py:3239} INFO - Sync 1 DAGs
[2026-04-08T13:01:44.612+0530] {logging_mixin.py:190} INFO - [2026-04-08T13:01:44.612+0530] {dag.py:4180} INFO - Setting next_dagrun for example_display_name to None, run_after=None
[2026-04-08T13:01:44.619+0530] {processor.py:208} INFO - Processing /Users/navalyemul/Documents/uptime/airflow_venv/lib/python3.12/site-packages/airflow/example_dags/example_display_name.py took 0.073 seconds
[2026-04-08T13:04:31.094+0530] {processor.py:186} INFO - Started process (PID=28581) to work on /Users/navalyemul/Documents/uptime/airflow_venv/lib/python3.12/site-packages/airflow/example_dags/example_display_name.py
[2026-04-08T13:04:31.095+0530] {processor.py:914} INFO - Processing file /Users/navalyemul/Documents/uptime/airflow_venv/lib/python3.12/site-packages/airflow/example_dags/example_display_name.py for tasks to queue
[2026-04-08T13:04:31.096+0530] {logging_mixin.py:190} INFO - [2026-04-08T13:04:31.095+0530] {dagbag.py:588} INFO - Filling up the DagBag from /Users/navalyemul/Documents/uptime/airflow_venv/lib/python3.12/site-packages/airflow/example_dags/example_display_name.py
[2026-04-08T13:04:31.115+0530] {processor.py:925} INFO - DAG(s) 'example_display_name' retrieved from /Users/navalyemul/Documents/uptime/airflow_venv/lib/python3.12/site-packages/airflow/example_dags/example_display_name.py
[2026-04-08T13:04:31.154+0530] {logging_mixin.py:190} INFO - [2026-04-08T13:04:31.154+0530] {dag.py:3239} INFO - Sync 1 DAGs
[2026-04-08T13:04:31.159+0530] {logging_mixin.py:190} INFO - [2026-04-08T13:04:31.158+0530] {dag.py:4180} INFO - Setting next_dagrun for example_display_name to None, run_after=None
[2026-04-08T13:04:31.166+0530] {processor.py:208} INFO - Processing /Users/navalyemul/Documents/uptime/airflow_venv/lib/python3.12/site-packages/airflow/example_dags/example_display_name.py took 0.075 seconds
[2026-04-08T13:07:19.089+0530] {processor.py:186} INFO - Started process (PID=30426) to work on /Users/navalyemul/Documents/uptime/airflow_venv/lib/python3.12/site-packages/airflow/example_dags/example_display_name.py
[2026-04-08T13:07:19.090+0530] {processor.py:914} INFO - Processing file /Users/navalyemul/Documents/uptime/airflow_venv/lib/python3.12/site-packages/airflow/example_dags/example_display_name.py for tasks to queue
[2026-04-08T13:07:19.091+0530] {logging_mixin.py:190} INFO - [2026-04-08T13:07:19.091+0530] {dagbag.py:588} INFO - Filling up the DagBag from /Users/navalyemul/Documents/uptime/airflow_venv/lib/python3.12/site-packages/airflow/example_dags/example_display_name.py
[2026-04-08T13:07:19.110+0530] {processor.py:925} INFO - DAG(s) 'example_display_name' retrieved from /Users/navalyemul/Documents/uptime/airflow_venv/lib/python3.12/site-packages/airflow/example_dags/example_display_name.py
[2026-04-08T13:07:19.150+0530] {logging_mixin.py:190} INFO - [2026-04-08T13:07:19.150+0530] {dag.py:3239} INFO - Sync 1 DAGs
[2026-04-08T13:07:19.154+0530] {logging_mixin.py:190} INFO - [2026-04-08T13:07:19.154+0530] {dag.py:4180} INFO - Setting next_dagrun for example_display_name to None, run_after=None
[2026-04-08T13:07:19.163+0530] {processor.py:208} INFO - Processing /Users/navalyemul/Documents/uptime/airflow_venv/lib/python3.12/site-packages/airflow/example_dags/example_display_name.py took 0.076 seconds
[2026-04-08T13:10:04.864+0530] {processor.py:186} INFO - Started process (PID=32252) to work on /Users/navalyemul/Documents/uptime/airflow_venv/lib/python3.12/site-packages/airflow/example_dags/example_display_name.py
[2026-04-08T13:10:04.865+0530] {processor.py:914} INFO - Processing file /Users/navalyemul/Documents/uptime/airflow_venv/lib/python3.12/site-packages/airflow/example_dags/example_display_name.py for tasks to queue
[2026-04-08T13:10:04.865+0530] {logging_mixin.py:190} INFO - [2026-04-08T13:10:04.865+0530] {dagbag.py:588} INFO - Filling up the DagBag from /Users/navalyemul/Documents/uptime/airflow_venv/lib/python3.12/site-packages/airflow/example_dags/example_display_name.py
[2026-04-08T13:10:04.886+0530] {processor.py:925} INFO - DAG(s) 'example_display_name' retrieved from /Users/navalyemul/Documents/uptime/airflow_venv/lib/python3.12/site-packages/airflow/example_dags/example_display_name.py
[2026-04-08T13:10:04.928+0530] {logging_mixin.py:190} INFO - [2026-04-08T13:10:04.928+0530] {dag.py:3239} INFO - Sync 1 DAGs
[2026-04-08T13:10:04.932+0530] {logging_mixin.py:190} INFO - [2026-04-08T13:10:04.932+0530] {dag.py:4180} INFO - Setting next_dagrun for example_display_name to None, run_after=None
[2026-04-08T13:10:04.941+0530] {processor.py:208} INFO - Processing /Users/navalyemul/Documents/uptime/airflow_venv/lib/python3.12/site-packages/airflow/example_dags/example_display_name.py took 0.079 seconds
[2026-04-08T13:12:50.812+0530] {processor.py:186} INFO - Started process (PID=34112) to work on /Users/navalyemul/Documents/uptime/airflow_venv/lib/python3.12/site-packages/airflow/example_dags/example_display_name.py
[2026-04-08T13:12:50.813+0530] {processor.py:914} INFO - Processing file /Users/navalyemul/Documents/uptime/airflow_venv/lib/python3.12/site-packages/airflow/example_dags/example_display_name.py for tasks to queue
[2026-04-08T13:12:50.813+0530] {logging_mixin.py:190} INFO - [2026-04-08T13:12:50.813+0530] {dagbag.py:588} INFO - Filling up the DagBag from /Users/navalyemul/Documents/uptime/airflow_venv/lib/python3.12/site-packages/airflow/example_dags/example_display_name.py
[2026-04-08T13:12:50.832+0530] {processor.py:925} INFO - DAG(s) 'example_display_name' retrieved from /Users/navalyemul/Documents/uptime/airflow_venv/lib/python3.12/site-packages/airflow/example_dags/example_display_name.py
[2026-04-08T13:12:50.874+0530] {logging_mixin.py:190} INFO - [2026-04-08T13:12:50.874+0530] {dag.py:3239} INFO - Sync 1 DAGs
[2026-04-08T13:12:50.879+0530] {logging_mixin.py:190} INFO - [2026-04-08T13:12:50.879+0530] {dag.py:4180} INFO - Setting next_dagrun for example_display_name to None, run_after=None
[2026-04-08T13:12:50.888+0530] {processor.py:208} INFO - Processing /Users/navalyemul/Documents/uptime/airflow_venv/lib/python3.12/site-packages/airflow/example_dags/example_display_name.py took 0.078 seconds
[2026-04-08T13:15:37.495+0530] {processor.py:186} INFO - Started process (PID=35991) to work on /Users/navalyemul/Documents/uptime/airflow_venv/lib/python3.12/site-packages/airflow/example_dags/example_display_name.py
[2026-04-08T13:15:37.496+0530] {processor.py:914} INFO - Processing file /Users/navalyemul/Documents/uptime/airflow_venv/lib/python3.12/site-packages/airflow/example_dags/example_display_name.py for tasks to queue
[2026-04-08T13:15:37.497+0530] {logging_mixin.py:190} INFO - [2026-04-08T13:15:37.497+0530] {dagbag.py:588} INFO - Filling up the DagBag from /Users/navalyemul/Documents/uptime/airflow_venv/lib/python3.12/site-packages/airflow/example_dags/example_display_name.py
[2026-04-08T13:15:37.516+0530] {processor.py:925} INFO - DAG(s) 'example_display_name' retrieved from /Users/navalyemul/Documents/uptime/airflow_venv/lib/python3.12/site-packages/airflow/example_dags/example_display_name.py
[2026-04-08T13:15:37.556+0530] {logging_mixin.py:190} INFO - [2026-04-08T13:15:37.556+0530] {dag.py:3239} INFO - Sync 1 DAGs
[2026-04-08T13:15:37.560+0530] {logging_mixin.py:190} INFO - [2026-04-08T13:15:37.560+0530] {dag.py:4180} INFO - Setting next_dagrun for example_display_name to None, run_after=None
[2026-04-08T13:15:37.568+0530] {processor.py:208} INFO - Processing /Users/navalyemul/Documents/uptime/airflow_venv/lib/python3.12/site-packages/airflow/example_dags/example_display_name.py took 0.074 seconds
[2026-04-08T13:18:24.569+0530] {processor.py:186} INFO - Started process (PID=37874) to work on /Users/navalyemul/Documents/uptime/airflow_venv/lib/python3.12/site-packages/airflow/example_dags/example_display_name.py
[2026-04-08T13:18:24.569+0530] {processor.py:914} INFO - Processing file /Users/navalyemul/Documents/uptime/airflow_venv/lib/python3.12/site-packages/airflow/example_dags/example_display_name.py for tasks to queue
[2026-04-08T13:18:24.570+0530] {logging_mixin.py:190} INFO - [2026-04-08T13:18:24.570+0530] {dagbag.py:588} INFO - Filling up the DagBag from /Users/navalyemul/Documents/uptime/airflow_venv/lib/python3.12/site-packages/airflow/example_dags/example_display_name.py
[2026-04-08T13:18:24.589+0530] {processor.py:925} INFO - DAG(s) 'example_display_name' retrieved from /Users/navalyemul/Documents/uptime/airflow_venv/lib/python3.12/site-packages/airflow/example_dags/example_display_name.py
[2026-04-08T13:18:24.629+0530] {logging_mixin.py:190} INFO - [2026-04-08T13:18:24.629+0530] {dag.py:3239} INFO - Sync 1 DAGs
[2026-04-08T13:18:24.634+0530] {logging_mixin.py:190} INFO - [2026-04-08T13:18:24.634+0530] {dag.py:4180} INFO - Setting next_dagrun for example_display_name to None, run_after=None
[2026-04-08T13:18:24.641+0530] {processor.py:208} INFO - Processing /Users/navalyemul/Documents/uptime/airflow_venv/lib/python3.12/site-packages/airflow/example_dags/example_display_name.py took 0.074 seconds
[2026-04-08T13:29:57.040+0530] {processor.py:186} INFO - Started process (PID=39827) to work on /Users/navalyemul/Documents/uptime/airflow_venv/lib/python3.12/site-packages/airflow/example_dags/example_display_name.py
[2026-04-08T13:29:57.042+0530] {processor.py:914} INFO - Processing file /Users/navalyemul/Documents/uptime/airflow_venv/lib/python3.12/site-packages/airflow/example_dags/example_display_name.py for tasks to queue
[2026-04-08T13:29:57.044+0530] {logging_mixin.py:190} INFO - [2026-04-08T13:29:57.044+0530] {dagbag.py:588} INFO - Filling up the DagBag from /Users/navalyemul/Documents/uptime/airflow_venv/lib/python3.12/site-packages/airflow/example_dags/example_display_name.py
[2026-04-08T13:29:57.121+0530] {processor.py:925} INFO - DAG(s) 'example_display_name' retrieved from /Users/navalyemul/Documents/uptime/airflow_venv/lib/python3.12/site-packages/airflow/example_dags/example_display_name.py
[2026-04-08T13:29:57.272+0530] {logging_mixin.py:190} INFO - [2026-04-08T13:29:57.271+0530] {dag.py:3239} INFO - Sync 1 DAGs
[2026-04-08T13:29:57.290+0530] {logging_mixin.py:190} INFO - [2026-04-08T13:29:57.290+0530] {dag.py:4180} INFO - Setting next_dagrun for example_display_name to None, run_after=None
[2026-04-08T13:29:57.319+0530] {processor.py:208} INFO - Processing /Users/navalyemul/Documents/uptime/airflow_venv/lib/python3.12/site-packages/airflow/example_dags/example_display_name.py took 0.285 seconds
[2026-04-08T13:41:05.256+0530] {processor.py:186} INFO - Started process (PID=41838) to work on /Users/navalyemul/Documents/uptime/airflow_venv/lib/python3.12/site-packages/airflow/example_dags/example_display_name.py
[2026-04-08T13:41:05.257+0530] {processor.py:914} INFO - Processing file /Users/navalyemul/Documents/uptime/airflow_venv/lib/python3.12/site-packages/airflow/example_dags/example_display_name.py for tasks to queue
[2026-04-08T13:41:05.257+0530] {logging_mixin.py:190} INFO - [2026-04-08T13:41:05.257+0530] {dagbag.py:588} INFO - Filling up the DagBag from /Users/navalyemul/Documents/uptime/airflow_venv/lib/python3.12/site-packages/airflow/example_dags/example_display_name.py
[2026-04-08T13:41:05.278+0530] {processor.py:925} INFO - DAG(s) 'example_display_name' retrieved from /Users/navalyemul/Documents/uptime/airflow_venv/lib/python3.12/site-packages/airflow/example_dags/example_display_name.py
[2026-04-08T13:41:05.318+0530] {logging_mixin.py:190} INFO - [2026-04-08T13:41:05.318+0530] {dag.py:3239} INFO - Sync 1 DAGs
[2026-04-08T13:41:05.322+0530] {logging_mixin.py:190} INFO - [2026-04-08T13:41:05.322+0530] {dag.py:4180} INFO - Setting next_dagrun for example_display_name to None, run_after=None
[2026-04-08T13:41:05.330+0530] {processor.py:208} INFO - Processing /Users/navalyemul/Documents/uptime/airflow_venv/lib/python3.12/site-packages/airflow/example_dags/example_display_name.py took 0.076 seconds
[2026-04-08T13:55:31.653+0530] {processor.py:186} INFO - Started process (PID=44081) to work on /Users/navalyemul/Documents/uptime/airflow_venv/lib/python3.12/site-packages/airflow/example_dags/example_display_name.py
[2026-04-08T13:55:31.655+0530] {processor.py:914} INFO - Processing file /Users/navalyemul/Documents/uptime/airflow_venv/lib/python3.12/site-packages/airflow/example_dags/example_display_name.py for tasks to queue
[2026-04-08T13:55:31.656+0530] {logging_mixin.py:190} INFO - [2026-04-08T13:55:31.656+0530] {dagbag.py:588} INFO - Filling up the DagBag from /Users/navalyemul/Documents/uptime/airflow_venv/lib/python3.12/site-packages/airflow/example_dags/example_display_name.py
[2026-04-08T13:55:31.690+0530] {processor.py:925} INFO - DAG(s) 'example_display_name' retrieved from /Users/navalyemul/Documents/uptime/airflow_venv/lib/python3.12/site-packages/airflow/example_dags/example_display_name.py
[2026-04-08T13:55:31.735+0530] {logging_mixin.py:190} INFO - [2026-04-08T13:55:31.735+0530] {dag.py:3239} INFO - Sync 1 DAGs
[2026-04-08T13:55:31.742+0530] {logging_mixin.py:190} INFO - [2026-04-08T13:55:31.742+0530] {dag.py:4180} INFO - Setting next_dagrun for example_display_name to None, run_after=None
[2026-04-08T13:55:31.752+0530] {processor.py:208} INFO - Processing /Users/navalyemul/Documents/uptime/airflow_venv/lib/python3.12/site-packages/airflow/example_dags/example_display_name.py took 0.100 seconds
[2026-04-08T13:58:56.989+0530] {processor.py:186} INFO - Started process (PID=46077) to work on /Users/navalyemul/Documents/uptime/airflow_venv/lib/python3.12/site-packages/airflow/example_dags/example_display_name.py
[2026-04-08T13:58:56.990+0530] {processor.py:914} INFO - Processing file /Users/navalyemul/Documents/uptime/airflow_venv/lib/python3.12/site-packages/airflow/example_dags/example_display_name.py for tasks to queue
[2026-04-08T13:58:56.990+0530] {logging_mixin.py:190} INFO - [2026-04-08T13:58:56.990+0530] {dagbag.py:588} INFO - Filling up the DagBag from /Users/navalyemul/Documents/uptime/airflow_venv/lib/python3.12/site-packages/airflow/example_dags/example_display_name.py
[2026-04-08T13:58:57.012+0530] {processor.py:925} INFO - DAG(s) 'example_display_name' retrieved from /Users/navalyemul/Documents/uptime/airflow_venv/lib/python3.12/site-packages/airflow/example_dags/example_display_name.py
[2026-04-08T13:58:57.055+0530] {logging_mixin.py:190} INFO - [2026-04-08T13:58:57.055+0530] {dag.py:3239} INFO - Sync 1 DAGs
[2026-04-08T13:58:57.060+0530] {logging_mixin.py:190} INFO - [2026-04-08T13:58:57.060+0530] {dag.py:4180} INFO - Setting next_dagrun for example_display_name to None, run_after=None
[2026-04-08T13:58:57.068+0530] {processor.py:208} INFO - Processing /Users/navalyemul/Documents/uptime/airflow_venv/lib/python3.12/site-packages/airflow/example_dags/example_display_name.py took 0.081 seconds
