[2026-04-08T12:44:31.020+0530] {processor.py:186} INFO - Started process (PID=16002) to work on /Users/navalyemul/Documents/uptime/airflow_venv/lib/python3.12/site-packages/airflow/example_dags/example_sensors.py
[2026-04-08T12:44:31.021+0530] {processor.py:914} INFO - Processing file /Users/navalyemul/Documents/uptime/airflow_venv/lib/python3.12/site-packages/airflow/example_dags/example_sensors.py for tasks to queue
[2026-04-08T12:44:31.022+0530] {logging_mixin.py:190} INFO - [2026-04-08T12:44:31.022+0530] {dagbag.py:588} INFO - Filling up the DagBag from /Users/navalyemul/Documents/uptime/airflow_venv/lib/python3.12/site-packages/airflow/example_dags/example_sensors.py
[2026-04-08T12:44:31.034+0530] {processor.py:925} INFO - DAG(s) 'example_sensors' retrieved from /Users/navalyemul/Documents/uptime/airflow_venv/lib/python3.12/site-packages/airflow/example_dags/example_sensors.py
[2026-04-08T12:44:31.103+0530] {logging_mixin.py:190} INFO - [2026-04-08T12:44:31.103+0530] {workday.py:41} WARNING - Could not import pandas. Holidays will not be considered.
[2026-04-08T12:44:31.202+0530] {logging_mixin.py:190} INFO - [2026-04-08T12:44:31.202+0530] {override.py:1912} INFO - Created Permission View: can edit on DAG:example_sensors
[2026-04-08T12:44:31.210+0530] {logging_mixin.py:190} INFO - [2026-04-08T12:44:31.210+0530] {override.py:1912} INFO - Created Permission View: can read on DAG:example_sensors
[2026-04-08T12:44:31.214+0530] {logging_mixin.py:190} INFO - [2026-04-08T12:44:31.214+0530] {override.py:1912} INFO - Created Permission View: can delete on DAG:example_sensors
[2026-04-08T12:44:31.226+0530] {logging_mixin.py:190} INFO - [2026-04-08T12:44:31.225+0530] {override.py:1912} INFO - Created Permission View: menu access on DAG Run:example_sensors
[2026-04-08T12:44:31.231+0530] {logging_mixin.py:190} INFO - [2026-04-08T12:44:31.231+0530] {override.py:1912} INFO - Created Permission View: can delete on DAG Run:example_sensors
[2026-04-08T12:44:31.235+0530] {logging_mixin.py:190} INFO - [2026-04-08T12:44:31.235+0530] {override.py:1912} INFO - Created Permission View: can read on DAG Run:example_sensors
[2026-04-08T12:44:31.242+0530] {logging_mixin.py:190} INFO - [2026-04-08T12:44:31.242+0530] {override.py:1912} INFO - Created Permission View: can create on DAG Run:example_sensors
[2026-04-08T12:44:31.242+0530] {logging_mixin.py:190} INFO - [2026-04-08T12:44:31.242+0530] {dag.py:3239} INFO - Sync 1 DAGs
[2026-04-08T12:44:31.249+0530] {logging_mixin.py:190} INFO - [2026-04-08T12:44:31.249+0530] {dag.py:3262} INFO - Creating ORM DAG for example_sensors
[2026-04-08T12:44:31.250+0530] {logging_mixin.py:190} INFO - [2026-04-08T12:44:31.250+0530] {dag.py:4180} INFO - Setting next_dagrun for example_sensors to None, run_after=None
[2026-04-08T12:44:31.271+0530] {processor.py:208} INFO - Processing /Users/navalyemul/Documents/uptime/airflow_venv/lib/python3.12/site-packages/airflow/example_dags/example_sensors.py took 0.253 seconds
[2026-04-08T12:47:05.540+0530] {processor.py:186} INFO - Started process (PID=17543) to work on /Users/navalyemul/Documents/uptime/airflow_venv/lib/python3.12/site-packages/airflow/example_dags/example_sensors.py
[2026-04-08T12:47:05.541+0530] {processor.py:914} INFO - Processing file /Users/navalyemul/Documents/uptime/airflow_venv/lib/python3.12/site-packages/airflow/example_dags/example_sensors.py for tasks to queue
[2026-04-08T12:47:05.541+0530] {logging_mixin.py:190} INFO - [2026-04-08T12:47:05.541+0530] {dagbag.py:588} INFO - Filling up the DagBag from /Users/navalyemul/Documents/uptime/airflow_venv/lib/python3.12/site-packages/airflow/example_dags/example_sensors.py
[2026-04-08T12:47:05.549+0530] {processor.py:925} INFO - DAG(s) 'example_sensors' retrieved from /Users/navalyemul/Documents/uptime/airflow_venv/lib/python3.12/site-packages/airflow/example_dags/example_sensors.py
[2026-04-08T12:47:05.588+0530] {logging_mixin.py:190} INFO - [2026-04-08T12:47:05.588+0530] {workday.py:41} WARNING - Could not import pandas. Holidays will not be considered.
[2026-04-08T12:47:05.601+0530] {logging_mixin.py:190} INFO - [2026-04-08T12:47:05.601+0530] {dag.py:3239} INFO - Sync 1 DAGs
[2026-04-08T12:47:05.607+0530] {logging_mixin.py:190} INFO - [2026-04-08T12:47:05.607+0530] {dag.py:4180} INFO - Setting next_dagrun for example_sensors to None, run_after=None
[2026-04-08T12:47:05.618+0530] {processor.py:208} INFO - Processing /Users/navalyemul/Documents/uptime/airflow_venv/lib/python3.12/site-packages/airflow/example_dags/example_sensors.py took 0.080 seconds
[2026-04-08T12:49:00.476+0530] {processor.py:186} INFO - Started process (PID=18863) to work on /Users/navalyemul/Documents/uptime/airflow_venv/lib/python3.12/site-packages/airflow/example_dags/example_sensors.py
[2026-04-08T12:49:00.477+0530] {processor.py:914} INFO - Processing file /Users/navalyemul/Documents/uptime/airflow_venv/lib/python3.12/site-packages/airflow/example_dags/example_sensors.py for tasks to queue
[2026-04-08T12:49:00.477+0530] {logging_mixin.py:190} INFO - [2026-04-08T12:49:00.477+0530] {dagbag.py:588} INFO - Filling up the DagBag from /Users/navalyemul/Documents/uptime/airflow_venv/lib/python3.12/site-packages/airflow/example_dags/example_sensors.py
[2026-04-08T12:49:00.489+0530] {processor.py:925} INFO - DAG(s) 'example_sensors' retrieved from /Users/navalyemul/Documents/uptime/airflow_venv/lib/python3.12/site-packages/airflow/example_dags/example_sensors.py
[2026-04-08T12:49:00.529+0530] {logging_mixin.py:190} INFO - [2026-04-08T12:49:00.529+0530] {workday.py:41} WARNING - Could not import pandas. Holidays will not be considered.
[2026-04-08T12:49:00.542+0530] {logging_mixin.py:190} INFO - [2026-04-08T12:49:00.542+0530] {dag.py:3239} INFO - Sync 1 DAGs
[2026-04-08T12:49:00.547+0530] {logging_mixin.py:190} INFO - [2026-04-08T12:49:00.547+0530] {dag.py:4180} INFO - Setting next_dagrun for example_sensors to None, run_after=None
[2026-04-08T12:49:00.555+0530] {processor.py:208} INFO - Processing /Users/navalyemul/Documents/uptime/airflow_venv/lib/python3.12/site-packages/airflow/example_dags/example_sensors.py took 0.081 seconds
[2026-04-08T12:50:23.759+0530] {processor.py:186} INFO - Started process (PID=19822) to work on /Users/navalyemul/Documents/uptime/airflow_venv/lib/python3.12/site-packages/airflow/example_dags/example_sensors.py
[2026-04-08T12:50:23.760+0530] {processor.py:914} INFO - Processing file /Users/navalyemul/Documents/uptime/airflow_venv/lib/python3.12/site-packages/airflow/example_dags/example_sensors.py for tasks to queue
[2026-04-08T12:50:23.760+0530] {logging_mixin.py:190} INFO - [2026-04-08T12:50:23.760+0530] {dagbag.py:588} INFO - Filling up the DagBag from /Users/navalyemul/Documents/uptime/airflow_venv/lib/python3.12/site-packages/airflow/example_dags/example_sensors.py
[2026-04-08T12:50:23.769+0530] {processor.py:925} INFO - DAG(s) 'example_sensors' retrieved from /Users/navalyemul/Documents/uptime/airflow_venv/lib/python3.12/site-packages/airflow/example_dags/example_sensors.py
[2026-04-08T12:50:23.807+0530] {logging_mixin.py:190} INFO - [2026-04-08T12:50:23.806+0530] {workday.py:41} WARNING - Could not import pandas. Holidays will not be considered.
[2026-04-08T12:50:23.819+0530] {logging_mixin.py:190} INFO - [2026-04-08T12:50:23.819+0530] {dag.py:3239} INFO - Sync 1 DAGs
[2026-04-08T12:50:23.824+0530] {logging_mixin.py:190} INFO - [2026-04-08T12:50:23.824+0530] {dag.py:4180} INFO - Setting next_dagrun for example_sensors to None, run_after=None
[2026-04-08T12:50:23.833+0530] {processor.py:208} INFO - Processing /Users/navalyemul/Documents/uptime/airflow_venv/lib/python3.12/site-packages/airflow/example_dags/example_sensors.py took 0.075 seconds
[2026-04-08T12:51:57.410+0530] {processor.py:186} INFO - Started process (PID=20744) to work on /Users/navalyemul/Documents/uptime/airflow_venv/lib/python3.12/site-packages/airflow/example_dags/example_sensors.py
[2026-04-08T12:51:57.412+0530] {processor.py:914} INFO - Processing file /Users/navalyemul/Documents/uptime/airflow_venv/lib/python3.12/site-packages/airflow/example_dags/example_sensors.py for tasks to queue
[2026-04-08T12:51:57.413+0530] {logging_mixin.py:190} INFO - [2026-04-08T12:51:57.413+0530] {dagbag.py:588} INFO - Filling up the DagBag from /Users/navalyemul/Documents/uptime/airflow_venv/lib/python3.12/site-packages/airflow/example_dags/example_sensors.py
[2026-04-08T12:51:57.424+0530] {processor.py:925} INFO - DAG(s) 'example_sensors' retrieved from /Users/navalyemul/Documents/uptime/airflow_venv/lib/python3.12/site-packages/airflow/example_dags/example_sensors.py
[2026-04-08T12:51:57.469+0530] {logging_mixin.py:190} INFO - [2026-04-08T12:51:57.469+0530] {workday.py:41} WARNING - Could not import pandas. Holidays will not be considered.
[2026-04-08T12:51:57.482+0530] {logging_mixin.py:190} INFO - [2026-04-08T12:51:57.482+0530] {dag.py:3239} INFO - Sync 1 DAGs
[2026-04-08T12:51:57.488+0530] {logging_mixin.py:190} INFO - [2026-04-08T12:51:57.488+0530] {dag.py:4180} INFO - Setting next_dagrun for example_sensors to None, run_after=None
[2026-04-08T12:51:57.498+0530] {processor.py:208} INFO - Processing /Users/navalyemul/Documents/uptime/airflow_venv/lib/python3.12/site-packages/airflow/example_dags/example_sensors.py took 0.090 seconds
[2026-04-08T12:53:47.445+0530] {processor.py:186} INFO - Started process (PID=21692) to work on /Users/navalyemul/Documents/uptime/airflow_venv/lib/python3.12/site-packages/airflow/example_dags/example_sensors.py
[2026-04-08T12:53:47.446+0530] {processor.py:914} INFO - Processing file /Users/navalyemul/Documents/uptime/airflow_venv/lib/python3.12/site-packages/airflow/example_dags/example_sensors.py for tasks to queue
[2026-04-08T12:53:47.447+0530] {logging_mixin.py:190} INFO - [2026-04-08T12:53:47.447+0530] {dagbag.py:588} INFO - Filling up the DagBag from /Users/navalyemul/Documents/uptime/airflow_venv/lib/python3.12/site-packages/airflow/example_dags/example_sensors.py
[2026-04-08T12:53:47.458+0530] {processor.py:925} INFO - DAG(s) 'example_sensors' retrieved from /Users/navalyemul/Documents/uptime/airflow_venv/lib/python3.12/site-packages/airflow/example_dags/example_sensors.py
[2026-04-08T12:53:47.511+0530] {logging_mixin.py:190} INFO - [2026-04-08T12:53:47.511+0530] {workday.py:41} WARNING - Could not import pandas. Holidays will not be considered.
[2026-04-08T12:53:47.525+0530] {logging_mixin.py:190} INFO - [2026-04-08T12:53:47.525+0530] {dag.py:3239} INFO - Sync 1 DAGs
[2026-04-08T12:53:47.534+0530] {logging_mixin.py:190} INFO - [2026-04-08T12:53:47.534+0530] {dag.py:4180} INFO - Setting next_dagrun for example_sensors to None, run_after=None
[2026-04-08T12:53:47.545+0530] {processor.py:208} INFO - Processing /Users/navalyemul/Documents/uptime/airflow_venv/lib/python3.12/site-packages/airflow/example_dags/example_sensors.py took 0.104 seconds
[2026-04-08T12:55:32.967+0530] {processor.py:186} INFO - Started process (PID=22575) to work on /Users/navalyemul/Documents/uptime/airflow_venv/lib/python3.12/site-packages/airflow/example_dags/example_sensors.py
[2026-04-08T12:55:32.967+0530] {processor.py:914} INFO - Processing file /Users/navalyemul/Documents/uptime/airflow_venv/lib/python3.12/site-packages/airflow/example_dags/example_sensors.py for tasks to queue
[2026-04-08T12:55:32.968+0530] {logging_mixin.py:190} INFO - [2026-04-08T12:55:32.968+0530] {dagbag.py:588} INFO - Filling up the DagBag from /Users/navalyemul/Documents/uptime/airflow_venv/lib/python3.12/site-packages/airflow/example_dags/example_sensors.py
[2026-04-08T12:55:32.976+0530] {processor.py:925} INFO - DAG(s) 'example_sensors' retrieved from /Users/navalyemul/Documents/uptime/airflow_venv/lib/python3.12/site-packages/airflow/example_dags/example_sensors.py
[2026-04-08T12:55:33.013+0530] {logging_mixin.py:190} INFO - [2026-04-08T12:55:33.013+0530] {workday.py:41} WARNING - Could not import pandas. Holidays will not be considered.
[2026-04-08T12:55:33.025+0530] {logging_mixin.py:190} INFO - [2026-04-08T12:55:33.025+0530] {dag.py:3239} INFO - Sync 1 DAGs
[2026-04-08T12:55:33.031+0530] {logging_mixin.py:190} INFO - [2026-04-08T12:55:33.030+0530] {dag.py:4180} INFO - Setting next_dagrun for example_sensors to None, run_after=None
[2026-04-08T12:55:33.038+0530] {processor.py:208} INFO - Processing /Users/navalyemul/Documents/uptime/airflow_venv/lib/python3.12/site-packages/airflow/example_dags/example_sensors.py took 0.073 seconds
[2026-04-08T12:57:05.911+0530] {processor.py:186} INFO - Started process (PID=23560) to work on /Users/navalyemul/Documents/uptime/airflow_venv/lib/python3.12/site-packages/airflow/example_dags/example_sensors.py
[2026-04-08T12:57:05.912+0530] {processor.py:914} INFO - Processing file /Users/navalyemul/Documents/uptime/airflow_venv/lib/python3.12/site-packages/airflow/example_dags/example_sensors.py for tasks to queue
[2026-04-08T12:57:05.912+0530] {logging_mixin.py:190} INFO - [2026-04-08T12:57:05.912+0530] {dagbag.py:588} INFO - Filling up the DagBag from /Users/navalyemul/Documents/uptime/airflow_venv/lib/python3.12/site-packages/airflow/example_dags/example_sensors.py
[2026-04-08T12:57:05.921+0530] {processor.py:925} INFO - DAG(s) 'example_sensors' retrieved from /Users/navalyemul/Documents/uptime/airflow_venv/lib/python3.12/site-packages/airflow/example_dags/example_sensors.py
[2026-04-08T12:57:05.959+0530] {logging_mixin.py:190} INFO - [2026-04-08T12:57:05.959+0530] {workday.py:41} WARNING - Could not import pandas. Holidays will not be considered.
[2026-04-08T12:57:05.972+0530] {logging_mixin.py:190} INFO - [2026-04-08T12:57:05.972+0530] {dag.py:3239} INFO - Sync 1 DAGs
[2026-04-08T12:57:05.977+0530] {logging_mixin.py:190} INFO - [2026-04-08T12:57:05.977+0530] {dag.py:4180} INFO - Setting next_dagrun for example_sensors to None, run_after=None
[2026-04-08T12:57:05.985+0530] {processor.py:208} INFO - Processing /Users/navalyemul/Documents/uptime/airflow_venv/lib/python3.12/site-packages/airflow/example_dags/example_sensors.py took 0.075 seconds
[2026-04-08T12:58:33.951+0530] {processor.py:186} INFO - Started process (PID=24477) to work on /Users/navalyemul/Documents/uptime/airflow_venv/lib/python3.12/site-packages/airflow/example_dags/example_sensors.py
[2026-04-08T12:58:33.952+0530] {processor.py:914} INFO - Processing file /Users/navalyemul/Documents/uptime/airflow_venv/lib/python3.12/site-packages/airflow/example_dags/example_sensors.py for tasks to queue
[2026-04-08T12:58:33.952+0530] {logging_mixin.py:190} INFO - [2026-04-08T12:58:33.952+0530] {dagbag.py:588} INFO - Filling up the DagBag from /Users/navalyemul/Documents/uptime/airflow_venv/lib/python3.12/site-packages/airflow/example_dags/example_sensors.py
[2026-04-08T12:58:33.960+0530] {processor.py:925} INFO - DAG(s) 'example_sensors' retrieved from /Users/navalyemul/Documents/uptime/airflow_venv/lib/python3.12/site-packages/airflow/example_dags/example_sensors.py
[2026-04-08T12:58:33.997+0530] {logging_mixin.py:190} INFO - [2026-04-08T12:58:33.997+0530] {workday.py:41} WARNING - Could not import pandas. Holidays will not be considered.
[2026-04-08T12:58:34.010+0530] {logging_mixin.py:190} INFO - [2026-04-08T12:58:34.010+0530] {dag.py:3239} INFO - Sync 1 DAGs
[2026-04-08T12:58:34.015+0530] {logging_mixin.py:190} INFO - [2026-04-08T12:58:34.015+0530] {dag.py:4180} INFO - Setting next_dagrun for example_sensors to None, run_after=None
[2026-04-08T12:58:34.023+0530] {processor.py:208} INFO - Processing /Users/navalyemul/Documents/uptime/airflow_venv/lib/python3.12/site-packages/airflow/example_dags/example_sensors.py took 0.074 seconds
[2026-04-08T12:59:58.462+0530] {processor.py:186} INFO - Started process (PID=25414) to work on /Users/navalyemul/Documents/uptime/airflow_venv/lib/python3.12/site-packages/airflow/example_dags/example_sensors.py
[2026-04-08T12:59:58.462+0530] {processor.py:914} INFO - Processing file /Users/navalyemul/Documents/uptime/airflow_venv/lib/python3.12/site-packages/airflow/example_dags/example_sensors.py for tasks to queue
[2026-04-08T12:59:58.463+0530] {logging_mixin.py:190} INFO - [2026-04-08T12:59:58.463+0530] {dagbag.py:588} INFO - Filling up the DagBag from /Users/navalyemul/Documents/uptime/airflow_venv/lib/python3.12/site-packages/airflow/example_dags/example_sensors.py
[2026-04-08T12:59:58.472+0530] {processor.py:925} INFO - DAG(s) 'example_sensors' retrieved from /Users/navalyemul/Documents/uptime/airflow_venv/lib/python3.12/site-packages/airflow/example_dags/example_sensors.py
[2026-04-08T12:59:58.512+0530] {logging_mixin.py:190} INFO - [2026-04-08T12:59:58.511+0530] {workday.py:41} WARNING - Could not import pandas. Holidays will not be considered.
[2026-04-08T12:59:58.525+0530] {logging_mixin.py:190} INFO - [2026-04-08T12:59:58.525+0530] {dag.py:3239} INFO - Sync 1 DAGs
[2026-04-08T12:59:58.530+0530] {logging_mixin.py:190} INFO - [2026-04-08T12:59:58.530+0530] {dag.py:4180} INFO - Setting next_dagrun for example_sensors to None, run_after=None
[2026-04-08T12:59:58.538+0530] {processor.py:208} INFO - Processing /Users/navalyemul/Documents/uptime/airflow_venv/lib/python3.12/site-packages/airflow/example_dags/example_sensors.py took 0.078 seconds
[2026-04-08T13:02:39.495+0530] {processor.py:186} INFO - Started process (PID=27267) to work on /Users/navalyemul/Documents/uptime/airflow_venv/lib/python3.12/site-packages/airflow/example_dags/example_sensors.py
[2026-04-08T13:02:39.495+0530] {processor.py:914} INFO - Processing file /Users/navalyemul/Documents/uptime/airflow_venv/lib/python3.12/site-packages/airflow/example_dags/example_sensors.py for tasks to queue
[2026-04-08T13:02:39.496+0530] {logging_mixin.py:190} INFO - [2026-04-08T13:02:39.496+0530] {dagbag.py:588} INFO - Filling up the DagBag from /Users/navalyemul/Documents/uptime/airflow_venv/lib/python3.12/site-packages/airflow/example_dags/example_sensors.py
[2026-04-08T13:02:39.504+0530] {processor.py:925} INFO - DAG(s) 'example_sensors' retrieved from /Users/navalyemul/Documents/uptime/airflow_venv/lib/python3.12/site-packages/airflow/example_dags/example_sensors.py
[2026-04-08T13:02:39.541+0530] {logging_mixin.py:190} INFO - [2026-04-08T13:02:39.541+0530] {workday.py:41} WARNING - Could not import pandas. Holidays will not be considered.
[2026-04-08T13:02:39.554+0530] {logging_mixin.py:190} INFO - [2026-04-08T13:02:39.554+0530] {dag.py:3239} INFO - Sync 1 DAGs
[2026-04-08T13:02:39.559+0530] {logging_mixin.py:190} INFO - [2026-04-08T13:02:39.558+0530] {dag.py:4180} INFO - Setting next_dagrun for example_sensors to None, run_after=None
[2026-04-08T13:02:39.566+0530] {processor.py:208} INFO - Processing /Users/navalyemul/Documents/uptime/airflow_venv/lib/python3.12/site-packages/airflow/example_dags/example_sensors.py took 0.073 seconds
[2026-04-08T13:05:28.193+0530] {processor.py:186} INFO - Started process (PID=29218) to work on /Users/navalyemul/Documents/uptime/airflow_venv/lib/python3.12/site-packages/airflow/example_dags/example_sensors.py
[2026-04-08T13:05:28.193+0530] {processor.py:914} INFO - Processing file /Users/navalyemul/Documents/uptime/airflow_venv/lib/python3.12/site-packages/airflow/example_dags/example_sensors.py for tasks to queue
[2026-04-08T13:05:28.194+0530] {logging_mixin.py:190} INFO - [2026-04-08T13:05:28.194+0530] {dagbag.py:588} INFO - Filling up the DagBag from /Users/navalyemul/Documents/uptime/airflow_venv/lib/python3.12/site-packages/airflow/example_dags/example_sensors.py
[2026-04-08T13:05:28.202+0530] {processor.py:925} INFO - DAG(s) 'example_sensors' retrieved from /Users/navalyemul/Documents/uptime/airflow_venv/lib/python3.12/site-packages/airflow/example_dags/example_sensors.py
[2026-04-08T13:05:28.240+0530] {logging_mixin.py:190} INFO - [2026-04-08T13:05:28.240+0530] {workday.py:41} WARNING - Could not import pandas. Holidays will not be considered.
[2026-04-08T13:05:28.253+0530] {logging_mixin.py:190} INFO - [2026-04-08T13:05:28.253+0530] {dag.py:3239} INFO - Sync 1 DAGs
[2026-04-08T13:05:28.258+0530] {logging_mixin.py:190} INFO - [2026-04-08T13:05:28.258+0530] {dag.py:4180} INFO - Setting next_dagrun for example_sensors to None, run_after=None
[2026-04-08T13:05:28.266+0530] {processor.py:208} INFO - Processing /Users/navalyemul/Documents/uptime/airflow_venv/lib/python3.12/site-packages/airflow/example_dags/example_sensors.py took 0.076 seconds
[2026-04-08T13:06:50.868+0530] {processor.py:186} INFO - Started process (PID=30119) to work on /Users/navalyemul/Documents/uptime/airflow_venv/lib/python3.12/site-packages/airflow/example_dags/example_sensors.py
[2026-04-08T13:06:50.869+0530] {processor.py:914} INFO - Processing file /Users/navalyemul/Documents/uptime/airflow_venv/lib/python3.12/site-packages/airflow/example_dags/example_sensors.py for tasks to queue
[2026-04-08T13:06:50.870+0530] {logging_mixin.py:190} INFO - [2026-04-08T13:06:50.869+0530] {dagbag.py:588} INFO - Filling up the DagBag from /Users/navalyemul/Documents/uptime/airflow_venv/lib/python3.12/site-packages/airflow/example_dags/example_sensors.py
[2026-04-08T13:06:50.878+0530] {processor.py:925} INFO - DAG(s) 'example_sensors' retrieved from /Users/navalyemul/Documents/uptime/airflow_venv/lib/python3.12/site-packages/airflow/example_dags/example_sensors.py
[2026-04-08T13:06:50.915+0530] {logging_mixin.py:190} INFO - [2026-04-08T13:06:50.915+0530] {workday.py:41} WARNING - Could not import pandas. Holidays will not be considered.
[2026-04-08T13:06:50.930+0530] {logging_mixin.py:190} INFO - [2026-04-08T13:06:50.930+0530] {dag.py:3239} INFO - Sync 1 DAGs
[2026-04-08T13:06:50.936+0530] {logging_mixin.py:190} INFO - [2026-04-08T13:06:50.936+0530] {dag.py:4180} INFO - Setting next_dagrun for example_sensors to None, run_after=None
[2026-04-08T13:06:50.945+0530] {processor.py:208} INFO - Processing /Users/navalyemul/Documents/uptime/airflow_venv/lib/python3.12/site-packages/airflow/example_dags/example_sensors.py took 0.079 seconds
[2026-04-08T13:08:15.310+0530] {processor.py:186} INFO - Started process (PID=31032) to work on /Users/navalyemul/Documents/uptime/airflow_venv/lib/python3.12/site-packages/airflow/example_dags/example_sensors.py
[2026-04-08T13:08:15.311+0530] {processor.py:914} INFO - Processing file /Users/navalyemul/Documents/uptime/airflow_venv/lib/python3.12/site-packages/airflow/example_dags/example_sensors.py for tasks to queue
[2026-04-08T13:08:15.311+0530] {logging_mixin.py:190} INFO - [2026-04-08T13:08:15.311+0530] {dagbag.py:588} INFO - Filling up the DagBag from /Users/navalyemul/Documents/uptime/airflow_venv/lib/python3.12/site-packages/airflow/example_dags/example_sensors.py
[2026-04-08T13:08:15.319+0530] {processor.py:925} INFO - DAG(s) 'example_sensors' retrieved from /Users/navalyemul/Documents/uptime/airflow_venv/lib/python3.12/site-packages/airflow/example_dags/example_sensors.py
[2026-04-08T13:08:15.358+0530] {logging_mixin.py:190} INFO - [2026-04-08T13:08:15.358+0530] {workday.py:41} WARNING - Could not import pandas. Holidays will not be considered.
[2026-04-08T13:08:15.372+0530] {logging_mixin.py:190} INFO - [2026-04-08T13:08:15.371+0530] {dag.py:3239} INFO - Sync 1 DAGs
[2026-04-08T13:08:15.377+0530] {logging_mixin.py:190} INFO - [2026-04-08T13:08:15.377+0530] {dag.py:4180} INFO - Setting next_dagrun for example_sensors to None, run_after=None
[2026-04-08T13:08:15.386+0530] {processor.py:208} INFO - Processing /Users/navalyemul/Documents/uptime/airflow_venv/lib/python3.12/site-packages/airflow/example_dags/example_sensors.py took 0.077 seconds
[2026-04-08T13:09:37.111+0530] {processor.py:186} INFO - Started process (PID=31925) to work on /Users/navalyemul/Documents/uptime/airflow_venv/lib/python3.12/site-packages/airflow/example_dags/example_sensors.py
[2026-04-08T13:09:37.112+0530] {processor.py:914} INFO - Processing file /Users/navalyemul/Documents/uptime/airflow_venv/lib/python3.12/site-packages/airflow/example_dags/example_sensors.py for tasks to queue
[2026-04-08T13:09:37.112+0530] {logging_mixin.py:190} INFO - [2026-04-08T13:09:37.112+0530] {dagbag.py:588} INFO - Filling up the DagBag from /Users/navalyemul/Documents/uptime/airflow_venv/lib/python3.12/site-packages/airflow/example_dags/example_sensors.py
[2026-04-08T13:09:37.120+0530] {processor.py:925} INFO - DAG(s) 'example_sensors' retrieved from /Users/navalyemul/Documents/uptime/airflow_venv/lib/python3.12/site-packages/airflow/example_dags/example_sensors.py
[2026-04-08T13:09:37.158+0530] {logging_mixin.py:190} INFO - [2026-04-08T13:09:37.158+0530] {workday.py:41} WARNING - Could not import pandas. Holidays will not be considered.
[2026-04-08T13:09:37.171+0530] {logging_mixin.py:190} INFO - [2026-04-08T13:09:37.171+0530] {dag.py:3239} INFO - Sync 1 DAGs
[2026-04-08T13:09:37.177+0530] {logging_mixin.py:190} INFO - [2026-04-08T13:09:37.177+0530] {dag.py:4180} INFO - Setting next_dagrun for example_sensors to None, run_after=None
[2026-04-08T13:09:37.186+0530] {processor.py:208} INFO - Processing /Users/navalyemul/Documents/uptime/airflow_venv/lib/python3.12/site-packages/airflow/example_dags/example_sensors.py took 0.077 seconds
[2026-04-08T13:10:58.469+0530] {processor.py:186} INFO - Started process (PID=32886) to work on /Users/navalyemul/Documents/uptime/airflow_venv/lib/python3.12/site-packages/airflow/example_dags/example_sensors.py
[2026-04-08T13:10:58.470+0530] {processor.py:914} INFO - Processing file /Users/navalyemul/Documents/uptime/airflow_venv/lib/python3.12/site-packages/airflow/example_dags/example_sensors.py for tasks to queue
[2026-04-08T13:10:58.471+0530] {logging_mixin.py:190} INFO - [2026-04-08T13:10:58.471+0530] {dagbag.py:588} INFO - Filling up the DagBag from /Users/navalyemul/Documents/uptime/airflow_venv/lib/python3.12/site-packages/airflow/example_dags/example_sensors.py
[2026-04-08T13:10:58.480+0530] {processor.py:925} INFO - DAG(s) 'example_sensors' retrieved from /Users/navalyemul/Documents/uptime/airflow_venv/lib/python3.12/site-packages/airflow/example_dags/example_sensors.py
[2026-04-08T13:10:58.519+0530] {logging_mixin.py:190} INFO - [2026-04-08T13:10:58.519+0530] {workday.py:41} WARNING - Could not import pandas. Holidays will not be considered.
[2026-04-08T13:10:58.533+0530] {logging_mixin.py:190} INFO - [2026-04-08T13:10:58.532+0530] {dag.py:3239} INFO - Sync 1 DAGs
[2026-04-08T13:10:58.538+0530] {logging_mixin.py:190} INFO - [2026-04-08T13:10:58.538+0530] {dag.py:4180} INFO - Setting next_dagrun for example_sensors to None, run_after=None
[2026-04-08T13:10:58.546+0530] {processor.py:208} INFO - Processing /Users/navalyemul/Documents/uptime/airflow_venv/lib/python3.12/site-packages/airflow/example_dags/example_sensors.py took 0.078 seconds
[2026-04-08T13:12:22.341+0530] {processor.py:186} INFO - Started process (PID=33798) to work on /Users/navalyemul/Documents/uptime/airflow_venv/lib/python3.12/site-packages/airflow/example_dags/example_sensors.py
[2026-04-08T13:12:22.342+0530] {processor.py:914} INFO - Processing file /Users/navalyemul/Documents/uptime/airflow_venv/lib/python3.12/site-packages/airflow/example_dags/example_sensors.py for tasks to queue
[2026-04-08T13:12:22.342+0530] {logging_mixin.py:190} INFO - [2026-04-08T13:12:22.342+0530] {dagbag.py:588} INFO - Filling up the DagBag from /Users/navalyemul/Documents/uptime/airflow_venv/lib/python3.12/site-packages/airflow/example_dags/example_sensors.py
[2026-04-08T13:12:22.352+0530] {processor.py:925} INFO - DAG(s) 'example_sensors' retrieved from /Users/navalyemul/Documents/uptime/airflow_venv/lib/python3.12/site-packages/airflow/example_dags/example_sensors.py
[2026-04-08T13:12:22.392+0530] {logging_mixin.py:190} INFO - [2026-04-08T13:12:22.392+0530] {workday.py:41} WARNING - Could not import pandas. Holidays will not be considered.
[2026-04-08T13:12:22.405+0530] {logging_mixin.py:190} INFO - [2026-04-08T13:12:22.405+0530] {dag.py:3239} INFO - Sync 1 DAGs
[2026-04-08T13:12:22.411+0530] {logging_mixin.py:190} INFO - [2026-04-08T13:12:22.411+0530] {dag.py:4180} INFO - Setting next_dagrun for example_sensors to None, run_after=None
[2026-04-08T13:12:22.420+0530] {processor.py:208} INFO - Processing /Users/navalyemul/Documents/uptime/airflow_venv/lib/python3.12/site-packages/airflow/example_dags/example_sensors.py took 0.081 seconds
[2026-04-08T13:13:45.780+0530] {processor.py:186} INFO - Started process (PID=34726) to work on /Users/navalyemul/Documents/uptime/airflow_venv/lib/python3.12/site-packages/airflow/example_dags/example_sensors.py
[2026-04-08T13:13:45.780+0530] {processor.py:914} INFO - Processing file /Users/navalyemul/Documents/uptime/airflow_venv/lib/python3.12/site-packages/airflow/example_dags/example_sensors.py for tasks to queue
[2026-04-08T13:13:45.781+0530] {logging_mixin.py:190} INFO - [2026-04-08T13:13:45.781+0530] {dagbag.py:588} INFO - Filling up the DagBag from /Users/navalyemul/Documents/uptime/airflow_venv/lib/python3.12/site-packages/airflow/example_dags/example_sensors.py
[2026-04-08T13:13:45.789+0530] {processor.py:925} INFO - DAG(s) 'example_sensors' retrieved from /Users/navalyemul/Documents/uptime/airflow_venv/lib/python3.12/site-packages/airflow/example_dags/example_sensors.py
[2026-04-08T13:13:45.826+0530] {logging_mixin.py:190} INFO - [2026-04-08T13:13:45.826+0530] {workday.py:41} WARNING - Could not import pandas. Holidays will not be considered.
[2026-04-08T13:13:45.839+0530] {logging_mixin.py:190} INFO - [2026-04-08T13:13:45.839+0530] {dag.py:3239} INFO - Sync 1 DAGs
[2026-04-08T13:13:45.844+0530] {logging_mixin.py:190} INFO - [2026-04-08T13:13:45.844+0530] {dag.py:4180} INFO - Setting next_dagrun for example_sensors to None, run_after=None
[2026-04-08T13:13:45.852+0530] {processor.py:208} INFO - Processing /Users/navalyemul/Documents/uptime/airflow_venv/lib/python3.12/site-packages/airflow/example_dags/example_sensors.py took 0.074 seconds
[2026-04-08T13:15:09.155+0530] {processor.py:186} INFO - Started process (PID=35670) to work on /Users/navalyemul/Documents/uptime/airflow_venv/lib/python3.12/site-packages/airflow/example_dags/example_sensors.py
[2026-04-08T13:15:09.156+0530] {processor.py:914} INFO - Processing file /Users/navalyemul/Documents/uptime/airflow_venv/lib/python3.12/site-packages/airflow/example_dags/example_sensors.py for tasks to queue
[2026-04-08T13:15:09.157+0530] {logging_mixin.py:190} INFO - [2026-04-08T13:15:09.156+0530] {dagbag.py:588} INFO - Filling up the DagBag from /Users/navalyemul/Documents/uptime/airflow_venv/lib/python3.12/site-packages/airflow/example_dags/example_sensors.py
[2026-04-08T13:15:09.165+0530] {processor.py:925} INFO - DAG(s) 'example_sensors' retrieved from /Users/navalyemul/Documents/uptime/airflow_venv/lib/python3.12/site-packages/airflow/example_dags/example_sensors.py
[2026-04-08T13:15:09.202+0530] {logging_mixin.py:190} INFO - [2026-04-08T13:15:09.202+0530] {workday.py:41} WARNING - Could not import pandas. Holidays will not be considered.
[2026-04-08T13:15:09.216+0530] {logging_mixin.py:190} INFO - [2026-04-08T13:15:09.216+0530] {dag.py:3239} INFO - Sync 1 DAGs
[2026-04-08T13:15:09.221+0530] {logging_mixin.py:190} INFO - [2026-04-08T13:15:09.221+0530] {dag.py:4180} INFO - Setting next_dagrun for example_sensors to None, run_after=None
[2026-04-08T13:15:09.229+0530] {processor.py:208} INFO - Processing /Users/navalyemul/Documents/uptime/airflow_venv/lib/python3.12/site-packages/airflow/example_dags/example_sensors.py took 0.075 seconds
[2026-04-08T13:16:32.481+0530] {processor.py:186} INFO - Started process (PID=36616) to work on /Users/navalyemul/Documents/uptime/airflow_venv/lib/python3.12/site-packages/airflow/example_dags/example_sensors.py
[2026-04-08T13:16:32.482+0530] {processor.py:914} INFO - Processing file /Users/navalyemul/Documents/uptime/airflow_venv/lib/python3.12/site-packages/airflow/example_dags/example_sensors.py for tasks to queue
[2026-04-08T13:16:32.482+0530] {logging_mixin.py:190} INFO - [2026-04-08T13:16:32.482+0530] {dagbag.py:588} INFO - Filling up the DagBag from /Users/navalyemul/Documents/uptime/airflow_venv/lib/python3.12/site-packages/airflow/example_dags/example_sensors.py
[2026-04-08T13:16:32.490+0530] {processor.py:925} INFO - DAG(s) 'example_sensors' retrieved from /Users/navalyemul/Documents/uptime/airflow_venv/lib/python3.12/site-packages/airflow/example_dags/example_sensors.py
[2026-04-08T13:16:32.529+0530] {logging_mixin.py:190} INFO - [2026-04-08T13:16:32.529+0530] {workday.py:41} WARNING - Could not import pandas. Holidays will not be considered.
[2026-04-08T13:16:32.542+0530] {logging_mixin.py:190} INFO - [2026-04-08T13:16:32.542+0530] {dag.py:3239} INFO - Sync 1 DAGs
[2026-04-08T13:16:32.547+0530] {logging_mixin.py:190} INFO - [2026-04-08T13:16:32.547+0530] {dag.py:4180} INFO - Setting next_dagrun for example_sensors to None, run_after=None
[2026-04-08T13:16:32.555+0530] {processor.py:208} INFO - Processing /Users/navalyemul/Documents/uptime/airflow_venv/lib/python3.12/site-packages/airflow/example_dags/example_sensors.py took 0.075 seconds
[2026-04-08T13:17:56.636+0530] {processor.py:186} INFO - Started process (PID=37560) to work on /Users/navalyemul/Documents/uptime/airflow_venv/lib/python3.12/site-packages/airflow/example_dags/example_sensors.py
[2026-04-08T13:17:56.637+0530] {processor.py:914} INFO - Processing file /Users/navalyemul/Documents/uptime/airflow_venv/lib/python3.12/site-packages/airflow/example_dags/example_sensors.py for tasks to queue
[2026-04-08T13:17:56.637+0530] {logging_mixin.py:190} INFO - [2026-04-08T13:17:56.637+0530] {dagbag.py:588} INFO - Filling up the DagBag from /Users/navalyemul/Documents/uptime/airflow_venv/lib/python3.12/site-packages/airflow/example_dags/example_sensors.py
[2026-04-08T13:17:56.645+0530] {processor.py:925} INFO - DAG(s) 'example_sensors' retrieved from /Users/navalyemul/Documents/uptime/airflow_venv/lib/python3.12/site-packages/airflow/example_dags/example_sensors.py
[2026-04-08T13:17:56.683+0530] {logging_mixin.py:190} INFO - [2026-04-08T13:17:56.683+0530] {workday.py:41} WARNING - Could not import pandas. Holidays will not be considered.
[2026-04-08T13:17:56.695+0530] {logging_mixin.py:190} INFO - [2026-04-08T13:17:56.695+0530] {dag.py:3239} INFO - Sync 1 DAGs
[2026-04-08T13:17:56.701+0530] {logging_mixin.py:190} INFO - [2026-04-08T13:17:56.701+0530] {dag.py:4180} INFO - Setting next_dagrun for example_sensors to None, run_after=None
[2026-04-08T13:17:56.710+0530] {processor.py:208} INFO - Processing /Users/navalyemul/Documents/uptime/airflow_venv/lib/python3.12/site-packages/airflow/example_dags/example_sensors.py took 0.076 seconds
[2026-04-08T13:19:25.397+0530] {processor.py:186} INFO - Started process (PID=38507) to work on /Users/navalyemul/Documents/uptime/airflow_venv/lib/python3.12/site-packages/airflow/example_dags/example_sensors.py
[2026-04-08T13:19:25.397+0530] {processor.py:914} INFO - Processing file /Users/navalyemul/Documents/uptime/airflow_venv/lib/python3.12/site-packages/airflow/example_dags/example_sensors.py for tasks to queue
[2026-04-08T13:19:25.398+0530] {logging_mixin.py:190} INFO - [2026-04-08T13:19:25.398+0530] {dagbag.py:588} INFO - Filling up the DagBag from /Users/navalyemul/Documents/uptime/airflow_venv/lib/python3.12/site-packages/airflow/example_dags/example_sensors.py
[2026-04-08T13:19:25.406+0530] {processor.py:925} INFO - DAG(s) 'example_sensors' retrieved from /Users/navalyemul/Documents/uptime/airflow_venv/lib/python3.12/site-packages/airflow/example_dags/example_sensors.py
[2026-04-08T13:19:25.445+0530] {logging_mixin.py:190} INFO - [2026-04-08T13:19:25.445+0530] {workday.py:41} WARNING - Could not import pandas. Holidays will not be considered.
[2026-04-08T13:19:25.458+0530] {logging_mixin.py:190} INFO - [2026-04-08T13:19:25.458+0530] {dag.py:3239} INFO - Sync 1 DAGs
[2026-04-08T13:19:25.463+0530] {logging_mixin.py:190} INFO - [2026-04-08T13:19:25.463+0530] {dag.py:4180} INFO - Setting next_dagrun for example_sensors to None, run_after=None
[2026-04-08T13:19:25.472+0530] {processor.py:208} INFO - Processing /Users/navalyemul/Documents/uptime/airflow_venv/lib/python3.12/site-packages/airflow/example_dags/example_sensors.py took 0.077 seconds
[2026-04-08T13:28:58.776+0530] {processor.py:186} INFO - Started process (PID=39457) to work on /Users/navalyemul/Documents/uptime/airflow_venv/lib/python3.12/site-packages/airflow/example_dags/example_sensors.py
[2026-04-08T13:28:58.776+0530] {processor.py:914} INFO - Processing file /Users/navalyemul/Documents/uptime/airflow_venv/lib/python3.12/site-packages/airflow/example_dags/example_sensors.py for tasks to queue
[2026-04-08T13:28:58.777+0530] {logging_mixin.py:190} INFO - [2026-04-08T13:28:58.777+0530] {dagbag.py:588} INFO - Filling up the DagBag from /Users/navalyemul/Documents/uptime/airflow_venv/lib/python3.12/site-packages/airflow/example_dags/example_sensors.py
[2026-04-08T13:28:58.785+0530] {processor.py:925} INFO - DAG(s) 'example_sensors' retrieved from /Users/navalyemul/Documents/uptime/airflow_venv/lib/python3.12/site-packages/airflow/example_dags/example_sensors.py
[2026-04-08T13:28:58.821+0530] {logging_mixin.py:190} INFO - [2026-04-08T13:28:58.821+0530] {workday.py:41} WARNING - Could not import pandas. Holidays will not be considered.
[2026-04-08T13:28:58.834+0530] {logging_mixin.py:190} INFO - [2026-04-08T13:28:58.833+0530] {dag.py:3239} INFO - Sync 1 DAGs
[2026-04-08T13:28:58.839+0530] {logging_mixin.py:190} INFO - [2026-04-08T13:28:58.839+0530] {dag.py:4180} INFO - Setting next_dagrun for example_sensors to None, run_after=None
[2026-04-08T13:28:58.846+0530] {processor.py:208} INFO - Processing /Users/navalyemul/Documents/uptime/airflow_venv/lib/python3.12/site-packages/airflow/example_dags/example_sensors.py took 0.072 seconds
[2026-04-08T13:33:59.199+0530] {processor.py:186} INFO - Started process (PID=40414) to work on /Users/navalyemul/Documents/uptime/airflow_venv/lib/python3.12/site-packages/airflow/example_dags/example_sensors.py
[2026-04-08T13:33:59.200+0530] {processor.py:914} INFO - Processing file /Users/navalyemul/Documents/uptime/airflow_venv/lib/python3.12/site-packages/airflow/example_dags/example_sensors.py for tasks to queue
[2026-04-08T13:33:59.201+0530] {logging_mixin.py:190} INFO - [2026-04-08T13:33:59.201+0530] {dagbag.py:588} INFO - Filling up the DagBag from /Users/navalyemul/Documents/uptime/airflow_venv/lib/python3.12/site-packages/airflow/example_dags/example_sensors.py
[2026-04-08T13:33:59.208+0530] {processor.py:925} INFO - DAG(s) 'example_sensors' retrieved from /Users/navalyemul/Documents/uptime/airflow_venv/lib/python3.12/site-packages/airflow/example_dags/example_sensors.py
[2026-04-08T13:33:59.246+0530] {logging_mixin.py:190} INFO - [2026-04-08T13:33:59.246+0530] {workday.py:41} WARNING - Could not import pandas. Holidays will not be considered.
[2026-04-08T13:33:59.259+0530] {logging_mixin.py:190} INFO - [2026-04-08T13:33:59.259+0530] {dag.py:3239} INFO - Sync 1 DAGs
[2026-04-08T13:33:59.264+0530] {logging_mixin.py:190} INFO - [2026-04-08T13:33:59.264+0530] {dag.py:4180} INFO - Setting next_dagrun for example_sensors to None, run_after=None
[2026-04-08T13:33:59.272+0530] {processor.py:208} INFO - Processing /Users/navalyemul/Documents/uptime/airflow_venv/lib/python3.12/site-packages/airflow/example_dags/example_sensors.py took 0.074 seconds
[2026-04-08T13:35:39.977+0530] {processor.py:186} INFO - Started process (PID=41604) to work on /Users/navalyemul/Documents/uptime/airflow_venv/lib/python3.12/site-packages/airflow/example_dags/example_sensors.py
[2026-04-08T13:35:39.977+0530] {processor.py:914} INFO - Processing file /Users/navalyemul/Documents/uptime/airflow_venv/lib/python3.12/site-packages/airflow/example_dags/example_sensors.py for tasks to queue
[2026-04-08T13:35:39.978+0530] {logging_mixin.py:190} INFO - [2026-04-08T13:35:39.978+0530] {dagbag.py:588} INFO - Filling up the DagBag from /Users/navalyemul/Documents/uptime/airflow_venv/lib/python3.12/site-packages/airflow/example_dags/example_sensors.py
[2026-04-08T13:35:39.986+0530] {processor.py:925} INFO - DAG(s) 'example_sensors' retrieved from /Users/navalyemul/Documents/uptime/airflow_venv/lib/python3.12/site-packages/airflow/example_dags/example_sensors.py
[2026-04-08T13:35:40.023+0530] {logging_mixin.py:190} INFO - [2026-04-08T13:35:40.023+0530] {workday.py:41} WARNING - Could not import pandas. Holidays will not be considered.
[2026-04-08T13:35:40.036+0530] {logging_mixin.py:190} INFO - [2026-04-08T13:35:40.036+0530] {dag.py:3239} INFO - Sync 1 DAGs
[2026-04-08T13:35:40.041+0530] {logging_mixin.py:190} INFO - [2026-04-08T13:35:40.041+0530] {dag.py:4180} INFO - Setting next_dagrun for example_sensors to None, run_after=None
[2026-04-08T13:35:40.048+0530] {processor.py:208} INFO - Processing /Users/navalyemul/Documents/uptime/airflow_venv/lib/python3.12/site-packages/airflow/example_dags/example_sensors.py took 0.073 seconds
[2026-04-08T13:46:30.357+0530] {processor.py:186} INFO - Started process (PID=42509) to work on /Users/navalyemul/Documents/uptime/airflow_venv/lib/python3.12/site-packages/airflow/example_dags/example_sensors.py
[2026-04-08T13:46:30.358+0530] {processor.py:914} INFO - Processing file /Users/navalyemul/Documents/uptime/airflow_venv/lib/python3.12/site-packages/airflow/example_dags/example_sensors.py for tasks to queue
[2026-04-08T13:46:30.358+0530] {logging_mixin.py:190} INFO - [2026-04-08T13:46:30.358+0530] {dagbag.py:588} INFO - Filling up the DagBag from /Users/navalyemul/Documents/uptime/airflow_venv/lib/python3.12/site-packages/airflow/example_dags/example_sensors.py
[2026-04-08T13:46:30.366+0530] {processor.py:925} INFO - DAG(s) 'example_sensors' retrieved from /Users/navalyemul/Documents/uptime/airflow_venv/lib/python3.12/site-packages/airflow/example_dags/example_sensors.py
[2026-04-08T13:46:30.403+0530] {logging_mixin.py:190} INFO - [2026-04-08T13:46:30.403+0530] {workday.py:41} WARNING - Could not import pandas. Holidays will not be considered.
[2026-04-08T13:46:30.415+0530] {logging_mixin.py:190} INFO - [2026-04-08T13:46:30.415+0530] {dag.py:3239} INFO - Sync 1 DAGs
[2026-04-08T13:46:30.420+0530] {logging_mixin.py:190} INFO - [2026-04-08T13:46:30.420+0530] {dag.py:4180} INFO - Setting next_dagrun for example_sensors to None, run_after=None
[2026-04-08T13:46:30.428+0530] {processor.py:208} INFO - Processing /Users/navalyemul/Documents/uptime/airflow_venv/lib/python3.12/site-packages/airflow/example_dags/example_sensors.py took 0.073 seconds
[2026-04-08T13:54:49.206+0530] {processor.py:186} INFO - Started process (PID=43694) to work on /Users/navalyemul/Documents/uptime/airflow_venv/lib/python3.12/site-packages/airflow/example_dags/example_sensors.py
[2026-04-08T13:54:49.207+0530] {processor.py:914} INFO - Processing file /Users/navalyemul/Documents/uptime/airflow_venv/lib/python3.12/site-packages/airflow/example_dags/example_sensors.py for tasks to queue
[2026-04-08T13:54:49.207+0530] {logging_mixin.py:190} INFO - [2026-04-08T13:54:49.207+0530] {dagbag.py:588} INFO - Filling up the DagBag from /Users/navalyemul/Documents/uptime/airflow_venv/lib/python3.12/site-packages/airflow/example_dags/example_sensors.py
[2026-04-08T13:54:49.216+0530] {processor.py:925} INFO - DAG(s) 'example_sensors' retrieved from /Users/navalyemul/Documents/uptime/airflow_venv/lib/python3.12/site-packages/airflow/example_dags/example_sensors.py
[2026-04-08T13:54:49.256+0530] {logging_mixin.py:190} INFO - [2026-04-08T13:54:49.256+0530] {workday.py:41} WARNING - Could not import pandas. Holidays will not be considered.
[2026-04-08T13:54:49.269+0530] {logging_mixin.py:190} INFO - [2026-04-08T13:54:49.269+0530] {dag.py:3239} INFO - Sync 1 DAGs
[2026-04-08T13:54:49.275+0530] {logging_mixin.py:190} INFO - [2026-04-08T13:54:49.275+0530] {dag.py:4180} INFO - Setting next_dagrun for example_sensors to None, run_after=None
[2026-04-08T13:54:49.284+0530] {processor.py:208} INFO - Processing /Users/navalyemul/Documents/uptime/airflow_venv/lib/python3.12/site-packages/airflow/example_dags/example_sensors.py took 0.081 seconds
[2026-04-08T13:56:44.597+0530] {processor.py:186} INFO - Started process (PID=44760) to work on /Users/navalyemul/Documents/uptime/airflow_venv/lib/python3.12/site-packages/airflow/example_dags/example_sensors.py
[2026-04-08T13:56:44.598+0530] {processor.py:914} INFO - Processing file /Users/navalyemul/Documents/uptime/airflow_venv/lib/python3.12/site-packages/airflow/example_dags/example_sensors.py for tasks to queue
[2026-04-08T13:56:44.599+0530] {logging_mixin.py:190} INFO - [2026-04-08T13:56:44.599+0530] {dagbag.py:588} INFO - Filling up the DagBag from /Users/navalyemul/Documents/uptime/airflow_venv/lib/python3.12/site-packages/airflow/example_dags/example_sensors.py
[2026-04-08T13:56:44.608+0530] {processor.py:925} INFO - DAG(s) 'example_sensors' retrieved from /Users/navalyemul/Documents/uptime/airflow_venv/lib/python3.12/site-packages/airflow/example_dags/example_sensors.py
[2026-04-08T13:56:44.648+0530] {logging_mixin.py:190} INFO - [2026-04-08T13:56:44.648+0530] {workday.py:41} WARNING - Could not import pandas. Holidays will not be considered.
[2026-04-08T13:56:44.661+0530] {logging_mixin.py:190} INFO - [2026-04-08T13:56:44.661+0530] {dag.py:3239} INFO - Sync 1 DAGs
[2026-04-08T13:56:44.667+0530] {logging_mixin.py:190} INFO - [2026-04-08T13:56:44.667+0530] {dag.py:4180} INFO - Setting next_dagrun for example_sensors to None, run_after=None
[2026-04-08T13:56:44.677+0530] {processor.py:208} INFO - Processing /Users/navalyemul/Documents/uptime/airflow_venv/lib/python3.12/site-packages/airflow/example_dags/example_sensors.py took 0.081 seconds
[2026-04-08T13:58:29.988+0530] {processor.py:186} INFO - Started process (PID=45808) to work on /Users/navalyemul/Documents/uptime/airflow_venv/lib/python3.12/site-packages/airflow/example_dags/example_sensors.py
[2026-04-08T13:58:29.989+0530] {processor.py:914} INFO - Processing file /Users/navalyemul/Documents/uptime/airflow_venv/lib/python3.12/site-packages/airflow/example_dags/example_sensors.py for tasks to queue
[2026-04-08T13:58:29.990+0530] {logging_mixin.py:190} INFO - [2026-04-08T13:58:29.990+0530] {dagbag.py:588} INFO - Filling up the DagBag from /Users/navalyemul/Documents/uptime/airflow_venv/lib/python3.12/site-packages/airflow/example_dags/example_sensors.py
[2026-04-08T13:58:29.998+0530] {processor.py:925} INFO - DAG(s) 'example_sensors' retrieved from /Users/navalyemul/Documents/uptime/airflow_venv/lib/python3.12/site-packages/airflow/example_dags/example_sensors.py
[2026-04-08T13:58:30.038+0530] {logging_mixin.py:190} INFO - [2026-04-08T13:58:30.037+0530] {workday.py:41} WARNING - Could not import pandas. Holidays will not be considered.
[2026-04-08T13:58:30.053+0530] {logging_mixin.py:190} INFO - [2026-04-08T13:58:30.053+0530] {dag.py:3239} INFO - Sync 1 DAGs
[2026-04-08T13:58:30.059+0530] {logging_mixin.py:190} INFO - [2026-04-08T13:58:30.059+0530] {dag.py:4180} INFO - Setting next_dagrun for example_sensors to None, run_after=None
[2026-04-08T13:58:30.068+0530] {processor.py:208} INFO - Processing /Users/navalyemul/Documents/uptime/airflow_venv/lib/python3.12/site-packages/airflow/example_dags/example_sensors.py took 0.081 seconds
