[2026-04-08T12:47:45.441+0530] {processor.py:186} INFO - Started process (PID=18013) to work on /Users/navalyemul/Documents/uptime/airflow_venv/lib/python3.12/site-packages/airflow/example_dags/example_dataset_alias_with_no_taskflow.py
[2026-04-08T12:47:45.442+0530] {processor.py:914} INFO - Processing file /Users/navalyemul/Documents/uptime/airflow_venv/lib/python3.12/site-packages/airflow/example_dags/example_dataset_alias_with_no_taskflow.py for tasks to queue
[2026-04-08T12:47:45.442+0530] {logging_mixin.py:190} INFO - [2026-04-08T12:47:45.442+0530] {dagbag.py:588} INFO - Filling up the DagBag from /Users/navalyemul/Documents/uptime/airflow_venv/lib/python3.12/site-packages/airflow/example_dags/example_dataset_alias_with_no_taskflow.py
[2026-04-08T12:47:45.507+0530] {processor.py:925} INFO - DAG(s) 'dataset_s3_bucket_producer_with_no_taskflow', 'dataset_alias_example_alias_consumer_with_no_taskflow', 'dataset_s3_bucket_consumer_with_no_taskflow', 'dataset_alias_example_alias_producer_with_no_taskflow' retrieved from /Users/navalyemul/Documents/uptime/airflow_venv/lib/python3.12/site-packages/airflow/example_dags/example_dataset_alias_with_no_taskflow.py
[2026-04-08T12:47:45.557+0530] {logging_mixin.py:190} INFO - [2026-04-08T12:47:45.556+0530] {override.py:1912} INFO - Created Permission View: can delete on DAG:dataset_s3_bucket_producer_with_no_taskflow
[2026-04-08T12:47:45.561+0530] {logging_mixin.py:190} INFO - [2026-04-08T12:47:45.561+0530] {override.py:1912} INFO - Created Permission View: can edit on DAG:dataset_s3_bucket_producer_with_no_taskflow
[2026-04-08T12:47:45.564+0530] {logging_mixin.py:190} INFO - [2026-04-08T12:47:45.564+0530] {override.py:1912} INFO - Created Permission View: can read on DAG:dataset_s3_bucket_producer_with_no_taskflow
[2026-04-08T12:47:45.569+0530] {logging_mixin.py:190} INFO - [2026-04-08T12:47:45.569+0530] {override.py:1912} INFO - Created Permission View: menu access on DAG Run:dataset_s3_bucket_producer_with_no_taskflow
[2026-04-08T12:47:45.572+0530] {logging_mixin.py:190} INFO - [2026-04-08T12:47:45.572+0530] {override.py:1912} INFO - Created Permission View: can delete on DAG Run:dataset_s3_bucket_producer_with_no_taskflow
[2026-04-08T12:47:45.575+0530] {logging_mixin.py:190} INFO - [2026-04-08T12:47:45.575+0530] {override.py:1912} INFO - Created Permission View: can create on DAG Run:dataset_s3_bucket_producer_with_no_taskflow
[2026-04-08T12:47:45.578+0530] {logging_mixin.py:190} INFO - [2026-04-08T12:47:45.578+0530] {override.py:1912} INFO - Created Permission View: can read on DAG Run:dataset_s3_bucket_producer_with_no_taskflow
[2026-04-08T12:47:45.585+0530] {logging_mixin.py:190} INFO - [2026-04-08T12:47:45.584+0530] {override.py:1912} INFO - Created Permission View: can delete on DAG:dataset_alias_example_alias_consumer_with_no_taskflow
[2026-04-08T12:47:45.587+0530] {logging_mixin.py:190} INFO - [2026-04-08T12:47:45.587+0530] {override.py:1912} INFO - Created Permission View: can edit on DAG:dataset_alias_example_alias_consumer_with_no_taskflow
[2026-04-08T12:47:45.591+0530] {logging_mixin.py:190} INFO - [2026-04-08T12:47:45.590+0530] {override.py:1912} INFO - Created Permission View: can read on DAG:dataset_alias_example_alias_consumer_with_no_taskflow
[2026-04-08T12:47:45.595+0530] {logging_mixin.py:190} INFO - [2026-04-08T12:47:45.594+0530] {override.py:1912} INFO - Created Permission View: menu access on DAG Run:dataset_alias_example_alias_consumer_with_no_taskflow
[2026-04-08T12:47:45.597+0530] {logging_mixin.py:190} INFO - [2026-04-08T12:47:45.597+0530] {override.py:1912} INFO - Created Permission View: can delete on DAG Run:dataset_alias_example_alias_consumer_with_no_taskflow
[2026-04-08T12:47:45.601+0530] {logging_mixin.py:190} INFO - [2026-04-08T12:47:45.600+0530] {override.py:1912} INFO - Created Permission View: can create on DAG Run:dataset_alias_example_alias_consumer_with_no_taskflow
[2026-04-08T12:47:45.603+0530] {logging_mixin.py:190} INFO - [2026-04-08T12:47:45.603+0530] {override.py:1912} INFO - Created Permission View: can read on DAG Run:dataset_alias_example_alias_consumer_with_no_taskflow
[2026-04-08T12:47:45.609+0530] {logging_mixin.py:190} INFO - [2026-04-08T12:47:45.609+0530] {override.py:1912} INFO - Created Permission View: can delete on DAG:dataset_s3_bucket_consumer_with_no_taskflow
[2026-04-08T12:47:45.611+0530] {logging_mixin.py:190} INFO - [2026-04-08T12:47:45.611+0530] {override.py:1912} INFO - Created Permission View: can edit on DAG:dataset_s3_bucket_consumer_with_no_taskflow
[2026-04-08T12:47:45.614+0530] {logging_mixin.py:190} INFO - [2026-04-08T12:47:45.614+0530] {override.py:1912} INFO - Created Permission View: can read on DAG:dataset_s3_bucket_consumer_with_no_taskflow
[2026-04-08T12:47:45.618+0530] {logging_mixin.py:190} INFO - [2026-04-08T12:47:45.618+0530] {override.py:1912} INFO - Created Permission View: menu access on DAG Run:dataset_s3_bucket_consumer_with_no_taskflow
[2026-04-08T12:47:45.621+0530] {logging_mixin.py:190} INFO - [2026-04-08T12:47:45.621+0530] {override.py:1912} INFO - Created Permission View: can delete on DAG Run:dataset_s3_bucket_consumer_with_no_taskflow
[2026-04-08T12:47:45.624+0530] {logging_mixin.py:190} INFO - [2026-04-08T12:47:45.624+0530] {override.py:1912} INFO - Created Permission View: can create on DAG Run:dataset_s3_bucket_consumer_with_no_taskflow
[2026-04-08T12:47:45.627+0530] {logging_mixin.py:190} INFO - [2026-04-08T12:47:45.626+0530] {override.py:1912} INFO - Created Permission View: can read on DAG Run:dataset_s3_bucket_consumer_with_no_taskflow
[2026-04-08T12:47:45.633+0530] {logging_mixin.py:190} INFO - [2026-04-08T12:47:45.633+0530] {override.py:1912} INFO - Created Permission View: can delete on DAG:dataset_alias_example_alias_producer_with_no_taskflow
[2026-04-08T12:47:45.636+0530] {logging_mixin.py:190} INFO - [2026-04-08T12:47:45.636+0530] {override.py:1912} INFO - Created Permission View: can edit on DAG:dataset_alias_example_alias_producer_with_no_taskflow
[2026-04-08T12:47:45.639+0530] {logging_mixin.py:190} INFO - [2026-04-08T12:47:45.639+0530] {override.py:1912} INFO - Created Permission View: can read on DAG:dataset_alias_example_alias_producer_with_no_taskflow
[2026-04-08T12:47:45.642+0530] {logging_mixin.py:190} INFO - [2026-04-08T12:47:45.642+0530] {override.py:1912} INFO - Created Permission View: menu access on DAG Run:dataset_alias_example_alias_producer_with_no_taskflow
[2026-04-08T12:47:45.645+0530] {logging_mixin.py:190} INFO - [2026-04-08T12:47:45.645+0530] {override.py:1912} INFO - Created Permission View: can delete on DAG Run:dataset_alias_example_alias_producer_with_no_taskflow
[2026-04-08T12:47:45.648+0530] {logging_mixin.py:190} INFO - [2026-04-08T12:47:45.648+0530] {override.py:1912} INFO - Created Permission View: can create on DAG Run:dataset_alias_example_alias_producer_with_no_taskflow
[2026-04-08T12:47:45.651+0530] {logging_mixin.py:190} INFO - [2026-04-08T12:47:45.651+0530] {override.py:1912} INFO - Created Permission View: can read on DAG Run:dataset_alias_example_alias_producer_with_no_taskflow
[2026-04-08T12:47:45.651+0530] {logging_mixin.py:190} INFO - [2026-04-08T12:47:45.651+0530] {dag.py:3239} INFO - Sync 4 DAGs
[2026-04-08T12:47:45.698+0530] {logging_mixin.py:190} INFO - [2026-04-08T12:47:45.698+0530] {dag.py:3262} INFO - Creating ORM DAG for dataset_alias_example_alias_producer_with_no_taskflow
[2026-04-08T12:47:45.698+0530] {logging_mixin.py:190} INFO - [2026-04-08T12:47:45.698+0530] {dag.py:3262} INFO - Creating ORM DAG for dataset_s3_bucket_producer_with_no_taskflow
[2026-04-08T12:47:45.699+0530] {logging_mixin.py:190} INFO - [2026-04-08T12:47:45.699+0530] {dag.py:3262} INFO - Creating ORM DAG for dataset_alias_example_alias_consumer_with_no_taskflow
[2026-04-08T12:47:45.699+0530] {logging_mixin.py:190} INFO - [2026-04-08T12:47:45.699+0530] {dag.py:3262} INFO - Creating ORM DAG for dataset_s3_bucket_consumer_with_no_taskflow
[2026-04-08T12:47:45.702+0530] {logging_mixin.py:190} INFO - [2026-04-08T12:47:45.702+0530] {dag.py:4180} INFO - Setting next_dagrun for dataset_alias_example_alias_consumer_with_no_taskflow to None, run_after=None
[2026-04-08T12:47:45.703+0530] {logging_mixin.py:190} INFO - [2026-04-08T12:47:45.703+0530] {dag.py:4180} INFO - Setting next_dagrun for dataset_alias_example_alias_producer_with_no_taskflow to None, run_after=None
[2026-04-08T12:47:45.703+0530] {logging_mixin.py:190} INFO - [2026-04-08T12:47:45.703+0530] {dag.py:4180} INFO - Setting next_dagrun for dataset_s3_bucket_consumer_with_no_taskflow to None, run_after=None
[2026-04-08T12:47:45.703+0530] {logging_mixin.py:190} INFO - [2026-04-08T12:47:45.703+0530] {dag.py:4180} INFO - Setting next_dagrun for dataset_s3_bucket_producer_with_no_taskflow to None, run_after=None
[2026-04-08T12:47:45.709+0530] {logging_mixin.py:190} INFO - [2026-04-08T12:47:45.709+0530] {workday.py:41} WARNING - Could not import pandas. Holidays will not be considered.
[2026-04-08T12:47:45.718+0530] {processor.py:208} INFO - Processing /Users/navalyemul/Documents/uptime/airflow_venv/lib/python3.12/site-packages/airflow/example_dags/example_dataset_alias_with_no_taskflow.py took 0.279 seconds
[2026-04-08T12:50:32.165+0530] {processor.py:186} INFO - Started process (PID=19916) to work on /Users/navalyemul/Documents/uptime/airflow_venv/lib/python3.12/site-packages/airflow/example_dags/example_dataset_alias_with_no_taskflow.py
[2026-04-08T12:50:32.166+0530] {processor.py:914} INFO - Processing file /Users/navalyemul/Documents/uptime/airflow_venv/lib/python3.12/site-packages/airflow/example_dags/example_dataset_alias_with_no_taskflow.py for tasks to queue
[2026-04-08T12:50:32.166+0530] {logging_mixin.py:190} INFO - [2026-04-08T12:50:32.166+0530] {dagbag.py:588} INFO - Filling up the DagBag from /Users/navalyemul/Documents/uptime/airflow_venv/lib/python3.12/site-packages/airflow/example_dags/example_dataset_alias_with_no_taskflow.py
[2026-04-08T12:50:32.237+0530] {processor.py:925} INFO - DAG(s) 'dataset_s3_bucket_producer_with_no_taskflow', 'dataset_s3_bucket_consumer_with_no_taskflow', 'dataset_alias_example_alias_producer_with_no_taskflow', 'dataset_alias_example_alias_consumer_with_no_taskflow' retrieved from /Users/navalyemul/Documents/uptime/airflow_venv/lib/python3.12/site-packages/airflow/example_dags/example_dataset_alias_with_no_taskflow.py
[2026-04-08T12:50:32.247+0530] {logging_mixin.py:190} INFO - [2026-04-08T12:50:32.247+0530] {dag.py:3239} INFO - Sync 4 DAGs
[2026-04-08T12:50:32.255+0530] {logging_mixin.py:190} INFO - [2026-04-08T12:50:32.255+0530] {dag.py:4180} INFO - Setting next_dagrun for dataset_alias_example_alias_consumer_with_no_taskflow to None, run_after=None
[2026-04-08T12:50:32.256+0530] {logging_mixin.py:190} INFO - [2026-04-08T12:50:32.256+0530] {dag.py:4180} INFO - Setting next_dagrun for dataset_alias_example_alias_producer_with_no_taskflow to None, run_after=None
[2026-04-08T12:50:32.257+0530] {logging_mixin.py:190} INFO - [2026-04-08T12:50:32.257+0530] {dag.py:4180} INFO - Setting next_dagrun for dataset_s3_bucket_consumer_with_no_taskflow to None, run_after=None
[2026-04-08T12:50:32.257+0530] {logging_mixin.py:190} INFO - [2026-04-08T12:50:32.257+0530] {dag.py:4180} INFO - Setting next_dagrun for dataset_s3_bucket_producer_with_no_taskflow to None, run_after=None
[2026-04-08T12:50:32.267+0530] {processor.py:208} INFO - Processing /Users/navalyemul/Documents/uptime/airflow_venv/lib/python3.12/site-packages/airflow/example_dags/example_dataset_alias_with_no_taskflow.py took 0.104 seconds
[2026-04-08T12:54:01.246+0530] {processor.py:186} INFO - Started process (PID=21804) to work on /Users/navalyemul/Documents/uptime/airflow_venv/lib/python3.12/site-packages/airflow/example_dags/example_dataset_alias_with_no_taskflow.py
[2026-04-08T12:54:01.247+0530] {processor.py:914} INFO - Processing file /Users/navalyemul/Documents/uptime/airflow_venv/lib/python3.12/site-packages/airflow/example_dags/example_dataset_alias_with_no_taskflow.py for tasks to queue
[2026-04-08T12:54:01.248+0530] {logging_mixin.py:190} INFO - [2026-04-08T12:54:01.247+0530] {dagbag.py:588} INFO - Filling up the DagBag from /Users/navalyemul/Documents/uptime/airflow_venv/lib/python3.12/site-packages/airflow/example_dags/example_dataset_alias_with_no_taskflow.py
[2026-04-08T12:54:01.315+0530] {processor.py:925} INFO - DAG(s) 'dataset_alias_example_alias_consumer_with_no_taskflow', 'dataset_s3_bucket_consumer_with_no_taskflow', 'dataset_s3_bucket_producer_with_no_taskflow', 'dataset_alias_example_alias_producer_with_no_taskflow' retrieved from /Users/navalyemul/Documents/uptime/airflow_venv/lib/python3.12/site-packages/airflow/example_dags/example_dataset_alias_with_no_taskflow.py
[2026-04-08T12:54:01.327+0530] {logging_mixin.py:190} INFO - [2026-04-08T12:54:01.326+0530] {dag.py:3239} INFO - Sync 4 DAGs
[2026-04-08T12:54:01.334+0530] {logging_mixin.py:190} INFO - [2026-04-08T12:54:01.334+0530] {dag.py:4180} INFO - Setting next_dagrun for dataset_alias_example_alias_consumer_with_no_taskflow to None, run_after=None
[2026-04-08T12:54:01.335+0530] {logging_mixin.py:190} INFO - [2026-04-08T12:54:01.335+0530] {dag.py:4180} INFO - Setting next_dagrun for dataset_alias_example_alias_producer_with_no_taskflow to None, run_after=None
[2026-04-08T12:54:01.335+0530] {logging_mixin.py:190} INFO - [2026-04-08T12:54:01.335+0530] {dag.py:4180} INFO - Setting next_dagrun for dataset_s3_bucket_consumer_with_no_taskflow to None, run_after=None
[2026-04-08T12:54:01.335+0530] {logging_mixin.py:190} INFO - [2026-04-08T12:54:01.335+0530] {dag.py:4180} INFO - Setting next_dagrun for dataset_s3_bucket_producer_with_no_taskflow to None, run_after=None
[2026-04-08T12:54:01.346+0530] {processor.py:208} INFO - Processing /Users/navalyemul/Documents/uptime/airflow_venv/lib/python3.12/site-packages/airflow/example_dags/example_dataset_alias_with_no_taskflow.py took 0.101 seconds
[2026-04-08T12:57:15.967+0530] {processor.py:186} INFO - Started process (PID=23669) to work on /Users/navalyemul/Documents/uptime/airflow_venv/lib/python3.12/site-packages/airflow/example_dags/example_dataset_alias_with_no_taskflow.py
[2026-04-08T12:57:15.968+0530] {processor.py:914} INFO - Processing file /Users/navalyemul/Documents/uptime/airflow_venv/lib/python3.12/site-packages/airflow/example_dags/example_dataset_alias_with_no_taskflow.py for tasks to queue
[2026-04-08T12:57:15.969+0530] {logging_mixin.py:190} INFO - [2026-04-08T12:57:15.968+0530] {dagbag.py:588} INFO - Filling up the DagBag from /Users/navalyemul/Documents/uptime/airflow_venv/lib/python3.12/site-packages/airflow/example_dags/example_dataset_alias_with_no_taskflow.py
[2026-04-08T12:57:16.050+0530] {processor.py:925} INFO - DAG(s) 'dataset_s3_bucket_producer_with_no_taskflow', 'dataset_alias_example_alias_consumer_with_no_taskflow', 'dataset_alias_example_alias_producer_with_no_taskflow', 'dataset_s3_bucket_consumer_with_no_taskflow' retrieved from /Users/navalyemul/Documents/uptime/airflow_venv/lib/python3.12/site-packages/airflow/example_dags/example_dataset_alias_with_no_taskflow.py
[2026-04-08T12:57:16.060+0530] {logging_mixin.py:190} INFO - [2026-04-08T12:57:16.060+0530] {dag.py:3239} INFO - Sync 4 DAGs
[2026-04-08T12:57:16.068+0530] {logging_mixin.py:190} INFO - [2026-04-08T12:57:16.068+0530] {dag.py:4180} INFO - Setting next_dagrun for dataset_alias_example_alias_consumer_with_no_taskflow to None, run_after=None
[2026-04-08T12:57:16.069+0530] {logging_mixin.py:190} INFO - [2026-04-08T12:57:16.069+0530] {dag.py:4180} INFO - Setting next_dagrun for dataset_alias_example_alias_producer_with_no_taskflow to None, run_after=None
[2026-04-08T12:57:16.070+0530] {logging_mixin.py:190} INFO - [2026-04-08T12:57:16.070+0530] {dag.py:4180} INFO - Setting next_dagrun for dataset_s3_bucket_consumer_with_no_taskflow to None, run_after=None
[2026-04-08T12:57:16.070+0530] {logging_mixin.py:190} INFO - [2026-04-08T12:57:16.070+0530] {dag.py:4180} INFO - Setting next_dagrun for dataset_s3_bucket_producer_with_no_taskflow to None, run_after=None
[2026-04-08T12:57:16.080+0530] {processor.py:208} INFO - Processing /Users/navalyemul/Documents/uptime/airflow_venv/lib/python3.12/site-packages/airflow/example_dags/example_dataset_alias_with_no_taskflow.py took 0.114 seconds
[2026-04-08T13:00:06.686+0530] {processor.py:186} INFO - Started process (PID=25506) to work on /Users/navalyemul/Documents/uptime/airflow_venv/lib/python3.12/site-packages/airflow/example_dags/example_dataset_alias_with_no_taskflow.py
[2026-04-08T13:00:06.687+0530] {processor.py:914} INFO - Processing file /Users/navalyemul/Documents/uptime/airflow_venv/lib/python3.12/site-packages/airflow/example_dags/example_dataset_alias_with_no_taskflow.py for tasks to queue
[2026-04-08T13:00:06.688+0530] {logging_mixin.py:190} INFO - [2026-04-08T13:00:06.687+0530] {dagbag.py:588} INFO - Filling up the DagBag from /Users/navalyemul/Documents/uptime/airflow_venv/lib/python3.12/site-packages/airflow/example_dags/example_dataset_alias_with_no_taskflow.py
[2026-04-08T13:00:06.764+0530] {processor.py:925} INFO - DAG(s) 'dataset_s3_bucket_producer_with_no_taskflow', 'dataset_alias_example_alias_producer_with_no_taskflow', 'dataset_alias_example_alias_consumer_with_no_taskflow', 'dataset_s3_bucket_consumer_with_no_taskflow' retrieved from /Users/navalyemul/Documents/uptime/airflow_venv/lib/python3.12/site-packages/airflow/example_dags/example_dataset_alias_with_no_taskflow.py
[2026-04-08T13:00:06.776+0530] {logging_mixin.py:190} INFO - [2026-04-08T13:00:06.776+0530] {dag.py:3239} INFO - Sync 4 DAGs
[2026-04-08T13:00:06.784+0530] {logging_mixin.py:190} INFO - [2026-04-08T13:00:06.784+0530] {dag.py:4180} INFO - Setting next_dagrun for dataset_alias_example_alias_consumer_with_no_taskflow to None, run_after=None
[2026-04-08T13:00:06.785+0530] {logging_mixin.py:190} INFO - [2026-04-08T13:00:06.785+0530] {dag.py:4180} INFO - Setting next_dagrun for dataset_alias_example_alias_producer_with_no_taskflow to None, run_after=None
[2026-04-08T13:00:06.786+0530] {logging_mixin.py:190} INFO - [2026-04-08T13:00:06.786+0530] {dag.py:4180} INFO - Setting next_dagrun for dataset_s3_bucket_consumer_with_no_taskflow to None, run_after=None
[2026-04-08T13:00:06.786+0530] {logging_mixin.py:190} INFO - [2026-04-08T13:00:06.786+0530] {dag.py:4180} INFO - Setting next_dagrun for dataset_s3_bucket_producer_with_no_taskflow to None, run_after=None
[2026-04-08T13:00:06.797+0530] {processor.py:208} INFO - Processing /Users/navalyemul/Documents/uptime/airflow_venv/lib/python3.12/site-packages/airflow/example_dags/example_dataset_alias_with_no_taskflow.py took 0.112 seconds
[2026-04-08T13:02:47.553+0530] {processor.py:186} INFO - Started process (PID=27358) to work on /Users/navalyemul/Documents/uptime/airflow_venv/lib/python3.12/site-packages/airflow/example_dags/example_dataset_alias_with_no_taskflow.py
[2026-04-08T13:02:47.554+0530] {processor.py:914} INFO - Processing file /Users/navalyemul/Documents/uptime/airflow_venv/lib/python3.12/site-packages/airflow/example_dags/example_dataset_alias_with_no_taskflow.py for tasks to queue
[2026-04-08T13:02:47.554+0530] {logging_mixin.py:190} INFO - [2026-04-08T13:02:47.554+0530] {dagbag.py:588} INFO - Filling up the DagBag from /Users/navalyemul/Documents/uptime/airflow_venv/lib/python3.12/site-packages/airflow/example_dags/example_dataset_alias_with_no_taskflow.py
[2026-04-08T13:02:47.634+0530] {processor.py:925} INFO - DAG(s) 'dataset_s3_bucket_producer_with_no_taskflow', 'dataset_alias_example_alias_producer_with_no_taskflow', 'dataset_alias_example_alias_consumer_with_no_taskflow', 'dataset_s3_bucket_consumer_with_no_taskflow' retrieved from /Users/navalyemul/Documents/uptime/airflow_venv/lib/python3.12/site-packages/airflow/example_dags/example_dataset_alias_with_no_taskflow.py
[2026-04-08T13:02:47.645+0530] {logging_mixin.py:190} INFO - [2026-04-08T13:02:47.644+0530] {dag.py:3239} INFO - Sync 4 DAGs
[2026-04-08T13:02:47.652+0530] {logging_mixin.py:190} INFO - [2026-04-08T13:02:47.652+0530] {dag.py:4180} INFO - Setting next_dagrun for dataset_alias_example_alias_consumer_with_no_taskflow to None, run_after=None
[2026-04-08T13:02:47.654+0530] {logging_mixin.py:190} INFO - [2026-04-08T13:02:47.653+0530] {dag.py:4180} INFO - Setting next_dagrun for dataset_alias_example_alias_producer_with_no_taskflow to None, run_after=None
[2026-04-08T13:02:47.654+0530] {logging_mixin.py:190} INFO - [2026-04-08T13:02:47.654+0530] {dag.py:4180} INFO - Setting next_dagrun for dataset_s3_bucket_consumer_with_no_taskflow to None, run_after=None
[2026-04-08T13:02:47.654+0530] {logging_mixin.py:190} INFO - [2026-04-08T13:02:47.654+0530] {dag.py:4180} INFO - Setting next_dagrun for dataset_s3_bucket_producer_with_no_taskflow to None, run_after=None
[2026-04-08T13:02:47.665+0530] {processor.py:208} INFO - Processing /Users/navalyemul/Documents/uptime/airflow_venv/lib/python3.12/site-packages/airflow/example_dags/example_dataset_alias_with_no_taskflow.py took 0.114 seconds
[2026-04-08T13:05:36.154+0530] {processor.py:186} INFO - Started process (PID=29305) to work on /Users/navalyemul/Documents/uptime/airflow_venv/lib/python3.12/site-packages/airflow/example_dags/example_dataset_alias_with_no_taskflow.py
[2026-04-08T13:05:36.155+0530] {processor.py:914} INFO - Processing file /Users/navalyemul/Documents/uptime/airflow_venv/lib/python3.12/site-packages/airflow/example_dags/example_dataset_alias_with_no_taskflow.py for tasks to queue
[2026-04-08T13:05:36.155+0530] {logging_mixin.py:190} INFO - [2026-04-08T13:05:36.155+0530] {dagbag.py:588} INFO - Filling up the DagBag from /Users/navalyemul/Documents/uptime/airflow_venv/lib/python3.12/site-packages/airflow/example_dags/example_dataset_alias_with_no_taskflow.py
[2026-04-08T13:05:36.238+0530] {processor.py:925} INFO - DAG(s) 'dataset_s3_bucket_producer_with_no_taskflow', 'dataset_s3_bucket_consumer_with_no_taskflow', 'dataset_alias_example_alias_consumer_with_no_taskflow', 'dataset_alias_example_alias_producer_with_no_taskflow' retrieved from /Users/navalyemul/Documents/uptime/airflow_venv/lib/python3.12/site-packages/airflow/example_dags/example_dataset_alias_with_no_taskflow.py
[2026-04-08T13:05:36.250+0530] {logging_mixin.py:190} INFO - [2026-04-08T13:05:36.250+0530] {dag.py:3239} INFO - Sync 4 DAGs
[2026-04-08T13:05:36.259+0530] {logging_mixin.py:190} INFO - [2026-04-08T13:05:36.259+0530] {dag.py:4180} INFO - Setting next_dagrun for dataset_alias_example_alias_consumer_with_no_taskflow to None, run_after=None
[2026-04-08T13:05:36.260+0530] {logging_mixin.py:190} INFO - [2026-04-08T13:05:36.260+0530] {dag.py:4180} INFO - Setting next_dagrun for dataset_alias_example_alias_producer_with_no_taskflow to None, run_after=None
[2026-04-08T13:05:36.261+0530] {logging_mixin.py:190} INFO - [2026-04-08T13:05:36.261+0530] {dag.py:4180} INFO - Setting next_dagrun for dataset_s3_bucket_consumer_with_no_taskflow to None, run_after=None
[2026-04-08T13:05:36.261+0530] {logging_mixin.py:190} INFO - [2026-04-08T13:05:36.261+0530] {dag.py:4180} INFO - Setting next_dagrun for dataset_s3_bucket_producer_with_no_taskflow to None, run_after=None
[2026-04-08T13:05:36.273+0530] {processor.py:208} INFO - Processing /Users/navalyemul/Documents/uptime/airflow_venv/lib/python3.12/site-packages/airflow/example_dags/example_dataset_alias_with_no_taskflow.py took 0.121 seconds
[2026-04-08T13:08:22.787+0530] {processor.py:186} INFO - Started process (PID=31113) to work on /Users/navalyemul/Documents/uptime/airflow_venv/lib/python3.12/site-packages/airflow/example_dags/example_dataset_alias_with_no_taskflow.py
[2026-04-08T13:08:22.787+0530] {processor.py:914} INFO - Processing file /Users/navalyemul/Documents/uptime/airflow_venv/lib/python3.12/site-packages/airflow/example_dags/example_dataset_alias_with_no_taskflow.py for tasks to queue
[2026-04-08T13:08:22.788+0530] {logging_mixin.py:190} INFO - [2026-04-08T13:08:22.788+0530] {dagbag.py:588} INFO - Filling up the DagBag from /Users/navalyemul/Documents/uptime/airflow_venv/lib/python3.12/site-packages/airflow/example_dags/example_dataset_alias_with_no_taskflow.py
[2026-04-08T13:08:22.867+0530] {processor.py:925} INFO - DAG(s) 'dataset_s3_bucket_producer_with_no_taskflow', 'dataset_s3_bucket_consumer_with_no_taskflow', 'dataset_alias_example_alias_consumer_with_no_taskflow', 'dataset_alias_example_alias_producer_with_no_taskflow' retrieved from /Users/navalyemul/Documents/uptime/airflow_venv/lib/python3.12/site-packages/airflow/example_dags/example_dataset_alias_with_no_taskflow.py
[2026-04-08T13:08:22.880+0530] {logging_mixin.py:190} INFO - [2026-04-08T13:08:22.879+0530] {dag.py:3239} INFO - Sync 4 DAGs
[2026-04-08T13:08:22.887+0530] {logging_mixin.py:190} INFO - [2026-04-08T13:08:22.887+0530] {dag.py:4180} INFO - Setting next_dagrun for dataset_alias_example_alias_consumer_with_no_taskflow to None, run_after=None
[2026-04-08T13:08:22.888+0530] {logging_mixin.py:190} INFO - [2026-04-08T13:08:22.888+0530] {dag.py:4180} INFO - Setting next_dagrun for dataset_alias_example_alias_producer_with_no_taskflow to None, run_after=None
[2026-04-08T13:08:22.888+0530] {logging_mixin.py:190} INFO - [2026-04-08T13:08:22.888+0530] {dag.py:4180} INFO - Setting next_dagrun for dataset_s3_bucket_consumer_with_no_taskflow to None, run_after=None
[2026-04-08T13:08:22.889+0530] {logging_mixin.py:190} INFO - [2026-04-08T13:08:22.889+0530] {dag.py:4180} INFO - Setting next_dagrun for dataset_s3_bucket_producer_with_no_taskflow to None, run_after=None
[2026-04-08T13:08:22.900+0530] {processor.py:208} INFO - Processing /Users/navalyemul/Documents/uptime/airflow_venv/lib/python3.12/site-packages/airflow/example_dags/example_dataset_alias_with_no_taskflow.py took 0.115 seconds
[2026-04-08T13:11:06.928+0530] {processor.py:186} INFO - Started process (PID=32983) to work on /Users/navalyemul/Documents/uptime/airflow_venv/lib/python3.12/site-packages/airflow/example_dags/example_dataset_alias_with_no_taskflow.py
[2026-04-08T13:11:06.930+0530] {processor.py:914} INFO - Processing file /Users/navalyemul/Documents/uptime/airflow_venv/lib/python3.12/site-packages/airflow/example_dags/example_dataset_alias_with_no_taskflow.py for tasks to queue
[2026-04-08T13:11:06.931+0530] {logging_mixin.py:190} INFO - [2026-04-08T13:11:06.931+0530] {dagbag.py:588} INFO - Filling up the DagBag from /Users/navalyemul/Documents/uptime/airflow_venv/lib/python3.12/site-packages/airflow/example_dags/example_dataset_alias_with_no_taskflow.py
[2026-04-08T13:11:07.007+0530] {processor.py:925} INFO - DAG(s) 'dataset_s3_bucket_consumer_with_no_taskflow', 'dataset_s3_bucket_producer_with_no_taskflow', 'dataset_alias_example_alias_producer_with_no_taskflow', 'dataset_alias_example_alias_consumer_with_no_taskflow' retrieved from /Users/navalyemul/Documents/uptime/airflow_venv/lib/python3.12/site-packages/airflow/example_dags/example_dataset_alias_with_no_taskflow.py
[2026-04-08T13:11:07.018+0530] {logging_mixin.py:190} INFO - [2026-04-08T13:11:07.018+0530] {dag.py:3239} INFO - Sync 4 DAGs
[2026-04-08T13:11:07.025+0530] {logging_mixin.py:190} INFO - [2026-04-08T13:11:07.025+0530] {dag.py:4180} INFO - Setting next_dagrun for dataset_alias_example_alias_consumer_with_no_taskflow to None, run_after=None
[2026-04-08T13:11:07.026+0530] {logging_mixin.py:190} INFO - [2026-04-08T13:11:07.026+0530] {dag.py:4180} INFO - Setting next_dagrun for dataset_alias_example_alias_producer_with_no_taskflow to None, run_after=None
[2026-04-08T13:11:07.026+0530] {logging_mixin.py:190} INFO - [2026-04-08T13:11:07.026+0530] {dag.py:4180} INFO - Setting next_dagrun for dataset_s3_bucket_consumer_with_no_taskflow to None, run_after=None
[2026-04-08T13:11:07.027+0530] {logging_mixin.py:190} INFO - [2026-04-08T13:11:07.027+0530] {dag.py:4180} INFO - Setting next_dagrun for dataset_s3_bucket_producer_with_no_taskflow to None, run_after=None
[2026-04-08T13:11:07.036+0530] {processor.py:208} INFO - Processing /Users/navalyemul/Documents/uptime/airflow_venv/lib/python3.12/site-packages/airflow/example_dags/example_dataset_alias_with_no_taskflow.py took 0.109 seconds
[2026-04-08T13:13:53.364+0530] {processor.py:186} INFO - Started process (PID=34810) to work on /Users/navalyemul/Documents/uptime/airflow_venv/lib/python3.12/site-packages/airflow/example_dags/example_dataset_alias_with_no_taskflow.py
[2026-04-08T13:13:53.365+0530] {processor.py:914} INFO - Processing file /Users/navalyemul/Documents/uptime/airflow_venv/lib/python3.12/site-packages/airflow/example_dags/example_dataset_alias_with_no_taskflow.py for tasks to queue
[2026-04-08T13:13:53.365+0530] {logging_mixin.py:190} INFO - [2026-04-08T13:13:53.365+0530] {dagbag.py:588} INFO - Filling up the DagBag from /Users/navalyemul/Documents/uptime/airflow_venv/lib/python3.12/site-packages/airflow/example_dags/example_dataset_alias_with_no_taskflow.py
[2026-04-08T13:13:53.446+0530] {processor.py:925} INFO - DAG(s) 'dataset_s3_bucket_consumer_with_no_taskflow', 'dataset_alias_example_alias_consumer_with_no_taskflow', 'dataset_s3_bucket_producer_with_no_taskflow', 'dataset_alias_example_alias_producer_with_no_taskflow' retrieved from /Users/navalyemul/Documents/uptime/airflow_venv/lib/python3.12/site-packages/airflow/example_dags/example_dataset_alias_with_no_taskflow.py
[2026-04-08T13:13:53.457+0530] {logging_mixin.py:190} INFO - [2026-04-08T13:13:53.457+0530] {dag.py:3239} INFO - Sync 4 DAGs
[2026-04-08T13:13:53.465+0530] {logging_mixin.py:190} INFO - [2026-04-08T13:13:53.465+0530] {dag.py:4180} INFO - Setting next_dagrun for dataset_alias_example_alias_consumer_with_no_taskflow to None, run_after=None
[2026-04-08T13:13:53.467+0530] {logging_mixin.py:190} INFO - [2026-04-08T13:13:53.467+0530] {dag.py:4180} INFO - Setting next_dagrun for dataset_alias_example_alias_producer_with_no_taskflow to None, run_after=None
[2026-04-08T13:13:53.467+0530] {logging_mixin.py:190} INFO - [2026-04-08T13:13:53.467+0530] {dag.py:4180} INFO - Setting next_dagrun for dataset_s3_bucket_consumer_with_no_taskflow to None, run_after=None
[2026-04-08T13:13:53.467+0530] {logging_mixin.py:190} INFO - [2026-04-08T13:13:53.467+0530] {dag.py:4180} INFO - Setting next_dagrun for dataset_s3_bucket_producer_with_no_taskflow to None, run_after=None
[2026-04-08T13:13:53.478+0530] {processor.py:208} INFO - Processing /Users/navalyemul/Documents/uptime/airflow_venv/lib/python3.12/site-packages/airflow/example_dags/example_dataset_alias_with_no_taskflow.py took 0.116 seconds
[2026-04-08T13:16:40.946+0530] {processor.py:186} INFO - Started process (PID=36712) to work on /Users/navalyemul/Documents/uptime/airflow_venv/lib/python3.12/site-packages/airflow/example_dags/example_dataset_alias_with_no_taskflow.py
[2026-04-08T13:16:40.946+0530] {processor.py:914} INFO - Processing file /Users/navalyemul/Documents/uptime/airflow_venv/lib/python3.12/site-packages/airflow/example_dags/example_dataset_alias_with_no_taskflow.py for tasks to queue
[2026-04-08T13:16:40.947+0530] {logging_mixin.py:190} INFO - [2026-04-08T13:16:40.947+0530] {dagbag.py:588} INFO - Filling up the DagBag from /Users/navalyemul/Documents/uptime/airflow_venv/lib/python3.12/site-packages/airflow/example_dags/example_dataset_alias_with_no_taskflow.py
[2026-04-08T13:16:41.021+0530] {processor.py:925} INFO - DAG(s) 'dataset_alias_example_alias_producer_with_no_taskflow', 'dataset_s3_bucket_consumer_with_no_taskflow', 'dataset_alias_example_alias_consumer_with_no_taskflow', 'dataset_s3_bucket_producer_with_no_taskflow' retrieved from /Users/navalyemul/Documents/uptime/airflow_venv/lib/python3.12/site-packages/airflow/example_dags/example_dataset_alias_with_no_taskflow.py
[2026-04-08T13:16:41.032+0530] {logging_mixin.py:190} INFO - [2026-04-08T13:16:41.032+0530] {dag.py:3239} INFO - Sync 4 DAGs
[2026-04-08T13:16:41.040+0530] {logging_mixin.py:190} INFO - [2026-04-08T13:16:41.040+0530] {dag.py:4180} INFO - Setting next_dagrun for dataset_alias_example_alias_consumer_with_no_taskflow to None, run_after=None
[2026-04-08T13:16:41.041+0530] {logging_mixin.py:190} INFO - [2026-04-08T13:16:41.041+0530] {dag.py:4180} INFO - Setting next_dagrun for dataset_alias_example_alias_producer_with_no_taskflow to None, run_after=None
[2026-04-08T13:16:41.041+0530] {logging_mixin.py:190} INFO - [2026-04-08T13:16:41.041+0530] {dag.py:4180} INFO - Setting next_dagrun for dataset_s3_bucket_consumer_with_no_taskflow to None, run_after=None
[2026-04-08T13:16:41.042+0530] {logging_mixin.py:190} INFO - [2026-04-08T13:16:41.042+0530] {dag.py:4180} INFO - Setting next_dagrun for dataset_s3_bucket_producer_with_no_taskflow to None, run_after=None
[2026-04-08T13:16:41.052+0530] {processor.py:208} INFO - Processing /Users/navalyemul/Documents/uptime/airflow_venv/lib/python3.12/site-packages/airflow/example_dags/example_dataset_alias_with_no_taskflow.py took 0.108 seconds
[2026-04-08T13:19:33.592+0530] {processor.py:186} INFO - Started process (PID=38606) to work on /Users/navalyemul/Documents/uptime/airflow_venv/lib/python3.12/site-packages/airflow/example_dags/example_dataset_alias_with_no_taskflow.py
[2026-04-08T13:19:33.593+0530] {processor.py:914} INFO - Processing file /Users/navalyemul/Documents/uptime/airflow_venv/lib/python3.12/site-packages/airflow/example_dags/example_dataset_alias_with_no_taskflow.py for tasks to queue
[2026-04-08T13:19:33.594+0530] {logging_mixin.py:190} INFO - [2026-04-08T13:19:33.594+0530] {dagbag.py:588} INFO - Filling up the DagBag from /Users/navalyemul/Documents/uptime/airflow_venv/lib/python3.12/site-packages/airflow/example_dags/example_dataset_alias_with_no_taskflow.py
[2026-04-08T13:19:33.670+0530] {processor.py:925} INFO - DAG(s) 'dataset_s3_bucket_producer_with_no_taskflow', 'dataset_alias_example_alias_consumer_with_no_taskflow', 'dataset_s3_bucket_consumer_with_no_taskflow', 'dataset_alias_example_alias_producer_with_no_taskflow' retrieved from /Users/navalyemul/Documents/uptime/airflow_venv/lib/python3.12/site-packages/airflow/example_dags/example_dataset_alias_with_no_taskflow.py
[2026-04-08T13:19:33.680+0530] {logging_mixin.py:190} INFO - [2026-04-08T13:19:33.680+0530] {dag.py:3239} INFO - Sync 4 DAGs
[2026-04-08T13:19:33.688+0530] {logging_mixin.py:190} INFO - [2026-04-08T13:19:33.688+0530] {dag.py:4180} INFO - Setting next_dagrun for dataset_alias_example_alias_consumer_with_no_taskflow to None, run_after=None
[2026-04-08T13:19:33.689+0530] {logging_mixin.py:190} INFO - [2026-04-08T13:19:33.689+0530] {dag.py:4180} INFO - Setting next_dagrun for dataset_alias_example_alias_producer_with_no_taskflow to None, run_after=None
[2026-04-08T13:19:33.689+0530] {logging_mixin.py:190} INFO - [2026-04-08T13:19:33.689+0530] {dag.py:4180} INFO - Setting next_dagrun for dataset_s3_bucket_consumer_with_no_taskflow to None, run_after=None
[2026-04-08T13:19:33.689+0530] {logging_mixin.py:190} INFO - [2026-04-08T13:19:33.689+0530] {dag.py:4180} INFO - Setting next_dagrun for dataset_s3_bucket_producer_with_no_taskflow to None, run_after=None
[2026-04-08T13:19:33.699+0530] {processor.py:208} INFO - Processing /Users/navalyemul/Documents/uptime/airflow_venv/lib/python3.12/site-packages/airflow/example_dags/example_dataset_alias_with_no_taskflow.py took 0.109 seconds
[2026-04-08T13:30:06.154+0530] {processor.py:186} INFO - Started process (PID=39858) to work on /Users/navalyemul/Documents/uptime/airflow_venv/lib/python3.12/site-packages/airflow/example_dags/example_dataset_alias_with_no_taskflow.py
[2026-04-08T13:30:06.156+0530] {processor.py:914} INFO - Processing file /Users/navalyemul/Documents/uptime/airflow_venv/lib/python3.12/site-packages/airflow/example_dags/example_dataset_alias_with_no_taskflow.py for tasks to queue
[2026-04-08T13:30:06.158+0530] {logging_mixin.py:190} INFO - [2026-04-08T13:30:06.158+0530] {dagbag.py:588} INFO - Filling up the DagBag from /Users/navalyemul/Documents/uptime/airflow_venv/lib/python3.12/site-packages/airflow/example_dags/example_dataset_alias_with_no_taskflow.py
[2026-04-08T13:30:06.407+0530] {processor.py:925} INFO - DAG(s) 'dataset_s3_bucket_producer_with_no_taskflow', 'dataset_alias_example_alias_producer_with_no_taskflow', 'dataset_alias_example_alias_consumer_with_no_taskflow', 'dataset_s3_bucket_consumer_with_no_taskflow' retrieved from /Users/navalyemul/Documents/uptime/airflow_venv/lib/python3.12/site-packages/airflow/example_dags/example_dataset_alias_with_no_taskflow.py
[2026-04-08T13:30:06.445+0530] {logging_mixin.py:190} INFO - [2026-04-08T13:30:06.444+0530] {dag.py:3239} INFO - Sync 4 DAGs
[2026-04-08T13:30:06.472+0530] {logging_mixin.py:190} INFO - [2026-04-08T13:30:06.472+0530] {dag.py:4180} INFO - Setting next_dagrun for dataset_alias_example_alias_consumer_with_no_taskflow to None, run_after=None
[2026-04-08T13:30:06.476+0530] {logging_mixin.py:190} INFO - [2026-04-08T13:30:06.476+0530] {dag.py:4180} INFO - Setting next_dagrun for dataset_alias_example_alias_producer_with_no_taskflow to None, run_after=None
[2026-04-08T13:30:06.478+0530] {logging_mixin.py:190} INFO - [2026-04-08T13:30:06.478+0530] {dag.py:4180} INFO - Setting next_dagrun for dataset_s3_bucket_consumer_with_no_taskflow to None, run_after=None
[2026-04-08T13:30:06.479+0530] {logging_mixin.py:190} INFO - [2026-04-08T13:30:06.479+0530] {dag.py:4180} INFO - Setting next_dagrun for dataset_s3_bucket_producer_with_no_taskflow to None, run_after=None
[2026-04-08T13:30:06.513+0530] {processor.py:208} INFO - Processing /Users/navalyemul/Documents/uptime/airflow_venv/lib/python3.12/site-packages/airflow/example_dags/example_dataset_alias_with_no_taskflow.py took 0.364 seconds
[2026-04-08T13:41:08.411+0530] {processor.py:186} INFO - Started process (PID=41876) to work on /Users/navalyemul/Documents/uptime/airflow_venv/lib/python3.12/site-packages/airflow/example_dags/example_dataset_alias_with_no_taskflow.py
[2026-04-08T13:41:08.412+0530] {processor.py:914} INFO - Processing file /Users/navalyemul/Documents/uptime/airflow_venv/lib/python3.12/site-packages/airflow/example_dags/example_dataset_alias_with_no_taskflow.py for tasks to queue
[2026-04-08T13:41:08.413+0530] {logging_mixin.py:190} INFO - [2026-04-08T13:41:08.413+0530] {dagbag.py:588} INFO - Filling up the DagBag from /Users/navalyemul/Documents/uptime/airflow_venv/lib/python3.12/site-packages/airflow/example_dags/example_dataset_alias_with_no_taskflow.py
[2026-04-08T13:41:08.478+0530] {processor.py:925} INFO - DAG(s) 'dataset_alias_example_alias_consumer_with_no_taskflow', 'dataset_s3_bucket_consumer_with_no_taskflow', 'dataset_alias_example_alias_producer_with_no_taskflow', 'dataset_s3_bucket_producer_with_no_taskflow' retrieved from /Users/navalyemul/Documents/uptime/airflow_venv/lib/python3.12/site-packages/airflow/example_dags/example_dataset_alias_with_no_taskflow.py
[2026-04-08T13:41:08.489+0530] {logging_mixin.py:190} INFO - [2026-04-08T13:41:08.488+0530] {dag.py:3239} INFO - Sync 4 DAGs
[2026-04-08T13:41:08.496+0530] {logging_mixin.py:190} INFO - [2026-04-08T13:41:08.496+0530] {dag.py:4180} INFO - Setting next_dagrun for dataset_alias_example_alias_consumer_with_no_taskflow to None, run_after=None
[2026-04-08T13:41:08.497+0530] {logging_mixin.py:190} INFO - [2026-04-08T13:41:08.497+0530] {dag.py:4180} INFO - Setting next_dagrun for dataset_alias_example_alias_producer_with_no_taskflow to None, run_after=None
[2026-04-08T13:41:08.498+0530] {logging_mixin.py:190} INFO - [2026-04-08T13:41:08.498+0530] {dag.py:4180} INFO - Setting next_dagrun for dataset_s3_bucket_consumer_with_no_taskflow to None, run_after=None
[2026-04-08T13:41:08.498+0530] {logging_mixin.py:190} INFO - [2026-04-08T13:41:08.498+0530] {dag.py:4180} INFO - Setting next_dagrun for dataset_s3_bucket_producer_with_no_taskflow to None, run_after=None
[2026-04-08T13:41:08.507+0530] {processor.py:208} INFO - Processing /Users/navalyemul/Documents/uptime/airflow_venv/lib/python3.12/site-packages/airflow/example_dags/example_dataset_alias_with_no_taskflow.py took 0.098 seconds
[2026-04-08T13:55:37.087+0530] {processor.py:186} INFO - Started process (PID=44126) to work on /Users/navalyemul/Documents/uptime/airflow_venv/lib/python3.12/site-packages/airflow/example_dags/example_dataset_alias_with_no_taskflow.py
[2026-04-08T13:55:37.089+0530] {processor.py:914} INFO - Processing file /Users/navalyemul/Documents/uptime/airflow_venv/lib/python3.12/site-packages/airflow/example_dags/example_dataset_alias_with_no_taskflow.py for tasks to queue
[2026-04-08T13:55:37.090+0530] {logging_mixin.py:190} INFO - [2026-04-08T13:55:37.089+0530] {dagbag.py:588} INFO - Filling up the DagBag from /Users/navalyemul/Documents/uptime/airflow_venv/lib/python3.12/site-packages/airflow/example_dags/example_dataset_alias_with_no_taskflow.py
[2026-04-08T13:55:37.168+0530] {processor.py:925} INFO - DAG(s) 'dataset_s3_bucket_consumer_with_no_taskflow', 'dataset_s3_bucket_producer_with_no_taskflow', 'dataset_alias_example_alias_producer_with_no_taskflow', 'dataset_alias_example_alias_consumer_with_no_taskflow' retrieved from /Users/navalyemul/Documents/uptime/airflow_venv/lib/python3.12/site-packages/airflow/example_dags/example_dataset_alias_with_no_taskflow.py
[2026-04-08T13:55:37.179+0530] {logging_mixin.py:190} INFO - [2026-04-08T13:55:37.179+0530] {dag.py:3239} INFO - Sync 4 DAGs
[2026-04-08T13:55:37.187+0530] {logging_mixin.py:190} INFO - [2026-04-08T13:55:37.187+0530] {dag.py:4180} INFO - Setting next_dagrun for dataset_alias_example_alias_consumer_with_no_taskflow to None, run_after=None
[2026-04-08T13:55:37.188+0530] {logging_mixin.py:190} INFO - [2026-04-08T13:55:37.188+0530] {dag.py:4180} INFO - Setting next_dagrun for dataset_alias_example_alias_producer_with_no_taskflow to None, run_after=None
[2026-04-08T13:55:37.189+0530] {logging_mixin.py:190} INFO - [2026-04-08T13:55:37.189+0530] {dag.py:4180} INFO - Setting next_dagrun for dataset_s3_bucket_consumer_with_no_taskflow to None, run_after=None
[2026-04-08T13:55:37.189+0530] {logging_mixin.py:190} INFO - [2026-04-08T13:55:37.189+0530] {dag.py:4180} INFO - Setting next_dagrun for dataset_s3_bucket_producer_with_no_taskflow to None, run_after=None
[2026-04-08T13:55:37.201+0530] {processor.py:208} INFO - Processing /Users/navalyemul/Documents/uptime/airflow_venv/lib/python3.12/site-packages/airflow/example_dags/example_dataset_alias_with_no_taskflow.py took 0.118 seconds
[2026-04-08T13:59:00.470+0530] {processor.py:186} INFO - Started process (PID=46108) to work on /Users/navalyemul/Documents/uptime/airflow_venv/lib/python3.12/site-packages/airflow/example_dags/example_dataset_alias_with_no_taskflow.py
[2026-04-08T13:59:00.473+0530] {processor.py:914} INFO - Processing file /Users/navalyemul/Documents/uptime/airflow_venv/lib/python3.12/site-packages/airflow/example_dags/example_dataset_alias_with_no_taskflow.py for tasks to queue
[2026-04-08T13:59:00.473+0530] {logging_mixin.py:190} INFO - [2026-04-08T13:59:00.473+0530] {dagbag.py:588} INFO - Filling up the DagBag from /Users/navalyemul/Documents/uptime/airflow_venv/lib/python3.12/site-packages/airflow/example_dags/example_dataset_alias_with_no_taskflow.py
[2026-04-08T13:59:00.551+0530] {processor.py:925} INFO - DAG(s) 'dataset_s3_bucket_producer_with_no_taskflow', 'dataset_alias_example_alias_consumer_with_no_taskflow', 'dataset_alias_example_alias_producer_with_no_taskflow', 'dataset_s3_bucket_consumer_with_no_taskflow' retrieved from /Users/navalyemul/Documents/uptime/airflow_venv/lib/python3.12/site-packages/airflow/example_dags/example_dataset_alias_with_no_taskflow.py
[2026-04-08T13:59:00.564+0530] {logging_mixin.py:190} INFO - [2026-04-08T13:59:00.564+0530] {dag.py:3239} INFO - Sync 4 DAGs
[2026-04-08T13:59:00.572+0530] {logging_mixin.py:190} INFO - [2026-04-08T13:59:00.572+0530] {dag.py:4180} INFO - Setting next_dagrun for dataset_alias_example_alias_consumer_with_no_taskflow to None, run_after=None
[2026-04-08T13:59:00.573+0530] {logging_mixin.py:190} INFO - [2026-04-08T13:59:00.573+0530] {dag.py:4180} INFO - Setting next_dagrun for dataset_alias_example_alias_producer_with_no_taskflow to None, run_after=None
[2026-04-08T13:59:00.573+0530] {logging_mixin.py:190} INFO - [2026-04-08T13:59:00.573+0530] {dag.py:4180} INFO - Setting next_dagrun for dataset_s3_bucket_consumer_with_no_taskflow to None, run_after=None
[2026-04-08T13:59:00.574+0530] {logging_mixin.py:190} INFO - [2026-04-08T13:59:00.574+0530] {dag.py:4180} INFO - Setting next_dagrun for dataset_s3_bucket_producer_with_no_taskflow to None, run_after=None
[2026-04-08T13:59:00.585+0530] {processor.py:208} INFO - Processing /Users/navalyemul/Documents/uptime/airflow_venv/lib/python3.12/site-packages/airflow/example_dags/example_dataset_alias_with_no_taskflow.py took 0.120 seconds
