[2026-04-08T12:44:27.263+0530] {processor.py:186} INFO - Started process (PID=15964) to work on /Users/navalyemul/Documents/uptime/airflow_venv/lib/python3.12/site-packages/airflow/example_dags/example_setup_teardown_taskflow.py
[2026-04-08T12:44:27.264+0530] {processor.py:914} INFO - Processing file /Users/navalyemul/Documents/uptime/airflow_venv/lib/python3.12/site-packages/airflow/example_dags/example_setup_teardown_taskflow.py for tasks to queue
[2026-04-08T12:44:27.265+0530] {logging_mixin.py:190} INFO - [2026-04-08T12:44:27.265+0530] {dagbag.py:588} INFO - Filling up the DagBag from /Users/navalyemul/Documents/uptime/airflow_venv/lib/python3.12/site-packages/airflow/example_dags/example_setup_teardown_taskflow.py
[2026-04-08T12:44:27.297+0530] {processor.py:925} INFO - DAG(s) 'example_setup_teardown_taskflow' retrieved from /Users/navalyemul/Documents/uptime/airflow_venv/lib/python3.12/site-packages/airflow/example_dags/example_setup_teardown_taskflow.py
[2026-04-08T12:44:27.401+0530] {logging_mixin.py:190} INFO - [2026-04-08T12:44:27.400+0530] {override.py:1912} INFO - Created Permission View: can read on DAG:example_setup_teardown_taskflow
[2026-04-08T12:44:27.405+0530] {logging_mixin.py:190} INFO - [2026-04-08T12:44:27.405+0530] {override.py:1912} INFO - Created Permission View: can delete on DAG:example_setup_teardown_taskflow
[2026-04-08T12:44:27.409+0530] {logging_mixin.py:190} INFO - [2026-04-08T12:44:27.408+0530] {override.py:1912} INFO - Created Permission View: can edit on DAG:example_setup_teardown_taskflow
[2026-04-08T12:44:27.416+0530] {logging_mixin.py:190} INFO - [2026-04-08T12:44:27.415+0530] {override.py:1912} INFO - Created Permission View: can read on DAG Run:example_setup_teardown_taskflow
[2026-04-08T12:44:27.418+0530] {logging_mixin.py:190} INFO - [2026-04-08T12:44:27.418+0530] {override.py:1912} INFO - Created Permission View: menu access on DAG Run:example_setup_teardown_taskflow
[2026-04-08T12:44:27.421+0530] {logging_mixin.py:190} INFO - [2026-04-08T12:44:27.420+0530] {override.py:1912} INFO - Created Permission View: can delete on DAG Run:example_setup_teardown_taskflow
[2026-04-08T12:44:27.424+0530] {logging_mixin.py:190} INFO - [2026-04-08T12:44:27.423+0530] {override.py:1912} INFO - Created Permission View: can create on DAG Run:example_setup_teardown_taskflow
[2026-04-08T12:44:27.424+0530] {logging_mixin.py:190} INFO - [2026-04-08T12:44:27.424+0530] {dag.py:3239} INFO - Sync 1 DAGs
[2026-04-08T12:44:27.429+0530] {logging_mixin.py:190} INFO - [2026-04-08T12:44:27.429+0530] {dag.py:3262} INFO - Creating ORM DAG for example_setup_teardown_taskflow
[2026-04-08T12:44:27.429+0530] {logging_mixin.py:190} INFO - [2026-04-08T12:44:27.429+0530] {dag.py:4180} INFO - Setting next_dagrun for example_setup_teardown_taskflow to None, run_after=None
[2026-04-08T12:44:27.479+0530] {processor.py:208} INFO - Processing /Users/navalyemul/Documents/uptime/airflow_venv/lib/python3.12/site-packages/airflow/example_dags/example_setup_teardown_taskflow.py took 0.220 seconds
[2026-04-08T12:47:00.599+0530] {processor.py:186} INFO - Started process (PID=17505) to work on /Users/navalyemul/Documents/uptime/airflow_venv/lib/python3.12/site-packages/airflow/example_dags/example_setup_teardown_taskflow.py
[2026-04-08T12:47:00.600+0530] {processor.py:914} INFO - Processing file /Users/navalyemul/Documents/uptime/airflow_venv/lib/python3.12/site-packages/airflow/example_dags/example_setup_teardown_taskflow.py for tasks to queue
[2026-04-08T12:47:00.601+0530] {logging_mixin.py:190} INFO - [2026-04-08T12:47:00.601+0530] {dagbag.py:588} INFO - Filling up the DagBag from /Users/navalyemul/Documents/uptime/airflow_venv/lib/python3.12/site-packages/airflow/example_dags/example_setup_teardown_taskflow.py
[2026-04-08T12:47:00.632+0530] {processor.py:925} INFO - DAG(s) 'example_setup_teardown_taskflow' retrieved from /Users/navalyemul/Documents/uptime/airflow_venv/lib/python3.12/site-packages/airflow/example_dags/example_setup_teardown_taskflow.py
[2026-04-08T12:47:00.692+0530] {logging_mixin.py:190} INFO - [2026-04-08T12:47:00.691+0530] {dag.py:3239} INFO - Sync 1 DAGs
[2026-04-08T12:47:00.697+0530] {logging_mixin.py:190} INFO - [2026-04-08T12:47:00.697+0530] {dag.py:4180} INFO - Setting next_dagrun for example_setup_teardown_taskflow to None, run_after=None
[2026-04-08T12:47:00.713+0530] {processor.py:208} INFO - Processing /Users/navalyemul/Documents/uptime/airflow_venv/lib/python3.12/site-packages/airflow/example_dags/example_setup_teardown_taskflow.py took 0.118 seconds
[2026-04-08T12:48:56.430+0530] {processor.py:186} INFO - Started process (PID=18816) to work on /Users/navalyemul/Documents/uptime/airflow_venv/lib/python3.12/site-packages/airflow/example_dags/example_setup_teardown_taskflow.py
[2026-04-08T12:48:56.431+0530] {processor.py:914} INFO - Processing file /Users/navalyemul/Documents/uptime/airflow_venv/lib/python3.12/site-packages/airflow/example_dags/example_setup_teardown_taskflow.py for tasks to queue
[2026-04-08T12:48:56.432+0530] {logging_mixin.py:190} INFO - [2026-04-08T12:48:56.432+0530] {dagbag.py:588} INFO - Filling up the DagBag from /Users/navalyemul/Documents/uptime/airflow_venv/lib/python3.12/site-packages/airflow/example_dags/example_setup_teardown_taskflow.py
[2026-04-08T12:48:56.456+0530] {processor.py:925} INFO - DAG(s) 'example_setup_teardown_taskflow' retrieved from /Users/navalyemul/Documents/uptime/airflow_venv/lib/python3.12/site-packages/airflow/example_dags/example_setup_teardown_taskflow.py
[2026-04-08T12:48:56.498+0530] {logging_mixin.py:190} INFO - [2026-04-08T12:48:56.498+0530] {dag.py:3239} INFO - Sync 1 DAGs
[2026-04-08T12:48:56.502+0530] {logging_mixin.py:190} INFO - [2026-04-08T12:48:56.502+0530] {dag.py:4180} INFO - Setting next_dagrun for example_setup_teardown_taskflow to None, run_after=None
[2026-04-08T12:48:56.510+0530] {processor.py:208} INFO - Processing /Users/navalyemul/Documents/uptime/airflow_venv/lib/python3.12/site-packages/airflow/example_dags/example_setup_teardown_taskflow.py took 0.082 seconds
[2026-04-08T12:50:19.740+0530] {processor.py:186} INFO - Started process (PID=19776) to work on /Users/navalyemul/Documents/uptime/airflow_venv/lib/python3.12/site-packages/airflow/example_dags/example_setup_teardown_taskflow.py
[2026-04-08T12:50:19.741+0530] {processor.py:914} INFO - Processing file /Users/navalyemul/Documents/uptime/airflow_venv/lib/python3.12/site-packages/airflow/example_dags/example_setup_teardown_taskflow.py for tasks to queue
[2026-04-08T12:50:19.741+0530] {logging_mixin.py:190} INFO - [2026-04-08T12:50:19.741+0530] {dagbag.py:588} INFO - Filling up the DagBag from /Users/navalyemul/Documents/uptime/airflow_venv/lib/python3.12/site-packages/airflow/example_dags/example_setup_teardown_taskflow.py
[2026-04-08T12:50:19.762+0530] {processor.py:925} INFO - DAG(s) 'example_setup_teardown_taskflow' retrieved from /Users/navalyemul/Documents/uptime/airflow_venv/lib/python3.12/site-packages/airflow/example_dags/example_setup_teardown_taskflow.py
[2026-04-08T12:50:19.803+0530] {logging_mixin.py:190} INFO - [2026-04-08T12:50:19.803+0530] {dag.py:3239} INFO - Sync 1 DAGs
[2026-04-08T12:50:19.808+0530] {logging_mixin.py:190} INFO - [2026-04-08T12:50:19.807+0530] {dag.py:4180} INFO - Setting next_dagrun for example_setup_teardown_taskflow to None, run_after=None
[2026-04-08T12:50:19.816+0530] {processor.py:208} INFO - Processing /Users/navalyemul/Documents/uptime/airflow_venv/lib/python3.12/site-packages/airflow/example_dags/example_setup_teardown_taskflow.py took 0.077 seconds
[2026-04-08T12:51:52.917+0530] {processor.py:186} INFO - Started process (PID=20697) to work on /Users/navalyemul/Documents/uptime/airflow_venv/lib/python3.12/site-packages/airflow/example_dags/example_setup_teardown_taskflow.py
[2026-04-08T12:51:52.918+0530] {processor.py:914} INFO - Processing file /Users/navalyemul/Documents/uptime/airflow_venv/lib/python3.12/site-packages/airflow/example_dags/example_setup_teardown_taskflow.py for tasks to queue
[2026-04-08T12:51:52.918+0530] {logging_mixin.py:190} INFO - [2026-04-08T12:51:52.918+0530] {dagbag.py:588} INFO - Filling up the DagBag from /Users/navalyemul/Documents/uptime/airflow_venv/lib/python3.12/site-packages/airflow/example_dags/example_setup_teardown_taskflow.py
[2026-04-08T12:51:52.941+0530] {processor.py:925} INFO - DAG(s) 'example_setup_teardown_taskflow' retrieved from /Users/navalyemul/Documents/uptime/airflow_venv/lib/python3.12/site-packages/airflow/example_dags/example_setup_teardown_taskflow.py
[2026-04-08T12:51:52.982+0530] {logging_mixin.py:190} INFO - [2026-04-08T12:51:52.982+0530] {dag.py:3239} INFO - Sync 1 DAGs
[2026-04-08T12:51:52.988+0530] {logging_mixin.py:190} INFO - [2026-04-08T12:51:52.987+0530] {dag.py:4180} INFO - Setting next_dagrun for example_setup_teardown_taskflow to None, run_after=None
[2026-04-08T12:51:52.996+0530] {processor.py:208} INFO - Processing /Users/navalyemul/Documents/uptime/airflow_venv/lib/python3.12/site-packages/airflow/example_dags/example_setup_teardown_taskflow.py took 0.080 seconds
[2026-04-08T12:53:42.275+0530] {processor.py:186} INFO - Started process (PID=21648) to work on /Users/navalyemul/Documents/uptime/airflow_venv/lib/python3.12/site-packages/airflow/example_dags/example_setup_teardown_taskflow.py
[2026-04-08T12:53:42.276+0530] {processor.py:914} INFO - Processing file /Users/navalyemul/Documents/uptime/airflow_venv/lib/python3.12/site-packages/airflow/example_dags/example_setup_teardown_taskflow.py for tasks to queue
[2026-04-08T12:53:42.277+0530] {logging_mixin.py:190} INFO - [2026-04-08T12:53:42.277+0530] {dagbag.py:588} INFO - Filling up the DagBag from /Users/navalyemul/Documents/uptime/airflow_venv/lib/python3.12/site-packages/airflow/example_dags/example_setup_teardown_taskflow.py
[2026-04-08T12:53:42.310+0530] {processor.py:925} INFO - DAG(s) 'example_setup_teardown_taskflow' retrieved from /Users/navalyemul/Documents/uptime/airflow_venv/lib/python3.12/site-packages/airflow/example_dags/example_setup_teardown_taskflow.py
[2026-04-08T12:53:42.360+0530] {logging_mixin.py:190} INFO - [2026-04-08T12:53:42.359+0530] {dag.py:3239} INFO - Sync 1 DAGs
[2026-04-08T12:53:42.366+0530] {logging_mixin.py:190} INFO - [2026-04-08T12:53:42.365+0530] {dag.py:4180} INFO - Setting next_dagrun for example_setup_teardown_taskflow to None, run_after=None
[2026-04-08T12:53:42.376+0530] {processor.py:208} INFO - Processing /Users/navalyemul/Documents/uptime/airflow_venv/lib/python3.12/site-packages/airflow/example_dags/example_setup_teardown_taskflow.py took 0.104 seconds
[2026-04-08T12:55:29.165+0530] {processor.py:186} INFO - Started process (PID=22537) to work on /Users/navalyemul/Documents/uptime/airflow_venv/lib/python3.12/site-packages/airflow/example_dags/example_setup_teardown_taskflow.py
[2026-04-08T12:55:29.165+0530] {processor.py:914} INFO - Processing file /Users/navalyemul/Documents/uptime/airflow_venv/lib/python3.12/site-packages/airflow/example_dags/example_setup_teardown_taskflow.py for tasks to queue
[2026-04-08T12:55:29.166+0530] {logging_mixin.py:190} INFO - [2026-04-08T12:55:29.166+0530] {dagbag.py:588} INFO - Filling up the DagBag from /Users/navalyemul/Documents/uptime/airflow_venv/lib/python3.12/site-packages/airflow/example_dags/example_setup_teardown_taskflow.py
[2026-04-08T12:55:29.187+0530] {processor.py:925} INFO - DAG(s) 'example_setup_teardown_taskflow' retrieved from /Users/navalyemul/Documents/uptime/airflow_venv/lib/python3.12/site-packages/airflow/example_dags/example_setup_teardown_taskflow.py
[2026-04-08T12:55:29.231+0530] {logging_mixin.py:190} INFO - [2026-04-08T12:55:29.231+0530] {dag.py:3239} INFO - Sync 1 DAGs
[2026-04-08T12:55:29.236+0530] {logging_mixin.py:190} INFO - [2026-04-08T12:55:29.236+0530] {dag.py:4180} INFO - Setting next_dagrun for example_setup_teardown_taskflow to None, run_after=None
[2026-04-08T12:55:29.245+0530] {processor.py:208} INFO - Processing /Users/navalyemul/Documents/uptime/airflow_venv/lib/python3.12/site-packages/airflow/example_dags/example_setup_teardown_taskflow.py took 0.083 seconds
[2026-04-08T12:57:01.529+0530] {processor.py:186} INFO - Started process (PID=23512) to work on /Users/navalyemul/Documents/uptime/airflow_venv/lib/python3.12/site-packages/airflow/example_dags/example_setup_teardown_taskflow.py
[2026-04-08T12:57:01.530+0530] {processor.py:914} INFO - Processing file /Users/navalyemul/Documents/uptime/airflow_venv/lib/python3.12/site-packages/airflow/example_dags/example_setup_teardown_taskflow.py for tasks to queue
[2026-04-08T12:57:01.530+0530] {logging_mixin.py:190} INFO - [2026-04-08T12:57:01.530+0530] {dagbag.py:588} INFO - Filling up the DagBag from /Users/navalyemul/Documents/uptime/airflow_venv/lib/python3.12/site-packages/airflow/example_dags/example_setup_teardown_taskflow.py
[2026-04-08T12:57:01.559+0530] {processor.py:925} INFO - DAG(s) 'example_setup_teardown_taskflow' retrieved from /Users/navalyemul/Documents/uptime/airflow_venv/lib/python3.12/site-packages/airflow/example_dags/example_setup_teardown_taskflow.py
[2026-04-08T12:57:01.605+0530] {logging_mixin.py:190} INFO - [2026-04-08T12:57:01.604+0530] {dag.py:3239} INFO - Sync 1 DAGs
[2026-04-08T12:57:01.609+0530] {logging_mixin.py:190} INFO - [2026-04-08T12:57:01.609+0530] {dag.py:4180} INFO - Setting next_dagrun for example_setup_teardown_taskflow to None, run_after=None
[2026-04-08T12:57:01.618+0530] {processor.py:208} INFO - Processing /Users/navalyemul/Documents/uptime/airflow_venv/lib/python3.12/site-packages/airflow/example_dags/example_setup_teardown_taskflow.py took 0.091 seconds
[2026-04-08T12:58:30.013+0530] {processor.py:186} INFO - Started process (PID=24437) to work on /Users/navalyemul/Documents/uptime/airflow_venv/lib/python3.12/site-packages/airflow/example_dags/example_setup_teardown_taskflow.py
[2026-04-08T12:58:30.014+0530] {processor.py:914} INFO - Processing file /Users/navalyemul/Documents/uptime/airflow_venv/lib/python3.12/site-packages/airflow/example_dags/example_setup_teardown_taskflow.py for tasks to queue
[2026-04-08T12:58:30.014+0530] {logging_mixin.py:190} INFO - [2026-04-08T12:58:30.014+0530] {dagbag.py:588} INFO - Filling up the DagBag from /Users/navalyemul/Documents/uptime/airflow_venv/lib/python3.12/site-packages/airflow/example_dags/example_setup_teardown_taskflow.py
[2026-04-08T12:58:30.038+0530] {processor.py:925} INFO - DAG(s) 'example_setup_teardown_taskflow' retrieved from /Users/navalyemul/Documents/uptime/airflow_venv/lib/python3.12/site-packages/airflow/example_dags/example_setup_teardown_taskflow.py
[2026-04-08T12:58:30.080+0530] {logging_mixin.py:190} INFO - [2026-04-08T12:58:30.080+0530] {dag.py:3239} INFO - Sync 1 DAGs
[2026-04-08T12:58:30.085+0530] {logging_mixin.py:190} INFO - [2026-04-08T12:58:30.085+0530] {dag.py:4180} INFO - Setting next_dagrun for example_setup_teardown_taskflow to None, run_after=None
[2026-04-08T12:58:30.093+0530] {processor.py:208} INFO - Processing /Users/navalyemul/Documents/uptime/airflow_venv/lib/python3.12/site-packages/airflow/example_dags/example_setup_teardown_taskflow.py took 0.082 seconds
[2026-04-08T12:59:54.527+0530] {processor.py:186} INFO - Started process (PID=25369) to work on /Users/navalyemul/Documents/uptime/airflow_venv/lib/python3.12/site-packages/airflow/example_dags/example_setup_teardown_taskflow.py
[2026-04-08T12:59:54.527+0530] {processor.py:914} INFO - Processing file /Users/navalyemul/Documents/uptime/airflow_venv/lib/python3.12/site-packages/airflow/example_dags/example_setup_teardown_taskflow.py for tasks to queue
[2026-04-08T12:59:54.528+0530] {logging_mixin.py:190} INFO - [2026-04-08T12:59:54.528+0530] {dagbag.py:588} INFO - Filling up the DagBag from /Users/navalyemul/Documents/uptime/airflow_venv/lib/python3.12/site-packages/airflow/example_dags/example_setup_teardown_taskflow.py
[2026-04-08T12:59:54.550+0530] {processor.py:925} INFO - DAG(s) 'example_setup_teardown_taskflow' retrieved from /Users/navalyemul/Documents/uptime/airflow_venv/lib/python3.12/site-packages/airflow/example_dags/example_setup_teardown_taskflow.py
[2026-04-08T12:59:54.591+0530] {logging_mixin.py:190} INFO - [2026-04-08T12:59:54.591+0530] {dag.py:3239} INFO - Sync 1 DAGs
[2026-04-08T12:59:54.595+0530] {logging_mixin.py:190} INFO - [2026-04-08T12:59:54.595+0530] {dag.py:4180} INFO - Setting next_dagrun for example_setup_teardown_taskflow to None, run_after=None
[2026-04-08T12:59:54.603+0530] {processor.py:208} INFO - Processing /Users/navalyemul/Documents/uptime/airflow_venv/lib/python3.12/site-packages/airflow/example_dags/example_setup_teardown_taskflow.py took 0.078 seconds
[2026-04-08T13:01:14.549+0530] {processor.py:186} INFO - Started process (PID=26295) to work on /Users/navalyemul/Documents/uptime/airflow_venv/lib/python3.12/site-packages/airflow/example_dags/example_setup_teardown_taskflow.py
[2026-04-08T13:01:14.549+0530] {processor.py:914} INFO - Processing file /Users/navalyemul/Documents/uptime/airflow_venv/lib/python3.12/site-packages/airflow/example_dags/example_setup_teardown_taskflow.py for tasks to queue
[2026-04-08T13:01:14.550+0530] {logging_mixin.py:190} INFO - [2026-04-08T13:01:14.550+0530] {dagbag.py:588} INFO - Filling up the DagBag from /Users/navalyemul/Documents/uptime/airflow_venv/lib/python3.12/site-packages/airflow/example_dags/example_setup_teardown_taskflow.py
[2026-04-08T13:01:14.571+0530] {processor.py:925} INFO - DAG(s) 'example_setup_teardown_taskflow' retrieved from /Users/navalyemul/Documents/uptime/airflow_venv/lib/python3.12/site-packages/airflow/example_dags/example_setup_teardown_taskflow.py
[2026-04-08T13:01:14.610+0530] {logging_mixin.py:190} INFO - [2026-04-08T13:01:14.610+0530] {dag.py:3239} INFO - Sync 1 DAGs
[2026-04-08T13:01:14.615+0530] {logging_mixin.py:190} INFO - [2026-04-08T13:01:14.614+0530] {dag.py:4180} INFO - Setting next_dagrun for example_setup_teardown_taskflow to None, run_after=None
[2026-04-08T13:01:14.622+0530] {processor.py:208} INFO - Processing /Users/navalyemul/Documents/uptime/airflow_venv/lib/python3.12/site-packages/airflow/example_dags/example_setup_teardown_taskflow.py took 0.075 seconds
[2026-04-08T13:02:35.436+0530] {processor.py:186} INFO - Started process (PID=27221) to work on /Users/navalyemul/Documents/uptime/airflow_venv/lib/python3.12/site-packages/airflow/example_dags/example_setup_teardown_taskflow.py
[2026-04-08T13:02:35.437+0530] {processor.py:914} INFO - Processing file /Users/navalyemul/Documents/uptime/airflow_venv/lib/python3.12/site-packages/airflow/example_dags/example_setup_teardown_taskflow.py for tasks to queue
[2026-04-08T13:02:35.438+0530] {logging_mixin.py:190} INFO - [2026-04-08T13:02:35.438+0530] {dagbag.py:588} INFO - Filling up the DagBag from /Users/navalyemul/Documents/uptime/airflow_venv/lib/python3.12/site-packages/airflow/example_dags/example_setup_teardown_taskflow.py
[2026-04-08T13:02:35.460+0530] {processor.py:925} INFO - DAG(s) 'example_setup_teardown_taskflow' retrieved from /Users/navalyemul/Documents/uptime/airflow_venv/lib/python3.12/site-packages/airflow/example_dags/example_setup_teardown_taskflow.py
[2026-04-08T13:02:35.501+0530] {logging_mixin.py:190} INFO - [2026-04-08T13:02:35.501+0530] {dag.py:3239} INFO - Sync 1 DAGs
[2026-04-08T13:02:35.506+0530] {logging_mixin.py:190} INFO - [2026-04-08T13:02:35.506+0530] {dag.py:4180} INFO - Setting next_dagrun for example_setup_teardown_taskflow to None, run_after=None
[2026-04-08T13:02:35.516+0530] {processor.py:208} INFO - Processing /Users/navalyemul/Documents/uptime/airflow_venv/lib/python3.12/site-packages/airflow/example_dags/example_setup_teardown_taskflow.py took 0.081 seconds
[2026-04-08T13:04:00.304+0530] {processor.py:186} INFO - Started process (PID=28239) to work on /Users/navalyemul/Documents/uptime/airflow_venv/lib/python3.12/site-packages/airflow/example_dags/example_setup_teardown_taskflow.py
[2026-04-08T13:04:00.306+0530] {processor.py:914} INFO - Processing file /Users/navalyemul/Documents/uptime/airflow_venv/lib/python3.12/site-packages/airflow/example_dags/example_setup_teardown_taskflow.py for tasks to queue
[2026-04-08T13:04:00.306+0530] {logging_mixin.py:190} INFO - [2026-04-08T13:04:00.306+0530] {dagbag.py:588} INFO - Filling up the DagBag from /Users/navalyemul/Documents/uptime/airflow_venv/lib/python3.12/site-packages/airflow/example_dags/example_setup_teardown_taskflow.py
[2026-04-08T13:04:00.336+0530] {processor.py:925} INFO - DAG(s) 'example_setup_teardown_taskflow' retrieved from /Users/navalyemul/Documents/uptime/airflow_venv/lib/python3.12/site-packages/airflow/example_dags/example_setup_teardown_taskflow.py
[2026-04-08T13:04:00.381+0530] {logging_mixin.py:190} INFO - [2026-04-08T13:04:00.381+0530] {dag.py:3239} INFO - Sync 1 DAGs
[2026-04-08T13:04:00.387+0530] {logging_mixin.py:190} INFO - [2026-04-08T13:04:00.387+0530] {dag.py:4180} INFO - Setting next_dagrun for example_setup_teardown_taskflow to None, run_after=None
[2026-04-08T13:04:00.397+0530] {processor.py:208} INFO - Processing /Users/navalyemul/Documents/uptime/airflow_venv/lib/python3.12/site-packages/airflow/example_dags/example_setup_teardown_taskflow.py took 0.094 seconds
[2026-04-08T13:05:23.816+0530] {processor.py:186} INFO - Started process (PID=29171) to work on /Users/navalyemul/Documents/uptime/airflow_venv/lib/python3.12/site-packages/airflow/example_dags/example_setup_teardown_taskflow.py
[2026-04-08T13:05:23.816+0530] {processor.py:914} INFO - Processing file /Users/navalyemul/Documents/uptime/airflow_venv/lib/python3.12/site-packages/airflow/example_dags/example_setup_teardown_taskflow.py for tasks to queue
[2026-04-08T13:05:23.817+0530] {logging_mixin.py:190} INFO - [2026-04-08T13:05:23.817+0530] {dagbag.py:588} INFO - Filling up the DagBag from /Users/navalyemul/Documents/uptime/airflow_venv/lib/python3.12/site-packages/airflow/example_dags/example_setup_teardown_taskflow.py
[2026-04-08T13:05:23.839+0530] {processor.py:925} INFO - DAG(s) 'example_setup_teardown_taskflow' retrieved from /Users/navalyemul/Documents/uptime/airflow_venv/lib/python3.12/site-packages/airflow/example_dags/example_setup_teardown_taskflow.py
[2026-04-08T13:05:23.882+0530] {logging_mixin.py:190} INFO - [2026-04-08T13:05:23.882+0530] {dag.py:3239} INFO - Sync 1 DAGs
[2026-04-08T13:05:23.888+0530] {logging_mixin.py:190} INFO - [2026-04-08T13:05:23.888+0530] {dag.py:4180} INFO - Setting next_dagrun for example_setup_teardown_taskflow to None, run_after=None
[2026-04-08T13:05:23.898+0530] {processor.py:208} INFO - Processing /Users/navalyemul/Documents/uptime/airflow_venv/lib/python3.12/site-packages/airflow/example_dags/example_setup_teardown_taskflow.py took 0.084 seconds
[2026-04-08T13:06:46.814+0530] {processor.py:186} INFO - Started process (PID=30074) to work on /Users/navalyemul/Documents/uptime/airflow_venv/lib/python3.12/site-packages/airflow/example_dags/example_setup_teardown_taskflow.py
[2026-04-08T13:06:46.815+0530] {processor.py:914} INFO - Processing file /Users/navalyemul/Documents/uptime/airflow_venv/lib/python3.12/site-packages/airflow/example_dags/example_setup_teardown_taskflow.py for tasks to queue
[2026-04-08T13:06:46.816+0530] {logging_mixin.py:190} INFO - [2026-04-08T13:06:46.815+0530] {dagbag.py:588} INFO - Filling up the DagBag from /Users/navalyemul/Documents/uptime/airflow_venv/lib/python3.12/site-packages/airflow/example_dags/example_setup_teardown_taskflow.py
[2026-04-08T13:06:46.843+0530] {processor.py:925} INFO - DAG(s) 'example_setup_teardown_taskflow' retrieved from /Users/navalyemul/Documents/uptime/airflow_venv/lib/python3.12/site-packages/airflow/example_dags/example_setup_teardown_taskflow.py
[2026-04-08T13:06:46.889+0530] {logging_mixin.py:190} INFO - [2026-04-08T13:06:46.888+0530] {dag.py:3239} INFO - Sync 1 DAGs
[2026-04-08T13:06:46.894+0530] {logging_mixin.py:190} INFO - [2026-04-08T13:06:46.894+0530] {dag.py:4180} INFO - Setting next_dagrun for example_setup_teardown_taskflow to None, run_after=None
[2026-04-08T13:06:46.903+0530] {processor.py:208} INFO - Processing /Users/navalyemul/Documents/uptime/airflow_venv/lib/python3.12/site-packages/airflow/example_dags/example_setup_teardown_taskflow.py took 0.092 seconds
[2026-04-08T13:08:11.328+0530] {processor.py:186} INFO - Started process (PID=30989) to work on /Users/navalyemul/Documents/uptime/airflow_venv/lib/python3.12/site-packages/airflow/example_dags/example_setup_teardown_taskflow.py
[2026-04-08T13:08:11.329+0530] {processor.py:914} INFO - Processing file /Users/navalyemul/Documents/uptime/airflow_venv/lib/python3.12/site-packages/airflow/example_dags/example_setup_teardown_taskflow.py for tasks to queue
[2026-04-08T13:08:11.329+0530] {logging_mixin.py:190} INFO - [2026-04-08T13:08:11.329+0530] {dagbag.py:588} INFO - Filling up the DagBag from /Users/navalyemul/Documents/uptime/airflow_venv/lib/python3.12/site-packages/airflow/example_dags/example_setup_teardown_taskflow.py
[2026-04-08T13:08:11.353+0530] {processor.py:925} INFO - DAG(s) 'example_setup_teardown_taskflow' retrieved from /Users/navalyemul/Documents/uptime/airflow_venv/lib/python3.12/site-packages/airflow/example_dags/example_setup_teardown_taskflow.py
[2026-04-08T13:08:11.396+0530] {logging_mixin.py:190} INFO - [2026-04-08T13:08:11.395+0530] {dag.py:3239} INFO - Sync 1 DAGs
[2026-04-08T13:08:11.401+0530] {logging_mixin.py:190} INFO - [2026-04-08T13:08:11.401+0530] {dag.py:4180} INFO - Setting next_dagrun for example_setup_teardown_taskflow to None, run_after=None
[2026-04-08T13:08:11.410+0530] {processor.py:208} INFO - Processing /Users/navalyemul/Documents/uptime/airflow_venv/lib/python3.12/site-packages/airflow/example_dags/example_setup_teardown_taskflow.py took 0.084 seconds
[2026-04-08T13:09:32.979+0530] {processor.py:186} INFO - Started process (PID=31879) to work on /Users/navalyemul/Documents/uptime/airflow_venv/lib/python3.12/site-packages/airflow/example_dags/example_setup_teardown_taskflow.py
[2026-04-08T13:09:32.979+0530] {processor.py:914} INFO - Processing file /Users/navalyemul/Documents/uptime/airflow_venv/lib/python3.12/site-packages/airflow/example_dags/example_setup_teardown_taskflow.py for tasks to queue
[2026-04-08T13:09:32.980+0530] {logging_mixin.py:190} INFO - [2026-04-08T13:09:32.980+0530] {dagbag.py:588} INFO - Filling up the DagBag from /Users/navalyemul/Documents/uptime/airflow_venv/lib/python3.12/site-packages/airflow/example_dags/example_setup_teardown_taskflow.py
[2026-04-08T13:09:33.006+0530] {processor.py:925} INFO - DAG(s) 'example_setup_teardown_taskflow' retrieved from /Users/navalyemul/Documents/uptime/airflow_venv/lib/python3.12/site-packages/airflow/example_dags/example_setup_teardown_taskflow.py
[2026-04-08T13:09:33.048+0530] {logging_mixin.py:190} INFO - [2026-04-08T13:09:33.047+0530] {dag.py:3239} INFO - Sync 1 DAGs
[2026-04-08T13:09:33.053+0530] {logging_mixin.py:190} INFO - [2026-04-08T13:09:33.052+0530] {dag.py:4180} INFO - Setting next_dagrun for example_setup_teardown_taskflow to None, run_after=None
[2026-04-08T13:09:33.061+0530] {processor.py:208} INFO - Processing /Users/navalyemul/Documents/uptime/airflow_venv/lib/python3.12/site-packages/airflow/example_dags/example_setup_teardown_taskflow.py took 0.084 seconds
[2026-04-08T13:10:55.426+0530] {processor.py:186} INFO - Started process (PID=32850) to work on /Users/navalyemul/Documents/uptime/airflow_venv/lib/python3.12/site-packages/airflow/example_dags/example_setup_teardown_taskflow.py
[2026-04-08T13:10:55.426+0530] {processor.py:914} INFO - Processing file /Users/navalyemul/Documents/uptime/airflow_venv/lib/python3.12/site-packages/airflow/example_dags/example_setup_teardown_taskflow.py for tasks to queue
[2026-04-08T13:10:55.427+0530] {logging_mixin.py:190} INFO - [2026-04-08T13:10:55.427+0530] {dagbag.py:588} INFO - Filling up the DagBag from /Users/navalyemul/Documents/uptime/airflow_venv/lib/python3.12/site-packages/airflow/example_dags/example_setup_teardown_taskflow.py
[2026-04-08T13:10:55.447+0530] {processor.py:925} INFO - DAG(s) 'example_setup_teardown_taskflow' retrieved from /Users/navalyemul/Documents/uptime/airflow_venv/lib/python3.12/site-packages/airflow/example_dags/example_setup_teardown_taskflow.py
[2026-04-08T13:10:55.489+0530] {logging_mixin.py:190} INFO - [2026-04-08T13:10:55.489+0530] {dag.py:3239} INFO - Sync 1 DAGs
[2026-04-08T13:10:55.494+0530] {logging_mixin.py:190} INFO - [2026-04-08T13:10:55.493+0530] {dag.py:4180} INFO - Setting next_dagrun for example_setup_teardown_taskflow to None, run_after=None
[2026-04-08T13:10:55.501+0530] {processor.py:208} INFO - Processing /Users/navalyemul/Documents/uptime/airflow_venv/lib/python3.12/site-packages/airflow/example_dags/example_setup_teardown_taskflow.py took 0.077 seconds
[2026-04-08T13:12:19.318+0530] {processor.py:186} INFO - Started process (PID=33763) to work on /Users/navalyemul/Documents/uptime/airflow_venv/lib/python3.12/site-packages/airflow/example_dags/example_setup_teardown_taskflow.py
[2026-04-08T13:12:19.319+0530] {processor.py:914} INFO - Processing file /Users/navalyemul/Documents/uptime/airflow_venv/lib/python3.12/site-packages/airflow/example_dags/example_setup_teardown_taskflow.py for tasks to queue
[2026-04-08T13:12:19.320+0530] {logging_mixin.py:190} INFO - [2026-04-08T13:12:19.320+0530] {dagbag.py:588} INFO - Filling up the DagBag from /Users/navalyemul/Documents/uptime/airflow_venv/lib/python3.12/site-packages/airflow/example_dags/example_setup_teardown_taskflow.py
[2026-04-08T13:12:19.341+0530] {processor.py:925} INFO - DAG(s) 'example_setup_teardown_taskflow' retrieved from /Users/navalyemul/Documents/uptime/airflow_venv/lib/python3.12/site-packages/airflow/example_dags/example_setup_teardown_taskflow.py
[2026-04-08T13:12:19.382+0530] {logging_mixin.py:190} INFO - [2026-04-08T13:12:19.382+0530] {dag.py:3239} INFO - Sync 1 DAGs
[2026-04-08T13:12:19.387+0530] {logging_mixin.py:190} INFO - [2026-04-08T13:12:19.387+0530] {dag.py:4180} INFO - Setting next_dagrun for example_setup_teardown_taskflow to None, run_after=None
[2026-04-08T13:12:19.394+0530] {processor.py:208} INFO - Processing /Users/navalyemul/Documents/uptime/airflow_venv/lib/python3.12/site-packages/airflow/example_dags/example_setup_teardown_taskflow.py took 0.078 seconds
[2026-04-08T13:13:41.868+0530] {processor.py:186} INFO - Started process (PID=34682) to work on /Users/navalyemul/Documents/uptime/airflow_venv/lib/python3.12/site-packages/airflow/example_dags/example_setup_teardown_taskflow.py
[2026-04-08T13:13:41.869+0530] {processor.py:914} INFO - Processing file /Users/navalyemul/Documents/uptime/airflow_venv/lib/python3.12/site-packages/airflow/example_dags/example_setup_teardown_taskflow.py for tasks to queue
[2026-04-08T13:13:41.870+0530] {logging_mixin.py:190} INFO - [2026-04-08T13:13:41.870+0530] {dagbag.py:588} INFO - Filling up the DagBag from /Users/navalyemul/Documents/uptime/airflow_venv/lib/python3.12/site-packages/airflow/example_dags/example_setup_teardown_taskflow.py
[2026-04-08T13:13:41.894+0530] {processor.py:925} INFO - DAG(s) 'example_setup_teardown_taskflow' retrieved from /Users/navalyemul/Documents/uptime/airflow_venv/lib/python3.12/site-packages/airflow/example_dags/example_setup_teardown_taskflow.py
[2026-04-08T13:13:41.936+0530] {logging_mixin.py:190} INFO - [2026-04-08T13:13:41.936+0530] {dag.py:3239} INFO - Sync 1 DAGs
[2026-04-08T13:13:41.941+0530] {logging_mixin.py:190} INFO - [2026-04-08T13:13:41.941+0530] {dag.py:4180} INFO - Setting next_dagrun for example_setup_teardown_taskflow to None, run_after=None
[2026-04-08T13:13:41.948+0530] {processor.py:208} INFO - Processing /Users/navalyemul/Documents/uptime/airflow_venv/lib/python3.12/site-packages/airflow/example_dags/example_setup_teardown_taskflow.py took 0.082 seconds
[2026-04-08T13:15:05.217+0530] {processor.py:186} INFO - Started process (PID=35623) to work on /Users/navalyemul/Documents/uptime/airflow_venv/lib/python3.12/site-packages/airflow/example_dags/example_setup_teardown_taskflow.py
[2026-04-08T13:15:05.218+0530] {processor.py:914} INFO - Processing file /Users/navalyemul/Documents/uptime/airflow_venv/lib/python3.12/site-packages/airflow/example_dags/example_setup_teardown_taskflow.py for tasks to queue
[2026-04-08T13:15:05.219+0530] {logging_mixin.py:190} INFO - [2026-04-08T13:15:05.219+0530] {dagbag.py:588} INFO - Filling up the DagBag from /Users/navalyemul/Documents/uptime/airflow_venv/lib/python3.12/site-packages/airflow/example_dags/example_setup_teardown_taskflow.py
[2026-04-08T13:15:05.241+0530] {processor.py:925} INFO - DAG(s) 'example_setup_teardown_taskflow' retrieved from /Users/navalyemul/Documents/uptime/airflow_venv/lib/python3.12/site-packages/airflow/example_dags/example_setup_teardown_taskflow.py
[2026-04-08T13:15:05.284+0530] {logging_mixin.py:190} INFO - [2026-04-08T13:15:05.284+0530] {dag.py:3239} INFO - Sync 1 DAGs
[2026-04-08T13:15:05.289+0530] {logging_mixin.py:190} INFO - [2026-04-08T13:15:05.288+0530] {dag.py:4180} INFO - Setting next_dagrun for example_setup_teardown_taskflow to None, run_after=None
[2026-04-08T13:15:05.297+0530] {processor.py:208} INFO - Processing /Users/navalyemul/Documents/uptime/airflow_venv/lib/python3.12/site-packages/airflow/example_dags/example_setup_teardown_taskflow.py took 0.081 seconds
[2026-04-08T13:16:29.788+0530] {processor.py:186} INFO - Started process (PID=36585) to work on /Users/navalyemul/Documents/uptime/airflow_venv/lib/python3.12/site-packages/airflow/example_dags/example_setup_teardown_taskflow.py
[2026-04-08T13:16:29.790+0530] {processor.py:914} INFO - Processing file /Users/navalyemul/Documents/uptime/airflow_venv/lib/python3.12/site-packages/airflow/example_dags/example_setup_teardown_taskflow.py for tasks to queue
[2026-04-08T13:16:29.790+0530] {logging_mixin.py:190} INFO - [2026-04-08T13:16:29.790+0530] {dagbag.py:588} INFO - Filling up the DagBag from /Users/navalyemul/Documents/uptime/airflow_venv/lib/python3.12/site-packages/airflow/example_dags/example_setup_teardown_taskflow.py
[2026-04-08T13:16:29.816+0530] {processor.py:925} INFO - DAG(s) 'example_setup_teardown_taskflow' retrieved from /Users/navalyemul/Documents/uptime/airflow_venv/lib/python3.12/site-packages/airflow/example_dags/example_setup_teardown_taskflow.py
[2026-04-08T13:16:29.860+0530] {logging_mixin.py:190} INFO - [2026-04-08T13:16:29.860+0530] {dag.py:3239} INFO - Sync 1 DAGs
[2026-04-08T13:16:29.865+0530] {logging_mixin.py:190} INFO - [2026-04-08T13:16:29.865+0530] {dag.py:4180} INFO - Setting next_dagrun for example_setup_teardown_taskflow to None, run_after=None
[2026-04-08T13:16:29.874+0530] {processor.py:208} INFO - Processing /Users/navalyemul/Documents/uptime/airflow_venv/lib/python3.12/site-packages/airflow/example_dags/example_setup_teardown_taskflow.py took 0.088 seconds
[2026-04-08T13:17:52.611+0530] {processor.py:186} INFO - Started process (PID=37513) to work on /Users/navalyemul/Documents/uptime/airflow_venv/lib/python3.12/site-packages/airflow/example_dags/example_setup_teardown_taskflow.py
[2026-04-08T13:17:52.612+0530] {processor.py:914} INFO - Processing file /Users/navalyemul/Documents/uptime/airflow_venv/lib/python3.12/site-packages/airflow/example_dags/example_setup_teardown_taskflow.py for tasks to queue
[2026-04-08T13:17:52.612+0530] {logging_mixin.py:190} INFO - [2026-04-08T13:17:52.612+0530] {dagbag.py:588} INFO - Filling up the DagBag from /Users/navalyemul/Documents/uptime/airflow_venv/lib/python3.12/site-packages/airflow/example_dags/example_setup_teardown_taskflow.py
[2026-04-08T13:17:52.635+0530] {processor.py:925} INFO - DAG(s) 'example_setup_teardown_taskflow' retrieved from /Users/navalyemul/Documents/uptime/airflow_venv/lib/python3.12/site-packages/airflow/example_dags/example_setup_teardown_taskflow.py
[2026-04-08T13:17:52.677+0530] {logging_mixin.py:190} INFO - [2026-04-08T13:17:52.676+0530] {dag.py:3239} INFO - Sync 1 DAGs
[2026-04-08T13:17:52.681+0530] {logging_mixin.py:190} INFO - [2026-04-08T13:17:52.681+0530] {dag.py:4180} INFO - Setting next_dagrun for example_setup_teardown_taskflow to None, run_after=None
[2026-04-08T13:17:52.690+0530] {processor.py:208} INFO - Processing /Users/navalyemul/Documents/uptime/airflow_venv/lib/python3.12/site-packages/airflow/example_dags/example_setup_teardown_taskflow.py took 0.081 seconds
[2026-04-08T13:19:22.247+0530] {processor.py:186} INFO - Started process (PID=38471) to work on /Users/navalyemul/Documents/uptime/airflow_venv/lib/python3.12/site-packages/airflow/example_dags/example_setup_teardown_taskflow.py
[2026-04-08T13:19:22.248+0530] {processor.py:914} INFO - Processing file /Users/navalyemul/Documents/uptime/airflow_venv/lib/python3.12/site-packages/airflow/example_dags/example_setup_teardown_taskflow.py for tasks to queue
[2026-04-08T13:19:22.249+0530] {logging_mixin.py:190} INFO - [2026-04-08T13:19:22.248+0530] {dagbag.py:588} INFO - Filling up the DagBag from /Users/navalyemul/Documents/uptime/airflow_venv/lib/python3.12/site-packages/airflow/example_dags/example_setup_teardown_taskflow.py
[2026-04-08T13:19:22.269+0530] {processor.py:925} INFO - DAG(s) 'example_setup_teardown_taskflow' retrieved from /Users/navalyemul/Documents/uptime/airflow_venv/lib/python3.12/site-packages/airflow/example_dags/example_setup_teardown_taskflow.py
[2026-04-08T13:19:22.309+0530] {logging_mixin.py:190} INFO - [2026-04-08T13:19:22.309+0530] {dag.py:3239} INFO - Sync 1 DAGs
[2026-04-08T13:19:22.313+0530] {logging_mixin.py:190} INFO - [2026-04-08T13:19:22.313+0530] {dag.py:4180} INFO - Setting next_dagrun for example_setup_teardown_taskflow to None, run_after=None
[2026-04-08T13:19:22.321+0530] {processor.py:208} INFO - Processing /Users/navalyemul/Documents/uptime/airflow_venv/lib/python3.12/site-packages/airflow/example_dags/example_setup_teardown_taskflow.py took 0.075 seconds
[2026-04-08T13:28:54.657+0530] {processor.py:186} INFO - Started process (PID=39409) to work on /Users/navalyemul/Documents/uptime/airflow_venv/lib/python3.12/site-packages/airflow/example_dags/example_setup_teardown_taskflow.py
[2026-04-08T13:28:54.657+0530] {processor.py:914} INFO - Processing file /Users/navalyemul/Documents/uptime/airflow_venv/lib/python3.12/site-packages/airflow/example_dags/example_setup_teardown_taskflow.py for tasks to queue
[2026-04-08T13:28:54.658+0530] {logging_mixin.py:190} INFO - [2026-04-08T13:28:54.658+0530] {dagbag.py:588} INFO - Filling up the DagBag from /Users/navalyemul/Documents/uptime/airflow_venv/lib/python3.12/site-packages/airflow/example_dags/example_setup_teardown_taskflow.py
[2026-04-08T13:28:54.680+0530] {processor.py:925} INFO - DAG(s) 'example_setup_teardown_taskflow' retrieved from /Users/navalyemul/Documents/uptime/airflow_venv/lib/python3.12/site-packages/airflow/example_dags/example_setup_teardown_taskflow.py
[2026-04-08T13:28:54.721+0530] {logging_mixin.py:190} INFO - [2026-04-08T13:28:54.721+0530] {dag.py:3239} INFO - Sync 1 DAGs
[2026-04-08T13:28:54.726+0530] {logging_mixin.py:190} INFO - [2026-04-08T13:28:54.726+0530] {dag.py:4180} INFO - Setting next_dagrun for example_setup_teardown_taskflow to None, run_after=None
[2026-04-08T13:28:54.734+0530] {processor.py:208} INFO - Processing /Users/navalyemul/Documents/uptime/airflow_venv/lib/python3.12/site-packages/airflow/example_dags/example_setup_teardown_taskflow.py took 0.080 seconds
[2026-04-08T13:33:55.119+0530] {processor.py:186} INFO - Started process (PID=40367) to work on /Users/navalyemul/Documents/uptime/airflow_venv/lib/python3.12/site-packages/airflow/example_dags/example_setup_teardown_taskflow.py
[2026-04-08T13:33:55.120+0530] {processor.py:914} INFO - Processing file /Users/navalyemul/Documents/uptime/airflow_venv/lib/python3.12/site-packages/airflow/example_dags/example_setup_teardown_taskflow.py for tasks to queue
[2026-04-08T13:33:55.120+0530] {logging_mixin.py:190} INFO - [2026-04-08T13:33:55.120+0530] {dagbag.py:588} INFO - Filling up the DagBag from /Users/navalyemul/Documents/uptime/airflow_venv/lib/python3.12/site-packages/airflow/example_dags/example_setup_teardown_taskflow.py
[2026-04-08T13:33:55.142+0530] {processor.py:925} INFO - DAG(s) 'example_setup_teardown_taskflow' retrieved from /Users/navalyemul/Documents/uptime/airflow_venv/lib/python3.12/site-packages/airflow/example_dags/example_setup_teardown_taskflow.py
[2026-04-08T13:33:55.183+0530] {logging_mixin.py:190} INFO - [2026-04-08T13:33:55.183+0530] {dag.py:3239} INFO - Sync 1 DAGs
[2026-04-08T13:33:55.189+0530] {logging_mixin.py:190} INFO - [2026-04-08T13:33:55.189+0530] {dag.py:4180} INFO - Setting next_dagrun for example_setup_teardown_taskflow to None, run_after=None
[2026-04-08T13:33:55.198+0530] {processor.py:208} INFO - Processing /Users/navalyemul/Documents/uptime/airflow_venv/lib/python3.12/site-packages/airflow/example_dags/example_setup_teardown_taskflow.py took 0.081 seconds
[2026-04-08T13:35:35.984+0530] {processor.py:186} INFO - Started process (PID=41554) to work on /Users/navalyemul/Documents/uptime/airflow_venv/lib/python3.12/site-packages/airflow/example_dags/example_setup_teardown_taskflow.py
[2026-04-08T13:35:35.984+0530] {processor.py:914} INFO - Processing file /Users/navalyemul/Documents/uptime/airflow_venv/lib/python3.12/site-packages/airflow/example_dags/example_setup_teardown_taskflow.py for tasks to queue
[2026-04-08T13:35:35.985+0530] {logging_mixin.py:190} INFO - [2026-04-08T13:35:35.985+0530] {dagbag.py:588} INFO - Filling up the DagBag from /Users/navalyemul/Documents/uptime/airflow_venv/lib/python3.12/site-packages/airflow/example_dags/example_setup_teardown_taskflow.py
[2026-04-08T13:35:36.005+0530] {processor.py:925} INFO - DAG(s) 'example_setup_teardown_taskflow' retrieved from /Users/navalyemul/Documents/uptime/airflow_venv/lib/python3.12/site-packages/airflow/example_dags/example_setup_teardown_taskflow.py
[2026-04-08T13:35:36.044+0530] {logging_mixin.py:190} INFO - [2026-04-08T13:35:36.044+0530] {dag.py:3239} INFO - Sync 1 DAGs
[2026-04-08T13:35:36.049+0530] {logging_mixin.py:190} INFO - [2026-04-08T13:35:36.049+0530] {dag.py:4180} INFO - Setting next_dagrun for example_setup_teardown_taskflow to None, run_after=None
[2026-04-08T13:35:36.057+0530] {processor.py:208} INFO - Processing /Users/navalyemul/Documents/uptime/airflow_venv/lib/python3.12/site-packages/airflow/example_dags/example_setup_teardown_taskflow.py took 0.075 seconds
[2026-04-08T13:46:27.014+0530] {processor.py:186} INFO - Started process (PID=42470) to work on /Users/navalyemul/Documents/uptime/airflow_venv/lib/python3.12/site-packages/airflow/example_dags/example_setup_teardown_taskflow.py
[2026-04-08T13:46:27.014+0530] {processor.py:914} INFO - Processing file /Users/navalyemul/Documents/uptime/airflow_venv/lib/python3.12/site-packages/airflow/example_dags/example_setup_teardown_taskflow.py for tasks to queue
[2026-04-08T13:46:27.015+0530] {logging_mixin.py:190} INFO - [2026-04-08T13:46:27.015+0530] {dagbag.py:588} INFO - Filling up the DagBag from /Users/navalyemul/Documents/uptime/airflow_venv/lib/python3.12/site-packages/airflow/example_dags/example_setup_teardown_taskflow.py
[2026-04-08T13:46:27.036+0530] {processor.py:925} INFO - DAG(s) 'example_setup_teardown_taskflow' retrieved from /Users/navalyemul/Documents/uptime/airflow_venv/lib/python3.12/site-packages/airflow/example_dags/example_setup_teardown_taskflow.py
[2026-04-08T13:46:27.076+0530] {logging_mixin.py:190} INFO - [2026-04-08T13:46:27.076+0530] {dag.py:3239} INFO - Sync 1 DAGs
[2026-04-08T13:46:27.081+0530] {logging_mixin.py:190} INFO - [2026-04-08T13:46:27.081+0530] {dag.py:4180} INFO - Setting next_dagrun for example_setup_teardown_taskflow to None, run_after=None
[2026-04-08T13:46:27.089+0530] {processor.py:208} INFO - Processing /Users/navalyemul/Documents/uptime/airflow_venv/lib/python3.12/site-packages/airflow/example_dags/example_setup_teardown_taskflow.py took 0.077 seconds
[2026-04-08T13:54:44.763+0530] {processor.py:186} INFO - Started process (PID=43646) to work on /Users/navalyemul/Documents/uptime/airflow_venv/lib/python3.12/site-packages/airflow/example_dags/example_setup_teardown_taskflow.py
[2026-04-08T13:54:44.764+0530] {processor.py:914} INFO - Processing file /Users/navalyemul/Documents/uptime/airflow_venv/lib/python3.12/site-packages/airflow/example_dags/example_setup_teardown_taskflow.py for tasks to queue
[2026-04-08T13:54:44.764+0530] {logging_mixin.py:190} INFO - [2026-04-08T13:54:44.764+0530] {dagbag.py:588} INFO - Filling up the DagBag from /Users/navalyemul/Documents/uptime/airflow_venv/lib/python3.12/site-packages/airflow/example_dags/example_setup_teardown_taskflow.py
[2026-04-08T13:54:44.786+0530] {processor.py:925} INFO - DAG(s) 'example_setup_teardown_taskflow' retrieved from /Users/navalyemul/Documents/uptime/airflow_venv/lib/python3.12/site-packages/airflow/example_dags/example_setup_teardown_taskflow.py
[2026-04-08T13:54:44.828+0530] {logging_mixin.py:190} INFO - [2026-04-08T13:54:44.828+0530] {dag.py:3239} INFO - Sync 1 DAGs
[2026-04-08T13:54:44.832+0530] {logging_mixin.py:190} INFO - [2026-04-08T13:54:44.832+0530] {dag.py:4180} INFO - Setting next_dagrun for example_setup_teardown_taskflow to None, run_after=None
[2026-04-08T13:54:44.840+0530] {processor.py:208} INFO - Processing /Users/navalyemul/Documents/uptime/airflow_venv/lib/python3.12/site-packages/airflow/example_dags/example_setup_teardown_taskflow.py took 0.079 seconds
[2026-04-08T13:56:40.445+0530] {processor.py:186} INFO - Started process (PID=44720) to work on /Users/navalyemul/Documents/uptime/airflow_venv/lib/python3.12/site-packages/airflow/example_dags/example_setup_teardown_taskflow.py
[2026-04-08T13:56:40.446+0530] {processor.py:914} INFO - Processing file /Users/navalyemul/Documents/uptime/airflow_venv/lib/python3.12/site-packages/airflow/example_dags/example_setup_teardown_taskflow.py for tasks to queue
[2026-04-08T13:56:40.447+0530] {logging_mixin.py:190} INFO - [2026-04-08T13:56:40.447+0530] {dagbag.py:588} INFO - Filling up the DagBag from /Users/navalyemul/Documents/uptime/airflow_venv/lib/python3.12/site-packages/airflow/example_dags/example_setup_teardown_taskflow.py
[2026-04-08T13:56:40.470+0530] {processor.py:925} INFO - DAG(s) 'example_setup_teardown_taskflow' retrieved from /Users/navalyemul/Documents/uptime/airflow_venv/lib/python3.12/site-packages/airflow/example_dags/example_setup_teardown_taskflow.py
[2026-04-08T13:56:40.517+0530] {logging_mixin.py:190} INFO - [2026-04-08T13:56:40.516+0530] {dag.py:3239} INFO - Sync 1 DAGs
[2026-04-08T13:56:40.522+0530] {logging_mixin.py:190} INFO - [2026-04-08T13:56:40.522+0530] {dag.py:4180} INFO - Setting next_dagrun for example_setup_teardown_taskflow to None, run_after=None
[2026-04-08T13:56:40.532+0530] {processor.py:208} INFO - Processing /Users/navalyemul/Documents/uptime/airflow_venv/lib/python3.12/site-packages/airflow/example_dags/example_setup_teardown_taskflow.py took 0.090 seconds
[2026-04-08T13:58:25.538+0530] {processor.py:186} INFO - Started process (PID=45762) to work on /Users/navalyemul/Documents/uptime/airflow_venv/lib/python3.12/site-packages/airflow/example_dags/example_setup_teardown_taskflow.py
[2026-04-08T13:58:25.540+0530] {processor.py:914} INFO - Processing file /Users/navalyemul/Documents/uptime/airflow_venv/lib/python3.12/site-packages/airflow/example_dags/example_setup_teardown_taskflow.py for tasks to queue
[2026-04-08T13:58:25.541+0530] {logging_mixin.py:190} INFO - [2026-04-08T13:58:25.541+0530] {dagbag.py:588} INFO - Filling up the DagBag from /Users/navalyemul/Documents/uptime/airflow_venv/lib/python3.12/site-packages/airflow/example_dags/example_setup_teardown_taskflow.py
[2026-04-08T13:58:25.577+0530] {processor.py:925} INFO - DAG(s) 'example_setup_teardown_taskflow' retrieved from /Users/navalyemul/Documents/uptime/airflow_venv/lib/python3.12/site-packages/airflow/example_dags/example_setup_teardown_taskflow.py
[2026-04-08T13:58:25.633+0530] {logging_mixin.py:190} INFO - [2026-04-08T13:58:25.633+0530] {dag.py:3239} INFO - Sync 1 DAGs
[2026-04-08T13:58:25.641+0530] {logging_mixin.py:190} INFO - [2026-04-08T13:58:25.641+0530] {dag.py:4180} INFO - Setting next_dagrun for example_setup_teardown_taskflow to None, run_after=None
[2026-04-08T13:58:25.655+0530] {processor.py:208} INFO - Processing /Users/navalyemul/Documents/uptime/airflow_venv/lib/python3.12/site-packages/airflow/example_dags/example_setup_teardown_taskflow.py took 0.120 seconds
