[2026-04-08T12:39:36.850+0530] {processor.py:186} INFO - Started process (PID=13394) to work on /Users/navalyemul/Documents/uptime/airflow_venv/lib/python3.12/site-packages/airflow/example_dags/example_trigger_controller_dag.py
[2026-04-08T12:39:36.852+0530] {processor.py:914} INFO - Processing file /Users/navalyemul/Documents/uptime/airflow_venv/lib/python3.12/site-packages/airflow/example_dags/example_trigger_controller_dag.py for tasks to queue
[2026-04-08T12:39:36.853+0530] {logging_mixin.py:190} INFO - [2026-04-08T12:39:36.853+0530] {dagbag.py:588} INFO - Filling up the DagBag from /Users/navalyemul/Documents/uptime/airflow_venv/lib/python3.12/site-packages/airflow/example_dags/example_trigger_controller_dag.py
[2026-04-08T12:39:36.867+0530] {processor.py:925} INFO - DAG(s) 'example_trigger_controller_dag' retrieved from /Users/navalyemul/Documents/uptime/airflow_venv/lib/python3.12/site-packages/airflow/example_dags/example_trigger_controller_dag.py
[2026-04-08T12:39:37.093+0530] {logging_mixin.py:190} INFO - [2026-04-08T12:39:37.091+0530] {override.py:1912} INFO - Created Permission View: can edit on DAG:example_trigger_controller_dag
[2026-04-08T12:39:37.105+0530] {logging_mixin.py:190} INFO - [2026-04-08T12:39:37.105+0530] {override.py:1912} INFO - Created Permission View: can delete on DAG:example_trigger_controller_dag
[2026-04-08T12:39:37.110+0530] {logging_mixin.py:190} INFO - [2026-04-08T12:39:37.110+0530] {override.py:1912} INFO - Created Permission View: can read on DAG:example_trigger_controller_dag
[2026-04-08T12:39:37.117+0530] {logging_mixin.py:190} INFO - [2026-04-08T12:39:37.117+0530] {override.py:1912} INFO - Created Permission View: can create on DAG Run:example_trigger_controller_dag
[2026-04-08T12:39:37.124+0530] {logging_mixin.py:190} INFO - [2026-04-08T12:39:37.124+0530] {override.py:1912} INFO - Created Permission View: can delete on DAG Run:example_trigger_controller_dag
[2026-04-08T12:39:37.128+0530] {logging_mixin.py:190} INFO - [2026-04-08T12:39:37.128+0530] {override.py:1912} INFO - Created Permission View: can read on DAG Run:example_trigger_controller_dag
[2026-04-08T12:39:37.132+0530] {logging_mixin.py:190} INFO - [2026-04-08T12:39:37.132+0530] {override.py:1912} INFO - Created Permission View: menu access on DAG Run:example_trigger_controller_dag
[2026-04-08T12:39:37.132+0530] {logging_mixin.py:190} INFO - [2026-04-08T12:39:37.132+0530] {dag.py:3239} INFO - Sync 1 DAGs
[2026-04-08T12:39:37.144+0530] {logging_mixin.py:190} INFO - [2026-04-08T12:39:37.144+0530] {dag.py:3262} INFO - Creating ORM DAG for example_trigger_controller_dag
[2026-04-08T12:39:37.152+0530] {logging_mixin.py:190} INFO - [2026-04-08T12:39:37.151+0530] {dag.py:4180} INFO - Setting next_dagrun for example_trigger_controller_dag to 2021-01-01 00:00:00+00:00, run_after=2021-01-01 00:00:00+00:00
[2026-04-08T12:39:37.173+0530] {processor.py:208} INFO - Processing /Users/navalyemul/Documents/uptime/airflow_venv/lib/python3.12/site-packages/airflow/example_dags/example_trigger_controller_dag.py took 0.325 seconds
[2026-04-08T12:44:03.729+0530] {processor.py:186} INFO - Started process (PID=15706) to work on /Users/navalyemul/Documents/uptime/airflow_venv/lib/python3.12/site-packages/airflow/example_dags/example_trigger_controller_dag.py
[2026-04-08T12:44:03.730+0530] {processor.py:914} INFO - Processing file /Users/navalyemul/Documents/uptime/airflow_venv/lib/python3.12/site-packages/airflow/example_dags/example_trigger_controller_dag.py for tasks to queue
[2026-04-08T12:44:03.730+0530] {logging_mixin.py:190} INFO - [2026-04-08T12:44:03.730+0530] {dagbag.py:588} INFO - Filling up the DagBag from /Users/navalyemul/Documents/uptime/airflow_venv/lib/python3.12/site-packages/airflow/example_dags/example_trigger_controller_dag.py
[2026-04-08T12:44:03.744+0530] {processor.py:925} INFO - DAG(s) 'example_trigger_controller_dag' retrieved from /Users/navalyemul/Documents/uptime/airflow_venv/lib/python3.12/site-packages/airflow/example_dags/example_trigger_controller_dag.py
[2026-04-08T12:44:03.806+0530] {logging_mixin.py:190} INFO - [2026-04-08T12:44:03.805+0530] {dag.py:3239} INFO - Sync 1 DAGs
[2026-04-08T12:44:03.815+0530] {logging_mixin.py:190} INFO - [2026-04-08T12:44:03.815+0530] {dag.py:4180} INFO - Setting next_dagrun for example_trigger_controller_dag to 2021-01-01 00:00:00+00:00, run_after=2021-01-01 00:00:00+00:00
[2026-04-08T12:44:03.826+0530] {processor.py:208} INFO - Processing /Users/navalyemul/Documents/uptime/airflow_venv/lib/python3.12/site-packages/airflow/example_dags/example_trigger_controller_dag.py took 0.101 seconds
[2026-04-08T12:46:42.135+0530] {processor.py:186} INFO - Started process (PID=17281) to work on /Users/navalyemul/Documents/uptime/airflow_venv/lib/python3.12/site-packages/airflow/example_dags/example_trigger_controller_dag.py
[2026-04-08T12:46:42.136+0530] {processor.py:914} INFO - Processing file /Users/navalyemul/Documents/uptime/airflow_venv/lib/python3.12/site-packages/airflow/example_dags/example_trigger_controller_dag.py for tasks to queue
[2026-04-08T12:46:42.137+0530] {logging_mixin.py:190} INFO - [2026-04-08T12:46:42.137+0530] {dagbag.py:588} INFO - Filling up the DagBag from /Users/navalyemul/Documents/uptime/airflow_venv/lib/python3.12/site-packages/airflow/example_dags/example_trigger_controller_dag.py
[2026-04-08T12:46:42.143+0530] {processor.py:925} INFO - DAG(s) 'example_trigger_controller_dag' retrieved from /Users/navalyemul/Documents/uptime/airflow_venv/lib/python3.12/site-packages/airflow/example_dags/example_trigger_controller_dag.py
[2026-04-08T12:46:42.182+0530] {logging_mixin.py:190} INFO - [2026-04-08T12:46:42.182+0530] {dag.py:3239} INFO - Sync 1 DAGs
[2026-04-08T12:46:42.191+0530] {logging_mixin.py:190} INFO - [2026-04-08T12:46:42.191+0530] {dag.py:4180} INFO - Setting next_dagrun for example_trigger_controller_dag to 2021-01-01 00:00:00+00:00, run_after=2021-01-01 00:00:00+00:00
[2026-04-08T12:46:42.200+0530] {processor.py:208} INFO - Processing /Users/navalyemul/Documents/uptime/airflow_venv/lib/python3.12/site-packages/airflow/example_dags/example_trigger_controller_dag.py took 0.066 seconds
[2026-04-08T12:48:39.224+0530] {processor.py:186} INFO - Started process (PID=18614) to work on /Users/navalyemul/Documents/uptime/airflow_venv/lib/python3.12/site-packages/airflow/example_dags/example_trigger_controller_dag.py
[2026-04-08T12:48:39.225+0530] {processor.py:914} INFO - Processing file /Users/navalyemul/Documents/uptime/airflow_venv/lib/python3.12/site-packages/airflow/example_dags/example_trigger_controller_dag.py for tasks to queue
[2026-04-08T12:48:39.226+0530] {logging_mixin.py:190} INFO - [2026-04-08T12:48:39.226+0530] {dagbag.py:588} INFO - Filling up the DagBag from /Users/navalyemul/Documents/uptime/airflow_venv/lib/python3.12/site-packages/airflow/example_dags/example_trigger_controller_dag.py
[2026-04-08T12:48:39.231+0530] {processor.py:925} INFO - DAG(s) 'example_trigger_controller_dag' retrieved from /Users/navalyemul/Documents/uptime/airflow_venv/lib/python3.12/site-packages/airflow/example_dags/example_trigger_controller_dag.py
[2026-04-08T12:48:39.270+0530] {logging_mixin.py:190} INFO - [2026-04-08T12:48:39.270+0530] {dag.py:3239} INFO - Sync 1 DAGs
[2026-04-08T12:48:39.278+0530] {logging_mixin.py:190} INFO - [2026-04-08T12:48:39.278+0530] {dag.py:4180} INFO - Setting next_dagrun for example_trigger_controller_dag to 2021-01-01 00:00:00+00:00, run_after=2021-01-01 00:00:00+00:00
[2026-04-08T12:48:39.285+0530] {processor.py:208} INFO - Processing /Users/navalyemul/Documents/uptime/airflow_venv/lib/python3.12/site-packages/airflow/example_dags/example_trigger_controller_dag.py took 0.063 seconds
[2026-04-08T12:50:01.695+0530] {processor.py:186} INFO - Started process (PID=19565) to work on /Users/navalyemul/Documents/uptime/airflow_venv/lib/python3.12/site-packages/airflow/example_dags/example_trigger_controller_dag.py
[2026-04-08T12:50:01.696+0530] {processor.py:914} INFO - Processing file /Users/navalyemul/Documents/uptime/airflow_venv/lib/python3.12/site-packages/airflow/example_dags/example_trigger_controller_dag.py for tasks to queue
[2026-04-08T12:50:01.697+0530] {logging_mixin.py:190} INFO - [2026-04-08T12:50:01.697+0530] {dagbag.py:588} INFO - Filling up the DagBag from /Users/navalyemul/Documents/uptime/airflow_venv/lib/python3.12/site-packages/airflow/example_dags/example_trigger_controller_dag.py
[2026-04-08T12:50:01.703+0530] {processor.py:925} INFO - DAG(s) 'example_trigger_controller_dag' retrieved from /Users/navalyemul/Documents/uptime/airflow_venv/lib/python3.12/site-packages/airflow/example_dags/example_trigger_controller_dag.py
[2026-04-08T12:50:01.742+0530] {logging_mixin.py:190} INFO - [2026-04-08T12:50:01.742+0530] {dag.py:3239} INFO - Sync 1 DAGs
[2026-04-08T12:50:01.750+0530] {logging_mixin.py:190} INFO - [2026-04-08T12:50:01.750+0530] {dag.py:4180} INFO - Setting next_dagrun for example_trigger_controller_dag to 2021-01-01 00:00:00+00:00, run_after=2021-01-01 00:00:00+00:00
[2026-04-08T12:50:01.759+0530] {processor.py:208} INFO - Processing /Users/navalyemul/Documents/uptime/airflow_venv/lib/python3.12/site-packages/airflow/example_dags/example_trigger_controller_dag.py took 0.065 seconds
[2026-04-08T12:51:34.939+0530] {processor.py:186} INFO - Started process (PID=20519) to work on /Users/navalyemul/Documents/uptime/airflow_venv/lib/python3.12/site-packages/airflow/example_dags/example_trigger_controller_dag.py
[2026-04-08T12:51:34.944+0530] {processor.py:914} INFO - Processing file /Users/navalyemul/Documents/uptime/airflow_venv/lib/python3.12/site-packages/airflow/example_dags/example_trigger_controller_dag.py for tasks to queue
[2026-04-08T12:51:34.945+0530] {logging_mixin.py:190} INFO - [2026-04-08T12:51:34.944+0530] {dagbag.py:588} INFO - Filling up the DagBag from /Users/navalyemul/Documents/uptime/airflow_venv/lib/python3.12/site-packages/airflow/example_dags/example_trigger_controller_dag.py
[2026-04-08T12:51:34.952+0530] {processor.py:925} INFO - DAG(s) 'example_trigger_controller_dag' retrieved from /Users/navalyemul/Documents/uptime/airflow_venv/lib/python3.12/site-packages/airflow/example_dags/example_trigger_controller_dag.py
[2026-04-08T12:51:34.997+0530] {logging_mixin.py:190} INFO - [2026-04-08T12:51:34.997+0530] {dag.py:3239} INFO - Sync 1 DAGs
[2026-04-08T12:51:35.008+0530] {logging_mixin.py:190} INFO - [2026-04-08T12:51:35.008+0530] {dag.py:4180} INFO - Setting next_dagrun for example_trigger_controller_dag to 2021-01-01 00:00:00+00:00, run_after=2021-01-01 00:00:00+00:00
[2026-04-08T12:51:35.017+0530] {processor.py:208} INFO - Processing /Users/navalyemul/Documents/uptime/airflow_venv/lib/python3.12/site-packages/airflow/example_dags/example_trigger_controller_dag.py took 0.081 seconds
[2026-04-08T12:53:16.860+0530] {processor.py:186} INFO - Started process (PID=21472) to work on /Users/navalyemul/Documents/uptime/airflow_venv/lib/python3.12/site-packages/airflow/example_dags/example_trigger_controller_dag.py
[2026-04-08T12:53:16.862+0530] {processor.py:914} INFO - Processing file /Users/navalyemul/Documents/uptime/airflow_venv/lib/python3.12/site-packages/airflow/example_dags/example_trigger_controller_dag.py for tasks to queue
[2026-04-08T12:53:16.865+0530] {logging_mixin.py:190} INFO - [2026-04-08T12:53:16.865+0530] {dagbag.py:588} INFO - Filling up the DagBag from /Users/navalyemul/Documents/uptime/airflow_venv/lib/python3.12/site-packages/airflow/example_dags/example_trigger_controller_dag.py
[2026-04-08T12:53:16.878+0530] {processor.py:925} INFO - DAG(s) 'example_trigger_controller_dag' retrieved from /Users/navalyemul/Documents/uptime/airflow_venv/lib/python3.12/site-packages/airflow/example_dags/example_trigger_controller_dag.py
[2026-04-08T12:53:16.944+0530] {logging_mixin.py:190} INFO - [2026-04-08T12:53:16.944+0530] {dag.py:3239} INFO - Sync 1 DAGs
[2026-04-08T12:53:16.957+0530] {logging_mixin.py:190} INFO - [2026-04-08T12:53:16.957+0530] {dag.py:4180} INFO - Setting next_dagrun for example_trigger_controller_dag to 2021-01-01 00:00:00+00:00, run_after=2021-01-01 00:00:00+00:00
[2026-04-08T12:53:16.971+0530] {processor.py:208} INFO - Processing /Users/navalyemul/Documents/uptime/airflow_venv/lib/python3.12/site-packages/airflow/example_dags/example_trigger_controller_dag.py took 0.117 seconds
[2026-04-08T12:55:10.930+0530] {processor.py:186} INFO - Started process (PID=22359) to work on /Users/navalyemul/Documents/uptime/airflow_venv/lib/python3.12/site-packages/airflow/example_dags/example_trigger_controller_dag.py
[2026-04-08T12:55:10.931+0530] {processor.py:914} INFO - Processing file /Users/navalyemul/Documents/uptime/airflow_venv/lib/python3.12/site-packages/airflow/example_dags/example_trigger_controller_dag.py for tasks to queue
[2026-04-08T12:55:10.932+0530] {logging_mixin.py:190} INFO - [2026-04-08T12:55:10.932+0530] {dagbag.py:588} INFO - Filling up the DagBag from /Users/navalyemul/Documents/uptime/airflow_venv/lib/python3.12/site-packages/airflow/example_dags/example_trigger_controller_dag.py
[2026-04-08T12:55:10.941+0530] {processor.py:925} INFO - DAG(s) 'example_trigger_controller_dag' retrieved from /Users/navalyemul/Documents/uptime/airflow_venv/lib/python3.12/site-packages/airflow/example_dags/example_trigger_controller_dag.py
[2026-04-08T12:55:10.987+0530] {logging_mixin.py:190} INFO - [2026-04-08T12:55:10.987+0530] {dag.py:3239} INFO - Sync 1 DAGs
[2026-04-08T12:55:10.997+0530] {logging_mixin.py:190} INFO - [2026-04-08T12:55:10.997+0530] {dag.py:4180} INFO - Setting next_dagrun for example_trigger_controller_dag to 2021-01-01 00:00:00+00:00, run_after=2021-01-01 00:00:00+00:00
[2026-04-08T12:55:11.007+0530] {processor.py:208} INFO - Processing /Users/navalyemul/Documents/uptime/airflow_venv/lib/python3.12/site-packages/airflow/example_dags/example_trigger_controller_dag.py took 0.080 seconds
[2026-04-08T12:56:44.283+0530] {processor.py:186} INFO - Started process (PID=23318) to work on /Users/navalyemul/Documents/uptime/airflow_venv/lib/python3.12/site-packages/airflow/example_dags/example_trigger_controller_dag.py
[2026-04-08T12:56:44.283+0530] {processor.py:914} INFO - Processing file /Users/navalyemul/Documents/uptime/airflow_venv/lib/python3.12/site-packages/airflow/example_dags/example_trigger_controller_dag.py for tasks to queue
[2026-04-08T12:56:44.284+0530] {logging_mixin.py:190} INFO - [2026-04-08T12:56:44.284+0530] {dagbag.py:588} INFO - Filling up the DagBag from /Users/navalyemul/Documents/uptime/airflow_venv/lib/python3.12/site-packages/airflow/example_dags/example_trigger_controller_dag.py
[2026-04-08T12:56:44.289+0530] {processor.py:925} INFO - DAG(s) 'example_trigger_controller_dag' retrieved from /Users/navalyemul/Documents/uptime/airflow_venv/lib/python3.12/site-packages/airflow/example_dags/example_trigger_controller_dag.py
[2026-04-08T12:56:44.326+0530] {logging_mixin.py:190} INFO - [2026-04-08T12:56:44.326+0530] {dag.py:3239} INFO - Sync 1 DAGs
[2026-04-08T12:56:44.335+0530] {logging_mixin.py:190} INFO - [2026-04-08T12:56:44.335+0530] {dag.py:4180} INFO - Setting next_dagrun for example_trigger_controller_dag to 2021-01-01 00:00:00+00:00, run_after=2021-01-01 00:00:00+00:00
[2026-04-08T12:56:44.343+0530] {processor.py:208} INFO - Processing /Users/navalyemul/Documents/uptime/airflow_venv/lib/python3.12/site-packages/airflow/example_dags/example_trigger_controller_dag.py took 0.062 seconds
[2026-04-08T12:58:11.867+0530] {processor.py:186} INFO - Started process (PID=24254) to work on /Users/navalyemul/Documents/uptime/airflow_venv/lib/python3.12/site-packages/airflow/example_dags/example_trigger_controller_dag.py
[2026-04-08T12:58:11.868+0530] {processor.py:914} INFO - Processing file /Users/navalyemul/Documents/uptime/airflow_venv/lib/python3.12/site-packages/airflow/example_dags/example_trigger_controller_dag.py for tasks to queue
[2026-04-08T12:58:11.869+0530] {logging_mixin.py:190} INFO - [2026-04-08T12:58:11.869+0530] {dagbag.py:588} INFO - Filling up the DagBag from /Users/navalyemul/Documents/uptime/airflow_venv/lib/python3.12/site-packages/airflow/example_dags/example_trigger_controller_dag.py
[2026-04-08T12:58:11.876+0530] {processor.py:925} INFO - DAG(s) 'example_trigger_controller_dag' retrieved from /Users/navalyemul/Documents/uptime/airflow_venv/lib/python3.12/site-packages/airflow/example_dags/example_trigger_controller_dag.py
[2026-04-08T12:58:11.916+0530] {logging_mixin.py:190} INFO - [2026-04-08T12:58:11.916+0530] {dag.py:3239} INFO - Sync 1 DAGs
[2026-04-08T12:58:11.924+0530] {logging_mixin.py:190} INFO - [2026-04-08T12:58:11.924+0530] {dag.py:4180} INFO - Setting next_dagrun for example_trigger_controller_dag to 2021-01-01 00:00:00+00:00, run_after=2021-01-01 00:00:00+00:00
[2026-04-08T12:58:11.933+0530] {processor.py:208} INFO - Processing /Users/navalyemul/Documents/uptime/airflow_venv/lib/python3.12/site-packages/airflow/example_dags/example_trigger_controller_dag.py took 0.069 seconds
[2026-04-08T12:59:36.263+0530] {processor.py:186} INFO - Started process (PID=25156) to work on /Users/navalyemul/Documents/uptime/airflow_venv/lib/python3.12/site-packages/airflow/example_dags/example_trigger_controller_dag.py
[2026-04-08T12:59:36.264+0530] {processor.py:914} INFO - Processing file /Users/navalyemul/Documents/uptime/airflow_venv/lib/python3.12/site-packages/airflow/example_dags/example_trigger_controller_dag.py for tasks to queue
[2026-04-08T12:59:36.264+0530] {logging_mixin.py:190} INFO - [2026-04-08T12:59:36.264+0530] {dagbag.py:588} INFO - Filling up the DagBag from /Users/navalyemul/Documents/uptime/airflow_venv/lib/python3.12/site-packages/airflow/example_dags/example_trigger_controller_dag.py
[2026-04-08T12:59:36.270+0530] {processor.py:925} INFO - DAG(s) 'example_trigger_controller_dag' retrieved from /Users/navalyemul/Documents/uptime/airflow_venv/lib/python3.12/site-packages/airflow/example_dags/example_trigger_controller_dag.py
[2026-04-08T12:59:36.309+0530] {logging_mixin.py:190} INFO - [2026-04-08T12:59:36.309+0530] {dag.py:3239} INFO - Sync 1 DAGs
[2026-04-08T12:59:36.317+0530] {logging_mixin.py:190} INFO - [2026-04-08T12:59:36.317+0530] {dag.py:4180} INFO - Setting next_dagrun for example_trigger_controller_dag to 2021-01-01 00:00:00+00:00, run_after=2021-01-01 00:00:00+00:00
[2026-04-08T12:59:36.325+0530] {processor.py:208} INFO - Processing /Users/navalyemul/Documents/uptime/airflow_venv/lib/python3.12/site-packages/airflow/example_dags/example_trigger_controller_dag.py took 0.064 seconds
[2026-04-08T13:00:57.474+0530] {processor.py:186} INFO - Started process (PID=26095) to work on /Users/navalyemul/Documents/uptime/airflow_venv/lib/python3.12/site-packages/airflow/example_dags/example_trigger_controller_dag.py
[2026-04-08T13:00:57.475+0530] {processor.py:914} INFO - Processing file /Users/navalyemul/Documents/uptime/airflow_venv/lib/python3.12/site-packages/airflow/example_dags/example_trigger_controller_dag.py for tasks to queue
[2026-04-08T13:00:57.475+0530] {logging_mixin.py:190} INFO - [2026-04-08T13:00:57.475+0530] {dagbag.py:588} INFO - Filling up the DagBag from /Users/navalyemul/Documents/uptime/airflow_venv/lib/python3.12/site-packages/airflow/example_dags/example_trigger_controller_dag.py
[2026-04-08T13:00:57.481+0530] {processor.py:925} INFO - DAG(s) 'example_trigger_controller_dag' retrieved from /Users/navalyemul/Documents/uptime/airflow_venv/lib/python3.12/site-packages/airflow/example_dags/example_trigger_controller_dag.py
[2026-04-08T13:00:57.521+0530] {logging_mixin.py:190} INFO - [2026-04-08T13:00:57.521+0530] {dag.py:3239} INFO - Sync 1 DAGs
[2026-04-08T13:00:57.529+0530] {logging_mixin.py:190} INFO - [2026-04-08T13:00:57.529+0530] {dag.py:4180} INFO - Setting next_dagrun for example_trigger_controller_dag to 2021-01-01 00:00:00+00:00, run_after=2021-01-01 00:00:00+00:00
[2026-04-08T13:00:57.536+0530] {processor.py:208} INFO - Processing /Users/navalyemul/Documents/uptime/airflow_venv/lib/python3.12/site-packages/airflow/example_dags/example_trigger_controller_dag.py took 0.063 seconds
[2026-04-08T13:02:17.457+0530] {processor.py:186} INFO - Started process (PID=27009) to work on /Users/navalyemul/Documents/uptime/airflow_venv/lib/python3.12/site-packages/airflow/example_dags/example_trigger_controller_dag.py
[2026-04-08T13:02:17.458+0530] {processor.py:914} INFO - Processing file /Users/navalyemul/Documents/uptime/airflow_venv/lib/python3.12/site-packages/airflow/example_dags/example_trigger_controller_dag.py for tasks to queue
[2026-04-08T13:02:17.459+0530] {logging_mixin.py:190} INFO - [2026-04-08T13:02:17.458+0530] {dagbag.py:588} INFO - Filling up the DagBag from /Users/navalyemul/Documents/uptime/airflow_venv/lib/python3.12/site-packages/airflow/example_dags/example_trigger_controller_dag.py
[2026-04-08T13:02:17.464+0530] {processor.py:925} INFO - DAG(s) 'example_trigger_controller_dag' retrieved from /Users/navalyemul/Documents/uptime/airflow_venv/lib/python3.12/site-packages/airflow/example_dags/example_trigger_controller_dag.py
[2026-04-08T13:02:17.502+0530] {logging_mixin.py:190} INFO - [2026-04-08T13:02:17.502+0530] {dag.py:3239} INFO - Sync 1 DAGs
[2026-04-08T13:02:17.513+0530] {logging_mixin.py:190} INFO - [2026-04-08T13:02:17.513+0530] {dag.py:4180} INFO - Setting next_dagrun for example_trigger_controller_dag to 2021-01-01 00:00:00+00:00, run_after=2021-01-01 00:00:00+00:00
[2026-04-08T13:02:17.531+0530] {processor.py:208} INFO - Processing /Users/navalyemul/Documents/uptime/airflow_venv/lib/python3.12/site-packages/airflow/example_dags/example_trigger_controller_dag.py took 0.075 seconds
[2026-04-08T13:03:39.581+0530] {processor.py:186} INFO - Started process (PID=27982) to work on /Users/navalyemul/Documents/uptime/airflow_venv/lib/python3.12/site-packages/airflow/example_dags/example_trigger_controller_dag.py
[2026-04-08T13:03:39.582+0530] {processor.py:914} INFO - Processing file /Users/navalyemul/Documents/uptime/airflow_venv/lib/python3.12/site-packages/airflow/example_dags/example_trigger_controller_dag.py for tasks to queue
[2026-04-08T13:03:39.582+0530] {logging_mixin.py:190} INFO - [2026-04-08T13:03:39.582+0530] {dagbag.py:588} INFO - Filling up the DagBag from /Users/navalyemul/Documents/uptime/airflow_venv/lib/python3.12/site-packages/airflow/example_dags/example_trigger_controller_dag.py
[2026-04-08T13:03:39.590+0530] {processor.py:925} INFO - DAG(s) 'example_trigger_controller_dag' retrieved from /Users/navalyemul/Documents/uptime/airflow_venv/lib/python3.12/site-packages/airflow/example_dags/example_trigger_controller_dag.py
[2026-04-08T13:03:39.630+0530] {logging_mixin.py:190} INFO - [2026-04-08T13:03:39.630+0530] {dag.py:3239} INFO - Sync 1 DAGs
[2026-04-08T13:03:39.638+0530] {logging_mixin.py:190} INFO - [2026-04-08T13:03:39.638+0530] {dag.py:4180} INFO - Setting next_dagrun for example_trigger_controller_dag to 2021-01-01 00:00:00+00:00, run_after=2021-01-01 00:00:00+00:00
[2026-04-08T13:03:39.648+0530] {processor.py:208} INFO - Processing /Users/navalyemul/Documents/uptime/airflow_venv/lib/python3.12/site-packages/airflow/example_dags/example_trigger_controller_dag.py took 0.069 seconds
[2026-04-08T13:05:06.124+0530] {processor.py:186} INFO - Started process (PID=28976) to work on /Users/navalyemul/Documents/uptime/airflow_venv/lib/python3.12/site-packages/airflow/example_dags/example_trigger_controller_dag.py
[2026-04-08T13:05:06.125+0530] {processor.py:914} INFO - Processing file /Users/navalyemul/Documents/uptime/airflow_venv/lib/python3.12/site-packages/airflow/example_dags/example_trigger_controller_dag.py for tasks to queue
[2026-04-08T13:05:06.125+0530] {logging_mixin.py:190} INFO - [2026-04-08T13:05:06.125+0530] {dagbag.py:588} INFO - Filling up the DagBag from /Users/navalyemul/Documents/uptime/airflow_venv/lib/python3.12/site-packages/airflow/example_dags/example_trigger_controller_dag.py
[2026-04-08T13:05:06.132+0530] {processor.py:925} INFO - DAG(s) 'example_trigger_controller_dag' retrieved from /Users/navalyemul/Documents/uptime/airflow_venv/lib/python3.12/site-packages/airflow/example_dags/example_trigger_controller_dag.py
[2026-04-08T13:05:06.171+0530] {logging_mixin.py:190} INFO - [2026-04-08T13:05:06.171+0530] {dag.py:3239} INFO - Sync 1 DAGs
[2026-04-08T13:05:06.180+0530] {logging_mixin.py:190} INFO - [2026-04-08T13:05:06.179+0530] {dag.py:4180} INFO - Setting next_dagrun for example_trigger_controller_dag to 2021-01-01 00:00:00+00:00, run_after=2021-01-01 00:00:00+00:00
[2026-04-08T13:05:06.188+0530] {processor.py:208} INFO - Processing /Users/navalyemul/Documents/uptime/airflow_venv/lib/python3.12/site-packages/airflow/example_dags/example_trigger_controller_dag.py took 0.065 seconds
[2026-04-08T13:06:30.877+0530] {processor.py:186} INFO - Started process (PID=29894) to work on /Users/navalyemul/Documents/uptime/airflow_venv/lib/python3.12/site-packages/airflow/example_dags/example_trigger_controller_dag.py
[2026-04-08T13:06:30.878+0530] {processor.py:914} INFO - Processing file /Users/navalyemul/Documents/uptime/airflow_venv/lib/python3.12/site-packages/airflow/example_dags/example_trigger_controller_dag.py for tasks to queue
[2026-04-08T13:06:30.879+0530] {logging_mixin.py:190} INFO - [2026-04-08T13:06:30.879+0530] {dagbag.py:588} INFO - Filling up the DagBag from /Users/navalyemul/Documents/uptime/airflow_venv/lib/python3.12/site-packages/airflow/example_dags/example_trigger_controller_dag.py
[2026-04-08T13:06:30.884+0530] {processor.py:925} INFO - DAG(s) 'example_trigger_controller_dag' retrieved from /Users/navalyemul/Documents/uptime/airflow_venv/lib/python3.12/site-packages/airflow/example_dags/example_trigger_controller_dag.py
[2026-04-08T13:06:30.922+0530] {logging_mixin.py:190} INFO - [2026-04-08T13:06:30.922+0530] {dag.py:3239} INFO - Sync 1 DAGs
[2026-04-08T13:06:30.931+0530] {logging_mixin.py:190} INFO - [2026-04-08T13:06:30.931+0530] {dag.py:4180} INFO - Setting next_dagrun for example_trigger_controller_dag to 2021-01-01 00:00:00+00:00, run_after=2021-01-01 00:00:00+00:00
[2026-04-08T13:06:30.941+0530] {processor.py:208} INFO - Processing /Users/navalyemul/Documents/uptime/airflow_venv/lib/python3.12/site-packages/airflow/example_dags/example_trigger_controller_dag.py took 0.065 seconds
[2026-04-08T13:07:52.833+0530] {processor.py:186} INFO - Started process (PID=30795) to work on /Users/navalyemul/Documents/uptime/airflow_venv/lib/python3.12/site-packages/airflow/example_dags/example_trigger_controller_dag.py
[2026-04-08T13:07:52.833+0530] {processor.py:914} INFO - Processing file /Users/navalyemul/Documents/uptime/airflow_venv/lib/python3.12/site-packages/airflow/example_dags/example_trigger_controller_dag.py for tasks to queue
[2026-04-08T13:07:52.834+0530] {logging_mixin.py:190} INFO - [2026-04-08T13:07:52.834+0530] {dagbag.py:588} INFO - Filling up the DagBag from /Users/navalyemul/Documents/uptime/airflow_venv/lib/python3.12/site-packages/airflow/example_dags/example_trigger_controller_dag.py
[2026-04-08T13:07:52.839+0530] {processor.py:925} INFO - DAG(s) 'example_trigger_controller_dag' retrieved from /Users/navalyemul/Documents/uptime/airflow_venv/lib/python3.12/site-packages/airflow/example_dags/example_trigger_controller_dag.py
[2026-04-08T13:07:52.879+0530] {logging_mixin.py:190} INFO - [2026-04-08T13:07:52.879+0530] {dag.py:3239} INFO - Sync 1 DAGs
[2026-04-08T13:07:52.887+0530] {logging_mixin.py:190} INFO - [2026-04-08T13:07:52.887+0530] {dag.py:4180} INFO - Setting next_dagrun for example_trigger_controller_dag to 2021-01-01 00:00:00+00:00, run_after=2021-01-01 00:00:00+00:00
[2026-04-08T13:07:52.897+0530] {processor.py:208} INFO - Processing /Users/navalyemul/Documents/uptime/airflow_venv/lib/python3.12/site-packages/airflow/example_dags/example_trigger_controller_dag.py took 0.067 seconds
[2026-04-08T13:09:15.327+0530] {processor.py:186} INFO - Started process (PID=31684) to work on /Users/navalyemul/Documents/uptime/airflow_venv/lib/python3.12/site-packages/airflow/example_dags/example_trigger_controller_dag.py
[2026-04-08T13:09:15.329+0530] {processor.py:914} INFO - Processing file /Users/navalyemul/Documents/uptime/airflow_venv/lib/python3.12/site-packages/airflow/example_dags/example_trigger_controller_dag.py for tasks to queue
[2026-04-08T13:09:15.329+0530] {logging_mixin.py:190} INFO - [2026-04-08T13:09:15.329+0530] {dagbag.py:588} INFO - Filling up the DagBag from /Users/navalyemul/Documents/uptime/airflow_venv/lib/python3.12/site-packages/airflow/example_dags/example_trigger_controller_dag.py
[2026-04-08T13:09:15.335+0530] {processor.py:925} INFO - DAG(s) 'example_trigger_controller_dag' retrieved from /Users/navalyemul/Documents/uptime/airflow_venv/lib/python3.12/site-packages/airflow/example_dags/example_trigger_controller_dag.py
[2026-04-08T13:09:15.375+0530] {logging_mixin.py:190} INFO - [2026-04-08T13:09:15.374+0530] {dag.py:3239} INFO - Sync 1 DAGs
[2026-04-08T13:09:15.384+0530] {logging_mixin.py:190} INFO - [2026-04-08T13:09:15.384+0530] {dag.py:4180} INFO - Setting next_dagrun for example_trigger_controller_dag to 2021-01-01 00:00:00+00:00, run_after=2021-01-01 00:00:00+00:00
[2026-04-08T13:09:15.393+0530] {processor.py:208} INFO - Processing /Users/navalyemul/Documents/uptime/airflow_venv/lib/python3.12/site-packages/airflow/example_dags/example_trigger_controller_dag.py took 0.067 seconds
[2026-04-08T13:10:37.348+0530] {processor.py:186} INFO - Started process (PID=32636) to work on /Users/navalyemul/Documents/uptime/airflow_venv/lib/python3.12/site-packages/airflow/example_dags/example_trigger_controller_dag.py
[2026-04-08T13:10:37.348+0530] {processor.py:914} INFO - Processing file /Users/navalyemul/Documents/uptime/airflow_venv/lib/python3.12/site-packages/airflow/example_dags/example_trigger_controller_dag.py for tasks to queue
[2026-04-08T13:10:37.349+0530] {logging_mixin.py:190} INFO - [2026-04-08T13:10:37.349+0530] {dagbag.py:588} INFO - Filling up the DagBag from /Users/navalyemul/Documents/uptime/airflow_venv/lib/python3.12/site-packages/airflow/example_dags/example_trigger_controller_dag.py
[2026-04-08T13:10:37.354+0530] {processor.py:925} INFO - DAG(s) 'example_trigger_controller_dag' retrieved from /Users/navalyemul/Documents/uptime/airflow_venv/lib/python3.12/site-packages/airflow/example_dags/example_trigger_controller_dag.py
[2026-04-08T13:10:37.392+0530] {logging_mixin.py:190} INFO - [2026-04-08T13:10:37.392+0530] {dag.py:3239} INFO - Sync 1 DAGs
[2026-04-08T13:10:37.400+0530] {logging_mixin.py:190} INFO - [2026-04-08T13:10:37.400+0530] {dag.py:4180} INFO - Setting next_dagrun for example_trigger_controller_dag to 2021-01-01 00:00:00+00:00, run_after=2021-01-01 00:00:00+00:00
[2026-04-08T13:10:37.407+0530] {processor.py:208} INFO - Processing /Users/navalyemul/Documents/uptime/airflow_venv/lib/python3.12/site-packages/airflow/example_dags/example_trigger_controller_dag.py took 0.061 seconds
[2026-04-08T13:12:00.924+0530] {processor.py:186} INFO - Started process (PID=33560) to work on /Users/navalyemul/Documents/uptime/airflow_venv/lib/python3.12/site-packages/airflow/example_dags/example_trigger_controller_dag.py
[2026-04-08T13:12:00.925+0530] {processor.py:914} INFO - Processing file /Users/navalyemul/Documents/uptime/airflow_venv/lib/python3.12/site-packages/airflow/example_dags/example_trigger_controller_dag.py for tasks to queue
[2026-04-08T13:12:00.925+0530] {logging_mixin.py:190} INFO - [2026-04-08T13:12:00.925+0530] {dagbag.py:588} INFO - Filling up the DagBag from /Users/navalyemul/Documents/uptime/airflow_venv/lib/python3.12/site-packages/airflow/example_dags/example_trigger_controller_dag.py
[2026-04-08T13:12:00.931+0530] {processor.py:925} INFO - DAG(s) 'example_trigger_controller_dag' retrieved from /Users/navalyemul/Documents/uptime/airflow_venv/lib/python3.12/site-packages/airflow/example_dags/example_trigger_controller_dag.py
[2026-04-08T13:12:00.970+0530] {logging_mixin.py:190} INFO - [2026-04-08T13:12:00.969+0530] {dag.py:3239} INFO - Sync 1 DAGs
[2026-04-08T13:12:00.978+0530] {logging_mixin.py:190} INFO - [2026-04-08T13:12:00.977+0530] {dag.py:4180} INFO - Setting next_dagrun for example_trigger_controller_dag to 2021-01-01 00:00:00+00:00, run_after=2021-01-01 00:00:00+00:00
[2026-04-08T13:12:00.986+0530] {processor.py:208} INFO - Processing /Users/navalyemul/Documents/uptime/airflow_venv/lib/python3.12/site-packages/airflow/example_dags/example_trigger_controller_dag.py took 0.063 seconds
[2026-04-08T13:13:24.436+0530] {processor.py:186} INFO - Started process (PID=34488) to work on /Users/navalyemul/Documents/uptime/airflow_venv/lib/python3.12/site-packages/airflow/example_dags/example_trigger_controller_dag.py
[2026-04-08T13:13:24.437+0530] {processor.py:914} INFO - Processing file /Users/navalyemul/Documents/uptime/airflow_venv/lib/python3.12/site-packages/airflow/example_dags/example_trigger_controller_dag.py for tasks to queue
[2026-04-08T13:13:24.437+0530] {logging_mixin.py:190} INFO - [2026-04-08T13:13:24.437+0530] {dagbag.py:588} INFO - Filling up the DagBag from /Users/navalyemul/Documents/uptime/airflow_venv/lib/python3.12/site-packages/airflow/example_dags/example_trigger_controller_dag.py
[2026-04-08T13:13:24.443+0530] {processor.py:925} INFO - DAG(s) 'example_trigger_controller_dag' retrieved from /Users/navalyemul/Documents/uptime/airflow_venv/lib/python3.12/site-packages/airflow/example_dags/example_trigger_controller_dag.py
[2026-04-08T13:13:24.481+0530] {logging_mixin.py:190} INFO - [2026-04-08T13:13:24.481+0530] {dag.py:3239} INFO - Sync 1 DAGs
[2026-04-08T13:13:24.489+0530] {logging_mixin.py:190} INFO - [2026-04-08T13:13:24.489+0530] {dag.py:4180} INFO - Setting next_dagrun for example_trigger_controller_dag to 2021-01-01 00:00:00+00:00, run_after=2021-01-01 00:00:00+00:00
[2026-04-08T13:13:24.497+0530] {processor.py:208} INFO - Processing /Users/navalyemul/Documents/uptime/airflow_venv/lib/python3.12/site-packages/airflow/example_dags/example_trigger_controller_dag.py took 0.062 seconds
[2026-04-08T13:14:46.846+0530] {processor.py:186} INFO - Started process (PID=35422) to work on /Users/navalyemul/Documents/uptime/airflow_venv/lib/python3.12/site-packages/airflow/example_dags/example_trigger_controller_dag.py
[2026-04-08T13:14:46.847+0530] {processor.py:914} INFO - Processing file /Users/navalyemul/Documents/uptime/airflow_venv/lib/python3.12/site-packages/airflow/example_dags/example_trigger_controller_dag.py for tasks to queue
[2026-04-08T13:14:46.847+0530] {logging_mixin.py:190} INFO - [2026-04-08T13:14:46.847+0530] {dagbag.py:588} INFO - Filling up the DagBag from /Users/navalyemul/Documents/uptime/airflow_venv/lib/python3.12/site-packages/airflow/example_dags/example_trigger_controller_dag.py
[2026-04-08T13:14:46.854+0530] {processor.py:925} INFO - DAG(s) 'example_trigger_controller_dag' retrieved from /Users/navalyemul/Documents/uptime/airflow_venv/lib/python3.12/site-packages/airflow/example_dags/example_trigger_controller_dag.py
[2026-04-08T13:14:46.896+0530] {logging_mixin.py:190} INFO - [2026-04-08T13:14:46.896+0530] {dag.py:3239} INFO - Sync 1 DAGs
[2026-04-08T13:14:46.904+0530] {logging_mixin.py:190} INFO - [2026-04-08T13:14:46.904+0530] {dag.py:4180} INFO - Setting next_dagrun for example_trigger_controller_dag to 2021-01-01 00:00:00+00:00, run_after=2021-01-01 00:00:00+00:00
[2026-04-08T13:14:46.912+0530] {processor.py:208} INFO - Processing /Users/navalyemul/Documents/uptime/airflow_venv/lib/python3.12/site-packages/airflow/example_dags/example_trigger_controller_dag.py took 0.068 seconds
[2026-04-08T13:16:11.384+0530] {processor.py:186} INFO - Started process (PID=36385) to work on /Users/navalyemul/Documents/uptime/airflow_venv/lib/python3.12/site-packages/airflow/example_dags/example_trigger_controller_dag.py
[2026-04-08T13:16:11.385+0530] {processor.py:914} INFO - Processing file /Users/navalyemul/Documents/uptime/airflow_venv/lib/python3.12/site-packages/airflow/example_dags/example_trigger_controller_dag.py for tasks to queue
[2026-04-08T13:16:11.385+0530] {logging_mixin.py:190} INFO - [2026-04-08T13:16:11.385+0530] {dagbag.py:588} INFO - Filling up the DagBag from /Users/navalyemul/Documents/uptime/airflow_venv/lib/python3.12/site-packages/airflow/example_dags/example_trigger_controller_dag.py
[2026-04-08T13:16:11.391+0530] {processor.py:925} INFO - DAG(s) 'example_trigger_controller_dag' retrieved from /Users/navalyemul/Documents/uptime/airflow_venv/lib/python3.12/site-packages/airflow/example_dags/example_trigger_controller_dag.py
[2026-04-08T13:16:11.431+0530] {logging_mixin.py:190} INFO - [2026-04-08T13:16:11.431+0530] {dag.py:3239} INFO - Sync 1 DAGs
[2026-04-08T13:16:11.440+0530] {logging_mixin.py:190} INFO - [2026-04-08T13:16:11.440+0530] {dag.py:4180} INFO - Setting next_dagrun for example_trigger_controller_dag to 2021-01-01 00:00:00+00:00, run_after=2021-01-01 00:00:00+00:00
[2026-04-08T13:16:11.449+0530] {processor.py:208} INFO - Processing /Users/navalyemul/Documents/uptime/airflow_venv/lib/python3.12/site-packages/airflow/example_dags/example_trigger_controller_dag.py took 0.067 seconds
[2026-04-08T13:17:34.896+0530] {processor.py:186} INFO - Started process (PID=37316) to work on /Users/navalyemul/Documents/uptime/airflow_venv/lib/python3.12/site-packages/airflow/example_dags/example_trigger_controller_dag.py
[2026-04-08T13:17:34.897+0530] {processor.py:914} INFO - Processing file /Users/navalyemul/Documents/uptime/airflow_venv/lib/python3.12/site-packages/airflow/example_dags/example_trigger_controller_dag.py for tasks to queue
[2026-04-08T13:17:34.898+0530] {logging_mixin.py:190} INFO - [2026-04-08T13:17:34.898+0530] {dagbag.py:588} INFO - Filling up the DagBag from /Users/navalyemul/Documents/uptime/airflow_venv/lib/python3.12/site-packages/airflow/example_dags/example_trigger_controller_dag.py
[2026-04-08T13:17:34.904+0530] {processor.py:925} INFO - DAG(s) 'example_trigger_controller_dag' retrieved from /Users/navalyemul/Documents/uptime/airflow_venv/lib/python3.12/site-packages/airflow/example_dags/example_trigger_controller_dag.py
[2026-04-08T13:17:34.944+0530] {logging_mixin.py:190} INFO - [2026-04-08T13:17:34.944+0530] {dag.py:3239} INFO - Sync 1 DAGs
[2026-04-08T13:17:34.953+0530] {logging_mixin.py:190} INFO - [2026-04-08T13:17:34.952+0530] {dag.py:4180} INFO - Setting next_dagrun for example_trigger_controller_dag to 2021-01-01 00:00:00+00:00, run_after=2021-01-01 00:00:00+00:00
[2026-04-08T13:17:34.961+0530] {processor.py:208} INFO - Processing /Users/navalyemul/Documents/uptime/airflow_venv/lib/python3.12/site-packages/airflow/example_dags/example_trigger_controller_dag.py took 0.066 seconds
[2026-04-08T13:19:04.194+0530] {processor.py:186} INFO - Started process (PID=38267) to work on /Users/navalyemul/Documents/uptime/airflow_venv/lib/python3.12/site-packages/airflow/example_dags/example_trigger_controller_dag.py
[2026-04-08T13:19:04.195+0530] {processor.py:914} INFO - Processing file /Users/navalyemul/Documents/uptime/airflow_venv/lib/python3.12/site-packages/airflow/example_dags/example_trigger_controller_dag.py for tasks to queue
[2026-04-08T13:19:04.195+0530] {logging_mixin.py:190} INFO - [2026-04-08T13:19:04.195+0530] {dagbag.py:588} INFO - Filling up the DagBag from /Users/navalyemul/Documents/uptime/airflow_venv/lib/python3.12/site-packages/airflow/example_dags/example_trigger_controller_dag.py
[2026-04-08T13:19:04.201+0530] {processor.py:925} INFO - DAG(s) 'example_trigger_controller_dag' retrieved from /Users/navalyemul/Documents/uptime/airflow_venv/lib/python3.12/site-packages/airflow/example_dags/example_trigger_controller_dag.py
[2026-04-08T13:19:04.239+0530] {logging_mixin.py:190} INFO - [2026-04-08T13:19:04.239+0530] {dag.py:3239} INFO - Sync 1 DAGs
[2026-04-08T13:19:04.247+0530] {logging_mixin.py:190} INFO - [2026-04-08T13:19:04.247+0530] {dag.py:4180} INFO - Setting next_dagrun for example_trigger_controller_dag to 2021-01-01 00:00:00+00:00, run_after=2021-01-01 00:00:00+00:00
[2026-04-08T13:19:04.256+0530] {processor.py:208} INFO - Processing /Users/navalyemul/Documents/uptime/airflow_venv/lib/python3.12/site-packages/airflow/example_dags/example_trigger_controller_dag.py took 0.063 seconds
[2026-04-08T13:28:37.975+0530] {processor.py:186} INFO - Started process (PID=39208) to work on /Users/navalyemul/Documents/uptime/airflow_venv/lib/python3.12/site-packages/airflow/example_dags/example_trigger_controller_dag.py
[2026-04-08T13:28:37.976+0530] {processor.py:914} INFO - Processing file /Users/navalyemul/Documents/uptime/airflow_venv/lib/python3.12/site-packages/airflow/example_dags/example_trigger_controller_dag.py for tasks to queue
[2026-04-08T13:28:37.977+0530] {logging_mixin.py:190} INFO - [2026-04-08T13:28:37.977+0530] {dagbag.py:588} INFO - Filling up the DagBag from /Users/navalyemul/Documents/uptime/airflow_venv/lib/python3.12/site-packages/airflow/example_dags/example_trigger_controller_dag.py
[2026-04-08T13:28:37.983+0530] {processor.py:925} INFO - DAG(s) 'example_trigger_controller_dag' retrieved from /Users/navalyemul/Documents/uptime/airflow_venv/lib/python3.12/site-packages/airflow/example_dags/example_trigger_controller_dag.py
[2026-04-08T13:28:38.028+0530] {logging_mixin.py:190} INFO - [2026-04-08T13:28:38.028+0530] {dag.py:3239} INFO - Sync 1 DAGs
[2026-04-08T13:28:38.037+0530] {logging_mixin.py:190} INFO - [2026-04-08T13:28:38.037+0530] {dag.py:4180} INFO - Setting next_dagrun for example_trigger_controller_dag to 2021-01-01 00:00:00+00:00, run_after=2021-01-01 00:00:00+00:00
[2026-04-08T13:28:38.046+0530] {processor.py:208} INFO - Processing /Users/navalyemul/Documents/uptime/airflow_venv/lib/python3.12/site-packages/airflow/example_dags/example_trigger_controller_dag.py took 0.073 seconds
[2026-04-08T13:33:36.986+0530] {processor.py:186} INFO - Started process (PID=40165) to work on /Users/navalyemul/Documents/uptime/airflow_venv/lib/python3.12/site-packages/airflow/example_dags/example_trigger_controller_dag.py
[2026-04-08T13:33:36.987+0530] {processor.py:914} INFO - Processing file /Users/navalyemul/Documents/uptime/airflow_venv/lib/python3.12/site-packages/airflow/example_dags/example_trigger_controller_dag.py for tasks to queue
[2026-04-08T13:33:36.987+0530] {logging_mixin.py:190} INFO - [2026-04-08T13:33:36.987+0530] {dagbag.py:588} INFO - Filling up the DagBag from /Users/navalyemul/Documents/uptime/airflow_venv/lib/python3.12/site-packages/airflow/example_dags/example_trigger_controller_dag.py
[2026-04-08T13:33:36.998+0530] {processor.py:925} INFO - DAG(s) 'example_trigger_controller_dag' retrieved from /Users/navalyemul/Documents/uptime/airflow_venv/lib/python3.12/site-packages/airflow/example_dags/example_trigger_controller_dag.py
[2026-04-08T13:33:37.041+0530] {logging_mixin.py:190} INFO - [2026-04-08T13:33:37.040+0530] {dag.py:3239} INFO - Sync 1 DAGs
[2026-04-08T13:33:37.051+0530] {logging_mixin.py:190} INFO - [2026-04-08T13:33:37.051+0530] {dag.py:4180} INFO - Setting next_dagrun for example_trigger_controller_dag to 2021-01-01 00:00:00+00:00, run_after=2021-01-01 00:00:00+00:00
[2026-04-08T13:33:37.060+0530] {processor.py:208} INFO - Processing /Users/navalyemul/Documents/uptime/airflow_venv/lib/python3.12/site-packages/airflow/example_dags/example_trigger_controller_dag.py took 0.077 seconds
[2026-04-08T13:35:16.557+0530] {processor.py:186} INFO - Started process (PID=41346) to work on /Users/navalyemul/Documents/uptime/airflow_venv/lib/python3.12/site-packages/airflow/example_dags/example_trigger_controller_dag.py
[2026-04-08T13:35:16.557+0530] {processor.py:914} INFO - Processing file /Users/navalyemul/Documents/uptime/airflow_venv/lib/python3.12/site-packages/airflow/example_dags/example_trigger_controller_dag.py for tasks to queue
[2026-04-08T13:35:16.558+0530] {logging_mixin.py:190} INFO - [2026-04-08T13:35:16.558+0530] {dagbag.py:588} INFO - Filling up the DagBag from /Users/navalyemul/Documents/uptime/airflow_venv/lib/python3.12/site-packages/airflow/example_dags/example_trigger_controller_dag.py
[2026-04-08T13:35:16.563+0530] {processor.py:925} INFO - DAG(s) 'example_trigger_controller_dag' retrieved from /Users/navalyemul/Documents/uptime/airflow_venv/lib/python3.12/site-packages/airflow/example_dags/example_trigger_controller_dag.py
[2026-04-08T13:35:16.602+0530] {logging_mixin.py:190} INFO - [2026-04-08T13:35:16.602+0530] {dag.py:3239} INFO - Sync 1 DAGs
[2026-04-08T13:35:16.610+0530] {logging_mixin.py:190} INFO - [2026-04-08T13:35:16.610+0530] {dag.py:4180} INFO - Setting next_dagrun for example_trigger_controller_dag to 2021-01-01 00:00:00+00:00, run_after=2021-01-01 00:00:00+00:00
[2026-04-08T13:35:16.618+0530] {processor.py:208} INFO - Processing /Users/navalyemul/Documents/uptime/airflow_venv/lib/python3.12/site-packages/airflow/example_dags/example_trigger_controller_dag.py took 0.063 seconds
[2026-04-08T13:41:41.434+0530] {processor.py:186} INFO - Started process (PID=42268) to work on /Users/navalyemul/Documents/uptime/airflow_venv/lib/python3.12/site-packages/airflow/example_dags/example_trigger_controller_dag.py
[2026-04-08T13:41:41.435+0530] {processor.py:914} INFO - Processing file /Users/navalyemul/Documents/uptime/airflow_venv/lib/python3.12/site-packages/airflow/example_dags/example_trigger_controller_dag.py for tasks to queue
[2026-04-08T13:41:41.435+0530] {logging_mixin.py:190} INFO - [2026-04-08T13:41:41.435+0530] {dagbag.py:588} INFO - Filling up the DagBag from /Users/navalyemul/Documents/uptime/airflow_venv/lib/python3.12/site-packages/airflow/example_dags/example_trigger_controller_dag.py
[2026-04-08T13:41:41.441+0530] {processor.py:925} INFO - DAG(s) 'example_trigger_controller_dag' retrieved from /Users/navalyemul/Documents/uptime/airflow_venv/lib/python3.12/site-packages/airflow/example_dags/example_trigger_controller_dag.py
[2026-04-08T13:41:41.478+0530] {logging_mixin.py:190} INFO - [2026-04-08T13:41:41.478+0530] {dag.py:3239} INFO - Sync 1 DAGs
[2026-04-08T13:41:41.486+0530] {logging_mixin.py:190} INFO - [2026-04-08T13:41:41.486+0530] {dag.py:4180} INFO - Setting next_dagrun for example_trigger_controller_dag to 2021-01-01 00:00:00+00:00, run_after=2021-01-01 00:00:00+00:00
[2026-04-08T13:41:41.494+0530] {processor.py:208} INFO - Processing /Users/navalyemul/Documents/uptime/airflow_venv/lib/python3.12/site-packages/airflow/example_dags/example_trigger_controller_dag.py took 0.062 seconds
[2026-04-08T13:54:26.516+0530] {processor.py:186} INFO - Started process (PID=43448) to work on /Users/navalyemul/Documents/uptime/airflow_venv/lib/python3.12/site-packages/airflow/example_dags/example_trigger_controller_dag.py
[2026-04-08T13:54:26.517+0530] {processor.py:914} INFO - Processing file /Users/navalyemul/Documents/uptime/airflow_venv/lib/python3.12/site-packages/airflow/example_dags/example_trigger_controller_dag.py for tasks to queue
[2026-04-08T13:54:26.518+0530] {logging_mixin.py:190} INFO - [2026-04-08T13:54:26.518+0530] {dagbag.py:588} INFO - Filling up the DagBag from /Users/navalyemul/Documents/uptime/airflow_venv/lib/python3.12/site-packages/airflow/example_dags/example_trigger_controller_dag.py
[2026-04-08T13:54:26.524+0530] {processor.py:925} INFO - DAG(s) 'example_trigger_controller_dag' retrieved from /Users/navalyemul/Documents/uptime/airflow_venv/lib/python3.12/site-packages/airflow/example_dags/example_trigger_controller_dag.py
[2026-04-08T13:54:26.564+0530] {logging_mixin.py:190} INFO - [2026-04-08T13:54:26.563+0530] {dag.py:3239} INFO - Sync 1 DAGs
[2026-04-08T13:54:26.571+0530] {logging_mixin.py:190} INFO - [2026-04-08T13:54:26.571+0530] {dag.py:4180} INFO - Setting next_dagrun for example_trigger_controller_dag to 2021-01-01 00:00:00+00:00, run_after=2021-01-01 00:00:00+00:00
[2026-04-08T13:54:26.579+0530] {processor.py:208} INFO - Processing /Users/navalyemul/Documents/uptime/airflow_venv/lib/python3.12/site-packages/airflow/example_dags/example_trigger_controller_dag.py took 0.064 seconds
[2026-04-08T13:56:20.742+0530] {processor.py:186} INFO - Started process (PID=44527) to work on /Users/navalyemul/Documents/uptime/airflow_venv/lib/python3.12/site-packages/airflow/example_dags/example_trigger_controller_dag.py
[2026-04-08T13:56:20.744+0530] {processor.py:914} INFO - Processing file /Users/navalyemul/Documents/uptime/airflow_venv/lib/python3.12/site-packages/airflow/example_dags/example_trigger_controller_dag.py for tasks to queue
[2026-04-08T13:56:20.745+0530] {logging_mixin.py:190} INFO - [2026-04-08T13:56:20.745+0530] {dagbag.py:588} INFO - Filling up the DagBag from /Users/navalyemul/Documents/uptime/airflow_venv/lib/python3.12/site-packages/airflow/example_dags/example_trigger_controller_dag.py
[2026-04-08T13:56:20.756+0530] {processor.py:925} INFO - DAG(s) 'example_trigger_controller_dag' retrieved from /Users/navalyemul/Documents/uptime/airflow_venv/lib/python3.12/site-packages/airflow/example_dags/example_trigger_controller_dag.py
[2026-04-08T13:56:20.802+0530] {logging_mixin.py:190} INFO - [2026-04-08T13:56:20.802+0530] {dag.py:3239} INFO - Sync 1 DAGs
[2026-04-08T13:56:20.811+0530] {logging_mixin.py:190} INFO - [2026-04-08T13:56:20.811+0530] {dag.py:4180} INFO - Setting next_dagrun for example_trigger_controller_dag to 2021-01-01 00:00:00+00:00, run_after=2021-01-01 00:00:00+00:00
[2026-04-08T13:56:20.827+0530] {processor.py:208} INFO - Processing /Users/navalyemul/Documents/uptime/airflow_venv/lib/python3.12/site-packages/airflow/example_dags/example_trigger_controller_dag.py took 0.088 seconds
[2026-04-08T13:58:01.245+0530] {processor.py:186} INFO - Started process (PID=45565) to work on /Users/navalyemul/Documents/uptime/airflow_venv/lib/python3.12/site-packages/airflow/example_dags/example_trigger_controller_dag.py
[2026-04-08T13:58:01.246+0530] {processor.py:914} INFO - Processing file /Users/navalyemul/Documents/uptime/airflow_venv/lib/python3.12/site-packages/airflow/example_dags/example_trigger_controller_dag.py for tasks to queue
[2026-04-08T13:58:01.246+0530] {logging_mixin.py:190} INFO - [2026-04-08T13:58:01.246+0530] {dagbag.py:588} INFO - Filling up the DagBag from /Users/navalyemul/Documents/uptime/airflow_venv/lib/python3.12/site-packages/airflow/example_dags/example_trigger_controller_dag.py
[2026-04-08T13:58:01.253+0530] {processor.py:925} INFO - DAG(s) 'example_trigger_controller_dag' retrieved from /Users/navalyemul/Documents/uptime/airflow_venv/lib/python3.12/site-packages/airflow/example_dags/example_trigger_controller_dag.py
[2026-04-08T13:58:01.294+0530] {logging_mixin.py:190} INFO - [2026-04-08T13:58:01.294+0530] {dag.py:3239} INFO - Sync 1 DAGs
[2026-04-08T13:58:01.303+0530] {logging_mixin.py:190} INFO - [2026-04-08T13:58:01.303+0530] {dag.py:4180} INFO - Setting next_dagrun for example_trigger_controller_dag to 2021-01-01 00:00:00+00:00, run_after=2021-01-01 00:00:00+00:00
[2026-04-08T13:58:01.311+0530] {processor.py:208} INFO - Processing /Users/navalyemul/Documents/uptime/airflow_venv/lib/python3.12/site-packages/airflow/example_dags/example_trigger_controller_dag.py took 0.068 seconds
