[2026-04-08T12:44:24.203+0530] {processor.py:186} INFO - Started process (PID=15927) to work on /Users/navalyemul/Documents/uptime/airflow_venv/lib/python3.12/site-packages/airflow/example_dags/example_short_circuit_decorator.py
[2026-04-08T12:44:24.204+0530] {processor.py:914} INFO - Processing file /Users/navalyemul/Documents/uptime/airflow_venv/lib/python3.12/site-packages/airflow/example_dags/example_short_circuit_decorator.py for tasks to queue
[2026-04-08T12:44:24.205+0530] {logging_mixin.py:190} INFO - [2026-04-08T12:44:24.205+0530] {dagbag.py:588} INFO - Filling up the DagBag from /Users/navalyemul/Documents/uptime/airflow_venv/lib/python3.12/site-packages/airflow/example_dags/example_short_circuit_decorator.py
[2026-04-08T12:44:24.261+0530] {processor.py:925} INFO - DAG(s) 'example_short_circuit_decorator' retrieved from /Users/navalyemul/Documents/uptime/airflow_venv/lib/python3.12/site-packages/airflow/example_dags/example_short_circuit_decorator.py
[2026-04-08T12:44:24.392+0530] {logging_mixin.py:190} INFO - [2026-04-08T12:44:24.391+0530] {override.py:1912} INFO - Created Permission View: can delete on DAG:example_short_circuit_decorator
[2026-04-08T12:44:24.396+0530] {logging_mixin.py:190} INFO - [2026-04-08T12:44:24.396+0530] {override.py:1912} INFO - Created Permission View: can read on DAG:example_short_circuit_decorator
[2026-04-08T12:44:24.399+0530] {logging_mixin.py:190} INFO - [2026-04-08T12:44:24.399+0530] {override.py:1912} INFO - Created Permission View: can edit on DAG:example_short_circuit_decorator
[2026-04-08T12:44:24.403+0530] {logging_mixin.py:190} INFO - [2026-04-08T12:44:24.402+0530] {override.py:1912} INFO - Created Permission View: can delete on DAG Run:example_short_circuit_decorator
[2026-04-08T12:44:24.405+0530] {logging_mixin.py:190} INFO - [2026-04-08T12:44:24.405+0530] {override.py:1912} INFO - Created Permission View: can create on DAG Run:example_short_circuit_decorator
[2026-04-08T12:44:24.408+0530] {logging_mixin.py:190} INFO - [2026-04-08T12:44:24.408+0530] {override.py:1912} INFO - Created Permission View: menu access on DAG Run:example_short_circuit_decorator
[2026-04-08T12:44:24.411+0530] {logging_mixin.py:190} INFO - [2026-04-08T12:44:24.410+0530] {override.py:1912} INFO - Created Permission View: can read on DAG Run:example_short_circuit_decorator
[2026-04-08T12:44:24.411+0530] {logging_mixin.py:190} INFO - [2026-04-08T12:44:24.411+0530] {dag.py:3239} INFO - Sync 1 DAGs
[2026-04-08T12:44:24.416+0530] {logging_mixin.py:190} INFO - [2026-04-08T12:44:24.415+0530] {dag.py:3262} INFO - Creating ORM DAG for example_short_circuit_decorator
[2026-04-08T12:44:24.416+0530] {logging_mixin.py:190} INFO - [2026-04-08T12:44:24.416+0530] {dag.py:4180} INFO - Setting next_dagrun for example_short_circuit_decorator to None, run_after=None
[2026-04-08T12:44:24.466+0530] {processor.py:208} INFO - Processing /Users/navalyemul/Documents/uptime/airflow_venv/lib/python3.12/site-packages/airflow/example_dags/example_short_circuit_decorator.py took 0.268 seconds
[2026-04-08T12:46:58.346+0530] {processor.py:186} INFO - Started process (PID=17484) to work on /Users/navalyemul/Documents/uptime/airflow_venv/lib/python3.12/site-packages/airflow/example_dags/example_short_circuit_decorator.py
[2026-04-08T12:46:58.347+0530] {processor.py:914} INFO - Processing file /Users/navalyemul/Documents/uptime/airflow_venv/lib/python3.12/site-packages/airflow/example_dags/example_short_circuit_decorator.py for tasks to queue
[2026-04-08T12:46:58.348+0530] {logging_mixin.py:190} INFO - [2026-04-08T12:46:58.348+0530] {dagbag.py:588} INFO - Filling up the DagBag from /Users/navalyemul/Documents/uptime/airflow_venv/lib/python3.12/site-packages/airflow/example_dags/example_short_circuit_decorator.py
[2026-04-08T12:46:58.369+0530] {processor.py:925} INFO - DAG(s) 'example_short_circuit_decorator' retrieved from /Users/navalyemul/Documents/uptime/airflow_venv/lib/python3.12/site-packages/airflow/example_dags/example_short_circuit_decorator.py
[2026-04-08T12:46:58.411+0530] {logging_mixin.py:190} INFO - [2026-04-08T12:46:58.411+0530] {dag.py:3239} INFO - Sync 1 DAGs
[2026-04-08T12:46:58.415+0530] {logging_mixin.py:190} INFO - [2026-04-08T12:46:58.415+0530] {dag.py:4180} INFO - Setting next_dagrun for example_short_circuit_decorator to None, run_after=None
[2026-04-08T12:46:58.424+0530] {processor.py:208} INFO - Processing /Users/navalyemul/Documents/uptime/airflow_venv/lib/python3.12/site-packages/airflow/example_dags/example_short_circuit_decorator.py took 0.079 seconds
[2026-04-08T12:48:54.270+0530] {processor.py:186} INFO - Started process (PID=18792) to work on /Users/navalyemul/Documents/uptime/airflow_venv/lib/python3.12/site-packages/airflow/example_dags/example_short_circuit_decorator.py
[2026-04-08T12:48:54.271+0530] {processor.py:914} INFO - Processing file /Users/navalyemul/Documents/uptime/airflow_venv/lib/python3.12/site-packages/airflow/example_dags/example_short_circuit_decorator.py for tasks to queue
[2026-04-08T12:48:54.271+0530] {logging_mixin.py:190} INFO - [2026-04-08T12:48:54.271+0530] {dagbag.py:588} INFO - Filling up the DagBag from /Users/navalyemul/Documents/uptime/airflow_venv/lib/python3.12/site-packages/airflow/example_dags/example_short_circuit_decorator.py
[2026-04-08T12:48:54.292+0530] {processor.py:925} INFO - DAG(s) 'example_short_circuit_decorator' retrieved from /Users/navalyemul/Documents/uptime/airflow_venv/lib/python3.12/site-packages/airflow/example_dags/example_short_circuit_decorator.py
[2026-04-08T12:48:54.334+0530] {logging_mixin.py:190} INFO - [2026-04-08T12:48:54.334+0530] {dag.py:3239} INFO - Sync 1 DAGs
[2026-04-08T12:48:54.339+0530] {logging_mixin.py:190} INFO - [2026-04-08T12:48:54.339+0530] {dag.py:4180} INFO - Setting next_dagrun for example_short_circuit_decorator to None, run_after=None
[2026-04-08T12:48:54.347+0530] {processor.py:208} INFO - Processing /Users/navalyemul/Documents/uptime/airflow_venv/lib/python3.12/site-packages/airflow/example_dags/example_short_circuit_decorator.py took 0.079 seconds
[2026-04-08T12:50:17.682+0530] {processor.py:186} INFO - Started process (PID=19753) to work on /Users/navalyemul/Documents/uptime/airflow_venv/lib/python3.12/site-packages/airflow/example_dags/example_short_circuit_decorator.py
[2026-04-08T12:50:17.683+0530] {processor.py:914} INFO - Processing file /Users/navalyemul/Documents/uptime/airflow_venv/lib/python3.12/site-packages/airflow/example_dags/example_short_circuit_decorator.py for tasks to queue
[2026-04-08T12:50:17.684+0530] {logging_mixin.py:190} INFO - [2026-04-08T12:50:17.683+0530] {dagbag.py:588} INFO - Filling up the DagBag from /Users/navalyemul/Documents/uptime/airflow_venv/lib/python3.12/site-packages/airflow/example_dags/example_short_circuit_decorator.py
[2026-04-08T12:50:17.705+0530] {processor.py:925} INFO - DAG(s) 'example_short_circuit_decorator' retrieved from /Users/navalyemul/Documents/uptime/airflow_venv/lib/python3.12/site-packages/airflow/example_dags/example_short_circuit_decorator.py
[2026-04-08T12:50:17.746+0530] {logging_mixin.py:190} INFO - [2026-04-08T12:50:17.745+0530] {dag.py:3239} INFO - Sync 1 DAGs
[2026-04-08T12:50:17.750+0530] {logging_mixin.py:190} INFO - [2026-04-08T12:50:17.750+0530] {dag.py:4180} INFO - Setting next_dagrun for example_short_circuit_decorator to None, run_after=None
[2026-04-08T12:50:17.759+0530] {processor.py:208} INFO - Processing /Users/navalyemul/Documents/uptime/airflow_venv/lib/python3.12/site-packages/airflow/example_dags/example_short_circuit_decorator.py took 0.078 seconds
[2026-04-08T12:51:51.356+0530] {processor.py:186} INFO - Started process (PID=20683) to work on /Users/navalyemul/Documents/uptime/airflow_venv/lib/python3.12/site-packages/airflow/example_dags/example_short_circuit_decorator.py
[2026-04-08T12:51:51.357+0530] {processor.py:914} INFO - Processing file /Users/navalyemul/Documents/uptime/airflow_venv/lib/python3.12/site-packages/airflow/example_dags/example_short_circuit_decorator.py for tasks to queue
[2026-04-08T12:51:51.358+0530] {logging_mixin.py:190} INFO - [2026-04-08T12:51:51.358+0530] {dagbag.py:588} INFO - Filling up the DagBag from /Users/navalyemul/Documents/uptime/airflow_venv/lib/python3.12/site-packages/airflow/example_dags/example_short_circuit_decorator.py
[2026-04-08T12:51:51.391+0530] {processor.py:925} INFO - DAG(s) 'example_short_circuit_decorator' retrieved from /Users/navalyemul/Documents/uptime/airflow_venv/lib/python3.12/site-packages/airflow/example_dags/example_short_circuit_decorator.py
[2026-04-08T12:51:51.444+0530] {logging_mixin.py:190} INFO - [2026-04-08T12:51:51.444+0530] {dag.py:3239} INFO - Sync 1 DAGs
[2026-04-08T12:51:51.450+0530] {logging_mixin.py:190} INFO - [2026-04-08T12:51:51.449+0530] {dag.py:4180} INFO - Setting next_dagrun for example_short_circuit_decorator to None, run_after=None
[2026-04-08T12:51:51.461+0530] {processor.py:208} INFO - Processing /Users/navalyemul/Documents/uptime/airflow_venv/lib/python3.12/site-packages/airflow/example_dags/example_short_circuit_decorator.py took 0.114 seconds
[2026-04-08T12:53:39.624+0530] {processor.py:186} INFO - Started process (PID=21627) to work on /Users/navalyemul/Documents/uptime/airflow_venv/lib/python3.12/site-packages/airflow/example_dags/example_short_circuit_decorator.py
[2026-04-08T12:53:39.626+0530] {processor.py:914} INFO - Processing file /Users/navalyemul/Documents/uptime/airflow_venv/lib/python3.12/site-packages/airflow/example_dags/example_short_circuit_decorator.py for tasks to queue
[2026-04-08T12:53:39.627+0530] {logging_mixin.py:190} INFO - [2026-04-08T12:53:39.627+0530] {dagbag.py:588} INFO - Filling up the DagBag from /Users/navalyemul/Documents/uptime/airflow_venv/lib/python3.12/site-packages/airflow/example_dags/example_short_circuit_decorator.py
[2026-04-08T12:53:39.680+0530] {processor.py:925} INFO - DAG(s) 'example_short_circuit_decorator' retrieved from /Users/navalyemul/Documents/uptime/airflow_venv/lib/python3.12/site-packages/airflow/example_dags/example_short_circuit_decorator.py
[2026-04-08T12:53:39.777+0530] {logging_mixin.py:190} INFO - [2026-04-08T12:53:39.777+0530] {dag.py:3239} INFO - Sync 1 DAGs
[2026-04-08T12:53:39.785+0530] {logging_mixin.py:190} INFO - [2026-04-08T12:53:39.784+0530] {dag.py:4180} INFO - Setting next_dagrun for example_short_circuit_decorator to None, run_after=None
[2026-04-08T12:53:39.797+0530] {processor.py:208} INFO - Processing /Users/navalyemul/Documents/uptime/airflow_venv/lib/python3.12/site-packages/airflow/example_dags/example_short_circuit_decorator.py took 0.179 seconds
[2026-04-08T12:55:26.977+0530] {processor.py:186} INFO - Started process (PID=22513) to work on /Users/navalyemul/Documents/uptime/airflow_venv/lib/python3.12/site-packages/airflow/example_dags/example_short_circuit_decorator.py
[2026-04-08T12:55:26.979+0530] {processor.py:914} INFO - Processing file /Users/navalyemul/Documents/uptime/airflow_venv/lib/python3.12/site-packages/airflow/example_dags/example_short_circuit_decorator.py for tasks to queue
[2026-04-08T12:55:26.979+0530] {logging_mixin.py:190} INFO - [2026-04-08T12:55:26.979+0530] {dagbag.py:588} INFO - Filling up the DagBag from /Users/navalyemul/Documents/uptime/airflow_venv/lib/python3.12/site-packages/airflow/example_dags/example_short_circuit_decorator.py
[2026-04-08T12:55:27.010+0530] {processor.py:925} INFO - DAG(s) 'example_short_circuit_decorator' retrieved from /Users/navalyemul/Documents/uptime/airflow_venv/lib/python3.12/site-packages/airflow/example_dags/example_short_circuit_decorator.py
[2026-04-08T12:55:27.053+0530] {logging_mixin.py:190} INFO - [2026-04-08T12:55:27.052+0530] {dag.py:3239} INFO - Sync 1 DAGs
[2026-04-08T12:55:27.057+0530] {logging_mixin.py:190} INFO - [2026-04-08T12:55:27.057+0530] {dag.py:4180} INFO - Setting next_dagrun for example_short_circuit_decorator to None, run_after=None
[2026-04-08T12:55:27.065+0530] {processor.py:208} INFO - Processing /Users/navalyemul/Documents/uptime/airflow_venv/lib/python3.12/site-packages/airflow/example_dags/example_short_circuit_decorator.py took 0.091 seconds
[2026-04-08T12:56:59.494+0530] {processor.py:186} INFO - Started process (PID=23490) to work on /Users/navalyemul/Documents/uptime/airflow_venv/lib/python3.12/site-packages/airflow/example_dags/example_short_circuit_decorator.py
[2026-04-08T12:56:59.495+0530] {processor.py:914} INFO - Processing file /Users/navalyemul/Documents/uptime/airflow_venv/lib/python3.12/site-packages/airflow/example_dags/example_short_circuit_decorator.py for tasks to queue
[2026-04-08T12:56:59.495+0530] {logging_mixin.py:190} INFO - [2026-04-08T12:56:59.495+0530] {dagbag.py:588} INFO - Filling up the DagBag from /Users/navalyemul/Documents/uptime/airflow_venv/lib/python3.12/site-packages/airflow/example_dags/example_short_circuit_decorator.py
[2026-04-08T12:56:59.515+0530] {processor.py:925} INFO - DAG(s) 'example_short_circuit_decorator' retrieved from /Users/navalyemul/Documents/uptime/airflow_venv/lib/python3.12/site-packages/airflow/example_dags/example_short_circuit_decorator.py
[2026-04-08T12:56:59.556+0530] {logging_mixin.py:190} INFO - [2026-04-08T12:56:59.556+0530] {dag.py:3239} INFO - Sync 1 DAGs
[2026-04-08T12:56:59.560+0530] {logging_mixin.py:190} INFO - [2026-04-08T12:56:59.560+0530] {dag.py:4180} INFO - Setting next_dagrun for example_short_circuit_decorator to None, run_after=None
[2026-04-08T12:56:59.568+0530] {processor.py:208} INFO - Processing /Users/navalyemul/Documents/uptime/airflow_venv/lib/python3.12/site-packages/airflow/example_dags/example_short_circuit_decorator.py took 0.076 seconds
[2026-04-08T12:58:27.727+0530] {processor.py:186} INFO - Started process (PID=24416) to work on /Users/navalyemul/Documents/uptime/airflow_venv/lib/python3.12/site-packages/airflow/example_dags/example_short_circuit_decorator.py
[2026-04-08T12:58:27.728+0530] {processor.py:914} INFO - Processing file /Users/navalyemul/Documents/uptime/airflow_venv/lib/python3.12/site-packages/airflow/example_dags/example_short_circuit_decorator.py for tasks to queue
[2026-04-08T12:58:27.728+0530] {logging_mixin.py:190} INFO - [2026-04-08T12:58:27.728+0530] {dagbag.py:588} INFO - Filling up the DagBag from /Users/navalyemul/Documents/uptime/airflow_venv/lib/python3.12/site-packages/airflow/example_dags/example_short_circuit_decorator.py
[2026-04-08T12:58:27.752+0530] {processor.py:925} INFO - DAG(s) 'example_short_circuit_decorator' retrieved from /Users/navalyemul/Documents/uptime/airflow_venv/lib/python3.12/site-packages/airflow/example_dags/example_short_circuit_decorator.py
[2026-04-08T12:58:27.794+0530] {logging_mixin.py:190} INFO - [2026-04-08T12:58:27.793+0530] {dag.py:3239} INFO - Sync 1 DAGs
[2026-04-08T12:58:27.798+0530] {logging_mixin.py:190} INFO - [2026-04-08T12:58:27.798+0530] {dag.py:4180} INFO - Setting next_dagrun for example_short_circuit_decorator to None, run_after=None
[2026-04-08T12:58:27.808+0530] {processor.py:208} INFO - Processing /Users/navalyemul/Documents/uptime/airflow_venv/lib/python3.12/site-packages/airflow/example_dags/example_short_circuit_decorator.py took 0.083 seconds
[2026-04-08T12:59:52.392+0530] {processor.py:186} INFO - Started process (PID=25346) to work on /Users/navalyemul/Documents/uptime/airflow_venv/lib/python3.12/site-packages/airflow/example_dags/example_short_circuit_decorator.py
[2026-04-08T12:59:52.393+0530] {processor.py:914} INFO - Processing file /Users/navalyemul/Documents/uptime/airflow_venv/lib/python3.12/site-packages/airflow/example_dags/example_short_circuit_decorator.py for tasks to queue
[2026-04-08T12:59:52.393+0530] {logging_mixin.py:190} INFO - [2026-04-08T12:59:52.393+0530] {dagbag.py:588} INFO - Filling up the DagBag from /Users/navalyemul/Documents/uptime/airflow_venv/lib/python3.12/site-packages/airflow/example_dags/example_short_circuit_decorator.py
[2026-04-08T12:59:52.414+0530] {processor.py:925} INFO - DAG(s) 'example_short_circuit_decorator' retrieved from /Users/navalyemul/Documents/uptime/airflow_venv/lib/python3.12/site-packages/airflow/example_dags/example_short_circuit_decorator.py
[2026-04-08T12:59:52.456+0530] {logging_mixin.py:190} INFO - [2026-04-08T12:59:52.456+0530] {dag.py:3239} INFO - Sync 1 DAGs
[2026-04-08T12:59:52.461+0530] {logging_mixin.py:190} INFO - [2026-04-08T12:59:52.461+0530] {dag.py:4180} INFO - Setting next_dagrun for example_short_circuit_decorator to None, run_after=None
[2026-04-08T12:59:52.469+0530] {processor.py:208} INFO - Processing /Users/navalyemul/Documents/uptime/airflow_venv/lib/python3.12/site-packages/airflow/example_dags/example_short_circuit_decorator.py took 0.079 seconds
[2026-04-08T13:01:13.250+0530] {processor.py:186} INFO - Started process (PID=26279) to work on /Users/navalyemul/Documents/uptime/airflow_venv/lib/python3.12/site-packages/airflow/example_dags/example_short_circuit_decorator.py
[2026-04-08T13:01:13.250+0530] {processor.py:914} INFO - Processing file /Users/navalyemul/Documents/uptime/airflow_venv/lib/python3.12/site-packages/airflow/example_dags/example_short_circuit_decorator.py for tasks to queue
[2026-04-08T13:01:13.251+0530] {logging_mixin.py:190} INFO - [2026-04-08T13:01:13.251+0530] {dagbag.py:588} INFO - Filling up the DagBag from /Users/navalyemul/Documents/uptime/airflow_venv/lib/python3.12/site-packages/airflow/example_dags/example_short_circuit_decorator.py
[2026-04-08T13:01:13.272+0530] {processor.py:925} INFO - DAG(s) 'example_short_circuit_decorator' retrieved from /Users/navalyemul/Documents/uptime/airflow_venv/lib/python3.12/site-packages/airflow/example_dags/example_short_circuit_decorator.py
[2026-04-08T13:01:13.312+0530] {logging_mixin.py:190} INFO - [2026-04-08T13:01:13.312+0530] {dag.py:3239} INFO - Sync 1 DAGs
[2026-04-08T13:01:13.317+0530] {logging_mixin.py:190} INFO - [2026-04-08T13:01:13.317+0530] {dag.py:4180} INFO - Setting next_dagrun for example_short_circuit_decorator to None, run_after=None
[2026-04-08T13:01:13.325+0530] {processor.py:208} INFO - Processing /Users/navalyemul/Documents/uptime/airflow_venv/lib/python3.12/site-packages/airflow/example_dags/example_short_circuit_decorator.py took 0.077 seconds
[2026-04-08T13:02:33.355+0530] {processor.py:186} INFO - Started process (PID=27197) to work on /Users/navalyemul/Documents/uptime/airflow_venv/lib/python3.12/site-packages/airflow/example_dags/example_short_circuit_decorator.py
[2026-04-08T13:02:33.356+0530] {processor.py:914} INFO - Processing file /Users/navalyemul/Documents/uptime/airflow_venv/lib/python3.12/site-packages/airflow/example_dags/example_short_circuit_decorator.py for tasks to queue
[2026-04-08T13:02:33.356+0530] {logging_mixin.py:190} INFO - [2026-04-08T13:02:33.356+0530] {dagbag.py:588} INFO - Filling up the DagBag from /Users/navalyemul/Documents/uptime/airflow_venv/lib/python3.12/site-packages/airflow/example_dags/example_short_circuit_decorator.py
[2026-04-08T13:02:33.377+0530] {processor.py:925} INFO - DAG(s) 'example_short_circuit_decorator' retrieved from /Users/navalyemul/Documents/uptime/airflow_venv/lib/python3.12/site-packages/airflow/example_dags/example_short_circuit_decorator.py
[2026-04-08T13:02:33.419+0530] {logging_mixin.py:190} INFO - [2026-04-08T13:02:33.418+0530] {dag.py:3239} INFO - Sync 1 DAGs
[2026-04-08T13:02:33.423+0530] {logging_mixin.py:190} INFO - [2026-04-08T13:02:33.423+0530] {dag.py:4180} INFO - Setting next_dagrun for example_short_circuit_decorator to None, run_after=None
[2026-04-08T13:02:33.431+0530] {processor.py:208} INFO - Processing /Users/navalyemul/Documents/uptime/airflow_venv/lib/python3.12/site-packages/airflow/example_dags/example_short_circuit_decorator.py took 0.078 seconds
[2026-04-08T13:03:58.280+0530] {processor.py:186} INFO - Started process (PID=28214) to work on /Users/navalyemul/Documents/uptime/airflow_venv/lib/python3.12/site-packages/airflow/example_dags/example_short_circuit_decorator.py
[2026-04-08T13:03:58.281+0530] {processor.py:914} INFO - Processing file /Users/navalyemul/Documents/uptime/airflow_venv/lib/python3.12/site-packages/airflow/example_dags/example_short_circuit_decorator.py for tasks to queue
[2026-04-08T13:03:58.282+0530] {logging_mixin.py:190} INFO - [2026-04-08T13:03:58.282+0530] {dagbag.py:588} INFO - Filling up the DagBag from /Users/navalyemul/Documents/uptime/airflow_venv/lib/python3.12/site-packages/airflow/example_dags/example_short_circuit_decorator.py
[2026-04-08T13:03:58.310+0530] {processor.py:925} INFO - DAG(s) 'example_short_circuit_decorator' retrieved from /Users/navalyemul/Documents/uptime/airflow_venv/lib/python3.12/site-packages/airflow/example_dags/example_short_circuit_decorator.py
[2026-04-08T13:03:58.355+0530] {logging_mixin.py:190} INFO - [2026-04-08T13:03:58.355+0530] {dag.py:3239} INFO - Sync 1 DAGs
[2026-04-08T13:03:58.360+0530] {logging_mixin.py:190} INFO - [2026-04-08T13:03:58.360+0530] {dag.py:4180} INFO - Setting next_dagrun for example_short_circuit_decorator to None, run_after=None
[2026-04-08T13:03:58.370+0530] {processor.py:208} INFO - Processing /Users/navalyemul/Documents/uptime/airflow_venv/lib/python3.12/site-packages/airflow/example_dags/example_short_circuit_decorator.py took 0.092 seconds
[2026-04-08T13:05:22.106+0530] {processor.py:186} INFO - Started process (PID=29152) to work on /Users/navalyemul/Documents/uptime/airflow_venv/lib/python3.12/site-packages/airflow/example_dags/example_short_circuit_decorator.py
[2026-04-08T13:05:22.107+0530] {processor.py:914} INFO - Processing file /Users/navalyemul/Documents/uptime/airflow_venv/lib/python3.12/site-packages/airflow/example_dags/example_short_circuit_decorator.py for tasks to queue
[2026-04-08T13:05:22.107+0530] {logging_mixin.py:190} INFO - [2026-04-08T13:05:22.107+0530] {dagbag.py:588} INFO - Filling up the DagBag from /Users/navalyemul/Documents/uptime/airflow_venv/lib/python3.12/site-packages/airflow/example_dags/example_short_circuit_decorator.py
[2026-04-08T13:05:22.130+0530] {processor.py:925} INFO - DAG(s) 'example_short_circuit_decorator' retrieved from /Users/navalyemul/Documents/uptime/airflow_venv/lib/python3.12/site-packages/airflow/example_dags/example_short_circuit_decorator.py
[2026-04-08T13:05:22.171+0530] {logging_mixin.py:190} INFO - [2026-04-08T13:05:22.171+0530] {dag.py:3239} INFO - Sync 1 DAGs
[2026-04-08T13:05:22.176+0530] {logging_mixin.py:190} INFO - [2026-04-08T13:05:22.176+0530] {dag.py:4180} INFO - Setting next_dagrun for example_short_circuit_decorator to None, run_after=None
[2026-04-08T13:05:22.184+0530] {processor.py:208} INFO - Processing /Users/navalyemul/Documents/uptime/airflow_venv/lib/python3.12/site-packages/airflow/example_dags/example_short_circuit_decorator.py took 0.080 seconds
[2026-04-08T13:06:44.675+0530] {processor.py:186} INFO - Started process (PID=30051) to work on /Users/navalyemul/Documents/uptime/airflow_venv/lib/python3.12/site-packages/airflow/example_dags/example_short_circuit_decorator.py
[2026-04-08T13:06:44.676+0530] {processor.py:914} INFO - Processing file /Users/navalyemul/Documents/uptime/airflow_venv/lib/python3.12/site-packages/airflow/example_dags/example_short_circuit_decorator.py for tasks to queue
[2026-04-08T13:06:44.676+0530] {logging_mixin.py:190} INFO - [2026-04-08T13:06:44.676+0530] {dagbag.py:588} INFO - Filling up the DagBag from /Users/navalyemul/Documents/uptime/airflow_venv/lib/python3.12/site-packages/airflow/example_dags/example_short_circuit_decorator.py
[2026-04-08T13:06:44.698+0530] {processor.py:925} INFO - DAG(s) 'example_short_circuit_decorator' retrieved from /Users/navalyemul/Documents/uptime/airflow_venv/lib/python3.12/site-packages/airflow/example_dags/example_short_circuit_decorator.py
[2026-04-08T13:06:44.740+0530] {logging_mixin.py:190} INFO - [2026-04-08T13:06:44.740+0530] {dag.py:3239} INFO - Sync 1 DAGs
[2026-04-08T13:06:44.745+0530] {logging_mixin.py:190} INFO - [2026-04-08T13:06:44.744+0530] {dag.py:4180} INFO - Setting next_dagrun for example_short_circuit_decorator to None, run_after=None
[2026-04-08T13:06:44.753+0530] {processor.py:208} INFO - Processing /Users/navalyemul/Documents/uptime/airflow_venv/lib/python3.12/site-packages/airflow/example_dags/example_short_circuit_decorator.py took 0.079 seconds
[2026-04-08T13:08:09.113+0530] {processor.py:186} INFO - Started process (PID=30965) to work on /Users/navalyemul/Documents/uptime/airflow_venv/lib/python3.12/site-packages/airflow/example_dags/example_short_circuit_decorator.py
[2026-04-08T13:08:09.113+0530] {processor.py:914} INFO - Processing file /Users/navalyemul/Documents/uptime/airflow_venv/lib/python3.12/site-packages/airflow/example_dags/example_short_circuit_decorator.py for tasks to queue
[2026-04-08T13:08:09.114+0530] {logging_mixin.py:190} INFO - [2026-04-08T13:08:09.114+0530] {dagbag.py:588} INFO - Filling up the DagBag from /Users/navalyemul/Documents/uptime/airflow_venv/lib/python3.12/site-packages/airflow/example_dags/example_short_circuit_decorator.py
[2026-04-08T13:08:09.137+0530] {processor.py:925} INFO - DAG(s) 'example_short_circuit_decorator' retrieved from /Users/navalyemul/Documents/uptime/airflow_venv/lib/python3.12/site-packages/airflow/example_dags/example_short_circuit_decorator.py
[2026-04-08T13:08:09.179+0530] {logging_mixin.py:190} INFO - [2026-04-08T13:08:09.179+0530] {dag.py:3239} INFO - Sync 1 DAGs
[2026-04-08T13:08:09.184+0530] {logging_mixin.py:190} INFO - [2026-04-08T13:08:09.184+0530] {dag.py:4180} INFO - Setting next_dagrun for example_short_circuit_decorator to None, run_after=None
[2026-04-08T13:08:09.193+0530] {processor.py:208} INFO - Processing /Users/navalyemul/Documents/uptime/airflow_venv/lib/python3.12/site-packages/airflow/example_dags/example_short_circuit_decorator.py took 0.082 seconds
[2026-04-08T13:09:31.227+0530] {processor.py:186} INFO - Started process (PID=31852) to work on /Users/navalyemul/Documents/uptime/airflow_venv/lib/python3.12/site-packages/airflow/example_dags/example_short_circuit_decorator.py
[2026-04-08T13:09:31.228+0530] {processor.py:914} INFO - Processing file /Users/navalyemul/Documents/uptime/airflow_venv/lib/python3.12/site-packages/airflow/example_dags/example_short_circuit_decorator.py for tasks to queue
[2026-04-08T13:09:31.228+0530] {logging_mixin.py:190} INFO - [2026-04-08T13:09:31.228+0530] {dagbag.py:588} INFO - Filling up the DagBag from /Users/navalyemul/Documents/uptime/airflow_venv/lib/python3.12/site-packages/airflow/example_dags/example_short_circuit_decorator.py
[2026-04-08T13:09:31.256+0530] {processor.py:925} INFO - DAG(s) 'example_short_circuit_decorator' retrieved from /Users/navalyemul/Documents/uptime/airflow_venv/lib/python3.12/site-packages/airflow/example_dags/example_short_circuit_decorator.py
[2026-04-08T13:09:31.297+0530] {logging_mixin.py:190} INFO - [2026-04-08T13:09:31.297+0530] {dag.py:3239} INFO - Sync 1 DAGs
[2026-04-08T13:09:31.302+0530] {logging_mixin.py:190} INFO - [2026-04-08T13:09:31.302+0530] {dag.py:4180} INFO - Setting next_dagrun for example_short_circuit_decorator to None, run_after=None
[2026-04-08T13:09:31.311+0530] {processor.py:208} INFO - Processing /Users/navalyemul/Documents/uptime/airflow_venv/lib/python3.12/site-packages/airflow/example_dags/example_short_circuit_decorator.py took 0.086 seconds
[2026-04-08T13:10:53.331+0530] {processor.py:186} INFO - Started process (PID=32826) to work on /Users/navalyemul/Documents/uptime/airflow_venv/lib/python3.12/site-packages/airflow/example_dags/example_short_circuit_decorator.py
[2026-04-08T13:10:53.331+0530] {processor.py:914} INFO - Processing file /Users/navalyemul/Documents/uptime/airflow_venv/lib/python3.12/site-packages/airflow/example_dags/example_short_circuit_decorator.py for tasks to queue
[2026-04-08T13:10:53.332+0530] {logging_mixin.py:190} INFO - [2026-04-08T13:10:53.332+0530] {dagbag.py:588} INFO - Filling up the DagBag from /Users/navalyemul/Documents/uptime/airflow_venv/lib/python3.12/site-packages/airflow/example_dags/example_short_circuit_decorator.py
[2026-04-08T13:10:53.355+0530] {processor.py:925} INFO - DAG(s) 'example_short_circuit_decorator' retrieved from /Users/navalyemul/Documents/uptime/airflow_venv/lib/python3.12/site-packages/airflow/example_dags/example_short_circuit_decorator.py
[2026-04-08T13:10:53.397+0530] {logging_mixin.py:190} INFO - [2026-04-08T13:10:53.397+0530] {dag.py:3239} INFO - Sync 1 DAGs
[2026-04-08T13:10:53.402+0530] {logging_mixin.py:190} INFO - [2026-04-08T13:10:53.402+0530] {dag.py:4180} INFO - Setting next_dagrun for example_short_circuit_decorator to None, run_after=None
[2026-04-08T13:10:53.412+0530] {processor.py:208} INFO - Processing /Users/navalyemul/Documents/uptime/airflow_venv/lib/python3.12/site-packages/airflow/example_dags/example_short_circuit_decorator.py took 0.083 seconds
[2026-04-08T13:12:17.180+0530] {processor.py:186} INFO - Started process (PID=33739) to work on /Users/navalyemul/Documents/uptime/airflow_venv/lib/python3.12/site-packages/airflow/example_dags/example_short_circuit_decorator.py
[2026-04-08T13:12:17.181+0530] {processor.py:914} INFO - Processing file /Users/navalyemul/Documents/uptime/airflow_venv/lib/python3.12/site-packages/airflow/example_dags/example_short_circuit_decorator.py for tasks to queue
[2026-04-08T13:12:17.181+0530] {logging_mixin.py:190} INFO - [2026-04-08T13:12:17.181+0530] {dagbag.py:588} INFO - Filling up the DagBag from /Users/navalyemul/Documents/uptime/airflow_venv/lib/python3.12/site-packages/airflow/example_dags/example_short_circuit_decorator.py
[2026-04-08T13:12:17.206+0530] {processor.py:925} INFO - DAG(s) 'example_short_circuit_decorator' retrieved from /Users/navalyemul/Documents/uptime/airflow_venv/lib/python3.12/site-packages/airflow/example_dags/example_short_circuit_decorator.py
[2026-04-08T13:12:17.248+0530] {logging_mixin.py:190} INFO - [2026-04-08T13:12:17.248+0530] {dag.py:3239} INFO - Sync 1 DAGs
[2026-04-08T13:12:17.254+0530] {logging_mixin.py:190} INFO - [2026-04-08T13:12:17.253+0530] {dag.py:4180} INFO - Setting next_dagrun for example_short_circuit_decorator to None, run_after=None
[2026-04-08T13:12:17.262+0530] {processor.py:208} INFO - Processing /Users/navalyemul/Documents/uptime/airflow_venv/lib/python3.12/site-packages/airflow/example_dags/example_short_circuit_decorator.py took 0.083 seconds
[2026-04-08T13:13:39.731+0530] {processor.py:186} INFO - Started process (PID=34659) to work on /Users/navalyemul/Documents/uptime/airflow_venv/lib/python3.12/site-packages/airflow/example_dags/example_short_circuit_decorator.py
[2026-04-08T13:13:39.732+0530] {processor.py:914} INFO - Processing file /Users/navalyemul/Documents/uptime/airflow_venv/lib/python3.12/site-packages/airflow/example_dags/example_short_circuit_decorator.py for tasks to queue
[2026-04-08T13:13:39.732+0530] {logging_mixin.py:190} INFO - [2026-04-08T13:13:39.732+0530] {dagbag.py:588} INFO - Filling up the DagBag from /Users/navalyemul/Documents/uptime/airflow_venv/lib/python3.12/site-packages/airflow/example_dags/example_short_circuit_decorator.py
[2026-04-08T13:13:39.757+0530] {processor.py:925} INFO - DAG(s) 'example_short_circuit_decorator' retrieved from /Users/navalyemul/Documents/uptime/airflow_venv/lib/python3.12/site-packages/airflow/example_dags/example_short_circuit_decorator.py
[2026-04-08T13:13:39.798+0530] {logging_mixin.py:190} INFO - [2026-04-08T13:13:39.797+0530] {dag.py:3239} INFO - Sync 1 DAGs
[2026-04-08T13:13:39.802+0530] {logging_mixin.py:190} INFO - [2026-04-08T13:13:39.802+0530] {dag.py:4180} INFO - Setting next_dagrun for example_short_circuit_decorator to None, run_after=None
[2026-04-08T13:13:39.810+0530] {processor.py:208} INFO - Processing /Users/navalyemul/Documents/uptime/airflow_venv/lib/python3.12/site-packages/airflow/example_dags/example_short_circuit_decorator.py took 0.082 seconds
[2026-04-08T13:15:03.077+0530] {processor.py:186} INFO - Started process (PID=35600) to work on /Users/navalyemul/Documents/uptime/airflow_venv/lib/python3.12/site-packages/airflow/example_dags/example_short_circuit_decorator.py
[2026-04-08T13:15:03.078+0530] {processor.py:914} INFO - Processing file /Users/navalyemul/Documents/uptime/airflow_venv/lib/python3.12/site-packages/airflow/example_dags/example_short_circuit_decorator.py for tasks to queue
[2026-04-08T13:15:03.078+0530] {logging_mixin.py:190} INFO - [2026-04-08T13:15:03.078+0530] {dagbag.py:588} INFO - Filling up the DagBag from /Users/navalyemul/Documents/uptime/airflow_venv/lib/python3.12/site-packages/airflow/example_dags/example_short_circuit_decorator.py
[2026-04-08T13:15:03.103+0530] {processor.py:925} INFO - DAG(s) 'example_short_circuit_decorator' retrieved from /Users/navalyemul/Documents/uptime/airflow_venv/lib/python3.12/site-packages/airflow/example_dags/example_short_circuit_decorator.py
[2026-04-08T13:15:03.144+0530] {logging_mixin.py:190} INFO - [2026-04-08T13:15:03.144+0530] {dag.py:3239} INFO - Sync 1 DAGs
[2026-04-08T13:15:03.149+0530] {logging_mixin.py:190} INFO - [2026-04-08T13:15:03.149+0530] {dag.py:4180} INFO - Setting next_dagrun for example_short_circuit_decorator to None, run_after=None
[2026-04-08T13:15:03.156+0530] {processor.py:208} INFO - Processing /Users/navalyemul/Documents/uptime/airflow_venv/lib/python3.12/site-packages/airflow/example_dags/example_short_circuit_decorator.py took 0.081 seconds
[2026-04-08T13:16:27.600+0530] {processor.py:186} INFO - Started process (PID=36563) to work on /Users/navalyemul/Documents/uptime/airflow_venv/lib/python3.12/site-packages/airflow/example_dags/example_short_circuit_decorator.py
[2026-04-08T13:16:27.601+0530] {processor.py:914} INFO - Processing file /Users/navalyemul/Documents/uptime/airflow_venv/lib/python3.12/site-packages/airflow/example_dags/example_short_circuit_decorator.py for tasks to queue
[2026-04-08T13:16:27.601+0530] {logging_mixin.py:190} INFO - [2026-04-08T13:16:27.601+0530] {dagbag.py:588} INFO - Filling up the DagBag from /Users/navalyemul/Documents/uptime/airflow_venv/lib/python3.12/site-packages/airflow/example_dags/example_short_circuit_decorator.py
[2026-04-08T13:16:27.626+0530] {processor.py:925} INFO - DAG(s) 'example_short_circuit_decorator' retrieved from /Users/navalyemul/Documents/uptime/airflow_venv/lib/python3.12/site-packages/airflow/example_dags/example_short_circuit_decorator.py
[2026-04-08T13:16:27.667+0530] {logging_mixin.py:190} INFO - [2026-04-08T13:16:27.667+0530] {dag.py:3239} INFO - Sync 1 DAGs
[2026-04-08T13:16:27.671+0530] {logging_mixin.py:190} INFO - [2026-04-08T13:16:27.671+0530] {dag.py:4180} INFO - Setting next_dagrun for example_short_circuit_decorator to None, run_after=None
[2026-04-08T13:16:27.679+0530] {processor.py:208} INFO - Processing /Users/navalyemul/Documents/uptime/airflow_venv/lib/python3.12/site-packages/airflow/example_dags/example_short_circuit_decorator.py took 0.081 seconds
[2026-04-08T13:17:50.517+0530] {processor.py:186} INFO - Started process (PID=37490) to work on /Users/navalyemul/Documents/uptime/airflow_venv/lib/python3.12/site-packages/airflow/example_dags/example_short_circuit_decorator.py
[2026-04-08T13:17:50.518+0530] {processor.py:914} INFO - Processing file /Users/navalyemul/Documents/uptime/airflow_venv/lib/python3.12/site-packages/airflow/example_dags/example_short_circuit_decorator.py for tasks to queue
[2026-04-08T13:17:50.518+0530] {logging_mixin.py:190} INFO - [2026-04-08T13:17:50.518+0530] {dagbag.py:588} INFO - Filling up the DagBag from /Users/navalyemul/Documents/uptime/airflow_venv/lib/python3.12/site-packages/airflow/example_dags/example_short_circuit_decorator.py
[2026-04-08T13:17:50.539+0530] {processor.py:925} INFO - DAG(s) 'example_short_circuit_decorator' retrieved from /Users/navalyemul/Documents/uptime/airflow_venv/lib/python3.12/site-packages/airflow/example_dags/example_short_circuit_decorator.py
[2026-04-08T13:17:50.579+0530] {logging_mixin.py:190} INFO - [2026-04-08T13:17:50.579+0530] {dag.py:3239} INFO - Sync 1 DAGs
[2026-04-08T13:17:50.584+0530] {logging_mixin.py:190} INFO - [2026-04-08T13:17:50.583+0530] {dag.py:4180} INFO - Setting next_dagrun for example_short_circuit_decorator to None, run_after=None
[2026-04-08T13:17:50.592+0530] {processor.py:208} INFO - Processing /Users/navalyemul/Documents/uptime/airflow_venv/lib/python3.12/site-packages/airflow/example_dags/example_short_circuit_decorator.py took 0.077 seconds
[2026-04-08T13:19:20.189+0530] {processor.py:186} INFO - Started process (PID=38447) to work on /Users/navalyemul/Documents/uptime/airflow_venv/lib/python3.12/site-packages/airflow/example_dags/example_short_circuit_decorator.py
[2026-04-08T13:19:20.190+0530] {processor.py:914} INFO - Processing file /Users/navalyemul/Documents/uptime/airflow_venv/lib/python3.12/site-packages/airflow/example_dags/example_short_circuit_decorator.py for tasks to queue
[2026-04-08T13:19:20.191+0530] {logging_mixin.py:190} INFO - [2026-04-08T13:19:20.190+0530] {dagbag.py:588} INFO - Filling up the DagBag from /Users/navalyemul/Documents/uptime/airflow_venv/lib/python3.12/site-packages/airflow/example_dags/example_short_circuit_decorator.py
[2026-04-08T13:19:20.214+0530] {processor.py:925} INFO - DAG(s) 'example_short_circuit_decorator' retrieved from /Users/navalyemul/Documents/uptime/airflow_venv/lib/python3.12/site-packages/airflow/example_dags/example_short_circuit_decorator.py
[2026-04-08T13:19:20.255+0530] {logging_mixin.py:190} INFO - [2026-04-08T13:19:20.255+0530] {dag.py:3239} INFO - Sync 1 DAGs
[2026-04-08T13:19:20.260+0530] {logging_mixin.py:190} INFO - [2026-04-08T13:19:20.260+0530] {dag.py:4180} INFO - Setting next_dagrun for example_short_circuit_decorator to None, run_after=None
[2026-04-08T13:19:20.268+0530] {processor.py:208} INFO - Processing /Users/navalyemul/Documents/uptime/airflow_venv/lib/python3.12/site-packages/airflow/example_dags/example_short_circuit_decorator.py took 0.080 seconds
[2026-04-08T13:28:53.100+0530] {processor.py:186} INFO - Started process (PID=39391) to work on /Users/navalyemul/Documents/uptime/airflow_venv/lib/python3.12/site-packages/airflow/example_dags/example_short_circuit_decorator.py
[2026-04-08T13:28:53.100+0530] {processor.py:914} INFO - Processing file /Users/navalyemul/Documents/uptime/airflow_venv/lib/python3.12/site-packages/airflow/example_dags/example_short_circuit_decorator.py for tasks to queue
[2026-04-08T13:28:53.101+0530] {logging_mixin.py:190} INFO - [2026-04-08T13:28:53.101+0530] {dagbag.py:588} INFO - Filling up the DagBag from /Users/navalyemul/Documents/uptime/airflow_venv/lib/python3.12/site-packages/airflow/example_dags/example_short_circuit_decorator.py
[2026-04-08T13:28:53.123+0530] {processor.py:925} INFO - DAG(s) 'example_short_circuit_decorator' retrieved from /Users/navalyemul/Documents/uptime/airflow_venv/lib/python3.12/site-packages/airflow/example_dags/example_short_circuit_decorator.py
[2026-04-08T13:28:53.163+0530] {logging_mixin.py:190} INFO - [2026-04-08T13:28:53.163+0530] {dag.py:3239} INFO - Sync 1 DAGs
[2026-04-08T13:28:53.168+0530] {logging_mixin.py:190} INFO - [2026-04-08T13:28:53.167+0530] {dag.py:4180} INFO - Setting next_dagrun for example_short_circuit_decorator to None, run_after=None
[2026-04-08T13:28:53.175+0530] {processor.py:208} INFO - Processing /Users/navalyemul/Documents/uptime/airflow_venv/lib/python3.12/site-packages/airflow/example_dags/example_short_circuit_decorator.py took 0.077 seconds
[2026-04-08T13:33:53.057+0530] {processor.py:186} INFO - Started process (PID=40342) to work on /Users/navalyemul/Documents/uptime/airflow_venv/lib/python3.12/site-packages/airflow/example_dags/example_short_circuit_decorator.py
[2026-04-08T13:33:53.058+0530] {processor.py:914} INFO - Processing file /Users/navalyemul/Documents/uptime/airflow_venv/lib/python3.12/site-packages/airflow/example_dags/example_short_circuit_decorator.py for tasks to queue
[2026-04-08T13:33:53.059+0530] {logging_mixin.py:190} INFO - [2026-04-08T13:33:53.058+0530] {dagbag.py:588} INFO - Filling up the DagBag from /Users/navalyemul/Documents/uptime/airflow_venv/lib/python3.12/site-packages/airflow/example_dags/example_short_circuit_decorator.py
[2026-04-08T13:33:53.080+0530] {processor.py:925} INFO - DAG(s) 'example_short_circuit_decorator' retrieved from /Users/navalyemul/Documents/uptime/airflow_venv/lib/python3.12/site-packages/airflow/example_dags/example_short_circuit_decorator.py
[2026-04-08T13:33:53.120+0530] {logging_mixin.py:190} INFO - [2026-04-08T13:33:53.120+0530] {dag.py:3239} INFO - Sync 1 DAGs
[2026-04-08T13:33:53.125+0530] {logging_mixin.py:190} INFO - [2026-04-08T13:33:53.125+0530] {dag.py:4180} INFO - Setting next_dagrun for example_short_circuit_decorator to None, run_after=None
[2026-04-08T13:33:53.133+0530] {processor.py:208} INFO - Processing /Users/navalyemul/Documents/uptime/airflow_venv/lib/python3.12/site-packages/airflow/example_dags/example_short_circuit_decorator.py took 0.077 seconds
[2026-04-08T13:35:33.960+0530] {processor.py:186} INFO - Started process (PID=41530) to work on /Users/navalyemul/Documents/uptime/airflow_venv/lib/python3.12/site-packages/airflow/example_dags/example_short_circuit_decorator.py
[2026-04-08T13:35:33.961+0530] {processor.py:914} INFO - Processing file /Users/navalyemul/Documents/uptime/airflow_venv/lib/python3.12/site-packages/airflow/example_dags/example_short_circuit_decorator.py for tasks to queue
[2026-04-08T13:35:33.961+0530] {logging_mixin.py:190} INFO - [2026-04-08T13:35:33.961+0530] {dagbag.py:588} INFO - Filling up the DagBag from /Users/navalyemul/Documents/uptime/airflow_venv/lib/python3.12/site-packages/airflow/example_dags/example_short_circuit_decorator.py
[2026-04-08T13:35:33.982+0530] {processor.py:925} INFO - DAG(s) 'example_short_circuit_decorator' retrieved from /Users/navalyemul/Documents/uptime/airflow_venv/lib/python3.12/site-packages/airflow/example_dags/example_short_circuit_decorator.py
[2026-04-08T13:35:34.023+0530] {logging_mixin.py:190} INFO - [2026-04-08T13:35:34.023+0530] {dag.py:3239} INFO - Sync 1 DAGs
[2026-04-08T13:35:34.028+0530] {logging_mixin.py:190} INFO - [2026-04-08T13:35:34.028+0530] {dag.py:4180} INFO - Setting next_dagrun for example_short_circuit_decorator to None, run_after=None
[2026-04-08T13:35:34.035+0530] {processor.py:208} INFO - Processing /Users/navalyemul/Documents/uptime/airflow_venv/lib/python3.12/site-packages/airflow/example_dags/example_short_circuit_decorator.py took 0.077 seconds
[2026-04-08T13:46:24.971+0530] {processor.py:186} INFO - Started process (PID=42447) to work on /Users/navalyemul/Documents/uptime/airflow_venv/lib/python3.12/site-packages/airflow/example_dags/example_short_circuit_decorator.py
[2026-04-08T13:46:24.971+0530] {processor.py:914} INFO - Processing file /Users/navalyemul/Documents/uptime/airflow_venv/lib/python3.12/site-packages/airflow/example_dags/example_short_circuit_decorator.py for tasks to queue
[2026-04-08T13:46:24.972+0530] {logging_mixin.py:190} INFO - [2026-04-08T13:46:24.972+0530] {dagbag.py:588} INFO - Filling up the DagBag from /Users/navalyemul/Documents/uptime/airflow_venv/lib/python3.12/site-packages/airflow/example_dags/example_short_circuit_decorator.py
[2026-04-08T13:46:24.994+0530] {processor.py:925} INFO - DAG(s) 'example_short_circuit_decorator' retrieved from /Users/navalyemul/Documents/uptime/airflow_venv/lib/python3.12/site-packages/airflow/example_dags/example_short_circuit_decorator.py
[2026-04-08T13:46:25.035+0530] {logging_mixin.py:190} INFO - [2026-04-08T13:46:25.035+0530] {dag.py:3239} INFO - Sync 1 DAGs
[2026-04-08T13:46:25.040+0530] {logging_mixin.py:190} INFO - [2026-04-08T13:46:25.040+0530] {dag.py:4180} INFO - Setting next_dagrun for example_short_circuit_decorator to None, run_after=None
[2026-04-08T13:46:25.048+0530] {processor.py:208} INFO - Processing /Users/navalyemul/Documents/uptime/airflow_venv/lib/python3.12/site-packages/airflow/example_dags/example_short_circuit_decorator.py took 0.078 seconds
[2026-04-08T13:54:43.360+0530] {processor.py:186} INFO - Started process (PID=43631) to work on /Users/navalyemul/Documents/uptime/airflow_venv/lib/python3.12/site-packages/airflow/example_dags/example_short_circuit_decorator.py
[2026-04-08T13:54:43.361+0530] {processor.py:914} INFO - Processing file /Users/navalyemul/Documents/uptime/airflow_venv/lib/python3.12/site-packages/airflow/example_dags/example_short_circuit_decorator.py for tasks to queue
[2026-04-08T13:54:43.362+0530] {logging_mixin.py:190} INFO - [2026-04-08T13:54:43.362+0530] {dagbag.py:588} INFO - Filling up the DagBag from /Users/navalyemul/Documents/uptime/airflow_venv/lib/python3.12/site-packages/airflow/example_dags/example_short_circuit_decorator.py
[2026-04-08T13:54:43.384+0530] {processor.py:925} INFO - DAG(s) 'example_short_circuit_decorator' retrieved from /Users/navalyemul/Documents/uptime/airflow_venv/lib/python3.12/site-packages/airflow/example_dags/example_short_circuit_decorator.py
[2026-04-08T13:54:43.425+0530] {logging_mixin.py:190} INFO - [2026-04-08T13:54:43.425+0530] {dag.py:3239} INFO - Sync 1 DAGs
[2026-04-08T13:54:43.430+0530] {logging_mixin.py:190} INFO - [2026-04-08T13:54:43.430+0530] {dag.py:4180} INFO - Setting next_dagrun for example_short_circuit_decorator to None, run_after=None
[2026-04-08T13:54:43.439+0530] {processor.py:208} INFO - Processing /Users/navalyemul/Documents/uptime/airflow_venv/lib/python3.12/site-packages/airflow/example_dags/example_short_circuit_decorator.py took 0.080 seconds
[2026-04-08T13:56:38.245+0530] {processor.py:186} INFO - Started process (PID=44696) to work on /Users/navalyemul/Documents/uptime/airflow_venv/lib/python3.12/site-packages/airflow/example_dags/example_short_circuit_decorator.py
[2026-04-08T13:56:38.246+0530] {processor.py:914} INFO - Processing file /Users/navalyemul/Documents/uptime/airflow_venv/lib/python3.12/site-packages/airflow/example_dags/example_short_circuit_decorator.py for tasks to queue
[2026-04-08T13:56:38.247+0530] {logging_mixin.py:190} INFO - [2026-04-08T13:56:38.247+0530] {dagbag.py:588} INFO - Filling up the DagBag from /Users/navalyemul/Documents/uptime/airflow_venv/lib/python3.12/site-packages/airflow/example_dags/example_short_circuit_decorator.py
[2026-04-08T13:56:38.271+0530] {processor.py:925} INFO - DAG(s) 'example_short_circuit_decorator' retrieved from /Users/navalyemul/Documents/uptime/airflow_venv/lib/python3.12/site-packages/airflow/example_dags/example_short_circuit_decorator.py
[2026-04-08T13:56:38.315+0530] {logging_mixin.py:190} INFO - [2026-04-08T13:56:38.315+0530] {dag.py:3239} INFO - Sync 1 DAGs
[2026-04-08T13:56:38.320+0530] {logging_mixin.py:190} INFO - [2026-04-08T13:56:38.320+0530] {dag.py:4180} INFO - Setting next_dagrun for example_short_circuit_decorator to None, run_after=None
[2026-04-08T13:56:38.329+0530] {processor.py:208} INFO - Processing /Users/navalyemul/Documents/uptime/airflow_venv/lib/python3.12/site-packages/airflow/example_dags/example_short_circuit_decorator.py took 0.086 seconds
[2026-04-08T13:58:22.562+0530] {processor.py:186} INFO - Started process (PID=45739) to work on /Users/navalyemul/Documents/uptime/airflow_venv/lib/python3.12/site-packages/airflow/example_dags/example_short_circuit_decorator.py
[2026-04-08T13:58:22.563+0530] {processor.py:914} INFO - Processing file /Users/navalyemul/Documents/uptime/airflow_venv/lib/python3.12/site-packages/airflow/example_dags/example_short_circuit_decorator.py for tasks to queue
[2026-04-08T13:58:22.563+0530] {logging_mixin.py:190} INFO - [2026-04-08T13:58:22.563+0530] {dagbag.py:588} INFO - Filling up the DagBag from /Users/navalyemul/Documents/uptime/airflow_venv/lib/python3.12/site-packages/airflow/example_dags/example_short_circuit_decorator.py
[2026-04-08T13:58:22.593+0530] {processor.py:925} INFO - DAG(s) 'example_short_circuit_decorator' retrieved from /Users/navalyemul/Documents/uptime/airflow_venv/lib/python3.12/site-packages/airflow/example_dags/example_short_circuit_decorator.py
[2026-04-08T13:58:22.644+0530] {logging_mixin.py:190} INFO - [2026-04-08T13:58:22.643+0530] {dag.py:3239} INFO - Sync 1 DAGs
[2026-04-08T13:58:22.651+0530] {logging_mixin.py:190} INFO - [2026-04-08T13:58:22.651+0530] {dag.py:4180} INFO - Setting next_dagrun for example_short_circuit_decorator to None, run_after=None
[2026-04-08T13:58:22.662+0530] {processor.py:208} INFO - Processing /Users/navalyemul/Documents/uptime/airflow_venv/lib/python3.12/site-packages/airflow/example_dags/example_short_circuit_decorator.py took 0.102 seconds
