[2026-04-08T12:47:34.504+0530] {processor.py:186} INFO - Started process (PID=17866) to work on /Users/navalyemul/Documents/uptime/airflow_venv/lib/python3.12/site-packages/airflow/example_dags/example_external_task_marker_dag.py
[2026-04-08T12:47:34.505+0530] {processor.py:914} INFO - Processing file /Users/navalyemul/Documents/uptime/airflow_venv/lib/python3.12/site-packages/airflow/example_dags/example_external_task_marker_dag.py for tasks to queue
[2026-04-08T12:47:34.506+0530] {logging_mixin.py:190} INFO - [2026-04-08T12:47:34.506+0530] {dagbag.py:588} INFO - Filling up the DagBag from /Users/navalyemul/Documents/uptime/airflow_venv/lib/python3.12/site-packages/airflow/example_dags/example_external_task_marker_dag.py
[2026-04-08T12:47:34.513+0530] {processor.py:925} INFO - DAG(s) 'example_external_task_marker_parent', 'example_external_task_marker_child' retrieved from /Users/navalyemul/Documents/uptime/airflow_venv/lib/python3.12/site-packages/airflow/example_dags/example_external_task_marker_dag.py
[2026-04-08T12:47:34.598+0530] {logging_mixin.py:190} INFO - [2026-04-08T12:47:34.597+0530] {override.py:1912} INFO - Created Permission View: can delete on DAG:example_external_task_marker_parent
[2026-04-08T12:47:34.603+0530] {logging_mixin.py:190} INFO - [2026-04-08T12:47:34.603+0530] {override.py:1912} INFO - Created Permission View: can read on DAG:example_external_task_marker_parent
[2026-04-08T12:47:34.606+0530] {logging_mixin.py:190} INFO - [2026-04-08T12:47:34.606+0530] {override.py:1912} INFO - Created Permission View: can edit on DAG:example_external_task_marker_parent
[2026-04-08T12:47:34.611+0530] {logging_mixin.py:190} INFO - [2026-04-08T12:47:34.611+0530] {override.py:1912} INFO - Created Permission View: can delete on DAG Run:example_external_task_marker_parent
[2026-04-08T12:47:34.614+0530] {logging_mixin.py:190} INFO - [2026-04-08T12:47:34.614+0530] {override.py:1912} INFO - Created Permission View: can create on DAG Run:example_external_task_marker_parent
[2026-04-08T12:47:34.617+0530] {logging_mixin.py:190} INFO - [2026-04-08T12:47:34.617+0530] {override.py:1912} INFO - Created Permission View: can read on DAG Run:example_external_task_marker_parent
[2026-04-08T12:47:34.620+0530] {logging_mixin.py:190} INFO - [2026-04-08T12:47:34.620+0530] {override.py:1912} INFO - Created Permission View: menu access on DAG Run:example_external_task_marker_parent
[2026-04-08T12:47:34.622+0530] {logging_mixin.py:190} INFO - [2026-04-08T12:47:34.622+0530] {workday.py:41} WARNING - Could not import pandas. Holidays will not be considered.
[2026-04-08T12:47:34.632+0530] {logging_mixin.py:190} INFO - [2026-04-08T12:47:34.632+0530] {override.py:1912} INFO - Created Permission View: can delete on DAG:example_external_task_marker_child
[2026-04-08T12:47:34.635+0530] {logging_mixin.py:190} INFO - [2026-04-08T12:47:34.635+0530] {override.py:1912} INFO - Created Permission View: can read on DAG:example_external_task_marker_child
[2026-04-08T12:47:34.637+0530] {logging_mixin.py:190} INFO - [2026-04-08T12:47:34.637+0530] {override.py:1912} INFO - Created Permission View: can edit on DAG:example_external_task_marker_child
[2026-04-08T12:47:34.641+0530] {logging_mixin.py:190} INFO - [2026-04-08T12:47:34.640+0530] {override.py:1912} INFO - Created Permission View: can delete on DAG Run:example_external_task_marker_child
[2026-04-08T12:47:34.643+0530] {logging_mixin.py:190} INFO - [2026-04-08T12:47:34.643+0530] {override.py:1912} INFO - Created Permission View: can create on DAG Run:example_external_task_marker_child
[2026-04-08T12:47:34.645+0530] {logging_mixin.py:190} INFO - [2026-04-08T12:47:34.645+0530] {override.py:1912} INFO - Created Permission View: can read on DAG Run:example_external_task_marker_child
[2026-04-08T12:47:34.648+0530] {logging_mixin.py:190} INFO - [2026-04-08T12:47:34.648+0530] {override.py:1912} INFO - Created Permission View: menu access on DAG Run:example_external_task_marker_child
[2026-04-08T12:47:34.648+0530] {logging_mixin.py:190} INFO - [2026-04-08T12:47:34.648+0530] {dag.py:3239} INFO - Sync 2 DAGs
[2026-04-08T12:47:34.653+0530] {logging_mixin.py:190} INFO - [2026-04-08T12:47:34.653+0530] {dag.py:3262} INFO - Creating ORM DAG for example_external_task_marker_parent
[2026-04-08T12:47:34.653+0530] {logging_mixin.py:190} INFO - [2026-04-08T12:47:34.653+0530] {dag.py:3262} INFO - Creating ORM DAG for example_external_task_marker_child
[2026-04-08T12:47:34.654+0530] {logging_mixin.py:190} INFO - [2026-04-08T12:47:34.653+0530] {dag.py:4180} INFO - Setting next_dagrun for example_external_task_marker_child to None, run_after=None
[2026-04-08T12:47:34.654+0530] {logging_mixin.py:190} INFO - [2026-04-08T12:47:34.654+0530] {dag.py:4180} INFO - Setting next_dagrun for example_external_task_marker_parent to None, run_after=None
[2026-04-08T12:47:34.662+0530] {processor.py:208} INFO - Processing /Users/navalyemul/Documents/uptime/airflow_venv/lib/python3.12/site-packages/airflow/example_dags/example_external_task_marker_dag.py took 0.161 seconds
[2026-04-08T12:49:28.947+0530] {processor.py:186} INFO - Started process (PID=19189) to work on /Users/navalyemul/Documents/uptime/airflow_venv/lib/python3.12/site-packages/airflow/example_dags/example_external_task_marker_dag.py
[2026-04-08T12:49:28.948+0530] {processor.py:914} INFO - Processing file /Users/navalyemul/Documents/uptime/airflow_venv/lib/python3.12/site-packages/airflow/example_dags/example_external_task_marker_dag.py for tasks to queue
[2026-04-08T12:49:28.949+0530] {logging_mixin.py:190} INFO - [2026-04-08T12:49:28.949+0530] {dagbag.py:588} INFO - Filling up the DagBag from /Users/navalyemul/Documents/uptime/airflow_venv/lib/python3.12/site-packages/airflow/example_dags/example_external_task_marker_dag.py
[2026-04-08T12:49:28.956+0530] {processor.py:925} INFO - DAG(s) 'example_external_task_marker_child', 'example_external_task_marker_parent' retrieved from /Users/navalyemul/Documents/uptime/airflow_venv/lib/python3.12/site-packages/airflow/example_dags/example_external_task_marker_dag.py
[2026-04-08T12:49:28.997+0530] {logging_mixin.py:190} INFO - [2026-04-08T12:49:28.997+0530] {workday.py:41} WARNING - Could not import pandas. Holidays will not be considered.
[2026-04-08T12:49:29.006+0530] {logging_mixin.py:190} INFO - [2026-04-08T12:49:29.006+0530] {dag.py:3239} INFO - Sync 2 DAGs
[2026-04-08T12:49:29.011+0530] {logging_mixin.py:190} INFO - [2026-04-08T12:49:29.011+0530] {dag.py:4180} INFO - Setting next_dagrun for example_external_task_marker_child to None, run_after=None
[2026-04-08T12:49:29.013+0530] {logging_mixin.py:190} INFO - [2026-04-08T12:49:29.013+0530] {dag.py:4180} INFO - Setting next_dagrun for example_external_task_marker_parent to None, run_after=None
[2026-04-08T12:49:29.020+0530] {processor.py:208} INFO - Processing /Users/navalyemul/Documents/uptime/airflow_venv/lib/python3.12/site-packages/airflow/example_dags/example_external_task_marker_dag.py took 0.076 seconds
[2026-04-08T12:52:26.702+0530] {processor.py:186} INFO - Started process (PID=21081) to work on /Users/navalyemul/Documents/uptime/airflow_venv/lib/python3.12/site-packages/airflow/example_dags/example_external_task_marker_dag.py
[2026-04-08T12:52:26.703+0530] {processor.py:914} INFO - Processing file /Users/navalyemul/Documents/uptime/airflow_venv/lib/python3.12/site-packages/airflow/example_dags/example_external_task_marker_dag.py for tasks to queue
[2026-04-08T12:52:26.703+0530] {logging_mixin.py:190} INFO - [2026-04-08T12:52:26.703+0530] {dagbag.py:588} INFO - Filling up the DagBag from /Users/navalyemul/Documents/uptime/airflow_venv/lib/python3.12/site-packages/airflow/example_dags/example_external_task_marker_dag.py
[2026-04-08T12:52:26.710+0530] {processor.py:925} INFO - DAG(s) 'example_external_task_marker_child', 'example_external_task_marker_parent' retrieved from /Users/navalyemul/Documents/uptime/airflow_venv/lib/python3.12/site-packages/airflow/example_dags/example_external_task_marker_dag.py
[2026-04-08T12:52:26.760+0530] {logging_mixin.py:190} INFO - [2026-04-08T12:52:26.760+0530] {workday.py:41} WARNING - Could not import pandas. Holidays will not be considered.
[2026-04-08T12:52:26.772+0530] {logging_mixin.py:190} INFO - [2026-04-08T12:52:26.772+0530] {dag.py:3239} INFO - Sync 2 DAGs
[2026-04-08T12:52:26.778+0530] {logging_mixin.py:190} INFO - [2026-04-08T12:52:26.777+0530] {dag.py:4180} INFO - Setting next_dagrun for example_external_task_marker_child to None, run_after=None
[2026-04-08T12:52:26.779+0530] {logging_mixin.py:190} INFO - [2026-04-08T12:52:26.779+0530] {dag.py:4180} INFO - Setting next_dagrun for example_external_task_marker_parent to None, run_after=None
[2026-04-08T12:52:26.789+0530] {processor.py:208} INFO - Processing /Users/navalyemul/Documents/uptime/airflow_venv/lib/python3.12/site-packages/airflow/example_dags/example_external_task_marker_dag.py took 0.089 seconds
[2026-04-08T12:56:03.927+0530] {processor.py:186} INFO - Started process (PID=22889) to work on /Users/navalyemul/Documents/uptime/airflow_venv/lib/python3.12/site-packages/airflow/example_dags/example_external_task_marker_dag.py
[2026-04-08T12:56:03.928+0530] {processor.py:914} INFO - Processing file /Users/navalyemul/Documents/uptime/airflow_venv/lib/python3.12/site-packages/airflow/example_dags/example_external_task_marker_dag.py for tasks to queue
[2026-04-08T12:56:03.928+0530] {logging_mixin.py:190} INFO - [2026-04-08T12:56:03.928+0530] {dagbag.py:588} INFO - Filling up the DagBag from /Users/navalyemul/Documents/uptime/airflow_venv/lib/python3.12/site-packages/airflow/example_dags/example_external_task_marker_dag.py
[2026-04-08T12:56:03.936+0530] {processor.py:925} INFO - DAG(s) 'example_external_task_marker_parent', 'example_external_task_marker_child' retrieved from /Users/navalyemul/Documents/uptime/airflow_venv/lib/python3.12/site-packages/airflow/example_dags/example_external_task_marker_dag.py
[2026-04-08T12:56:03.975+0530] {logging_mixin.py:190} INFO - [2026-04-08T12:56:03.975+0530] {workday.py:41} WARNING - Could not import pandas. Holidays will not be considered.
[2026-04-08T12:56:03.982+0530] {logging_mixin.py:190} INFO - [2026-04-08T12:56:03.982+0530] {dag.py:3239} INFO - Sync 2 DAGs
[2026-04-08T12:56:03.987+0530] {logging_mixin.py:190} INFO - [2026-04-08T12:56:03.987+0530] {dag.py:4180} INFO - Setting next_dagrun for example_external_task_marker_child to None, run_after=None
[2026-04-08T12:56:03.989+0530] {logging_mixin.py:190} INFO - [2026-04-08T12:56:03.988+0530] {dag.py:4180} INFO - Setting next_dagrun for example_external_task_marker_parent to None, run_after=None
[2026-04-08T12:56:03.996+0530] {processor.py:208} INFO - Processing /Users/navalyemul/Documents/uptime/airflow_venv/lib/python3.12/site-packages/airflow/example_dags/example_external_task_marker_dag.py took 0.071 seconds
[2026-04-08T12:58:56.573+0530] {processor.py:186} INFO - Started process (PID=24707) to work on /Users/navalyemul/Documents/uptime/airflow_venv/lib/python3.12/site-packages/airflow/example_dags/example_external_task_marker_dag.py
[2026-04-08T12:58:56.574+0530] {processor.py:914} INFO - Processing file /Users/navalyemul/Documents/uptime/airflow_venv/lib/python3.12/site-packages/airflow/example_dags/example_external_task_marker_dag.py for tasks to queue
[2026-04-08T12:58:56.574+0530] {logging_mixin.py:190} INFO - [2026-04-08T12:58:56.574+0530] {dagbag.py:588} INFO - Filling up the DagBag from /Users/navalyemul/Documents/uptime/airflow_venv/lib/python3.12/site-packages/airflow/example_dags/example_external_task_marker_dag.py
[2026-04-08T12:58:56.581+0530] {processor.py:925} INFO - DAG(s) 'example_external_task_marker_parent', 'example_external_task_marker_child' retrieved from /Users/navalyemul/Documents/uptime/airflow_venv/lib/python3.12/site-packages/airflow/example_dags/example_external_task_marker_dag.py
[2026-04-08T12:58:56.622+0530] {logging_mixin.py:190} INFO - [2026-04-08T12:58:56.622+0530] {workday.py:41} WARNING - Could not import pandas. Holidays will not be considered.
[2026-04-08T12:58:56.629+0530] {logging_mixin.py:190} INFO - [2026-04-08T12:58:56.629+0530] {dag.py:3239} INFO - Sync 2 DAGs
[2026-04-08T12:58:56.635+0530] {logging_mixin.py:190} INFO - [2026-04-08T12:58:56.635+0530] {dag.py:4180} INFO - Setting next_dagrun for example_external_task_marker_child to None, run_after=None
[2026-04-08T12:58:56.637+0530] {logging_mixin.py:190} INFO - [2026-04-08T12:58:56.637+0530] {dag.py:4180} INFO - Setting next_dagrun for example_external_task_marker_parent to None, run_after=None
[2026-04-08T12:58:56.648+0530] {processor.py:208} INFO - Processing /Users/navalyemul/Documents/uptime/airflow_venv/lib/python3.12/site-packages/airflow/example_dags/example_external_task_marker_dag.py took 0.076 seconds
[2026-04-08T13:01:38.507+0530] {processor.py:186} INFO - Started process (PID=26559) to work on /Users/navalyemul/Documents/uptime/airflow_venv/lib/python3.12/site-packages/airflow/example_dags/example_external_task_marker_dag.py
[2026-04-08T13:01:38.509+0530] {processor.py:914} INFO - Processing file /Users/navalyemul/Documents/uptime/airflow_venv/lib/python3.12/site-packages/airflow/example_dags/example_external_task_marker_dag.py for tasks to queue
[2026-04-08T13:01:38.510+0530] {logging_mixin.py:190} INFO - [2026-04-08T13:01:38.510+0530] {dagbag.py:588} INFO - Filling up the DagBag from /Users/navalyemul/Documents/uptime/airflow_venv/lib/python3.12/site-packages/airflow/example_dags/example_external_task_marker_dag.py
[2026-04-08T13:01:38.516+0530] {processor.py:925} INFO - DAG(s) 'example_external_task_marker_child', 'example_external_task_marker_parent' retrieved from /Users/navalyemul/Documents/uptime/airflow_venv/lib/python3.12/site-packages/airflow/example_dags/example_external_task_marker_dag.py
[2026-04-08T13:01:38.553+0530] {logging_mixin.py:190} INFO - [2026-04-08T13:01:38.552+0530] {workday.py:41} WARNING - Could not import pandas. Holidays will not be considered.
[2026-04-08T13:01:38.561+0530] {logging_mixin.py:190} INFO - [2026-04-08T13:01:38.561+0530] {dag.py:3239} INFO - Sync 2 DAGs
[2026-04-08T13:01:38.567+0530] {logging_mixin.py:190} INFO - [2026-04-08T13:01:38.567+0530] {dag.py:4180} INFO - Setting next_dagrun for example_external_task_marker_child to None, run_after=None
[2026-04-08T13:01:38.568+0530] {logging_mixin.py:190} INFO - [2026-04-08T13:01:38.568+0530] {dag.py:4180} INFO - Setting next_dagrun for example_external_task_marker_parent to None, run_after=None
[2026-04-08T13:01:38.575+0530] {processor.py:208} INFO - Processing /Users/navalyemul/Documents/uptime/airflow_venv/lib/python3.12/site-packages/airflow/example_dags/example_external_task_marker_dag.py took 0.070 seconds
[2026-04-08T13:04:24.851+0530] {processor.py:186} INFO - Started process (PID=28516) to work on /Users/navalyemul/Documents/uptime/airflow_venv/lib/python3.12/site-packages/airflow/example_dags/example_external_task_marker_dag.py
[2026-04-08T13:04:24.852+0530] {processor.py:914} INFO - Processing file /Users/navalyemul/Documents/uptime/airflow_venv/lib/python3.12/site-packages/airflow/example_dags/example_external_task_marker_dag.py for tasks to queue
[2026-04-08T13:04:24.852+0530] {logging_mixin.py:190} INFO - [2026-04-08T13:04:24.852+0530] {dagbag.py:588} INFO - Filling up the DagBag from /Users/navalyemul/Documents/uptime/airflow_venv/lib/python3.12/site-packages/airflow/example_dags/example_external_task_marker_dag.py
[2026-04-08T13:04:24.859+0530] {processor.py:925} INFO - DAG(s) 'example_external_task_marker_parent', 'example_external_task_marker_child' retrieved from /Users/navalyemul/Documents/uptime/airflow_venv/lib/python3.12/site-packages/airflow/example_dags/example_external_task_marker_dag.py
[2026-04-08T13:04:24.902+0530] {logging_mixin.py:190} INFO - [2026-04-08T13:04:24.902+0530] {workday.py:41} WARNING - Could not import pandas. Holidays will not be considered.
[2026-04-08T13:04:24.909+0530] {logging_mixin.py:190} INFO - [2026-04-08T13:04:24.909+0530] {dag.py:3239} INFO - Sync 2 DAGs
[2026-04-08T13:04:24.914+0530] {logging_mixin.py:190} INFO - [2026-04-08T13:04:24.914+0530] {dag.py:4180} INFO - Setting next_dagrun for example_external_task_marker_child to None, run_after=None
[2026-04-08T13:04:24.916+0530] {logging_mixin.py:190} INFO - [2026-04-08T13:04:24.916+0530] {dag.py:4180} INFO - Setting next_dagrun for example_external_task_marker_parent to None, run_after=None
[2026-04-08T13:04:24.924+0530] {processor.py:208} INFO - Processing /Users/navalyemul/Documents/uptime/airflow_venv/lib/python3.12/site-packages/airflow/example_dags/example_external_task_marker_dag.py took 0.075 seconds
[2026-04-08T13:07:12.616+0530] {processor.py:186} INFO - Started process (PID=30355) to work on /Users/navalyemul/Documents/uptime/airflow_venv/lib/python3.12/site-packages/airflow/example_dags/example_external_task_marker_dag.py
[2026-04-08T13:07:12.617+0530] {processor.py:914} INFO - Processing file /Users/navalyemul/Documents/uptime/airflow_venv/lib/python3.12/site-packages/airflow/example_dags/example_external_task_marker_dag.py for tasks to queue
[2026-04-08T13:07:12.617+0530] {logging_mixin.py:190} INFO - [2026-04-08T13:07:12.617+0530] {dagbag.py:588} INFO - Filling up the DagBag from /Users/navalyemul/Documents/uptime/airflow_venv/lib/python3.12/site-packages/airflow/example_dags/example_external_task_marker_dag.py
[2026-04-08T13:07:12.623+0530] {processor.py:925} INFO - DAG(s) 'example_external_task_marker_child', 'example_external_task_marker_parent' retrieved from /Users/navalyemul/Documents/uptime/airflow_venv/lib/python3.12/site-packages/airflow/example_dags/example_external_task_marker_dag.py
[2026-04-08T13:07:12.660+0530] {logging_mixin.py:190} INFO - [2026-04-08T13:07:12.660+0530] {workday.py:41} WARNING - Could not import pandas. Holidays will not be considered.
[2026-04-08T13:07:12.669+0530] {logging_mixin.py:190} INFO - [2026-04-08T13:07:12.669+0530] {dag.py:3239} INFO - Sync 2 DAGs
[2026-04-08T13:07:12.675+0530] {logging_mixin.py:190} INFO - [2026-04-08T13:07:12.675+0530] {dag.py:4180} INFO - Setting next_dagrun for example_external_task_marker_child to None, run_after=None
[2026-04-08T13:07:12.676+0530] {logging_mixin.py:190} INFO - [2026-04-08T13:07:12.676+0530] {dag.py:4180} INFO - Setting next_dagrun for example_external_task_marker_parent to None, run_after=None
[2026-04-08T13:07:12.684+0530] {processor.py:208} INFO - Processing /Users/navalyemul/Documents/uptime/airflow_venv/lib/python3.12/site-packages/airflow/example_dags/example_external_task_marker_dag.py took 0.069 seconds
[2026-04-08T13:09:58.851+0530] {processor.py:186} INFO - Started process (PID=32185) to work on /Users/navalyemul/Documents/uptime/airflow_venv/lib/python3.12/site-packages/airflow/example_dags/example_external_task_marker_dag.py
[2026-04-08T13:09:58.852+0530] {processor.py:914} INFO - Processing file /Users/navalyemul/Documents/uptime/airflow_venv/lib/python3.12/site-packages/airflow/example_dags/example_external_task_marker_dag.py for tasks to queue
[2026-04-08T13:09:58.852+0530] {logging_mixin.py:190} INFO - [2026-04-08T13:09:58.852+0530] {dagbag.py:588} INFO - Filling up the DagBag from /Users/navalyemul/Documents/uptime/airflow_venv/lib/python3.12/site-packages/airflow/example_dags/example_external_task_marker_dag.py
[2026-04-08T13:09:58.861+0530] {processor.py:925} INFO - DAG(s) 'example_external_task_marker_child', 'example_external_task_marker_parent' retrieved from /Users/navalyemul/Documents/uptime/airflow_venv/lib/python3.12/site-packages/airflow/example_dags/example_external_task_marker_dag.py
[2026-04-08T13:09:58.902+0530] {logging_mixin.py:190} INFO - [2026-04-08T13:09:58.902+0530] {workday.py:41} WARNING - Could not import pandas. Holidays will not be considered.
[2026-04-08T13:09:58.911+0530] {logging_mixin.py:190} INFO - [2026-04-08T13:09:58.911+0530] {dag.py:3239} INFO - Sync 2 DAGs
[2026-04-08T13:09:58.917+0530] {logging_mixin.py:190} INFO - [2026-04-08T13:09:58.917+0530] {dag.py:4180} INFO - Setting next_dagrun for example_external_task_marker_child to None, run_after=None
[2026-04-08T13:09:58.919+0530] {logging_mixin.py:190} INFO - [2026-04-08T13:09:58.919+0530] {dag.py:4180} INFO - Setting next_dagrun for example_external_task_marker_parent to None, run_after=None
[2026-04-08T13:09:58.927+0530] {processor.py:208} INFO - Processing /Users/navalyemul/Documents/uptime/airflow_venv/lib/python3.12/site-packages/airflow/example_dags/example_external_task_marker_dag.py took 0.078 seconds
[2026-04-08T13:12:44.784+0530] {processor.py:186} INFO - Started process (PID=34044) to work on /Users/navalyemul/Documents/uptime/airflow_venv/lib/python3.12/site-packages/airflow/example_dags/example_external_task_marker_dag.py
[2026-04-08T13:12:44.784+0530] {processor.py:914} INFO - Processing file /Users/navalyemul/Documents/uptime/airflow_venv/lib/python3.12/site-packages/airflow/example_dags/example_external_task_marker_dag.py for tasks to queue
[2026-04-08T13:12:44.785+0530] {logging_mixin.py:190} INFO - [2026-04-08T13:12:44.785+0530] {dagbag.py:588} INFO - Filling up the DagBag from /Users/navalyemul/Documents/uptime/airflow_venv/lib/python3.12/site-packages/airflow/example_dags/example_external_task_marker_dag.py
[2026-04-08T13:12:44.791+0530] {processor.py:925} INFO - DAG(s) 'example_external_task_marker_parent', 'example_external_task_marker_child' retrieved from /Users/navalyemul/Documents/uptime/airflow_venv/lib/python3.12/site-packages/airflow/example_dags/example_external_task_marker_dag.py
[2026-04-08T13:12:44.831+0530] {logging_mixin.py:190} INFO - [2026-04-08T13:12:44.831+0530] {workday.py:41} WARNING - Could not import pandas. Holidays will not be considered.
[2026-04-08T13:12:44.838+0530] {logging_mixin.py:190} INFO - [2026-04-08T13:12:44.838+0530] {dag.py:3239} INFO - Sync 2 DAGs
[2026-04-08T13:12:44.843+0530] {logging_mixin.py:190} INFO - [2026-04-08T13:12:44.843+0530] {dag.py:4180} INFO - Setting next_dagrun for example_external_task_marker_child to None, run_after=None
[2026-04-08T13:12:44.845+0530] {logging_mixin.py:190} INFO - [2026-04-08T13:12:44.845+0530] {dag.py:4180} INFO - Setting next_dagrun for example_external_task_marker_parent to None, run_after=None
[2026-04-08T13:12:44.853+0530] {processor.py:208} INFO - Processing /Users/navalyemul/Documents/uptime/airflow_venv/lib/python3.12/site-packages/airflow/example_dags/example_external_task_marker_dag.py took 0.071 seconds
[2026-04-08T13:15:31.402+0530] {processor.py:186} INFO - Started process (PID=35922) to work on /Users/navalyemul/Documents/uptime/airflow_venv/lib/python3.12/site-packages/airflow/example_dags/example_external_task_marker_dag.py
[2026-04-08T13:15:31.403+0530] {processor.py:914} INFO - Processing file /Users/navalyemul/Documents/uptime/airflow_venv/lib/python3.12/site-packages/airflow/example_dags/example_external_task_marker_dag.py for tasks to queue
[2026-04-08T13:15:31.403+0530] {logging_mixin.py:190} INFO - [2026-04-08T13:15:31.403+0530] {dagbag.py:588} INFO - Filling up the DagBag from /Users/navalyemul/Documents/uptime/airflow_venv/lib/python3.12/site-packages/airflow/example_dags/example_external_task_marker_dag.py
[2026-04-08T13:15:31.409+0530] {processor.py:925} INFO - DAG(s) 'example_external_task_marker_parent', 'example_external_task_marker_child' retrieved from /Users/navalyemul/Documents/uptime/airflow_venv/lib/python3.12/site-packages/airflow/example_dags/example_external_task_marker_dag.py
[2026-04-08T13:15:31.449+0530] {logging_mixin.py:190} INFO - [2026-04-08T13:15:31.449+0530] {workday.py:41} WARNING - Could not import pandas. Holidays will not be considered.
[2026-04-08T13:15:31.456+0530] {logging_mixin.py:190} INFO - [2026-04-08T13:15:31.456+0530] {dag.py:3239} INFO - Sync 2 DAGs
[2026-04-08T13:15:31.462+0530] {logging_mixin.py:190} INFO - [2026-04-08T13:15:31.462+0530] {dag.py:4180} INFO - Setting next_dagrun for example_external_task_marker_child to None, run_after=None
[2026-04-08T13:15:31.463+0530] {logging_mixin.py:190} INFO - [2026-04-08T13:15:31.463+0530] {dag.py:4180} INFO - Setting next_dagrun for example_external_task_marker_parent to None, run_after=None
[2026-04-08T13:15:31.471+0530] {processor.py:208} INFO - Processing /Users/navalyemul/Documents/uptime/airflow_venv/lib/python3.12/site-packages/airflow/example_dags/example_external_task_marker_dag.py took 0.071 seconds
[2026-04-08T13:18:18.469+0530] {processor.py:186} INFO - Started process (PID=37808) to work on /Users/navalyemul/Documents/uptime/airflow_venv/lib/python3.12/site-packages/airflow/example_dags/example_external_task_marker_dag.py
[2026-04-08T13:18:18.471+0530] {processor.py:914} INFO - Processing file /Users/navalyemul/Documents/uptime/airflow_venv/lib/python3.12/site-packages/airflow/example_dags/example_external_task_marker_dag.py for tasks to queue
[2026-04-08T13:18:18.472+0530] {logging_mixin.py:190} INFO - [2026-04-08T13:18:18.472+0530] {dagbag.py:588} INFO - Filling up the DagBag from /Users/navalyemul/Documents/uptime/airflow_venv/lib/python3.12/site-packages/airflow/example_dags/example_external_task_marker_dag.py
[2026-04-08T13:18:18.480+0530] {processor.py:925} INFO - DAG(s) 'example_external_task_marker_child', 'example_external_task_marker_parent' retrieved from /Users/navalyemul/Documents/uptime/airflow_venv/lib/python3.12/site-packages/airflow/example_dags/example_external_task_marker_dag.py
[2026-04-08T13:18:18.519+0530] {logging_mixin.py:190} INFO - [2026-04-08T13:18:18.519+0530] {workday.py:41} WARNING - Could not import pandas. Holidays will not be considered.
[2026-04-08T13:18:18.529+0530] {logging_mixin.py:190} INFO - [2026-04-08T13:18:18.529+0530] {dag.py:3239} INFO - Sync 2 DAGs
[2026-04-08T13:18:18.534+0530] {logging_mixin.py:190} INFO - [2026-04-08T13:18:18.534+0530] {dag.py:4180} INFO - Setting next_dagrun for example_external_task_marker_child to None, run_after=None
[2026-04-08T13:18:18.536+0530] {logging_mixin.py:190} INFO - [2026-04-08T13:18:18.536+0530] {dag.py:4180} INFO - Setting next_dagrun for example_external_task_marker_parent to None, run_after=None
[2026-04-08T13:18:18.542+0530] {processor.py:208} INFO - Processing /Users/navalyemul/Documents/uptime/airflow_venv/lib/python3.12/site-packages/airflow/example_dags/example_external_task_marker_dag.py took 0.075 seconds
[2026-04-08T13:29:41.128+0530] {processor.py:186} INFO - Started process (PID=39776) to work on /Users/navalyemul/Documents/uptime/airflow_venv/lib/python3.12/site-packages/airflow/example_dags/example_external_task_marker_dag.py
[2026-04-08T13:29:41.129+0530] {processor.py:914} INFO - Processing file /Users/navalyemul/Documents/uptime/airflow_venv/lib/python3.12/site-packages/airflow/example_dags/example_external_task_marker_dag.py for tasks to queue
[2026-04-08T13:29:41.129+0530] {logging_mixin.py:190} INFO - [2026-04-08T13:29:41.129+0530] {dagbag.py:588} INFO - Filling up the DagBag from /Users/navalyemul/Documents/uptime/airflow_venv/lib/python3.12/site-packages/airflow/example_dags/example_external_task_marker_dag.py
[2026-04-08T13:29:41.136+0530] {processor.py:925} INFO - DAG(s) 'example_external_task_marker_child', 'example_external_task_marker_parent' retrieved from /Users/navalyemul/Documents/uptime/airflow_venv/lib/python3.12/site-packages/airflow/example_dags/example_external_task_marker_dag.py
[2026-04-08T13:29:41.172+0530] {logging_mixin.py:190} INFO - [2026-04-08T13:29:41.172+0530] {workday.py:41} WARNING - Could not import pandas. Holidays will not be considered.
[2026-04-08T13:29:41.181+0530] {logging_mixin.py:190} INFO - [2026-04-08T13:29:41.181+0530] {dag.py:3239} INFO - Sync 2 DAGs
[2026-04-08T13:29:41.186+0530] {logging_mixin.py:190} INFO - [2026-04-08T13:29:41.186+0530] {dag.py:4180} INFO - Setting next_dagrun for example_external_task_marker_child to None, run_after=None
[2026-04-08T13:29:41.187+0530] {logging_mixin.py:190} INFO - [2026-04-08T13:29:41.187+0530] {dag.py:4180} INFO - Setting next_dagrun for example_external_task_marker_parent to None, run_after=None
[2026-04-08T13:29:41.194+0530] {processor.py:208} INFO - Processing /Users/navalyemul/Documents/uptime/airflow_venv/lib/python3.12/site-packages/airflow/example_dags/example_external_task_marker_dag.py took 0.067 seconds
[2026-04-08T13:34:26.345+0530] {processor.py:186} INFO - Started process (PID=40759) to work on /Users/navalyemul/Documents/uptime/airflow_venv/lib/python3.12/site-packages/airflow/example_dags/example_external_task_marker_dag.py
[2026-04-08T13:34:26.346+0530] {processor.py:914} INFO - Processing file /Users/navalyemul/Documents/uptime/airflow_venv/lib/python3.12/site-packages/airflow/example_dags/example_external_task_marker_dag.py for tasks to queue
[2026-04-08T13:34:26.346+0530] {logging_mixin.py:190} INFO - [2026-04-08T13:34:26.346+0530] {dagbag.py:588} INFO - Filling up the DagBag from /Users/navalyemul/Documents/uptime/airflow_venv/lib/python3.12/site-packages/airflow/example_dags/example_external_task_marker_dag.py
[2026-04-08T13:34:26.352+0530] {processor.py:925} INFO - DAG(s) 'example_external_task_marker_parent', 'example_external_task_marker_child' retrieved from /Users/navalyemul/Documents/uptime/airflow_venv/lib/python3.12/site-packages/airflow/example_dags/example_external_task_marker_dag.py
[2026-04-08T13:34:26.392+0530] {logging_mixin.py:190} INFO - [2026-04-08T13:34:26.392+0530] {workday.py:41} WARNING - Could not import pandas. Holidays will not be considered.
[2026-04-08T13:34:26.398+0530] {logging_mixin.py:190} INFO - [2026-04-08T13:34:26.398+0530] {dag.py:3239} INFO - Sync 2 DAGs
[2026-04-08T13:34:26.404+0530] {logging_mixin.py:190} INFO - [2026-04-08T13:34:26.404+0530] {dag.py:4180} INFO - Setting next_dagrun for example_external_task_marker_child to None, run_after=None
[2026-04-08T13:34:26.406+0530] {logging_mixin.py:190} INFO - [2026-04-08T13:34:26.406+0530] {dag.py:4180} INFO - Setting next_dagrun for example_external_task_marker_parent to None, run_after=None
[2026-04-08T13:34:26.414+0530] {processor.py:208} INFO - Processing /Users/navalyemul/Documents/uptime/airflow_venv/lib/python3.12/site-packages/airflow/example_dags/example_external_task_marker_dag.py took 0.071 seconds
[2026-04-08T13:46:57.625+0530] {processor.py:186} INFO - Started process (PID=42839) to work on /Users/navalyemul/Documents/uptime/airflow_venv/lib/python3.12/site-packages/airflow/example_dags/example_external_task_marker_dag.py
[2026-04-08T13:46:57.626+0530] {processor.py:914} INFO - Processing file /Users/navalyemul/Documents/uptime/airflow_venv/lib/python3.12/site-packages/airflow/example_dags/example_external_task_marker_dag.py for tasks to queue
[2026-04-08T13:46:57.626+0530] {logging_mixin.py:190} INFO - [2026-04-08T13:46:57.626+0530] {dagbag.py:588} INFO - Filling up the DagBag from /Users/navalyemul/Documents/uptime/airflow_venv/lib/python3.12/site-packages/airflow/example_dags/example_external_task_marker_dag.py
[2026-04-08T13:46:57.632+0530] {processor.py:925} INFO - DAG(s) 'example_external_task_marker_child', 'example_external_task_marker_parent' retrieved from /Users/navalyemul/Documents/uptime/airflow_venv/lib/python3.12/site-packages/airflow/example_dags/example_external_task_marker_dag.py
[2026-04-08T13:46:57.669+0530] {logging_mixin.py:190} INFO - [2026-04-08T13:46:57.669+0530] {workday.py:41} WARNING - Could not import pandas. Holidays will not be considered.
[2026-04-08T13:46:57.678+0530] {logging_mixin.py:190} INFO - [2026-04-08T13:46:57.678+0530] {dag.py:3239} INFO - Sync 2 DAGs
[2026-04-08T13:46:57.684+0530] {logging_mixin.py:190} INFO - [2026-04-08T13:46:57.683+0530] {dag.py:4180} INFO - Setting next_dagrun for example_external_task_marker_child to None, run_after=None
[2026-04-08T13:46:57.685+0530] {logging_mixin.py:190} INFO - [2026-04-08T13:46:57.685+0530] {dag.py:4180} INFO - Setting next_dagrun for example_external_task_marker_parent to None, run_after=None
[2026-04-08T13:46:57.692+0530] {processor.py:208} INFO - Processing /Users/navalyemul/Documents/uptime/airflow_venv/lib/python3.12/site-packages/airflow/example_dags/example_external_task_marker_dag.py took 0.068 seconds
[2026-04-08T13:55:22.377+0530] {processor.py:186} INFO - Started process (PID=44014) to work on /Users/navalyemul/Documents/uptime/airflow_venv/lib/python3.12/site-packages/airflow/example_dags/example_external_task_marker_dag.py
[2026-04-08T13:55:22.379+0530] {processor.py:914} INFO - Processing file /Users/navalyemul/Documents/uptime/airflow_venv/lib/python3.12/site-packages/airflow/example_dags/example_external_task_marker_dag.py for tasks to queue
[2026-04-08T13:55:22.379+0530] {logging_mixin.py:190} INFO - [2026-04-08T13:55:22.379+0530] {dagbag.py:588} INFO - Filling up the DagBag from /Users/navalyemul/Documents/uptime/airflow_venv/lib/python3.12/site-packages/airflow/example_dags/example_external_task_marker_dag.py
[2026-04-08T13:55:22.389+0530] {processor.py:925} INFO - DAG(s) 'example_external_task_marker_parent', 'example_external_task_marker_child' retrieved from /Users/navalyemul/Documents/uptime/airflow_venv/lib/python3.12/site-packages/airflow/example_dags/example_external_task_marker_dag.py
[2026-04-08T13:55:22.433+0530] {logging_mixin.py:190} INFO - [2026-04-08T13:55:22.433+0530] {workday.py:41} WARNING - Could not import pandas. Holidays will not be considered.
[2026-04-08T13:55:22.441+0530] {logging_mixin.py:190} INFO - [2026-04-08T13:55:22.441+0530] {dag.py:3239} INFO - Sync 2 DAGs
[2026-04-08T13:55:22.447+0530] {logging_mixin.py:190} INFO - [2026-04-08T13:55:22.447+0530] {dag.py:4180} INFO - Setting next_dagrun for example_external_task_marker_child to None, run_after=None
[2026-04-08T13:55:22.448+0530] {logging_mixin.py:190} INFO - [2026-04-08T13:55:22.448+0530] {dag.py:4180} INFO - Setting next_dagrun for example_external_task_marker_parent to None, run_after=None
[2026-04-08T13:55:22.458+0530] {processor.py:208} INFO - Processing /Users/navalyemul/Documents/uptime/airflow_venv/lib/python3.12/site-packages/airflow/example_dags/example_external_task_marker_dag.py took 0.084 seconds
[2026-04-08T13:58:49.837+0530] {processor.py:186} INFO - Started process (PID=46013) to work on /Users/navalyemul/Documents/uptime/airflow_venv/lib/python3.12/site-packages/airflow/example_dags/example_external_task_marker_dag.py
[2026-04-08T13:58:49.839+0530] {processor.py:914} INFO - Processing file /Users/navalyemul/Documents/uptime/airflow_venv/lib/python3.12/site-packages/airflow/example_dags/example_external_task_marker_dag.py for tasks to queue
[2026-04-08T13:58:49.842+0530] {logging_mixin.py:190} INFO - [2026-04-08T13:58:49.842+0530] {dagbag.py:588} INFO - Filling up the DagBag from /Users/navalyemul/Documents/uptime/airflow_venv/lib/python3.12/site-packages/airflow/example_dags/example_external_task_marker_dag.py
[2026-04-08T13:58:49.852+0530] {processor.py:925} INFO - DAG(s) 'example_external_task_marker_parent', 'example_external_task_marker_child' retrieved from /Users/navalyemul/Documents/uptime/airflow_venv/lib/python3.12/site-packages/airflow/example_dags/example_external_task_marker_dag.py
[2026-04-08T13:58:49.896+0530] {logging_mixin.py:190} INFO - [2026-04-08T13:58:49.896+0530] {workday.py:41} WARNING - Could not import pandas. Holidays will not be considered.
[2026-04-08T13:58:49.903+0530] {logging_mixin.py:190} INFO - [2026-04-08T13:58:49.903+0530] {dag.py:3239} INFO - Sync 2 DAGs
[2026-04-08T13:58:49.909+0530] {logging_mixin.py:190} INFO - [2026-04-08T13:58:49.909+0530] {dag.py:4180} INFO - Setting next_dagrun for example_external_task_marker_child to None, run_after=None
[2026-04-08T13:58:49.910+0530] {logging_mixin.py:190} INFO - [2026-04-08T13:58:49.910+0530] {dag.py:4180} INFO - Setting next_dagrun for example_external_task_marker_parent to None, run_after=None
[2026-04-08T13:58:49.919+0530] {processor.py:208} INFO - Processing /Users/navalyemul/Documents/uptime/airflow_venv/lib/python3.12/site-packages/airflow/example_dags/example_external_task_marker_dag.py took 0.087 seconds
