[2026-04-08T12:47:39.271+0530] {processor.py:186} INFO - Started process (PID=17949) to work on /Users/navalyemul/Documents/uptime/airflow_venv/lib/python3.12/site-packages/airflow/example_dags/example_dynamic_task_mapping.py
[2026-04-08T12:47:39.273+0530] {processor.py:914} INFO - Processing file /Users/navalyemul/Documents/uptime/airflow_venv/lib/python3.12/site-packages/airflow/example_dags/example_dynamic_task_mapping.py for tasks to queue
[2026-04-08T12:47:39.274+0530] {logging_mixin.py:190} INFO - [2026-04-08T12:47:39.274+0530] {dagbag.py:588} INFO - Filling up the DagBag from /Users/navalyemul/Documents/uptime/airflow_venv/lib/python3.12/site-packages/airflow/example_dags/example_dynamic_task_mapping.py
[2026-04-08T12:47:39.306+0530] {processor.py:925} INFO - DAG(s) 'example_dynamic_task_mapping' retrieved from /Users/navalyemul/Documents/uptime/airflow_venv/lib/python3.12/site-packages/airflow/example_dags/example_dynamic_task_mapping.py
[2026-04-08T12:47:39.387+0530] {logging_mixin.py:190} INFO - [2026-04-08T12:47:39.387+0530] {override.py:1912} INFO - Created Permission View: can delete on DAG:example_dynamic_task_mapping
[2026-04-08T12:47:39.391+0530] {logging_mixin.py:190} INFO - [2026-04-08T12:47:39.391+0530] {override.py:1912} INFO - Created Permission View: can edit on DAG:example_dynamic_task_mapping
[2026-04-08T12:47:39.394+0530] {logging_mixin.py:190} INFO - [2026-04-08T12:47:39.394+0530] {override.py:1912} INFO - Created Permission View: can read on DAG:example_dynamic_task_mapping
[2026-04-08T12:47:39.397+0530] {logging_mixin.py:190} INFO - [2026-04-08T12:47:39.397+0530] {override.py:1912} INFO - Created Permission View: can delete on DAG Run:example_dynamic_task_mapping
[2026-04-08T12:47:39.400+0530] {logging_mixin.py:190} INFO - [2026-04-08T12:47:39.400+0530] {override.py:1912} INFO - Created Permission View: menu access on DAG Run:example_dynamic_task_mapping
[2026-04-08T12:47:39.403+0530] {logging_mixin.py:190} INFO - [2026-04-08T12:47:39.402+0530] {override.py:1912} INFO - Created Permission View: can read on DAG Run:example_dynamic_task_mapping
[2026-04-08T12:47:39.405+0530] {logging_mixin.py:190} INFO - [2026-04-08T12:47:39.405+0530] {override.py:1912} INFO - Created Permission View: can create on DAG Run:example_dynamic_task_mapping
[2026-04-08T12:47:39.405+0530] {logging_mixin.py:190} INFO - [2026-04-08T12:47:39.405+0530] {dag.py:3239} INFO - Sync 1 DAGs
[2026-04-08T12:47:39.410+0530] {logging_mixin.py:190} INFO - [2026-04-08T12:47:39.410+0530] {dag.py:3262} INFO - Creating ORM DAG for example_dynamic_task_mapping
[2026-04-08T12:47:39.410+0530] {logging_mixin.py:190} INFO - [2026-04-08T12:47:39.410+0530] {dag.py:4180} INFO - Setting next_dagrun for example_dynamic_task_mapping to None, run_after=None
[2026-04-08T12:47:39.457+0530] {processor.py:208} INFO - Processing /Users/navalyemul/Documents/uptime/airflow_venv/lib/python3.12/site-packages/airflow/example_dags/example_dynamic_task_mapping.py took 0.192 seconds
[2026-04-08T12:50:25.816+0530] {processor.py:186} INFO - Started process (PID=19845) to work on /Users/navalyemul/Documents/uptime/airflow_venv/lib/python3.12/site-packages/airflow/example_dags/example_dynamic_task_mapping.py
[2026-04-08T12:50:25.817+0530] {processor.py:914} INFO - Processing file /Users/navalyemul/Documents/uptime/airflow_venv/lib/python3.12/site-packages/airflow/example_dags/example_dynamic_task_mapping.py for tasks to queue
[2026-04-08T12:50:25.817+0530] {logging_mixin.py:190} INFO - [2026-04-08T12:50:25.817+0530] {dagbag.py:588} INFO - Filling up the DagBag from /Users/navalyemul/Documents/uptime/airflow_venv/lib/python3.12/site-packages/airflow/example_dags/example_dynamic_task_mapping.py
[2026-04-08T12:50:25.838+0530] {processor.py:925} INFO - DAG(s) 'example_dynamic_task_mapping' retrieved from /Users/navalyemul/Documents/uptime/airflow_venv/lib/python3.12/site-packages/airflow/example_dags/example_dynamic_task_mapping.py
[2026-04-08T12:50:25.877+0530] {logging_mixin.py:190} INFO - [2026-04-08T12:50:25.876+0530] {dag.py:3239} INFO - Sync 1 DAGs
[2026-04-08T12:50:25.882+0530] {logging_mixin.py:190} INFO - [2026-04-08T12:50:25.881+0530] {dag.py:4180} INFO - Setting next_dagrun for example_dynamic_task_mapping to None, run_after=None
[2026-04-08T12:50:25.889+0530] {processor.py:208} INFO - Processing /Users/navalyemul/Documents/uptime/airflow_venv/lib/python3.12/site-packages/airflow/example_dags/example_dynamic_task_mapping.py took 0.076 seconds
[2026-04-08T12:52:32.141+0530] {processor.py:186} INFO - Started process (PID=21121) to work on /Users/navalyemul/Documents/uptime/airflow_venv/lib/python3.12/site-packages/airflow/example_dags/example_dynamic_task_mapping.py
[2026-04-08T12:52:32.142+0530] {processor.py:914} INFO - Processing file /Users/navalyemul/Documents/uptime/airflow_venv/lib/python3.12/site-packages/airflow/example_dags/example_dynamic_task_mapping.py for tasks to queue
[2026-04-08T12:52:32.142+0530] {logging_mixin.py:190} INFO - [2026-04-08T12:52:32.142+0530] {dagbag.py:588} INFO - Filling up the DagBag from /Users/navalyemul/Documents/uptime/airflow_venv/lib/python3.12/site-packages/airflow/example_dags/example_dynamic_task_mapping.py
[2026-04-08T12:52:32.170+0530] {processor.py:925} INFO - DAG(s) 'example_dynamic_task_mapping' retrieved from /Users/navalyemul/Documents/uptime/airflow_venv/lib/python3.12/site-packages/airflow/example_dags/example_dynamic_task_mapping.py
[2026-04-08T12:52:32.212+0530] {logging_mixin.py:190} INFO - [2026-04-08T12:52:32.212+0530] {dag.py:3239} INFO - Sync 1 DAGs
[2026-04-08T12:52:32.217+0530] {logging_mixin.py:190} INFO - [2026-04-08T12:52:32.217+0530] {dag.py:4180} INFO - Setting next_dagrun for example_dynamic_task_mapping to None, run_after=None
[2026-04-08T12:52:32.226+0530] {processor.py:208} INFO - Processing /Users/navalyemul/Documents/uptime/airflow_venv/lib/python3.12/site-packages/airflow/example_dags/example_dynamic_task_mapping.py took 0.086 seconds
[2026-04-08T12:56:07.752+0530] {processor.py:186} INFO - Started process (PID=22931) to work on /Users/navalyemul/Documents/uptime/airflow_venv/lib/python3.12/site-packages/airflow/example_dags/example_dynamic_task_mapping.py
[2026-04-08T12:56:07.753+0530] {processor.py:914} INFO - Processing file /Users/navalyemul/Documents/uptime/airflow_venv/lib/python3.12/site-packages/airflow/example_dags/example_dynamic_task_mapping.py for tasks to queue
[2026-04-08T12:56:07.754+0530] {logging_mixin.py:190} INFO - [2026-04-08T12:56:07.754+0530] {dagbag.py:588} INFO - Filling up the DagBag from /Users/navalyemul/Documents/uptime/airflow_venv/lib/python3.12/site-packages/airflow/example_dags/example_dynamic_task_mapping.py
[2026-04-08T12:56:07.785+0530] {processor.py:925} INFO - DAG(s) 'example_dynamic_task_mapping' retrieved from /Users/navalyemul/Documents/uptime/airflow_venv/lib/python3.12/site-packages/airflow/example_dags/example_dynamic_task_mapping.py
[2026-04-08T12:56:07.827+0530] {logging_mixin.py:190} INFO - [2026-04-08T12:56:07.827+0530] {dag.py:3239} INFO - Sync 1 DAGs
[2026-04-08T12:56:07.832+0530] {logging_mixin.py:190} INFO - [2026-04-08T12:56:07.832+0530] {dag.py:4180} INFO - Setting next_dagrun for example_dynamic_task_mapping to None, run_after=None
[2026-04-08T12:56:07.840+0530] {processor.py:208} INFO - Processing /Users/navalyemul/Documents/uptime/airflow_venv/lib/python3.12/site-packages/airflow/example_dags/example_dynamic_task_mapping.py took 0.089 seconds
[2026-04-08T12:59:00.158+0530] {processor.py:186} INFO - Started process (PID=24742) to work on /Users/navalyemul/Documents/uptime/airflow_venv/lib/python3.12/site-packages/airflow/example_dags/example_dynamic_task_mapping.py
[2026-04-08T12:59:00.159+0530] {processor.py:914} INFO - Processing file /Users/navalyemul/Documents/uptime/airflow_venv/lib/python3.12/site-packages/airflow/example_dags/example_dynamic_task_mapping.py for tasks to queue
[2026-04-08T12:59:00.160+0530] {logging_mixin.py:190} INFO - [2026-04-08T12:59:00.159+0530] {dagbag.py:588} INFO - Filling up the DagBag from /Users/navalyemul/Documents/uptime/airflow_venv/lib/python3.12/site-packages/airflow/example_dags/example_dynamic_task_mapping.py
[2026-04-08T12:59:00.182+0530] {processor.py:925} INFO - DAG(s) 'example_dynamic_task_mapping' retrieved from /Users/navalyemul/Documents/uptime/airflow_venv/lib/python3.12/site-packages/airflow/example_dags/example_dynamic_task_mapping.py
[2026-04-08T12:59:00.223+0530] {logging_mixin.py:190} INFO - [2026-04-08T12:59:00.222+0530] {dag.py:3239} INFO - Sync 1 DAGs
[2026-04-08T12:59:00.228+0530] {logging_mixin.py:190} INFO - [2026-04-08T12:59:00.227+0530] {dag.py:4180} INFO - Setting next_dagrun for example_dynamic_task_mapping to None, run_after=None
[2026-04-08T12:59:00.236+0530] {processor.py:208} INFO - Processing /Users/navalyemul/Documents/uptime/airflow_venv/lib/python3.12/site-packages/airflow/example_dags/example_dynamic_task_mapping.py took 0.079 seconds
[2026-04-08T13:01:42.684+0530] {processor.py:186} INFO - Started process (PID=26606) to work on /Users/navalyemul/Documents/uptime/airflow_venv/lib/python3.12/site-packages/airflow/example_dags/example_dynamic_task_mapping.py
[2026-04-08T13:01:42.684+0530] {processor.py:914} INFO - Processing file /Users/navalyemul/Documents/uptime/airflow_venv/lib/python3.12/site-packages/airflow/example_dags/example_dynamic_task_mapping.py for tasks to queue
[2026-04-08T13:01:42.685+0530] {logging_mixin.py:190} INFO - [2026-04-08T13:01:42.685+0530] {dagbag.py:588} INFO - Filling up the DagBag from /Users/navalyemul/Documents/uptime/airflow_venv/lib/python3.12/site-packages/airflow/example_dags/example_dynamic_task_mapping.py
[2026-04-08T13:01:42.707+0530] {processor.py:925} INFO - DAG(s) 'example_dynamic_task_mapping' retrieved from /Users/navalyemul/Documents/uptime/airflow_venv/lib/python3.12/site-packages/airflow/example_dags/example_dynamic_task_mapping.py
[2026-04-08T13:01:42.747+0530] {logging_mixin.py:190} INFO - [2026-04-08T13:01:42.746+0530] {dag.py:3239} INFO - Sync 1 DAGs
[2026-04-08T13:01:42.751+0530] {logging_mixin.py:190} INFO - [2026-04-08T13:01:42.751+0530] {dag.py:4180} INFO - Setting next_dagrun for example_dynamic_task_mapping to None, run_after=None
[2026-04-08T13:01:42.758+0530] {processor.py:208} INFO - Processing /Users/navalyemul/Documents/uptime/airflow_venv/lib/python3.12/site-packages/airflow/example_dags/example_dynamic_task_mapping.py took 0.077 seconds
[2026-04-08T13:04:29.141+0530] {processor.py:186} INFO - Started process (PID=28562) to work on /Users/navalyemul/Documents/uptime/airflow_venv/lib/python3.12/site-packages/airflow/example_dags/example_dynamic_task_mapping.py
[2026-04-08T13:04:29.142+0530] {processor.py:914} INFO - Processing file /Users/navalyemul/Documents/uptime/airflow_venv/lib/python3.12/site-packages/airflow/example_dags/example_dynamic_task_mapping.py for tasks to queue
[2026-04-08T13:04:29.143+0530] {logging_mixin.py:190} INFO - [2026-04-08T13:04:29.143+0530] {dagbag.py:588} INFO - Filling up the DagBag from /Users/navalyemul/Documents/uptime/airflow_venv/lib/python3.12/site-packages/airflow/example_dags/example_dynamic_task_mapping.py
[2026-04-08T13:04:29.174+0530] {processor.py:925} INFO - DAG(s) 'example_dynamic_task_mapping' retrieved from /Users/navalyemul/Documents/uptime/airflow_venv/lib/python3.12/site-packages/airflow/example_dags/example_dynamic_task_mapping.py
[2026-04-08T13:04:29.218+0530] {logging_mixin.py:190} INFO - [2026-04-08T13:04:29.218+0530] {dag.py:3239} INFO - Sync 1 DAGs
[2026-04-08T13:04:29.224+0530] {logging_mixin.py:190} INFO - [2026-04-08T13:04:29.224+0530] {dag.py:4180} INFO - Setting next_dagrun for example_dynamic_task_mapping to None, run_after=None
[2026-04-08T13:04:29.235+0530] {processor.py:208} INFO - Processing /Users/navalyemul/Documents/uptime/airflow_venv/lib/python3.12/site-packages/airflow/example_dags/example_dynamic_task_mapping.py took 0.095 seconds
[2026-04-08T13:07:16.978+0530] {processor.py:186} INFO - Started process (PID=30403) to work on /Users/navalyemul/Documents/uptime/airflow_venv/lib/python3.12/site-packages/airflow/example_dags/example_dynamic_task_mapping.py
[2026-04-08T13:07:16.979+0530] {processor.py:914} INFO - Processing file /Users/navalyemul/Documents/uptime/airflow_venv/lib/python3.12/site-packages/airflow/example_dags/example_dynamic_task_mapping.py for tasks to queue
[2026-04-08T13:07:16.979+0530] {logging_mixin.py:190} INFO - [2026-04-08T13:07:16.979+0530] {dagbag.py:588} INFO - Filling up the DagBag from /Users/navalyemul/Documents/uptime/airflow_venv/lib/python3.12/site-packages/airflow/example_dags/example_dynamic_task_mapping.py
[2026-04-08T13:07:17.001+0530] {processor.py:925} INFO - DAG(s) 'example_dynamic_task_mapping' retrieved from /Users/navalyemul/Documents/uptime/airflow_venv/lib/python3.12/site-packages/airflow/example_dags/example_dynamic_task_mapping.py
[2026-04-08T13:07:17.044+0530] {logging_mixin.py:190} INFO - [2026-04-08T13:07:17.044+0530] {dag.py:3239} INFO - Sync 1 DAGs
[2026-04-08T13:07:17.049+0530] {logging_mixin.py:190} INFO - [2026-04-08T13:07:17.049+0530] {dag.py:4180} INFO - Setting next_dagrun for example_dynamic_task_mapping to None, run_after=None
[2026-04-08T13:07:17.058+0530] {processor.py:208} INFO - Processing /Users/navalyemul/Documents/uptime/airflow_venv/lib/python3.12/site-packages/airflow/example_dags/example_dynamic_task_mapping.py took 0.082 seconds
[2026-04-08T13:10:02.780+0530] {processor.py:186} INFO - Started process (PID=32228) to work on /Users/navalyemul/Documents/uptime/airflow_venv/lib/python3.12/site-packages/airflow/example_dags/example_dynamic_task_mapping.py
[2026-04-08T13:10:02.781+0530] {processor.py:914} INFO - Processing file /Users/navalyemul/Documents/uptime/airflow_venv/lib/python3.12/site-packages/airflow/example_dags/example_dynamic_task_mapping.py for tasks to queue
[2026-04-08T13:10:02.781+0530] {logging_mixin.py:190} INFO - [2026-04-08T13:10:02.781+0530] {dagbag.py:588} INFO - Filling up the DagBag from /Users/navalyemul/Documents/uptime/airflow_venv/lib/python3.12/site-packages/airflow/example_dags/example_dynamic_task_mapping.py
[2026-04-08T13:10:02.802+0530] {processor.py:925} INFO - DAG(s) 'example_dynamic_task_mapping' retrieved from /Users/navalyemul/Documents/uptime/airflow_venv/lib/python3.12/site-packages/airflow/example_dags/example_dynamic_task_mapping.py
[2026-04-08T13:10:02.840+0530] {logging_mixin.py:190} INFO - [2026-04-08T13:10:02.840+0530] {dag.py:3239} INFO - Sync 1 DAGs
[2026-04-08T13:10:02.845+0530] {logging_mixin.py:190} INFO - [2026-04-08T13:10:02.845+0530] {dag.py:4180} INFO - Setting next_dagrun for example_dynamic_task_mapping to None, run_after=None
[2026-04-08T13:10:02.853+0530] {processor.py:208} INFO - Processing /Users/navalyemul/Documents/uptime/airflow_venv/lib/python3.12/site-packages/airflow/example_dags/example_dynamic_task_mapping.py took 0.074 seconds
[2026-04-08T13:12:48.747+0530] {processor.py:186} INFO - Started process (PID=34088) to work on /Users/navalyemul/Documents/uptime/airflow_venv/lib/python3.12/site-packages/airflow/example_dags/example_dynamic_task_mapping.py
[2026-04-08T13:12:48.747+0530] {processor.py:914} INFO - Processing file /Users/navalyemul/Documents/uptime/airflow_venv/lib/python3.12/site-packages/airflow/example_dags/example_dynamic_task_mapping.py for tasks to queue
[2026-04-08T13:12:48.748+0530] {logging_mixin.py:190} INFO - [2026-04-08T13:12:48.748+0530] {dagbag.py:588} INFO - Filling up the DagBag from /Users/navalyemul/Documents/uptime/airflow_venv/lib/python3.12/site-packages/airflow/example_dags/example_dynamic_task_mapping.py
[2026-04-08T13:12:48.769+0530] {processor.py:925} INFO - DAG(s) 'example_dynamic_task_mapping' retrieved from /Users/navalyemul/Documents/uptime/airflow_venv/lib/python3.12/site-packages/airflow/example_dags/example_dynamic_task_mapping.py
[2026-04-08T13:12:48.808+0530] {logging_mixin.py:190} INFO - [2026-04-08T13:12:48.808+0530] {dag.py:3239} INFO - Sync 1 DAGs
[2026-04-08T13:12:48.813+0530] {logging_mixin.py:190} INFO - [2026-04-08T13:12:48.813+0530] {dag.py:4180} INFO - Setting next_dagrun for example_dynamic_task_mapping to None, run_after=None
[2026-04-08T13:12:48.820+0530] {processor.py:208} INFO - Processing /Users/navalyemul/Documents/uptime/airflow_venv/lib/python3.12/site-packages/airflow/example_dags/example_dynamic_task_mapping.py took 0.075 seconds
[2026-04-08T13:15:35.616+0530] {processor.py:186} INFO - Started process (PID=35969) to work on /Users/navalyemul/Documents/uptime/airflow_venv/lib/python3.12/site-packages/airflow/example_dags/example_dynamic_task_mapping.py
[2026-04-08T13:15:35.616+0530] {processor.py:914} INFO - Processing file /Users/navalyemul/Documents/uptime/airflow_venv/lib/python3.12/site-packages/airflow/example_dags/example_dynamic_task_mapping.py for tasks to queue
[2026-04-08T13:15:35.617+0530] {logging_mixin.py:190} INFO - [2026-04-08T13:15:35.617+0530] {dagbag.py:588} INFO - Filling up the DagBag from /Users/navalyemul/Documents/uptime/airflow_venv/lib/python3.12/site-packages/airflow/example_dags/example_dynamic_task_mapping.py
[2026-04-08T13:15:35.638+0530] {processor.py:925} INFO - DAG(s) 'example_dynamic_task_mapping' retrieved from /Users/navalyemul/Documents/uptime/airflow_venv/lib/python3.12/site-packages/airflow/example_dags/example_dynamic_task_mapping.py
[2026-04-08T13:15:35.679+0530] {logging_mixin.py:190} INFO - [2026-04-08T13:15:35.679+0530] {dag.py:3239} INFO - Sync 1 DAGs
[2026-04-08T13:15:35.684+0530] {logging_mixin.py:190} INFO - [2026-04-08T13:15:35.684+0530] {dag.py:4180} INFO - Setting next_dagrun for example_dynamic_task_mapping to None, run_after=None
[2026-04-08T13:15:35.692+0530] {processor.py:208} INFO - Processing /Users/navalyemul/Documents/uptime/airflow_venv/lib/python3.12/site-packages/airflow/example_dags/example_dynamic_task_mapping.py took 0.078 seconds
[2026-04-08T13:18:22.643+0530] {processor.py:186} INFO - Started process (PID=37853) to work on /Users/navalyemul/Documents/uptime/airflow_venv/lib/python3.12/site-packages/airflow/example_dags/example_dynamic_task_mapping.py
[2026-04-08T13:18:22.644+0530] {processor.py:914} INFO - Processing file /Users/navalyemul/Documents/uptime/airflow_venv/lib/python3.12/site-packages/airflow/example_dags/example_dynamic_task_mapping.py for tasks to queue
[2026-04-08T13:18:22.644+0530] {logging_mixin.py:190} INFO - [2026-04-08T13:18:22.644+0530] {dagbag.py:588} INFO - Filling up the DagBag from /Users/navalyemul/Documents/uptime/airflow_venv/lib/python3.12/site-packages/airflow/example_dags/example_dynamic_task_mapping.py
[2026-04-08T13:18:22.666+0530] {processor.py:925} INFO - DAG(s) 'example_dynamic_task_mapping' retrieved from /Users/navalyemul/Documents/uptime/airflow_venv/lib/python3.12/site-packages/airflow/example_dags/example_dynamic_task_mapping.py
[2026-04-08T13:18:22.708+0530] {logging_mixin.py:190} INFO - [2026-04-08T13:18:22.708+0530] {dag.py:3239} INFO - Sync 1 DAGs
[2026-04-08T13:18:22.713+0530] {logging_mixin.py:190} INFO - [2026-04-08T13:18:22.713+0530] {dag.py:4180} INFO - Setting next_dagrun for example_dynamic_task_mapping to None, run_after=None
[2026-04-08T13:18:22.723+0530] {processor.py:208} INFO - Processing /Users/navalyemul/Documents/uptime/airflow_venv/lib/python3.12/site-packages/airflow/example_dags/example_dynamic_task_mapping.py took 0.082 seconds
[2026-04-08T13:29:52.411+0530] {processor.py:186} INFO - Started process (PID=39813) to work on /Users/navalyemul/Documents/uptime/airflow_venv/lib/python3.12/site-packages/airflow/example_dags/example_dynamic_task_mapping.py
[2026-04-08T13:29:52.413+0530] {processor.py:914} INFO - Processing file /Users/navalyemul/Documents/uptime/airflow_venv/lib/python3.12/site-packages/airflow/example_dags/example_dynamic_task_mapping.py for tasks to queue
[2026-04-08T13:29:52.415+0530] {logging_mixin.py:190} INFO - [2026-04-08T13:29:52.415+0530] {dagbag.py:588} INFO - Filling up the DagBag from /Users/navalyemul/Documents/uptime/airflow_venv/lib/python3.12/site-packages/airflow/example_dags/example_dynamic_task_mapping.py
[2026-04-08T13:29:52.498+0530] {processor.py:925} INFO - DAG(s) 'example_dynamic_task_mapping' retrieved from /Users/navalyemul/Documents/uptime/airflow_venv/lib/python3.12/site-packages/airflow/example_dags/example_dynamic_task_mapping.py
[2026-04-08T13:29:52.650+0530] {logging_mixin.py:190} INFO - [2026-04-08T13:29:52.649+0530] {dag.py:3239} INFO - Sync 1 DAGs
[2026-04-08T13:29:52.666+0530] {logging_mixin.py:190} INFO - [2026-04-08T13:29:52.666+0530] {dag.py:4180} INFO - Setting next_dagrun for example_dynamic_task_mapping to None, run_after=None
[2026-04-08T13:29:52.700+0530] {processor.py:208} INFO - Processing /Users/navalyemul/Documents/uptime/airflow_venv/lib/python3.12/site-packages/airflow/example_dags/example_dynamic_task_mapping.py took 0.295 seconds
[2026-04-08T13:41:03.636+0530] {processor.py:186} INFO - Started process (PID=41819) to work on /Users/navalyemul/Documents/uptime/airflow_venv/lib/python3.12/site-packages/airflow/example_dags/example_dynamic_task_mapping.py
[2026-04-08T13:41:03.636+0530] {processor.py:914} INFO - Processing file /Users/navalyemul/Documents/uptime/airflow_venv/lib/python3.12/site-packages/airflow/example_dags/example_dynamic_task_mapping.py for tasks to queue
[2026-04-08T13:41:03.637+0530] {logging_mixin.py:190} INFO - [2026-04-08T13:41:03.637+0530] {dagbag.py:588} INFO - Filling up the DagBag from /Users/navalyemul/Documents/uptime/airflow_venv/lib/python3.12/site-packages/airflow/example_dags/example_dynamic_task_mapping.py
[2026-04-08T13:41:03.658+0530] {processor.py:925} INFO - DAG(s) 'example_dynamic_task_mapping' retrieved from /Users/navalyemul/Documents/uptime/airflow_venv/lib/python3.12/site-packages/airflow/example_dags/example_dynamic_task_mapping.py
[2026-04-08T13:41:03.699+0530] {logging_mixin.py:190} INFO - [2026-04-08T13:41:03.698+0530] {dag.py:3239} INFO - Sync 1 DAGs
[2026-04-08T13:41:03.703+0530] {logging_mixin.py:190} INFO - [2026-04-08T13:41:03.703+0530] {dag.py:4180} INFO - Setting next_dagrun for example_dynamic_task_mapping to None, run_after=None
[2026-04-08T13:41:03.711+0530] {processor.py:208} INFO - Processing /Users/navalyemul/Documents/uptime/airflow_venv/lib/python3.12/site-packages/airflow/example_dags/example_dynamic_task_mapping.py took 0.077 seconds
[2026-04-08T13:55:28.453+0530] {processor.py:186} INFO - Started process (PID=44058) to work on /Users/navalyemul/Documents/uptime/airflow_venv/lib/python3.12/site-packages/airflow/example_dags/example_dynamic_task_mapping.py
[2026-04-08T13:55:28.456+0530] {processor.py:914} INFO - Processing file /Users/navalyemul/Documents/uptime/airflow_venv/lib/python3.12/site-packages/airflow/example_dags/example_dynamic_task_mapping.py for tasks to queue
[2026-04-08T13:55:28.457+0530] {logging_mixin.py:190} INFO - [2026-04-08T13:55:28.457+0530] {dagbag.py:588} INFO - Filling up the DagBag from /Users/navalyemul/Documents/uptime/airflow_venv/lib/python3.12/site-packages/airflow/example_dags/example_dynamic_task_mapping.py
[2026-04-08T13:55:28.520+0530] {processor.py:925} INFO - DAG(s) 'example_dynamic_task_mapping' retrieved from /Users/navalyemul/Documents/uptime/airflow_venv/lib/python3.12/site-packages/airflow/example_dags/example_dynamic_task_mapping.py
[2026-04-08T13:55:28.601+0530] {logging_mixin.py:190} INFO - [2026-04-08T13:55:28.600+0530] {dag.py:3239} INFO - Sync 1 DAGs
[2026-04-08T13:55:28.618+0530] {logging_mixin.py:190} INFO - [2026-04-08T13:55:28.617+0530] {dag.py:4180} INFO - Setting next_dagrun for example_dynamic_task_mapping to None, run_after=None
[2026-04-08T13:55:28.635+0530] {processor.py:208} INFO - Processing /Users/navalyemul/Documents/uptime/airflow_venv/lib/python3.12/site-packages/airflow/example_dags/example_dynamic_task_mapping.py took 0.184 seconds
[2026-04-08T13:58:54.710+0530] {processor.py:186} INFO - Started process (PID=46057) to work on /Users/navalyemul/Documents/uptime/airflow_venv/lib/python3.12/site-packages/airflow/example_dags/example_dynamic_task_mapping.py
[2026-04-08T13:58:54.711+0530] {processor.py:914} INFO - Processing file /Users/navalyemul/Documents/uptime/airflow_venv/lib/python3.12/site-packages/airflow/example_dags/example_dynamic_task_mapping.py for tasks to queue
[2026-04-08T13:58:54.711+0530] {logging_mixin.py:190} INFO - [2026-04-08T13:58:54.711+0530] {dagbag.py:588} INFO - Filling up the DagBag from /Users/navalyemul/Documents/uptime/airflow_venv/lib/python3.12/site-packages/airflow/example_dags/example_dynamic_task_mapping.py
[2026-04-08T13:58:54.735+0530] {processor.py:925} INFO - DAG(s) 'example_dynamic_task_mapping' retrieved from /Users/navalyemul/Documents/uptime/airflow_venv/lib/python3.12/site-packages/airflow/example_dags/example_dynamic_task_mapping.py
[2026-04-08T13:58:54.780+0530] {logging_mixin.py:190} INFO - [2026-04-08T13:58:54.780+0530] {dag.py:3239} INFO - Sync 1 DAGs
[2026-04-08T13:58:54.786+0530] {logging_mixin.py:190} INFO - [2026-04-08T13:58:54.785+0530] {dag.py:4180} INFO - Setting next_dagrun for example_dynamic_task_mapping to None, run_after=None
[2026-04-08T13:58:54.794+0530] {processor.py:208} INFO - Processing /Users/navalyemul/Documents/uptime/airflow_venv/lib/python3.12/site-packages/airflow/example_dags/example_dynamic_task_mapping.py took 0.087 seconds
