[2026-04-08T12:38:44.811+0530] {processor.py:186} INFO - Started process (PID=13120) to work on /Users/navalyemul/Documents/uptime/airflow_venv/lib/python3.12/site-packages/airflow/example_dags/tutorial_objectstorage.py
[2026-04-08T12:38:44.813+0530] {processor.py:914} INFO - Processing file /Users/navalyemul/Documents/uptime/airflow_venv/lib/python3.12/site-packages/airflow/example_dags/tutorial_objectstorage.py for tasks to queue
[2026-04-08T12:38:44.815+0530] {logging_mixin.py:190} INFO - [2026-04-08T12:38:44.815+0530] {dagbag.py:588} INFO - Filling up the DagBag from /Users/navalyemul/Documents/uptime/airflow_venv/lib/python3.12/site-packages/airflow/example_dags/tutorial_objectstorage.py
[2026-04-08T12:38:44.893+0530] {processor.py:925} INFO - DAG(s) 'tutorial_objectstorage' retrieved from /Users/navalyemul/Documents/uptime/airflow_venv/lib/python3.12/site-packages/airflow/example_dags/tutorial_objectstorage.py
[2026-04-08T12:38:45.218+0530] {logging_mixin.py:190} INFO - [2026-04-08T12:38:45.217+0530] {override.py:1912} INFO - Created Permission View: can edit on DAG:tutorial_objectstorage
[2026-04-08T12:38:45.231+0530] {logging_mixin.py:190} INFO - [2026-04-08T12:38:45.230+0530] {override.py:1912} INFO - Created Permission View: can delete on DAG:tutorial_objectstorage
[2026-04-08T12:38:45.239+0530] {logging_mixin.py:190} INFO - [2026-04-08T12:38:45.239+0530] {override.py:1912} INFO - Created Permission View: can read on DAG:tutorial_objectstorage
[2026-04-08T12:38:45.249+0530] {logging_mixin.py:190} INFO - [2026-04-08T12:38:45.249+0530] {override.py:1912} INFO - Created Permission View: menu access on DAG Run:tutorial_objectstorage
[2026-04-08T12:38:45.257+0530] {logging_mixin.py:190} INFO - [2026-04-08T12:38:45.257+0530] {override.py:1912} INFO - Created Permission View: can delete on DAG Run:tutorial_objectstorage
[2026-04-08T12:38:45.264+0530] {logging_mixin.py:190} INFO - [2026-04-08T12:38:45.263+0530] {override.py:1912} INFO - Created Permission View: can create on DAG Run:tutorial_objectstorage
[2026-04-08T12:38:45.274+0530] {logging_mixin.py:190} INFO - [2026-04-08T12:38:45.273+0530] {override.py:1912} INFO - Created Permission View: can read on DAG Run:tutorial_objectstorage
[2026-04-08T12:38:45.274+0530] {logging_mixin.py:190} INFO - [2026-04-08T12:38:45.274+0530] {dag.py:3239} INFO - Sync 1 DAGs
[2026-04-08T12:38:45.288+0530] {logging_mixin.py:190} INFO - [2026-04-08T12:38:45.287+0530] {dag.py:3262} INFO - Creating ORM DAG for tutorial_objectstorage
[2026-04-08T12:38:45.288+0530] {logging_mixin.py:190} INFO - [2026-04-08T12:38:45.288+0530] {dag.py:4180} INFO - Setting next_dagrun for tutorial_objectstorage to None, run_after=None
[2026-04-08T12:38:45.393+0530] {processor.py:208} INFO - Processing /Users/navalyemul/Documents/uptime/airflow_venv/lib/python3.12/site-packages/airflow/example_dags/tutorial_objectstorage.py took 0.588 seconds
[2026-04-08T12:40:56.165+0530] {processor.py:186} INFO - Started process (PID=13935) to work on /Users/navalyemul/Documents/uptime/airflow_venv/lib/python3.12/site-packages/airflow/example_dags/tutorial_objectstorage.py
[2026-04-08T12:40:56.167+0530] {processor.py:914} INFO - Processing file /Users/navalyemul/Documents/uptime/airflow_venv/lib/python3.12/site-packages/airflow/example_dags/tutorial_objectstorage.py for tasks to queue
[2026-04-08T12:40:56.167+0530] {logging_mixin.py:190} INFO - [2026-04-08T12:40:56.167+0530] {dagbag.py:588} INFO - Filling up the DagBag from /Users/navalyemul/Documents/uptime/airflow_venv/lib/python3.12/site-packages/airflow/example_dags/tutorial_objectstorage.py
[2026-04-08T12:40:56.211+0530] {processor.py:925} INFO - DAG(s) 'tutorial_objectstorage' retrieved from /Users/navalyemul/Documents/uptime/airflow_venv/lib/python3.12/site-packages/airflow/example_dags/tutorial_objectstorage.py
[2026-04-08T12:40:56.268+0530] {logging_mixin.py:190} INFO - [2026-04-08T12:40:56.268+0530] {dag.py:3239} INFO - Sync 1 DAGs
[2026-04-08T12:40:56.275+0530] {logging_mixin.py:190} INFO - [2026-04-08T12:40:56.274+0530] {dag.py:4180} INFO - Setting next_dagrun for tutorial_objectstorage to None, run_after=None
[2026-04-08T12:40:56.290+0530] {processor.py:208} INFO - Processing /Users/navalyemul/Documents/uptime/airflow_venv/lib/python3.12/site-packages/airflow/example_dags/tutorial_objectstorage.py took 0.133 seconds
[2026-04-08T12:43:48.471+0530] {processor.py:186} INFO - Started process (PID=15542) to work on /Users/navalyemul/Documents/uptime/airflow_venv/lib/python3.12/site-packages/airflow/example_dags/tutorial_objectstorage.py
[2026-04-08T12:43:48.472+0530] {processor.py:914} INFO - Processing file /Users/navalyemul/Documents/uptime/airflow_venv/lib/python3.12/site-packages/airflow/example_dags/tutorial_objectstorage.py for tasks to queue
[2026-04-08T12:43:48.473+0530] {logging_mixin.py:190} INFO - [2026-04-08T12:43:48.473+0530] {dagbag.py:588} INFO - Filling up the DagBag from /Users/navalyemul/Documents/uptime/airflow_venv/lib/python3.12/site-packages/airflow/example_dags/tutorial_objectstorage.py
[2026-04-08T12:43:48.510+0530] {processor.py:925} INFO - DAG(s) 'tutorial_objectstorage' retrieved from /Users/navalyemul/Documents/uptime/airflow_venv/lib/python3.12/site-packages/airflow/example_dags/tutorial_objectstorage.py
[2026-04-08T12:43:48.560+0530] {logging_mixin.py:190} INFO - [2026-04-08T12:43:48.560+0530] {dag.py:3239} INFO - Sync 1 DAGs
[2026-04-08T12:43:48.565+0530] {logging_mixin.py:190} INFO - [2026-04-08T12:43:48.565+0530] {dag.py:4180} INFO - Setting next_dagrun for tutorial_objectstorage to None, run_after=None
[2026-04-08T12:43:48.577+0530] {processor.py:208} INFO - Processing /Users/navalyemul/Documents/uptime/airflow_venv/lib/python3.12/site-packages/airflow/example_dags/tutorial_objectstorage.py took 0.109 seconds
[2026-04-08T12:46:27.366+0530] {processor.py:186} INFO - Started process (PID=17123) to work on /Users/navalyemul/Documents/uptime/airflow_venv/lib/python3.12/site-packages/airflow/example_dags/tutorial_objectstorage.py
[2026-04-08T12:46:27.367+0530] {processor.py:914} INFO - Processing file /Users/navalyemul/Documents/uptime/airflow_venv/lib/python3.12/site-packages/airflow/example_dags/tutorial_objectstorage.py for tasks to queue
[2026-04-08T12:46:27.367+0530] {logging_mixin.py:190} INFO - [2026-04-08T12:46:27.367+0530] {dagbag.py:588} INFO - Filling up the DagBag from /Users/navalyemul/Documents/uptime/airflow_venv/lib/python3.12/site-packages/airflow/example_dags/tutorial_objectstorage.py
[2026-04-08T12:46:27.390+0530] {processor.py:925} INFO - DAG(s) 'tutorial_objectstorage' retrieved from /Users/navalyemul/Documents/uptime/airflow_venv/lib/python3.12/site-packages/airflow/example_dags/tutorial_objectstorage.py
[2026-04-08T12:46:27.434+0530] {logging_mixin.py:190} INFO - [2026-04-08T12:46:27.434+0530] {dag.py:3239} INFO - Sync 1 DAGs
[2026-04-08T12:46:27.439+0530] {logging_mixin.py:190} INFO - [2026-04-08T12:46:27.439+0530] {dag.py:4180} INFO - Setting next_dagrun for tutorial_objectstorage to None, run_after=None
[2026-04-08T12:46:27.448+0530] {processor.py:208} INFO - Processing /Users/navalyemul/Documents/uptime/airflow_venv/lib/python3.12/site-packages/airflow/example_dags/tutorial_objectstorage.py took 0.085 seconds
[2026-04-08T12:48:25.004+0530] {processor.py:186} INFO - Started process (PID=18450) to work on /Users/navalyemul/Documents/uptime/airflow_venv/lib/python3.12/site-packages/airflow/example_dags/tutorial_objectstorage.py
[2026-04-08T12:48:25.005+0530] {processor.py:914} INFO - Processing file /Users/navalyemul/Documents/uptime/airflow_venv/lib/python3.12/site-packages/airflow/example_dags/tutorial_objectstorage.py for tasks to queue
[2026-04-08T12:48:25.005+0530] {logging_mixin.py:190} INFO - [2026-04-08T12:48:25.005+0530] {dagbag.py:588} INFO - Filling up the DagBag from /Users/navalyemul/Documents/uptime/airflow_venv/lib/python3.12/site-packages/airflow/example_dags/tutorial_objectstorage.py
[2026-04-08T12:48:25.026+0530] {processor.py:925} INFO - DAG(s) 'tutorial_objectstorage' retrieved from /Users/navalyemul/Documents/uptime/airflow_venv/lib/python3.12/site-packages/airflow/example_dags/tutorial_objectstorage.py
[2026-04-08T12:48:25.082+0530] {logging_mixin.py:190} INFO - [2026-04-08T12:48:25.081+0530] {dag.py:3239} INFO - Sync 1 DAGs
[2026-04-08T12:48:25.087+0530] {logging_mixin.py:190} INFO - [2026-04-08T12:48:25.087+0530] {dag.py:4180} INFO - Setting next_dagrun for tutorial_objectstorage to None, run_after=None
[2026-04-08T12:48:25.096+0530] {processor.py:208} INFO - Processing /Users/navalyemul/Documents/uptime/airflow_venv/lib/python3.12/site-packages/airflow/example_dags/tutorial_objectstorage.py took 0.094 seconds
[2026-04-08T12:49:48.377+0530] {processor.py:186} INFO - Started process (PID=19414) to work on /Users/navalyemul/Documents/uptime/airflow_venv/lib/python3.12/site-packages/airflow/example_dags/tutorial_objectstorage.py
[2026-04-08T12:49:48.378+0530] {processor.py:914} INFO - Processing file /Users/navalyemul/Documents/uptime/airflow_venv/lib/python3.12/site-packages/airflow/example_dags/tutorial_objectstorage.py for tasks to queue
[2026-04-08T12:49:48.378+0530] {logging_mixin.py:190} INFO - [2026-04-08T12:49:48.378+0530] {dagbag.py:588} INFO - Filling up the DagBag from /Users/navalyemul/Documents/uptime/airflow_venv/lib/python3.12/site-packages/airflow/example_dags/tutorial_objectstorage.py
[2026-04-08T12:49:48.403+0530] {processor.py:925} INFO - DAG(s) 'tutorial_objectstorage' retrieved from /Users/navalyemul/Documents/uptime/airflow_venv/lib/python3.12/site-packages/airflow/example_dags/tutorial_objectstorage.py
[2026-04-08T12:49:48.446+0530] {logging_mixin.py:190} INFO - [2026-04-08T12:49:48.446+0530] {dag.py:3239} INFO - Sync 1 DAGs
[2026-04-08T12:49:48.451+0530] {logging_mixin.py:190} INFO - [2026-04-08T12:49:48.451+0530] {dag.py:4180} INFO - Setting next_dagrun for tutorial_objectstorage to None, run_after=None
[2026-04-08T12:49:48.460+0530] {processor.py:208} INFO - Processing /Users/navalyemul/Documents/uptime/airflow_venv/lib/python3.12/site-packages/airflow/example_dags/tutorial_objectstorage.py took 0.085 seconds
[2026-04-08T12:51:20.984+0530] {processor.py:186} INFO - Started process (PID=20393) to work on /Users/navalyemul/Documents/uptime/airflow_venv/lib/python3.12/site-packages/airflow/example_dags/tutorial_objectstorage.py
[2026-04-08T12:51:20.987+0530] {processor.py:914} INFO - Processing file /Users/navalyemul/Documents/uptime/airflow_venv/lib/python3.12/site-packages/airflow/example_dags/tutorial_objectstorage.py for tasks to queue
[2026-04-08T12:51:20.987+0530] {logging_mixin.py:190} INFO - [2026-04-08T12:51:20.987+0530] {dagbag.py:588} INFO - Filling up the DagBag from /Users/navalyemul/Documents/uptime/airflow_venv/lib/python3.12/site-packages/airflow/example_dags/tutorial_objectstorage.py
[2026-04-08T12:51:21.023+0530] {processor.py:925} INFO - DAG(s) 'tutorial_objectstorage' retrieved from /Users/navalyemul/Documents/uptime/airflow_venv/lib/python3.12/site-packages/airflow/example_dags/tutorial_objectstorage.py
[2026-04-08T12:51:21.068+0530] {logging_mixin.py:190} INFO - [2026-04-08T12:51:21.067+0530] {dag.py:3239} INFO - Sync 1 DAGs
[2026-04-08T12:51:21.074+0530] {logging_mixin.py:190} INFO - [2026-04-08T12:51:21.074+0530] {dag.py:4180} INFO - Setting next_dagrun for tutorial_objectstorage to None, run_after=None
[2026-04-08T12:51:21.085+0530] {processor.py:208} INFO - Processing /Users/navalyemul/Documents/uptime/airflow_venv/lib/python3.12/site-packages/airflow/example_dags/tutorial_objectstorage.py took 0.105 seconds
[2026-04-08T12:52:57.619+0530] {processor.py:186} INFO - Started process (PID=21332) to work on /Users/navalyemul/Documents/uptime/airflow_venv/lib/python3.12/site-packages/airflow/example_dags/tutorial_objectstorage.py
[2026-04-08T12:52:57.620+0530] {processor.py:914} INFO - Processing file /Users/navalyemul/Documents/uptime/airflow_venv/lib/python3.12/site-packages/airflow/example_dags/tutorial_objectstorage.py for tasks to queue
[2026-04-08T12:52:57.620+0530] {logging_mixin.py:190} INFO - [2026-04-08T12:52:57.620+0530] {dagbag.py:588} INFO - Filling up the DagBag from /Users/navalyemul/Documents/uptime/airflow_venv/lib/python3.12/site-packages/airflow/example_dags/tutorial_objectstorage.py
[2026-04-08T12:52:57.644+0530] {processor.py:925} INFO - DAG(s) 'tutorial_objectstorage' retrieved from /Users/navalyemul/Documents/uptime/airflow_venv/lib/python3.12/site-packages/airflow/example_dags/tutorial_objectstorage.py
[2026-04-08T12:52:57.683+0530] {logging_mixin.py:190} INFO - [2026-04-08T12:52:57.683+0530] {dag.py:3239} INFO - Sync 1 DAGs
[2026-04-08T12:52:57.688+0530] {logging_mixin.py:190} INFO - [2026-04-08T12:52:57.688+0530] {dag.py:4180} INFO - Setting next_dagrun for tutorial_objectstorage to None, run_after=None
[2026-04-08T12:52:57.697+0530] {processor.py:208} INFO - Processing /Users/navalyemul/Documents/uptime/airflow_venv/lib/python3.12/site-packages/airflow/example_dags/tutorial_objectstorage.py took 0.080 seconds
[2026-04-08T12:54:53.528+0530] {processor.py:186} INFO - Started process (PID=22226) to work on /Users/navalyemul/Documents/uptime/airflow_venv/lib/python3.12/site-packages/airflow/example_dags/tutorial_objectstorage.py
[2026-04-08T12:54:53.531+0530] {processor.py:914} INFO - Processing file /Users/navalyemul/Documents/uptime/airflow_venv/lib/python3.12/site-packages/airflow/example_dags/tutorial_objectstorage.py for tasks to queue
[2026-04-08T12:54:53.532+0530] {logging_mixin.py:190} INFO - [2026-04-08T12:54:53.532+0530] {dagbag.py:588} INFO - Filling up the DagBag from /Users/navalyemul/Documents/uptime/airflow_venv/lib/python3.12/site-packages/airflow/example_dags/tutorial_objectstorage.py
[2026-04-08T12:54:53.588+0530] {processor.py:925} INFO - DAG(s) 'tutorial_objectstorage' retrieved from /Users/navalyemul/Documents/uptime/airflow_venv/lib/python3.12/site-packages/airflow/example_dags/tutorial_objectstorage.py
[2026-04-08T12:54:53.708+0530] {logging_mixin.py:190} INFO - [2026-04-08T12:54:53.707+0530] {dag.py:3239} INFO - Sync 1 DAGs
[2026-04-08T12:54:53.719+0530] {logging_mixin.py:190} INFO - [2026-04-08T12:54:53.718+0530] {dag.py:4180} INFO - Setting next_dagrun for tutorial_objectstorage to None, run_after=None
[2026-04-08T12:54:53.741+0530] {processor.py:208} INFO - Processing /Users/navalyemul/Documents/uptime/airflow_venv/lib/python3.12/site-packages/airflow/example_dags/tutorial_objectstorage.py took 0.219 seconds
[2026-04-08T12:56:30.703+0530] {processor.py:186} INFO - Started process (PID=23180) to work on /Users/navalyemul/Documents/uptime/airflow_venv/lib/python3.12/site-packages/airflow/example_dags/tutorial_objectstorage.py
[2026-04-08T12:56:30.704+0530] {processor.py:914} INFO - Processing file /Users/navalyemul/Documents/uptime/airflow_venv/lib/python3.12/site-packages/airflow/example_dags/tutorial_objectstorage.py for tasks to queue
[2026-04-08T12:56:30.704+0530] {logging_mixin.py:190} INFO - [2026-04-08T12:56:30.704+0530] {dagbag.py:588} INFO - Filling up the DagBag from /Users/navalyemul/Documents/uptime/airflow_venv/lib/python3.12/site-packages/airflow/example_dags/tutorial_objectstorage.py
[2026-04-08T12:56:30.725+0530] {processor.py:925} INFO - DAG(s) 'tutorial_objectstorage' retrieved from /Users/navalyemul/Documents/uptime/airflow_venv/lib/python3.12/site-packages/airflow/example_dags/tutorial_objectstorage.py
[2026-04-08T12:56:30.765+0530] {logging_mixin.py:190} INFO - [2026-04-08T12:56:30.765+0530] {dag.py:3239} INFO - Sync 1 DAGs
[2026-04-08T12:56:30.770+0530] {logging_mixin.py:190} INFO - [2026-04-08T12:56:30.770+0530] {dag.py:4180} INFO - Setting next_dagrun for tutorial_objectstorage to None, run_after=None
[2026-04-08T12:56:30.778+0530] {processor.py:208} INFO - Processing /Users/navalyemul/Documents/uptime/airflow_venv/lib/python3.12/site-packages/airflow/example_dags/tutorial_objectstorage.py took 0.077 seconds
[2026-04-08T12:57:57.142+0530] {processor.py:186} INFO - Started process (PID=24102) to work on /Users/navalyemul/Documents/uptime/airflow_venv/lib/python3.12/site-packages/airflow/example_dags/tutorial_objectstorage.py
[2026-04-08T12:57:57.143+0530] {processor.py:914} INFO - Processing file /Users/navalyemul/Documents/uptime/airflow_venv/lib/python3.12/site-packages/airflow/example_dags/tutorial_objectstorage.py for tasks to queue
[2026-04-08T12:57:57.143+0530] {logging_mixin.py:190} INFO - [2026-04-08T12:57:57.143+0530] {dagbag.py:588} INFO - Filling up the DagBag from /Users/navalyemul/Documents/uptime/airflow_venv/lib/python3.12/site-packages/airflow/example_dags/tutorial_objectstorage.py
[2026-04-08T12:57:57.164+0530] {processor.py:925} INFO - DAG(s) 'tutorial_objectstorage' retrieved from /Users/navalyemul/Documents/uptime/airflow_venv/lib/python3.12/site-packages/airflow/example_dags/tutorial_objectstorage.py
[2026-04-08T12:57:57.202+0530] {logging_mixin.py:190} INFO - [2026-04-08T12:57:57.202+0530] {dag.py:3239} INFO - Sync 1 DAGs
[2026-04-08T12:57:57.207+0530] {logging_mixin.py:190} INFO - [2026-04-08T12:57:57.207+0530] {dag.py:4180} INFO - Setting next_dagrun for tutorial_objectstorage to None, run_after=None
[2026-04-08T12:57:57.215+0530] {processor.py:208} INFO - Processing /Users/navalyemul/Documents/uptime/airflow_venv/lib/python3.12/site-packages/airflow/example_dags/tutorial_objectstorage.py took 0.075 seconds
[2026-04-08T12:59:21.987+0530] {processor.py:186} INFO - Started process (PID=24989) to work on /Users/navalyemul/Documents/uptime/airflow_venv/lib/python3.12/site-packages/airflow/example_dags/tutorial_objectstorage.py
[2026-04-08T12:59:21.988+0530] {processor.py:914} INFO - Processing file /Users/navalyemul/Documents/uptime/airflow_venv/lib/python3.12/site-packages/airflow/example_dags/tutorial_objectstorage.py for tasks to queue
[2026-04-08T12:59:21.988+0530] {logging_mixin.py:190} INFO - [2026-04-08T12:59:21.988+0530] {dagbag.py:588} INFO - Filling up the DagBag from /Users/navalyemul/Documents/uptime/airflow_venv/lib/python3.12/site-packages/airflow/example_dags/tutorial_objectstorage.py
[2026-04-08T12:59:22.010+0530] {processor.py:925} INFO - DAG(s) 'tutorial_objectstorage' retrieved from /Users/navalyemul/Documents/uptime/airflow_venv/lib/python3.12/site-packages/airflow/example_dags/tutorial_objectstorage.py
[2026-04-08T12:59:22.048+0530] {logging_mixin.py:190} INFO - [2026-04-08T12:59:22.048+0530] {dag.py:3239} INFO - Sync 1 DAGs
[2026-04-08T12:59:22.053+0530] {logging_mixin.py:190} INFO - [2026-04-08T12:59:22.052+0530] {dag.py:4180} INFO - Setting next_dagrun for tutorial_objectstorage to None, run_after=None
[2026-04-08T12:59:22.061+0530] {processor.py:208} INFO - Processing /Users/navalyemul/Documents/uptime/airflow_venv/lib/python3.12/site-packages/airflow/example_dags/tutorial_objectstorage.py took 0.076 seconds
[2026-04-08T13:00:44.159+0530] {processor.py:186} INFO - Started process (PID=25939) to work on /Users/navalyemul/Documents/uptime/airflow_venv/lib/python3.12/site-packages/airflow/example_dags/tutorial_objectstorage.py
[2026-04-08T13:00:44.160+0530] {processor.py:914} INFO - Processing file /Users/navalyemul/Documents/uptime/airflow_venv/lib/python3.12/site-packages/airflow/example_dags/tutorial_objectstorage.py for tasks to queue
[2026-04-08T13:00:44.160+0530] {logging_mixin.py:190} INFO - [2026-04-08T13:00:44.160+0530] {dagbag.py:588} INFO - Filling up the DagBag from /Users/navalyemul/Documents/uptime/airflow_venv/lib/python3.12/site-packages/airflow/example_dags/tutorial_objectstorage.py
[2026-04-08T13:00:44.181+0530] {processor.py:925} INFO - DAG(s) 'tutorial_objectstorage' retrieved from /Users/navalyemul/Documents/uptime/airflow_venv/lib/python3.12/site-packages/airflow/example_dags/tutorial_objectstorage.py
[2026-04-08T13:00:44.219+0530] {logging_mixin.py:190} INFO - [2026-04-08T13:00:44.219+0530] {dag.py:3239} INFO - Sync 1 DAGs
[2026-04-08T13:00:44.224+0530] {logging_mixin.py:190} INFO - [2026-04-08T13:00:44.224+0530] {dag.py:4180} INFO - Setting next_dagrun for tutorial_objectstorage to None, run_after=None
[2026-04-08T13:00:44.233+0530] {processor.py:208} INFO - Processing /Users/navalyemul/Documents/uptime/airflow_venv/lib/python3.12/site-packages/airflow/example_dags/tutorial_objectstorage.py took 0.076 seconds
[2026-04-08T13:02:03.920+0530] {processor.py:186} INFO - Started process (PID=26851) to work on /Users/navalyemul/Documents/uptime/airflow_venv/lib/python3.12/site-packages/airflow/example_dags/tutorial_objectstorage.py
[2026-04-08T13:02:03.921+0530] {processor.py:914} INFO - Processing file /Users/navalyemul/Documents/uptime/airflow_venv/lib/python3.12/site-packages/airflow/example_dags/tutorial_objectstorage.py for tasks to queue
[2026-04-08T13:02:03.922+0530] {logging_mixin.py:190} INFO - [2026-04-08T13:02:03.922+0530] {dagbag.py:588} INFO - Filling up the DagBag from /Users/navalyemul/Documents/uptime/airflow_venv/lib/python3.12/site-packages/airflow/example_dags/tutorial_objectstorage.py
[2026-04-08T13:02:03.942+0530] {processor.py:925} INFO - DAG(s) 'tutorial_objectstorage' retrieved from /Users/navalyemul/Documents/uptime/airflow_venv/lib/python3.12/site-packages/airflow/example_dags/tutorial_objectstorage.py
[2026-04-08T13:02:03.981+0530] {logging_mixin.py:190} INFO - [2026-04-08T13:02:03.980+0530] {dag.py:3239} INFO - Sync 1 DAGs
[2026-04-08T13:02:03.985+0530] {logging_mixin.py:190} INFO - [2026-04-08T13:02:03.985+0530] {dag.py:4180} INFO - Setting next_dagrun for tutorial_objectstorage to None, run_after=None
[2026-04-08T13:02:03.993+0530] {processor.py:208} INFO - Processing /Users/navalyemul/Documents/uptime/airflow_venv/lib/python3.12/site-packages/airflow/example_dags/tutorial_objectstorage.py took 0.075 seconds
[2026-04-08T13:03:24.871+0530] {processor.py:186} INFO - Started process (PID=27796) to work on /Users/navalyemul/Documents/uptime/airflow_venv/lib/python3.12/site-packages/airflow/example_dags/tutorial_objectstorage.py
[2026-04-08T13:03:24.872+0530] {processor.py:914} INFO - Processing file /Users/navalyemul/Documents/uptime/airflow_venv/lib/python3.12/site-packages/airflow/example_dags/tutorial_objectstorage.py for tasks to queue
[2026-04-08T13:03:24.872+0530] {logging_mixin.py:190} INFO - [2026-04-08T13:03:24.872+0530] {dagbag.py:588} INFO - Filling up the DagBag from /Users/navalyemul/Documents/uptime/airflow_venv/lib/python3.12/site-packages/airflow/example_dags/tutorial_objectstorage.py
[2026-04-08T13:03:24.893+0530] {processor.py:925} INFO - DAG(s) 'tutorial_objectstorage' retrieved from /Users/navalyemul/Documents/uptime/airflow_venv/lib/python3.12/site-packages/airflow/example_dags/tutorial_objectstorage.py
[2026-04-08T13:03:24.931+0530] {logging_mixin.py:190} INFO - [2026-04-08T13:03:24.931+0530] {dag.py:3239} INFO - Sync 1 DAGs
[2026-04-08T13:03:24.936+0530] {logging_mixin.py:190} INFO - [2026-04-08T13:03:24.935+0530] {dag.py:4180} INFO - Setting next_dagrun for tutorial_objectstorage to None, run_after=None
[2026-04-08T13:03:24.943+0530] {processor.py:208} INFO - Processing /Users/navalyemul/Documents/uptime/airflow_venv/lib/python3.12/site-packages/airflow/example_dags/tutorial_objectstorage.py took 0.075 seconds
[2026-04-08T13:04:51.908+0530] {processor.py:186} INFO - Started process (PID=28823) to work on /Users/navalyemul/Documents/uptime/airflow_venv/lib/python3.12/site-packages/airflow/example_dags/tutorial_objectstorage.py
[2026-04-08T13:04:51.908+0530] {processor.py:914} INFO - Processing file /Users/navalyemul/Documents/uptime/airflow_venv/lib/python3.12/site-packages/airflow/example_dags/tutorial_objectstorage.py for tasks to queue
[2026-04-08T13:04:51.909+0530] {logging_mixin.py:190} INFO - [2026-04-08T13:04:51.909+0530] {dagbag.py:588} INFO - Filling up the DagBag from /Users/navalyemul/Documents/uptime/airflow_venv/lib/python3.12/site-packages/airflow/example_dags/tutorial_objectstorage.py
[2026-04-08T13:04:51.931+0530] {processor.py:925} INFO - DAG(s) 'tutorial_objectstorage' retrieved from /Users/navalyemul/Documents/uptime/airflow_venv/lib/python3.12/site-packages/airflow/example_dags/tutorial_objectstorage.py
[2026-04-08T13:04:51.975+0530] {logging_mixin.py:190} INFO - [2026-04-08T13:04:51.975+0530] {dag.py:3239} INFO - Sync 1 DAGs
[2026-04-08T13:04:51.981+0530] {logging_mixin.py:190} INFO - [2026-04-08T13:04:51.981+0530] {dag.py:4180} INFO - Setting next_dagrun for tutorial_objectstorage to None, run_after=None
[2026-04-08T13:04:51.991+0530] {processor.py:208} INFO - Processing /Users/navalyemul/Documents/uptime/airflow_venv/lib/python3.12/site-packages/airflow/example_dags/tutorial_objectstorage.py took 0.085 seconds
[2026-04-08T13:06:16.037+0530] {processor.py:186} INFO - Started process (PID=29742) to work on /Users/navalyemul/Documents/uptime/airflow_venv/lib/python3.12/site-packages/airflow/example_dags/tutorial_objectstorage.py
[2026-04-08T13:06:16.037+0530] {processor.py:914} INFO - Processing file /Users/navalyemul/Documents/uptime/airflow_venv/lib/python3.12/site-packages/airflow/example_dags/tutorial_objectstorage.py for tasks to queue
[2026-04-08T13:06:16.038+0530] {logging_mixin.py:190} INFO - [2026-04-08T13:06:16.038+0530] {dagbag.py:588} INFO - Filling up the DagBag from /Users/navalyemul/Documents/uptime/airflow_venv/lib/python3.12/site-packages/airflow/example_dags/tutorial_objectstorage.py
[2026-04-08T13:06:16.058+0530] {processor.py:925} INFO - DAG(s) 'tutorial_objectstorage' retrieved from /Users/navalyemul/Documents/uptime/airflow_venv/lib/python3.12/site-packages/airflow/example_dags/tutorial_objectstorage.py
[2026-04-08T13:06:16.097+0530] {logging_mixin.py:190} INFO - [2026-04-08T13:06:16.097+0530] {dag.py:3239} INFO - Sync 1 DAGs
[2026-04-08T13:06:16.102+0530] {logging_mixin.py:190} INFO - [2026-04-08T13:06:16.101+0530] {dag.py:4180} INFO - Setting next_dagrun for tutorial_objectstorage to None, run_after=None
[2026-04-08T13:06:16.110+0530] {processor.py:208} INFO - Processing /Users/navalyemul/Documents/uptime/airflow_venv/lib/python3.12/site-packages/airflow/example_dags/tutorial_objectstorage.py took 0.075 seconds
[2026-04-08T13:07:38.469+0530] {processor.py:186} INFO - Started process (PID=30643) to work on /Users/navalyemul/Documents/uptime/airflow_venv/lib/python3.12/site-packages/airflow/example_dags/tutorial_objectstorage.py
[2026-04-08T13:07:38.470+0530] {processor.py:914} INFO - Processing file /Users/navalyemul/Documents/uptime/airflow_venv/lib/python3.12/site-packages/airflow/example_dags/tutorial_objectstorage.py for tasks to queue
[2026-04-08T13:07:38.471+0530] {logging_mixin.py:190} INFO - [2026-04-08T13:07:38.471+0530] {dagbag.py:588} INFO - Filling up the DagBag from /Users/navalyemul/Documents/uptime/airflow_venv/lib/python3.12/site-packages/airflow/example_dags/tutorial_objectstorage.py
[2026-04-08T13:07:38.493+0530] {processor.py:925} INFO - DAG(s) 'tutorial_objectstorage' retrieved from /Users/navalyemul/Documents/uptime/airflow_venv/lib/python3.12/site-packages/airflow/example_dags/tutorial_objectstorage.py
[2026-04-08T13:07:38.532+0530] {logging_mixin.py:190} INFO - [2026-04-08T13:07:38.531+0530] {dag.py:3239} INFO - Sync 1 DAGs
[2026-04-08T13:07:38.537+0530] {logging_mixin.py:190} INFO - [2026-04-08T13:07:38.537+0530] {dag.py:4180} INFO - Setting next_dagrun for tutorial_objectstorage to None, run_after=None
[2026-04-08T13:07:38.545+0530] {processor.py:208} INFO - Processing /Users/navalyemul/Documents/uptime/airflow_venv/lib/python3.12/site-packages/airflow/example_dags/tutorial_objectstorage.py took 0.078 seconds
[2026-04-08T13:09:00.957+0530] {processor.py:186} INFO - Started process (PID=31530) to work on /Users/navalyemul/Documents/uptime/airflow_venv/lib/python3.12/site-packages/airflow/example_dags/tutorial_objectstorage.py
[2026-04-08T13:09:00.958+0530] {processor.py:914} INFO - Processing file /Users/navalyemul/Documents/uptime/airflow_venv/lib/python3.12/site-packages/airflow/example_dags/tutorial_objectstorage.py for tasks to queue
[2026-04-08T13:09:00.958+0530] {logging_mixin.py:190} INFO - [2026-04-08T13:09:00.958+0530] {dagbag.py:588} INFO - Filling up the DagBag from /Users/navalyemul/Documents/uptime/airflow_venv/lib/python3.12/site-packages/airflow/example_dags/tutorial_objectstorage.py
[2026-04-08T13:09:00.979+0530] {processor.py:925} INFO - DAG(s) 'tutorial_objectstorage' retrieved from /Users/navalyemul/Documents/uptime/airflow_venv/lib/python3.12/site-packages/airflow/example_dags/tutorial_objectstorage.py
[2026-04-08T13:09:01.019+0530] {logging_mixin.py:190} INFO - [2026-04-08T13:09:01.019+0530] {dag.py:3239} INFO - Sync 1 DAGs
[2026-04-08T13:09:01.025+0530] {logging_mixin.py:190} INFO - [2026-04-08T13:09:01.025+0530] {dag.py:4180} INFO - Setting next_dagrun for tutorial_objectstorage to None, run_after=None
[2026-04-08T13:09:01.033+0530] {processor.py:208} INFO - Processing /Users/navalyemul/Documents/uptime/airflow_venv/lib/python3.12/site-packages/airflow/example_dags/tutorial_objectstorage.py took 0.078 seconds
[2026-04-08T13:10:23.060+0530] {processor.py:186} INFO - Started process (PID=32467) to work on /Users/navalyemul/Documents/uptime/airflow_venv/lib/python3.12/site-packages/airflow/example_dags/tutorial_objectstorage.py
[2026-04-08T13:10:23.061+0530] {processor.py:914} INFO - Processing file /Users/navalyemul/Documents/uptime/airflow_venv/lib/python3.12/site-packages/airflow/example_dags/tutorial_objectstorage.py for tasks to queue
[2026-04-08T13:10:23.061+0530] {logging_mixin.py:190} INFO - [2026-04-08T13:10:23.061+0530] {dagbag.py:588} INFO - Filling up the DagBag from /Users/navalyemul/Documents/uptime/airflow_venv/lib/python3.12/site-packages/airflow/example_dags/tutorial_objectstorage.py
[2026-04-08T13:10:23.082+0530] {processor.py:925} INFO - DAG(s) 'tutorial_objectstorage' retrieved from /Users/navalyemul/Documents/uptime/airflow_venv/lib/python3.12/site-packages/airflow/example_dags/tutorial_objectstorage.py
[2026-04-08T13:10:23.123+0530] {logging_mixin.py:190} INFO - [2026-04-08T13:10:23.123+0530] {dag.py:3239} INFO - Sync 1 DAGs
[2026-04-08T13:10:23.129+0530] {logging_mixin.py:190} INFO - [2026-04-08T13:10:23.129+0530] {dag.py:4180} INFO - Setting next_dagrun for tutorial_objectstorage to None, run_after=None
[2026-04-08T13:10:23.138+0530] {processor.py:208} INFO - Processing /Users/navalyemul/Documents/uptime/airflow_venv/lib/python3.12/site-packages/airflow/example_dags/tutorial_objectstorage.py took 0.079 seconds
[2026-04-08T13:11:47.154+0530] {processor.py:186} INFO - Started process (PID=33411) to work on /Users/navalyemul/Documents/uptime/airflow_venv/lib/python3.12/site-packages/airflow/example_dags/tutorial_objectstorage.py
[2026-04-08T13:11:47.155+0530] {processor.py:914} INFO - Processing file /Users/navalyemul/Documents/uptime/airflow_venv/lib/python3.12/site-packages/airflow/example_dags/tutorial_objectstorage.py for tasks to queue
[2026-04-08T13:11:47.156+0530] {logging_mixin.py:190} INFO - [2026-04-08T13:11:47.156+0530] {dagbag.py:588} INFO - Filling up the DagBag from /Users/navalyemul/Documents/uptime/airflow_venv/lib/python3.12/site-packages/airflow/example_dags/tutorial_objectstorage.py
[2026-04-08T13:11:47.179+0530] {processor.py:925} INFO - DAG(s) 'tutorial_objectstorage' retrieved from /Users/navalyemul/Documents/uptime/airflow_venv/lib/python3.12/site-packages/airflow/example_dags/tutorial_objectstorage.py
[2026-04-08T13:11:47.224+0530] {logging_mixin.py:190} INFO - [2026-04-08T13:11:47.224+0530] {dag.py:3239} INFO - Sync 1 DAGs
[2026-04-08T13:11:47.229+0530] {logging_mixin.py:190} INFO - [2026-04-08T13:11:47.229+0530] {dag.py:4180} INFO - Setting next_dagrun for tutorial_objectstorage to None, run_after=None
[2026-04-08T13:11:47.241+0530] {processor.py:208} INFO - Processing /Users/navalyemul/Documents/uptime/airflow_venv/lib/python3.12/site-packages/airflow/example_dags/tutorial_objectstorage.py took 0.088 seconds
[2026-04-08T13:13:10.499+0530] {processor.py:186} INFO - Started process (PID=34333) to work on /Users/navalyemul/Documents/uptime/airflow_venv/lib/python3.12/site-packages/airflow/example_dags/tutorial_objectstorage.py
[2026-04-08T13:13:10.500+0530] {processor.py:914} INFO - Processing file /Users/navalyemul/Documents/uptime/airflow_venv/lib/python3.12/site-packages/airflow/example_dags/tutorial_objectstorage.py for tasks to queue
[2026-04-08T13:13:10.501+0530] {logging_mixin.py:190} INFO - [2026-04-08T13:13:10.501+0530] {dagbag.py:588} INFO - Filling up the DagBag from /Users/navalyemul/Documents/uptime/airflow_venv/lib/python3.12/site-packages/airflow/example_dags/tutorial_objectstorage.py
[2026-04-08T13:13:10.522+0530] {processor.py:925} INFO - DAG(s) 'tutorial_objectstorage' retrieved from /Users/navalyemul/Documents/uptime/airflow_venv/lib/python3.12/site-packages/airflow/example_dags/tutorial_objectstorage.py
[2026-04-08T13:13:10.564+0530] {logging_mixin.py:190} INFO - [2026-04-08T13:13:10.564+0530] {dag.py:3239} INFO - Sync 1 DAGs
[2026-04-08T13:13:10.569+0530] {logging_mixin.py:190} INFO - [2026-04-08T13:13:10.569+0530] {dag.py:4180} INFO - Setting next_dagrun for tutorial_objectstorage to None, run_after=None
[2026-04-08T13:13:10.579+0530] {processor.py:208} INFO - Processing /Users/navalyemul/Documents/uptime/airflow_venv/lib/python3.12/site-packages/airflow/example_dags/tutorial_objectstorage.py took 0.081 seconds
[2026-04-08T13:14:32.637+0530] {processor.py:186} INFO - Started process (PID=35257) to work on /Users/navalyemul/Documents/uptime/airflow_venv/lib/python3.12/site-packages/airflow/example_dags/tutorial_objectstorage.py
[2026-04-08T13:14:32.638+0530] {processor.py:914} INFO - Processing file /Users/navalyemul/Documents/uptime/airflow_venv/lib/python3.12/site-packages/airflow/example_dags/tutorial_objectstorage.py for tasks to queue
[2026-04-08T13:14:32.638+0530] {logging_mixin.py:190} INFO - [2026-04-08T13:14:32.638+0530] {dagbag.py:588} INFO - Filling up the DagBag from /Users/navalyemul/Documents/uptime/airflow_venv/lib/python3.12/site-packages/airflow/example_dags/tutorial_objectstorage.py
[2026-04-08T13:14:32.659+0530] {processor.py:925} INFO - DAG(s) 'tutorial_objectstorage' retrieved from /Users/navalyemul/Documents/uptime/airflow_venv/lib/python3.12/site-packages/airflow/example_dags/tutorial_objectstorage.py
[2026-04-08T13:14:32.698+0530] {logging_mixin.py:190} INFO - [2026-04-08T13:14:32.698+0530] {dag.py:3239} INFO - Sync 1 DAGs
[2026-04-08T13:14:32.703+0530] {logging_mixin.py:190} INFO - [2026-04-08T13:14:32.703+0530] {dag.py:4180} INFO - Setting next_dagrun for tutorial_objectstorage to None, run_after=None
[2026-04-08T13:14:32.711+0530] {processor.py:208} INFO - Processing /Users/navalyemul/Documents/uptime/airflow_venv/lib/python3.12/site-packages/airflow/example_dags/tutorial_objectstorage.py took 0.076 seconds
[2026-04-08T13:15:57.118+0530] {processor.py:186} INFO - Started process (PID=36220) to work on /Users/navalyemul/Documents/uptime/airflow_venv/lib/python3.12/site-packages/airflow/example_dags/tutorial_objectstorage.py
[2026-04-08T13:15:57.119+0530] {processor.py:914} INFO - Processing file /Users/navalyemul/Documents/uptime/airflow_venv/lib/python3.12/site-packages/airflow/example_dags/tutorial_objectstorage.py for tasks to queue
[2026-04-08T13:15:57.119+0530] {logging_mixin.py:190} INFO - [2026-04-08T13:15:57.119+0530] {dagbag.py:588} INFO - Filling up the DagBag from /Users/navalyemul/Documents/uptime/airflow_venv/lib/python3.12/site-packages/airflow/example_dags/tutorial_objectstorage.py
[2026-04-08T13:15:57.139+0530] {processor.py:925} INFO - DAG(s) 'tutorial_objectstorage' retrieved from /Users/navalyemul/Documents/uptime/airflow_venv/lib/python3.12/site-packages/airflow/example_dags/tutorial_objectstorage.py
[2026-04-08T13:15:57.178+0530] {logging_mixin.py:190} INFO - [2026-04-08T13:15:57.178+0530] {dag.py:3239} INFO - Sync 1 DAGs
[2026-04-08T13:15:57.182+0530] {logging_mixin.py:190} INFO - [2026-04-08T13:15:57.182+0530] {dag.py:4180} INFO - Setting next_dagrun for tutorial_objectstorage to None, run_after=None
[2026-04-08T13:15:57.191+0530] {processor.py:208} INFO - Processing /Users/navalyemul/Documents/uptime/airflow_venv/lib/python3.12/site-packages/airflow/example_dags/tutorial_objectstorage.py took 0.075 seconds
[2026-04-08T13:17:20.874+0530] {processor.py:186} INFO - Started process (PID=37158) to work on /Users/navalyemul/Documents/uptime/airflow_venv/lib/python3.12/site-packages/airflow/example_dags/tutorial_objectstorage.py
[2026-04-08T13:17:20.874+0530] {processor.py:914} INFO - Processing file /Users/navalyemul/Documents/uptime/airflow_venv/lib/python3.12/site-packages/airflow/example_dags/tutorial_objectstorage.py for tasks to queue
[2026-04-08T13:17:20.875+0530] {logging_mixin.py:190} INFO - [2026-04-08T13:17:20.875+0530] {dagbag.py:588} INFO - Filling up the DagBag from /Users/navalyemul/Documents/uptime/airflow_venv/lib/python3.12/site-packages/airflow/example_dags/tutorial_objectstorage.py
[2026-04-08T13:17:20.896+0530] {processor.py:925} INFO - DAG(s) 'tutorial_objectstorage' retrieved from /Users/navalyemul/Documents/uptime/airflow_venv/lib/python3.12/site-packages/airflow/example_dags/tutorial_objectstorage.py
[2026-04-08T13:17:20.935+0530] {logging_mixin.py:190} INFO - [2026-04-08T13:17:20.935+0530] {dag.py:3239} INFO - Sync 1 DAGs
[2026-04-08T13:17:20.940+0530] {logging_mixin.py:190} INFO - [2026-04-08T13:17:20.940+0530] {dag.py:4180} INFO - Setting next_dagrun for tutorial_objectstorage to None, run_after=None
[2026-04-08T13:17:20.956+0530] {processor.py:208} INFO - Processing /Users/navalyemul/Documents/uptime/airflow_venv/lib/python3.12/site-packages/airflow/example_dags/tutorial_objectstorage.py took 0.084 seconds
[2026-04-08T13:18:45.958+0530] {processor.py:186} INFO - Started process (PID=38105) to work on /Users/navalyemul/Documents/uptime/airflow_venv/lib/python3.12/site-packages/airflow/example_dags/tutorial_objectstorage.py
[2026-04-08T13:18:45.960+0530] {processor.py:914} INFO - Processing file /Users/navalyemul/Documents/uptime/airflow_venv/lib/python3.12/site-packages/airflow/example_dags/tutorial_objectstorage.py for tasks to queue
[2026-04-08T13:18:45.960+0530] {logging_mixin.py:190} INFO - [2026-04-08T13:18:45.960+0530] {dagbag.py:588} INFO - Filling up the DagBag from /Users/navalyemul/Documents/uptime/airflow_venv/lib/python3.12/site-packages/airflow/example_dags/tutorial_objectstorage.py
[2026-04-08T13:18:45.990+0530] {processor.py:925} INFO - DAG(s) 'tutorial_objectstorage' retrieved from /Users/navalyemul/Documents/uptime/airflow_venv/lib/python3.12/site-packages/airflow/example_dags/tutorial_objectstorage.py
[2026-04-08T13:18:46.037+0530] {logging_mixin.py:190} INFO - [2026-04-08T13:18:46.037+0530] {dag.py:3239} INFO - Sync 1 DAGs
[2026-04-08T13:18:46.043+0530] {logging_mixin.py:190} INFO - [2026-04-08T13:18:46.043+0530] {dag.py:4180} INFO - Setting next_dagrun for tutorial_objectstorage to None, run_after=None
[2026-04-08T13:18:46.052+0530] {processor.py:208} INFO - Processing /Users/navalyemul/Documents/uptime/airflow_venv/lib/python3.12/site-packages/airflow/example_dags/tutorial_objectstorage.py took 0.096 seconds
[2026-04-08T13:20:55.106+0530] {processor.py:186} INFO - Started process (PID=39045) to work on /Users/navalyemul/Documents/uptime/airflow_venv/lib/python3.12/site-packages/airflow/example_dags/tutorial_objectstorage.py
[2026-04-08T13:20:55.107+0530] {processor.py:914} INFO - Processing file /Users/navalyemul/Documents/uptime/airflow_venv/lib/python3.12/site-packages/airflow/example_dags/tutorial_objectstorage.py for tasks to queue
[2026-04-08T13:20:55.108+0530] {logging_mixin.py:190} INFO - [2026-04-08T13:20:55.108+0530] {dagbag.py:588} INFO - Filling up the DagBag from /Users/navalyemul/Documents/uptime/airflow_venv/lib/python3.12/site-packages/airflow/example_dags/tutorial_objectstorage.py
[2026-04-08T13:20:55.128+0530] {processor.py:925} INFO - DAG(s) 'tutorial_objectstorage' retrieved from /Users/navalyemul/Documents/uptime/airflow_venv/lib/python3.12/site-packages/airflow/example_dags/tutorial_objectstorage.py
[2026-04-08T13:20:55.166+0530] {logging_mixin.py:190} INFO - [2026-04-08T13:20:55.166+0530] {dag.py:3239} INFO - Sync 1 DAGs
[2026-04-08T13:20:55.171+0530] {logging_mixin.py:190} INFO - [2026-04-08T13:20:55.171+0530] {dag.py:4180} INFO - Setting next_dagrun for tutorial_objectstorage to None, run_after=None
[2026-04-08T13:20:55.181+0530] {processor.py:208} INFO - Processing /Users/navalyemul/Documents/uptime/airflow_venv/lib/python3.12/site-packages/airflow/example_dags/tutorial_objectstorage.py took 0.076 seconds
[2026-04-08T13:30:50.425+0530] {processor.py:186} INFO - Started process (PID=40049) to work on /Users/navalyemul/Documents/uptime/airflow_venv/lib/python3.12/site-packages/airflow/example_dags/tutorial_objectstorage.py
[2026-04-08T13:30:50.427+0530] {processor.py:914} INFO - Processing file /Users/navalyemul/Documents/uptime/airflow_venv/lib/python3.12/site-packages/airflow/example_dags/tutorial_objectstorage.py for tasks to queue
[2026-04-08T13:30:50.429+0530] {logging_mixin.py:190} INFO - [2026-04-08T13:30:50.429+0530] {dagbag.py:588} INFO - Filling up the DagBag from /Users/navalyemul/Documents/uptime/airflow_venv/lib/python3.12/site-packages/airflow/example_dags/tutorial_objectstorage.py
[2026-04-08T13:30:50.501+0530] {processor.py:925} INFO - DAG(s) 'tutorial_objectstorage' retrieved from /Users/navalyemul/Documents/uptime/airflow_venv/lib/python3.12/site-packages/airflow/example_dags/tutorial_objectstorage.py
[2026-04-08T13:30:50.658+0530] {logging_mixin.py:190} INFO - [2026-04-08T13:30:50.657+0530] {dag.py:3239} INFO - Sync 1 DAGs
[2026-04-08T13:30:50.675+0530] {logging_mixin.py:190} INFO - [2026-04-08T13:30:50.675+0530] {dag.py:4180} INFO - Setting next_dagrun for tutorial_objectstorage to None, run_after=None
[2026-04-08T13:30:50.706+0530] {processor.py:208} INFO - Processing /Users/navalyemul/Documents/uptime/airflow_venv/lib/python3.12/site-packages/airflow/example_dags/tutorial_objectstorage.py took 0.288 seconds
[2026-04-08T13:35:02.052+0530] {processor.py:186} INFO - Started process (PID=41186) to work on /Users/navalyemul/Documents/uptime/airflow_venv/lib/python3.12/site-packages/airflow/example_dags/tutorial_objectstorage.py
[2026-04-08T13:35:02.053+0530] {processor.py:914} INFO - Processing file /Users/navalyemul/Documents/uptime/airflow_venv/lib/python3.12/site-packages/airflow/example_dags/tutorial_objectstorage.py for tasks to queue
[2026-04-08T13:35:02.053+0530] {logging_mixin.py:190} INFO - [2026-04-08T13:35:02.053+0530] {dagbag.py:588} INFO - Filling up the DagBag from /Users/navalyemul/Documents/uptime/airflow_venv/lib/python3.12/site-packages/airflow/example_dags/tutorial_objectstorage.py
[2026-04-08T13:35:02.074+0530] {processor.py:925} INFO - DAG(s) 'tutorial_objectstorage' retrieved from /Users/navalyemul/Documents/uptime/airflow_venv/lib/python3.12/site-packages/airflow/example_dags/tutorial_objectstorage.py
[2026-04-08T13:35:02.114+0530] {logging_mixin.py:190} INFO - [2026-04-08T13:35:02.114+0530] {dag.py:3239} INFO - Sync 1 DAGs
[2026-04-08T13:35:02.119+0530] {logging_mixin.py:190} INFO - [2026-04-08T13:35:02.119+0530] {dag.py:4180} INFO - Setting next_dagrun for tutorial_objectstorage to None, run_after=None
[2026-04-08T13:35:02.129+0530] {processor.py:208} INFO - Processing /Users/navalyemul/Documents/uptime/airflow_venv/lib/python3.12/site-packages/airflow/example_dags/tutorial_objectstorage.py took 0.078 seconds
[2026-04-08T13:41:29.458+0530] {processor.py:186} INFO - Started process (PID=42122) to work on /Users/navalyemul/Documents/uptime/airflow_venv/lib/python3.12/site-packages/airflow/example_dags/tutorial_objectstorage.py
[2026-04-08T13:41:29.460+0530] {processor.py:914} INFO - Processing file /Users/navalyemul/Documents/uptime/airflow_venv/lib/python3.12/site-packages/airflow/example_dags/tutorial_objectstorage.py for tasks to queue
[2026-04-08T13:41:29.460+0530] {logging_mixin.py:190} INFO - [2026-04-08T13:41:29.460+0530] {dagbag.py:588} INFO - Filling up the DagBag from /Users/navalyemul/Documents/uptime/airflow_venv/lib/python3.12/site-packages/airflow/example_dags/tutorial_objectstorage.py
[2026-04-08T13:41:29.480+0530] {processor.py:925} INFO - DAG(s) 'tutorial_objectstorage' retrieved from /Users/navalyemul/Documents/uptime/airflow_venv/lib/python3.12/site-packages/airflow/example_dags/tutorial_objectstorage.py
[2026-04-08T13:41:29.519+0530] {logging_mixin.py:190} INFO - [2026-04-08T13:41:29.519+0530] {dag.py:3239} INFO - Sync 1 DAGs
[2026-04-08T13:41:29.523+0530] {logging_mixin.py:190} INFO - [2026-04-08T13:41:29.523+0530] {dag.py:4180} INFO - Setting next_dagrun for tutorial_objectstorage to None, run_after=None
[2026-04-08T13:41:29.531+0530] {processor.py:208} INFO - Processing /Users/navalyemul/Documents/uptime/airflow_venv/lib/python3.12/site-packages/airflow/example_dags/tutorial_objectstorage.py took 0.075 seconds
[2026-04-08T13:54:12.496+0530] {processor.py:186} INFO - Started process (PID=43283) to work on /Users/navalyemul/Documents/uptime/airflow_venv/lib/python3.12/site-packages/airflow/example_dags/tutorial_objectstorage.py
[2026-04-08T13:54:12.497+0530] {processor.py:914} INFO - Processing file /Users/navalyemul/Documents/uptime/airflow_venv/lib/python3.12/site-packages/airflow/example_dags/tutorial_objectstorage.py for tasks to queue
[2026-04-08T13:54:12.498+0530] {logging_mixin.py:190} INFO - [2026-04-08T13:54:12.498+0530] {dagbag.py:588} INFO - Filling up the DagBag from /Users/navalyemul/Documents/uptime/airflow_venv/lib/python3.12/site-packages/airflow/example_dags/tutorial_objectstorage.py
[2026-04-08T13:54:12.519+0530] {processor.py:925} INFO - DAG(s) 'tutorial_objectstorage' retrieved from /Users/navalyemul/Documents/uptime/airflow_venv/lib/python3.12/site-packages/airflow/example_dags/tutorial_objectstorage.py
[2026-04-08T13:54:12.559+0530] {logging_mixin.py:190} INFO - [2026-04-08T13:54:12.559+0530] {dag.py:3239} INFO - Sync 1 DAGs
[2026-04-08T13:54:12.564+0530] {logging_mixin.py:190} INFO - [2026-04-08T13:54:12.564+0530] {dag.py:4180} INFO - Setting next_dagrun for tutorial_objectstorage to None, run_after=None
[2026-04-08T13:54:12.572+0530] {processor.py:208} INFO - Processing /Users/navalyemul/Documents/uptime/airflow_venv/lib/python3.12/site-packages/airflow/example_dags/tutorial_objectstorage.py took 0.077 seconds
[2026-04-08T13:56:03.821+0530] {processor.py:186} INFO - Started process (PID=44380) to work on /Users/navalyemul/Documents/uptime/airflow_venv/lib/python3.12/site-packages/airflow/example_dags/tutorial_objectstorage.py
[2026-04-08T13:56:03.823+0530] {processor.py:914} INFO - Processing file /Users/navalyemul/Documents/uptime/airflow_venv/lib/python3.12/site-packages/airflow/example_dags/tutorial_objectstorage.py for tasks to queue
[2026-04-08T13:56:03.825+0530] {logging_mixin.py:190} INFO - [2026-04-08T13:56:03.824+0530] {dagbag.py:588} INFO - Filling up the DagBag from /Users/navalyemul/Documents/uptime/airflow_venv/lib/python3.12/site-packages/airflow/example_dags/tutorial_objectstorage.py
[2026-04-08T13:56:03.867+0530] {processor.py:925} INFO - DAG(s) 'tutorial_objectstorage' retrieved from /Users/navalyemul/Documents/uptime/airflow_venv/lib/python3.12/site-packages/airflow/example_dags/tutorial_objectstorage.py
[2026-04-08T13:56:03.918+0530] {logging_mixin.py:190} INFO - [2026-04-08T13:56:03.918+0530] {dag.py:3239} INFO - Sync 1 DAGs
[2026-04-08T13:56:03.924+0530] {logging_mixin.py:190} INFO - [2026-04-08T13:56:03.924+0530] {dag.py:4180} INFO - Setting next_dagrun for tutorial_objectstorage to None, run_after=None
[2026-04-08T13:56:03.935+0530] {processor.py:208} INFO - Processing /Users/navalyemul/Documents/uptime/airflow_venv/lib/python3.12/site-packages/airflow/example_dags/tutorial_objectstorage.py took 0.116 seconds
[2026-04-08T13:57:45.647+0530] {processor.py:186} INFO - Started process (PID=45417) to work on /Users/navalyemul/Documents/uptime/airflow_venv/lib/python3.12/site-packages/airflow/example_dags/tutorial_objectstorage.py
[2026-04-08T13:57:45.648+0530] {processor.py:914} INFO - Processing file /Users/navalyemul/Documents/uptime/airflow_venv/lib/python3.12/site-packages/airflow/example_dags/tutorial_objectstorage.py for tasks to queue
[2026-04-08T13:57:45.649+0530] {logging_mixin.py:190} INFO - [2026-04-08T13:57:45.649+0530] {dagbag.py:588} INFO - Filling up the DagBag from /Users/navalyemul/Documents/uptime/airflow_venv/lib/python3.12/site-packages/airflow/example_dags/tutorial_objectstorage.py
[2026-04-08T13:57:45.690+0530] {processor.py:925} INFO - DAG(s) 'tutorial_objectstorage' retrieved from /Users/navalyemul/Documents/uptime/airflow_venv/lib/python3.12/site-packages/airflow/example_dags/tutorial_objectstorage.py
[2026-04-08T13:57:45.773+0530] {logging_mixin.py:190} INFO - [2026-04-08T13:57:45.773+0530] {dag.py:3239} INFO - Sync 1 DAGs
[2026-04-08T13:57:45.778+0530] {logging_mixin.py:190} INFO - [2026-04-08T13:57:45.778+0530] {dag.py:4180} INFO - Setting next_dagrun for tutorial_objectstorage to None, run_after=None
[2026-04-08T13:57:45.795+0530] {processor.py:208} INFO - Processing /Users/navalyemul/Documents/uptime/airflow_venv/lib/python3.12/site-packages/airflow/example_dags/tutorial_objectstorage.py took 0.152 seconds
