[2026-04-08T12:38:53.412+0530] {processor.py:186} INFO - Started process (PID=13145) to work on /Users/navalyemul/Documents/uptime/airflow_venv/lib/python3.12/site-packages/airflow/example_dags/tutorial_dag.py
[2026-04-08T12:38:53.415+0530] {processor.py:914} INFO - Processing file /Users/navalyemul/Documents/uptime/airflow_venv/lib/python3.12/site-packages/airflow/example_dags/tutorial_dag.py for tasks to queue
[2026-04-08T12:38:53.416+0530] {logging_mixin.py:190} INFO - [2026-04-08T12:38:53.416+0530] {dagbag.py:588} INFO - Filling up the DagBag from /Users/navalyemul/Documents/uptime/airflow_venv/lib/python3.12/site-packages/airflow/example_dags/tutorial_dag.py
[2026-04-08T12:38:53.461+0530] {processor.py:925} INFO - DAG(s) 'tutorial_dag' retrieved from /Users/navalyemul/Documents/uptime/airflow_venv/lib/python3.12/site-packages/airflow/example_dags/tutorial_dag.py
[2026-04-08T12:38:53.800+0530] {logging_mixin.py:190} INFO - [2026-04-08T12:38:53.798+0530] {override.py:1912} INFO - Created Permission View: can read on DAG:tutorial_dag
[2026-04-08T12:38:53.812+0530] {logging_mixin.py:190} INFO - [2026-04-08T12:38:53.812+0530] {override.py:1912} INFO - Created Permission View: can delete on DAG:tutorial_dag
[2026-04-08T12:38:53.822+0530] {logging_mixin.py:190} INFO - [2026-04-08T12:38:53.822+0530] {override.py:1912} INFO - Created Permission View: can edit on DAG:tutorial_dag
[2026-04-08T12:38:53.833+0530] {logging_mixin.py:190} INFO - [2026-04-08T12:38:53.833+0530] {override.py:1912} INFO - Created Permission View: can read on DAG Run:tutorial_dag
[2026-04-08T12:38:53.845+0530] {logging_mixin.py:190} INFO - [2026-04-08T12:38:53.844+0530] {override.py:1912} INFO - Created Permission View: can delete on DAG Run:tutorial_dag
[2026-04-08T12:38:53.856+0530] {logging_mixin.py:190} INFO - [2026-04-08T12:38:53.856+0530] {override.py:1912} INFO - Created Permission View: menu access on DAG Run:tutorial_dag
[2026-04-08T12:38:53.865+0530] {logging_mixin.py:190} INFO - [2026-04-08T12:38:53.865+0530] {override.py:1912} INFO - Created Permission View: can create on DAG Run:tutorial_dag
[2026-04-08T12:38:53.865+0530] {logging_mixin.py:190} INFO - [2026-04-08T12:38:53.865+0530] {dag.py:3239} INFO - Sync 1 DAGs
[2026-04-08T12:38:53.884+0530] {logging_mixin.py:190} INFO - [2026-04-08T12:38:53.883+0530] {dag.py:3262} INFO - Creating ORM DAG for tutorial_dag
[2026-04-08T12:38:53.885+0530] {logging_mixin.py:190} INFO - [2026-04-08T12:38:53.884+0530] {dag.py:4180} INFO - Setting next_dagrun for tutorial_dag to None, run_after=None
[2026-04-08T12:38:53.910+0530] {processor.py:208} INFO - Processing /Users/navalyemul/Documents/uptime/airflow_venv/lib/python3.12/site-packages/airflow/example_dags/tutorial_dag.py took 0.504 seconds
[2026-04-08T12:40:59.196+0530] {processor.py:186} INFO - Started process (PID=13957) to work on /Users/navalyemul/Documents/uptime/airflow_venv/lib/python3.12/site-packages/airflow/example_dags/tutorial_dag.py
[2026-04-08T12:40:59.198+0530] {processor.py:914} INFO - Processing file /Users/navalyemul/Documents/uptime/airflow_venv/lib/python3.12/site-packages/airflow/example_dags/tutorial_dag.py for tasks to queue
[2026-04-08T12:40:59.199+0530] {logging_mixin.py:190} INFO - [2026-04-08T12:40:59.199+0530] {dagbag.py:588} INFO - Filling up the DagBag from /Users/navalyemul/Documents/uptime/airflow_venv/lib/python3.12/site-packages/airflow/example_dags/tutorial_dag.py
[2026-04-08T12:40:59.223+0530] {processor.py:925} INFO - DAG(s) 'tutorial_dag' retrieved from /Users/navalyemul/Documents/uptime/airflow_venv/lib/python3.12/site-packages/airflow/example_dags/tutorial_dag.py
[2026-04-08T12:40:59.278+0530] {logging_mixin.py:190} INFO - [2026-04-08T12:40:59.278+0530] {dag.py:3239} INFO - Sync 1 DAGs
[2026-04-08T12:40:59.285+0530] {logging_mixin.py:190} INFO - [2026-04-08T12:40:59.285+0530] {dag.py:4180} INFO - Setting next_dagrun for tutorial_dag to None, run_after=None
[2026-04-08T12:40:59.296+0530] {processor.py:208} INFO - Processing /Users/navalyemul/Documents/uptime/airflow_venv/lib/python3.12/site-packages/airflow/example_dags/tutorial_dag.py took 0.104 seconds
[2026-04-08T12:43:50.457+0530] {processor.py:186} INFO - Started process (PID=15566) to work on /Users/navalyemul/Documents/uptime/airflow_venv/lib/python3.12/site-packages/airflow/example_dags/tutorial_dag.py
[2026-04-08T12:43:50.458+0530] {processor.py:914} INFO - Processing file /Users/navalyemul/Documents/uptime/airflow_venv/lib/python3.12/site-packages/airflow/example_dags/tutorial_dag.py for tasks to queue
[2026-04-08T12:43:50.459+0530] {logging_mixin.py:190} INFO - [2026-04-08T12:43:50.459+0530] {dagbag.py:588} INFO - Filling up the DagBag from /Users/navalyemul/Documents/uptime/airflow_venv/lib/python3.12/site-packages/airflow/example_dags/tutorial_dag.py
[2026-04-08T12:43:50.476+0530] {processor.py:925} INFO - DAG(s) 'tutorial_dag' retrieved from /Users/navalyemul/Documents/uptime/airflow_venv/lib/python3.12/site-packages/airflow/example_dags/tutorial_dag.py
[2026-04-08T12:43:50.521+0530] {logging_mixin.py:190} INFO - [2026-04-08T12:43:50.520+0530] {dag.py:3239} INFO - Sync 1 DAGs
[2026-04-08T12:43:50.527+0530] {logging_mixin.py:190} INFO - [2026-04-08T12:43:50.526+0530] {dag.py:4180} INFO - Setting next_dagrun for tutorial_dag to None, run_after=None
[2026-04-08T12:43:50.535+0530] {processor.py:208} INFO - Processing /Users/navalyemul/Documents/uptime/airflow_venv/lib/python3.12/site-packages/airflow/example_dags/tutorial_dag.py took 0.080 seconds
[2026-04-08T12:46:29.597+0530] {processor.py:186} INFO - Started process (PID=17146) to work on /Users/navalyemul/Documents/uptime/airflow_venv/lib/python3.12/site-packages/airflow/example_dags/tutorial_dag.py
[2026-04-08T12:46:29.598+0530] {processor.py:914} INFO - Processing file /Users/navalyemul/Documents/uptime/airflow_venv/lib/python3.12/site-packages/airflow/example_dags/tutorial_dag.py for tasks to queue
[2026-04-08T12:46:29.598+0530] {logging_mixin.py:190} INFO - [2026-04-08T12:46:29.598+0530] {dagbag.py:588} INFO - Filling up the DagBag from /Users/navalyemul/Documents/uptime/airflow_venv/lib/python3.12/site-packages/airflow/example_dags/tutorial_dag.py
[2026-04-08T12:46:29.617+0530] {processor.py:925} INFO - DAG(s) 'tutorial_dag' retrieved from /Users/navalyemul/Documents/uptime/airflow_venv/lib/python3.12/site-packages/airflow/example_dags/tutorial_dag.py
[2026-04-08T12:46:29.662+0530] {logging_mixin.py:190} INFO - [2026-04-08T12:46:29.661+0530] {dag.py:3239} INFO - Sync 1 DAGs
[2026-04-08T12:46:29.666+0530] {logging_mixin.py:190} INFO - [2026-04-08T12:46:29.666+0530] {dag.py:4180} INFO - Setting next_dagrun for tutorial_dag to None, run_after=None
[2026-04-08T12:46:29.676+0530] {processor.py:208} INFO - Processing /Users/navalyemul/Documents/uptime/airflow_venv/lib/python3.12/site-packages/airflow/example_dags/tutorial_dag.py took 0.081 seconds
[2026-04-08T12:48:27.088+0530] {processor.py:186} INFO - Started process (PID=18473) to work on /Users/navalyemul/Documents/uptime/airflow_venv/lib/python3.12/site-packages/airflow/example_dags/tutorial_dag.py
[2026-04-08T12:48:27.089+0530] {processor.py:914} INFO - Processing file /Users/navalyemul/Documents/uptime/airflow_venv/lib/python3.12/site-packages/airflow/example_dags/tutorial_dag.py for tasks to queue
[2026-04-08T12:48:27.089+0530] {logging_mixin.py:190} INFO - [2026-04-08T12:48:27.089+0530] {dagbag.py:588} INFO - Filling up the DagBag from /Users/navalyemul/Documents/uptime/airflow_venv/lib/python3.12/site-packages/airflow/example_dags/tutorial_dag.py
[2026-04-08T12:48:27.110+0530] {processor.py:925} INFO - DAG(s) 'tutorial_dag' retrieved from /Users/navalyemul/Documents/uptime/airflow_venv/lib/python3.12/site-packages/airflow/example_dags/tutorial_dag.py
[2026-04-08T12:48:27.151+0530] {logging_mixin.py:190} INFO - [2026-04-08T12:48:27.151+0530] {dag.py:3239} INFO - Sync 1 DAGs
[2026-04-08T12:48:27.155+0530] {logging_mixin.py:190} INFO - [2026-04-08T12:48:27.155+0530] {dag.py:4180} INFO - Setting next_dagrun for tutorial_dag to None, run_after=None
[2026-04-08T12:48:27.163+0530] {processor.py:208} INFO - Processing /Users/navalyemul/Documents/uptime/airflow_venv/lib/python3.12/site-packages/airflow/example_dags/tutorial_dag.py took 0.077 seconds
[2026-04-08T12:49:50.614+0530] {processor.py:186} INFO - Started process (PID=19437) to work on /Users/navalyemul/Documents/uptime/airflow_venv/lib/python3.12/site-packages/airflow/example_dags/tutorial_dag.py
[2026-04-08T12:49:50.616+0530] {processor.py:914} INFO - Processing file /Users/navalyemul/Documents/uptime/airflow_venv/lib/python3.12/site-packages/airflow/example_dags/tutorial_dag.py for tasks to queue
[2026-04-08T12:49:50.616+0530] {logging_mixin.py:190} INFO - [2026-04-08T12:49:50.616+0530] {dagbag.py:588} INFO - Filling up the DagBag from /Users/navalyemul/Documents/uptime/airflow_venv/lib/python3.12/site-packages/airflow/example_dags/tutorial_dag.py
[2026-04-08T12:49:50.636+0530] {processor.py:925} INFO - DAG(s) 'tutorial_dag' retrieved from /Users/navalyemul/Documents/uptime/airflow_venv/lib/python3.12/site-packages/airflow/example_dags/tutorial_dag.py
[2026-04-08T12:49:50.675+0530] {logging_mixin.py:190} INFO - [2026-04-08T12:49:50.675+0530] {dag.py:3239} INFO - Sync 1 DAGs
[2026-04-08T12:49:50.680+0530] {logging_mixin.py:190} INFO - [2026-04-08T12:49:50.680+0530] {dag.py:4180} INFO - Setting next_dagrun for tutorial_dag to None, run_after=None
[2026-04-08T12:49:50.688+0530] {processor.py:208} INFO - Processing /Users/navalyemul/Documents/uptime/airflow_venv/lib/python3.12/site-packages/airflow/example_dags/tutorial_dag.py took 0.075 seconds
[2026-04-08T12:51:22.235+0530] {processor.py:186} INFO - Started process (PID=20405) to work on /Users/navalyemul/Documents/uptime/airflow_venv/lib/python3.12/site-packages/airflow/example_dags/tutorial_dag.py
[2026-04-08T12:51:22.236+0530] {processor.py:914} INFO - Processing file /Users/navalyemul/Documents/uptime/airflow_venv/lib/python3.12/site-packages/airflow/example_dags/tutorial_dag.py for tasks to queue
[2026-04-08T12:51:22.237+0530] {logging_mixin.py:190} INFO - [2026-04-08T12:51:22.237+0530] {dagbag.py:588} INFO - Filling up the DagBag from /Users/navalyemul/Documents/uptime/airflow_venv/lib/python3.12/site-packages/airflow/example_dags/tutorial_dag.py
[2026-04-08T12:51:22.253+0530] {processor.py:925} INFO - DAG(s) 'tutorial_dag' retrieved from /Users/navalyemul/Documents/uptime/airflow_venv/lib/python3.12/site-packages/airflow/example_dags/tutorial_dag.py
[2026-04-08T12:51:22.300+0530] {logging_mixin.py:190} INFO - [2026-04-08T12:51:22.299+0530] {dag.py:3239} INFO - Sync 1 DAGs
[2026-04-08T12:51:22.307+0530] {logging_mixin.py:190} INFO - [2026-04-08T12:51:22.307+0530] {dag.py:4180} INFO - Setting next_dagrun for tutorial_dag to None, run_after=None
[2026-04-08T12:51:22.320+0530] {processor.py:208} INFO - Processing /Users/navalyemul/Documents/uptime/airflow_venv/lib/python3.12/site-packages/airflow/example_dags/tutorial_dag.py took 0.087 seconds
[2026-04-08T12:52:59.188+0530] {processor.py:186} INFO - Started process (PID=21348) to work on /Users/navalyemul/Documents/uptime/airflow_venv/lib/python3.12/site-packages/airflow/example_dags/tutorial_dag.py
[2026-04-08T12:52:59.189+0530] {processor.py:914} INFO - Processing file /Users/navalyemul/Documents/uptime/airflow_venv/lib/python3.12/site-packages/airflow/example_dags/tutorial_dag.py for tasks to queue
[2026-04-08T12:52:59.190+0530] {logging_mixin.py:190} INFO - [2026-04-08T12:52:59.190+0530] {dagbag.py:588} INFO - Filling up the DagBag from /Users/navalyemul/Documents/uptime/airflow_venv/lib/python3.12/site-packages/airflow/example_dags/tutorial_dag.py
[2026-04-08T12:52:59.209+0530] {processor.py:925} INFO - DAG(s) 'tutorial_dag' retrieved from /Users/navalyemul/Documents/uptime/airflow_venv/lib/python3.12/site-packages/airflow/example_dags/tutorial_dag.py
[2026-04-08T12:52:59.251+0530] {logging_mixin.py:190} INFO - [2026-04-08T12:52:59.250+0530] {dag.py:3239} INFO - Sync 1 DAGs
[2026-04-08T12:52:59.255+0530] {logging_mixin.py:190} INFO - [2026-04-08T12:52:59.255+0530] {dag.py:4180} INFO - Setting next_dagrun for tutorial_dag to None, run_after=None
[2026-04-08T12:52:59.264+0530] {processor.py:208} INFO - Processing /Users/navalyemul/Documents/uptime/airflow_venv/lib/python3.12/site-packages/airflow/example_dags/tutorial_dag.py took 0.079 seconds
[2026-04-08T12:54:56.482+0530] {processor.py:186} INFO - Started process (PID=22241) to work on /Users/navalyemul/Documents/uptime/airflow_venv/lib/python3.12/site-packages/airflow/example_dags/tutorial_dag.py
[2026-04-08T12:54:56.483+0530] {processor.py:914} INFO - Processing file /Users/navalyemul/Documents/uptime/airflow_venv/lib/python3.12/site-packages/airflow/example_dags/tutorial_dag.py for tasks to queue
[2026-04-08T12:54:56.483+0530] {logging_mixin.py:190} INFO - [2026-04-08T12:54:56.483+0530] {dagbag.py:588} INFO - Filling up the DagBag from /Users/navalyemul/Documents/uptime/airflow_venv/lib/python3.12/site-packages/airflow/example_dags/tutorial_dag.py
[2026-04-08T12:54:56.502+0530] {processor.py:925} INFO - DAG(s) 'tutorial_dag' retrieved from /Users/navalyemul/Documents/uptime/airflow_venv/lib/python3.12/site-packages/airflow/example_dags/tutorial_dag.py
[2026-04-08T12:54:56.547+0530] {logging_mixin.py:190} INFO - [2026-04-08T12:54:56.547+0530] {dag.py:3239} INFO - Sync 1 DAGs
[2026-04-08T12:54:56.553+0530] {logging_mixin.py:190} INFO - [2026-04-08T12:54:56.553+0530] {dag.py:4180} INFO - Setting next_dagrun for tutorial_dag to None, run_after=None
[2026-04-08T12:54:56.562+0530] {processor.py:208} INFO - Processing /Users/navalyemul/Documents/uptime/airflow_venv/lib/python3.12/site-packages/airflow/example_dags/tutorial_dag.py took 0.082 seconds
[2026-04-08T12:56:32.248+0530] {processor.py:186} INFO - Started process (PID=23196) to work on /Users/navalyemul/Documents/uptime/airflow_venv/lib/python3.12/site-packages/airflow/example_dags/tutorial_dag.py
[2026-04-08T12:56:32.249+0530] {processor.py:914} INFO - Processing file /Users/navalyemul/Documents/uptime/airflow_venv/lib/python3.12/site-packages/airflow/example_dags/tutorial_dag.py for tasks to queue
[2026-04-08T12:56:32.250+0530] {logging_mixin.py:190} INFO - [2026-04-08T12:56:32.250+0530] {dagbag.py:588} INFO - Filling up the DagBag from /Users/navalyemul/Documents/uptime/airflow_venv/lib/python3.12/site-packages/airflow/example_dags/tutorial_dag.py
[2026-04-08T12:56:32.265+0530] {processor.py:925} INFO - DAG(s) 'tutorial_dag' retrieved from /Users/navalyemul/Documents/uptime/airflow_venv/lib/python3.12/site-packages/airflow/example_dags/tutorial_dag.py
[2026-04-08T12:56:32.305+0530] {logging_mixin.py:190} INFO - [2026-04-08T12:56:32.305+0530] {dag.py:3239} INFO - Sync 1 DAGs
[2026-04-08T12:56:32.310+0530] {logging_mixin.py:190} INFO - [2026-04-08T12:56:32.310+0530] {dag.py:4180} INFO - Setting next_dagrun for tutorial_dag to None, run_after=None
[2026-04-08T12:56:32.318+0530] {processor.py:208} INFO - Processing /Users/navalyemul/Documents/uptime/airflow_venv/lib/python3.12/site-packages/airflow/example_dags/tutorial_dag.py took 0.072 seconds
[2026-04-08T12:57:59.236+0530] {processor.py:186} INFO - Started process (PID=24128) to work on /Users/navalyemul/Documents/uptime/airflow_venv/lib/python3.12/site-packages/airflow/example_dags/tutorial_dag.py
[2026-04-08T12:57:59.237+0530] {processor.py:914} INFO - Processing file /Users/navalyemul/Documents/uptime/airflow_venv/lib/python3.12/site-packages/airflow/example_dags/tutorial_dag.py for tasks to queue
[2026-04-08T12:57:59.237+0530] {logging_mixin.py:190} INFO - [2026-04-08T12:57:59.237+0530] {dagbag.py:588} INFO - Filling up the DagBag from /Users/navalyemul/Documents/uptime/airflow_venv/lib/python3.12/site-packages/airflow/example_dags/tutorial_dag.py
[2026-04-08T12:57:59.253+0530] {processor.py:925} INFO - DAG(s) 'tutorial_dag' retrieved from /Users/navalyemul/Documents/uptime/airflow_venv/lib/python3.12/site-packages/airflow/example_dags/tutorial_dag.py
[2026-04-08T12:57:59.293+0530] {logging_mixin.py:190} INFO - [2026-04-08T12:57:59.293+0530] {dag.py:3239} INFO - Sync 1 DAGs
[2026-04-08T12:57:59.298+0530] {logging_mixin.py:190} INFO - [2026-04-08T12:57:59.297+0530] {dag.py:4180} INFO - Setting next_dagrun for tutorial_dag to None, run_after=None
[2026-04-08T12:57:59.306+0530] {processor.py:208} INFO - Processing /Users/navalyemul/Documents/uptime/airflow_venv/lib/python3.12/site-packages/airflow/example_dags/tutorial_dag.py took 0.072 seconds
[2026-04-08T12:59:24.182+0530] {processor.py:186} INFO - Started process (PID=25012) to work on /Users/navalyemul/Documents/uptime/airflow_venv/lib/python3.12/site-packages/airflow/example_dags/tutorial_dag.py
[2026-04-08T12:59:24.183+0530] {processor.py:914} INFO - Processing file /Users/navalyemul/Documents/uptime/airflow_venv/lib/python3.12/site-packages/airflow/example_dags/tutorial_dag.py for tasks to queue
[2026-04-08T12:59:24.183+0530] {logging_mixin.py:190} INFO - [2026-04-08T12:59:24.183+0530] {dagbag.py:588} INFO - Filling up the DagBag from /Users/navalyemul/Documents/uptime/airflow_venv/lib/python3.12/site-packages/airflow/example_dags/tutorial_dag.py
[2026-04-08T12:59:24.198+0530] {processor.py:925} INFO - DAG(s) 'tutorial_dag' retrieved from /Users/navalyemul/Documents/uptime/airflow_venv/lib/python3.12/site-packages/airflow/example_dags/tutorial_dag.py
[2026-04-08T12:59:24.238+0530] {logging_mixin.py:190} INFO - [2026-04-08T12:59:24.237+0530] {dag.py:3239} INFO - Sync 1 DAGs
[2026-04-08T12:59:24.242+0530] {logging_mixin.py:190} INFO - [2026-04-08T12:59:24.242+0530] {dag.py:4180} INFO - Setting next_dagrun for tutorial_dag to None, run_after=None
[2026-04-08T12:59:24.250+0530] {processor.py:208} INFO - Processing /Users/navalyemul/Documents/uptime/airflow_venv/lib/python3.12/site-packages/airflow/example_dags/tutorial_dag.py took 0.070 seconds
[2026-04-08T13:00:46.041+0530] {processor.py:186} INFO - Started process (PID=25961) to work on /Users/navalyemul/Documents/uptime/airflow_venv/lib/python3.12/site-packages/airflow/example_dags/tutorial_dag.py
[2026-04-08T13:00:46.041+0530] {processor.py:914} INFO - Processing file /Users/navalyemul/Documents/uptime/airflow_venv/lib/python3.12/site-packages/airflow/example_dags/tutorial_dag.py for tasks to queue
[2026-04-08T13:00:46.042+0530] {logging_mixin.py:190} INFO - [2026-04-08T13:00:46.042+0530] {dagbag.py:588} INFO - Filling up the DagBag from /Users/navalyemul/Documents/uptime/airflow_venv/lib/python3.12/site-packages/airflow/example_dags/tutorial_dag.py
[2026-04-08T13:00:46.056+0530] {processor.py:925} INFO - DAG(s) 'tutorial_dag' retrieved from /Users/navalyemul/Documents/uptime/airflow_venv/lib/python3.12/site-packages/airflow/example_dags/tutorial_dag.py
[2026-04-08T13:00:46.094+0530] {logging_mixin.py:190} INFO - [2026-04-08T13:00:46.094+0530] {dag.py:3239} INFO - Sync 1 DAGs
[2026-04-08T13:00:46.099+0530] {logging_mixin.py:190} INFO - [2026-04-08T13:00:46.099+0530] {dag.py:4180} INFO - Setting next_dagrun for tutorial_dag to None, run_after=None
[2026-04-08T13:00:46.106+0530] {processor.py:208} INFO - Processing /Users/navalyemul/Documents/uptime/airflow_venv/lib/python3.12/site-packages/airflow/example_dags/tutorial_dag.py took 0.067 seconds
[2026-04-08T13:02:06.024+0530] {processor.py:186} INFO - Started process (PID=26874) to work on /Users/navalyemul/Documents/uptime/airflow_venv/lib/python3.12/site-packages/airflow/example_dags/tutorial_dag.py
[2026-04-08T13:02:06.025+0530] {processor.py:914} INFO - Processing file /Users/navalyemul/Documents/uptime/airflow_venv/lib/python3.12/site-packages/airflow/example_dags/tutorial_dag.py for tasks to queue
[2026-04-08T13:02:06.025+0530] {logging_mixin.py:190} INFO - [2026-04-08T13:02:06.025+0530] {dagbag.py:588} INFO - Filling up the DagBag from /Users/navalyemul/Documents/uptime/airflow_venv/lib/python3.12/site-packages/airflow/example_dags/tutorial_dag.py
[2026-04-08T13:02:06.044+0530] {processor.py:925} INFO - DAG(s) 'tutorial_dag' retrieved from /Users/navalyemul/Documents/uptime/airflow_venv/lib/python3.12/site-packages/airflow/example_dags/tutorial_dag.py
[2026-04-08T13:02:06.085+0530] {logging_mixin.py:190} INFO - [2026-04-08T13:02:06.085+0530] {dag.py:3239} INFO - Sync 1 DAGs
[2026-04-08T13:02:06.090+0530] {logging_mixin.py:190} INFO - [2026-04-08T13:02:06.089+0530] {dag.py:4180} INFO - Setting next_dagrun for tutorial_dag to None, run_after=None
[2026-04-08T13:02:06.099+0530] {processor.py:208} INFO - Processing /Users/navalyemul/Documents/uptime/airflow_venv/lib/python3.12/site-packages/airflow/example_dags/tutorial_dag.py took 0.077 seconds
[2026-04-08T13:03:26.943+0530] {processor.py:186} INFO - Started process (PID=27819) to work on /Users/navalyemul/Documents/uptime/airflow_venv/lib/python3.12/site-packages/airflow/example_dags/tutorial_dag.py
[2026-04-08T13:03:26.944+0530] {processor.py:914} INFO - Processing file /Users/navalyemul/Documents/uptime/airflow_venv/lib/python3.12/site-packages/airflow/example_dags/tutorial_dag.py for tasks to queue
[2026-04-08T13:03:26.945+0530] {logging_mixin.py:190} INFO - [2026-04-08T13:03:26.944+0530] {dagbag.py:588} INFO - Filling up the DagBag from /Users/navalyemul/Documents/uptime/airflow_venv/lib/python3.12/site-packages/airflow/example_dags/tutorial_dag.py
[2026-04-08T13:03:26.962+0530] {processor.py:925} INFO - DAG(s) 'tutorial_dag' retrieved from /Users/navalyemul/Documents/uptime/airflow_venv/lib/python3.12/site-packages/airflow/example_dags/tutorial_dag.py
[2026-04-08T13:03:27.001+0530] {logging_mixin.py:190} INFO - [2026-04-08T13:03:27.001+0530] {dag.py:3239} INFO - Sync 1 DAGs
[2026-04-08T13:03:27.006+0530] {logging_mixin.py:190} INFO - [2026-04-08T13:03:27.006+0530] {dag.py:4180} INFO - Setting next_dagrun for tutorial_dag to None, run_after=None
[2026-04-08T13:03:27.013+0530] {processor.py:208} INFO - Processing /Users/navalyemul/Documents/uptime/airflow_venv/lib/python3.12/site-packages/airflow/example_dags/tutorial_dag.py took 0.072 seconds
[2026-04-08T13:04:54.333+0530] {processor.py:186} INFO - Started process (PID=28847) to work on /Users/navalyemul/Documents/uptime/airflow_venv/lib/python3.12/site-packages/airflow/example_dags/tutorial_dag.py
[2026-04-08T13:04:54.334+0530] {processor.py:914} INFO - Processing file /Users/navalyemul/Documents/uptime/airflow_venv/lib/python3.12/site-packages/airflow/example_dags/tutorial_dag.py for tasks to queue
[2026-04-08T13:04:54.335+0530] {logging_mixin.py:190} INFO - [2026-04-08T13:04:54.335+0530] {dagbag.py:588} INFO - Filling up the DagBag from /Users/navalyemul/Documents/uptime/airflow_venv/lib/python3.12/site-packages/airflow/example_dags/tutorial_dag.py
[2026-04-08T13:04:54.352+0530] {processor.py:925} INFO - DAG(s) 'tutorial_dag' retrieved from /Users/navalyemul/Documents/uptime/airflow_venv/lib/python3.12/site-packages/airflow/example_dags/tutorial_dag.py
[2026-04-08T13:04:54.395+0530] {logging_mixin.py:190} INFO - [2026-04-08T13:04:54.395+0530] {dag.py:3239} INFO - Sync 1 DAGs
[2026-04-08T13:04:54.401+0530] {logging_mixin.py:190} INFO - [2026-04-08T13:04:54.401+0530] {dag.py:4180} INFO - Setting next_dagrun for tutorial_dag to None, run_after=None
[2026-04-08T13:04:54.410+0530] {processor.py:208} INFO - Processing /Users/navalyemul/Documents/uptime/airflow_venv/lib/python3.12/site-packages/airflow/example_dags/tutorial_dag.py took 0.079 seconds
[2026-04-08T13:06:17.827+0530] {processor.py:186} INFO - Started process (PID=29760) to work on /Users/navalyemul/Documents/uptime/airflow_venv/lib/python3.12/site-packages/airflow/example_dags/tutorial_dag.py
[2026-04-08T13:06:17.830+0530] {processor.py:914} INFO - Processing file /Users/navalyemul/Documents/uptime/airflow_venv/lib/python3.12/site-packages/airflow/example_dags/tutorial_dag.py for tasks to queue
[2026-04-08T13:06:17.831+0530] {logging_mixin.py:190} INFO - [2026-04-08T13:06:17.831+0530] {dagbag.py:588} INFO - Filling up the DagBag from /Users/navalyemul/Documents/uptime/airflow_venv/lib/python3.12/site-packages/airflow/example_dags/tutorial_dag.py
[2026-04-08T13:06:17.846+0530] {processor.py:925} INFO - DAG(s) 'tutorial_dag' retrieved from /Users/navalyemul/Documents/uptime/airflow_venv/lib/python3.12/site-packages/airflow/example_dags/tutorial_dag.py
[2026-04-08T13:06:17.888+0530] {logging_mixin.py:190} INFO - [2026-04-08T13:06:17.888+0530] {dag.py:3239} INFO - Sync 1 DAGs
[2026-04-08T13:06:17.894+0530] {logging_mixin.py:190} INFO - [2026-04-08T13:06:17.894+0530] {dag.py:4180} INFO - Setting next_dagrun for tutorial_dag to None, run_after=None
[2026-04-08T13:06:17.904+0530] {processor.py:208} INFO - Processing /Users/navalyemul/Documents/uptime/airflow_venv/lib/python3.12/site-packages/airflow/example_dags/tutorial_dag.py took 0.078 seconds
[2026-04-08T13:07:40.603+0530] {processor.py:186} INFO - Started process (PID=30666) to work on /Users/navalyemul/Documents/uptime/airflow_venv/lib/python3.12/site-packages/airflow/example_dags/tutorial_dag.py
[2026-04-08T13:07:40.604+0530] {processor.py:914} INFO - Processing file /Users/navalyemul/Documents/uptime/airflow_venv/lib/python3.12/site-packages/airflow/example_dags/tutorial_dag.py for tasks to queue
[2026-04-08T13:07:40.604+0530] {logging_mixin.py:190} INFO - [2026-04-08T13:07:40.604+0530] {dagbag.py:588} INFO - Filling up the DagBag from /Users/navalyemul/Documents/uptime/airflow_venv/lib/python3.12/site-packages/airflow/example_dags/tutorial_dag.py
[2026-04-08T13:07:40.620+0530] {processor.py:925} INFO - DAG(s) 'tutorial_dag' retrieved from /Users/navalyemul/Documents/uptime/airflow_venv/lib/python3.12/site-packages/airflow/example_dags/tutorial_dag.py
[2026-04-08T13:07:40.663+0530] {logging_mixin.py:190} INFO - [2026-04-08T13:07:40.662+0530] {dag.py:3239} INFO - Sync 1 DAGs
[2026-04-08T13:07:40.668+0530] {logging_mixin.py:190} INFO - [2026-04-08T13:07:40.668+0530] {dag.py:4180} INFO - Setting next_dagrun for tutorial_dag to None, run_after=None
[2026-04-08T13:07:40.677+0530] {processor.py:208} INFO - Processing /Users/navalyemul/Documents/uptime/airflow_venv/lib/python3.12/site-packages/airflow/example_dags/tutorial_dag.py took 0.076 seconds
[2026-04-08T13:09:03.121+0530] {processor.py:186} INFO - Started process (PID=31555) to work on /Users/navalyemul/Documents/uptime/airflow_venv/lib/python3.12/site-packages/airflow/example_dags/tutorial_dag.py
[2026-04-08T13:09:03.122+0530] {processor.py:914} INFO - Processing file /Users/navalyemul/Documents/uptime/airflow_venv/lib/python3.12/site-packages/airflow/example_dags/tutorial_dag.py for tasks to queue
[2026-04-08T13:09:03.123+0530] {logging_mixin.py:190} INFO - [2026-04-08T13:09:03.123+0530] {dagbag.py:588} INFO - Filling up the DagBag from /Users/navalyemul/Documents/uptime/airflow_venv/lib/python3.12/site-packages/airflow/example_dags/tutorial_dag.py
[2026-04-08T13:09:03.138+0530] {processor.py:925} INFO - DAG(s) 'tutorial_dag' retrieved from /Users/navalyemul/Documents/uptime/airflow_venv/lib/python3.12/site-packages/airflow/example_dags/tutorial_dag.py
[2026-04-08T13:09:03.177+0530] {logging_mixin.py:190} INFO - [2026-04-08T13:09:03.177+0530] {dag.py:3239} INFO - Sync 1 DAGs
[2026-04-08T13:09:03.182+0530] {logging_mixin.py:190} INFO - [2026-04-08T13:09:03.182+0530] {dag.py:4180} INFO - Setting next_dagrun for tutorial_dag to None, run_after=None
[2026-04-08T13:09:03.190+0530] {processor.py:208} INFO - Processing /Users/navalyemul/Documents/uptime/airflow_venv/lib/python3.12/site-packages/airflow/example_dags/tutorial_dag.py took 0.070 seconds
[2026-04-08T13:10:24.923+0530] {processor.py:186} INFO - Started process (PID=32489) to work on /Users/navalyemul/Documents/uptime/airflow_venv/lib/python3.12/site-packages/airflow/example_dags/tutorial_dag.py
[2026-04-08T13:10:24.924+0530] {processor.py:914} INFO - Processing file /Users/navalyemul/Documents/uptime/airflow_venv/lib/python3.12/site-packages/airflow/example_dags/tutorial_dag.py for tasks to queue
[2026-04-08T13:10:24.925+0530] {logging_mixin.py:190} INFO - [2026-04-08T13:10:24.925+0530] {dagbag.py:588} INFO - Filling up the DagBag from /Users/navalyemul/Documents/uptime/airflow_venv/lib/python3.12/site-packages/airflow/example_dags/tutorial_dag.py
[2026-04-08T13:10:24.940+0530] {processor.py:925} INFO - DAG(s) 'tutorial_dag' retrieved from /Users/navalyemul/Documents/uptime/airflow_venv/lib/python3.12/site-packages/airflow/example_dags/tutorial_dag.py
[2026-04-08T13:10:24.979+0530] {logging_mixin.py:190} INFO - [2026-04-08T13:10:24.979+0530] {dag.py:3239} INFO - Sync 1 DAGs
[2026-04-08T13:10:24.983+0530] {logging_mixin.py:190} INFO - [2026-04-08T13:10:24.983+0530] {dag.py:4180} INFO - Setting next_dagrun for tutorial_dag to None, run_after=None
[2026-04-08T13:10:24.992+0530] {processor.py:208} INFO - Processing /Users/navalyemul/Documents/uptime/airflow_venv/lib/python3.12/site-packages/airflow/example_dags/tutorial_dag.py took 0.071 seconds
[2026-04-08T13:11:49.317+0530] {processor.py:186} INFO - Started process (PID=33432) to work on /Users/navalyemul/Documents/uptime/airflow_venv/lib/python3.12/site-packages/airflow/example_dags/tutorial_dag.py
[2026-04-08T13:11:49.318+0530] {processor.py:914} INFO - Processing file /Users/navalyemul/Documents/uptime/airflow_venv/lib/python3.12/site-packages/airflow/example_dags/tutorial_dag.py for tasks to queue
[2026-04-08T13:11:49.319+0530] {logging_mixin.py:190} INFO - [2026-04-08T13:11:49.318+0530] {dagbag.py:588} INFO - Filling up the DagBag from /Users/navalyemul/Documents/uptime/airflow_venv/lib/python3.12/site-packages/airflow/example_dags/tutorial_dag.py
[2026-04-08T13:11:49.335+0530] {processor.py:925} INFO - DAG(s) 'tutorial_dag' retrieved from /Users/navalyemul/Documents/uptime/airflow_venv/lib/python3.12/site-packages/airflow/example_dags/tutorial_dag.py
[2026-04-08T13:11:49.375+0530] {logging_mixin.py:190} INFO - [2026-04-08T13:11:49.375+0530] {dag.py:3239} INFO - Sync 1 DAGs
[2026-04-08T13:11:49.380+0530] {logging_mixin.py:190} INFO - [2026-04-08T13:11:49.379+0530] {dag.py:4180} INFO - Setting next_dagrun for tutorial_dag to None, run_after=None
[2026-04-08T13:11:49.388+0530] {processor.py:208} INFO - Processing /Users/navalyemul/Documents/uptime/airflow_venv/lib/python3.12/site-packages/airflow/example_dags/tutorial_dag.py took 0.072 seconds
[2026-04-08T13:13:12.644+0530] {processor.py:186} INFO - Started process (PID=34356) to work on /Users/navalyemul/Documents/uptime/airflow_venv/lib/python3.12/site-packages/airflow/example_dags/tutorial_dag.py
[2026-04-08T13:13:12.644+0530] {processor.py:914} INFO - Processing file /Users/navalyemul/Documents/uptime/airflow_venv/lib/python3.12/site-packages/airflow/example_dags/tutorial_dag.py for tasks to queue
[2026-04-08T13:13:12.645+0530] {logging_mixin.py:190} INFO - [2026-04-08T13:13:12.645+0530] {dagbag.py:588} INFO - Filling up the DagBag from /Users/navalyemul/Documents/uptime/airflow_venv/lib/python3.12/site-packages/airflow/example_dags/tutorial_dag.py
[2026-04-08T13:13:12.660+0530] {processor.py:925} INFO - DAG(s) 'tutorial_dag' retrieved from /Users/navalyemul/Documents/uptime/airflow_venv/lib/python3.12/site-packages/airflow/example_dags/tutorial_dag.py
[2026-04-08T13:13:12.699+0530] {logging_mixin.py:190} INFO - [2026-04-08T13:13:12.698+0530] {dag.py:3239} INFO - Sync 1 DAGs
[2026-04-08T13:13:12.703+0530] {logging_mixin.py:190} INFO - [2026-04-08T13:13:12.703+0530] {dag.py:4180} INFO - Setting next_dagrun for tutorial_dag to None, run_after=None
[2026-04-08T13:13:12.711+0530] {processor.py:208} INFO - Processing /Users/navalyemul/Documents/uptime/airflow_venv/lib/python3.12/site-packages/airflow/example_dags/tutorial_dag.py took 0.069 seconds
[2026-04-08T13:14:34.770+0530] {processor.py:186} INFO - Started process (PID=35282) to work on /Users/navalyemul/Documents/uptime/airflow_venv/lib/python3.12/site-packages/airflow/example_dags/tutorial_dag.py
[2026-04-08T13:14:34.770+0530] {processor.py:914} INFO - Processing file /Users/navalyemul/Documents/uptime/airflow_venv/lib/python3.12/site-packages/airflow/example_dags/tutorial_dag.py for tasks to queue
[2026-04-08T13:14:34.771+0530] {logging_mixin.py:190} INFO - [2026-04-08T13:14:34.771+0530] {dagbag.py:588} INFO - Filling up the DagBag from /Users/navalyemul/Documents/uptime/airflow_venv/lib/python3.12/site-packages/airflow/example_dags/tutorial_dag.py
[2026-04-08T13:14:34.787+0530] {processor.py:925} INFO - DAG(s) 'tutorial_dag' retrieved from /Users/navalyemul/Documents/uptime/airflow_venv/lib/python3.12/site-packages/airflow/example_dags/tutorial_dag.py
[2026-04-08T13:14:34.829+0530] {logging_mixin.py:190} INFO - [2026-04-08T13:14:34.829+0530] {dag.py:3239} INFO - Sync 1 DAGs
[2026-04-08T13:14:34.834+0530] {logging_mixin.py:190} INFO - [2026-04-08T13:14:34.834+0530] {dag.py:4180} INFO - Setting next_dagrun for tutorial_dag to None, run_after=None
[2026-04-08T13:14:34.842+0530] {processor.py:208} INFO - Processing /Users/navalyemul/Documents/uptime/airflow_venv/lib/python3.12/site-packages/airflow/example_dags/tutorial_dag.py took 0.074 seconds
[2026-04-08T13:15:59.232+0530] {processor.py:186} INFO - Started process (PID=36244) to work on /Users/navalyemul/Documents/uptime/airflow_venv/lib/python3.12/site-packages/airflow/example_dags/tutorial_dag.py
[2026-04-08T13:15:59.232+0530] {processor.py:914} INFO - Processing file /Users/navalyemul/Documents/uptime/airflow_venv/lib/python3.12/site-packages/airflow/example_dags/tutorial_dag.py for tasks to queue
[2026-04-08T13:15:59.233+0530] {logging_mixin.py:190} INFO - [2026-04-08T13:15:59.233+0530] {dagbag.py:588} INFO - Filling up the DagBag from /Users/navalyemul/Documents/uptime/airflow_venv/lib/python3.12/site-packages/airflow/example_dags/tutorial_dag.py
[2026-04-08T13:15:59.248+0530] {processor.py:925} INFO - DAG(s) 'tutorial_dag' retrieved from /Users/navalyemul/Documents/uptime/airflow_venv/lib/python3.12/site-packages/airflow/example_dags/tutorial_dag.py
[2026-04-08T13:15:59.290+0530] {logging_mixin.py:190} INFO - [2026-04-08T13:15:59.289+0530] {dag.py:3239} INFO - Sync 1 DAGs
[2026-04-08T13:15:59.294+0530] {logging_mixin.py:190} INFO - [2026-04-08T13:15:59.294+0530] {dag.py:4180} INFO - Setting next_dagrun for tutorial_dag to None, run_after=None
[2026-04-08T13:15:59.303+0530] {processor.py:208} INFO - Processing /Users/navalyemul/Documents/uptime/airflow_venv/lib/python3.12/site-packages/airflow/example_dags/tutorial_dag.py took 0.073 seconds
[2026-04-08T13:17:23.016+0530] {processor.py:186} INFO - Started process (PID=37183) to work on /Users/navalyemul/Documents/uptime/airflow_venv/lib/python3.12/site-packages/airflow/example_dags/tutorial_dag.py
[2026-04-08T13:17:23.017+0530] {processor.py:914} INFO - Processing file /Users/navalyemul/Documents/uptime/airflow_venv/lib/python3.12/site-packages/airflow/example_dags/tutorial_dag.py for tasks to queue
[2026-04-08T13:17:23.018+0530] {logging_mixin.py:190} INFO - [2026-04-08T13:17:23.018+0530] {dagbag.py:588} INFO - Filling up the DagBag from /Users/navalyemul/Documents/uptime/airflow_venv/lib/python3.12/site-packages/airflow/example_dags/tutorial_dag.py
[2026-04-08T13:17:23.033+0530] {processor.py:925} INFO - DAG(s) 'tutorial_dag' retrieved from /Users/navalyemul/Documents/uptime/airflow_venv/lib/python3.12/site-packages/airflow/example_dags/tutorial_dag.py
[2026-04-08T13:17:23.075+0530] {logging_mixin.py:190} INFO - [2026-04-08T13:17:23.075+0530] {dag.py:3239} INFO - Sync 1 DAGs
[2026-04-08T13:17:23.082+0530] {logging_mixin.py:190} INFO - [2026-04-08T13:17:23.082+0530] {dag.py:4180} INFO - Setting next_dagrun for tutorial_dag to None, run_after=None
[2026-04-08T13:17:23.095+0530] {processor.py:208} INFO - Processing /Users/navalyemul/Documents/uptime/airflow_venv/lib/python3.12/site-packages/airflow/example_dags/tutorial_dag.py took 0.080 seconds
[2026-04-08T13:18:48.449+0530] {processor.py:186} INFO - Started process (PID=38136) to work on /Users/navalyemul/Documents/uptime/airflow_venv/lib/python3.12/site-packages/airflow/example_dags/tutorial_dag.py
[2026-04-08T13:18:48.450+0530] {processor.py:914} INFO - Processing file /Users/navalyemul/Documents/uptime/airflow_venv/lib/python3.12/site-packages/airflow/example_dags/tutorial_dag.py for tasks to queue
[2026-04-08T13:18:48.451+0530] {logging_mixin.py:190} INFO - [2026-04-08T13:18:48.451+0530] {dagbag.py:588} INFO - Filling up the DagBag from /Users/navalyemul/Documents/uptime/airflow_venv/lib/python3.12/site-packages/airflow/example_dags/tutorial_dag.py
[2026-04-08T13:18:48.471+0530] {processor.py:925} INFO - DAG(s) 'tutorial_dag' retrieved from /Users/navalyemul/Documents/uptime/airflow_venv/lib/python3.12/site-packages/airflow/example_dags/tutorial_dag.py
[2026-04-08T13:18:48.514+0530] {logging_mixin.py:190} INFO - [2026-04-08T13:18:48.513+0530] {dag.py:3239} INFO - Sync 1 DAGs
[2026-04-08T13:18:48.518+0530] {logging_mixin.py:190} INFO - [2026-04-08T13:18:48.518+0530] {dag.py:4180} INFO - Setting next_dagrun for tutorial_dag to None, run_after=None
[2026-04-08T13:18:48.528+0530] {processor.py:208} INFO - Processing /Users/navalyemul/Documents/uptime/airflow_venv/lib/python3.12/site-packages/airflow/example_dags/tutorial_dag.py took 0.080 seconds
[2026-04-08T13:20:57.161+0530] {processor.py:186} INFO - Started process (PID=39074) to work on /Users/navalyemul/Documents/uptime/airflow_venv/lib/python3.12/site-packages/airflow/example_dags/tutorial_dag.py
[2026-04-08T13:20:57.162+0530] {processor.py:914} INFO - Processing file /Users/navalyemul/Documents/uptime/airflow_venv/lib/python3.12/site-packages/airflow/example_dags/tutorial_dag.py for tasks to queue
[2026-04-08T13:20:57.163+0530] {logging_mixin.py:190} INFO - [2026-04-08T13:20:57.163+0530] {dagbag.py:588} INFO - Filling up the DagBag from /Users/navalyemul/Documents/uptime/airflow_venv/lib/python3.12/site-packages/airflow/example_dags/tutorial_dag.py
[2026-04-08T13:20:57.178+0530] {processor.py:925} INFO - DAG(s) 'tutorial_dag' retrieved from /Users/navalyemul/Documents/uptime/airflow_venv/lib/python3.12/site-packages/airflow/example_dags/tutorial_dag.py
[2026-04-08T13:20:57.218+0530] {logging_mixin.py:190} INFO - [2026-04-08T13:20:57.218+0530] {dag.py:3239} INFO - Sync 1 DAGs
[2026-04-08T13:20:57.223+0530] {logging_mixin.py:190} INFO - [2026-04-08T13:20:57.222+0530] {dag.py:4180} INFO - Setting next_dagrun for tutorial_dag to None, run_after=None
[2026-04-08T13:20:57.232+0530] {processor.py:208} INFO - Processing /Users/navalyemul/Documents/uptime/airflow_venv/lib/python3.12/site-packages/airflow/example_dags/tutorial_dag.py took 0.073 seconds
[2026-04-08T13:30:54.973+0530] {processor.py:186} INFO - Started process (PID=40064) to work on /Users/navalyemul/Documents/uptime/airflow_venv/lib/python3.12/site-packages/airflow/example_dags/tutorial_dag.py
[2026-04-08T13:30:54.975+0530] {processor.py:914} INFO - Processing file /Users/navalyemul/Documents/uptime/airflow_venv/lib/python3.12/site-packages/airflow/example_dags/tutorial_dag.py for tasks to queue
[2026-04-08T13:30:54.977+0530] {logging_mixin.py:190} INFO - [2026-04-08T13:30:54.977+0530] {dagbag.py:588} INFO - Filling up the DagBag from /Users/navalyemul/Documents/uptime/airflow_venv/lib/python3.12/site-packages/airflow/example_dags/tutorial_dag.py
[2026-04-08T13:30:55.030+0530] {processor.py:925} INFO - DAG(s) 'tutorial_dag' retrieved from /Users/navalyemul/Documents/uptime/airflow_venv/lib/python3.12/site-packages/airflow/example_dags/tutorial_dag.py
[2026-04-08T13:30:55.190+0530] {logging_mixin.py:190} INFO - [2026-04-08T13:30:55.190+0530] {dag.py:3239} INFO - Sync 1 DAGs
[2026-04-08T13:30:55.209+0530] {logging_mixin.py:190} INFO - [2026-04-08T13:30:55.208+0530] {dag.py:4180} INFO - Setting next_dagrun for tutorial_dag to None, run_after=None
[2026-04-08T13:30:55.241+0530] {processor.py:208} INFO - Processing /Users/navalyemul/Documents/uptime/airflow_venv/lib/python3.12/site-packages/airflow/example_dags/tutorial_dag.py took 0.274 seconds
[2026-04-08T13:35:04.214+0530] {processor.py:186} INFO - Started process (PID=41207) to work on /Users/navalyemul/Documents/uptime/airflow_venv/lib/python3.12/site-packages/airflow/example_dags/tutorial_dag.py
[2026-04-08T13:35:04.215+0530] {processor.py:914} INFO - Processing file /Users/navalyemul/Documents/uptime/airflow_venv/lib/python3.12/site-packages/airflow/example_dags/tutorial_dag.py for tasks to queue
[2026-04-08T13:35:04.215+0530] {logging_mixin.py:190} INFO - [2026-04-08T13:35:04.215+0530] {dagbag.py:588} INFO - Filling up the DagBag from /Users/navalyemul/Documents/uptime/airflow_venv/lib/python3.12/site-packages/airflow/example_dags/tutorial_dag.py
[2026-04-08T13:35:04.231+0530] {processor.py:925} INFO - DAG(s) 'tutorial_dag' retrieved from /Users/navalyemul/Documents/uptime/airflow_venv/lib/python3.12/site-packages/airflow/example_dags/tutorial_dag.py
[2026-04-08T13:35:04.272+0530] {logging_mixin.py:190} INFO - [2026-04-08T13:35:04.272+0530] {dag.py:3239} INFO - Sync 1 DAGs
[2026-04-08T13:35:04.277+0530] {logging_mixin.py:190} INFO - [2026-04-08T13:35:04.277+0530] {dag.py:4180} INFO - Setting next_dagrun for tutorial_dag to None, run_after=None
[2026-04-08T13:35:04.286+0530] {processor.py:208} INFO - Processing /Users/navalyemul/Documents/uptime/airflow_venv/lib/python3.12/site-packages/airflow/example_dags/tutorial_dag.py took 0.074 seconds
[2026-04-08T13:41:31.528+0530] {processor.py:186} INFO - Started process (PID=42145) to work on /Users/navalyemul/Documents/uptime/airflow_venv/lib/python3.12/site-packages/airflow/example_dags/tutorial_dag.py
[2026-04-08T13:41:31.528+0530] {processor.py:914} INFO - Processing file /Users/navalyemul/Documents/uptime/airflow_venv/lib/python3.12/site-packages/airflow/example_dags/tutorial_dag.py for tasks to queue
[2026-04-08T13:41:31.529+0530] {logging_mixin.py:190} INFO - [2026-04-08T13:41:31.529+0530] {dagbag.py:588} INFO - Filling up the DagBag from /Users/navalyemul/Documents/uptime/airflow_venv/lib/python3.12/site-packages/airflow/example_dags/tutorial_dag.py
[2026-04-08T13:41:31.544+0530] {processor.py:925} INFO - DAG(s) 'tutorial_dag' retrieved from /Users/navalyemul/Documents/uptime/airflow_venv/lib/python3.12/site-packages/airflow/example_dags/tutorial_dag.py
[2026-04-08T13:41:31.583+0530] {logging_mixin.py:190} INFO - [2026-04-08T13:41:31.582+0530] {dag.py:3239} INFO - Sync 1 DAGs
[2026-04-08T13:41:31.587+0530] {logging_mixin.py:190} INFO - [2026-04-08T13:41:31.587+0530] {dag.py:4180} INFO - Setting next_dagrun for tutorial_dag to None, run_after=None
[2026-04-08T13:41:31.595+0530] {processor.py:208} INFO - Processing /Users/navalyemul/Documents/uptime/airflow_venv/lib/python3.12/site-packages/airflow/example_dags/tutorial_dag.py took 0.069 seconds
[2026-04-08T13:54:14.351+0530] {processor.py:186} INFO - Started process (PID=43304) to work on /Users/navalyemul/Documents/uptime/airflow_venv/lib/python3.12/site-packages/airflow/example_dags/tutorial_dag.py
[2026-04-08T13:54:14.352+0530] {processor.py:914} INFO - Processing file /Users/navalyemul/Documents/uptime/airflow_venv/lib/python3.12/site-packages/airflow/example_dags/tutorial_dag.py for tasks to queue
[2026-04-08T13:54:14.353+0530] {logging_mixin.py:190} INFO - [2026-04-08T13:54:14.353+0530] {dagbag.py:588} INFO - Filling up the DagBag from /Users/navalyemul/Documents/uptime/airflow_venv/lib/python3.12/site-packages/airflow/example_dags/tutorial_dag.py
[2026-04-08T13:54:14.367+0530] {processor.py:925} INFO - DAG(s) 'tutorial_dag' retrieved from /Users/navalyemul/Documents/uptime/airflow_venv/lib/python3.12/site-packages/airflow/example_dags/tutorial_dag.py
[2026-04-08T13:54:14.405+0530] {logging_mixin.py:190} INFO - [2026-04-08T13:54:14.405+0530] {dag.py:3239} INFO - Sync 1 DAGs
[2026-04-08T13:54:14.410+0530] {logging_mixin.py:190} INFO - [2026-04-08T13:54:14.410+0530] {dag.py:4180} INFO - Setting next_dagrun for tutorial_dag to None, run_after=None
[2026-04-08T13:54:14.418+0530] {processor.py:208} INFO - Processing /Users/navalyemul/Documents/uptime/airflow_venv/lib/python3.12/site-packages/airflow/example_dags/tutorial_dag.py took 0.068 seconds
[2026-04-08T13:56:06.696+0530] {processor.py:186} INFO - Started process (PID=44403) to work on /Users/navalyemul/Documents/uptime/airflow_venv/lib/python3.12/site-packages/airflow/example_dags/tutorial_dag.py
[2026-04-08T13:56:06.697+0530] {processor.py:914} INFO - Processing file /Users/navalyemul/Documents/uptime/airflow_venv/lib/python3.12/site-packages/airflow/example_dags/tutorial_dag.py for tasks to queue
[2026-04-08T13:56:06.698+0530] {logging_mixin.py:190} INFO - [2026-04-08T13:56:06.698+0530] {dagbag.py:588} INFO - Filling up the DagBag from /Users/navalyemul/Documents/uptime/airflow_venv/lib/python3.12/site-packages/airflow/example_dags/tutorial_dag.py
[2026-04-08T13:56:06.717+0530] {processor.py:925} INFO - DAG(s) 'tutorial_dag' retrieved from /Users/navalyemul/Documents/uptime/airflow_venv/lib/python3.12/site-packages/airflow/example_dags/tutorial_dag.py
[2026-04-08T13:56:06.765+0530] {logging_mixin.py:190} INFO - [2026-04-08T13:56:06.765+0530] {dag.py:3239} INFO - Sync 1 DAGs
[2026-04-08T13:56:06.770+0530] {logging_mixin.py:190} INFO - [2026-04-08T13:56:06.770+0530] {dag.py:4180} INFO - Setting next_dagrun for tutorial_dag to None, run_after=None
[2026-04-08T13:56:06.781+0530] {processor.py:208} INFO - Processing /Users/navalyemul/Documents/uptime/airflow_venv/lib/python3.12/site-packages/airflow/example_dags/tutorial_dag.py took 0.087 seconds
[2026-04-08T13:57:48.183+0530] {processor.py:186} INFO - Started process (PID=45438) to work on /Users/navalyemul/Documents/uptime/airflow_venv/lib/python3.12/site-packages/airflow/example_dags/tutorial_dag.py
[2026-04-08T13:57:48.184+0530] {processor.py:914} INFO - Processing file /Users/navalyemul/Documents/uptime/airflow_venv/lib/python3.12/site-packages/airflow/example_dags/tutorial_dag.py for tasks to queue
[2026-04-08T13:57:48.184+0530] {logging_mixin.py:190} INFO - [2026-04-08T13:57:48.184+0530] {dagbag.py:588} INFO - Filling up the DagBag from /Users/navalyemul/Documents/uptime/airflow_venv/lib/python3.12/site-packages/airflow/example_dags/tutorial_dag.py
[2026-04-08T13:57:48.203+0530] {processor.py:925} INFO - DAG(s) 'tutorial_dag' retrieved from /Users/navalyemul/Documents/uptime/airflow_venv/lib/python3.12/site-packages/airflow/example_dags/tutorial_dag.py
[2026-04-08T13:57:48.249+0530] {logging_mixin.py:190} INFO - [2026-04-08T13:57:48.249+0530] {dag.py:3239} INFO - Sync 1 DAGs
[2026-04-08T13:57:48.256+0530] {logging_mixin.py:190} INFO - [2026-04-08T13:57:48.256+0530] {dag.py:4180} INFO - Setting next_dagrun for tutorial_dag to None, run_after=None
[2026-04-08T13:57:48.269+0530] {processor.py:208} INFO - Processing /Users/navalyemul/Documents/uptime/airflow_venv/lib/python3.12/site-packages/airflow/example_dags/tutorial_dag.py took 0.092 seconds
