[2026-04-08T12:38:09.977+0530] {processor.py:186} INFO - Started process (PID=12896) to work on /Users/navalyemul/Documents/uptime/airflow_venv/lib/python3.12/site-packages/airflow/example_dags/tutorial_taskflow_templates.py
[2026-04-08T12:38:09.982+0530] {processor.py:914} INFO - Processing file /Users/navalyemul/Documents/uptime/airflow_venv/lib/python3.12/site-packages/airflow/example_dags/tutorial_taskflow_templates.py for tasks to queue
[2026-04-08T12:38:09.984+0530] {logging_mixin.py:190} INFO - [2026-04-08T12:38:09.983+0530] {dagbag.py:588} INFO - Filling up the DagBag from /Users/navalyemul/Documents/uptime/airflow_venv/lib/python3.12/site-packages/airflow/example_dags/tutorial_taskflow_templates.py
[2026-04-08T12:38:10.094+0530] {processor.py:925} INFO - DAG(s) 'tutorial_taskflow_templates' retrieved from /Users/navalyemul/Documents/uptime/airflow_venv/lib/python3.12/site-packages/airflow/example_dags/tutorial_taskflow_templates.py
[2026-04-08T12:38:10.475+0530] {logging_mixin.py:190} INFO - [2026-04-08T12:38:10.474+0530] {override.py:1912} INFO - Created Permission View: can delete on DAG:tutorial_taskflow_templates
[2026-04-08T12:38:10.492+0530] {logging_mixin.py:190} INFO - [2026-04-08T12:38:10.492+0530] {override.py:1912} INFO - Created Permission View: can read on DAG:tutorial_taskflow_templates
[2026-04-08T12:38:10.505+0530] {logging_mixin.py:190} INFO - [2026-04-08T12:38:10.505+0530] {override.py:1912} INFO - Created Permission View: can edit on DAG:tutorial_taskflow_templates
[2026-04-08T12:38:10.516+0530] {logging_mixin.py:190} INFO - [2026-04-08T12:38:10.515+0530] {override.py:1912} INFO - Created Permission View: can delete on DAG Run:tutorial_taskflow_templates
[2026-04-08T12:38:10.525+0530] {logging_mixin.py:190} INFO - [2026-04-08T12:38:10.525+0530] {override.py:1912} INFO - Created Permission View: can create on DAG Run:tutorial_taskflow_templates
[2026-04-08T12:38:10.533+0530] {logging_mixin.py:190} INFO - [2026-04-08T12:38:10.533+0530] {override.py:1912} INFO - Created Permission View: menu access on DAG Run:tutorial_taskflow_templates
[2026-04-08T12:38:10.544+0530] {logging_mixin.py:190} INFO - [2026-04-08T12:38:10.543+0530] {override.py:1912} INFO - Created Permission View: can read on DAG Run:tutorial_taskflow_templates
[2026-04-08T12:38:10.545+0530] {logging_mixin.py:190} INFO - [2026-04-08T12:38:10.544+0530] {dag.py:3239} INFO - Sync 1 DAGs
[2026-04-08T12:38:10.566+0530] {logging_mixin.py:190} INFO - [2026-04-08T12:38:10.566+0530] {dag.py:3262} INFO - Creating ORM DAG for tutorial_taskflow_templates
[2026-04-08T12:38:10.726+0530] {logging_mixin.py:190} INFO - [2026-04-08T12:38:10.725+0530] {dag.py:4180} INFO - Setting next_dagrun for tutorial_taskflow_templates to 2026-04-07 00:00:00+00:00, run_after=2026-04-08 00:00:00+00:00
[2026-04-08T12:38:10.758+0530] {processor.py:208} INFO - Processing /Users/navalyemul/Documents/uptime/airflow_venv/lib/python3.12/site-packages/airflow/example_dags/tutorial_taskflow_templates.py took 0.787 seconds
[2026-04-08T12:40:44.909+0530] {processor.py:186} INFO - Started process (PID=13840) to work on /Users/navalyemul/Documents/uptime/airflow_venv/lib/python3.12/site-packages/airflow/example_dags/tutorial_taskflow_templates.py
[2026-04-08T12:40:44.911+0530] {processor.py:914} INFO - Processing file /Users/navalyemul/Documents/uptime/airflow_venv/lib/python3.12/site-packages/airflow/example_dags/tutorial_taskflow_templates.py for tasks to queue
[2026-04-08T12:40:44.913+0530] {logging_mixin.py:190} INFO - [2026-04-08T12:40:44.912+0530] {dagbag.py:588} INFO - Filling up the DagBag from /Users/navalyemul/Documents/uptime/airflow_venv/lib/python3.12/site-packages/airflow/example_dags/tutorial_taskflow_templates.py
[2026-04-08T12:40:44.956+0530] {processor.py:925} INFO - DAG(s) 'tutorial_taskflow_templates' retrieved from /Users/navalyemul/Documents/uptime/airflow_venv/lib/python3.12/site-packages/airflow/example_dags/tutorial_taskflow_templates.py
[2026-04-08T12:40:45.025+0530] {logging_mixin.py:190} INFO - [2026-04-08T12:40:45.024+0530] {dag.py:3239} INFO - Sync 1 DAGs
[2026-04-08T12:40:45.037+0530] {logging_mixin.py:190} INFO - [2026-04-08T12:40:45.036+0530] {dag.py:4180} INFO - Setting next_dagrun for tutorial_taskflow_templates to 2026-04-07 00:00:00+00:00, run_after=2026-04-08 00:00:00+00:00
[2026-04-08T12:40:45.056+0530] {processor.py:208} INFO - Processing /Users/navalyemul/Documents/uptime/airflow_venv/lib/python3.12/site-packages/airflow/example_dags/tutorial_taskflow_templates.py took 0.150 seconds
[2026-04-08T12:43:41.494+0530] {processor.py:186} INFO - Started process (PID=15475) to work on /Users/navalyemul/Documents/uptime/airflow_venv/lib/python3.12/site-packages/airflow/example_dags/tutorial_taskflow_templates.py
[2026-04-08T12:43:41.497+0530] {processor.py:914} INFO - Processing file /Users/navalyemul/Documents/uptime/airflow_venv/lib/python3.12/site-packages/airflow/example_dags/tutorial_taskflow_templates.py for tasks to queue
[2026-04-08T12:43:41.498+0530] {logging_mixin.py:190} INFO - [2026-04-08T12:43:41.498+0530] {dagbag.py:588} INFO - Filling up the DagBag from /Users/navalyemul/Documents/uptime/airflow_venv/lib/python3.12/site-packages/airflow/example_dags/tutorial_taskflow_templates.py
[2026-04-08T12:43:41.525+0530] {processor.py:925} INFO - DAG(s) 'tutorial_taskflow_templates' retrieved from /Users/navalyemul/Documents/uptime/airflow_venv/lib/python3.12/site-packages/airflow/example_dags/tutorial_taskflow_templates.py
[2026-04-08T12:43:41.566+0530] {logging_mixin.py:190} INFO - [2026-04-08T12:43:41.565+0530] {dag.py:3239} INFO - Sync 1 DAGs
[2026-04-08T12:43:41.573+0530] {logging_mixin.py:190} INFO - [2026-04-08T12:43:41.573+0530] {dag.py:4180} INFO - Setting next_dagrun for tutorial_taskflow_templates to 2026-04-07 00:00:00+00:00, run_after=2026-04-08 00:00:00+00:00
[2026-04-08T12:43:41.581+0530] {processor.py:208} INFO - Processing /Users/navalyemul/Documents/uptime/airflow_venv/lib/python3.12/site-packages/airflow/example_dags/tutorial_taskflow_templates.py took 0.089 seconds
[2026-04-08T12:46:21.282+0530] {processor.py:186} INFO - Started process (PID=17053) to work on /Users/navalyemul/Documents/uptime/airflow_venv/lib/python3.12/site-packages/airflow/example_dags/tutorial_taskflow_templates.py
[2026-04-08T12:46:21.284+0530] {processor.py:914} INFO - Processing file /Users/navalyemul/Documents/uptime/airflow_venv/lib/python3.12/site-packages/airflow/example_dags/tutorial_taskflow_templates.py for tasks to queue
[2026-04-08T12:46:21.285+0530] {logging_mixin.py:190} INFO - [2026-04-08T12:46:21.285+0530] {dagbag.py:588} INFO - Filling up the DagBag from /Users/navalyemul/Documents/uptime/airflow_venv/lib/python3.12/site-packages/airflow/example_dags/tutorial_taskflow_templates.py
[2026-04-08T12:46:21.322+0530] {processor.py:925} INFO - DAG(s) 'tutorial_taskflow_templates' retrieved from /Users/navalyemul/Documents/uptime/airflow_venv/lib/python3.12/site-packages/airflow/example_dags/tutorial_taskflow_templates.py
[2026-04-08T12:46:21.370+0530] {logging_mixin.py:190} INFO - [2026-04-08T12:46:21.370+0530] {dag.py:3239} INFO - Sync 1 DAGs
[2026-04-08T12:46:21.384+0530] {logging_mixin.py:190} INFO - [2026-04-08T12:46:21.383+0530] {dag.py:4180} INFO - Setting next_dagrun for tutorial_taskflow_templates to 2026-04-07 00:00:00+00:00, run_after=2026-04-08 00:00:00+00:00
[2026-04-08T12:46:21.398+0530] {processor.py:208} INFO - Processing /Users/navalyemul/Documents/uptime/airflow_venv/lib/python3.12/site-packages/airflow/example_dags/tutorial_taskflow_templates.py took 0.119 seconds
[2026-04-08T12:48:18.868+0530] {processor.py:186} INFO - Started process (PID=18380) to work on /Users/navalyemul/Documents/uptime/airflow_venv/lib/python3.12/site-packages/airflow/example_dags/tutorial_taskflow_templates.py
[2026-04-08T12:48:18.869+0530] {processor.py:914} INFO - Processing file /Users/navalyemul/Documents/uptime/airflow_venv/lib/python3.12/site-packages/airflow/example_dags/tutorial_taskflow_templates.py for tasks to queue
[2026-04-08T12:48:18.870+0530] {logging_mixin.py:190} INFO - [2026-04-08T12:48:18.870+0530] {dagbag.py:588} INFO - Filling up the DagBag from /Users/navalyemul/Documents/uptime/airflow_venv/lib/python3.12/site-packages/airflow/example_dags/tutorial_taskflow_templates.py
[2026-04-08T12:48:18.900+0530] {processor.py:925} INFO - DAG(s) 'tutorial_taskflow_templates' retrieved from /Users/navalyemul/Documents/uptime/airflow_venv/lib/python3.12/site-packages/airflow/example_dags/tutorial_taskflow_templates.py
[2026-04-08T12:48:18.943+0530] {logging_mixin.py:190} INFO - [2026-04-08T12:48:18.943+0530] {dag.py:3239} INFO - Sync 1 DAGs
[2026-04-08T12:48:18.952+0530] {logging_mixin.py:190} INFO - [2026-04-08T12:48:18.952+0530] {dag.py:4180} INFO - Setting next_dagrun for tutorial_taskflow_templates to 2026-04-07 00:00:00+00:00, run_after=2026-04-08 00:00:00+00:00
[2026-04-08T12:48:18.960+0530] {processor.py:208} INFO - Processing /Users/navalyemul/Documents/uptime/airflow_venv/lib/python3.12/site-packages/airflow/example_dags/tutorial_taskflow_templates.py took 0.094 seconds
[2026-04-08T12:49:42.122+0530] {processor.py:186} INFO - Started process (PID=19342) to work on /Users/navalyemul/Documents/uptime/airflow_venv/lib/python3.12/site-packages/airflow/example_dags/tutorial_taskflow_templates.py
[2026-04-08T12:49:42.123+0530] {processor.py:914} INFO - Processing file /Users/navalyemul/Documents/uptime/airflow_venv/lib/python3.12/site-packages/airflow/example_dags/tutorial_taskflow_templates.py for tasks to queue
[2026-04-08T12:49:42.123+0530] {logging_mixin.py:190} INFO - [2026-04-08T12:49:42.123+0530] {dagbag.py:588} INFO - Filling up the DagBag from /Users/navalyemul/Documents/uptime/airflow_venv/lib/python3.12/site-packages/airflow/example_dags/tutorial_taskflow_templates.py
[2026-04-08T12:49:42.154+0530] {processor.py:925} INFO - DAG(s) 'tutorial_taskflow_templates' retrieved from /Users/navalyemul/Documents/uptime/airflow_venv/lib/python3.12/site-packages/airflow/example_dags/tutorial_taskflow_templates.py
[2026-04-08T12:49:42.196+0530] {logging_mixin.py:190} INFO - [2026-04-08T12:49:42.196+0530] {dag.py:3239} INFO - Sync 1 DAGs
[2026-04-08T12:49:42.206+0530] {logging_mixin.py:190} INFO - [2026-04-08T12:49:42.206+0530] {dag.py:4180} INFO - Setting next_dagrun for tutorial_taskflow_templates to 2026-04-07 00:00:00+00:00, run_after=2026-04-08 00:00:00+00:00
[2026-04-08T12:49:42.214+0530] {processor.py:208} INFO - Processing /Users/navalyemul/Documents/uptime/airflow_venv/lib/python3.12/site-packages/airflow/example_dags/tutorial_taskflow_templates.py took 0.094 seconds
[2026-04-08T12:51:14.682+0530] {processor.py:186} INFO - Started process (PID=20338) to work on /Users/navalyemul/Documents/uptime/airflow_venv/lib/python3.12/site-packages/airflow/example_dags/tutorial_taskflow_templates.py
[2026-04-08T12:51:14.683+0530] {processor.py:914} INFO - Processing file /Users/navalyemul/Documents/uptime/airflow_venv/lib/python3.12/site-packages/airflow/example_dags/tutorial_taskflow_templates.py for tasks to queue
[2026-04-08T12:51:14.684+0530] {logging_mixin.py:190} INFO - [2026-04-08T12:51:14.684+0530] {dagbag.py:588} INFO - Filling up the DagBag from /Users/navalyemul/Documents/uptime/airflow_venv/lib/python3.12/site-packages/airflow/example_dags/tutorial_taskflow_templates.py
[2026-04-08T12:51:14.729+0530] {processor.py:925} INFO - DAG(s) 'tutorial_taskflow_templates' retrieved from /Users/navalyemul/Documents/uptime/airflow_venv/lib/python3.12/site-packages/airflow/example_dags/tutorial_taskflow_templates.py
[2026-04-08T12:51:14.778+0530] {logging_mixin.py:190} INFO - [2026-04-08T12:51:14.778+0530] {dag.py:3239} INFO - Sync 1 DAGs
[2026-04-08T12:51:14.788+0530] {logging_mixin.py:190} INFO - [2026-04-08T12:51:14.788+0530] {dag.py:4180} INFO - Setting next_dagrun for tutorial_taskflow_templates to 2026-04-07 00:00:00+00:00, run_after=2026-04-08 00:00:00+00:00
[2026-04-08T12:51:14.798+0530] {processor.py:208} INFO - Processing /Users/navalyemul/Documents/uptime/airflow_venv/lib/python3.12/site-packages/airflow/example_dags/tutorial_taskflow_templates.py took 0.118 seconds
[2026-04-08T12:52:50.449+0530] {processor.py:186} INFO - Started process (PID=21266) to work on /Users/navalyemul/Documents/uptime/airflow_venv/lib/python3.12/site-packages/airflow/example_dags/tutorial_taskflow_templates.py
[2026-04-08T12:52:50.456+0530] {processor.py:914} INFO - Processing file /Users/navalyemul/Documents/uptime/airflow_venv/lib/python3.12/site-packages/airflow/example_dags/tutorial_taskflow_templates.py for tasks to queue
[2026-04-08T12:52:50.458+0530] {logging_mixin.py:190} INFO - [2026-04-08T12:52:50.458+0530] {dagbag.py:588} INFO - Filling up the DagBag from /Users/navalyemul/Documents/uptime/airflow_venv/lib/python3.12/site-packages/airflow/example_dags/tutorial_taskflow_templates.py
[2026-04-08T12:52:50.505+0530] {processor.py:925} INFO - DAG(s) 'tutorial_taskflow_templates' retrieved from /Users/navalyemul/Documents/uptime/airflow_venv/lib/python3.12/site-packages/airflow/example_dags/tutorial_taskflow_templates.py
[2026-04-08T12:52:50.552+0530] {logging_mixin.py:190} INFO - [2026-04-08T12:52:50.552+0530] {dag.py:3239} INFO - Sync 1 DAGs
[2026-04-08T12:52:50.561+0530] {logging_mixin.py:190} INFO - [2026-04-08T12:52:50.560+0530] {dag.py:4180} INFO - Setting next_dagrun for tutorial_taskflow_templates to 2026-04-07 00:00:00+00:00, run_after=2026-04-08 00:00:00+00:00
[2026-04-08T12:52:50.571+0530] {processor.py:208} INFO - Processing /Users/navalyemul/Documents/uptime/airflow_venv/lib/python3.12/site-packages/airflow/example_dags/tutorial_taskflow_templates.py took 0.126 seconds
[2026-04-08T12:54:44.501+0530] {processor.py:186} INFO - Started process (PID=22172) to work on /Users/navalyemul/Documents/uptime/airflow_venv/lib/python3.12/site-packages/airflow/example_dags/tutorial_taskflow_templates.py
[2026-04-08T12:54:44.502+0530] {processor.py:914} INFO - Processing file /Users/navalyemul/Documents/uptime/airflow_venv/lib/python3.12/site-packages/airflow/example_dags/tutorial_taskflow_templates.py for tasks to queue
[2026-04-08T12:54:44.503+0530] {logging_mixin.py:190} INFO - [2026-04-08T12:54:44.503+0530] {dagbag.py:588} INFO - Filling up the DagBag from /Users/navalyemul/Documents/uptime/airflow_venv/lib/python3.12/site-packages/airflow/example_dags/tutorial_taskflow_templates.py
[2026-04-08T12:54:44.539+0530] {processor.py:925} INFO - DAG(s) 'tutorial_taskflow_templates' retrieved from /Users/navalyemul/Documents/uptime/airflow_venv/lib/python3.12/site-packages/airflow/example_dags/tutorial_taskflow_templates.py
[2026-04-08T12:54:44.599+0530] {logging_mixin.py:190} INFO - [2026-04-08T12:54:44.599+0530] {dag.py:3239} INFO - Sync 1 DAGs
[2026-04-08T12:54:44.612+0530] {logging_mixin.py:190} INFO - [2026-04-08T12:54:44.612+0530] {dag.py:4180} INFO - Setting next_dagrun for tutorial_taskflow_templates to 2026-04-07 00:00:00+00:00, run_after=2026-04-08 00:00:00+00:00
[2026-04-08T12:54:44.632+0530] {processor.py:208} INFO - Processing /Users/navalyemul/Documents/uptime/airflow_venv/lib/python3.12/site-packages/airflow/example_dags/tutorial_taskflow_templates.py took 0.133 seconds
[2026-04-08T12:56:24.018+0530] {processor.py:186} INFO - Started process (PID=23117) to work on /Users/navalyemul/Documents/uptime/airflow_venv/lib/python3.12/site-packages/airflow/example_dags/tutorial_taskflow_templates.py
[2026-04-08T12:56:24.019+0530] {processor.py:914} INFO - Processing file /Users/navalyemul/Documents/uptime/airflow_venv/lib/python3.12/site-packages/airflow/example_dags/tutorial_taskflow_templates.py for tasks to queue
[2026-04-08T12:56:24.019+0530] {logging_mixin.py:190} INFO - [2026-04-08T12:56:24.019+0530] {dagbag.py:588} INFO - Filling up the DagBag from /Users/navalyemul/Documents/uptime/airflow_venv/lib/python3.12/site-packages/airflow/example_dags/tutorial_taskflow_templates.py
[2026-04-08T12:56:24.049+0530] {processor.py:925} INFO - DAG(s) 'tutorial_taskflow_templates' retrieved from /Users/navalyemul/Documents/uptime/airflow_venv/lib/python3.12/site-packages/airflow/example_dags/tutorial_taskflow_templates.py
[2026-04-08T12:56:24.093+0530] {logging_mixin.py:190} INFO - [2026-04-08T12:56:24.093+0530] {dag.py:3239} INFO - Sync 1 DAGs
[2026-04-08T12:56:24.101+0530] {logging_mixin.py:190} INFO - [2026-04-08T12:56:24.101+0530] {dag.py:4180} INFO - Setting next_dagrun for tutorial_taskflow_templates to 2026-04-07 00:00:00+00:00, run_after=2026-04-08 00:00:00+00:00
[2026-04-08T12:56:24.110+0530] {processor.py:208} INFO - Processing /Users/navalyemul/Documents/uptime/airflow_venv/lib/python3.12/site-packages/airflow/example_dags/tutorial_taskflow_templates.py took 0.093 seconds
[2026-04-08T12:57:50.941+0530] {processor.py:186} INFO - Started process (PID=24036) to work on /Users/navalyemul/Documents/uptime/airflow_venv/lib/python3.12/site-packages/airflow/example_dags/tutorial_taskflow_templates.py
[2026-04-08T12:57:50.942+0530] {processor.py:914} INFO - Processing file /Users/navalyemul/Documents/uptime/airflow_venv/lib/python3.12/site-packages/airflow/example_dags/tutorial_taskflow_templates.py for tasks to queue
[2026-04-08T12:57:50.942+0530] {logging_mixin.py:190} INFO - [2026-04-08T12:57:50.942+0530] {dagbag.py:588} INFO - Filling up the DagBag from /Users/navalyemul/Documents/uptime/airflow_venv/lib/python3.12/site-packages/airflow/example_dags/tutorial_taskflow_templates.py
[2026-04-08T12:57:50.971+0530] {processor.py:925} INFO - DAG(s) 'tutorial_taskflow_templates' retrieved from /Users/navalyemul/Documents/uptime/airflow_venv/lib/python3.12/site-packages/airflow/example_dags/tutorial_taskflow_templates.py
[2026-04-08T12:57:51.014+0530] {logging_mixin.py:190} INFO - [2026-04-08T12:57:51.013+0530] {dag.py:3239} INFO - Sync 1 DAGs
[2026-04-08T12:57:51.022+0530] {logging_mixin.py:190} INFO - [2026-04-08T12:57:51.022+0530] {dag.py:4180} INFO - Setting next_dagrun for tutorial_taskflow_templates to 2026-04-07 00:00:00+00:00, run_after=2026-04-08 00:00:00+00:00
[2026-04-08T12:57:51.030+0530] {processor.py:208} INFO - Processing /Users/navalyemul/Documents/uptime/airflow_venv/lib/python3.12/site-packages/airflow/example_dags/tutorial_taskflow_templates.py took 0.091 seconds
[2026-04-08T12:59:16.231+0530] {processor.py:186} INFO - Started process (PID=24921) to work on /Users/navalyemul/Documents/uptime/airflow_venv/lib/python3.12/site-packages/airflow/example_dags/tutorial_taskflow_templates.py
[2026-04-08T12:59:16.231+0530] {processor.py:914} INFO - Processing file /Users/navalyemul/Documents/uptime/airflow_venv/lib/python3.12/site-packages/airflow/example_dags/tutorial_taskflow_templates.py for tasks to queue
[2026-04-08T12:59:16.232+0530] {logging_mixin.py:190} INFO - [2026-04-08T12:59:16.232+0530] {dagbag.py:588} INFO - Filling up the DagBag from /Users/navalyemul/Documents/uptime/airflow_venv/lib/python3.12/site-packages/airflow/example_dags/tutorial_taskflow_templates.py
[2026-04-08T12:59:16.260+0530] {processor.py:925} INFO - DAG(s) 'tutorial_taskflow_templates' retrieved from /Users/navalyemul/Documents/uptime/airflow_venv/lib/python3.12/site-packages/airflow/example_dags/tutorial_taskflow_templates.py
[2026-04-08T12:59:16.302+0530] {logging_mixin.py:190} INFO - [2026-04-08T12:59:16.302+0530] {dag.py:3239} INFO - Sync 1 DAGs
[2026-04-08T12:59:16.310+0530] {logging_mixin.py:190} INFO - [2026-04-08T12:59:16.310+0530] {dag.py:4180} INFO - Setting next_dagrun for tutorial_taskflow_templates to 2026-04-07 00:00:00+00:00, run_after=2026-04-08 00:00:00+00:00
[2026-04-08T12:59:16.320+0530] {processor.py:208} INFO - Processing /Users/navalyemul/Documents/uptime/airflow_venv/lib/python3.12/site-packages/airflow/example_dags/tutorial_taskflow_templates.py took 0.091 seconds
[2026-04-08T13:00:38.101+0530] {processor.py:186} INFO - Started process (PID=25869) to work on /Users/navalyemul/Documents/uptime/airflow_venv/lib/python3.12/site-packages/airflow/example_dags/tutorial_taskflow_templates.py
[2026-04-08T13:00:38.102+0530] {processor.py:914} INFO - Processing file /Users/navalyemul/Documents/uptime/airflow_venv/lib/python3.12/site-packages/airflow/example_dags/tutorial_taskflow_templates.py for tasks to queue
[2026-04-08T13:00:38.102+0530] {logging_mixin.py:190} INFO - [2026-04-08T13:00:38.102+0530] {dagbag.py:588} INFO - Filling up the DagBag from /Users/navalyemul/Documents/uptime/airflow_venv/lib/python3.12/site-packages/airflow/example_dags/tutorial_taskflow_templates.py
[2026-04-08T13:00:38.130+0530] {processor.py:925} INFO - DAG(s) 'tutorial_taskflow_templates' retrieved from /Users/navalyemul/Documents/uptime/airflow_venv/lib/python3.12/site-packages/airflow/example_dags/tutorial_taskflow_templates.py
[2026-04-08T13:00:38.172+0530] {logging_mixin.py:190} INFO - [2026-04-08T13:00:38.172+0530] {dag.py:3239} INFO - Sync 1 DAGs
[2026-04-08T13:00:38.180+0530] {logging_mixin.py:190} INFO - [2026-04-08T13:00:38.180+0530] {dag.py:4180} INFO - Setting next_dagrun for tutorial_taskflow_templates to 2026-04-07 00:00:00+00:00, run_after=2026-04-08 00:00:00+00:00
[2026-04-08T13:00:38.189+0530] {processor.py:208} INFO - Processing /Users/navalyemul/Documents/uptime/airflow_venv/lib/python3.12/site-packages/airflow/example_dags/tutorial_taskflow_templates.py took 0.089 seconds
[2026-04-08T13:01:57.701+0530] {processor.py:186} INFO - Started process (PID=26775) to work on /Users/navalyemul/Documents/uptime/airflow_venv/lib/python3.12/site-packages/airflow/example_dags/tutorial_taskflow_templates.py
[2026-04-08T13:01:57.702+0530] {processor.py:914} INFO - Processing file /Users/navalyemul/Documents/uptime/airflow_venv/lib/python3.12/site-packages/airflow/example_dags/tutorial_taskflow_templates.py for tasks to queue
[2026-04-08T13:01:57.703+0530] {logging_mixin.py:190} INFO - [2026-04-08T13:01:57.703+0530] {dagbag.py:588} INFO - Filling up the DagBag from /Users/navalyemul/Documents/uptime/airflow_venv/lib/python3.12/site-packages/airflow/example_dags/tutorial_taskflow_templates.py
[2026-04-08T13:01:57.731+0530] {processor.py:925} INFO - DAG(s) 'tutorial_taskflow_templates' retrieved from /Users/navalyemul/Documents/uptime/airflow_venv/lib/python3.12/site-packages/airflow/example_dags/tutorial_taskflow_templates.py
[2026-04-08T13:01:57.773+0530] {logging_mixin.py:190} INFO - [2026-04-08T13:01:57.773+0530] {dag.py:3239} INFO - Sync 1 DAGs
[2026-04-08T13:01:57.781+0530] {logging_mixin.py:190} INFO - [2026-04-08T13:01:57.781+0530] {dag.py:4180} INFO - Setting next_dagrun for tutorial_taskflow_templates to 2026-04-07 00:00:00+00:00, run_after=2026-04-08 00:00:00+00:00
[2026-04-08T13:01:57.789+0530] {processor.py:208} INFO - Processing /Users/navalyemul/Documents/uptime/airflow_venv/lib/python3.12/site-packages/airflow/example_dags/tutorial_taskflow_templates.py took 0.090 seconds
[2026-04-08T13:03:19.388+0530] {processor.py:186} INFO - Started process (PID=27731) to work on /Users/navalyemul/Documents/uptime/airflow_venv/lib/python3.12/site-packages/airflow/example_dags/tutorial_taskflow_templates.py
[2026-04-08T13:03:19.389+0530] {processor.py:914} INFO - Processing file /Users/navalyemul/Documents/uptime/airflow_venv/lib/python3.12/site-packages/airflow/example_dags/tutorial_taskflow_templates.py for tasks to queue
[2026-04-08T13:03:19.389+0530] {logging_mixin.py:190} INFO - [2026-04-08T13:03:19.389+0530] {dagbag.py:588} INFO - Filling up the DagBag from /Users/navalyemul/Documents/uptime/airflow_venv/lib/python3.12/site-packages/airflow/example_dags/tutorial_taskflow_templates.py
[2026-04-08T13:03:19.417+0530] {processor.py:925} INFO - DAG(s) 'tutorial_taskflow_templates' retrieved from /Users/navalyemul/Documents/uptime/airflow_venv/lib/python3.12/site-packages/airflow/example_dags/tutorial_taskflow_templates.py
[2026-04-08T13:03:19.459+0530] {logging_mixin.py:190} INFO - [2026-04-08T13:03:19.459+0530] {dag.py:3239} INFO - Sync 1 DAGs
[2026-04-08T13:03:19.467+0530] {logging_mixin.py:190} INFO - [2026-04-08T13:03:19.466+0530] {dag.py:4180} INFO - Setting next_dagrun for tutorial_taskflow_templates to 2026-04-07 00:00:00+00:00, run_after=2026-04-08 00:00:00+00:00
[2026-04-08T13:03:19.474+0530] {processor.py:208} INFO - Processing /Users/navalyemul/Documents/uptime/airflow_venv/lib/python3.12/site-packages/airflow/example_dags/tutorial_taskflow_templates.py took 0.088 seconds
[2026-04-08T13:04:45.931+0530] {processor.py:186} INFO - Started process (PID=28761) to work on /Users/navalyemul/Documents/uptime/airflow_venv/lib/python3.12/site-packages/airflow/example_dags/tutorial_taskflow_templates.py
[2026-04-08T13:04:45.932+0530] {processor.py:914} INFO - Processing file /Users/navalyemul/Documents/uptime/airflow_venv/lib/python3.12/site-packages/airflow/example_dags/tutorial_taskflow_templates.py for tasks to queue
[2026-04-08T13:04:45.933+0530] {logging_mixin.py:190} INFO - [2026-04-08T13:04:45.933+0530] {dagbag.py:588} INFO - Filling up the DagBag from /Users/navalyemul/Documents/uptime/airflow_venv/lib/python3.12/site-packages/airflow/example_dags/tutorial_taskflow_templates.py
[2026-04-08T13:04:45.967+0530] {processor.py:925} INFO - DAG(s) 'tutorial_taskflow_templates' retrieved from /Users/navalyemul/Documents/uptime/airflow_venv/lib/python3.12/site-packages/airflow/example_dags/tutorial_taskflow_templates.py
[2026-04-08T13:04:46.010+0530] {logging_mixin.py:190} INFO - [2026-04-08T13:04:46.010+0530] {dag.py:3239} INFO - Sync 1 DAGs
[2026-04-08T13:04:46.019+0530] {logging_mixin.py:190} INFO - [2026-04-08T13:04:46.019+0530] {dag.py:4180} INFO - Setting next_dagrun for tutorial_taskflow_templates to 2026-04-07 00:00:00+00:00, run_after=2026-04-08 00:00:00+00:00
[2026-04-08T13:04:46.029+0530] {processor.py:208} INFO - Processing /Users/navalyemul/Documents/uptime/airflow_venv/lib/python3.12/site-packages/airflow/example_dags/tutorial_taskflow_templates.py took 0.099 seconds
[2026-04-08T13:06:09.986+0530] {processor.py:186} INFO - Started process (PID=29675) to work on /Users/navalyemul/Documents/uptime/airflow_venv/lib/python3.12/site-packages/airflow/example_dags/tutorial_taskflow_templates.py
[2026-04-08T13:06:09.987+0530] {processor.py:914} INFO - Processing file /Users/navalyemul/Documents/uptime/airflow_venv/lib/python3.12/site-packages/airflow/example_dags/tutorial_taskflow_templates.py for tasks to queue
[2026-04-08T13:06:09.988+0530] {logging_mixin.py:190} INFO - [2026-04-08T13:06:09.987+0530] {dagbag.py:588} INFO - Filling up the DagBag from /Users/navalyemul/Documents/uptime/airflow_venv/lib/python3.12/site-packages/airflow/example_dags/tutorial_taskflow_templates.py
[2026-04-08T13:06:10.016+0530] {processor.py:925} INFO - DAG(s) 'tutorial_taskflow_templates' retrieved from /Users/navalyemul/Documents/uptime/airflow_venv/lib/python3.12/site-packages/airflow/example_dags/tutorial_taskflow_templates.py
[2026-04-08T13:06:10.058+0530] {logging_mixin.py:190} INFO - [2026-04-08T13:06:10.058+0530] {dag.py:3239} INFO - Sync 1 DAGs
[2026-04-08T13:06:10.067+0530] {logging_mixin.py:190} INFO - [2026-04-08T13:06:10.066+0530] {dag.py:4180} INFO - Setting next_dagrun for tutorial_taskflow_templates to 2026-04-07 00:00:00+00:00, run_after=2026-04-08 00:00:00+00:00
[2026-04-08T13:06:10.076+0530] {processor.py:208} INFO - Processing /Users/navalyemul/Documents/uptime/airflow_venv/lib/python3.12/site-packages/airflow/example_dags/tutorial_taskflow_templates.py took 0.092 seconds
[2026-04-08T13:07:33.006+0530] {processor.py:186} INFO - Started process (PID=30580) to work on /Users/navalyemul/Documents/uptime/airflow_venv/lib/python3.12/site-packages/airflow/example_dags/tutorial_taskflow_templates.py
[2026-04-08T13:07:33.006+0530] {processor.py:914} INFO - Processing file /Users/navalyemul/Documents/uptime/airflow_venv/lib/python3.12/site-packages/airflow/example_dags/tutorial_taskflow_templates.py for tasks to queue
[2026-04-08T13:07:33.007+0530] {logging_mixin.py:190} INFO - [2026-04-08T13:07:33.007+0530] {dagbag.py:588} INFO - Filling up the DagBag from /Users/navalyemul/Documents/uptime/airflow_venv/lib/python3.12/site-packages/airflow/example_dags/tutorial_taskflow_templates.py
[2026-04-08T13:07:33.036+0530] {processor.py:925} INFO - DAG(s) 'tutorial_taskflow_templates' retrieved from /Users/navalyemul/Documents/uptime/airflow_venv/lib/python3.12/site-packages/airflow/example_dags/tutorial_taskflow_templates.py
[2026-04-08T13:07:33.079+0530] {logging_mixin.py:190} INFO - [2026-04-08T13:07:33.079+0530] {dag.py:3239} INFO - Sync 1 DAGs
[2026-04-08T13:07:33.087+0530] {logging_mixin.py:190} INFO - [2026-04-08T13:07:33.087+0530] {dag.py:4180} INFO - Setting next_dagrun for tutorial_taskflow_templates to 2026-04-07 00:00:00+00:00, run_after=2026-04-08 00:00:00+00:00
[2026-04-08T13:07:33.094+0530] {processor.py:208} INFO - Processing /Users/navalyemul/Documents/uptime/airflow_venv/lib/python3.12/site-packages/airflow/example_dags/tutorial_taskflow_templates.py took 0.090 seconds
[2026-04-08T13:08:55.444+0530] {processor.py:186} INFO - Started process (PID=31469) to work on /Users/navalyemul/Documents/uptime/airflow_venv/lib/python3.12/site-packages/airflow/example_dags/tutorial_taskflow_templates.py
[2026-04-08T13:08:55.445+0530] {processor.py:914} INFO - Processing file /Users/navalyemul/Documents/uptime/airflow_venv/lib/python3.12/site-packages/airflow/example_dags/tutorial_taskflow_templates.py for tasks to queue
[2026-04-08T13:08:55.445+0530] {logging_mixin.py:190} INFO - [2026-04-08T13:08:55.445+0530] {dagbag.py:588} INFO - Filling up the DagBag from /Users/navalyemul/Documents/uptime/airflow_venv/lib/python3.12/site-packages/airflow/example_dags/tutorial_taskflow_templates.py
[2026-04-08T13:08:55.477+0530] {processor.py:925} INFO - DAG(s) 'tutorial_taskflow_templates' retrieved from /Users/navalyemul/Documents/uptime/airflow_venv/lib/python3.12/site-packages/airflow/example_dags/tutorial_taskflow_templates.py
[2026-04-08T13:08:55.520+0530] {logging_mixin.py:190} INFO - [2026-04-08T13:08:55.520+0530] {dag.py:3239} INFO - Sync 1 DAGs
[2026-04-08T13:08:55.529+0530] {logging_mixin.py:190} INFO - [2026-04-08T13:08:55.529+0530] {dag.py:4180} INFO - Setting next_dagrun for tutorial_taskflow_templates to 2026-04-07 00:00:00+00:00, run_after=2026-04-08 00:00:00+00:00
[2026-04-08T13:08:55.537+0530] {processor.py:208} INFO - Processing /Users/navalyemul/Documents/uptime/airflow_venv/lib/python3.12/site-packages/airflow/example_dags/tutorial_taskflow_templates.py took 0.095 seconds
[2026-04-08T13:10:18.120+0530] {processor.py:186} INFO - Started process (PID=32411) to work on /Users/navalyemul/Documents/uptime/airflow_venv/lib/python3.12/site-packages/airflow/example_dags/tutorial_taskflow_templates.py
[2026-04-08T13:10:18.121+0530] {processor.py:914} INFO - Processing file /Users/navalyemul/Documents/uptime/airflow_venv/lib/python3.12/site-packages/airflow/example_dags/tutorial_taskflow_templates.py for tasks to queue
[2026-04-08T13:10:18.121+0530] {logging_mixin.py:190} INFO - [2026-04-08T13:10:18.121+0530] {dagbag.py:588} INFO - Filling up the DagBag from /Users/navalyemul/Documents/uptime/airflow_venv/lib/python3.12/site-packages/airflow/example_dags/tutorial_taskflow_templates.py
[2026-04-08T13:10:18.151+0530] {processor.py:925} INFO - DAG(s) 'tutorial_taskflow_templates' retrieved from /Users/navalyemul/Documents/uptime/airflow_venv/lib/python3.12/site-packages/airflow/example_dags/tutorial_taskflow_templates.py
[2026-04-08T13:10:18.195+0530] {logging_mixin.py:190} INFO - [2026-04-08T13:10:18.195+0530] {dag.py:3239} INFO - Sync 1 DAGs
[2026-04-08T13:10:18.203+0530] {logging_mixin.py:190} INFO - [2026-04-08T13:10:18.203+0530] {dag.py:4180} INFO - Setting next_dagrun for tutorial_taskflow_templates to 2026-04-07 00:00:00+00:00, run_after=2026-04-08 00:00:00+00:00
[2026-04-08T13:10:18.214+0530] {processor.py:208} INFO - Processing /Users/navalyemul/Documents/uptime/airflow_venv/lib/python3.12/site-packages/airflow/example_dags/tutorial_taskflow_templates.py took 0.095 seconds
[2026-04-08T13:11:40.564+0530] {processor.py:186} INFO - Started process (PID=33342) to work on /Users/navalyemul/Documents/uptime/airflow_venv/lib/python3.12/site-packages/airflow/example_dags/tutorial_taskflow_templates.py
[2026-04-08T13:11:40.565+0530] {processor.py:914} INFO - Processing file /Users/navalyemul/Documents/uptime/airflow_venv/lib/python3.12/site-packages/airflow/example_dags/tutorial_taskflow_templates.py for tasks to queue
[2026-04-08T13:11:40.566+0530] {logging_mixin.py:190} INFO - [2026-04-08T13:11:40.566+0530] {dagbag.py:588} INFO - Filling up the DagBag from /Users/navalyemul/Documents/uptime/airflow_venv/lib/python3.12/site-packages/airflow/example_dags/tutorial_taskflow_templates.py
[2026-04-08T13:11:40.595+0530] {processor.py:925} INFO - DAG(s) 'tutorial_taskflow_templates' retrieved from /Users/navalyemul/Documents/uptime/airflow_venv/lib/python3.12/site-packages/airflow/example_dags/tutorial_taskflow_templates.py
[2026-04-08T13:11:40.639+0530] {logging_mixin.py:190} INFO - [2026-04-08T13:11:40.639+0530] {dag.py:3239} INFO - Sync 1 DAGs
[2026-04-08T13:11:40.648+0530] {logging_mixin.py:190} INFO - [2026-04-08T13:11:40.648+0530] {dag.py:4180} INFO - Setting next_dagrun for tutorial_taskflow_templates to 2026-04-07 00:00:00+00:00, run_after=2026-04-08 00:00:00+00:00
[2026-04-08T13:11:40.657+0530] {processor.py:208} INFO - Processing /Users/navalyemul/Documents/uptime/airflow_venv/lib/python3.12/site-packages/airflow/example_dags/tutorial_taskflow_templates.py took 0.094 seconds
[2026-04-08T13:13:04.078+0530] {processor.py:186} INFO - Started process (PID=34260) to work on /Users/navalyemul/Documents/uptime/airflow_venv/lib/python3.12/site-packages/airflow/example_dags/tutorial_taskflow_templates.py
[2026-04-08T13:13:04.079+0530] {processor.py:914} INFO - Processing file /Users/navalyemul/Documents/uptime/airflow_venv/lib/python3.12/site-packages/airflow/example_dags/tutorial_taskflow_templates.py for tasks to queue
[2026-04-08T13:13:04.079+0530] {logging_mixin.py:190} INFO - [2026-04-08T13:13:04.079+0530] {dagbag.py:588} INFO - Filling up the DagBag from /Users/navalyemul/Documents/uptime/airflow_venv/lib/python3.12/site-packages/airflow/example_dags/tutorial_taskflow_templates.py
[2026-04-08T13:13:04.108+0530] {processor.py:925} INFO - DAG(s) 'tutorial_taskflow_templates' retrieved from /Users/navalyemul/Documents/uptime/airflow_venv/lib/python3.12/site-packages/airflow/example_dags/tutorial_taskflow_templates.py
[2026-04-08T13:13:04.150+0530] {logging_mixin.py:190} INFO - [2026-04-08T13:13:04.150+0530] {dag.py:3239} INFO - Sync 1 DAGs
[2026-04-08T13:13:04.158+0530] {logging_mixin.py:190} INFO - [2026-04-08T13:13:04.158+0530] {dag.py:4180} INFO - Setting next_dagrun for tutorial_taskflow_templates to 2026-04-07 00:00:00+00:00, run_after=2026-04-08 00:00:00+00:00
[2026-04-08T13:13:04.166+0530] {processor.py:208} INFO - Processing /Users/navalyemul/Documents/uptime/airflow_venv/lib/python3.12/site-packages/airflow/example_dags/tutorial_taskflow_templates.py took 0.089 seconds
[2026-04-08T13:14:27.080+0530] {processor.py:186} INFO - Started process (PID=35196) to work on /Users/navalyemul/Documents/uptime/airflow_venv/lib/python3.12/site-packages/airflow/example_dags/tutorial_taskflow_templates.py
[2026-04-08T13:14:27.081+0530] {processor.py:914} INFO - Processing file /Users/navalyemul/Documents/uptime/airflow_venv/lib/python3.12/site-packages/airflow/example_dags/tutorial_taskflow_templates.py for tasks to queue
[2026-04-08T13:14:27.081+0530] {logging_mixin.py:190} INFO - [2026-04-08T13:14:27.081+0530] {dagbag.py:588} INFO - Filling up the DagBag from /Users/navalyemul/Documents/uptime/airflow_venv/lib/python3.12/site-packages/airflow/example_dags/tutorial_taskflow_templates.py
[2026-04-08T13:14:27.110+0530] {processor.py:925} INFO - DAG(s) 'tutorial_taskflow_templates' retrieved from /Users/navalyemul/Documents/uptime/airflow_venv/lib/python3.12/site-packages/airflow/example_dags/tutorial_taskflow_templates.py
[2026-04-08T13:14:27.154+0530] {logging_mixin.py:190} INFO - [2026-04-08T13:14:27.153+0530] {dag.py:3239} INFO - Sync 1 DAGs
[2026-04-08T13:14:27.162+0530] {logging_mixin.py:190} INFO - [2026-04-08T13:14:27.162+0530] {dag.py:4180} INFO - Setting next_dagrun for tutorial_taskflow_templates to 2026-04-07 00:00:00+00:00, run_after=2026-04-08 00:00:00+00:00
[2026-04-08T13:14:27.171+0530] {processor.py:208} INFO - Processing /Users/navalyemul/Documents/uptime/airflow_venv/lib/python3.12/site-packages/airflow/example_dags/tutorial_taskflow_templates.py took 0.092 seconds
[2026-04-08T13:15:51.221+0530] {processor.py:186} INFO - Started process (PID=36154) to work on /Users/navalyemul/Documents/uptime/airflow_venv/lib/python3.12/site-packages/airflow/example_dags/tutorial_taskflow_templates.py
[2026-04-08T13:15:51.222+0530] {processor.py:914} INFO - Processing file /Users/navalyemul/Documents/uptime/airflow_venv/lib/python3.12/site-packages/airflow/example_dags/tutorial_taskflow_templates.py for tasks to queue
[2026-04-08T13:15:51.222+0530] {logging_mixin.py:190} INFO - [2026-04-08T13:15:51.222+0530] {dagbag.py:588} INFO - Filling up the DagBag from /Users/navalyemul/Documents/uptime/airflow_venv/lib/python3.12/site-packages/airflow/example_dags/tutorial_taskflow_templates.py
[2026-04-08T13:15:51.249+0530] {processor.py:925} INFO - DAG(s) 'tutorial_taskflow_templates' retrieved from /Users/navalyemul/Documents/uptime/airflow_venv/lib/python3.12/site-packages/airflow/example_dags/tutorial_taskflow_templates.py
[2026-04-08T13:15:51.292+0530] {logging_mixin.py:190} INFO - [2026-04-08T13:15:51.292+0530] {dag.py:3239} INFO - Sync 1 DAGs
[2026-04-08T13:15:51.301+0530] {logging_mixin.py:190} INFO - [2026-04-08T13:15:51.300+0530] {dag.py:4180} INFO - Setting next_dagrun for tutorial_taskflow_templates to 2026-04-07 00:00:00+00:00, run_after=2026-04-08 00:00:00+00:00
[2026-04-08T13:15:51.310+0530] {processor.py:208} INFO - Processing /Users/navalyemul/Documents/uptime/airflow_venv/lib/python3.12/site-packages/airflow/example_dags/tutorial_taskflow_templates.py took 0.090 seconds
[2026-04-08T13:17:15.460+0530] {processor.py:186} INFO - Started process (PID=37095) to work on /Users/navalyemul/Documents/uptime/airflow_venv/lib/python3.12/site-packages/airflow/example_dags/tutorial_taskflow_templates.py
[2026-04-08T13:17:15.461+0530] {processor.py:914} INFO - Processing file /Users/navalyemul/Documents/uptime/airflow_venv/lib/python3.12/site-packages/airflow/example_dags/tutorial_taskflow_templates.py for tasks to queue
[2026-04-08T13:17:15.461+0530] {logging_mixin.py:190} INFO - [2026-04-08T13:17:15.461+0530] {dagbag.py:588} INFO - Filling up the DagBag from /Users/navalyemul/Documents/uptime/airflow_venv/lib/python3.12/site-packages/airflow/example_dags/tutorial_taskflow_templates.py
[2026-04-08T13:17:15.491+0530] {processor.py:925} INFO - DAG(s) 'tutorial_taskflow_templates' retrieved from /Users/navalyemul/Documents/uptime/airflow_venv/lib/python3.12/site-packages/airflow/example_dags/tutorial_taskflow_templates.py
[2026-04-08T13:17:15.532+0530] {logging_mixin.py:190} INFO - [2026-04-08T13:17:15.532+0530] {dag.py:3239} INFO - Sync 1 DAGs
[2026-04-08T13:17:15.540+0530] {logging_mixin.py:190} INFO - [2026-04-08T13:17:15.540+0530] {dag.py:4180} INFO - Setting next_dagrun for tutorial_taskflow_templates to 2026-04-07 00:00:00+00:00, run_after=2026-04-08 00:00:00+00:00
[2026-04-08T13:17:15.548+0530] {processor.py:208} INFO - Processing /Users/navalyemul/Documents/uptime/airflow_venv/lib/python3.12/site-packages/airflow/example_dags/tutorial_taskflow_templates.py took 0.090 seconds
[2026-04-08T13:18:38.517+0530] {processor.py:186} INFO - Started process (PID=38032) to work on /Users/navalyemul/Documents/uptime/airflow_venv/lib/python3.12/site-packages/airflow/example_dags/tutorial_taskflow_templates.py
[2026-04-08T13:18:38.518+0530] {processor.py:914} INFO - Processing file /Users/navalyemul/Documents/uptime/airflow_venv/lib/python3.12/site-packages/airflow/example_dags/tutorial_taskflow_templates.py for tasks to queue
[2026-04-08T13:18:38.518+0530] {logging_mixin.py:190} INFO - [2026-04-08T13:18:38.518+0530] {dagbag.py:588} INFO - Filling up the DagBag from /Users/navalyemul/Documents/uptime/airflow_venv/lib/python3.12/site-packages/airflow/example_dags/tutorial_taskflow_templates.py
[2026-04-08T13:18:38.546+0530] {processor.py:925} INFO - DAG(s) 'tutorial_taskflow_templates' retrieved from /Users/navalyemul/Documents/uptime/airflow_venv/lib/python3.12/site-packages/airflow/example_dags/tutorial_taskflow_templates.py
[2026-04-08T13:18:38.589+0530] {logging_mixin.py:190} INFO - [2026-04-08T13:18:38.589+0530] {dag.py:3239} INFO - Sync 1 DAGs
[2026-04-08T13:18:38.597+0530] {logging_mixin.py:190} INFO - [2026-04-08T13:18:38.597+0530] {dag.py:4180} INFO - Setting next_dagrun for tutorial_taskflow_templates to 2026-04-07 00:00:00+00:00, run_after=2026-04-08 00:00:00+00:00
[2026-04-08T13:18:38.606+0530] {processor.py:208} INFO - Processing /Users/navalyemul/Documents/uptime/airflow_venv/lib/python3.12/site-packages/airflow/example_dags/tutorial_taskflow_templates.py took 0.090 seconds
[2026-04-08T13:20:49.045+0530] {processor.py:186} INFO - Started process (PID=38976) to work on /Users/navalyemul/Documents/uptime/airflow_venv/lib/python3.12/site-packages/airflow/example_dags/tutorial_taskflow_templates.py
[2026-04-08T13:20:49.045+0530] {processor.py:914} INFO - Processing file /Users/navalyemul/Documents/uptime/airflow_venv/lib/python3.12/site-packages/airflow/example_dags/tutorial_taskflow_templates.py for tasks to queue
[2026-04-08T13:20:49.046+0530] {logging_mixin.py:190} INFO - [2026-04-08T13:20:49.046+0530] {dagbag.py:588} INFO - Filling up the DagBag from /Users/navalyemul/Documents/uptime/airflow_venv/lib/python3.12/site-packages/airflow/example_dags/tutorial_taskflow_templates.py
[2026-04-08T13:20:49.073+0530] {processor.py:925} INFO - DAG(s) 'tutorial_taskflow_templates' retrieved from /Users/navalyemul/Documents/uptime/airflow_venv/lib/python3.12/site-packages/airflow/example_dags/tutorial_taskflow_templates.py
[2026-04-08T13:20:49.116+0530] {logging_mixin.py:190} INFO - [2026-04-08T13:20:49.115+0530] {dag.py:3239} INFO - Sync 1 DAGs
[2026-04-08T13:20:49.123+0530] {logging_mixin.py:190} INFO - [2026-04-08T13:20:49.123+0530] {dag.py:4180} INFO - Setting next_dagrun for tutorial_taskflow_templates to 2026-04-07 00:00:00+00:00, run_after=2026-04-08 00:00:00+00:00
[2026-04-08T13:20:49.132+0530] {processor.py:208} INFO - Processing /Users/navalyemul/Documents/uptime/airflow_venv/lib/python3.12/site-packages/airflow/example_dags/tutorial_taskflow_templates.py took 0.089 seconds
[2026-04-08T13:30:37.464+0530] {processor.py:186} INFO - Started process (PID=40011) to work on /Users/navalyemul/Documents/uptime/airflow_venv/lib/python3.12/site-packages/airflow/example_dags/tutorial_taskflow_templates.py
[2026-04-08T13:30:37.466+0530] {processor.py:914} INFO - Processing file /Users/navalyemul/Documents/uptime/airflow_venv/lib/python3.12/site-packages/airflow/example_dags/tutorial_taskflow_templates.py for tasks to queue
[2026-04-08T13:30:37.468+0530] {logging_mixin.py:190} INFO - [2026-04-08T13:30:37.468+0530] {dagbag.py:588} INFO - Filling up the DagBag from /Users/navalyemul/Documents/uptime/airflow_venv/lib/python3.12/site-packages/airflow/example_dags/tutorial_taskflow_templates.py
[2026-04-08T13:30:37.563+0530] {processor.py:925} INFO - DAG(s) 'tutorial_taskflow_templates' retrieved from /Users/navalyemul/Documents/uptime/airflow_venv/lib/python3.12/site-packages/airflow/example_dags/tutorial_taskflow_templates.py
[2026-04-08T13:30:37.724+0530] {logging_mixin.py:190} INFO - [2026-04-08T13:30:37.723+0530] {dag.py:3239} INFO - Sync 1 DAGs
[2026-04-08T13:30:37.753+0530] {logging_mixin.py:190} INFO - [2026-04-08T13:30:37.753+0530] {dag.py:4180} INFO - Setting next_dagrun for tutorial_taskflow_templates to 2026-04-07 00:00:00+00:00, run_after=2026-04-08 00:00:00+00:00
[2026-04-08T13:30:37.784+0530] {processor.py:208} INFO - Processing /Users/navalyemul/Documents/uptime/airflow_venv/lib/python3.12/site-packages/airflow/example_dags/tutorial_taskflow_templates.py took 0.326 seconds
[2026-04-08T13:34:55.887+0530] {processor.py:186} INFO - Started process (PID=41113) to work on /Users/navalyemul/Documents/uptime/airflow_venv/lib/python3.12/site-packages/airflow/example_dags/tutorial_taskflow_templates.py
[2026-04-08T13:34:55.888+0530] {processor.py:914} INFO - Processing file /Users/navalyemul/Documents/uptime/airflow_venv/lib/python3.12/site-packages/airflow/example_dags/tutorial_taskflow_templates.py for tasks to queue
[2026-04-08T13:34:55.889+0530] {logging_mixin.py:190} INFO - [2026-04-08T13:34:55.889+0530] {dagbag.py:588} INFO - Filling up the DagBag from /Users/navalyemul/Documents/uptime/airflow_venv/lib/python3.12/site-packages/airflow/example_dags/tutorial_taskflow_templates.py
[2026-04-08T13:34:55.917+0530] {processor.py:925} INFO - DAG(s) 'tutorial_taskflow_templates' retrieved from /Users/navalyemul/Documents/uptime/airflow_venv/lib/python3.12/site-packages/airflow/example_dags/tutorial_taskflow_templates.py
[2026-04-08T13:34:55.959+0530] {logging_mixin.py:190} INFO - [2026-04-08T13:34:55.959+0530] {dag.py:3239} INFO - Sync 1 DAGs
[2026-04-08T13:34:55.967+0530] {logging_mixin.py:190} INFO - [2026-04-08T13:34:55.966+0530] {dag.py:4180} INFO - Setting next_dagrun for tutorial_taskflow_templates to 2026-04-07 00:00:00+00:00, run_after=2026-04-08 00:00:00+00:00
[2026-04-08T13:34:55.975+0530] {processor.py:208} INFO - Processing /Users/navalyemul/Documents/uptime/airflow_venv/lib/python3.12/site-packages/airflow/example_dags/tutorial_taskflow_templates.py took 0.089 seconds
[2026-04-08T13:41:23.337+0530] {processor.py:186} INFO - Started process (PID=42053) to work on /Users/navalyemul/Documents/uptime/airflow_venv/lib/python3.12/site-packages/airflow/example_dags/tutorial_taskflow_templates.py
[2026-04-08T13:41:23.338+0530] {processor.py:914} INFO - Processing file /Users/navalyemul/Documents/uptime/airflow_venv/lib/python3.12/site-packages/airflow/example_dags/tutorial_taskflow_templates.py for tasks to queue
[2026-04-08T13:41:23.338+0530] {logging_mixin.py:190} INFO - [2026-04-08T13:41:23.338+0530] {dagbag.py:588} INFO - Filling up the DagBag from /Users/navalyemul/Documents/uptime/airflow_venv/lib/python3.12/site-packages/airflow/example_dags/tutorial_taskflow_templates.py
[2026-04-08T13:41:23.366+0530] {processor.py:925} INFO - DAG(s) 'tutorial_taskflow_templates' retrieved from /Users/navalyemul/Documents/uptime/airflow_venv/lib/python3.12/site-packages/airflow/example_dags/tutorial_taskflow_templates.py
[2026-04-08T13:41:23.408+0530] {logging_mixin.py:190} INFO - [2026-04-08T13:41:23.408+0530] {dag.py:3239} INFO - Sync 1 DAGs
[2026-04-08T13:41:23.417+0530] {logging_mixin.py:190} INFO - [2026-04-08T13:41:23.416+0530] {dag.py:4180} INFO - Setting next_dagrun for tutorial_taskflow_templates to 2026-04-07 00:00:00+00:00, run_after=2026-04-08 00:00:00+00:00
[2026-04-08T13:41:23.424+0530] {processor.py:208} INFO - Processing /Users/navalyemul/Documents/uptime/airflow_venv/lib/python3.12/site-packages/airflow/example_dags/tutorial_taskflow_templates.py took 0.089 seconds
[2026-04-08T13:54:06.503+0530] {processor.py:186} INFO - Started process (PID=43213) to work on /Users/navalyemul/Documents/uptime/airflow_venv/lib/python3.12/site-packages/airflow/example_dags/tutorial_taskflow_templates.py
[2026-04-08T13:54:06.504+0530] {processor.py:914} INFO - Processing file /Users/navalyemul/Documents/uptime/airflow_venv/lib/python3.12/site-packages/airflow/example_dags/tutorial_taskflow_templates.py for tasks to queue
[2026-04-08T13:54:06.504+0530] {logging_mixin.py:190} INFO - [2026-04-08T13:54:06.504+0530] {dagbag.py:588} INFO - Filling up the DagBag from /Users/navalyemul/Documents/uptime/airflow_venv/lib/python3.12/site-packages/airflow/example_dags/tutorial_taskflow_templates.py
[2026-04-08T13:54:06.534+0530] {processor.py:925} INFO - DAG(s) 'tutorial_taskflow_templates' retrieved from /Users/navalyemul/Documents/uptime/airflow_venv/lib/python3.12/site-packages/airflow/example_dags/tutorial_taskflow_templates.py
[2026-04-08T13:54:06.576+0530] {logging_mixin.py:190} INFO - [2026-04-08T13:54:06.576+0530] {dag.py:3239} INFO - Sync 1 DAGs
[2026-04-08T13:54:06.584+0530] {logging_mixin.py:190} INFO - [2026-04-08T13:54:06.584+0530] {dag.py:4180} INFO - Setting next_dagrun for tutorial_taskflow_templates to 2026-04-07 00:00:00+00:00, run_after=2026-04-08 00:00:00+00:00
[2026-04-08T13:54:06.592+0530] {processor.py:208} INFO - Processing /Users/navalyemul/Documents/uptime/airflow_venv/lib/python3.12/site-packages/airflow/example_dags/tutorial_taskflow_templates.py took 0.091 seconds
[2026-04-08T13:55:56.034+0530] {processor.py:186} INFO - Started process (PID=44308) to work on /Users/navalyemul/Documents/uptime/airflow_venv/lib/python3.12/site-packages/airflow/example_dags/tutorial_taskflow_templates.py
[2026-04-08T13:55:56.035+0530] {processor.py:914} INFO - Processing file /Users/navalyemul/Documents/uptime/airflow_venv/lib/python3.12/site-packages/airflow/example_dags/tutorial_taskflow_templates.py for tasks to queue
[2026-04-08T13:55:56.035+0530] {logging_mixin.py:190} INFO - [2026-04-08T13:55:56.035+0530] {dagbag.py:588} INFO - Filling up the DagBag from /Users/navalyemul/Documents/uptime/airflow_venv/lib/python3.12/site-packages/airflow/example_dags/tutorial_taskflow_templates.py
[2026-04-08T13:55:56.067+0530] {processor.py:925} INFO - DAG(s) 'tutorial_taskflow_templates' retrieved from /Users/navalyemul/Documents/uptime/airflow_venv/lib/python3.12/site-packages/airflow/example_dags/tutorial_taskflow_templates.py
[2026-04-08T13:55:56.113+0530] {logging_mixin.py:190} INFO - [2026-04-08T13:55:56.113+0530] {dag.py:3239} INFO - Sync 1 DAGs
[2026-04-08T13:55:56.121+0530] {logging_mixin.py:190} INFO - [2026-04-08T13:55:56.121+0530] {dag.py:4180} INFO - Setting next_dagrun for tutorial_taskflow_templates to 2026-04-07 00:00:00+00:00, run_after=2026-04-08 00:00:00+00:00
[2026-04-08T13:55:56.131+0530] {processor.py:208} INFO - Processing /Users/navalyemul/Documents/uptime/airflow_venv/lib/python3.12/site-packages/airflow/example_dags/tutorial_taskflow_templates.py took 0.099 seconds
[2026-04-08T13:57:37.680+0530] {processor.py:186} INFO - Started process (PID=45346) to work on /Users/navalyemul/Documents/uptime/airflow_venv/lib/python3.12/site-packages/airflow/example_dags/tutorial_taskflow_templates.py
[2026-04-08T13:57:37.681+0530] {processor.py:914} INFO - Processing file /Users/navalyemul/Documents/uptime/airflow_venv/lib/python3.12/site-packages/airflow/example_dags/tutorial_taskflow_templates.py for tasks to queue
[2026-04-08T13:57:37.682+0530] {logging_mixin.py:190} INFO - [2026-04-08T13:57:37.681+0530] {dagbag.py:588} INFO - Filling up the DagBag from /Users/navalyemul/Documents/uptime/airflow_venv/lib/python3.12/site-packages/airflow/example_dags/tutorial_taskflow_templates.py
[2026-04-08T13:57:37.722+0530] {processor.py:925} INFO - DAG(s) 'tutorial_taskflow_templates' retrieved from /Users/navalyemul/Documents/uptime/airflow_venv/lib/python3.12/site-packages/airflow/example_dags/tutorial_taskflow_templates.py
[2026-04-08T13:57:37.769+0530] {logging_mixin.py:190} INFO - [2026-04-08T13:57:37.769+0530] {dag.py:3239} INFO - Sync 1 DAGs
[2026-04-08T13:57:37.778+0530] {logging_mixin.py:190} INFO - [2026-04-08T13:57:37.778+0530] {dag.py:4180} INFO - Setting next_dagrun for tutorial_taskflow_templates to 2026-04-07 00:00:00+00:00, run_after=2026-04-08 00:00:00+00:00
[2026-04-08T13:57:37.790+0530] {processor.py:208} INFO - Processing /Users/navalyemul/Documents/uptime/airflow_venv/lib/python3.12/site-packages/airflow/example_dags/tutorial_taskflow_templates.py took 0.114 seconds
