[2026-04-08T12:38:34.438+0530] {processor.py:186} INFO - Started process (PID=13067) to work on /Users/navalyemul/Documents/uptime/airflow_venv/lib/python3.12/site-packages/airflow/example_dags/tutorial_taskflow_api.py
[2026-04-08T12:38:34.440+0530] {processor.py:914} INFO - Processing file /Users/navalyemul/Documents/uptime/airflow_venv/lib/python3.12/site-packages/airflow/example_dags/tutorial_taskflow_api.py for tasks to queue
[2026-04-08T12:38:34.441+0530] {logging_mixin.py:190} INFO - [2026-04-08T12:38:34.441+0530] {dagbag.py:588} INFO - Filling up the DagBag from /Users/navalyemul/Documents/uptime/airflow_venv/lib/python3.12/site-packages/airflow/example_dags/tutorial_taskflow_api.py
[2026-04-08T12:38:34.506+0530] {processor.py:925} INFO - DAG(s) 'tutorial_taskflow_api' retrieved from /Users/navalyemul/Documents/uptime/airflow_venv/lib/python3.12/site-packages/airflow/example_dags/tutorial_taskflow_api.py
[2026-04-08T12:38:34.842+0530] {logging_mixin.py:190} INFO - [2026-04-08T12:38:34.840+0530] {override.py:1912} INFO - Created Permission View: can delete on DAG:tutorial_taskflow_api
[2026-04-08T12:38:34.861+0530] {logging_mixin.py:190} INFO - [2026-04-08T12:38:34.861+0530] {override.py:1912} INFO - Created Permission View: can read on DAG:tutorial_taskflow_api
[2026-04-08T12:38:34.873+0530] {logging_mixin.py:190} INFO - [2026-04-08T12:38:34.873+0530] {override.py:1912} INFO - Created Permission View: can edit on DAG:tutorial_taskflow_api
[2026-04-08T12:38:34.888+0530] {logging_mixin.py:190} INFO - [2026-04-08T12:38:34.888+0530] {override.py:1912} INFO - Created Permission View: menu access on DAG Run:tutorial_taskflow_api
[2026-04-08T12:38:34.903+0530] {logging_mixin.py:190} INFO - [2026-04-08T12:38:34.902+0530] {override.py:1912} INFO - Created Permission View: can read on DAG Run:tutorial_taskflow_api
[2026-04-08T12:38:34.913+0530] {logging_mixin.py:190} INFO - [2026-04-08T12:38:34.911+0530] {override.py:1912} INFO - Created Permission View: can delete on DAG Run:tutorial_taskflow_api
[2026-04-08T12:38:34.926+0530] {logging_mixin.py:190} INFO - [2026-04-08T12:38:34.925+0530] {override.py:1912} INFO - Created Permission View: can create on DAG Run:tutorial_taskflow_api
[2026-04-08T12:38:34.926+0530] {logging_mixin.py:190} INFO - [2026-04-08T12:38:34.926+0530] {dag.py:3239} INFO - Sync 1 DAGs
[2026-04-08T12:38:34.944+0530] {logging_mixin.py:190} INFO - [2026-04-08T12:38:34.943+0530] {dag.py:3262} INFO - Creating ORM DAG for tutorial_taskflow_api
[2026-04-08T12:38:34.945+0530] {logging_mixin.py:190} INFO - [2026-04-08T12:38:34.944+0530] {dag.py:4180} INFO - Setting next_dagrun for tutorial_taskflow_api to None, run_after=None
[2026-04-08T12:38:35.102+0530] {processor.py:208} INFO - Processing /Users/navalyemul/Documents/uptime/airflow_venv/lib/python3.12/site-packages/airflow/example_dags/tutorial_taskflow_api.py took 0.668 seconds
[2026-04-08T12:40:53.186+0530] {processor.py:186} INFO - Started process (PID=13908) to work on /Users/navalyemul/Documents/uptime/airflow_venv/lib/python3.12/site-packages/airflow/example_dags/tutorial_taskflow_api.py
[2026-04-08T12:40:53.187+0530] {processor.py:914} INFO - Processing file /Users/navalyemul/Documents/uptime/airflow_venv/lib/python3.12/site-packages/airflow/example_dags/tutorial_taskflow_api.py for tasks to queue
[2026-04-08T12:40:53.188+0530] {logging_mixin.py:190} INFO - [2026-04-08T12:40:53.188+0530] {dagbag.py:588} INFO - Filling up the DagBag from /Users/navalyemul/Documents/uptime/airflow_venv/lib/python3.12/site-packages/airflow/example_dags/tutorial_taskflow_api.py
[2026-04-08T12:40:53.223+0530] {processor.py:925} INFO - DAG(s) 'tutorial_taskflow_api' retrieved from /Users/navalyemul/Documents/uptime/airflow_venv/lib/python3.12/site-packages/airflow/example_dags/tutorial_taskflow_api.py
[2026-04-08T12:40:53.285+0530] {logging_mixin.py:190} INFO - [2026-04-08T12:40:53.285+0530] {dag.py:3239} INFO - Sync 1 DAGs
[2026-04-08T12:40:53.292+0530] {logging_mixin.py:190} INFO - [2026-04-08T12:40:53.292+0530] {dag.py:4180} INFO - Setting next_dagrun for tutorial_taskflow_api to None, run_after=None
[2026-04-08T12:40:53.304+0530] {processor.py:208} INFO - Processing /Users/navalyemul/Documents/uptime/airflow_venv/lib/python3.12/site-packages/airflow/example_dags/tutorial_taskflow_api.py took 0.121 seconds
[2026-04-08T12:43:45.580+0530] {processor.py:186} INFO - Started process (PID=15516) to work on /Users/navalyemul/Documents/uptime/airflow_venv/lib/python3.12/site-packages/airflow/example_dags/tutorial_taskflow_api.py
[2026-04-08T12:43:45.581+0530] {processor.py:914} INFO - Processing file /Users/navalyemul/Documents/uptime/airflow_venv/lib/python3.12/site-packages/airflow/example_dags/tutorial_taskflow_api.py for tasks to queue
[2026-04-08T12:43:45.581+0530] {logging_mixin.py:190} INFO - [2026-04-08T12:43:45.581+0530] {dagbag.py:588} INFO - Filling up the DagBag from /Users/navalyemul/Documents/uptime/airflow_venv/lib/python3.12/site-packages/airflow/example_dags/tutorial_taskflow_api.py
[2026-04-08T12:43:45.618+0530] {processor.py:925} INFO - DAG(s) 'tutorial_taskflow_api' retrieved from /Users/navalyemul/Documents/uptime/airflow_venv/lib/python3.12/site-packages/airflow/example_dags/tutorial_taskflow_api.py
[2026-04-08T12:43:45.675+0530] {logging_mixin.py:190} INFO - [2026-04-08T12:43:45.673+0530] {dag.py:3239} INFO - Sync 1 DAGs
[2026-04-08T12:43:45.681+0530] {logging_mixin.py:190} INFO - [2026-04-08T12:43:45.681+0530] {dag.py:4180} INFO - Setting next_dagrun for tutorial_taskflow_api to None, run_after=None
[2026-04-08T12:43:45.693+0530] {processor.py:208} INFO - Processing /Users/navalyemul/Documents/uptime/airflow_venv/lib/python3.12/site-packages/airflow/example_dags/tutorial_taskflow_api.py took 0.116 seconds
[2026-04-08T12:46:25.179+0530] {processor.py:186} INFO - Started process (PID=17099) to work on /Users/navalyemul/Documents/uptime/airflow_venv/lib/python3.12/site-packages/airflow/example_dags/tutorial_taskflow_api.py
[2026-04-08T12:46:25.180+0530] {processor.py:914} INFO - Processing file /Users/navalyemul/Documents/uptime/airflow_venv/lib/python3.12/site-packages/airflow/example_dags/tutorial_taskflow_api.py for tasks to queue
[2026-04-08T12:46:25.180+0530] {logging_mixin.py:190} INFO - [2026-04-08T12:46:25.180+0530] {dagbag.py:588} INFO - Filling up the DagBag from /Users/navalyemul/Documents/uptime/airflow_venv/lib/python3.12/site-packages/airflow/example_dags/tutorial_taskflow_api.py
[2026-04-08T12:46:25.201+0530] {processor.py:925} INFO - DAG(s) 'tutorial_taskflow_api' retrieved from /Users/navalyemul/Documents/uptime/airflow_venv/lib/python3.12/site-packages/airflow/example_dags/tutorial_taskflow_api.py
[2026-04-08T12:46:25.245+0530] {logging_mixin.py:190} INFO - [2026-04-08T12:46:25.245+0530] {dag.py:3239} INFO - Sync 1 DAGs
[2026-04-08T12:46:25.250+0530] {logging_mixin.py:190} INFO - [2026-04-08T12:46:25.250+0530] {dag.py:4180} INFO - Setting next_dagrun for tutorial_taskflow_api to None, run_after=None
[2026-04-08T12:46:25.259+0530] {processor.py:208} INFO - Processing /Users/navalyemul/Documents/uptime/airflow_venv/lib/python3.12/site-packages/airflow/example_dags/tutorial_taskflow_api.py took 0.082 seconds
[2026-04-08T12:48:22.940+0530] {processor.py:186} INFO - Started process (PID=18425) to work on /Users/navalyemul/Documents/uptime/airflow_venv/lib/python3.12/site-packages/airflow/example_dags/tutorial_taskflow_api.py
[2026-04-08T12:48:22.940+0530] {processor.py:914} INFO - Processing file /Users/navalyemul/Documents/uptime/airflow_venv/lib/python3.12/site-packages/airflow/example_dags/tutorial_taskflow_api.py for tasks to queue
[2026-04-08T12:48:22.941+0530] {logging_mixin.py:190} INFO - [2026-04-08T12:48:22.941+0530] {dagbag.py:588} INFO - Filling up the DagBag from /Users/navalyemul/Documents/uptime/airflow_venv/lib/python3.12/site-packages/airflow/example_dags/tutorial_taskflow_api.py
[2026-04-08T12:48:22.962+0530] {processor.py:925} INFO - DAG(s) 'tutorial_taskflow_api' retrieved from /Users/navalyemul/Documents/uptime/airflow_venv/lib/python3.12/site-packages/airflow/example_dags/tutorial_taskflow_api.py
[2026-04-08T12:48:23.001+0530] {logging_mixin.py:190} INFO - [2026-04-08T12:48:23.001+0530] {dag.py:3239} INFO - Sync 1 DAGs
[2026-04-08T12:48:23.005+0530] {logging_mixin.py:190} INFO - [2026-04-08T12:48:23.005+0530] {dag.py:4180} INFO - Setting next_dagrun for tutorial_taskflow_api to None, run_after=None
[2026-04-08T12:48:23.014+0530] {processor.py:208} INFO - Processing /Users/navalyemul/Documents/uptime/airflow_venv/lib/python3.12/site-packages/airflow/example_dags/tutorial_taskflow_api.py took 0.076 seconds
[2026-04-08T12:49:46.103+0530] {processor.py:186} INFO - Started process (PID=19389) to work on /Users/navalyemul/Documents/uptime/airflow_venv/lib/python3.12/site-packages/airflow/example_dags/tutorial_taskflow_api.py
[2026-04-08T12:49:46.104+0530] {processor.py:914} INFO - Processing file /Users/navalyemul/Documents/uptime/airflow_venv/lib/python3.12/site-packages/airflow/example_dags/tutorial_taskflow_api.py for tasks to queue
[2026-04-08T12:49:46.104+0530] {logging_mixin.py:190} INFO - [2026-04-08T12:49:46.104+0530] {dagbag.py:588} INFO - Filling up the DagBag from /Users/navalyemul/Documents/uptime/airflow_venv/lib/python3.12/site-packages/airflow/example_dags/tutorial_taskflow_api.py
[2026-04-08T12:49:46.126+0530] {processor.py:925} INFO - DAG(s) 'tutorial_taskflow_api' retrieved from /Users/navalyemul/Documents/uptime/airflow_venv/lib/python3.12/site-packages/airflow/example_dags/tutorial_taskflow_api.py
[2026-04-08T12:49:46.165+0530] {logging_mixin.py:190} INFO - [2026-04-08T12:49:46.165+0530] {dag.py:3239} INFO - Sync 1 DAGs
[2026-04-08T12:49:46.170+0530] {logging_mixin.py:190} INFO - [2026-04-08T12:49:46.170+0530] {dag.py:4180} INFO - Setting next_dagrun for tutorial_taskflow_api to None, run_after=None
[2026-04-08T12:49:46.178+0530] {processor.py:208} INFO - Processing /Users/navalyemul/Documents/uptime/airflow_venv/lib/python3.12/site-packages/airflow/example_dags/tutorial_taskflow_api.py took 0.077 seconds
[2026-04-08T12:51:18.423+0530] {processor.py:186} INFO - Started process (PID=20374) to work on /Users/navalyemul/Documents/uptime/airflow_venv/lib/python3.12/site-packages/airflow/example_dags/tutorial_taskflow_api.py
[2026-04-08T12:51:18.424+0530] {processor.py:914} INFO - Processing file /Users/navalyemul/Documents/uptime/airflow_venv/lib/python3.12/site-packages/airflow/example_dags/tutorial_taskflow_api.py for tasks to queue
[2026-04-08T12:51:18.425+0530] {logging_mixin.py:190} INFO - [2026-04-08T12:51:18.425+0530] {dagbag.py:588} INFO - Filling up the DagBag from /Users/navalyemul/Documents/uptime/airflow_venv/lib/python3.12/site-packages/airflow/example_dags/tutorial_taskflow_api.py
[2026-04-08T12:51:18.456+0530] {processor.py:925} INFO - DAG(s) 'tutorial_taskflow_api' retrieved from /Users/navalyemul/Documents/uptime/airflow_venv/lib/python3.12/site-packages/airflow/example_dags/tutorial_taskflow_api.py
[2026-04-08T12:51:18.499+0530] {logging_mixin.py:190} INFO - [2026-04-08T12:51:18.499+0530] {dag.py:3239} INFO - Sync 1 DAGs
[2026-04-08T12:51:18.505+0530] {logging_mixin.py:190} INFO - [2026-04-08T12:51:18.504+0530] {dag.py:4180} INFO - Setting next_dagrun for tutorial_taskflow_api to None, run_after=None
[2026-04-08T12:51:18.513+0530] {processor.py:208} INFO - Processing /Users/navalyemul/Documents/uptime/airflow_venv/lib/python3.12/site-packages/airflow/example_dags/tutorial_taskflow_api.py took 0.093 seconds
[2026-04-08T12:52:55.344+0530] {processor.py:186} INFO - Started process (PID=21311) to work on /Users/navalyemul/Documents/uptime/airflow_venv/lib/python3.12/site-packages/airflow/example_dags/tutorial_taskflow_api.py
[2026-04-08T12:52:55.345+0530] {processor.py:914} INFO - Processing file /Users/navalyemul/Documents/uptime/airflow_venv/lib/python3.12/site-packages/airflow/example_dags/tutorial_taskflow_api.py for tasks to queue
[2026-04-08T12:52:55.346+0530] {logging_mixin.py:190} INFO - [2026-04-08T12:52:55.346+0530] {dagbag.py:588} INFO - Filling up the DagBag from /Users/navalyemul/Documents/uptime/airflow_venv/lib/python3.12/site-packages/airflow/example_dags/tutorial_taskflow_api.py
[2026-04-08T12:52:55.370+0530] {processor.py:925} INFO - DAG(s) 'tutorial_taskflow_api' retrieved from /Users/navalyemul/Documents/uptime/airflow_venv/lib/python3.12/site-packages/airflow/example_dags/tutorial_taskflow_api.py
[2026-04-08T12:52:55.413+0530] {logging_mixin.py:190} INFO - [2026-04-08T12:52:55.413+0530] {dag.py:3239} INFO - Sync 1 DAGs
[2026-04-08T12:52:55.419+0530] {logging_mixin.py:190} INFO - [2026-04-08T12:52:55.419+0530] {dag.py:4180} INFO - Setting next_dagrun for tutorial_taskflow_api to None, run_after=None
[2026-04-08T12:52:55.429+0530] {processor.py:208} INFO - Processing /Users/navalyemul/Documents/uptime/airflow_venv/lib/python3.12/site-packages/airflow/example_dags/tutorial_taskflow_api.py took 0.087 seconds
[2026-04-08T12:54:50.640+0530] {processor.py:186} INFO - Started process (PID=22211) to work on /Users/navalyemul/Documents/uptime/airflow_venv/lib/python3.12/site-packages/airflow/example_dags/tutorial_taskflow_api.py
[2026-04-08T12:54:50.641+0530] {processor.py:914} INFO - Processing file /Users/navalyemul/Documents/uptime/airflow_venv/lib/python3.12/site-packages/airflow/example_dags/tutorial_taskflow_api.py for tasks to queue
[2026-04-08T12:54:50.642+0530] {logging_mixin.py:190} INFO - [2026-04-08T12:54:50.642+0530] {dagbag.py:588} INFO - Filling up the DagBag from /Users/navalyemul/Documents/uptime/airflow_venv/lib/python3.12/site-packages/airflow/example_dags/tutorial_taskflow_api.py
[2026-04-08T12:54:50.673+0530] {processor.py:925} INFO - DAG(s) 'tutorial_taskflow_api' retrieved from /Users/navalyemul/Documents/uptime/airflow_venv/lib/python3.12/site-packages/airflow/example_dags/tutorial_taskflow_api.py
[2026-04-08T12:54:50.724+0530] {logging_mixin.py:190} INFO - [2026-04-08T12:54:50.723+0530] {dag.py:3239} INFO - Sync 1 DAGs
[2026-04-08T12:54:50.737+0530] {logging_mixin.py:190} INFO - [2026-04-08T12:54:50.737+0530] {dag.py:4180} INFO - Setting next_dagrun for tutorial_taskflow_api to None, run_after=None
[2026-04-08T12:54:50.763+0530] {processor.py:208} INFO - Processing /Users/navalyemul/Documents/uptime/airflow_venv/lib/python3.12/site-packages/airflow/example_dags/tutorial_taskflow_api.py took 0.126 seconds
[2026-04-08T12:56:28.494+0530] {processor.py:186} INFO - Started process (PID=23155) to work on /Users/navalyemul/Documents/uptime/airflow_venv/lib/python3.12/site-packages/airflow/example_dags/tutorial_taskflow_api.py
[2026-04-08T12:56:28.495+0530] {processor.py:914} INFO - Processing file /Users/navalyemul/Documents/uptime/airflow_venv/lib/python3.12/site-packages/airflow/example_dags/tutorial_taskflow_api.py for tasks to queue
[2026-04-08T12:56:28.496+0530] {logging_mixin.py:190} INFO - [2026-04-08T12:56:28.496+0530] {dagbag.py:588} INFO - Filling up the DagBag from /Users/navalyemul/Documents/uptime/airflow_venv/lib/python3.12/site-packages/airflow/example_dags/tutorial_taskflow_api.py
[2026-04-08T12:56:28.532+0530] {processor.py:925} INFO - DAG(s) 'tutorial_taskflow_api' retrieved from /Users/navalyemul/Documents/uptime/airflow_venv/lib/python3.12/site-packages/airflow/example_dags/tutorial_taskflow_api.py
[2026-04-08T12:56:28.581+0530] {logging_mixin.py:190} INFO - [2026-04-08T12:56:28.581+0530] {dag.py:3239} INFO - Sync 1 DAGs
[2026-04-08T12:56:28.587+0530] {logging_mixin.py:190} INFO - [2026-04-08T12:56:28.587+0530] {dag.py:4180} INFO - Setting next_dagrun for tutorial_taskflow_api to None, run_after=None
[2026-04-08T12:56:28.597+0530] {processor.py:208} INFO - Processing /Users/navalyemul/Documents/uptime/airflow_venv/lib/python3.12/site-packages/airflow/example_dags/tutorial_taskflow_api.py took 0.110 seconds
[2026-04-08T12:57:55.282+0530] {processor.py:186} INFO - Started process (PID=24081) to work on /Users/navalyemul/Documents/uptime/airflow_venv/lib/python3.12/site-packages/airflow/example_dags/tutorial_taskflow_api.py
[2026-04-08T12:57:55.283+0530] {processor.py:914} INFO - Processing file /Users/navalyemul/Documents/uptime/airflow_venv/lib/python3.12/site-packages/airflow/example_dags/tutorial_taskflow_api.py for tasks to queue
[2026-04-08T12:57:55.283+0530] {logging_mixin.py:190} INFO - [2026-04-08T12:57:55.283+0530] {dagbag.py:588} INFO - Filling up the DagBag from /Users/navalyemul/Documents/uptime/airflow_venv/lib/python3.12/site-packages/airflow/example_dags/tutorial_taskflow_api.py
[2026-04-08T12:57:55.305+0530] {processor.py:925} INFO - DAG(s) 'tutorial_taskflow_api' retrieved from /Users/navalyemul/Documents/uptime/airflow_venv/lib/python3.12/site-packages/airflow/example_dags/tutorial_taskflow_api.py
[2026-04-08T12:57:55.345+0530] {logging_mixin.py:190} INFO - [2026-04-08T12:57:55.345+0530] {dag.py:3239} INFO - Sync 1 DAGs
[2026-04-08T12:57:55.350+0530] {logging_mixin.py:190} INFO - [2026-04-08T12:57:55.350+0530] {dag.py:4180} INFO - Setting next_dagrun for tutorial_taskflow_api to None, run_after=None
[2026-04-08T12:57:55.360+0530] {processor.py:208} INFO - Processing /Users/navalyemul/Documents/uptime/airflow_venv/lib/python3.12/site-packages/airflow/example_dags/tutorial_taskflow_api.py took 0.080 seconds
[2026-04-08T12:59:19.908+0530] {processor.py:186} INFO - Started process (PID=24963) to work on /Users/navalyemul/Documents/uptime/airflow_venv/lib/python3.12/site-packages/airflow/example_dags/tutorial_taskflow_api.py
[2026-04-08T12:59:19.909+0530] {processor.py:914} INFO - Processing file /Users/navalyemul/Documents/uptime/airflow_venv/lib/python3.12/site-packages/airflow/example_dags/tutorial_taskflow_api.py for tasks to queue
[2026-04-08T12:59:19.909+0530] {logging_mixin.py:190} INFO - [2026-04-08T12:59:19.909+0530] {dagbag.py:588} INFO - Filling up the DagBag from /Users/navalyemul/Documents/uptime/airflow_venv/lib/python3.12/site-packages/airflow/example_dags/tutorial_taskflow_api.py
[2026-04-08T12:59:19.929+0530] {processor.py:925} INFO - DAG(s) 'tutorial_taskflow_api' retrieved from /Users/navalyemul/Documents/uptime/airflow_venv/lib/python3.12/site-packages/airflow/example_dags/tutorial_taskflow_api.py
[2026-04-08T12:59:19.968+0530] {logging_mixin.py:190} INFO - [2026-04-08T12:59:19.968+0530] {dag.py:3239} INFO - Sync 1 DAGs
[2026-04-08T12:59:19.972+0530] {logging_mixin.py:190} INFO - [2026-04-08T12:59:19.972+0530] {dag.py:4180} INFO - Setting next_dagrun for tutorial_taskflow_api to None, run_after=None
[2026-04-08T12:59:19.980+0530] {processor.py:208} INFO - Processing /Users/navalyemul/Documents/uptime/airflow_venv/lib/python3.12/site-packages/airflow/example_dags/tutorial_taskflow_api.py took 0.073 seconds
[2026-04-08T13:00:42.088+0530] {processor.py:186} INFO - Started process (PID=25915) to work on /Users/navalyemul/Documents/uptime/airflow_venv/lib/python3.12/site-packages/airflow/example_dags/tutorial_taskflow_api.py
[2026-04-08T13:00:42.089+0530] {processor.py:914} INFO - Processing file /Users/navalyemul/Documents/uptime/airflow_venv/lib/python3.12/site-packages/airflow/example_dags/tutorial_taskflow_api.py for tasks to queue
[2026-04-08T13:00:42.089+0530] {logging_mixin.py:190} INFO - [2026-04-08T13:00:42.089+0530] {dagbag.py:588} INFO - Filling up the DagBag from /Users/navalyemul/Documents/uptime/airflow_venv/lib/python3.12/site-packages/airflow/example_dags/tutorial_taskflow_api.py
[2026-04-08T13:00:42.109+0530] {processor.py:925} INFO - DAG(s) 'tutorial_taskflow_api' retrieved from /Users/navalyemul/Documents/uptime/airflow_venv/lib/python3.12/site-packages/airflow/example_dags/tutorial_taskflow_api.py
[2026-04-08T13:00:42.150+0530] {logging_mixin.py:190} INFO - [2026-04-08T13:00:42.150+0530] {dag.py:3239} INFO - Sync 1 DAGs
[2026-04-08T13:00:42.155+0530] {logging_mixin.py:190} INFO - [2026-04-08T13:00:42.155+0530] {dag.py:4180} INFO - Setting next_dagrun for tutorial_taskflow_api to None, run_after=None
[2026-04-08T13:00:42.165+0530] {processor.py:208} INFO - Processing /Users/navalyemul/Documents/uptime/airflow_venv/lib/python3.12/site-packages/airflow/example_dags/tutorial_taskflow_api.py took 0.079 seconds
[2026-04-08T13:02:01.878+0530] {processor.py:186} INFO - Started process (PID=26828) to work on /Users/navalyemul/Documents/uptime/airflow_venv/lib/python3.12/site-packages/airflow/example_dags/tutorial_taskflow_api.py
[2026-04-08T13:02:01.879+0530] {processor.py:914} INFO - Processing file /Users/navalyemul/Documents/uptime/airflow_venv/lib/python3.12/site-packages/airflow/example_dags/tutorial_taskflow_api.py for tasks to queue
[2026-04-08T13:02:01.880+0530] {logging_mixin.py:190} INFO - [2026-04-08T13:02:01.879+0530] {dagbag.py:588} INFO - Filling up the DagBag from /Users/navalyemul/Documents/uptime/airflow_venv/lib/python3.12/site-packages/airflow/example_dags/tutorial_taskflow_api.py
[2026-04-08T13:02:01.902+0530] {processor.py:925} INFO - DAG(s) 'tutorial_taskflow_api' retrieved from /Users/navalyemul/Documents/uptime/airflow_venv/lib/python3.12/site-packages/airflow/example_dags/tutorial_taskflow_api.py
[2026-04-08T13:02:01.941+0530] {logging_mixin.py:190} INFO - [2026-04-08T13:02:01.941+0530] {dag.py:3239} INFO - Sync 1 DAGs
[2026-04-08T13:02:01.946+0530] {logging_mixin.py:190} INFO - [2026-04-08T13:02:01.946+0530] {dag.py:4180} INFO - Setting next_dagrun for tutorial_taskflow_api to None, run_after=None
[2026-04-08T13:02:01.954+0530] {processor.py:208} INFO - Processing /Users/navalyemul/Documents/uptime/airflow_venv/lib/python3.12/site-packages/airflow/example_dags/tutorial_taskflow_api.py took 0.078 seconds
[2026-04-08T13:03:22.772+0530] {processor.py:186} INFO - Started process (PID=27771) to work on /Users/navalyemul/Documents/uptime/airflow_venv/lib/python3.12/site-packages/airflow/example_dags/tutorial_taskflow_api.py
[2026-04-08T13:03:22.773+0530] {processor.py:914} INFO - Processing file /Users/navalyemul/Documents/uptime/airflow_venv/lib/python3.12/site-packages/airflow/example_dags/tutorial_taskflow_api.py for tasks to queue
[2026-04-08T13:03:22.773+0530] {logging_mixin.py:190} INFO - [2026-04-08T13:03:22.773+0530] {dagbag.py:588} INFO - Filling up the DagBag from /Users/navalyemul/Documents/uptime/airflow_venv/lib/python3.12/site-packages/airflow/example_dags/tutorial_taskflow_api.py
[2026-04-08T13:03:22.795+0530] {processor.py:925} INFO - DAG(s) 'tutorial_taskflow_api' retrieved from /Users/navalyemul/Documents/uptime/airflow_venv/lib/python3.12/site-packages/airflow/example_dags/tutorial_taskflow_api.py
[2026-04-08T13:03:22.835+0530] {logging_mixin.py:190} INFO - [2026-04-08T13:03:22.835+0530] {dag.py:3239} INFO - Sync 1 DAGs
[2026-04-08T13:03:22.840+0530] {logging_mixin.py:190} INFO - [2026-04-08T13:03:22.840+0530] {dag.py:4180} INFO - Setting next_dagrun for tutorial_taskflow_api to None, run_after=None
[2026-04-08T13:03:22.848+0530] {processor.py:208} INFO - Processing /Users/navalyemul/Documents/uptime/airflow_venv/lib/python3.12/site-packages/airflow/example_dags/tutorial_taskflow_api.py took 0.078 seconds
[2026-04-08T13:04:49.658+0530] {processor.py:186} INFO - Started process (PID=28802) to work on /Users/navalyemul/Documents/uptime/airflow_venv/lib/python3.12/site-packages/airflow/example_dags/tutorial_taskflow_api.py
[2026-04-08T13:04:49.658+0530] {processor.py:914} INFO - Processing file /Users/navalyemul/Documents/uptime/airflow_venv/lib/python3.12/site-packages/airflow/example_dags/tutorial_taskflow_api.py for tasks to queue
[2026-04-08T13:04:49.659+0530] {logging_mixin.py:190} INFO - [2026-04-08T13:04:49.659+0530] {dagbag.py:588} INFO - Filling up the DagBag from /Users/navalyemul/Documents/uptime/airflow_venv/lib/python3.12/site-packages/airflow/example_dags/tutorial_taskflow_api.py
[2026-04-08T13:04:49.680+0530] {processor.py:925} INFO - DAG(s) 'tutorial_taskflow_api' retrieved from /Users/navalyemul/Documents/uptime/airflow_venv/lib/python3.12/site-packages/airflow/example_dags/tutorial_taskflow_api.py
[2026-04-08T13:04:49.723+0530] {logging_mixin.py:190} INFO - [2026-04-08T13:04:49.723+0530] {dag.py:3239} INFO - Sync 1 DAGs
[2026-04-08T13:04:49.729+0530] {logging_mixin.py:190} INFO - [2026-04-08T13:04:49.729+0530] {dag.py:4180} INFO - Setting next_dagrun for tutorial_taskflow_api to None, run_after=None
[2026-04-08T13:04:49.740+0530] {processor.py:208} INFO - Processing /Users/navalyemul/Documents/uptime/airflow_venv/lib/python3.12/site-packages/airflow/example_dags/tutorial_taskflow_api.py took 0.084 seconds
[2026-04-08T13:06:13.943+0530] {processor.py:186} INFO - Started process (PID=29719) to work on /Users/navalyemul/Documents/uptime/airflow_venv/lib/python3.12/site-packages/airflow/example_dags/tutorial_taskflow_api.py
[2026-04-08T13:06:13.943+0530] {processor.py:914} INFO - Processing file /Users/navalyemul/Documents/uptime/airflow_venv/lib/python3.12/site-packages/airflow/example_dags/tutorial_taskflow_api.py for tasks to queue
[2026-04-08T13:06:13.944+0530] {logging_mixin.py:190} INFO - [2026-04-08T13:06:13.944+0530] {dagbag.py:588} INFO - Filling up the DagBag from /Users/navalyemul/Documents/uptime/airflow_venv/lib/python3.12/site-packages/airflow/example_dags/tutorial_taskflow_api.py
[2026-04-08T13:06:13.964+0530] {processor.py:925} INFO - DAG(s) 'tutorial_taskflow_api' retrieved from /Users/navalyemul/Documents/uptime/airflow_venv/lib/python3.12/site-packages/airflow/example_dags/tutorial_taskflow_api.py
[2026-04-08T13:06:14.005+0530] {logging_mixin.py:190} INFO - [2026-04-08T13:06:14.005+0530] {dag.py:3239} INFO - Sync 1 DAGs
[2026-04-08T13:06:14.011+0530] {logging_mixin.py:190} INFO - [2026-04-08T13:06:14.010+0530] {dag.py:4180} INFO - Setting next_dagrun for tutorial_taskflow_api to None, run_after=None
[2026-04-08T13:06:14.020+0530] {processor.py:208} INFO - Processing /Users/navalyemul/Documents/uptime/airflow_venv/lib/python3.12/site-packages/airflow/example_dags/tutorial_taskflow_api.py took 0.079 seconds
[2026-04-08T13:07:36.384+0530] {processor.py:186} INFO - Started process (PID=30615) to work on /Users/navalyemul/Documents/uptime/airflow_venv/lib/python3.12/site-packages/airflow/example_dags/tutorial_taskflow_api.py
[2026-04-08T13:07:36.385+0530] {processor.py:914} INFO - Processing file /Users/navalyemul/Documents/uptime/airflow_venv/lib/python3.12/site-packages/airflow/example_dags/tutorial_taskflow_api.py for tasks to queue
[2026-04-08T13:07:36.386+0530] {logging_mixin.py:190} INFO - [2026-04-08T13:07:36.386+0530] {dagbag.py:588} INFO - Filling up the DagBag from /Users/navalyemul/Documents/uptime/airflow_venv/lib/python3.12/site-packages/airflow/example_dags/tutorial_taskflow_api.py
[2026-04-08T13:07:36.406+0530] {processor.py:925} INFO - DAG(s) 'tutorial_taskflow_api' retrieved from /Users/navalyemul/Documents/uptime/airflow_venv/lib/python3.12/site-packages/airflow/example_dags/tutorial_taskflow_api.py
[2026-04-08T13:07:36.446+0530] {logging_mixin.py:190} INFO - [2026-04-08T13:07:36.446+0530] {dag.py:3239} INFO - Sync 1 DAGs
[2026-04-08T13:07:36.451+0530] {logging_mixin.py:190} INFO - [2026-04-08T13:07:36.450+0530] {dag.py:4180} INFO - Setting next_dagrun for tutorial_taskflow_api to None, run_after=None
[2026-04-08T13:07:36.459+0530] {processor.py:208} INFO - Processing /Users/navalyemul/Documents/uptime/airflow_venv/lib/python3.12/site-packages/airflow/example_dags/tutorial_taskflow_api.py took 0.076 seconds
[2026-04-08T13:08:59.287+0530] {processor.py:186} INFO - Started process (PID=31512) to work on /Users/navalyemul/Documents/uptime/airflow_venv/lib/python3.12/site-packages/airflow/example_dags/tutorial_taskflow_api.py
[2026-04-08T13:08:59.288+0530] {processor.py:914} INFO - Processing file /Users/navalyemul/Documents/uptime/airflow_venv/lib/python3.12/site-packages/airflow/example_dags/tutorial_taskflow_api.py for tasks to queue
[2026-04-08T13:08:59.288+0530] {logging_mixin.py:190} INFO - [2026-04-08T13:08:59.288+0530] {dagbag.py:588} INFO - Filling up the DagBag from /Users/navalyemul/Documents/uptime/airflow_venv/lib/python3.12/site-packages/airflow/example_dags/tutorial_taskflow_api.py
[2026-04-08T13:08:59.310+0530] {processor.py:925} INFO - DAG(s) 'tutorial_taskflow_api' retrieved from /Users/navalyemul/Documents/uptime/airflow_venv/lib/python3.12/site-packages/airflow/example_dags/tutorial_taskflow_api.py
[2026-04-08T13:08:59.352+0530] {logging_mixin.py:190} INFO - [2026-04-08T13:08:59.351+0530] {dag.py:3239} INFO - Sync 1 DAGs
[2026-04-08T13:08:59.357+0530] {logging_mixin.py:190} INFO - [2026-04-08T13:08:59.357+0530] {dag.py:4180} INFO - Setting next_dagrun for tutorial_taskflow_api to None, run_after=None
[2026-04-08T13:08:59.366+0530] {processor.py:208} INFO - Processing /Users/navalyemul/Documents/uptime/airflow_venv/lib/python3.12/site-packages/airflow/example_dags/tutorial_taskflow_api.py took 0.080 seconds
[2026-04-08T13:10:20.945+0530] {processor.py:186} INFO - Started process (PID=32443) to work on /Users/navalyemul/Documents/uptime/airflow_venv/lib/python3.12/site-packages/airflow/example_dags/tutorial_taskflow_api.py
[2026-04-08T13:10:20.945+0530] {processor.py:914} INFO - Processing file /Users/navalyemul/Documents/uptime/airflow_venv/lib/python3.12/site-packages/airflow/example_dags/tutorial_taskflow_api.py for tasks to queue
[2026-04-08T13:10:20.946+0530] {logging_mixin.py:190} INFO - [2026-04-08T13:10:20.946+0530] {dagbag.py:588} INFO - Filling up the DagBag from /Users/navalyemul/Documents/uptime/airflow_venv/lib/python3.12/site-packages/airflow/example_dags/tutorial_taskflow_api.py
[2026-04-08T13:10:20.966+0530] {processor.py:925} INFO - DAG(s) 'tutorial_taskflow_api' retrieved from /Users/navalyemul/Documents/uptime/airflow_venv/lib/python3.12/site-packages/airflow/example_dags/tutorial_taskflow_api.py
[2026-04-08T13:10:21.007+0530] {logging_mixin.py:190} INFO - [2026-04-08T13:10:21.006+0530] {dag.py:3239} INFO - Sync 1 DAGs
[2026-04-08T13:10:21.011+0530] {logging_mixin.py:190} INFO - [2026-04-08T13:10:21.011+0530] {dag.py:4180} INFO - Setting next_dagrun for tutorial_taskflow_api to None, run_after=None
[2026-04-08T13:10:21.019+0530] {processor.py:208} INFO - Processing /Users/navalyemul/Documents/uptime/airflow_venv/lib/python3.12/site-packages/airflow/example_dags/tutorial_taskflow_api.py took 0.076 seconds
[2026-04-08T13:11:44.796+0530] {processor.py:186} INFO - Started process (PID=33388) to work on /Users/navalyemul/Documents/uptime/airflow_venv/lib/python3.12/site-packages/airflow/example_dags/tutorial_taskflow_api.py
[2026-04-08T13:11:44.797+0530] {processor.py:914} INFO - Processing file /Users/navalyemul/Documents/uptime/airflow_venv/lib/python3.12/site-packages/airflow/example_dags/tutorial_taskflow_api.py for tasks to queue
[2026-04-08T13:11:44.798+0530] {logging_mixin.py:190} INFO - [2026-04-08T13:11:44.798+0530] {dagbag.py:588} INFO - Filling up the DagBag from /Users/navalyemul/Documents/uptime/airflow_venv/lib/python3.12/site-packages/airflow/example_dags/tutorial_taskflow_api.py
[2026-04-08T13:11:44.820+0530] {processor.py:925} INFO - DAG(s) 'tutorial_taskflow_api' retrieved from /Users/navalyemul/Documents/uptime/airflow_venv/lib/python3.12/site-packages/airflow/example_dags/tutorial_taskflow_api.py
[2026-04-08T13:11:44.861+0530] {logging_mixin.py:190} INFO - [2026-04-08T13:11:44.861+0530] {dag.py:3239} INFO - Sync 1 DAGs
[2026-04-08T13:11:44.866+0530] {logging_mixin.py:190} INFO - [2026-04-08T13:11:44.866+0530] {dag.py:4180} INFO - Setting next_dagrun for tutorial_taskflow_api to None, run_after=None
[2026-04-08T13:11:44.877+0530] {processor.py:208} INFO - Processing /Users/navalyemul/Documents/uptime/airflow_venv/lib/python3.12/site-packages/airflow/example_dags/tutorial_taskflow_api.py took 0.082 seconds
[2026-04-08T13:13:08.403+0530] {processor.py:186} INFO - Started process (PID=34309) to work on /Users/navalyemul/Documents/uptime/airflow_venv/lib/python3.12/site-packages/airflow/example_dags/tutorial_taskflow_api.py
[2026-04-08T13:13:08.404+0530] {processor.py:914} INFO - Processing file /Users/navalyemul/Documents/uptime/airflow_venv/lib/python3.12/site-packages/airflow/example_dags/tutorial_taskflow_api.py for tasks to queue
[2026-04-08T13:13:08.404+0530] {logging_mixin.py:190} INFO - [2026-04-08T13:13:08.404+0530] {dagbag.py:588} INFO - Filling up the DagBag from /Users/navalyemul/Documents/uptime/airflow_venv/lib/python3.12/site-packages/airflow/example_dags/tutorial_taskflow_api.py
[2026-04-08T13:13:08.425+0530] {processor.py:925} INFO - DAG(s) 'tutorial_taskflow_api' retrieved from /Users/navalyemul/Documents/uptime/airflow_venv/lib/python3.12/site-packages/airflow/example_dags/tutorial_taskflow_api.py
[2026-04-08T13:13:08.465+0530] {logging_mixin.py:190} INFO - [2026-04-08T13:13:08.465+0530] {dag.py:3239} INFO - Sync 1 DAGs
[2026-04-08T13:13:08.470+0530] {logging_mixin.py:190} INFO - [2026-04-08T13:13:08.469+0530] {dag.py:4180} INFO - Setting next_dagrun for tutorial_taskflow_api to None, run_after=None
[2026-04-08T13:13:08.480+0530] {processor.py:208} INFO - Processing /Users/navalyemul/Documents/uptime/airflow_venv/lib/python3.12/site-packages/airflow/example_dags/tutorial_taskflow_api.py took 0.078 seconds
[2026-04-08T13:14:30.534+0530] {processor.py:186} INFO - Started process (PID=35234) to work on /Users/navalyemul/Documents/uptime/airflow_venv/lib/python3.12/site-packages/airflow/example_dags/tutorial_taskflow_api.py
[2026-04-08T13:14:30.535+0530] {processor.py:914} INFO - Processing file /Users/navalyemul/Documents/uptime/airflow_venv/lib/python3.12/site-packages/airflow/example_dags/tutorial_taskflow_api.py for tasks to queue
[2026-04-08T13:14:30.536+0530] {logging_mixin.py:190} INFO - [2026-04-08T13:14:30.535+0530] {dagbag.py:588} INFO - Filling up the DagBag from /Users/navalyemul/Documents/uptime/airflow_venv/lib/python3.12/site-packages/airflow/example_dags/tutorial_taskflow_api.py
[2026-04-08T13:14:30.557+0530] {processor.py:925} INFO - DAG(s) 'tutorial_taskflow_api' retrieved from /Users/navalyemul/Documents/uptime/airflow_venv/lib/python3.12/site-packages/airflow/example_dags/tutorial_taskflow_api.py
[2026-04-08T13:14:30.596+0530] {logging_mixin.py:190} INFO - [2026-04-08T13:14:30.596+0530] {dag.py:3239} INFO - Sync 1 DAGs
[2026-04-08T13:14:30.601+0530] {logging_mixin.py:190} INFO - [2026-04-08T13:14:30.600+0530] {dag.py:4180} INFO - Setting next_dagrun for tutorial_taskflow_api to None, run_after=None
[2026-04-08T13:14:30.609+0530] {processor.py:208} INFO - Processing /Users/navalyemul/Documents/uptime/airflow_venv/lib/python3.12/site-packages/airflow/example_dags/tutorial_taskflow_api.py took 0.077 seconds
[2026-04-08T13:15:55.024+0530] {processor.py:186} INFO - Started process (PID=36195) to work on /Users/navalyemul/Documents/uptime/airflow_venv/lib/python3.12/site-packages/airflow/example_dags/tutorial_taskflow_api.py
[2026-04-08T13:15:55.025+0530] {processor.py:914} INFO - Processing file /Users/navalyemul/Documents/uptime/airflow_venv/lib/python3.12/site-packages/airflow/example_dags/tutorial_taskflow_api.py for tasks to queue
[2026-04-08T13:15:55.025+0530] {logging_mixin.py:190} INFO - [2026-04-08T13:15:55.025+0530] {dagbag.py:588} INFO - Filling up the DagBag from /Users/navalyemul/Documents/uptime/airflow_venv/lib/python3.12/site-packages/airflow/example_dags/tutorial_taskflow_api.py
[2026-04-08T13:15:55.048+0530] {processor.py:925} INFO - DAG(s) 'tutorial_taskflow_api' retrieved from /Users/navalyemul/Documents/uptime/airflow_venv/lib/python3.12/site-packages/airflow/example_dags/tutorial_taskflow_api.py
[2026-04-08T13:15:55.087+0530] {logging_mixin.py:190} INFO - [2026-04-08T13:15:55.087+0530] {dag.py:3239} INFO - Sync 1 DAGs
[2026-04-08T13:15:55.091+0530] {logging_mixin.py:190} INFO - [2026-04-08T13:15:55.091+0530] {dag.py:4180} INFO - Setting next_dagrun for tutorial_taskflow_api to None, run_after=None
[2026-04-08T13:15:55.101+0530] {processor.py:208} INFO - Processing /Users/navalyemul/Documents/uptime/airflow_venv/lib/python3.12/site-packages/airflow/example_dags/tutorial_taskflow_api.py took 0.079 seconds
[2026-04-08T13:17:18.775+0530] {processor.py:186} INFO - Started process (PID=37132) to work on /Users/navalyemul/Documents/uptime/airflow_venv/lib/python3.12/site-packages/airflow/example_dags/tutorial_taskflow_api.py
[2026-04-08T13:17:18.776+0530] {processor.py:914} INFO - Processing file /Users/navalyemul/Documents/uptime/airflow_venv/lib/python3.12/site-packages/airflow/example_dags/tutorial_taskflow_api.py for tasks to queue
[2026-04-08T13:17:18.777+0530] {logging_mixin.py:190} INFO - [2026-04-08T13:17:18.777+0530] {dagbag.py:588} INFO - Filling up the DagBag from /Users/navalyemul/Documents/uptime/airflow_venv/lib/python3.12/site-packages/airflow/example_dags/tutorial_taskflow_api.py
[2026-04-08T13:17:18.797+0530] {processor.py:925} INFO - DAG(s) 'tutorial_taskflow_api' retrieved from /Users/navalyemul/Documents/uptime/airflow_venv/lib/python3.12/site-packages/airflow/example_dags/tutorial_taskflow_api.py
[2026-04-08T13:17:18.837+0530] {logging_mixin.py:190} INFO - [2026-04-08T13:17:18.837+0530] {dag.py:3239} INFO - Sync 1 DAGs
[2026-04-08T13:17:18.842+0530] {logging_mixin.py:190} INFO - [2026-04-08T13:17:18.842+0530] {dag.py:4180} INFO - Setting next_dagrun for tutorial_taskflow_api to None, run_after=None
[2026-04-08T13:17:18.849+0530] {processor.py:208} INFO - Processing /Users/navalyemul/Documents/uptime/airflow_venv/lib/python3.12/site-packages/airflow/example_dags/tutorial_taskflow_api.py took 0.076 seconds
[2026-04-08T13:18:42.835+0530] {processor.py:186} INFO - Started process (PID=38078) to work on /Users/navalyemul/Documents/uptime/airflow_venv/lib/python3.12/site-packages/airflow/example_dags/tutorial_taskflow_api.py
[2026-04-08T13:18:42.836+0530] {processor.py:914} INFO - Processing file /Users/navalyemul/Documents/uptime/airflow_venv/lib/python3.12/site-packages/airflow/example_dags/tutorial_taskflow_api.py for tasks to queue
[2026-04-08T13:18:42.837+0530] {logging_mixin.py:190} INFO - [2026-04-08T13:18:42.837+0530] {dagbag.py:588} INFO - Filling up the DagBag from /Users/navalyemul/Documents/uptime/airflow_venv/lib/python3.12/site-packages/airflow/example_dags/tutorial_taskflow_api.py
[2026-04-08T13:18:42.862+0530] {processor.py:925} INFO - DAG(s) 'tutorial_taskflow_api' retrieved from /Users/navalyemul/Documents/uptime/airflow_venv/lib/python3.12/site-packages/airflow/example_dags/tutorial_taskflow_api.py
[2026-04-08T13:18:42.908+0530] {logging_mixin.py:190} INFO - [2026-04-08T13:18:42.908+0530] {dag.py:3239} INFO - Sync 1 DAGs
[2026-04-08T13:18:42.913+0530] {logging_mixin.py:190} INFO - [2026-04-08T13:18:42.913+0530] {dag.py:4180} INFO - Setting next_dagrun for tutorial_taskflow_api to None, run_after=None
[2026-04-08T13:18:42.935+0530] {processor.py:208} INFO - Processing /Users/navalyemul/Documents/uptime/airflow_venv/lib/python3.12/site-packages/airflow/example_dags/tutorial_taskflow_api.py took 0.103 seconds
[2026-04-08T13:20:53.048+0530] {processor.py:186} INFO - Started process (PID=39021) to work on /Users/navalyemul/Documents/uptime/airflow_venv/lib/python3.12/site-packages/airflow/example_dags/tutorial_taskflow_api.py
[2026-04-08T13:20:53.049+0530] {processor.py:914} INFO - Processing file /Users/navalyemul/Documents/uptime/airflow_venv/lib/python3.12/site-packages/airflow/example_dags/tutorial_taskflow_api.py for tasks to queue
[2026-04-08T13:20:53.049+0530] {logging_mixin.py:190} INFO - [2026-04-08T13:20:53.049+0530] {dagbag.py:588} INFO - Filling up the DagBag from /Users/navalyemul/Documents/uptime/airflow_venv/lib/python3.12/site-packages/airflow/example_dags/tutorial_taskflow_api.py
[2026-04-08T13:20:53.069+0530] {processor.py:925} INFO - DAG(s) 'tutorial_taskflow_api' retrieved from /Users/navalyemul/Documents/uptime/airflow_venv/lib/python3.12/site-packages/airflow/example_dags/tutorial_taskflow_api.py
[2026-04-08T13:20:53.108+0530] {logging_mixin.py:190} INFO - [2026-04-08T13:20:53.107+0530] {dag.py:3239} INFO - Sync 1 DAGs
[2026-04-08T13:20:53.112+0530] {logging_mixin.py:190} INFO - [2026-04-08T13:20:53.112+0530] {dag.py:4180} INFO - Setting next_dagrun for tutorial_taskflow_api to None, run_after=None
[2026-04-08T13:20:53.120+0530] {processor.py:208} INFO - Processing /Users/navalyemul/Documents/uptime/airflow_venv/lib/python3.12/site-packages/airflow/example_dags/tutorial_taskflow_api.py took 0.073 seconds
[2026-04-08T13:30:46.633+0530] {processor.py:186} INFO - Started process (PID=40037) to work on /Users/navalyemul/Documents/uptime/airflow_venv/lib/python3.12/site-packages/airflow/example_dags/tutorial_taskflow_api.py
[2026-04-08T13:30:46.635+0530] {processor.py:914} INFO - Processing file /Users/navalyemul/Documents/uptime/airflow_venv/lib/python3.12/site-packages/airflow/example_dags/tutorial_taskflow_api.py for tasks to queue
[2026-04-08T13:30:46.636+0530] {logging_mixin.py:190} INFO - [2026-04-08T13:30:46.636+0530] {dagbag.py:588} INFO - Filling up the DagBag from /Users/navalyemul/Documents/uptime/airflow_venv/lib/python3.12/site-packages/airflow/example_dags/tutorial_taskflow_api.py
[2026-04-08T13:30:46.709+0530] {processor.py:925} INFO - DAG(s) 'tutorial_taskflow_api' retrieved from /Users/navalyemul/Documents/uptime/airflow_venv/lib/python3.12/site-packages/airflow/example_dags/tutorial_taskflow_api.py
[2026-04-08T13:30:46.864+0530] {logging_mixin.py:190} INFO - [2026-04-08T13:30:46.863+0530] {dag.py:3239} INFO - Sync 1 DAGs
[2026-04-08T13:30:46.881+0530] {logging_mixin.py:190} INFO - [2026-04-08T13:30:46.880+0530] {dag.py:4180} INFO - Setting next_dagrun for tutorial_taskflow_api to None, run_after=None
[2026-04-08T13:30:46.909+0530] {processor.py:208} INFO - Processing /Users/navalyemul/Documents/uptime/airflow_venv/lib/python3.12/site-packages/airflow/example_dags/tutorial_taskflow_api.py took 0.283 seconds
[2026-04-08T13:34:59.940+0530] {processor.py:186} INFO - Started process (PID=41163) to work on /Users/navalyemul/Documents/uptime/airflow_venv/lib/python3.12/site-packages/airflow/example_dags/tutorial_taskflow_api.py
[2026-04-08T13:34:59.944+0530] {processor.py:914} INFO - Processing file /Users/navalyemul/Documents/uptime/airflow_venv/lib/python3.12/site-packages/airflow/example_dags/tutorial_taskflow_api.py for tasks to queue
[2026-04-08T13:34:59.944+0530] {logging_mixin.py:190} INFO - [2026-04-08T13:34:59.944+0530] {dagbag.py:588} INFO - Filling up the DagBag from /Users/navalyemul/Documents/uptime/airflow_venv/lib/python3.12/site-packages/airflow/example_dags/tutorial_taskflow_api.py
[2026-04-08T13:34:59.964+0530] {processor.py:925} INFO - DAG(s) 'tutorial_taskflow_api' retrieved from /Users/navalyemul/Documents/uptime/airflow_venv/lib/python3.12/site-packages/airflow/example_dags/tutorial_taskflow_api.py
[2026-04-08T13:35:00.003+0530] {logging_mixin.py:190} INFO - [2026-04-08T13:35:00.003+0530] {dag.py:3239} INFO - Sync 1 DAGs
[2026-04-08T13:35:00.008+0530] {logging_mixin.py:190} INFO - [2026-04-08T13:35:00.007+0530] {dag.py:4180} INFO - Setting next_dagrun for tutorial_taskflow_api to None, run_after=None
[2026-04-08T13:35:00.015+0530] {processor.py:208} INFO - Processing /Users/navalyemul/Documents/uptime/airflow_venv/lib/python3.12/site-packages/airflow/example_dags/tutorial_taskflow_api.py took 0.076 seconds
[2026-04-08T13:41:27.367+0530] {processor.py:186} INFO - Started process (PID=42100) to work on /Users/navalyemul/Documents/uptime/airflow_venv/lib/python3.12/site-packages/airflow/example_dags/tutorial_taskflow_api.py
[2026-04-08T13:41:27.367+0530] {processor.py:914} INFO - Processing file /Users/navalyemul/Documents/uptime/airflow_venv/lib/python3.12/site-packages/airflow/example_dags/tutorial_taskflow_api.py for tasks to queue
[2026-04-08T13:41:27.368+0530] {logging_mixin.py:190} INFO - [2026-04-08T13:41:27.368+0530] {dagbag.py:588} INFO - Filling up the DagBag from /Users/navalyemul/Documents/uptime/airflow_venv/lib/python3.12/site-packages/airflow/example_dags/tutorial_taskflow_api.py
[2026-04-08T13:41:27.388+0530] {processor.py:925} INFO - DAG(s) 'tutorial_taskflow_api' retrieved from /Users/navalyemul/Documents/uptime/airflow_venv/lib/python3.12/site-packages/airflow/example_dags/tutorial_taskflow_api.py
[2026-04-08T13:41:27.426+0530] {logging_mixin.py:190} INFO - [2026-04-08T13:41:27.426+0530] {dag.py:3239} INFO - Sync 1 DAGs
[2026-04-08T13:41:27.431+0530] {logging_mixin.py:190} INFO - [2026-04-08T13:41:27.431+0530] {dag.py:4180} INFO - Setting next_dagrun for tutorial_taskflow_api to None, run_after=None
[2026-04-08T13:41:27.438+0530] {processor.py:208} INFO - Processing /Users/navalyemul/Documents/uptime/airflow_venv/lib/python3.12/site-packages/airflow/example_dags/tutorial_taskflow_api.py took 0.073 seconds
[2026-04-08T13:54:10.400+0530] {processor.py:186} INFO - Started process (PID=43260) to work on /Users/navalyemul/Documents/uptime/airflow_venv/lib/python3.12/site-packages/airflow/example_dags/tutorial_taskflow_api.py
[2026-04-08T13:54:10.401+0530] {processor.py:914} INFO - Processing file /Users/navalyemul/Documents/uptime/airflow_venv/lib/python3.12/site-packages/airflow/example_dags/tutorial_taskflow_api.py for tasks to queue
[2026-04-08T13:54:10.402+0530] {logging_mixin.py:190} INFO - [2026-04-08T13:54:10.402+0530] {dagbag.py:588} INFO - Filling up the DagBag from /Users/navalyemul/Documents/uptime/airflow_venv/lib/python3.12/site-packages/airflow/example_dags/tutorial_taskflow_api.py
[2026-04-08T13:54:10.424+0530] {processor.py:925} INFO - DAG(s) 'tutorial_taskflow_api' retrieved from /Users/navalyemul/Documents/uptime/airflow_venv/lib/python3.12/site-packages/airflow/example_dags/tutorial_taskflow_api.py
[2026-04-08T13:54:10.465+0530] {logging_mixin.py:190} INFO - [2026-04-08T13:54:10.465+0530] {dag.py:3239} INFO - Sync 1 DAGs
[2026-04-08T13:54:10.469+0530] {logging_mixin.py:190} INFO - [2026-04-08T13:54:10.469+0530] {dag.py:4180} INFO - Setting next_dagrun for tutorial_taskflow_api to None, run_after=None
[2026-04-08T13:54:10.478+0530] {processor.py:208} INFO - Processing /Users/navalyemul/Documents/uptime/airflow_venv/lib/python3.12/site-packages/airflow/example_dags/tutorial_taskflow_api.py took 0.079 seconds
[2026-04-08T13:56:01.186+0530] {processor.py:186} INFO - Started process (PID=44357) to work on /Users/navalyemul/Documents/uptime/airflow_venv/lib/python3.12/site-packages/airflow/example_dags/tutorial_taskflow_api.py
[2026-04-08T13:56:01.188+0530] {processor.py:914} INFO - Processing file /Users/navalyemul/Documents/uptime/airflow_venv/lib/python3.12/site-packages/airflow/example_dags/tutorial_taskflow_api.py for tasks to queue
[2026-04-08T13:56:01.190+0530] {logging_mixin.py:190} INFO - [2026-04-08T13:56:01.190+0530] {dagbag.py:588} INFO - Filling up the DagBag from /Users/navalyemul/Documents/uptime/airflow_venv/lib/python3.12/site-packages/airflow/example_dags/tutorial_taskflow_api.py
[2026-04-08T13:56:01.217+0530] {processor.py:925} INFO - DAG(s) 'tutorial_taskflow_api' retrieved from /Users/navalyemul/Documents/uptime/airflow_venv/lib/python3.12/site-packages/airflow/example_dags/tutorial_taskflow_api.py
[2026-04-08T13:56:01.263+0530] {logging_mixin.py:190} INFO - [2026-04-08T13:56:01.263+0530] {dag.py:3239} INFO - Sync 1 DAGs
[2026-04-08T13:56:01.269+0530] {logging_mixin.py:190} INFO - [2026-04-08T13:56:01.269+0530] {dag.py:4180} INFO - Setting next_dagrun for tutorial_taskflow_api to None, run_after=None
[2026-04-08T13:56:01.281+0530] {processor.py:208} INFO - Processing /Users/navalyemul/Documents/uptime/airflow_venv/lib/python3.12/site-packages/airflow/example_dags/tutorial_taskflow_api.py took 0.097 seconds
[2026-04-08T13:57:43.185+0530] {processor.py:186} INFO - Started process (PID=45385) to work on /Users/navalyemul/Documents/uptime/airflow_venv/lib/python3.12/site-packages/airflow/example_dags/tutorial_taskflow_api.py
[2026-04-08T13:57:43.186+0530] {processor.py:914} INFO - Processing file /Users/navalyemul/Documents/uptime/airflow_venv/lib/python3.12/site-packages/airflow/example_dags/tutorial_taskflow_api.py for tasks to queue
[2026-04-08T13:57:43.188+0530] {logging_mixin.py:190} INFO - [2026-04-08T13:57:43.187+0530] {dagbag.py:588} INFO - Filling up the DagBag from /Users/navalyemul/Documents/uptime/airflow_venv/lib/python3.12/site-packages/airflow/example_dags/tutorial_taskflow_api.py
[2026-04-08T13:57:43.222+0530] {processor.py:925} INFO - DAG(s) 'tutorial_taskflow_api' retrieved from /Users/navalyemul/Documents/uptime/airflow_venv/lib/python3.12/site-packages/airflow/example_dags/tutorial_taskflow_api.py
[2026-04-08T13:57:43.281+0530] {logging_mixin.py:190} INFO - [2026-04-08T13:57:43.280+0530] {dag.py:3239} INFO - Sync 1 DAGs
[2026-04-08T13:57:43.289+0530] {logging_mixin.py:190} INFO - [2026-04-08T13:57:43.289+0530] {dag.py:4180} INFO - Setting next_dagrun for tutorial_taskflow_api to None, run_after=None
[2026-04-08T13:57:43.303+0530] {processor.py:208} INFO - Processing /Users/navalyemul/Documents/uptime/airflow_venv/lib/python3.12/site-packages/airflow/example_dags/tutorial_taskflow_api.py took 0.120 seconds
